[2025-08-11T11:35:28.711+0000] {processor.py:161} INFO - Started process (PID=61) to work on /home/airflow/.local/lib/python3.12/site-packages/airflow/example_dags/example_datasets.py
[2025-08-11T11:35:28.712+0000] {processor.py:830} INFO - Processing file /home/airflow/.local/lib/python3.12/site-packages/airflow/example_dags/example_datasets.py for tasks to queue
[2025-08-11T11:35:28.716+0000] {logging_mixin.py:188} INFO - [2025-08-11T11:35:28.715+0000] {dagbag.py:545} INFO - Filling up the DagBag from /home/airflow/.local/lib/python3.12/site-packages/airflow/example_dags/example_datasets.py
[2025-08-11T11:35:28.765+0000] {processor.py:840} INFO - DAG(s) 'dataset_produces_2', 'consume_1_or_2_with_dataset_expressions', 'dataset_consumes_unknown_never_scheduled', 'conditional_dataset_and_time_based_timetable', 'consume_1_and_2_with_dataset_expressions', 'consume_1_or_both_2_and_3_with_dataset_expressions', 'dataset_consumes_1_never_scheduled', 'dataset_consumes_1_and_2', 'dataset_consumes_1', 'dataset_produces_1' retrieved from /home/airflow/.local/lib/python3.12/site-packages/airflow/example_dags/example_datasets.py
[2025-08-11T11:35:29.008+0000] {logging_mixin.py:188} INFO - [2025-08-11T11:35:29.007+0000] {override.py:1829} INFO - Created Permission View: can read on DAG:dataset_produces_2
[2025-08-11T11:35:29.030+0000] {logging_mixin.py:188} INFO - [2025-08-11T11:35:29.029+0000] {override.py:1829} INFO - Created Permission View: can delete on DAG:dataset_produces_2
[2025-08-11T11:35:29.051+0000] {logging_mixin.py:188} INFO - [2025-08-11T11:35:29.051+0000] {override.py:1829} INFO - Created Permission View: can edit on DAG:dataset_produces_2
[2025-08-11T11:35:29.079+0000] {logging_mixin.py:188} INFO - [2025-08-11T11:35:29.078+0000] {override.py:1829} INFO - Created Permission View: can read on DAG:consume_1_or_2_with_dataset_expressions
[2025-08-11T11:35:29.109+0000] {logging_mixin.py:188} INFO - [2025-08-11T11:35:29.109+0000] {override.py:1829} INFO - Created Permission View: can delete on DAG:consume_1_or_2_with_dataset_expressions
[2025-08-11T11:35:29.124+0000] {logging_mixin.py:188} INFO - [2025-08-11T11:35:29.123+0000] {override.py:1829} INFO - Created Permission View: can edit on DAG:consume_1_or_2_with_dataset_expressions
[2025-08-11T11:35:29.183+0000] {logging_mixin.py:188} INFO - [2025-08-11T11:35:29.180+0000] {override.py:1829} INFO - Created Permission View: can read on DAG:dataset_consumes_unknown_never_scheduled
[2025-08-11T11:35:29.212+0000] {logging_mixin.py:188} INFO - [2025-08-11T11:35:29.211+0000] {override.py:1829} INFO - Created Permission View: can delete on DAG:dataset_consumes_unknown_never_scheduled
[2025-08-11T11:35:29.231+0000] {logging_mixin.py:188} INFO - [2025-08-11T11:35:29.230+0000] {override.py:1829} INFO - Created Permission View: can edit on DAG:dataset_consumes_unknown_never_scheduled
[2025-08-11T11:35:29.251+0000] {logging_mixin.py:188} INFO - [2025-08-11T11:35:29.250+0000] {override.py:1829} INFO - Created Permission View: can read on DAG:conditional_dataset_and_time_based_timetable
[2025-08-11T11:35:29.257+0000] {logging_mixin.py:188} INFO - [2025-08-11T11:35:29.257+0000] {override.py:1829} INFO - Created Permission View: can delete on DAG:conditional_dataset_and_time_based_timetable
[2025-08-11T11:35:29.264+0000] {logging_mixin.py:188} INFO - [2025-08-11T11:35:29.264+0000] {override.py:1829} INFO - Created Permission View: can edit on DAG:conditional_dataset_and_time_based_timetable
[2025-08-11T11:35:29.281+0000] {logging_mixin.py:188} INFO - [2025-08-11T11:35:29.280+0000] {override.py:1829} INFO - Created Permission View: can read on DAG:consume_1_and_2_with_dataset_expressions
[2025-08-11T11:35:29.291+0000] {logging_mixin.py:188} INFO - [2025-08-11T11:35:29.291+0000] {override.py:1829} INFO - Created Permission View: can delete on DAG:consume_1_and_2_with_dataset_expressions
[2025-08-11T11:35:29.304+0000] {logging_mixin.py:188} INFO - [2025-08-11T11:35:29.304+0000] {override.py:1829} INFO - Created Permission View: can edit on DAG:consume_1_and_2_with_dataset_expressions
[2025-08-11T11:35:29.339+0000] {logging_mixin.py:188} INFO - [2025-08-11T11:35:29.338+0000] {override.py:1829} INFO - Created Permission View: can read on DAG:consume_1_or_both_2_and_3_with_dataset_expressions
[2025-08-11T11:35:29.351+0000] {logging_mixin.py:188} INFO - [2025-08-11T11:35:29.349+0000] {override.py:1829} INFO - Created Permission View: can delete on DAG:consume_1_or_both_2_and_3_with_dataset_expressions
[2025-08-11T11:35:29.364+0000] {logging_mixin.py:188} INFO - [2025-08-11T11:35:29.364+0000] {override.py:1829} INFO - Created Permission View: can edit on DAG:consume_1_or_both_2_and_3_with_dataset_expressions
[2025-08-11T11:35:29.399+0000] {logging_mixin.py:188} INFO - [2025-08-11T11:35:29.398+0000] {override.py:1829} INFO - Created Permission View: can read on DAG:dataset_consumes_1_never_scheduled
[2025-08-11T11:35:29.413+0000] {logging_mixin.py:188} INFO - [2025-08-11T11:35:29.412+0000] {override.py:1829} INFO - Created Permission View: can delete on DAG:dataset_consumes_1_never_scheduled
[2025-08-11T11:35:29.434+0000] {logging_mixin.py:188} INFO - [2025-08-11T11:35:29.433+0000] {override.py:1829} INFO - Created Permission View: can edit on DAG:dataset_consumes_1_never_scheduled
[2025-08-11T11:35:29.485+0000] {logging_mixin.py:188} INFO - [2025-08-11T11:35:29.485+0000] {override.py:1829} INFO - Created Permission View: can read on DAG:dataset_consumes_1_and_2
[2025-08-11T11:35:29.497+0000] {logging_mixin.py:188} INFO - [2025-08-11T11:35:29.496+0000] {override.py:1829} INFO - Created Permission View: can delete on DAG:dataset_consumes_1_and_2
[2025-08-11T11:35:29.517+0000] {logging_mixin.py:188} INFO - [2025-08-11T11:35:29.516+0000] {override.py:1829} INFO - Created Permission View: can edit on DAG:dataset_consumes_1_and_2
[2025-08-11T11:35:29.555+0000] {logging_mixin.py:188} INFO - [2025-08-11T11:35:29.555+0000] {override.py:1829} INFO - Created Permission View: can read on DAG:dataset_consumes_1
[2025-08-11T11:35:29.580+0000] {logging_mixin.py:188} INFO - [2025-08-11T11:35:29.580+0000] {override.py:1829} INFO - Created Permission View: can delete on DAG:dataset_consumes_1
[2025-08-11T11:35:29.591+0000] {logging_mixin.py:188} INFO - [2025-08-11T11:35:29.590+0000] {override.py:1829} INFO - Created Permission View: can edit on DAG:dataset_consumes_1
[2025-08-11T11:35:29.612+0000] {logging_mixin.py:188} INFO - [2025-08-11T11:35:29.611+0000] {override.py:1829} INFO - Created Permission View: can read on DAG:dataset_produces_1
[2025-08-11T11:35:29.625+0000] {logging_mixin.py:188} INFO - [2025-08-11T11:35:29.624+0000] {override.py:1829} INFO - Created Permission View: can delete on DAG:dataset_produces_1
[2025-08-11T11:35:29.632+0000] {logging_mixin.py:188} INFO - [2025-08-11T11:35:29.632+0000] {override.py:1829} INFO - Created Permission View: can edit on DAG:dataset_produces_1
[2025-08-11T11:35:29.633+0000] {logging_mixin.py:188} INFO - [2025-08-11T11:35:29.633+0000] {dag.py:3096} INFO - Sync 10 DAGs
[2025-08-11T11:35:29.658+0000] {logging_mixin.py:188} INFO - [2025-08-11T11:35:29.658+0000] {dag.py:3118} INFO - Creating ORM DAG for conditional_dataset_and_time_based_timetable
[2025-08-11T11:35:29.661+0000] {logging_mixin.py:188} INFO - [2025-08-11T11:35:29.660+0000] {dag.py:3118} INFO - Creating ORM DAG for dataset_produces_1
[2025-08-11T11:35:29.662+0000] {logging_mixin.py:188} INFO - [2025-08-11T11:35:29.662+0000] {dag.py:3118} INFO - Creating ORM DAG for dataset_produces_2
[2025-08-11T11:35:29.664+0000] {logging_mixin.py:188} INFO - [2025-08-11T11:35:29.663+0000] {dag.py:3118} INFO - Creating ORM DAG for consume_1_and_2_with_dataset_expressions
[2025-08-11T11:35:29.668+0000] {logging_mixin.py:188} INFO - [2025-08-11T11:35:29.667+0000] {dag.py:3118} INFO - Creating ORM DAG for consume_1_or_both_2_and_3_with_dataset_expressions
[2025-08-11T11:35:29.669+0000] {logging_mixin.py:188} INFO - [2025-08-11T11:35:29.669+0000] {dag.py:3118} INFO - Creating ORM DAG for consume_1_or_2_with_dataset_expressions
[2025-08-11T11:35:29.670+0000] {logging_mixin.py:188} INFO - [2025-08-11T11:35:29.670+0000] {dag.py:3118} INFO - Creating ORM DAG for dataset_consumes_unknown_never_scheduled
[2025-08-11T11:35:29.671+0000] {logging_mixin.py:188} INFO - [2025-08-11T11:35:29.671+0000] {dag.py:3118} INFO - Creating ORM DAG for dataset_consumes_1
[2025-08-11T11:35:29.672+0000] {logging_mixin.py:188} INFO - [2025-08-11T11:35:29.672+0000] {dag.py:3118} INFO - Creating ORM DAG for dataset_consumes_1_and_2
[2025-08-11T11:35:29.673+0000] {logging_mixin.py:188} INFO - [2025-08-11T11:35:29.673+0000] {dag.py:3118} INFO - Creating ORM DAG for dataset_consumes_1_never_scheduled
[2025-08-11T11:35:29.702+0000] {logging_mixin.py:188} INFO - [2025-08-11T11:35:29.701+0000] {dag.py:3954} INFO - Setting next_dagrun for conditional_dataset_and_time_based_timetable to 2025-08-06 01:00:00+00:00, run_after=2025-08-06 01:00:00+00:00
[2025-08-11T11:35:29.704+0000] {logging_mixin.py:188} INFO - [2025-08-11T11:35:29.704+0000] {dag.py:3954} INFO - Setting next_dagrun for consume_1_and_2_with_dataset_expressions to None, run_after=None
[2025-08-11T11:35:29.705+0000] {logging_mixin.py:188} INFO - [2025-08-11T11:35:29.705+0000] {dag.py:3954} INFO - Setting next_dagrun for consume_1_or_2_with_dataset_expressions to None, run_after=None
[2025-08-11T11:35:29.707+0000] {logging_mixin.py:188} INFO - [2025-08-11T11:35:29.707+0000] {dag.py:3954} INFO - Setting next_dagrun for consume_1_or_both_2_and_3_with_dataset_expressions to None, run_after=None
[2025-08-11T11:35:29.708+0000] {logging_mixin.py:188} INFO - [2025-08-11T11:35:29.708+0000] {dag.py:3954} INFO - Setting next_dagrun for dataset_consumes_1 to None, run_after=None
[2025-08-11T11:35:29.709+0000] {logging_mixin.py:188} INFO - [2025-08-11T11:35:29.709+0000] {dag.py:3954} INFO - Setting next_dagrun for dataset_consumes_1_and_2 to None, run_after=None
[2025-08-11T11:35:29.710+0000] {logging_mixin.py:188} INFO - [2025-08-11T11:35:29.710+0000] {dag.py:3954} INFO - Setting next_dagrun for dataset_consumes_1_never_scheduled to None, run_after=None
[2025-08-11T11:35:29.711+0000] {logging_mixin.py:188} INFO - [2025-08-11T11:35:29.711+0000] {dag.py:3954} INFO - Setting next_dagrun for dataset_consumes_unknown_never_scheduled to None, run_after=None
[2025-08-11T11:35:29.714+0000] {logging_mixin.py:188} INFO - [2025-08-11T11:35:29.714+0000] {dag.py:3954} INFO - Setting next_dagrun for dataset_produces_1 to 2025-08-10 00:00:00+00:00, run_after=2025-08-11 00:00:00+00:00
[2025-08-11T11:35:29.717+0000] {logging_mixin.py:188} INFO - [2025-08-11T11:35:29.717+0000] {dag.py:3954} INFO - Setting next_dagrun for dataset_produces_2 to None, run_after=None
[2025-08-11T11:35:29.806+0000] {processor.py:183} INFO - Processing /home/airflow/.local/lib/python3.12/site-packages/airflow/example_dags/example_datasets.py took 1.114 seconds
[2025-08-11T11:36:00.532+0000] {processor.py:161} INFO - Started process (PID=124) to work on /home/airflow/.local/lib/python3.12/site-packages/airflow/example_dags/example_datasets.py
[2025-08-11T11:36:00.533+0000] {processor.py:830} INFO - Processing file /home/airflow/.local/lib/python3.12/site-packages/airflow/example_dags/example_datasets.py for tasks to queue
[2025-08-11T11:36:00.535+0000] {logging_mixin.py:188} INFO - [2025-08-11T11:36:00.535+0000] {dagbag.py:545} INFO - Filling up the DagBag from /home/airflow/.local/lib/python3.12/site-packages/airflow/example_dags/example_datasets.py
[2025-08-11T11:36:00.552+0000] {processor.py:840} INFO - DAG(s) 'dataset_produces_1', 'dataset_consumes_1_never_scheduled', 'consume_1_and_2_with_dataset_expressions', 'conditional_dataset_and_time_based_timetable', 'dataset_consumes_1_and_2', 'dataset_consumes_unknown_never_scheduled', 'dataset_produces_2', 'dataset_consumes_1', 'consume_1_or_2_with_dataset_expressions', 'consume_1_or_both_2_and_3_with_dataset_expressions' retrieved from /home/airflow/.local/lib/python3.12/site-packages/airflow/example_dags/example_datasets.py
[2025-08-11T11:36:00.585+0000] {logging_mixin.py:188} INFO - [2025-08-11T11:36:00.585+0000] {dag.py:3096} INFO - Sync 10 DAGs
[2025-08-11T11:36:00.603+0000] {logging_mixin.py:188} INFO - [2025-08-11T11:36:00.603+0000] {dag.py:3954} INFO - Setting next_dagrun for conditional_dataset_and_time_based_timetable to 2025-08-06 01:00:00+00:00, run_after=2025-08-06 01:00:00+00:00
[2025-08-11T11:36:00.607+0000] {logging_mixin.py:188} INFO - [2025-08-11T11:36:00.607+0000] {dag.py:3954} INFO - Setting next_dagrun for consume_1_and_2_with_dataset_expressions to None, run_after=None
[2025-08-11T11:36:00.611+0000] {logging_mixin.py:188} INFO - [2025-08-11T11:36:00.611+0000] {dag.py:3954} INFO - Setting next_dagrun for consume_1_or_2_with_dataset_expressions to None, run_after=None
[2025-08-11T11:36:00.611+0000] {logging_mixin.py:188} INFO - [2025-08-11T11:36:00.611+0000] {dag.py:3954} INFO - Setting next_dagrun for consume_1_or_both_2_and_3_with_dataset_expressions to None, run_after=None
[2025-08-11T11:36:00.612+0000] {logging_mixin.py:188} INFO - [2025-08-11T11:36:00.612+0000] {dag.py:3954} INFO - Setting next_dagrun for dataset_consumes_1 to None, run_after=None
[2025-08-11T11:36:00.613+0000] {logging_mixin.py:188} INFO - [2025-08-11T11:36:00.613+0000] {dag.py:3954} INFO - Setting next_dagrun for dataset_consumes_1_and_2 to None, run_after=None
[2025-08-11T11:36:00.613+0000] {logging_mixin.py:188} INFO - [2025-08-11T11:36:00.613+0000] {dag.py:3954} INFO - Setting next_dagrun for dataset_consumes_1_never_scheduled to None, run_after=None
[2025-08-11T11:36:00.614+0000] {logging_mixin.py:188} INFO - [2025-08-11T11:36:00.614+0000] {dag.py:3954} INFO - Setting next_dagrun for dataset_consumes_unknown_never_scheduled to None, run_after=None
[2025-08-11T11:36:00.615+0000] {logging_mixin.py:188} INFO - [2025-08-11T11:36:00.615+0000] {dag.py:3954} INFO - Setting next_dagrun for dataset_produces_1 to 2025-08-10 00:00:00+00:00, run_after=2025-08-11 00:00:00+00:00
[2025-08-11T11:36:00.616+0000] {logging_mixin.py:188} INFO - [2025-08-11T11:36:00.616+0000] {dag.py:3954} INFO - Setting next_dagrun for dataset_produces_2 to None, run_after=None
[2025-08-11T11:36:00.638+0000] {processor.py:183} INFO - Processing /home/airflow/.local/lib/python3.12/site-packages/airflow/example_dags/example_datasets.py took 0.113 seconds
[2025-08-11T11:36:30.734+0000] {processor.py:161} INFO - Started process (PID=182) to work on /home/airflow/.local/lib/python3.12/site-packages/airflow/example_dags/example_datasets.py
[2025-08-11T11:36:30.735+0000] {processor.py:830} INFO - Processing file /home/airflow/.local/lib/python3.12/site-packages/airflow/example_dags/example_datasets.py for tasks to queue
[2025-08-11T11:36:30.737+0000] {logging_mixin.py:188} INFO - [2025-08-11T11:36:30.737+0000] {dagbag.py:545} INFO - Filling up the DagBag from /home/airflow/.local/lib/python3.12/site-packages/airflow/example_dags/example_datasets.py
[2025-08-11T11:36:30.748+0000] {processor.py:840} INFO - DAG(s) 'conditional_dataset_and_time_based_timetable', 'dataset_consumes_1_never_scheduled', 'consume_1_and_2_with_dataset_expressions', 'consume_1_or_both_2_and_3_with_dataset_expressions', 'dataset_consumes_unknown_never_scheduled', 'dataset_produces_1', 'dataset_consumes_1', 'dataset_consumes_1_and_2', 'dataset_produces_2', 'consume_1_or_2_with_dataset_expressions' retrieved from /home/airflow/.local/lib/python3.12/site-packages/airflow/example_dags/example_datasets.py
[2025-08-11T11:36:30.776+0000] {logging_mixin.py:188} INFO - [2025-08-11T11:36:30.776+0000] {dag.py:3096} INFO - Sync 10 DAGs
[2025-08-11T11:36:30.795+0000] {logging_mixin.py:188} INFO - [2025-08-11T11:36:30.794+0000] {dag.py:3954} INFO - Setting next_dagrun for conditional_dataset_and_time_based_timetable to 2025-08-06 01:00:00+00:00, run_after=2025-08-06 01:00:00+00:00
[2025-08-11T11:36:30.798+0000] {logging_mixin.py:188} INFO - [2025-08-11T11:36:30.798+0000] {dag.py:3954} INFO - Setting next_dagrun for consume_1_and_2_with_dataset_expressions to None, run_after=None
[2025-08-11T11:36:30.799+0000] {logging_mixin.py:188} INFO - [2025-08-11T11:36:30.799+0000] {dag.py:3954} INFO - Setting next_dagrun for consume_1_or_2_with_dataset_expressions to None, run_after=None
[2025-08-11T11:36:30.799+0000] {logging_mixin.py:188} INFO - [2025-08-11T11:36:30.799+0000] {dag.py:3954} INFO - Setting next_dagrun for consume_1_or_both_2_and_3_with_dataset_expressions to None, run_after=None
[2025-08-11T11:36:30.800+0000] {logging_mixin.py:188} INFO - [2025-08-11T11:36:30.800+0000] {dag.py:3954} INFO - Setting next_dagrun for dataset_consumes_1 to None, run_after=None
[2025-08-11T11:36:30.801+0000] {logging_mixin.py:188} INFO - [2025-08-11T11:36:30.800+0000] {dag.py:3954} INFO - Setting next_dagrun for dataset_consumes_1_and_2 to None, run_after=None
[2025-08-11T11:36:30.801+0000] {logging_mixin.py:188} INFO - [2025-08-11T11:36:30.801+0000] {dag.py:3954} INFO - Setting next_dagrun for dataset_consumes_1_never_scheduled to None, run_after=None
[2025-08-11T11:36:30.802+0000] {logging_mixin.py:188} INFO - [2025-08-11T11:36:30.802+0000] {dag.py:3954} INFO - Setting next_dagrun for dataset_consumes_unknown_never_scheduled to None, run_after=None
[2025-08-11T11:36:30.804+0000] {logging_mixin.py:188} INFO - [2025-08-11T11:36:30.804+0000] {dag.py:3954} INFO - Setting next_dagrun for dataset_produces_1 to 2025-08-10 00:00:00+00:00, run_after=2025-08-11 00:00:00+00:00
[2025-08-11T11:36:30.805+0000] {logging_mixin.py:188} INFO - [2025-08-11T11:36:30.805+0000] {dag.py:3954} INFO - Setting next_dagrun for dataset_produces_2 to None, run_after=None
[2025-08-11T11:36:30.832+0000] {processor.py:183} INFO - Processing /home/airflow/.local/lib/python3.12/site-packages/airflow/example_dags/example_datasets.py took 0.104 seconds
[2025-08-11T11:37:00.978+0000] {processor.py:161} INFO - Started process (PID=240) to work on /home/airflow/.local/lib/python3.12/site-packages/airflow/example_dags/example_datasets.py
[2025-08-11T11:37:00.980+0000] {processor.py:830} INFO - Processing file /home/airflow/.local/lib/python3.12/site-packages/airflow/example_dags/example_datasets.py for tasks to queue
[2025-08-11T11:37:00.982+0000] {logging_mixin.py:188} INFO - [2025-08-11T11:37:00.981+0000] {dagbag.py:545} INFO - Filling up the DagBag from /home/airflow/.local/lib/python3.12/site-packages/airflow/example_dags/example_datasets.py
[2025-08-11T11:37:00.993+0000] {processor.py:840} INFO - DAG(s) 'dataset_consumes_1_never_scheduled', 'consume_1_or_2_with_dataset_expressions', 'conditional_dataset_and_time_based_timetable', 'dataset_consumes_unknown_never_scheduled', 'dataset_produces_1', 'dataset_consumes_1', 'dataset_produces_2', 'consume_1_or_both_2_and_3_with_dataset_expressions', 'dataset_consumes_1_and_2', 'consume_1_and_2_with_dataset_expressions' retrieved from /home/airflow/.local/lib/python3.12/site-packages/airflow/example_dags/example_datasets.py
[2025-08-11T11:37:01.031+0000] {logging_mixin.py:188} INFO - [2025-08-11T11:37:01.031+0000] {dag.py:3096} INFO - Sync 10 DAGs
[2025-08-11T11:37:01.053+0000] {logging_mixin.py:188} INFO - [2025-08-11T11:37:01.053+0000] {dag.py:3954} INFO - Setting next_dagrun for conditional_dataset_and_time_based_timetable to 2025-08-06 01:00:00+00:00, run_after=2025-08-06 01:00:00+00:00
[2025-08-11T11:37:01.057+0000] {logging_mixin.py:188} INFO - [2025-08-11T11:37:01.057+0000] {dag.py:3954} INFO - Setting next_dagrun for consume_1_and_2_with_dataset_expressions to None, run_after=None
[2025-08-11T11:37:01.059+0000] {logging_mixin.py:188} INFO - [2025-08-11T11:37:01.059+0000] {dag.py:3954} INFO - Setting next_dagrun for consume_1_or_2_with_dataset_expressions to None, run_after=None
[2025-08-11T11:37:01.060+0000] {logging_mixin.py:188} INFO - [2025-08-11T11:37:01.060+0000] {dag.py:3954} INFO - Setting next_dagrun for consume_1_or_both_2_and_3_with_dataset_expressions to None, run_after=None
[2025-08-11T11:37:01.061+0000] {logging_mixin.py:188} INFO - [2025-08-11T11:37:01.060+0000] {dag.py:3954} INFO - Setting next_dagrun for dataset_consumes_1 to None, run_after=None
[2025-08-11T11:37:01.061+0000] {logging_mixin.py:188} INFO - [2025-08-11T11:37:01.061+0000] {dag.py:3954} INFO - Setting next_dagrun for dataset_consumes_1_and_2 to None, run_after=None
[2025-08-11T11:37:01.062+0000] {logging_mixin.py:188} INFO - [2025-08-11T11:37:01.062+0000] {dag.py:3954} INFO - Setting next_dagrun for dataset_consumes_1_never_scheduled to None, run_after=None
[2025-08-11T11:37:01.063+0000] {logging_mixin.py:188} INFO - [2025-08-11T11:37:01.063+0000] {dag.py:3954} INFO - Setting next_dagrun for dataset_consumes_unknown_never_scheduled to None, run_after=None
[2025-08-11T11:37:01.064+0000] {logging_mixin.py:188} INFO - [2025-08-11T11:37:01.064+0000] {dag.py:3954} INFO - Setting next_dagrun for dataset_produces_1 to 2025-08-10 00:00:00+00:00, run_after=2025-08-11 00:00:00+00:00
[2025-08-11T11:37:01.065+0000] {logging_mixin.py:188} INFO - [2025-08-11T11:37:01.065+0000] {dag.py:3954} INFO - Setting next_dagrun for dataset_produces_2 to None, run_after=None
[2025-08-11T11:37:01.086+0000] {processor.py:183} INFO - Processing /home/airflow/.local/lib/python3.12/site-packages/airflow/example_dags/example_datasets.py took 0.113 seconds
[2025-08-11T11:37:31.348+0000] {processor.py:161} INFO - Started process (PID=298) to work on /home/airflow/.local/lib/python3.12/site-packages/airflow/example_dags/example_datasets.py
[2025-08-11T11:37:31.349+0000] {processor.py:830} INFO - Processing file /home/airflow/.local/lib/python3.12/site-packages/airflow/example_dags/example_datasets.py for tasks to queue
[2025-08-11T11:37:31.353+0000] {logging_mixin.py:188} INFO - [2025-08-11T11:37:31.352+0000] {dagbag.py:545} INFO - Filling up the DagBag from /home/airflow/.local/lib/python3.12/site-packages/airflow/example_dags/example_datasets.py
[2025-08-11T11:37:31.374+0000] {processor.py:840} INFO - DAG(s) 'consume_1_or_both_2_and_3_with_dataset_expressions', 'dataset_consumes_1_and_2', 'consume_1_or_2_with_dataset_expressions', 'dataset_consumes_1', 'dataset_produces_1', 'dataset_produces_2', 'dataset_consumes_unknown_never_scheduled', 'dataset_consumes_1_never_scheduled', 'consume_1_and_2_with_dataset_expressions', 'conditional_dataset_and_time_based_timetable' retrieved from /home/airflow/.local/lib/python3.12/site-packages/airflow/example_dags/example_datasets.py
[2025-08-11T11:37:31.411+0000] {logging_mixin.py:188} INFO - [2025-08-11T11:37:31.411+0000] {dag.py:3096} INFO - Sync 10 DAGs
[2025-08-11T11:37:31.434+0000] {logging_mixin.py:188} INFO - [2025-08-11T11:37:31.433+0000] {dag.py:3954} INFO - Setting next_dagrun for conditional_dataset_and_time_based_timetable to 2025-08-06 01:00:00+00:00, run_after=2025-08-06 01:00:00+00:00
[2025-08-11T11:37:31.438+0000] {logging_mixin.py:188} INFO - [2025-08-11T11:37:31.437+0000] {dag.py:3954} INFO - Setting next_dagrun for consume_1_and_2_with_dataset_expressions to None, run_after=None
[2025-08-11T11:37:31.438+0000] {logging_mixin.py:188} INFO - [2025-08-11T11:37:31.438+0000] {dag.py:3954} INFO - Setting next_dagrun for consume_1_or_2_with_dataset_expressions to None, run_after=None
[2025-08-11T11:37:31.439+0000] {logging_mixin.py:188} INFO - [2025-08-11T11:37:31.439+0000] {dag.py:3954} INFO - Setting next_dagrun for consume_1_or_both_2_and_3_with_dataset_expressions to None, run_after=None
[2025-08-11T11:37:31.440+0000] {logging_mixin.py:188} INFO - [2025-08-11T11:37:31.440+0000] {dag.py:3954} INFO - Setting next_dagrun for dataset_consumes_1 to None, run_after=None
[2025-08-11T11:37:31.440+0000] {logging_mixin.py:188} INFO - [2025-08-11T11:37:31.440+0000] {dag.py:3954} INFO - Setting next_dagrun for dataset_consumes_1_and_2 to None, run_after=None
[2025-08-11T11:37:31.441+0000] {logging_mixin.py:188} INFO - [2025-08-11T11:37:31.441+0000] {dag.py:3954} INFO - Setting next_dagrun for dataset_consumes_1_never_scheduled to None, run_after=None
[2025-08-11T11:37:31.442+0000] {logging_mixin.py:188} INFO - [2025-08-11T11:37:31.442+0000] {dag.py:3954} INFO - Setting next_dagrun for dataset_consumes_unknown_never_scheduled to None, run_after=None
[2025-08-11T11:37:31.444+0000] {logging_mixin.py:188} INFO - [2025-08-11T11:37:31.444+0000] {dag.py:3954} INFO - Setting next_dagrun for dataset_produces_1 to 2025-08-10 00:00:00+00:00, run_after=2025-08-11 00:00:00+00:00
[2025-08-11T11:37:31.445+0000] {logging_mixin.py:188} INFO - [2025-08-11T11:37:31.445+0000] {dag.py:3954} INFO - Setting next_dagrun for dataset_produces_2 to None, run_after=None
[2025-08-11T11:37:31.478+0000] {processor.py:183} INFO - Processing /home/airflow/.local/lib/python3.12/site-packages/airflow/example_dags/example_datasets.py took 0.141 seconds
[2025-08-11T11:38:01.935+0000] {processor.py:161} INFO - Started process (PID=355) to work on /home/airflow/.local/lib/python3.12/site-packages/airflow/example_dags/example_datasets.py
[2025-08-11T11:38:01.936+0000] {processor.py:830} INFO - Processing file /home/airflow/.local/lib/python3.12/site-packages/airflow/example_dags/example_datasets.py for tasks to queue
[2025-08-11T11:38:01.938+0000] {logging_mixin.py:188} INFO - [2025-08-11T11:38:01.938+0000] {dagbag.py:545} INFO - Filling up the DagBag from /home/airflow/.local/lib/python3.12/site-packages/airflow/example_dags/example_datasets.py
[2025-08-11T11:38:01.949+0000] {processor.py:840} INFO - DAG(s) 'consume_1_or_2_with_dataset_expressions', 'consume_1_or_both_2_and_3_with_dataset_expressions', 'consume_1_and_2_with_dataset_expressions', 'conditional_dataset_and_time_based_timetable', 'dataset_produces_1', 'dataset_consumes_1', 'dataset_consumes_1_and_2', 'dataset_consumes_1_never_scheduled', 'dataset_consumes_unknown_never_scheduled', 'dataset_produces_2' retrieved from /home/airflow/.local/lib/python3.12/site-packages/airflow/example_dags/example_datasets.py
[2025-08-11T11:38:01.978+0000] {logging_mixin.py:188} INFO - [2025-08-11T11:38:01.978+0000] {dag.py:3096} INFO - Sync 10 DAGs
[2025-08-11T11:38:01.993+0000] {logging_mixin.py:188} INFO - [2025-08-11T11:38:01.993+0000] {dag.py:3954} INFO - Setting next_dagrun for conditional_dataset_and_time_based_timetable to 2025-08-06 01:00:00+00:00, run_after=2025-08-06 01:00:00+00:00
[2025-08-11T11:38:01.996+0000] {logging_mixin.py:188} INFO - [2025-08-11T11:38:01.996+0000] {dag.py:3954} INFO - Setting next_dagrun for consume_1_and_2_with_dataset_expressions to None, run_after=None
[2025-08-11T11:38:01.999+0000] {logging_mixin.py:188} INFO - [2025-08-11T11:38:01.999+0000] {dag.py:3954} INFO - Setting next_dagrun for consume_1_or_2_with_dataset_expressions to None, run_after=None
[2025-08-11T11:38:02.000+0000] {logging_mixin.py:188} INFO - [2025-08-11T11:38:02.000+0000] {dag.py:3954} INFO - Setting next_dagrun for consume_1_or_both_2_and_3_with_dataset_expressions to None, run_after=None
[2025-08-11T11:38:02.000+0000] {logging_mixin.py:188} INFO - [2025-08-11T11:38:02.000+0000] {dag.py:3954} INFO - Setting next_dagrun for dataset_consumes_1 to None, run_after=None
[2025-08-11T11:38:02.001+0000] {logging_mixin.py:188} INFO - [2025-08-11T11:38:02.001+0000] {dag.py:3954} INFO - Setting next_dagrun for dataset_consumes_1_and_2 to None, run_after=None
[2025-08-11T11:38:02.002+0000] {logging_mixin.py:188} INFO - [2025-08-11T11:38:02.002+0000] {dag.py:3954} INFO - Setting next_dagrun for dataset_consumes_1_never_scheduled to None, run_after=None
[2025-08-11T11:38:02.002+0000] {logging_mixin.py:188} INFO - [2025-08-11T11:38:02.002+0000] {dag.py:3954} INFO - Setting next_dagrun for dataset_consumes_unknown_never_scheduled to None, run_after=None
[2025-08-11T11:38:02.004+0000] {logging_mixin.py:188} INFO - [2025-08-11T11:38:02.004+0000] {dag.py:3954} INFO - Setting next_dagrun for dataset_produces_1 to 2025-08-10 00:00:00+00:00, run_after=2025-08-11 00:00:00+00:00
[2025-08-11T11:38:02.005+0000] {logging_mixin.py:188} INFO - [2025-08-11T11:38:02.004+0000] {dag.py:3954} INFO - Setting next_dagrun for dataset_produces_2 to None, run_after=None
[2025-08-11T11:38:02.028+0000] {processor.py:183} INFO - Processing /home/airflow/.local/lib/python3.12/site-packages/airflow/example_dags/example_datasets.py took 0.099 seconds
[2025-08-11T11:38:32.238+0000] {processor.py:161} INFO - Started process (PID=413) to work on /home/airflow/.local/lib/python3.12/site-packages/airflow/example_dags/example_datasets.py
[2025-08-11T11:38:32.240+0000] {processor.py:830} INFO - Processing file /home/airflow/.local/lib/python3.12/site-packages/airflow/example_dags/example_datasets.py for tasks to queue
[2025-08-11T11:38:32.241+0000] {logging_mixin.py:188} INFO - [2025-08-11T11:38:32.241+0000] {dagbag.py:545} INFO - Filling up the DagBag from /home/airflow/.local/lib/python3.12/site-packages/airflow/example_dags/example_datasets.py
[2025-08-11T11:38:32.261+0000] {processor.py:840} INFO - DAG(s) 'dataset_produces_1', 'dataset_consumes_1_never_scheduled', 'consume_1_or_both_2_and_3_with_dataset_expressions', 'dataset_consumes_1_and_2', 'conditional_dataset_and_time_based_timetable', 'dataset_consumes_1', 'consume_1_or_2_with_dataset_expressions', 'consume_1_and_2_with_dataset_expressions', 'dataset_produces_2', 'dataset_consumes_unknown_never_scheduled' retrieved from /home/airflow/.local/lib/python3.12/site-packages/airflow/example_dags/example_datasets.py
[2025-08-11T11:38:32.302+0000] {logging_mixin.py:188} INFO - [2025-08-11T11:38:32.302+0000] {dag.py:3096} INFO - Sync 10 DAGs
[2025-08-11T11:38:32.323+0000] {logging_mixin.py:188} INFO - [2025-08-11T11:38:32.323+0000] {dag.py:3954} INFO - Setting next_dagrun for conditional_dataset_and_time_based_timetable to 2025-08-06 01:00:00+00:00, run_after=2025-08-06 01:00:00+00:00
[2025-08-11T11:38:32.326+0000] {logging_mixin.py:188} INFO - [2025-08-11T11:38:32.326+0000] {dag.py:3954} INFO - Setting next_dagrun for consume_1_and_2_with_dataset_expressions to None, run_after=None
[2025-08-11T11:38:32.327+0000] {logging_mixin.py:188} INFO - [2025-08-11T11:38:32.327+0000] {dag.py:3954} INFO - Setting next_dagrun for consume_1_or_2_with_dataset_expressions to None, run_after=None
[2025-08-11T11:38:32.328+0000] {logging_mixin.py:188} INFO - [2025-08-11T11:38:32.328+0000] {dag.py:3954} INFO - Setting next_dagrun for consume_1_or_both_2_and_3_with_dataset_expressions to None, run_after=None
[2025-08-11T11:38:32.329+0000] {logging_mixin.py:188} INFO - [2025-08-11T11:38:32.329+0000] {dag.py:3954} INFO - Setting next_dagrun for dataset_consumes_1 to None, run_after=None
[2025-08-11T11:38:32.329+0000] {logging_mixin.py:188} INFO - [2025-08-11T11:38:32.329+0000] {dag.py:3954} INFO - Setting next_dagrun for dataset_consumes_1_and_2 to None, run_after=None
[2025-08-11T11:38:32.330+0000] {logging_mixin.py:188} INFO - [2025-08-11T11:38:32.330+0000] {dag.py:3954} INFO - Setting next_dagrun for dataset_consumes_1_never_scheduled to None, run_after=None
[2025-08-11T11:38:32.331+0000] {logging_mixin.py:188} INFO - [2025-08-11T11:38:32.331+0000] {dag.py:3954} INFO - Setting next_dagrun for dataset_consumes_unknown_never_scheduled to None, run_after=None
[2025-08-11T11:38:32.332+0000] {logging_mixin.py:188} INFO - [2025-08-11T11:38:32.332+0000] {dag.py:3954} INFO - Setting next_dagrun for dataset_produces_1 to 2025-08-10 00:00:00+00:00, run_after=2025-08-11 00:00:00+00:00
[2025-08-11T11:38:32.333+0000] {logging_mixin.py:188} INFO - [2025-08-11T11:38:32.333+0000] {dag.py:3954} INFO - Setting next_dagrun for dataset_produces_2 to None, run_after=None
[2025-08-11T11:38:32.354+0000] {processor.py:183} INFO - Processing /home/airflow/.local/lib/python3.12/site-packages/airflow/example_dags/example_datasets.py took 0.123 seconds
[2025-08-11T11:39:02.720+0000] {processor.py:161} INFO - Started process (PID=471) to work on /home/airflow/.local/lib/python3.12/site-packages/airflow/example_dags/example_datasets.py
[2025-08-11T11:39:02.721+0000] {processor.py:830} INFO - Processing file /home/airflow/.local/lib/python3.12/site-packages/airflow/example_dags/example_datasets.py for tasks to queue
[2025-08-11T11:39:02.723+0000] {logging_mixin.py:188} INFO - [2025-08-11T11:39:02.723+0000] {dagbag.py:545} INFO - Filling up the DagBag from /home/airflow/.local/lib/python3.12/site-packages/airflow/example_dags/example_datasets.py
[2025-08-11T11:39:02.747+0000] {processor.py:840} INFO - DAG(s) 'consume_1_or_2_with_dataset_expressions', 'dataset_produces_2', 'dataset_consumes_1_and_2', 'dataset_consumes_unknown_never_scheduled', 'dataset_produces_1', 'consume_1_or_both_2_and_3_with_dataset_expressions', 'conditional_dataset_and_time_based_timetable', 'dataset_consumes_1', 'dataset_consumes_1_never_scheduled', 'consume_1_and_2_with_dataset_expressions' retrieved from /home/airflow/.local/lib/python3.12/site-packages/airflow/example_dags/example_datasets.py
[2025-08-11T11:39:02.781+0000] {logging_mixin.py:188} INFO - [2025-08-11T11:39:02.780+0000] {dag.py:3096} INFO - Sync 10 DAGs
[2025-08-11T11:39:02.801+0000] {logging_mixin.py:188} INFO - [2025-08-11T11:39:02.800+0000] {dag.py:3954} INFO - Setting next_dagrun for conditional_dataset_and_time_based_timetable to 2025-08-06 01:00:00+00:00, run_after=2025-08-06 01:00:00+00:00
[2025-08-11T11:39:02.803+0000] {logging_mixin.py:188} INFO - [2025-08-11T11:39:02.803+0000] {dag.py:3954} INFO - Setting next_dagrun for consume_1_and_2_with_dataset_expressions to None, run_after=None
[2025-08-11T11:39:02.805+0000] {logging_mixin.py:188} INFO - [2025-08-11T11:39:02.804+0000] {dag.py:3954} INFO - Setting next_dagrun for consume_1_or_2_with_dataset_expressions to None, run_after=None
[2025-08-11T11:39:02.805+0000] {logging_mixin.py:188} INFO - [2025-08-11T11:39:02.805+0000] {dag.py:3954} INFO - Setting next_dagrun for consume_1_or_both_2_and_3_with_dataset_expressions to None, run_after=None
[2025-08-11T11:39:02.806+0000] {logging_mixin.py:188} INFO - [2025-08-11T11:39:02.806+0000] {dag.py:3954} INFO - Setting next_dagrun for dataset_consumes_1 to None, run_after=None
[2025-08-11T11:39:02.807+0000] {logging_mixin.py:188} INFO - [2025-08-11T11:39:02.807+0000] {dag.py:3954} INFO - Setting next_dagrun for dataset_consumes_1_and_2 to None, run_after=None
[2025-08-11T11:39:02.808+0000] {logging_mixin.py:188} INFO - [2025-08-11T11:39:02.807+0000] {dag.py:3954} INFO - Setting next_dagrun for dataset_consumes_1_never_scheduled to None, run_after=None
[2025-08-11T11:39:02.808+0000] {logging_mixin.py:188} INFO - [2025-08-11T11:39:02.808+0000] {dag.py:3954} INFO - Setting next_dagrun for dataset_consumes_unknown_never_scheduled to None, run_after=None
[2025-08-11T11:39:02.810+0000] {logging_mixin.py:188} INFO - [2025-08-11T11:39:02.809+0000] {dag.py:3954} INFO - Setting next_dagrun for dataset_produces_1 to 2025-08-10 00:00:00+00:00, run_after=2025-08-11 00:00:00+00:00
[2025-08-11T11:39:02.810+0000] {logging_mixin.py:188} INFO - [2025-08-11T11:39:02.810+0000] {dag.py:3954} INFO - Setting next_dagrun for dataset_produces_2 to None, run_after=None
[2025-08-11T11:39:02.831+0000] {processor.py:183} INFO - Processing /home/airflow/.local/lib/python3.12/site-packages/airflow/example_dags/example_datasets.py took 0.119 seconds
[2025-08-11T11:39:33.104+0000] {processor.py:161} INFO - Started process (PID=529) to work on /home/airflow/.local/lib/python3.12/site-packages/airflow/example_dags/example_datasets.py
[2025-08-11T11:39:33.106+0000] {processor.py:830} INFO - Processing file /home/airflow/.local/lib/python3.12/site-packages/airflow/example_dags/example_datasets.py for tasks to queue
[2025-08-11T11:39:33.107+0000] {logging_mixin.py:188} INFO - [2025-08-11T11:39:33.107+0000] {dagbag.py:545} INFO - Filling up the DagBag from /home/airflow/.local/lib/python3.12/site-packages/airflow/example_dags/example_datasets.py
[2025-08-11T11:39:33.118+0000] {processor.py:840} INFO - DAG(s) 'consume_1_or_both_2_and_3_with_dataset_expressions', 'dataset_produces_2', 'dataset_consumes_1_never_scheduled', 'conditional_dataset_and_time_based_timetable', 'dataset_consumes_1', 'dataset_consumes_1_and_2', 'consume_1_or_2_with_dataset_expressions', 'dataset_consumes_unknown_never_scheduled', 'consume_1_and_2_with_dataset_expressions', 'dataset_produces_1' retrieved from /home/airflow/.local/lib/python3.12/site-packages/airflow/example_dags/example_datasets.py
[2025-08-11T11:39:33.147+0000] {logging_mixin.py:188} INFO - [2025-08-11T11:39:33.147+0000] {dag.py:3096} INFO - Sync 10 DAGs
[2025-08-11T11:39:33.164+0000] {logging_mixin.py:188} INFO - [2025-08-11T11:39:33.164+0000] {dag.py:3954} INFO - Setting next_dagrun for conditional_dataset_and_time_based_timetable to 2025-08-06 01:00:00+00:00, run_after=2025-08-06 01:00:00+00:00
[2025-08-11T11:39:33.167+0000] {logging_mixin.py:188} INFO - [2025-08-11T11:39:33.167+0000] {dag.py:3954} INFO - Setting next_dagrun for consume_1_and_2_with_dataset_expressions to None, run_after=None
[2025-08-11T11:39:33.168+0000] {logging_mixin.py:188} INFO - [2025-08-11T11:39:33.168+0000] {dag.py:3954} INFO - Setting next_dagrun for consume_1_or_2_with_dataset_expressions to None, run_after=None
[2025-08-11T11:39:33.169+0000] {logging_mixin.py:188} INFO - [2025-08-11T11:39:33.169+0000] {dag.py:3954} INFO - Setting next_dagrun for consume_1_or_both_2_and_3_with_dataset_expressions to None, run_after=None
[2025-08-11T11:39:33.170+0000] {logging_mixin.py:188} INFO - [2025-08-11T11:39:33.170+0000] {dag.py:3954} INFO - Setting next_dagrun for dataset_consumes_1 to None, run_after=None
[2025-08-11T11:39:33.171+0000] {logging_mixin.py:188} INFO - [2025-08-11T11:39:33.171+0000] {dag.py:3954} INFO - Setting next_dagrun for dataset_consumes_1_and_2 to None, run_after=None
[2025-08-11T11:39:33.172+0000] {logging_mixin.py:188} INFO - [2025-08-11T11:39:33.171+0000] {dag.py:3954} INFO - Setting next_dagrun for dataset_consumes_1_never_scheduled to None, run_after=None
[2025-08-11T11:39:33.172+0000] {logging_mixin.py:188} INFO - [2025-08-11T11:39:33.172+0000] {dag.py:3954} INFO - Setting next_dagrun for dataset_consumes_unknown_never_scheduled to None, run_after=None
[2025-08-11T11:39:33.174+0000] {logging_mixin.py:188} INFO - [2025-08-11T11:39:33.174+0000] {dag.py:3954} INFO - Setting next_dagrun for dataset_produces_1 to 2025-08-10 00:00:00+00:00, run_after=2025-08-11 00:00:00+00:00
[2025-08-11T11:39:33.174+0000] {logging_mixin.py:188} INFO - [2025-08-11T11:39:33.174+0000] {dag.py:3954} INFO - Setting next_dagrun for dataset_produces_2 to None, run_after=None
[2025-08-11T11:39:33.195+0000] {processor.py:183} INFO - Processing /home/airflow/.local/lib/python3.12/site-packages/airflow/example_dags/example_datasets.py took 0.096 seconds
[2025-08-11T11:40:03.415+0000] {processor.py:161} INFO - Started process (PID=587) to work on /home/airflow/.local/lib/python3.12/site-packages/airflow/example_dags/example_datasets.py
[2025-08-11T11:40:03.417+0000] {processor.py:830} INFO - Processing file /home/airflow/.local/lib/python3.12/site-packages/airflow/example_dags/example_datasets.py for tasks to queue
[2025-08-11T11:40:03.419+0000] {logging_mixin.py:188} INFO - [2025-08-11T11:40:03.419+0000] {dagbag.py:545} INFO - Filling up the DagBag from /home/airflow/.local/lib/python3.12/site-packages/airflow/example_dags/example_datasets.py
[2025-08-11T11:40:03.431+0000] {processor.py:840} INFO - DAG(s) 'dataset_produces_2', 'dataset_consumes_1_and_2', 'consume_1_or_both_2_and_3_with_dataset_expressions', 'dataset_consumes_unknown_never_scheduled', 'consume_1_and_2_with_dataset_expressions', 'dataset_consumes_1', 'dataset_produces_1', 'consume_1_or_2_with_dataset_expressions', 'conditional_dataset_and_time_based_timetable', 'dataset_consumes_1_never_scheduled' retrieved from /home/airflow/.local/lib/python3.12/site-packages/airflow/example_dags/example_datasets.py
[2025-08-11T11:40:03.467+0000] {logging_mixin.py:188} INFO - [2025-08-11T11:40:03.467+0000] {dag.py:3096} INFO - Sync 10 DAGs
[2025-08-11T11:40:03.483+0000] {logging_mixin.py:188} INFO - [2025-08-11T11:40:03.483+0000] {dag.py:3954} INFO - Setting next_dagrun for conditional_dataset_and_time_based_timetable to 2025-08-06 01:00:00+00:00, run_after=2025-08-06 01:00:00+00:00
[2025-08-11T11:40:03.485+0000] {logging_mixin.py:188} INFO - [2025-08-11T11:40:03.485+0000] {dag.py:3954} INFO - Setting next_dagrun for consume_1_and_2_with_dataset_expressions to None, run_after=None
[2025-08-11T11:40:03.486+0000] {logging_mixin.py:188} INFO - [2025-08-11T11:40:03.486+0000] {dag.py:3954} INFO - Setting next_dagrun for consume_1_or_2_with_dataset_expressions to None, run_after=None
[2025-08-11T11:40:03.487+0000] {logging_mixin.py:188} INFO - [2025-08-11T11:40:03.487+0000] {dag.py:3954} INFO - Setting next_dagrun for consume_1_or_both_2_and_3_with_dataset_expressions to None, run_after=None
[2025-08-11T11:40:03.488+0000] {logging_mixin.py:188} INFO - [2025-08-11T11:40:03.488+0000] {dag.py:3954} INFO - Setting next_dagrun for dataset_consumes_1 to None, run_after=None
[2025-08-11T11:40:03.488+0000] {logging_mixin.py:188} INFO - [2025-08-11T11:40:03.488+0000] {dag.py:3954} INFO - Setting next_dagrun for dataset_consumes_1_and_2 to None, run_after=None
[2025-08-11T11:40:03.489+0000] {logging_mixin.py:188} INFO - [2025-08-11T11:40:03.489+0000] {dag.py:3954} INFO - Setting next_dagrun for dataset_consumes_1_never_scheduled to None, run_after=None
[2025-08-11T11:40:03.490+0000] {logging_mixin.py:188} INFO - [2025-08-11T11:40:03.490+0000] {dag.py:3954} INFO - Setting next_dagrun for dataset_consumes_unknown_never_scheduled to None, run_after=None
[2025-08-11T11:40:03.492+0000] {logging_mixin.py:188} INFO - [2025-08-11T11:40:03.492+0000] {dag.py:3954} INFO - Setting next_dagrun for dataset_produces_1 to 2025-08-10 00:00:00+00:00, run_after=2025-08-11 00:00:00+00:00
[2025-08-11T11:40:03.493+0000] {logging_mixin.py:188} INFO - [2025-08-11T11:40:03.493+0000] {dag.py:3954} INFO - Setting next_dagrun for dataset_produces_2 to None, run_after=None
[2025-08-11T11:40:03.519+0000] {processor.py:183} INFO - Processing /home/airflow/.local/lib/python3.12/site-packages/airflow/example_dags/example_datasets.py took 0.109 seconds
[2025-08-11T11:40:33.863+0000] {processor.py:161} INFO - Started process (PID=645) to work on /home/airflow/.local/lib/python3.12/site-packages/airflow/example_dags/example_datasets.py
[2025-08-11T11:40:33.865+0000] {processor.py:830} INFO - Processing file /home/airflow/.local/lib/python3.12/site-packages/airflow/example_dags/example_datasets.py for tasks to queue
[2025-08-11T11:40:33.868+0000] {logging_mixin.py:188} INFO - [2025-08-11T11:40:33.868+0000] {dagbag.py:545} INFO - Filling up the DagBag from /home/airflow/.local/lib/python3.12/site-packages/airflow/example_dags/example_datasets.py
[2025-08-11T11:40:33.893+0000] {processor.py:840} INFO - DAG(s) 'dataset_consumes_1', 'dataset_consumes_unknown_never_scheduled', 'dataset_produces_2', 'dataset_produces_1', 'dataset_consumes_1_never_scheduled', 'consume_1_or_both_2_and_3_with_dataset_expressions', 'conditional_dataset_and_time_based_timetable', 'consume_1_and_2_with_dataset_expressions', 'dataset_consumes_1_and_2', 'consume_1_or_2_with_dataset_expressions' retrieved from /home/airflow/.local/lib/python3.12/site-packages/airflow/example_dags/example_datasets.py
[2025-08-11T11:40:33.948+0000] {logging_mixin.py:188} INFO - [2025-08-11T11:40:33.948+0000] {dag.py:3096} INFO - Sync 10 DAGs
[2025-08-11T11:40:33.974+0000] {logging_mixin.py:188} INFO - [2025-08-11T11:40:33.974+0000] {dag.py:3954} INFO - Setting next_dagrun for conditional_dataset_and_time_based_timetable to 2025-08-06 01:00:00+00:00, run_after=2025-08-06 01:00:00+00:00
[2025-08-11T11:40:33.979+0000] {logging_mixin.py:188} INFO - [2025-08-11T11:40:33.978+0000] {dag.py:3954} INFO - Setting next_dagrun for consume_1_and_2_with_dataset_expressions to None, run_after=None
[2025-08-11T11:40:33.980+0000] {logging_mixin.py:188} INFO - [2025-08-11T11:40:33.980+0000] {dag.py:3954} INFO - Setting next_dagrun for consume_1_or_2_with_dataset_expressions to None, run_after=None
[2025-08-11T11:40:33.981+0000] {logging_mixin.py:188} INFO - [2025-08-11T11:40:33.981+0000] {dag.py:3954} INFO - Setting next_dagrun for consume_1_or_both_2_and_3_with_dataset_expressions to None, run_after=None
[2025-08-11T11:40:33.985+0000] {logging_mixin.py:188} INFO - [2025-08-11T11:40:33.985+0000] {dag.py:3954} INFO - Setting next_dagrun for dataset_consumes_1 to None, run_after=None
[2025-08-11T11:40:33.986+0000] {logging_mixin.py:188} INFO - [2025-08-11T11:40:33.986+0000] {dag.py:3954} INFO - Setting next_dagrun for dataset_consumes_1_and_2 to None, run_after=None
[2025-08-11T11:40:33.988+0000] {logging_mixin.py:188} INFO - [2025-08-11T11:40:33.988+0000] {dag.py:3954} INFO - Setting next_dagrun for dataset_consumes_1_never_scheduled to None, run_after=None
[2025-08-11T11:40:33.991+0000] {logging_mixin.py:188} INFO - [2025-08-11T11:40:33.990+0000] {dag.py:3954} INFO - Setting next_dagrun for dataset_consumes_unknown_never_scheduled to None, run_after=None
[2025-08-11T11:40:33.996+0000] {logging_mixin.py:188} INFO - [2025-08-11T11:40:33.995+0000] {dag.py:3954} INFO - Setting next_dagrun for dataset_produces_1 to 2025-08-10 00:00:00+00:00, run_after=2025-08-11 00:00:00+00:00
[2025-08-11T11:40:33.997+0000] {logging_mixin.py:188} INFO - [2025-08-11T11:40:33.997+0000] {dag.py:3954} INFO - Setting next_dagrun for dataset_produces_2 to None, run_after=None
[2025-08-11T11:40:34.043+0000] {processor.py:183} INFO - Processing /home/airflow/.local/lib/python3.12/site-packages/airflow/example_dags/example_datasets.py took 0.196 seconds
[2025-08-11T11:41:04.355+0000] {processor.py:161} INFO - Started process (PID=703) to work on /home/airflow/.local/lib/python3.12/site-packages/airflow/example_dags/example_datasets.py
[2025-08-11T11:41:04.356+0000] {processor.py:830} INFO - Processing file /home/airflow/.local/lib/python3.12/site-packages/airflow/example_dags/example_datasets.py for tasks to queue
[2025-08-11T11:41:04.358+0000] {logging_mixin.py:188} INFO - [2025-08-11T11:41:04.357+0000] {dagbag.py:545} INFO - Filling up the DagBag from /home/airflow/.local/lib/python3.12/site-packages/airflow/example_dags/example_datasets.py
[2025-08-11T11:41:04.376+0000] {processor.py:840} INFO - DAG(s) 'consume_1_and_2_with_dataset_expressions', 'dataset_produces_1', 'dataset_consumes_unknown_never_scheduled', 'dataset_consumes_1_and_2', 'consume_1_or_both_2_and_3_with_dataset_expressions', 'dataset_consumes_1', 'consume_1_or_2_with_dataset_expressions', 'dataset_produces_2', 'conditional_dataset_and_time_based_timetable', 'dataset_consumes_1_never_scheduled' retrieved from /home/airflow/.local/lib/python3.12/site-packages/airflow/example_dags/example_datasets.py
[2025-08-11T11:41:04.418+0000] {logging_mixin.py:188} INFO - [2025-08-11T11:41:04.418+0000] {dag.py:3096} INFO - Sync 10 DAGs
[2025-08-11T11:41:04.440+0000] {logging_mixin.py:188} INFO - [2025-08-11T11:41:04.440+0000] {dag.py:3954} INFO - Setting next_dagrun for conditional_dataset_and_time_based_timetable to 2025-08-06 01:00:00+00:00, run_after=2025-08-06 01:00:00+00:00
[2025-08-11T11:41:04.446+0000] {logging_mixin.py:188} INFO - [2025-08-11T11:41:04.446+0000] {dag.py:3954} INFO - Setting next_dagrun for consume_1_and_2_with_dataset_expressions to None, run_after=None
[2025-08-11T11:41:04.447+0000] {logging_mixin.py:188} INFO - [2025-08-11T11:41:04.447+0000] {dag.py:3954} INFO - Setting next_dagrun for consume_1_or_2_with_dataset_expressions to None, run_after=None
[2025-08-11T11:41:04.448+0000] {logging_mixin.py:188} INFO - [2025-08-11T11:41:04.448+0000] {dag.py:3954} INFO - Setting next_dagrun for consume_1_or_both_2_and_3_with_dataset_expressions to None, run_after=None
[2025-08-11T11:41:04.448+0000] {logging_mixin.py:188} INFO - [2025-08-11T11:41:04.448+0000] {dag.py:3954} INFO - Setting next_dagrun for dataset_consumes_1 to None, run_after=None
[2025-08-11T11:41:04.449+0000] {logging_mixin.py:188} INFO - [2025-08-11T11:41:04.449+0000] {dag.py:3954} INFO - Setting next_dagrun for dataset_consumes_1_and_2 to None, run_after=None
[2025-08-11T11:41:04.450+0000] {logging_mixin.py:188} INFO - [2025-08-11T11:41:04.450+0000] {dag.py:3954} INFO - Setting next_dagrun for dataset_consumes_1_never_scheduled to None, run_after=None
[2025-08-11T11:41:04.452+0000] {logging_mixin.py:188} INFO - [2025-08-11T11:41:04.451+0000] {dag.py:3954} INFO - Setting next_dagrun for dataset_consumes_unknown_never_scheduled to None, run_after=None
[2025-08-11T11:41:04.453+0000] {logging_mixin.py:188} INFO - [2025-08-11T11:41:04.453+0000] {dag.py:3954} INFO - Setting next_dagrun for dataset_produces_1 to 2025-08-10 00:00:00+00:00, run_after=2025-08-11 00:00:00+00:00
[2025-08-11T11:41:04.455+0000] {logging_mixin.py:188} INFO - [2025-08-11T11:41:04.455+0000] {dag.py:3954} INFO - Setting next_dagrun for dataset_produces_2 to None, run_after=None
[2025-08-11T11:41:04.487+0000] {processor.py:183} INFO - Processing /home/airflow/.local/lib/python3.12/site-packages/airflow/example_dags/example_datasets.py took 0.140 seconds
[2025-08-11T11:41:34.758+0000] {processor.py:161} INFO - Started process (PID=761) to work on /home/airflow/.local/lib/python3.12/site-packages/airflow/example_dags/example_datasets.py
[2025-08-11T11:41:34.763+0000] {processor.py:830} INFO - Processing file /home/airflow/.local/lib/python3.12/site-packages/airflow/example_dags/example_datasets.py for tasks to queue
[2025-08-11T11:41:34.764+0000] {logging_mixin.py:188} INFO - [2025-08-11T11:41:34.764+0000] {dagbag.py:545} INFO - Filling up the DagBag from /home/airflow/.local/lib/python3.12/site-packages/airflow/example_dags/example_datasets.py
[2025-08-11T11:41:34.783+0000] {processor.py:840} INFO - DAG(s) 'dataset_produces_1', 'dataset_consumes_1_and_2', 'dataset_produces_2', 'conditional_dataset_and_time_based_timetable', 'dataset_consumes_1_never_scheduled', 'dataset_consumes_1', 'consume_1_or_2_with_dataset_expressions', 'consume_1_or_both_2_and_3_with_dataset_expressions', 'dataset_consumes_unknown_never_scheduled', 'consume_1_and_2_with_dataset_expressions' retrieved from /home/airflow/.local/lib/python3.12/site-packages/airflow/example_dags/example_datasets.py
[2025-08-11T11:41:34.824+0000] {logging_mixin.py:188} INFO - [2025-08-11T11:41:34.823+0000] {dag.py:3096} INFO - Sync 10 DAGs
[2025-08-11T11:41:34.845+0000] {logging_mixin.py:188} INFO - [2025-08-11T11:41:34.845+0000] {dag.py:3954} INFO - Setting next_dagrun for conditional_dataset_and_time_based_timetable to 2025-08-06 01:00:00+00:00, run_after=2025-08-06 01:00:00+00:00
[2025-08-11T11:41:34.849+0000] {logging_mixin.py:188} INFO - [2025-08-11T11:41:34.849+0000] {dag.py:3954} INFO - Setting next_dagrun for consume_1_and_2_with_dataset_expressions to None, run_after=None
[2025-08-11T11:41:34.852+0000] {logging_mixin.py:188} INFO - [2025-08-11T11:41:34.852+0000] {dag.py:3954} INFO - Setting next_dagrun for consume_1_or_2_with_dataset_expressions to None, run_after=None
[2025-08-11T11:41:34.854+0000] {logging_mixin.py:188} INFO - [2025-08-11T11:41:34.854+0000] {dag.py:3954} INFO - Setting next_dagrun for consume_1_or_both_2_and_3_with_dataset_expressions to None, run_after=None
[2025-08-11T11:41:34.855+0000] {logging_mixin.py:188} INFO - [2025-08-11T11:41:34.855+0000] {dag.py:3954} INFO - Setting next_dagrun for dataset_consumes_1 to None, run_after=None
[2025-08-11T11:41:34.858+0000] {logging_mixin.py:188} INFO - [2025-08-11T11:41:34.857+0000] {dag.py:3954} INFO - Setting next_dagrun for dataset_consumes_1_and_2 to None, run_after=None
[2025-08-11T11:41:34.858+0000] {logging_mixin.py:188} INFO - [2025-08-11T11:41:34.858+0000] {dag.py:3954} INFO - Setting next_dagrun for dataset_consumes_1_never_scheduled to None, run_after=None
[2025-08-11T11:41:34.859+0000] {logging_mixin.py:188} INFO - [2025-08-11T11:41:34.859+0000] {dag.py:3954} INFO - Setting next_dagrun for dataset_consumes_unknown_never_scheduled to None, run_after=None
[2025-08-11T11:41:34.863+0000] {logging_mixin.py:188} INFO - [2025-08-11T11:41:34.862+0000] {dag.py:3954} INFO - Setting next_dagrun for dataset_produces_1 to 2025-08-10 00:00:00+00:00, run_after=2025-08-11 00:00:00+00:00
[2025-08-11T11:41:34.863+0000] {logging_mixin.py:188} INFO - [2025-08-11T11:41:34.863+0000] {dag.py:3954} INFO - Setting next_dagrun for dataset_produces_2 to None, run_after=None
[2025-08-11T11:41:34.891+0000] {processor.py:183} INFO - Processing /home/airflow/.local/lib/python3.12/site-packages/airflow/example_dags/example_datasets.py took 0.148 seconds
[2025-08-11T11:42:04.983+0000] {processor.py:161} INFO - Started process (PID=820) to work on /home/airflow/.local/lib/python3.12/site-packages/airflow/example_dags/example_datasets.py
[2025-08-11T11:42:04.984+0000] {processor.py:830} INFO - Processing file /home/airflow/.local/lib/python3.12/site-packages/airflow/example_dags/example_datasets.py for tasks to queue
[2025-08-11T11:42:04.985+0000] {logging_mixin.py:188} INFO - [2025-08-11T11:42:04.985+0000] {dagbag.py:545} INFO - Filling up the DagBag from /home/airflow/.local/lib/python3.12/site-packages/airflow/example_dags/example_datasets.py
[2025-08-11T11:42:04.994+0000] {processor.py:840} INFO - DAG(s) 'dataset_produces_2', 'dataset_consumes_1_and_2', 'dataset_produces_1', 'consume_1_and_2_with_dataset_expressions', 'consume_1_or_both_2_and_3_with_dataset_expressions', 'dataset_consumes_1', 'dataset_consumes_1_never_scheduled', 'dataset_consumes_unknown_never_scheduled', 'conditional_dataset_and_time_based_timetable', 'consume_1_or_2_with_dataset_expressions' retrieved from /home/airflow/.local/lib/python3.12/site-packages/airflow/example_dags/example_datasets.py
[2025-08-11T11:42:05.023+0000] {logging_mixin.py:188} INFO - [2025-08-11T11:42:05.023+0000] {dag.py:3096} INFO - Sync 10 DAGs
[2025-08-11T11:42:05.039+0000] {logging_mixin.py:188} INFO - [2025-08-11T11:42:05.039+0000] {dag.py:3954} INFO - Setting next_dagrun for conditional_dataset_and_time_based_timetable to 2025-08-06 01:00:00+00:00, run_after=2025-08-06 01:00:00+00:00
[2025-08-11T11:42:05.042+0000] {logging_mixin.py:188} INFO - [2025-08-11T11:42:05.042+0000] {dag.py:3954} INFO - Setting next_dagrun for consume_1_and_2_with_dataset_expressions to None, run_after=None
[2025-08-11T11:42:05.043+0000] {logging_mixin.py:188} INFO - [2025-08-11T11:42:05.043+0000] {dag.py:3954} INFO - Setting next_dagrun for consume_1_or_2_with_dataset_expressions to None, run_after=None
[2025-08-11T11:42:05.044+0000] {logging_mixin.py:188} INFO - [2025-08-11T11:42:05.044+0000] {dag.py:3954} INFO - Setting next_dagrun for consume_1_or_both_2_and_3_with_dataset_expressions to None, run_after=None
[2025-08-11T11:42:05.044+0000] {logging_mixin.py:188} INFO - [2025-08-11T11:42:05.044+0000] {dag.py:3954} INFO - Setting next_dagrun for dataset_consumes_1 to None, run_after=None
[2025-08-11T11:42:05.045+0000] {logging_mixin.py:188} INFO - [2025-08-11T11:42:05.045+0000] {dag.py:3954} INFO - Setting next_dagrun for dataset_consumes_1_and_2 to None, run_after=None
[2025-08-11T11:42:05.046+0000] {logging_mixin.py:188} INFO - [2025-08-11T11:42:05.046+0000] {dag.py:3954} INFO - Setting next_dagrun for dataset_consumes_1_never_scheduled to None, run_after=None
[2025-08-11T11:42:05.046+0000] {logging_mixin.py:188} INFO - [2025-08-11T11:42:05.046+0000] {dag.py:3954} INFO - Setting next_dagrun for dataset_consumes_unknown_never_scheduled to None, run_after=None
[2025-08-11T11:42:05.047+0000] {logging_mixin.py:188} INFO - [2025-08-11T11:42:05.047+0000] {dag.py:3954} INFO - Setting next_dagrun for dataset_produces_1 to 2025-08-10 00:00:00+00:00, run_after=2025-08-11 00:00:00+00:00
[2025-08-11T11:42:05.048+0000] {logging_mixin.py:188} INFO - [2025-08-11T11:42:05.048+0000] {dag.py:3954} INFO - Setting next_dagrun for dataset_produces_2 to None, run_after=None
[2025-08-11T11:42:05.069+0000] {processor.py:183} INFO - Processing /home/airflow/.local/lib/python3.12/site-packages/airflow/example_dags/example_datasets.py took 0.090 seconds
[2025-08-11T11:42:35.413+0000] {processor.py:161} INFO - Started process (PID=877) to work on /home/airflow/.local/lib/python3.12/site-packages/airflow/example_dags/example_datasets.py
[2025-08-11T11:42:35.415+0000] {processor.py:830} INFO - Processing file /home/airflow/.local/lib/python3.12/site-packages/airflow/example_dags/example_datasets.py for tasks to queue
[2025-08-11T11:42:35.417+0000] {logging_mixin.py:188} INFO - [2025-08-11T11:42:35.417+0000] {dagbag.py:545} INFO - Filling up the DagBag from /home/airflow/.local/lib/python3.12/site-packages/airflow/example_dags/example_datasets.py
[2025-08-11T11:42:35.430+0000] {processor.py:840} INFO - DAG(s) 'dataset_produces_1', 'dataset_consumes_1', 'conditional_dataset_and_time_based_timetable', 'consume_1_or_2_with_dataset_expressions', 'consume_1_and_2_with_dataset_expressions', 'dataset_consumes_1_and_2', 'dataset_produces_2', 'consume_1_or_both_2_and_3_with_dataset_expressions', 'dataset_consumes_unknown_never_scheduled', 'dataset_consumes_1_never_scheduled' retrieved from /home/airflow/.local/lib/python3.12/site-packages/airflow/example_dags/example_datasets.py
[2025-08-11T11:42:35.462+0000] {logging_mixin.py:188} INFO - [2025-08-11T11:42:35.462+0000] {dag.py:3096} INFO - Sync 10 DAGs
[2025-08-11T11:42:35.478+0000] {logging_mixin.py:188} INFO - [2025-08-11T11:42:35.478+0000] {dag.py:3954} INFO - Setting next_dagrun for conditional_dataset_and_time_based_timetable to 2025-08-06 01:00:00+00:00, run_after=2025-08-06 01:00:00+00:00
[2025-08-11T11:42:35.481+0000] {logging_mixin.py:188} INFO - [2025-08-11T11:42:35.481+0000] {dag.py:3954} INFO - Setting next_dagrun for consume_1_and_2_with_dataset_expressions to None, run_after=None
[2025-08-11T11:42:35.482+0000] {logging_mixin.py:188} INFO - [2025-08-11T11:42:35.482+0000] {dag.py:3954} INFO - Setting next_dagrun for consume_1_or_2_with_dataset_expressions to None, run_after=None
[2025-08-11T11:42:35.483+0000] {logging_mixin.py:188} INFO - [2025-08-11T11:42:35.483+0000] {dag.py:3954} INFO - Setting next_dagrun for consume_1_or_both_2_and_3_with_dataset_expressions to None, run_after=None
[2025-08-11T11:42:35.484+0000] {logging_mixin.py:188} INFO - [2025-08-11T11:42:35.484+0000] {dag.py:3954} INFO - Setting next_dagrun for dataset_consumes_1 to None, run_after=None
[2025-08-11T11:42:35.485+0000] {logging_mixin.py:188} INFO - [2025-08-11T11:42:35.485+0000] {dag.py:3954} INFO - Setting next_dagrun for dataset_consumes_1_and_2 to None, run_after=None
[2025-08-11T11:42:35.486+0000] {logging_mixin.py:188} INFO - [2025-08-11T11:42:35.486+0000] {dag.py:3954} INFO - Setting next_dagrun for dataset_consumes_1_never_scheduled to None, run_after=None
[2025-08-11T11:42:35.487+0000] {logging_mixin.py:188} INFO - [2025-08-11T11:42:35.486+0000] {dag.py:3954} INFO - Setting next_dagrun for dataset_consumes_unknown_never_scheduled to None, run_after=None
[2025-08-11T11:42:35.488+0000] {logging_mixin.py:188} INFO - [2025-08-11T11:42:35.488+0000] {dag.py:3954} INFO - Setting next_dagrun for dataset_produces_1 to 2025-08-10 00:00:00+00:00, run_after=2025-08-11 00:00:00+00:00
[2025-08-11T11:42:35.489+0000] {logging_mixin.py:188} INFO - [2025-08-11T11:42:35.489+0000] {dag.py:3954} INFO - Setting next_dagrun for dataset_produces_2 to None, run_after=None
[2025-08-11T11:42:35.510+0000] {processor.py:183} INFO - Processing /home/airflow/.local/lib/python3.12/site-packages/airflow/example_dags/example_datasets.py took 0.106 seconds
[2025-08-11T11:43:05.991+0000] {processor.py:161} INFO - Started process (PID=935) to work on /home/airflow/.local/lib/python3.12/site-packages/airflow/example_dags/example_datasets.py
[2025-08-11T11:43:05.993+0000] {processor.py:830} INFO - Processing file /home/airflow/.local/lib/python3.12/site-packages/airflow/example_dags/example_datasets.py for tasks to queue
[2025-08-11T11:43:05.997+0000] {logging_mixin.py:188} INFO - [2025-08-11T11:43:05.996+0000] {dagbag.py:545} INFO - Filling up the DagBag from /home/airflow/.local/lib/python3.12/site-packages/airflow/example_dags/example_datasets.py
[2025-08-11T11:43:06.023+0000] {processor.py:840} INFO - DAG(s) 'consume_1_or_both_2_and_3_with_dataset_expressions', 'dataset_consumes_1_never_scheduled', 'dataset_consumes_1_and_2', 'dataset_produces_1', 'dataset_produces_2', 'dataset_consumes_unknown_never_scheduled', 'dataset_consumes_1', 'conditional_dataset_and_time_based_timetable', 'consume_1_or_2_with_dataset_expressions', 'consume_1_and_2_with_dataset_expressions' retrieved from /home/airflow/.local/lib/python3.12/site-packages/airflow/example_dags/example_datasets.py
[2025-08-11T11:43:06.084+0000] {logging_mixin.py:188} INFO - [2025-08-11T11:43:06.084+0000] {dag.py:3096} INFO - Sync 10 DAGs
[2025-08-11T11:43:06.110+0000] {logging_mixin.py:188} INFO - [2025-08-11T11:43:06.110+0000] {dag.py:3954} INFO - Setting next_dagrun for conditional_dataset_and_time_based_timetable to 2025-08-06 01:00:00+00:00, run_after=2025-08-06 01:00:00+00:00
[2025-08-11T11:43:06.113+0000] {logging_mixin.py:188} INFO - [2025-08-11T11:43:06.113+0000] {dag.py:3954} INFO - Setting next_dagrun for consume_1_and_2_with_dataset_expressions to None, run_after=None
[2025-08-11T11:43:06.114+0000] {logging_mixin.py:188} INFO - [2025-08-11T11:43:06.114+0000] {dag.py:3954} INFO - Setting next_dagrun for consume_1_or_2_with_dataset_expressions to None, run_after=None
[2025-08-11T11:43:06.115+0000] {logging_mixin.py:188} INFO - [2025-08-11T11:43:06.115+0000] {dag.py:3954} INFO - Setting next_dagrun for consume_1_or_both_2_and_3_with_dataset_expressions to None, run_after=None
[2025-08-11T11:43:06.116+0000] {logging_mixin.py:188} INFO - [2025-08-11T11:43:06.116+0000] {dag.py:3954} INFO - Setting next_dagrun for dataset_consumes_1 to None, run_after=None
[2025-08-11T11:43:06.117+0000] {logging_mixin.py:188} INFO - [2025-08-11T11:43:06.117+0000] {dag.py:3954} INFO - Setting next_dagrun for dataset_consumes_1_and_2 to None, run_after=None
[2025-08-11T11:43:06.119+0000] {logging_mixin.py:188} INFO - [2025-08-11T11:43:06.119+0000] {dag.py:3954} INFO - Setting next_dagrun for dataset_consumes_1_never_scheduled to None, run_after=None
[2025-08-11T11:43:06.123+0000] {logging_mixin.py:188} INFO - [2025-08-11T11:43:06.122+0000] {dag.py:3954} INFO - Setting next_dagrun for dataset_consumes_unknown_never_scheduled to None, run_after=None
[2025-08-11T11:43:06.124+0000] {logging_mixin.py:188} INFO - [2025-08-11T11:43:06.124+0000] {dag.py:3954} INFO - Setting next_dagrun for dataset_produces_1 to 2025-08-10 00:00:00+00:00, run_after=2025-08-11 00:00:00+00:00
[2025-08-11T11:43:06.125+0000] {logging_mixin.py:188} INFO - [2025-08-11T11:43:06.125+0000] {dag.py:3954} INFO - Setting next_dagrun for dataset_produces_2 to None, run_after=None
[2025-08-11T11:43:06.157+0000] {processor.py:183} INFO - Processing /home/airflow/.local/lib/python3.12/site-packages/airflow/example_dags/example_datasets.py took 0.172 seconds
[2025-08-11T11:43:36.231+0000] {processor.py:161} INFO - Started process (PID=994) to work on /home/airflow/.local/lib/python3.12/site-packages/airflow/example_dags/example_datasets.py
[2025-08-11T11:43:36.232+0000] {processor.py:830} INFO - Processing file /home/airflow/.local/lib/python3.12/site-packages/airflow/example_dags/example_datasets.py for tasks to queue
[2025-08-11T11:43:36.234+0000] {logging_mixin.py:188} INFO - [2025-08-11T11:43:36.234+0000] {dagbag.py:545} INFO - Filling up the DagBag from /home/airflow/.local/lib/python3.12/site-packages/airflow/example_dags/example_datasets.py
[2025-08-11T11:43:36.246+0000] {processor.py:840} INFO - DAG(s) 'dataset_consumes_unknown_never_scheduled', 'dataset_produces_2', 'consume_1_and_2_with_dataset_expressions', 'dataset_consumes_1_never_scheduled', 'dataset_consumes_1', 'dataset_consumes_1_and_2', 'consume_1_or_2_with_dataset_expressions', 'dataset_produces_1', 'conditional_dataset_and_time_based_timetable', 'consume_1_or_both_2_and_3_with_dataset_expressions' retrieved from /home/airflow/.local/lib/python3.12/site-packages/airflow/example_dags/example_datasets.py
[2025-08-11T11:43:36.287+0000] {logging_mixin.py:188} INFO - [2025-08-11T11:43:36.287+0000] {dag.py:3096} INFO - Sync 10 DAGs
[2025-08-11T11:43:36.304+0000] {logging_mixin.py:188} INFO - [2025-08-11T11:43:36.304+0000] {dag.py:3954} INFO - Setting next_dagrun for conditional_dataset_and_time_based_timetable to 2025-08-06 01:00:00+00:00, run_after=2025-08-06 01:00:00+00:00
[2025-08-11T11:43:36.307+0000] {logging_mixin.py:188} INFO - [2025-08-11T11:43:36.307+0000] {dag.py:3954} INFO - Setting next_dagrun for consume_1_and_2_with_dataset_expressions to None, run_after=None
[2025-08-11T11:43:36.309+0000] {logging_mixin.py:188} INFO - [2025-08-11T11:43:36.308+0000] {dag.py:3954} INFO - Setting next_dagrun for consume_1_or_2_with_dataset_expressions to None, run_after=None
[2025-08-11T11:43:36.311+0000] {logging_mixin.py:188} INFO - [2025-08-11T11:43:36.311+0000] {dag.py:3954} INFO - Setting next_dagrun for consume_1_or_both_2_and_3_with_dataset_expressions to None, run_after=None
[2025-08-11T11:43:36.312+0000] {logging_mixin.py:188} INFO - [2025-08-11T11:43:36.312+0000] {dag.py:3954} INFO - Setting next_dagrun for dataset_consumes_1 to None, run_after=None
[2025-08-11T11:43:36.312+0000] {logging_mixin.py:188} INFO - [2025-08-11T11:43:36.312+0000] {dag.py:3954} INFO - Setting next_dagrun for dataset_consumes_1_and_2 to None, run_after=None
[2025-08-11T11:43:36.313+0000] {logging_mixin.py:188} INFO - [2025-08-11T11:43:36.313+0000] {dag.py:3954} INFO - Setting next_dagrun for dataset_consumes_1_never_scheduled to None, run_after=None
[2025-08-11T11:43:36.316+0000] {logging_mixin.py:188} INFO - [2025-08-11T11:43:36.315+0000] {dag.py:3954} INFO - Setting next_dagrun for dataset_consumes_unknown_never_scheduled to None, run_after=None
[2025-08-11T11:43:36.317+0000] {logging_mixin.py:188} INFO - [2025-08-11T11:43:36.317+0000] {dag.py:3954} INFO - Setting next_dagrun for dataset_produces_1 to 2025-08-10 00:00:00+00:00, run_after=2025-08-11 00:00:00+00:00
[2025-08-11T11:43:36.318+0000] {logging_mixin.py:188} INFO - [2025-08-11T11:43:36.318+0000] {dag.py:3954} INFO - Setting next_dagrun for dataset_produces_2 to None, run_after=None
[2025-08-11T11:43:36.340+0000] {processor.py:183} INFO - Processing /home/airflow/.local/lib/python3.12/site-packages/airflow/example_dags/example_datasets.py took 0.114 seconds
[2025-08-11T11:44:06.454+0000] {processor.py:161} INFO - Started process (PID=1051) to work on /home/airflow/.local/lib/python3.12/site-packages/airflow/example_dags/example_datasets.py
[2025-08-11T11:44:06.455+0000] {processor.py:830} INFO - Processing file /home/airflow/.local/lib/python3.12/site-packages/airflow/example_dags/example_datasets.py for tasks to queue
[2025-08-11T11:44:06.456+0000] {logging_mixin.py:188} INFO - [2025-08-11T11:44:06.456+0000] {dagbag.py:545} INFO - Filling up the DagBag from /home/airflow/.local/lib/python3.12/site-packages/airflow/example_dags/example_datasets.py
[2025-08-11T11:44:06.469+0000] {processor.py:840} INFO - DAG(s) 'dataset_produces_1', 'dataset_produces_2', 'dataset_consumes_1_never_scheduled', 'dataset_consumes_1_and_2', 'dataset_consumes_1', 'conditional_dataset_and_time_based_timetable', 'consume_1_or_both_2_and_3_with_dataset_expressions', 'dataset_consumes_unknown_never_scheduled', 'consume_1_and_2_with_dataset_expressions', 'consume_1_or_2_with_dataset_expressions' retrieved from /home/airflow/.local/lib/python3.12/site-packages/airflow/example_dags/example_datasets.py
[2025-08-11T11:44:06.502+0000] {logging_mixin.py:188} INFO - [2025-08-11T11:44:06.502+0000] {dag.py:3096} INFO - Sync 10 DAGs
[2025-08-11T11:44:06.518+0000] {logging_mixin.py:188} INFO - [2025-08-11T11:44:06.518+0000] {dag.py:3954} INFO - Setting next_dagrun for conditional_dataset_and_time_based_timetable to 2025-08-06 01:00:00+00:00, run_after=2025-08-06 01:00:00+00:00
[2025-08-11T11:44:06.521+0000] {logging_mixin.py:188} INFO - [2025-08-11T11:44:06.521+0000] {dag.py:3954} INFO - Setting next_dagrun for consume_1_and_2_with_dataset_expressions to None, run_after=None
[2025-08-11T11:44:06.522+0000] {logging_mixin.py:188} INFO - [2025-08-11T11:44:06.522+0000] {dag.py:3954} INFO - Setting next_dagrun for consume_1_or_2_with_dataset_expressions to None, run_after=None
[2025-08-11T11:44:06.523+0000] {logging_mixin.py:188} INFO - [2025-08-11T11:44:06.523+0000] {dag.py:3954} INFO - Setting next_dagrun for consume_1_or_both_2_and_3_with_dataset_expressions to None, run_after=None
[2025-08-11T11:44:06.524+0000] {logging_mixin.py:188} INFO - [2025-08-11T11:44:06.524+0000] {dag.py:3954} INFO - Setting next_dagrun for dataset_consumes_1 to None, run_after=None
[2025-08-11T11:44:06.524+0000] {logging_mixin.py:188} INFO - [2025-08-11T11:44:06.524+0000] {dag.py:3954} INFO - Setting next_dagrun for dataset_consumes_1_and_2 to None, run_after=None
[2025-08-11T11:44:06.527+0000] {logging_mixin.py:188} INFO - [2025-08-11T11:44:06.527+0000] {dag.py:3954} INFO - Setting next_dagrun for dataset_consumes_1_never_scheduled to None, run_after=None
[2025-08-11T11:44:06.528+0000] {logging_mixin.py:188} INFO - [2025-08-11T11:44:06.528+0000] {dag.py:3954} INFO - Setting next_dagrun for dataset_consumes_unknown_never_scheduled to None, run_after=None
[2025-08-11T11:44:06.531+0000] {logging_mixin.py:188} INFO - [2025-08-11T11:44:06.531+0000] {dag.py:3954} INFO - Setting next_dagrun for dataset_produces_1 to 2025-08-10 00:00:00+00:00, run_after=2025-08-11 00:00:00+00:00
[2025-08-11T11:44:06.532+0000] {logging_mixin.py:188} INFO - [2025-08-11T11:44:06.532+0000] {dag.py:3954} INFO - Setting next_dagrun for dataset_produces_2 to None, run_after=None
[2025-08-11T11:44:06.558+0000] {processor.py:183} INFO - Processing /home/airflow/.local/lib/python3.12/site-packages/airflow/example_dags/example_datasets.py took 0.110 seconds
[2025-08-11T11:44:36.764+0000] {processor.py:161} INFO - Started process (PID=1109) to work on /home/airflow/.local/lib/python3.12/site-packages/airflow/example_dags/example_datasets.py
[2025-08-11T11:44:36.766+0000] {processor.py:830} INFO - Processing file /home/airflow/.local/lib/python3.12/site-packages/airflow/example_dags/example_datasets.py for tasks to queue
[2025-08-11T11:44:36.769+0000] {logging_mixin.py:188} INFO - [2025-08-11T11:44:36.768+0000] {dagbag.py:545} INFO - Filling up the DagBag from /home/airflow/.local/lib/python3.12/site-packages/airflow/example_dags/example_datasets.py
[2025-08-11T11:44:36.783+0000] {processor.py:840} INFO - DAG(s) 'dataset_consumes_unknown_never_scheduled', 'dataset_consumes_1', 'consume_1_and_2_with_dataset_expressions', 'conditional_dataset_and_time_based_timetable', 'dataset_consumes_1_never_scheduled', 'consume_1_or_2_with_dataset_expressions', 'dataset_produces_1', 'dataset_consumes_1_and_2', 'dataset_produces_2', 'consume_1_or_both_2_and_3_with_dataset_expressions' retrieved from /home/airflow/.local/lib/python3.12/site-packages/airflow/example_dags/example_datasets.py
[2025-08-11T11:44:36.819+0000] {logging_mixin.py:188} INFO - [2025-08-11T11:44:36.819+0000] {dag.py:3096} INFO - Sync 10 DAGs
[2025-08-11T11:44:36.838+0000] {logging_mixin.py:188} INFO - [2025-08-11T11:44:36.837+0000] {dag.py:3954} INFO - Setting next_dagrun for conditional_dataset_and_time_based_timetable to 2025-08-06 01:00:00+00:00, run_after=2025-08-06 01:00:00+00:00
[2025-08-11T11:44:36.840+0000] {logging_mixin.py:188} INFO - [2025-08-11T11:44:36.840+0000] {dag.py:3954} INFO - Setting next_dagrun for consume_1_and_2_with_dataset_expressions to None, run_after=None
[2025-08-11T11:44:36.841+0000] {logging_mixin.py:188} INFO - [2025-08-11T11:44:36.841+0000] {dag.py:3954} INFO - Setting next_dagrun for consume_1_or_2_with_dataset_expressions to None, run_after=None
[2025-08-11T11:44:36.842+0000] {logging_mixin.py:188} INFO - [2025-08-11T11:44:36.842+0000] {dag.py:3954} INFO - Setting next_dagrun for consume_1_or_both_2_and_3_with_dataset_expressions to None, run_after=None
[2025-08-11T11:44:36.843+0000] {logging_mixin.py:188} INFO - [2025-08-11T11:44:36.842+0000] {dag.py:3954} INFO - Setting next_dagrun for dataset_consumes_1 to None, run_after=None
[2025-08-11T11:44:36.843+0000] {logging_mixin.py:188} INFO - [2025-08-11T11:44:36.843+0000] {dag.py:3954} INFO - Setting next_dagrun for dataset_consumes_1_and_2 to None, run_after=None
[2025-08-11T11:44:36.844+0000] {logging_mixin.py:188} INFO - [2025-08-11T11:44:36.844+0000] {dag.py:3954} INFO - Setting next_dagrun for dataset_consumes_1_never_scheduled to None, run_after=None
[2025-08-11T11:44:36.845+0000] {logging_mixin.py:188} INFO - [2025-08-11T11:44:36.845+0000] {dag.py:3954} INFO - Setting next_dagrun for dataset_consumes_unknown_never_scheduled to None, run_after=None
[2025-08-11T11:44:36.846+0000] {logging_mixin.py:188} INFO - [2025-08-11T11:44:36.846+0000] {dag.py:3954} INFO - Setting next_dagrun for dataset_produces_1 to 2025-08-10 00:00:00+00:00, run_after=2025-08-11 00:00:00+00:00
[2025-08-11T11:44:36.847+0000] {logging_mixin.py:188} INFO - [2025-08-11T11:44:36.847+0000] {dag.py:3954} INFO - Setting next_dagrun for dataset_produces_2 to None, run_after=None
[2025-08-11T11:44:36.875+0000] {processor.py:183} INFO - Processing /home/airflow/.local/lib/python3.12/site-packages/airflow/example_dags/example_datasets.py took 0.118 seconds
[2025-08-11T11:45:07.404+0000] {processor.py:161} INFO - Started process (PID=1167) to work on /home/airflow/.local/lib/python3.12/site-packages/airflow/example_dags/example_datasets.py
[2025-08-11T11:45:07.406+0000] {processor.py:830} INFO - Processing file /home/airflow/.local/lib/python3.12/site-packages/airflow/example_dags/example_datasets.py for tasks to queue
[2025-08-11T11:45:07.407+0000] {logging_mixin.py:188} INFO - [2025-08-11T11:45:07.407+0000] {dagbag.py:545} INFO - Filling up the DagBag from /home/airflow/.local/lib/python3.12/site-packages/airflow/example_dags/example_datasets.py
[2025-08-11T11:45:07.418+0000] {processor.py:840} INFO - DAG(s) 'dataset_consumes_1', 'consume_1_or_2_with_dataset_expressions', 'dataset_produces_2', 'consume_1_and_2_with_dataset_expressions', 'dataset_produces_1', 'dataset_consumes_unknown_never_scheduled', 'consume_1_or_both_2_and_3_with_dataset_expressions', 'dataset_consumes_1_and_2', 'dataset_consumes_1_never_scheduled', 'conditional_dataset_and_time_based_timetable' retrieved from /home/airflow/.local/lib/python3.12/site-packages/airflow/example_dags/example_datasets.py
[2025-08-11T11:45:07.449+0000] {logging_mixin.py:188} INFO - [2025-08-11T11:45:07.449+0000] {dag.py:3096} INFO - Sync 10 DAGs
[2025-08-11T11:45:07.465+0000] {logging_mixin.py:188} INFO - [2025-08-11T11:45:07.465+0000] {dag.py:3954} INFO - Setting next_dagrun for conditional_dataset_and_time_based_timetable to 2025-08-06 01:00:00+00:00, run_after=2025-08-06 01:00:00+00:00
[2025-08-11T11:45:07.468+0000] {logging_mixin.py:188} INFO - [2025-08-11T11:45:07.468+0000] {dag.py:3954} INFO - Setting next_dagrun for consume_1_and_2_with_dataset_expressions to None, run_after=None
[2025-08-11T11:45:07.468+0000] {logging_mixin.py:188} INFO - [2025-08-11T11:45:07.468+0000] {dag.py:3954} INFO - Setting next_dagrun for consume_1_or_2_with_dataset_expressions to None, run_after=None
[2025-08-11T11:45:07.469+0000] {logging_mixin.py:188} INFO - [2025-08-11T11:45:07.469+0000] {dag.py:3954} INFO - Setting next_dagrun for consume_1_or_both_2_and_3_with_dataset_expressions to None, run_after=None
[2025-08-11T11:45:07.470+0000] {logging_mixin.py:188} INFO - [2025-08-11T11:45:07.470+0000] {dag.py:3954} INFO - Setting next_dagrun for dataset_consumes_1 to None, run_after=None
[2025-08-11T11:45:07.470+0000] {logging_mixin.py:188} INFO - [2025-08-11T11:45:07.470+0000] {dag.py:3954} INFO - Setting next_dagrun for dataset_consumes_1_and_2 to None, run_after=None
[2025-08-11T11:45:07.471+0000] {logging_mixin.py:188} INFO - [2025-08-11T11:45:07.471+0000] {dag.py:3954} INFO - Setting next_dagrun for dataset_consumes_1_never_scheduled to None, run_after=None
[2025-08-11T11:45:07.472+0000] {logging_mixin.py:188} INFO - [2025-08-11T11:45:07.472+0000] {dag.py:3954} INFO - Setting next_dagrun for dataset_consumes_unknown_never_scheduled to None, run_after=None
[2025-08-11T11:45:07.473+0000] {logging_mixin.py:188} INFO - [2025-08-11T11:45:07.473+0000] {dag.py:3954} INFO - Setting next_dagrun for dataset_produces_1 to 2025-08-10 00:00:00+00:00, run_after=2025-08-11 00:00:00+00:00
[2025-08-11T11:45:07.474+0000] {logging_mixin.py:188} INFO - [2025-08-11T11:45:07.474+0000] {dag.py:3954} INFO - Setting next_dagrun for dataset_produces_2 to None, run_after=None
[2025-08-11T11:45:07.502+0000] {processor.py:183} INFO - Processing /home/airflow/.local/lib/python3.12/site-packages/airflow/example_dags/example_datasets.py took 0.107 seconds
[2025-08-11T11:45:37.640+0000] {processor.py:161} INFO - Started process (PID=1225) to work on /home/airflow/.local/lib/python3.12/site-packages/airflow/example_dags/example_datasets.py
[2025-08-11T11:45:37.642+0000] {processor.py:830} INFO - Processing file /home/airflow/.local/lib/python3.12/site-packages/airflow/example_dags/example_datasets.py for tasks to queue
[2025-08-11T11:45:37.644+0000] {logging_mixin.py:188} INFO - [2025-08-11T11:45:37.643+0000] {dagbag.py:545} INFO - Filling up the DagBag from /home/airflow/.local/lib/python3.12/site-packages/airflow/example_dags/example_datasets.py
[2025-08-11T11:45:37.656+0000] {processor.py:840} INFO - DAG(s) 'dataset_produces_2', 'conditional_dataset_and_time_based_timetable', 'dataset_produces_1', 'dataset_consumes_1_and_2', 'consume_1_or_both_2_and_3_with_dataset_expressions', 'dataset_consumes_1_never_scheduled', 'consume_1_and_2_with_dataset_expressions', 'dataset_consumes_unknown_never_scheduled', 'dataset_consumes_1', 'consume_1_or_2_with_dataset_expressions' retrieved from /home/airflow/.local/lib/python3.12/site-packages/airflow/example_dags/example_datasets.py
[2025-08-11T11:45:37.691+0000] {logging_mixin.py:188} INFO - [2025-08-11T11:45:37.691+0000] {dag.py:3096} INFO - Sync 10 DAGs
[2025-08-11T11:45:37.710+0000] {logging_mixin.py:188} INFO - [2025-08-11T11:45:37.710+0000] {dag.py:3954} INFO - Setting next_dagrun for conditional_dataset_and_time_based_timetable to 2025-08-06 01:00:00+00:00, run_after=2025-08-06 01:00:00+00:00
[2025-08-11T11:45:37.713+0000] {logging_mixin.py:188} INFO - [2025-08-11T11:45:37.713+0000] {dag.py:3954} INFO - Setting next_dagrun for consume_1_and_2_with_dataset_expressions to None, run_after=None
[2025-08-11T11:45:37.714+0000] {logging_mixin.py:188} INFO - [2025-08-11T11:45:37.714+0000] {dag.py:3954} INFO - Setting next_dagrun for consume_1_or_2_with_dataset_expressions to None, run_after=None
[2025-08-11T11:45:37.715+0000] {logging_mixin.py:188} INFO - [2025-08-11T11:45:37.715+0000] {dag.py:3954} INFO - Setting next_dagrun for consume_1_or_both_2_and_3_with_dataset_expressions to None, run_after=None
[2025-08-11T11:45:37.716+0000] {logging_mixin.py:188} INFO - [2025-08-11T11:45:37.715+0000] {dag.py:3954} INFO - Setting next_dagrun for dataset_consumes_1 to None, run_after=None
[2025-08-11T11:45:37.717+0000] {logging_mixin.py:188} INFO - [2025-08-11T11:45:37.717+0000] {dag.py:3954} INFO - Setting next_dagrun for dataset_consumes_1_and_2 to None, run_after=None
[2025-08-11T11:45:37.718+0000] {logging_mixin.py:188} INFO - [2025-08-11T11:45:37.718+0000] {dag.py:3954} INFO - Setting next_dagrun for dataset_consumes_1_never_scheduled to None, run_after=None
[2025-08-11T11:45:37.718+0000] {logging_mixin.py:188} INFO - [2025-08-11T11:45:37.718+0000] {dag.py:3954} INFO - Setting next_dagrun for dataset_consumes_unknown_never_scheduled to None, run_after=None
[2025-08-11T11:45:37.720+0000] {logging_mixin.py:188} INFO - [2025-08-11T11:45:37.720+0000] {dag.py:3954} INFO - Setting next_dagrun for dataset_produces_1 to 2025-08-10 00:00:00+00:00, run_after=2025-08-11 00:00:00+00:00
[2025-08-11T11:45:37.721+0000] {logging_mixin.py:188} INFO - [2025-08-11T11:45:37.720+0000] {dag.py:3954} INFO - Setting next_dagrun for dataset_produces_2 to None, run_after=None
[2025-08-11T11:45:37.747+0000] {processor.py:183} INFO - Processing /home/airflow/.local/lib/python3.12/site-packages/airflow/example_dags/example_datasets.py took 0.113 seconds
[2025-08-11T11:46:07.995+0000] {processor.py:161} INFO - Started process (PID=1284) to work on /home/airflow/.local/lib/python3.12/site-packages/airflow/example_dags/example_datasets.py
[2025-08-11T11:46:07.996+0000] {processor.py:830} INFO - Processing file /home/airflow/.local/lib/python3.12/site-packages/airflow/example_dags/example_datasets.py for tasks to queue
[2025-08-11T11:46:07.997+0000] {logging_mixin.py:188} INFO - [2025-08-11T11:46:07.997+0000] {dagbag.py:545} INFO - Filling up the DagBag from /home/airflow/.local/lib/python3.12/site-packages/airflow/example_dags/example_datasets.py
[2025-08-11T11:46:08.011+0000] {processor.py:840} INFO - DAG(s) 'consume_1_or_both_2_and_3_with_dataset_expressions', 'dataset_consumes_1', 'dataset_produces_1', 'dataset_consumes_1_never_scheduled', 'dataset_consumes_1_and_2', 'consume_1_and_2_with_dataset_expressions', 'dataset_produces_2', 'dataset_consumes_unknown_never_scheduled', 'conditional_dataset_and_time_based_timetable', 'consume_1_or_2_with_dataset_expressions' retrieved from /home/airflow/.local/lib/python3.12/site-packages/airflow/example_dags/example_datasets.py
[2025-08-11T11:46:08.045+0000] {logging_mixin.py:188} INFO - [2025-08-11T11:46:08.045+0000] {dag.py:3096} INFO - Sync 10 DAGs
[2025-08-11T11:46:08.064+0000] {logging_mixin.py:188} INFO - [2025-08-11T11:46:08.064+0000] {dag.py:3954} INFO - Setting next_dagrun for conditional_dataset_and_time_based_timetable to 2025-08-06 01:00:00+00:00, run_after=2025-08-06 01:00:00+00:00
[2025-08-11T11:46:08.066+0000] {logging_mixin.py:188} INFO - [2025-08-11T11:46:08.066+0000] {dag.py:3954} INFO - Setting next_dagrun for consume_1_and_2_with_dataset_expressions to None, run_after=None
[2025-08-11T11:46:08.067+0000] {logging_mixin.py:188} INFO - [2025-08-11T11:46:08.067+0000] {dag.py:3954} INFO - Setting next_dagrun for consume_1_or_2_with_dataset_expressions to None, run_after=None
[2025-08-11T11:46:08.068+0000] {logging_mixin.py:188} INFO - [2025-08-11T11:46:08.068+0000] {dag.py:3954} INFO - Setting next_dagrun for consume_1_or_both_2_and_3_with_dataset_expressions to None, run_after=None
[2025-08-11T11:46:08.069+0000] {logging_mixin.py:188} INFO - [2025-08-11T11:46:08.069+0000] {dag.py:3954} INFO - Setting next_dagrun for dataset_consumes_1 to None, run_after=None
[2025-08-11T11:46:08.070+0000] {logging_mixin.py:188} INFO - [2025-08-11T11:46:08.070+0000] {dag.py:3954} INFO - Setting next_dagrun for dataset_consumes_1_and_2 to None, run_after=None
[2025-08-11T11:46:08.070+0000] {logging_mixin.py:188} INFO - [2025-08-11T11:46:08.070+0000] {dag.py:3954} INFO - Setting next_dagrun for dataset_consumes_1_never_scheduled to None, run_after=None
[2025-08-11T11:46:08.071+0000] {logging_mixin.py:188} INFO - [2025-08-11T11:46:08.071+0000] {dag.py:3954} INFO - Setting next_dagrun for dataset_consumes_unknown_never_scheduled to None, run_after=None
[2025-08-11T11:46:08.072+0000] {logging_mixin.py:188} INFO - [2025-08-11T11:46:08.072+0000] {dag.py:3954} INFO - Setting next_dagrun for dataset_produces_1 to 2025-08-10 00:00:00+00:00, run_after=2025-08-11 00:00:00+00:00
[2025-08-11T11:46:08.073+0000] {logging_mixin.py:188} INFO - [2025-08-11T11:46:08.073+0000] {dag.py:3954} INFO - Setting next_dagrun for dataset_produces_2 to None, run_after=None
[2025-08-11T11:46:08.095+0000] {processor.py:183} INFO - Processing /home/airflow/.local/lib/python3.12/site-packages/airflow/example_dags/example_datasets.py took 0.107 seconds
