[2025-08-11T11:35:32.743+0000] {processor.py:161} INFO - Started process (PID=88) to work on /home/airflow/.local/lib/python3.12/site-packages/airflow/example_dags/example_branch_python_dop_operator_3.py
[2025-08-11T11:35:32.744+0000] {processor.py:830} INFO - Processing file /home/airflow/.local/lib/python3.12/site-packages/airflow/example_dags/example_branch_python_dop_operator_3.py for tasks to queue
[2025-08-11T11:35:32.746+0000] {logging_mixin.py:188} INFO - [2025-08-11T11:35:32.746+0000] {dagbag.py:545} INFO - Filling up the DagBag from /home/airflow/.local/lib/python3.12/site-packages/airflow/example_dags/example_branch_python_dop_operator_3.py
[2025-08-11T11:35:32.755+0000] {processor.py:840} INFO - DAG(s) 'example_branch_dop_operator_v3' retrieved from /home/airflow/.local/lib/python3.12/site-packages/airflow/example_dags/example_branch_python_dop_operator_3.py
[2025-08-11T11:35:32.885+0000] {logging_mixin.py:188} INFO - [2025-08-11T11:35:32.884+0000] {override.py:1829} INFO - Created Permission View: can read on DAG:example_branch_dop_operator_v3
[2025-08-11T11:35:32.896+0000] {logging_mixin.py:188} INFO - [2025-08-11T11:35:32.896+0000] {override.py:1829} INFO - Created Permission View: can delete on DAG:example_branch_dop_operator_v3
[2025-08-11T11:35:32.903+0000] {logging_mixin.py:188} INFO - [2025-08-11T11:35:32.902+0000] {override.py:1829} INFO - Created Permission View: can edit on DAG:example_branch_dop_operator_v3
[2025-08-11T11:35:32.903+0000] {logging_mixin.py:188} INFO - [2025-08-11T11:35:32.903+0000] {dag.py:3096} INFO - Sync 1 DAGs
[2025-08-11T11:35:32.915+0000] {logging_mixin.py:188} INFO - [2025-08-11T11:35:32.915+0000] {dag.py:3118} INFO - Creating ORM DAG for example_branch_dop_operator_v3
[2025-08-11T11:35:32.930+0000] {logging_mixin.py:188} INFO - [2025-08-11T11:35:32.930+0000] {dag.py:3954} INFO - Setting next_dagrun for example_branch_dop_operator_v3 to 2025-08-11 11:34:00+00:00, run_after=2025-08-11 11:35:00+00:00
[2025-08-11T11:35:32.952+0000] {processor.py:183} INFO - Processing /home/airflow/.local/lib/python3.12/site-packages/airflow/example_dags/example_branch_python_dop_operator_3.py took 0.219 seconds
[2025-08-11T11:36:03.778+0000] {processor.py:161} INFO - Started process (PID=146) to work on /home/airflow/.local/lib/python3.12/site-packages/airflow/example_dags/example_branch_python_dop_operator_3.py
[2025-08-11T11:36:03.779+0000] {processor.py:830} INFO - Processing file /home/airflow/.local/lib/python3.12/site-packages/airflow/example_dags/example_branch_python_dop_operator_3.py for tasks to queue
[2025-08-11T11:36:03.781+0000] {logging_mixin.py:188} INFO - [2025-08-11T11:36:03.781+0000] {dagbag.py:545} INFO - Filling up the DagBag from /home/airflow/.local/lib/python3.12/site-packages/airflow/example_dags/example_branch_python_dop_operator_3.py
[2025-08-11T11:36:03.788+0000] {processor.py:840} INFO - DAG(s) 'example_branch_dop_operator_v3' retrieved from /home/airflow/.local/lib/python3.12/site-packages/airflow/example_dags/example_branch_python_dop_operator_3.py
[2025-08-11T11:36:03.811+0000] {logging_mixin.py:188} INFO - [2025-08-11T11:36:03.811+0000] {dag.py:3096} INFO - Sync 1 DAGs
[2025-08-11T11:36:03.840+0000] {logging_mixin.py:188} INFO - [2025-08-11T11:36:03.840+0000] {dag.py:3954} INFO - Setting next_dagrun for example_branch_dop_operator_v3 to 2025-08-11 11:35:00+00:00, run_after=2025-08-11 11:36:00+00:00
[2025-08-11T11:36:03.855+0000] {processor.py:183} INFO - Processing /home/airflow/.local/lib/python3.12/site-packages/airflow/example_dags/example_branch_python_dop_operator_3.py took 0.081 seconds
[2025-08-11T11:36:34.624+0000] {processor.py:161} INFO - Started process (PID=204) to work on /home/airflow/.local/lib/python3.12/site-packages/airflow/example_dags/example_branch_python_dop_operator_3.py
[2025-08-11T11:36:34.624+0000] {processor.py:830} INFO - Processing file /home/airflow/.local/lib/python3.12/site-packages/airflow/example_dags/example_branch_python_dop_operator_3.py for tasks to queue
[2025-08-11T11:36:34.626+0000] {logging_mixin.py:188} INFO - [2025-08-11T11:36:34.625+0000] {dagbag.py:545} INFO - Filling up the DagBag from /home/airflow/.local/lib/python3.12/site-packages/airflow/example_dags/example_branch_python_dop_operator_3.py
[2025-08-11T11:36:34.631+0000] {processor.py:840} INFO - DAG(s) 'example_branch_dop_operator_v3' retrieved from /home/airflow/.local/lib/python3.12/site-packages/airflow/example_dags/example_branch_python_dop_operator_3.py
[2025-08-11T11:36:34.648+0000] {logging_mixin.py:188} INFO - [2025-08-11T11:36:34.648+0000] {dag.py:3096} INFO - Sync 1 DAGs
[2025-08-11T11:36:34.666+0000] {logging_mixin.py:188} INFO - [2025-08-11T11:36:34.666+0000] {dag.py:3954} INFO - Setting next_dagrun for example_branch_dop_operator_v3 to 2025-08-11 11:35:00+00:00, run_after=2025-08-11 11:36:00+00:00
[2025-08-11T11:36:34.676+0000] {processor.py:183} INFO - Processing /home/airflow/.local/lib/python3.12/site-packages/airflow/example_dags/example_branch_python_dop_operator_3.py took 0.056 seconds
[2025-08-11T11:37:04.901+0000] {processor.py:161} INFO - Started process (PID=262) to work on /home/airflow/.local/lib/python3.12/site-packages/airflow/example_dags/example_branch_python_dop_operator_3.py
[2025-08-11T11:37:04.902+0000] {processor.py:830} INFO - Processing file /home/airflow/.local/lib/python3.12/site-packages/airflow/example_dags/example_branch_python_dop_operator_3.py for tasks to queue
[2025-08-11T11:37:04.903+0000] {logging_mixin.py:188} INFO - [2025-08-11T11:37:04.903+0000] {dagbag.py:545} INFO - Filling up the DagBag from /home/airflow/.local/lib/python3.12/site-packages/airflow/example_dags/example_branch_python_dop_operator_3.py
[2025-08-11T11:37:04.909+0000] {processor.py:840} INFO - DAG(s) 'example_branch_dop_operator_v3' retrieved from /home/airflow/.local/lib/python3.12/site-packages/airflow/example_dags/example_branch_python_dop_operator_3.py
[2025-08-11T11:37:04.927+0000] {logging_mixin.py:188} INFO - [2025-08-11T11:37:04.927+0000] {dag.py:3096} INFO - Sync 1 DAGs
[2025-08-11T11:37:04.947+0000] {logging_mixin.py:188} INFO - [2025-08-11T11:37:04.947+0000] {dag.py:3954} INFO - Setting next_dagrun for example_branch_dop_operator_v3 to 2025-08-11 11:36:00+00:00, run_after=2025-08-11 11:37:00+00:00
[2025-08-11T11:37:04.961+0000] {processor.py:183} INFO - Processing /home/airflow/.local/lib/python3.12/site-packages/airflow/example_dags/example_branch_python_dop_operator_3.py took 0.063 seconds
[2025-08-11T11:37:35.391+0000] {processor.py:161} INFO - Started process (PID=320) to work on /home/airflow/.local/lib/python3.12/site-packages/airflow/example_dags/example_branch_python_dop_operator_3.py
[2025-08-11T11:37:35.392+0000] {processor.py:830} INFO - Processing file /home/airflow/.local/lib/python3.12/site-packages/airflow/example_dags/example_branch_python_dop_operator_3.py for tasks to queue
[2025-08-11T11:37:35.393+0000] {logging_mixin.py:188} INFO - [2025-08-11T11:37:35.393+0000] {dagbag.py:545} INFO - Filling up the DagBag from /home/airflow/.local/lib/python3.12/site-packages/airflow/example_dags/example_branch_python_dop_operator_3.py
[2025-08-11T11:37:35.400+0000] {processor.py:840} INFO - DAG(s) 'example_branch_dop_operator_v3' retrieved from /home/airflow/.local/lib/python3.12/site-packages/airflow/example_dags/example_branch_python_dop_operator_3.py
[2025-08-11T11:37:35.419+0000] {logging_mixin.py:188} INFO - [2025-08-11T11:37:35.419+0000] {dag.py:3096} INFO - Sync 1 DAGs
[2025-08-11T11:37:35.438+0000] {logging_mixin.py:188} INFO - [2025-08-11T11:37:35.438+0000] {dag.py:3954} INFO - Setting next_dagrun for example_branch_dop_operator_v3 to 2025-08-11 11:36:00+00:00, run_after=2025-08-11 11:37:00+00:00
[2025-08-11T11:37:35.453+0000] {processor.py:183} INFO - Processing /home/airflow/.local/lib/python3.12/site-packages/airflow/example_dags/example_branch_python_dop_operator_3.py took 0.068 seconds
[2025-08-11T11:38:05.790+0000] {processor.py:161} INFO - Started process (PID=377) to work on /home/airflow/.local/lib/python3.12/site-packages/airflow/example_dags/example_branch_python_dop_operator_3.py
[2025-08-11T11:38:05.793+0000] {processor.py:830} INFO - Processing file /home/airflow/.local/lib/python3.12/site-packages/airflow/example_dags/example_branch_python_dop_operator_3.py for tasks to queue
[2025-08-11T11:38:05.794+0000] {logging_mixin.py:188} INFO - [2025-08-11T11:38:05.794+0000] {dagbag.py:545} INFO - Filling up the DagBag from /home/airflow/.local/lib/python3.12/site-packages/airflow/example_dags/example_branch_python_dop_operator_3.py
[2025-08-11T11:38:05.801+0000] {processor.py:840} INFO - DAG(s) 'example_branch_dop_operator_v3' retrieved from /home/airflow/.local/lib/python3.12/site-packages/airflow/example_dags/example_branch_python_dop_operator_3.py
[2025-08-11T11:38:05.815+0000] {logging_mixin.py:188} INFO - [2025-08-11T11:38:05.815+0000] {dag.py:3096} INFO - Sync 1 DAGs
[2025-08-11T11:38:05.831+0000] {logging_mixin.py:188} INFO - [2025-08-11T11:38:05.831+0000] {dag.py:3954} INFO - Setting next_dagrun for example_branch_dop_operator_v3 to 2025-08-11 11:37:00+00:00, run_after=2025-08-11 11:38:00+00:00
[2025-08-11T11:38:05.843+0000] {processor.py:183} INFO - Processing /home/airflow/.local/lib/python3.12/site-packages/airflow/example_dags/example_branch_python_dop_operator_3.py took 0.059 seconds
[2025-08-11T11:38:36.276+0000] {processor.py:161} INFO - Started process (PID=435) to work on /home/airflow/.local/lib/python3.12/site-packages/airflow/example_dags/example_branch_python_dop_operator_3.py
[2025-08-11T11:38:36.278+0000] {processor.py:830} INFO - Processing file /home/airflow/.local/lib/python3.12/site-packages/airflow/example_dags/example_branch_python_dop_operator_3.py for tasks to queue
[2025-08-11T11:38:36.279+0000] {logging_mixin.py:188} INFO - [2025-08-11T11:38:36.279+0000] {dagbag.py:545} INFO - Filling up the DagBag from /home/airflow/.local/lib/python3.12/site-packages/airflow/example_dags/example_branch_python_dop_operator_3.py
[2025-08-11T11:38:36.286+0000] {processor.py:840} INFO - DAG(s) 'example_branch_dop_operator_v3' retrieved from /home/airflow/.local/lib/python3.12/site-packages/airflow/example_dags/example_branch_python_dop_operator_3.py
[2025-08-11T11:38:36.304+0000] {logging_mixin.py:188} INFO - [2025-08-11T11:38:36.304+0000] {dag.py:3096} INFO - Sync 1 DAGs
[2025-08-11T11:38:36.320+0000] {logging_mixin.py:188} INFO - [2025-08-11T11:38:36.319+0000] {dag.py:3954} INFO - Setting next_dagrun for example_branch_dop_operator_v3 to 2025-08-11 11:37:00+00:00, run_after=2025-08-11 11:38:00+00:00
[2025-08-11T11:38:36.334+0000] {processor.py:183} INFO - Processing /home/airflow/.local/lib/python3.12/site-packages/airflow/example_dags/example_branch_python_dop_operator_3.py took 0.063 seconds
[2025-08-11T11:39:06.635+0000] {processor.py:161} INFO - Started process (PID=493) to work on /home/airflow/.local/lib/python3.12/site-packages/airflow/example_dags/example_branch_python_dop_operator_3.py
[2025-08-11T11:39:06.636+0000] {processor.py:830} INFO - Processing file /home/airflow/.local/lib/python3.12/site-packages/airflow/example_dags/example_branch_python_dop_operator_3.py for tasks to queue
[2025-08-11T11:39:06.637+0000] {logging_mixin.py:188} INFO - [2025-08-11T11:39:06.637+0000] {dagbag.py:545} INFO - Filling up the DagBag from /home/airflow/.local/lib/python3.12/site-packages/airflow/example_dags/example_branch_python_dop_operator_3.py
[2025-08-11T11:39:06.643+0000] {processor.py:840} INFO - DAG(s) 'example_branch_dop_operator_v3' retrieved from /home/airflow/.local/lib/python3.12/site-packages/airflow/example_dags/example_branch_python_dop_operator_3.py
[2025-08-11T11:39:06.656+0000] {logging_mixin.py:188} INFO - [2025-08-11T11:39:06.656+0000] {dag.py:3096} INFO - Sync 1 DAGs
[2025-08-11T11:39:06.677+0000] {logging_mixin.py:188} INFO - [2025-08-11T11:39:06.676+0000] {dag.py:3954} INFO - Setting next_dagrun for example_branch_dop_operator_v3 to 2025-08-11 11:38:00+00:00, run_after=2025-08-11 11:39:00+00:00
[2025-08-11T11:39:06.687+0000] {processor.py:183} INFO - Processing /home/airflow/.local/lib/python3.12/site-packages/airflow/example_dags/example_branch_python_dop_operator_3.py took 0.056 seconds
[2025-08-11T11:39:36.933+0000] {processor.py:161} INFO - Started process (PID=551) to work on /home/airflow/.local/lib/python3.12/site-packages/airflow/example_dags/example_branch_python_dop_operator_3.py
[2025-08-11T11:39:36.936+0000] {processor.py:830} INFO - Processing file /home/airflow/.local/lib/python3.12/site-packages/airflow/example_dags/example_branch_python_dop_operator_3.py for tasks to queue
[2025-08-11T11:39:36.938+0000] {logging_mixin.py:188} INFO - [2025-08-11T11:39:36.938+0000] {dagbag.py:545} INFO - Filling up the DagBag from /home/airflow/.local/lib/python3.12/site-packages/airflow/example_dags/example_branch_python_dop_operator_3.py
[2025-08-11T11:39:36.945+0000] {processor.py:840} INFO - DAG(s) 'example_branch_dop_operator_v3' retrieved from /home/airflow/.local/lib/python3.12/site-packages/airflow/example_dags/example_branch_python_dop_operator_3.py
[2025-08-11T11:39:36.957+0000] {logging_mixin.py:188} INFO - [2025-08-11T11:39:36.957+0000] {dag.py:3096} INFO - Sync 1 DAGs
[2025-08-11T11:39:36.972+0000] {logging_mixin.py:188} INFO - [2025-08-11T11:39:36.972+0000] {dag.py:3954} INFO - Setting next_dagrun for example_branch_dop_operator_v3 to 2025-08-11 11:38:00+00:00, run_after=2025-08-11 11:39:00+00:00
[2025-08-11T11:39:36.983+0000] {processor.py:183} INFO - Processing /home/airflow/.local/lib/python3.12/site-packages/airflow/example_dags/example_branch_python_dop_operator_3.py took 0.053 seconds
[2025-08-11T11:40:07.216+0000] {processor.py:161} INFO - Started process (PID=609) to work on /home/airflow/.local/lib/python3.12/site-packages/airflow/example_dags/example_branch_python_dop_operator_3.py
[2025-08-11T11:40:07.217+0000] {processor.py:830} INFO - Processing file /home/airflow/.local/lib/python3.12/site-packages/airflow/example_dags/example_branch_python_dop_operator_3.py for tasks to queue
[2025-08-11T11:40:07.218+0000] {logging_mixin.py:188} INFO - [2025-08-11T11:40:07.218+0000] {dagbag.py:545} INFO - Filling up the DagBag from /home/airflow/.local/lib/python3.12/site-packages/airflow/example_dags/example_branch_python_dop_operator_3.py
[2025-08-11T11:40:07.224+0000] {processor.py:840} INFO - DAG(s) 'example_branch_dop_operator_v3' retrieved from /home/airflow/.local/lib/python3.12/site-packages/airflow/example_dags/example_branch_python_dop_operator_3.py
[2025-08-11T11:40:07.241+0000] {logging_mixin.py:188} INFO - [2025-08-11T11:40:07.241+0000] {dag.py:3096} INFO - Sync 1 DAGs
[2025-08-11T11:40:07.256+0000] {logging_mixin.py:188} INFO - [2025-08-11T11:40:07.256+0000] {dag.py:3954} INFO - Setting next_dagrun for example_branch_dop_operator_v3 to 2025-08-11 11:39:00+00:00, run_after=2025-08-11 11:40:00+00:00
[2025-08-11T11:40:07.266+0000] {processor.py:183} INFO - Processing /home/airflow/.local/lib/python3.12/site-packages/airflow/example_dags/example_branch_python_dop_operator_3.py took 0.054 seconds
[2025-08-11T11:40:38.293+0000] {processor.py:161} INFO - Started process (PID=667) to work on /home/airflow/.local/lib/python3.12/site-packages/airflow/example_dags/example_branch_python_dop_operator_3.py
[2025-08-11T11:40:38.294+0000] {processor.py:830} INFO - Processing file /home/airflow/.local/lib/python3.12/site-packages/airflow/example_dags/example_branch_python_dop_operator_3.py for tasks to queue
[2025-08-11T11:40:38.296+0000] {logging_mixin.py:188} INFO - [2025-08-11T11:40:38.296+0000] {dagbag.py:545} INFO - Filling up the DagBag from /home/airflow/.local/lib/python3.12/site-packages/airflow/example_dags/example_branch_python_dop_operator_3.py
[2025-08-11T11:40:38.303+0000] {processor.py:840} INFO - DAG(s) 'example_branch_dop_operator_v3' retrieved from /home/airflow/.local/lib/python3.12/site-packages/airflow/example_dags/example_branch_python_dop_operator_3.py
[2025-08-11T11:40:38.321+0000] {logging_mixin.py:188} INFO - [2025-08-11T11:40:38.320+0000] {dag.py:3096} INFO - Sync 1 DAGs
[2025-08-11T11:40:38.340+0000] {logging_mixin.py:188} INFO - [2025-08-11T11:40:38.340+0000] {dag.py:3954} INFO - Setting next_dagrun for example_branch_dop_operator_v3 to 2025-08-11 11:39:00+00:00, run_after=2025-08-11 11:40:00+00:00
[2025-08-11T11:40:38.354+0000] {processor.py:183} INFO - Processing /home/airflow/.local/lib/python3.12/site-packages/airflow/example_dags/example_branch_python_dop_operator_3.py took 0.066 seconds
[2025-08-11T11:41:09.350+0000] {processor.py:161} INFO - Started process (PID=725) to work on /home/airflow/.local/lib/python3.12/site-packages/airflow/example_dags/example_branch_python_dop_operator_3.py
[2025-08-11T11:41:09.352+0000] {processor.py:830} INFO - Processing file /home/airflow/.local/lib/python3.12/site-packages/airflow/example_dags/example_branch_python_dop_operator_3.py for tasks to queue
[2025-08-11T11:41:09.353+0000] {logging_mixin.py:188} INFO - [2025-08-11T11:41:09.353+0000] {dagbag.py:545} INFO - Filling up the DagBag from /home/airflow/.local/lib/python3.12/site-packages/airflow/example_dags/example_branch_python_dop_operator_3.py
[2025-08-11T11:41:09.358+0000] {processor.py:840} INFO - DAG(s) 'example_branch_dop_operator_v3' retrieved from /home/airflow/.local/lib/python3.12/site-packages/airflow/example_dags/example_branch_python_dop_operator_3.py
[2025-08-11T11:41:09.372+0000] {logging_mixin.py:188} INFO - [2025-08-11T11:41:09.372+0000] {dag.py:3096} INFO - Sync 1 DAGs
[2025-08-11T11:41:09.391+0000] {logging_mixin.py:188} INFO - [2025-08-11T11:41:09.391+0000] {dag.py:3954} INFO - Setting next_dagrun for example_branch_dop_operator_v3 to 2025-08-11 11:40:00+00:00, run_after=2025-08-11 11:41:00+00:00
[2025-08-11T11:41:09.410+0000] {processor.py:183} INFO - Processing /home/airflow/.local/lib/python3.12/site-packages/airflow/example_dags/example_branch_python_dop_operator_3.py took 0.064 seconds
[2025-08-11T11:41:39.792+0000] {processor.py:161} INFO - Started process (PID=783) to work on /home/airflow/.local/lib/python3.12/site-packages/airflow/example_dags/example_branch_python_dop_operator_3.py
[2025-08-11T11:41:39.793+0000] {processor.py:830} INFO - Processing file /home/airflow/.local/lib/python3.12/site-packages/airflow/example_dags/example_branch_python_dop_operator_3.py for tasks to queue
[2025-08-11T11:41:39.794+0000] {logging_mixin.py:188} INFO - [2025-08-11T11:41:39.794+0000] {dagbag.py:545} INFO - Filling up the DagBag from /home/airflow/.local/lib/python3.12/site-packages/airflow/example_dags/example_branch_python_dop_operator_3.py
[2025-08-11T11:41:39.800+0000] {processor.py:840} INFO - DAG(s) 'example_branch_dop_operator_v3' retrieved from /home/airflow/.local/lib/python3.12/site-packages/airflow/example_dags/example_branch_python_dop_operator_3.py
[2025-08-11T11:41:39.813+0000] {logging_mixin.py:188} INFO - [2025-08-11T11:41:39.813+0000] {dag.py:3096} INFO - Sync 1 DAGs
[2025-08-11T11:41:39.828+0000] {logging_mixin.py:188} INFO - [2025-08-11T11:41:39.828+0000] {dag.py:3954} INFO - Setting next_dagrun for example_branch_dop_operator_v3 to 2025-08-11 11:40:00+00:00, run_after=2025-08-11 11:41:00+00:00
[2025-08-11T11:41:39.838+0000] {processor.py:183} INFO - Processing /home/airflow/.local/lib/python3.12/site-packages/airflow/example_dags/example_branch_python_dop_operator_3.py took 0.053 seconds
[2025-08-11T11:42:09.913+0000] {processor.py:161} INFO - Started process (PID=841) to work on /home/airflow/.local/lib/python3.12/site-packages/airflow/example_dags/example_branch_python_dop_operator_3.py
[2025-08-11T11:42:09.914+0000] {processor.py:830} INFO - Processing file /home/airflow/.local/lib/python3.12/site-packages/airflow/example_dags/example_branch_python_dop_operator_3.py for tasks to queue
[2025-08-11T11:42:09.915+0000] {logging_mixin.py:188} INFO - [2025-08-11T11:42:09.915+0000] {dagbag.py:545} INFO - Filling up the DagBag from /home/airflow/.local/lib/python3.12/site-packages/airflow/example_dags/example_branch_python_dop_operator_3.py
[2025-08-11T11:42:09.921+0000] {processor.py:840} INFO - DAG(s) 'example_branch_dop_operator_v3' retrieved from /home/airflow/.local/lib/python3.12/site-packages/airflow/example_dags/example_branch_python_dop_operator_3.py
[2025-08-11T11:42:09.932+0000] {logging_mixin.py:188} INFO - [2025-08-11T11:42:09.932+0000] {dag.py:3096} INFO - Sync 1 DAGs
[2025-08-11T11:42:09.946+0000] {logging_mixin.py:188} INFO - [2025-08-11T11:42:09.946+0000] {dag.py:3954} INFO - Setting next_dagrun for example_branch_dop_operator_v3 to 2025-08-11 11:41:00+00:00, run_after=2025-08-11 11:42:00+00:00
[2025-08-11T11:42:09.957+0000] {processor.py:183} INFO - Processing /home/airflow/.local/lib/python3.12/site-packages/airflow/example_dags/example_branch_python_dop_operator_3.py took 0.047 seconds
[2025-08-11T11:42:40.392+0000] {processor.py:161} INFO - Started process (PID=899) to work on /home/airflow/.local/lib/python3.12/site-packages/airflow/example_dags/example_branch_python_dop_operator_3.py
[2025-08-11T11:42:40.394+0000] {processor.py:830} INFO - Processing file /home/airflow/.local/lib/python3.12/site-packages/airflow/example_dags/example_branch_python_dop_operator_3.py for tasks to queue
[2025-08-11T11:42:40.402+0000] {logging_mixin.py:188} INFO - [2025-08-11T11:42:40.401+0000] {dagbag.py:545} INFO - Filling up the DagBag from /home/airflow/.local/lib/python3.12/site-packages/airflow/example_dags/example_branch_python_dop_operator_3.py
[2025-08-11T11:42:40.419+0000] {processor.py:840} INFO - DAG(s) 'example_branch_dop_operator_v3' retrieved from /home/airflow/.local/lib/python3.12/site-packages/airflow/example_dags/example_branch_python_dop_operator_3.py
[2025-08-11T11:42:40.458+0000] {logging_mixin.py:188} INFO - [2025-08-11T11:42:40.457+0000] {dag.py:3096} INFO - Sync 1 DAGs
[2025-08-11T11:42:40.513+0000] {logging_mixin.py:188} INFO - [2025-08-11T11:42:40.512+0000] {dag.py:3954} INFO - Setting next_dagrun for example_branch_dop_operator_v3 to 2025-08-11 11:41:00+00:00, run_after=2025-08-11 11:42:00+00:00
[2025-08-11T11:42:40.542+0000] {processor.py:183} INFO - Processing /home/airflow/.local/lib/python3.12/site-packages/airflow/example_dags/example_branch_python_dop_operator_3.py took 0.158 seconds
[2025-08-11T11:43:11.145+0000] {processor.py:161} INFO - Started process (PID=957) to work on /home/airflow/.local/lib/python3.12/site-packages/airflow/example_dags/example_branch_python_dop_operator_3.py
[2025-08-11T11:43:11.146+0000] {processor.py:830} INFO - Processing file /home/airflow/.local/lib/python3.12/site-packages/airflow/example_dags/example_branch_python_dop_operator_3.py for tasks to queue
[2025-08-11T11:43:11.147+0000] {logging_mixin.py:188} INFO - [2025-08-11T11:43:11.147+0000] {dagbag.py:545} INFO - Filling up the DagBag from /home/airflow/.local/lib/python3.12/site-packages/airflow/example_dags/example_branch_python_dop_operator_3.py
[2025-08-11T11:43:11.153+0000] {processor.py:840} INFO - DAG(s) 'example_branch_dop_operator_v3' retrieved from /home/airflow/.local/lib/python3.12/site-packages/airflow/example_dags/example_branch_python_dop_operator_3.py
[2025-08-11T11:43:11.180+0000] {logging_mixin.py:188} INFO - [2025-08-11T11:43:11.179+0000] {dag.py:3096} INFO - Sync 1 DAGs
[2025-08-11T11:43:11.196+0000] {logging_mixin.py:188} INFO - [2025-08-11T11:43:11.196+0000] {dag.py:3954} INFO - Setting next_dagrun for example_branch_dop_operator_v3 to 2025-08-11 11:42:00+00:00, run_after=2025-08-11 11:43:00+00:00
[2025-08-11T11:43:11.209+0000] {processor.py:183} INFO - Processing /home/airflow/.local/lib/python3.12/site-packages/airflow/example_dags/example_branch_python_dop_operator_3.py took 0.069 seconds
[2025-08-11T11:43:41.256+0000] {processor.py:161} INFO - Started process (PID=1015) to work on /home/airflow/.local/lib/python3.12/site-packages/airflow/example_dags/example_branch_python_dop_operator_3.py
[2025-08-11T11:43:41.258+0000] {processor.py:830} INFO - Processing file /home/airflow/.local/lib/python3.12/site-packages/airflow/example_dags/example_branch_python_dop_operator_3.py for tasks to queue
[2025-08-11T11:43:41.260+0000] {logging_mixin.py:188} INFO - [2025-08-11T11:43:41.260+0000] {dagbag.py:545} INFO - Filling up the DagBag from /home/airflow/.local/lib/python3.12/site-packages/airflow/example_dags/example_branch_python_dop_operator_3.py
[2025-08-11T11:43:41.266+0000] {processor.py:840} INFO - DAG(s) 'example_branch_dop_operator_v3' retrieved from /home/airflow/.local/lib/python3.12/site-packages/airflow/example_dags/example_branch_python_dop_operator_3.py
[2025-08-11T11:43:41.282+0000] {logging_mixin.py:188} INFO - [2025-08-11T11:43:41.282+0000] {dag.py:3096} INFO - Sync 1 DAGs
[2025-08-11T11:43:41.299+0000] {logging_mixin.py:188} INFO - [2025-08-11T11:43:41.299+0000] {dag.py:3954} INFO - Setting next_dagrun for example_branch_dop_operator_v3 to 2025-08-11 11:42:00+00:00, run_after=2025-08-11 11:43:00+00:00
[2025-08-11T11:43:41.310+0000] {processor.py:183} INFO - Processing /home/airflow/.local/lib/python3.12/site-packages/airflow/example_dags/example_branch_python_dop_operator_3.py took 0.058 seconds
[2025-08-11T11:44:12.280+0000] {processor.py:161} INFO - Started process (PID=1073) to work on /home/airflow/.local/lib/python3.12/site-packages/airflow/example_dags/example_branch_python_dop_operator_3.py
[2025-08-11T11:44:12.281+0000] {processor.py:830} INFO - Processing file /home/airflow/.local/lib/python3.12/site-packages/airflow/example_dags/example_branch_python_dop_operator_3.py for tasks to queue
[2025-08-11T11:44:12.282+0000] {logging_mixin.py:188} INFO - [2025-08-11T11:44:12.282+0000] {dagbag.py:545} INFO - Filling up the DagBag from /home/airflow/.local/lib/python3.12/site-packages/airflow/example_dags/example_branch_python_dop_operator_3.py
[2025-08-11T11:44:12.288+0000] {processor.py:840} INFO - DAG(s) 'example_branch_dop_operator_v3' retrieved from /home/airflow/.local/lib/python3.12/site-packages/airflow/example_dags/example_branch_python_dop_operator_3.py
[2025-08-11T11:44:12.301+0000] {logging_mixin.py:188} INFO - [2025-08-11T11:44:12.301+0000] {dag.py:3096} INFO - Sync 1 DAGs
[2025-08-11T11:44:12.318+0000] {logging_mixin.py:188} INFO - [2025-08-11T11:44:12.317+0000] {dag.py:3954} INFO - Setting next_dagrun for example_branch_dop_operator_v3 to 2025-08-11 11:43:00+00:00, run_after=2025-08-11 11:44:00+00:00
[2025-08-11T11:44:12.331+0000] {processor.py:183} INFO - Processing /home/airflow/.local/lib/python3.12/site-packages/airflow/example_dags/example_branch_python_dop_operator_3.py took 0.055 seconds
[2025-08-11T11:44:42.828+0000] {processor.py:161} INFO - Started process (PID=1131) to work on /home/airflow/.local/lib/python3.12/site-packages/airflow/example_dags/example_branch_python_dop_operator_3.py
[2025-08-11T11:44:42.829+0000] {processor.py:830} INFO - Processing file /home/airflow/.local/lib/python3.12/site-packages/airflow/example_dags/example_branch_python_dop_operator_3.py for tasks to queue
[2025-08-11T11:44:42.831+0000] {logging_mixin.py:188} INFO - [2025-08-11T11:44:42.830+0000] {dagbag.py:545} INFO - Filling up the DagBag from /home/airflow/.local/lib/python3.12/site-packages/airflow/example_dags/example_branch_python_dop_operator_3.py
[2025-08-11T11:44:42.837+0000] {processor.py:840} INFO - DAG(s) 'example_branch_dop_operator_v3' retrieved from /home/airflow/.local/lib/python3.12/site-packages/airflow/example_dags/example_branch_python_dop_operator_3.py
[2025-08-11T11:44:42.856+0000] {logging_mixin.py:188} INFO - [2025-08-11T11:44:42.856+0000] {dag.py:3096} INFO - Sync 1 DAGs
[2025-08-11T11:44:42.874+0000] {logging_mixin.py:188} INFO - [2025-08-11T11:44:42.873+0000] {dag.py:3954} INFO - Setting next_dagrun for example_branch_dop_operator_v3 to 2025-08-11 11:43:00+00:00, run_after=2025-08-11 11:44:00+00:00
[2025-08-11T11:44:42.886+0000] {processor.py:183} INFO - Processing /home/airflow/.local/lib/python3.12/site-packages/airflow/example_dags/example_branch_python_dop_operator_3.py took 0.063 seconds
[2025-08-11T11:45:13.252+0000] {processor.py:161} INFO - Started process (PID=1189) to work on /home/airflow/.local/lib/python3.12/site-packages/airflow/example_dags/example_branch_python_dop_operator_3.py
[2025-08-11T11:45:13.253+0000] {processor.py:830} INFO - Processing file /home/airflow/.local/lib/python3.12/site-packages/airflow/example_dags/example_branch_python_dop_operator_3.py for tasks to queue
[2025-08-11T11:45:13.255+0000] {logging_mixin.py:188} INFO - [2025-08-11T11:45:13.254+0000] {dagbag.py:545} INFO - Filling up the DagBag from /home/airflow/.local/lib/python3.12/site-packages/airflow/example_dags/example_branch_python_dop_operator_3.py
[2025-08-11T11:45:13.260+0000] {processor.py:840} INFO - DAG(s) 'example_branch_dop_operator_v3' retrieved from /home/airflow/.local/lib/python3.12/site-packages/airflow/example_dags/example_branch_python_dop_operator_3.py
[2025-08-11T11:45:13.277+0000] {logging_mixin.py:188} INFO - [2025-08-11T11:45:13.276+0000] {dag.py:3096} INFO - Sync 1 DAGs
[2025-08-11T11:45:13.292+0000] {logging_mixin.py:188} INFO - [2025-08-11T11:45:13.292+0000] {dag.py:3954} INFO - Setting next_dagrun for example_branch_dop_operator_v3 to 2025-08-11 11:44:00+00:00, run_after=2025-08-11 11:45:00+00:00
[2025-08-11T11:45:13.305+0000] {processor.py:183} INFO - Processing /home/airflow/.local/lib/python3.12/site-packages/airflow/example_dags/example_branch_python_dop_operator_3.py took 0.059 seconds
[2025-08-11T11:45:43.610+0000] {processor.py:161} INFO - Started process (PID=1247) to work on /home/airflow/.local/lib/python3.12/site-packages/airflow/example_dags/example_branch_python_dop_operator_3.py
[2025-08-11T11:45:43.613+0000] {processor.py:830} INFO - Processing file /home/airflow/.local/lib/python3.12/site-packages/airflow/example_dags/example_branch_python_dop_operator_3.py for tasks to queue
[2025-08-11T11:45:43.615+0000] {logging_mixin.py:188} INFO - [2025-08-11T11:45:43.615+0000] {dagbag.py:545} INFO - Filling up the DagBag from /home/airflow/.local/lib/python3.12/site-packages/airflow/example_dags/example_branch_python_dop_operator_3.py
[2025-08-11T11:45:43.620+0000] {processor.py:840} INFO - DAG(s) 'example_branch_dop_operator_v3' retrieved from /home/airflow/.local/lib/python3.12/site-packages/airflow/example_dags/example_branch_python_dop_operator_3.py
[2025-08-11T11:45:43.635+0000] {logging_mixin.py:188} INFO - [2025-08-11T11:45:43.635+0000] {dag.py:3096} INFO - Sync 1 DAGs
[2025-08-11T11:45:43.651+0000] {logging_mixin.py:188} INFO - [2025-08-11T11:45:43.651+0000] {dag.py:3954} INFO - Setting next_dagrun for example_branch_dop_operator_v3 to 2025-08-11 11:44:00+00:00, run_after=2025-08-11 11:45:00+00:00
[2025-08-11T11:45:43.665+0000] {processor.py:183} INFO - Processing /home/airflow/.local/lib/python3.12/site-packages/airflow/example_dags/example_branch_python_dop_operator_3.py took 0.059 seconds
[2025-08-11T11:46:13.880+0000] {processor.py:161} INFO - Started process (PID=1306) to work on /home/airflow/.local/lib/python3.12/site-packages/airflow/example_dags/example_branch_python_dop_operator_3.py
[2025-08-11T11:46:13.881+0000] {processor.py:830} INFO - Processing file /home/airflow/.local/lib/python3.12/site-packages/airflow/example_dags/example_branch_python_dop_operator_3.py for tasks to queue
[2025-08-11T11:46:13.882+0000] {logging_mixin.py:188} INFO - [2025-08-11T11:46:13.882+0000] {dagbag.py:545} INFO - Filling up the DagBag from /home/airflow/.local/lib/python3.12/site-packages/airflow/example_dags/example_branch_python_dop_operator_3.py
[2025-08-11T11:46:13.887+0000] {processor.py:840} INFO - DAG(s) 'example_branch_dop_operator_v3' retrieved from /home/airflow/.local/lib/python3.12/site-packages/airflow/example_dags/example_branch_python_dop_operator_3.py
[2025-08-11T11:46:13.902+0000] {logging_mixin.py:188} INFO - [2025-08-11T11:46:13.901+0000] {dag.py:3096} INFO - Sync 1 DAGs
[2025-08-11T11:46:13.917+0000] {logging_mixin.py:188} INFO - [2025-08-11T11:46:13.917+0000] {dag.py:3954} INFO - Setting next_dagrun for example_branch_dop_operator_v3 to 2025-08-11 11:45:00+00:00, run_after=2025-08-11 11:46:00+00:00
[2025-08-11T11:46:13.927+0000] {processor.py:183} INFO - Processing /home/airflow/.local/lib/python3.12/site-packages/airflow/example_dags/example_branch_python_dop_operator_3.py took 0.051 seconds
