[2025-08-11T11:35:33.468+0000] {processor.py:161} INFO - Started process (PID=93) to work on /home/airflow/.local/lib/python3.12/site-packages/airflow/example_dags/example_branch_day_of_week_operator.py
[2025-08-11T11:35:33.469+0000] {processor.py:830} INFO - Processing file /home/airflow/.local/lib/python3.12/site-packages/airflow/example_dags/example_branch_day_of_week_operator.py for tasks to queue
[2025-08-11T11:35:33.471+0000] {logging_mixin.py:188} INFO - [2025-08-11T11:35:33.470+0000] {dagbag.py:545} INFO - Filling up the DagBag from /home/airflow/.local/lib/python3.12/site-packages/airflow/example_dags/example_branch_day_of_week_operator.py
[2025-08-11T11:35:33.479+0000] {processor.py:840} INFO - DAG(s) 'example_weekday_branch_operator' retrieved from /home/airflow/.local/lib/python3.12/site-packages/airflow/example_dags/example_branch_day_of_week_operator.py
[2025-08-11T11:35:33.571+0000] {logging_mixin.py:188} INFO - [2025-08-11T11:35:33.570+0000] {override.py:1829} INFO - Created Permission View: can read on DAG:example_weekday_branch_operator
[2025-08-11T11:35:33.579+0000] {logging_mixin.py:188} INFO - [2025-08-11T11:35:33.579+0000] {override.py:1829} INFO - Created Permission View: can delete on DAG:example_weekday_branch_operator
[2025-08-11T11:35:33.583+0000] {logging_mixin.py:188} INFO - [2025-08-11T11:35:33.583+0000] {override.py:1829} INFO - Created Permission View: can edit on DAG:example_weekday_branch_operator
[2025-08-11T11:35:33.586+0000] {logging_mixin.py:188} INFO - [2025-08-11T11:35:33.586+0000] {dag.py:3096} INFO - Sync 1 DAGs
[2025-08-11T11:35:33.594+0000] {logging_mixin.py:188} INFO - [2025-08-11T11:35:33.594+0000] {dag.py:3118} INFO - Creating ORM DAG for example_weekday_branch_operator
[2025-08-11T11:35:33.605+0000] {logging_mixin.py:188} INFO - [2025-08-11T11:35:33.605+0000] {dag.py:3954} INFO - Setting next_dagrun for example_weekday_branch_operator to 2025-08-10 00:00:00+00:00, run_after=2025-08-11 00:00:00+00:00
[2025-08-11T11:35:33.618+0000] {processor.py:183} INFO - Processing /home/airflow/.local/lib/python3.12/site-packages/airflow/example_dags/example_branch_day_of_week_operator.py took 0.155 seconds
[2025-08-11T11:36:04.008+0000] {processor.py:161} INFO - Started process (PID=150) to work on /home/airflow/.local/lib/python3.12/site-packages/airflow/example_dags/example_branch_day_of_week_operator.py
[2025-08-11T11:36:04.009+0000] {processor.py:830} INFO - Processing file /home/airflow/.local/lib/python3.12/site-packages/airflow/example_dags/example_branch_day_of_week_operator.py for tasks to queue
[2025-08-11T11:36:04.011+0000] {logging_mixin.py:188} INFO - [2025-08-11T11:36:04.010+0000] {dagbag.py:545} INFO - Filling up the DagBag from /home/airflow/.local/lib/python3.12/site-packages/airflow/example_dags/example_branch_day_of_week_operator.py
[2025-08-11T11:36:04.022+0000] {processor.py:840} INFO - DAG(s) 'example_weekday_branch_operator' retrieved from /home/airflow/.local/lib/python3.12/site-packages/airflow/example_dags/example_branch_day_of_week_operator.py
[2025-08-11T11:36:04.053+0000] {logging_mixin.py:188} INFO - [2025-08-11T11:36:04.052+0000] {dag.py:3096} INFO - Sync 1 DAGs
[2025-08-11T11:36:04.082+0000] {logging_mixin.py:188} INFO - [2025-08-11T11:36:04.082+0000] {dag.py:3954} INFO - Setting next_dagrun for example_weekday_branch_operator to 2025-08-10 00:00:00+00:00, run_after=2025-08-11 00:00:00+00:00
[2025-08-11T11:36:04.106+0000] {processor.py:183} INFO - Processing /home/airflow/.local/lib/python3.12/site-packages/airflow/example_dags/example_branch_day_of_week_operator.py took 0.104 seconds
[2025-08-11T11:36:34.763+0000] {processor.py:161} INFO - Started process (PID=208) to work on /home/airflow/.local/lib/python3.12/site-packages/airflow/example_dags/example_branch_day_of_week_operator.py
[2025-08-11T11:36:34.764+0000] {processor.py:830} INFO - Processing file /home/airflow/.local/lib/python3.12/site-packages/airflow/example_dags/example_branch_day_of_week_operator.py for tasks to queue
[2025-08-11T11:36:34.765+0000] {logging_mixin.py:188} INFO - [2025-08-11T11:36:34.765+0000] {dagbag.py:545} INFO - Filling up the DagBag from /home/airflow/.local/lib/python3.12/site-packages/airflow/example_dags/example_branch_day_of_week_operator.py
[2025-08-11T11:36:34.772+0000] {processor.py:840} INFO - DAG(s) 'example_weekday_branch_operator' retrieved from /home/airflow/.local/lib/python3.12/site-packages/airflow/example_dags/example_branch_day_of_week_operator.py
[2025-08-11T11:36:34.787+0000] {logging_mixin.py:188} INFO - [2025-08-11T11:36:34.787+0000] {dag.py:3096} INFO - Sync 1 DAGs
[2025-08-11T11:36:34.801+0000] {logging_mixin.py:188} INFO - [2025-08-11T11:36:34.801+0000] {dag.py:3954} INFO - Setting next_dagrun for example_weekday_branch_operator to 2025-08-10 00:00:00+00:00, run_after=2025-08-11 00:00:00+00:00
[2025-08-11T11:36:34.812+0000] {processor.py:183} INFO - Processing /home/airflow/.local/lib/python3.12/site-packages/airflow/example_dags/example_branch_day_of_week_operator.py took 0.052 seconds
[2025-08-11T11:37:05.095+0000] {processor.py:161} INFO - Started process (PID=266) to work on /home/airflow/.local/lib/python3.12/site-packages/airflow/example_dags/example_branch_day_of_week_operator.py
[2025-08-11T11:37:05.096+0000] {processor.py:830} INFO - Processing file /home/airflow/.local/lib/python3.12/site-packages/airflow/example_dags/example_branch_day_of_week_operator.py for tasks to queue
[2025-08-11T11:37:05.097+0000] {logging_mixin.py:188} INFO - [2025-08-11T11:37:05.097+0000] {dagbag.py:545} INFO - Filling up the DagBag from /home/airflow/.local/lib/python3.12/site-packages/airflow/example_dags/example_branch_day_of_week_operator.py
[2025-08-11T11:37:05.102+0000] {processor.py:840} INFO - DAG(s) 'example_weekday_branch_operator' retrieved from /home/airflow/.local/lib/python3.12/site-packages/airflow/example_dags/example_branch_day_of_week_operator.py
[2025-08-11T11:37:05.117+0000] {logging_mixin.py:188} INFO - [2025-08-11T11:37:05.117+0000] {dag.py:3096} INFO - Sync 1 DAGs
[2025-08-11T11:37:05.135+0000] {logging_mixin.py:188} INFO - [2025-08-11T11:37:05.135+0000] {dag.py:3954} INFO - Setting next_dagrun for example_weekday_branch_operator to 2025-08-10 00:00:00+00:00, run_after=2025-08-11 00:00:00+00:00
[2025-08-11T11:37:05.149+0000] {processor.py:183} INFO - Processing /home/airflow/.local/lib/python3.12/site-packages/airflow/example_dags/example_branch_day_of_week_operator.py took 0.058 seconds
[2025-08-11T11:37:35.594+0000] {processor.py:161} INFO - Started process (PID=324) to work on /home/airflow/.local/lib/python3.12/site-packages/airflow/example_dags/example_branch_day_of_week_operator.py
[2025-08-11T11:37:35.595+0000] {processor.py:830} INFO - Processing file /home/airflow/.local/lib/python3.12/site-packages/airflow/example_dags/example_branch_day_of_week_operator.py for tasks to queue
[2025-08-11T11:37:35.596+0000] {logging_mixin.py:188} INFO - [2025-08-11T11:37:35.596+0000] {dagbag.py:545} INFO - Filling up the DagBag from /home/airflow/.local/lib/python3.12/site-packages/airflow/example_dags/example_branch_day_of_week_operator.py
[2025-08-11T11:37:35.601+0000] {processor.py:840} INFO - DAG(s) 'example_weekday_branch_operator' retrieved from /home/airflow/.local/lib/python3.12/site-packages/airflow/example_dags/example_branch_day_of_week_operator.py
[2025-08-11T11:37:35.615+0000] {logging_mixin.py:188} INFO - [2025-08-11T11:37:35.615+0000] {dag.py:3096} INFO - Sync 1 DAGs
[2025-08-11T11:37:35.629+0000] {logging_mixin.py:188} INFO - [2025-08-11T11:37:35.628+0000] {dag.py:3954} INFO - Setting next_dagrun for example_weekday_branch_operator to 2025-08-10 00:00:00+00:00, run_after=2025-08-11 00:00:00+00:00
[2025-08-11T11:37:35.640+0000] {processor.py:183} INFO - Processing /home/airflow/.local/lib/python3.12/site-packages/airflow/example_dags/example_branch_day_of_week_operator.py took 0.051 seconds
[2025-08-11T11:38:05.997+0000] {processor.py:161} INFO - Started process (PID=382) to work on /home/airflow/.local/lib/python3.12/site-packages/airflow/example_dags/example_branch_day_of_week_operator.py
[2025-08-11T11:38:05.998+0000] {processor.py:830} INFO - Processing file /home/airflow/.local/lib/python3.12/site-packages/airflow/example_dags/example_branch_day_of_week_operator.py for tasks to queue
[2025-08-11T11:38:06.000+0000] {logging_mixin.py:188} INFO - [2025-08-11T11:38:05.999+0000] {dagbag.py:545} INFO - Filling up the DagBag from /home/airflow/.local/lib/python3.12/site-packages/airflow/example_dags/example_branch_day_of_week_operator.py
[2025-08-11T11:38:06.014+0000] {processor.py:840} INFO - DAG(s) 'example_weekday_branch_operator' retrieved from /home/airflow/.local/lib/python3.12/site-packages/airflow/example_dags/example_branch_day_of_week_operator.py
[2025-08-11T11:38:06.045+0000] {logging_mixin.py:188} INFO - [2025-08-11T11:38:06.045+0000] {dag.py:3096} INFO - Sync 1 DAGs
[2025-08-11T11:38:06.066+0000] {logging_mixin.py:188} INFO - [2025-08-11T11:38:06.065+0000] {dag.py:3954} INFO - Setting next_dagrun for example_weekday_branch_operator to 2025-08-10 00:00:00+00:00, run_after=2025-08-11 00:00:00+00:00
[2025-08-11T11:38:06.080+0000] {processor.py:183} INFO - Processing /home/airflow/.local/lib/python3.12/site-packages/airflow/example_dags/example_branch_day_of_week_operator.py took 0.088 seconds
[2025-08-11T11:38:36.500+0000] {processor.py:161} INFO - Started process (PID=440) to work on /home/airflow/.local/lib/python3.12/site-packages/airflow/example_dags/example_branch_day_of_week_operator.py
[2025-08-11T11:38:36.502+0000] {processor.py:830} INFO - Processing file /home/airflow/.local/lib/python3.12/site-packages/airflow/example_dags/example_branch_day_of_week_operator.py for tasks to queue
[2025-08-11T11:38:36.503+0000] {logging_mixin.py:188} INFO - [2025-08-11T11:38:36.503+0000] {dagbag.py:545} INFO - Filling up the DagBag from /home/airflow/.local/lib/python3.12/site-packages/airflow/example_dags/example_branch_day_of_week_operator.py
[2025-08-11T11:38:36.511+0000] {processor.py:840} INFO - DAG(s) 'example_weekday_branch_operator' retrieved from /home/airflow/.local/lib/python3.12/site-packages/airflow/example_dags/example_branch_day_of_week_operator.py
[2025-08-11T11:38:36.529+0000] {logging_mixin.py:188} INFO - [2025-08-11T11:38:36.529+0000] {dag.py:3096} INFO - Sync 1 DAGs
[2025-08-11T11:38:36.544+0000] {logging_mixin.py:188} INFO - [2025-08-11T11:38:36.544+0000] {dag.py:3954} INFO - Setting next_dagrun for example_weekday_branch_operator to 2025-08-10 00:00:00+00:00, run_after=2025-08-11 00:00:00+00:00
[2025-08-11T11:38:36.556+0000] {processor.py:183} INFO - Processing /home/airflow/.local/lib/python3.12/site-packages/airflow/example_dags/example_branch_day_of_week_operator.py took 0.060 seconds
[2025-08-11T11:39:06.893+0000] {processor.py:161} INFO - Started process (PID=498) to work on /home/airflow/.local/lib/python3.12/site-packages/airflow/example_dags/example_branch_day_of_week_operator.py
[2025-08-11T11:39:06.894+0000] {processor.py:830} INFO - Processing file /home/airflow/.local/lib/python3.12/site-packages/airflow/example_dags/example_branch_day_of_week_operator.py for tasks to queue
[2025-08-11T11:39:06.896+0000] {logging_mixin.py:188} INFO - [2025-08-11T11:39:06.895+0000] {dagbag.py:545} INFO - Filling up the DagBag from /home/airflow/.local/lib/python3.12/site-packages/airflow/example_dags/example_branch_day_of_week_operator.py
[2025-08-11T11:39:06.901+0000] {processor.py:840} INFO - DAG(s) 'example_weekday_branch_operator' retrieved from /home/airflow/.local/lib/python3.12/site-packages/airflow/example_dags/example_branch_day_of_week_operator.py
[2025-08-11T11:39:06.918+0000] {logging_mixin.py:188} INFO - [2025-08-11T11:39:06.917+0000] {dag.py:3096} INFO - Sync 1 DAGs
[2025-08-11T11:39:06.933+0000] {logging_mixin.py:188} INFO - [2025-08-11T11:39:06.933+0000] {dag.py:3954} INFO - Setting next_dagrun for example_weekday_branch_operator to 2025-08-10 00:00:00+00:00, run_after=2025-08-11 00:00:00+00:00
[2025-08-11T11:39:06.944+0000] {processor.py:183} INFO - Processing /home/airflow/.local/lib/python3.12/site-packages/airflow/example_dags/example_branch_day_of_week_operator.py took 0.056 seconds
[2025-08-11T11:39:37.065+0000] {processor.py:161} INFO - Started process (PID=555) to work on /home/airflow/.local/lib/python3.12/site-packages/airflow/example_dags/example_branch_day_of_week_operator.py
[2025-08-11T11:39:37.066+0000] {processor.py:830} INFO - Processing file /home/airflow/.local/lib/python3.12/site-packages/airflow/example_dags/example_branch_day_of_week_operator.py for tasks to queue
[2025-08-11T11:39:37.067+0000] {logging_mixin.py:188} INFO - [2025-08-11T11:39:37.067+0000] {dagbag.py:545} INFO - Filling up the DagBag from /home/airflow/.local/lib/python3.12/site-packages/airflow/example_dags/example_branch_day_of_week_operator.py
[2025-08-11T11:39:37.075+0000] {processor.py:840} INFO - DAG(s) 'example_weekday_branch_operator' retrieved from /home/airflow/.local/lib/python3.12/site-packages/airflow/example_dags/example_branch_day_of_week_operator.py
[2025-08-11T11:39:37.088+0000] {logging_mixin.py:188} INFO - [2025-08-11T11:39:37.088+0000] {dag.py:3096} INFO - Sync 1 DAGs
[2025-08-11T11:39:37.102+0000] {logging_mixin.py:188} INFO - [2025-08-11T11:39:37.102+0000] {dag.py:3954} INFO - Setting next_dagrun for example_weekday_branch_operator to 2025-08-10 00:00:00+00:00, run_after=2025-08-11 00:00:00+00:00
[2025-08-11T11:39:37.113+0000] {processor.py:183} INFO - Processing /home/airflow/.local/lib/python3.12/site-packages/airflow/example_dags/example_branch_day_of_week_operator.py took 0.052 seconds
[2025-08-11T11:40:07.342+0000] {processor.py:161} INFO - Started process (PID=613) to work on /home/airflow/.local/lib/python3.12/site-packages/airflow/example_dags/example_branch_day_of_week_operator.py
[2025-08-11T11:40:07.343+0000] {processor.py:830} INFO - Processing file /home/airflow/.local/lib/python3.12/site-packages/airflow/example_dags/example_branch_day_of_week_operator.py for tasks to queue
[2025-08-11T11:40:07.345+0000] {logging_mixin.py:188} INFO - [2025-08-11T11:40:07.345+0000] {dagbag.py:545} INFO - Filling up the DagBag from /home/airflow/.local/lib/python3.12/site-packages/airflow/example_dags/example_branch_day_of_week_operator.py
[2025-08-11T11:40:07.353+0000] {processor.py:840} INFO - DAG(s) 'example_weekday_branch_operator' retrieved from /home/airflow/.local/lib/python3.12/site-packages/airflow/example_dags/example_branch_day_of_week_operator.py
[2025-08-11T11:40:07.366+0000] {logging_mixin.py:188} INFO - [2025-08-11T11:40:07.366+0000] {dag.py:3096} INFO - Sync 1 DAGs
[2025-08-11T11:40:07.380+0000] {logging_mixin.py:188} INFO - [2025-08-11T11:40:07.380+0000] {dag.py:3954} INFO - Setting next_dagrun for example_weekday_branch_operator to 2025-08-10 00:00:00+00:00, run_after=2025-08-11 00:00:00+00:00
[2025-08-11T11:40:07.392+0000] {processor.py:183} INFO - Processing /home/airflow/.local/lib/python3.12/site-packages/airflow/example_dags/example_branch_day_of_week_operator.py took 0.054 seconds
[2025-08-11T11:40:38.510+0000] {processor.py:161} INFO - Started process (PID=672) to work on /home/airflow/.local/lib/python3.12/site-packages/airflow/example_dags/example_branch_day_of_week_operator.py
[2025-08-11T11:40:38.511+0000] {processor.py:830} INFO - Processing file /home/airflow/.local/lib/python3.12/site-packages/airflow/example_dags/example_branch_day_of_week_operator.py for tasks to queue
[2025-08-11T11:40:38.512+0000] {logging_mixin.py:188} INFO - [2025-08-11T11:40:38.512+0000] {dagbag.py:545} INFO - Filling up the DagBag from /home/airflow/.local/lib/python3.12/site-packages/airflow/example_dags/example_branch_day_of_week_operator.py
[2025-08-11T11:40:38.518+0000] {processor.py:840} INFO - DAG(s) 'example_weekday_branch_operator' retrieved from /home/airflow/.local/lib/python3.12/site-packages/airflow/example_dags/example_branch_day_of_week_operator.py
[2025-08-11T11:40:38.534+0000] {logging_mixin.py:188} INFO - [2025-08-11T11:40:38.534+0000] {dag.py:3096} INFO - Sync 1 DAGs
[2025-08-11T11:40:38.549+0000] {logging_mixin.py:188} INFO - [2025-08-11T11:40:38.549+0000] {dag.py:3954} INFO - Setting next_dagrun for example_weekday_branch_operator to 2025-08-10 00:00:00+00:00, run_after=2025-08-11 00:00:00+00:00
[2025-08-11T11:40:38.563+0000] {processor.py:183} INFO - Processing /home/airflow/.local/lib/python3.12/site-packages/airflow/example_dags/example_branch_day_of_week_operator.py took 0.058 seconds
[2025-08-11T11:41:09.535+0000] {processor.py:161} INFO - Started process (PID=730) to work on /home/airflow/.local/lib/python3.12/site-packages/airflow/example_dags/example_branch_day_of_week_operator.py
[2025-08-11T11:41:09.536+0000] {processor.py:830} INFO - Processing file /home/airflow/.local/lib/python3.12/site-packages/airflow/example_dags/example_branch_day_of_week_operator.py for tasks to queue
[2025-08-11T11:41:09.538+0000] {logging_mixin.py:188} INFO - [2025-08-11T11:41:09.537+0000] {dagbag.py:545} INFO - Filling up the DagBag from /home/airflow/.local/lib/python3.12/site-packages/airflow/example_dags/example_branch_day_of_week_operator.py
[2025-08-11T11:41:09.542+0000] {processor.py:840} INFO - DAG(s) 'example_weekday_branch_operator' retrieved from /home/airflow/.local/lib/python3.12/site-packages/airflow/example_dags/example_branch_day_of_week_operator.py
[2025-08-11T11:41:09.558+0000] {logging_mixin.py:188} INFO - [2025-08-11T11:41:09.558+0000] {dag.py:3096} INFO - Sync 1 DAGs
[2025-08-11T11:41:09.574+0000] {logging_mixin.py:188} INFO - [2025-08-11T11:41:09.573+0000] {dag.py:3954} INFO - Setting next_dagrun for example_weekday_branch_operator to 2025-08-10 00:00:00+00:00, run_after=2025-08-11 00:00:00+00:00
[2025-08-11T11:41:09.585+0000] {processor.py:183} INFO - Processing /home/airflow/.local/lib/python3.12/site-packages/airflow/example_dags/example_branch_day_of_week_operator.py took 0.054 seconds
[2025-08-11T11:41:40.008+0000] {processor.py:161} INFO - Started process (PID=788) to work on /home/airflow/.local/lib/python3.12/site-packages/airflow/example_dags/example_branch_day_of_week_operator.py
[2025-08-11T11:41:40.009+0000] {processor.py:830} INFO - Processing file /home/airflow/.local/lib/python3.12/site-packages/airflow/example_dags/example_branch_day_of_week_operator.py for tasks to queue
[2025-08-11T11:41:40.010+0000] {logging_mixin.py:188} INFO - [2025-08-11T11:41:40.010+0000] {dagbag.py:545} INFO - Filling up the DagBag from /home/airflow/.local/lib/python3.12/site-packages/airflow/example_dags/example_branch_day_of_week_operator.py
[2025-08-11T11:41:40.016+0000] {processor.py:840} INFO - DAG(s) 'example_weekday_branch_operator' retrieved from /home/airflow/.local/lib/python3.12/site-packages/airflow/example_dags/example_branch_day_of_week_operator.py
[2025-08-11T11:41:40.032+0000] {logging_mixin.py:188} INFO - [2025-08-11T11:41:40.031+0000] {dag.py:3096} INFO - Sync 1 DAGs
[2025-08-11T11:41:40.047+0000] {logging_mixin.py:188} INFO - [2025-08-11T11:41:40.047+0000] {dag.py:3954} INFO - Setting next_dagrun for example_weekday_branch_operator to 2025-08-10 00:00:00+00:00, run_after=2025-08-11 00:00:00+00:00
[2025-08-11T11:41:40.059+0000] {processor.py:183} INFO - Processing /home/airflow/.local/lib/python3.12/site-packages/airflow/example_dags/example_branch_day_of_week_operator.py took 0.056 seconds
[2025-08-11T11:42:10.095+0000] {processor.py:161} INFO - Started process (PID=845) to work on /home/airflow/.local/lib/python3.12/site-packages/airflow/example_dags/example_branch_day_of_week_operator.py
[2025-08-11T11:42:10.095+0000] {processor.py:830} INFO - Processing file /home/airflow/.local/lib/python3.12/site-packages/airflow/example_dags/example_branch_day_of_week_operator.py for tasks to queue
[2025-08-11T11:42:10.097+0000] {logging_mixin.py:188} INFO - [2025-08-11T11:42:10.096+0000] {dagbag.py:545} INFO - Filling up the DagBag from /home/airflow/.local/lib/python3.12/site-packages/airflow/example_dags/example_branch_day_of_week_operator.py
[2025-08-11T11:42:10.101+0000] {processor.py:840} INFO - DAG(s) 'example_weekday_branch_operator' retrieved from /home/airflow/.local/lib/python3.12/site-packages/airflow/example_dags/example_branch_day_of_week_operator.py
[2025-08-11T11:42:10.114+0000] {logging_mixin.py:188} INFO - [2025-08-11T11:42:10.114+0000] {dag.py:3096} INFO - Sync 1 DAGs
[2025-08-11T11:42:10.127+0000] {logging_mixin.py:188} INFO - [2025-08-11T11:42:10.127+0000] {dag.py:3954} INFO - Setting next_dagrun for example_weekday_branch_operator to 2025-08-10 00:00:00+00:00, run_after=2025-08-11 00:00:00+00:00
[2025-08-11T11:42:10.137+0000] {processor.py:183} INFO - Processing /home/airflow/.local/lib/python3.12/site-packages/airflow/example_dags/example_branch_day_of_week_operator.py took 0.046 seconds
[2025-08-11T11:42:40.829+0000] {processor.py:161} INFO - Started process (PID=903) to work on /home/airflow/.local/lib/python3.12/site-packages/airflow/example_dags/example_branch_day_of_week_operator.py
[2025-08-11T11:42:40.832+0000] {processor.py:830} INFO - Processing file /home/airflow/.local/lib/python3.12/site-packages/airflow/example_dags/example_branch_day_of_week_operator.py for tasks to queue
[2025-08-11T11:42:40.837+0000] {logging_mixin.py:188} INFO - [2025-08-11T11:42:40.837+0000] {dagbag.py:545} INFO - Filling up the DagBag from /home/airflow/.local/lib/python3.12/site-packages/airflow/example_dags/example_branch_day_of_week_operator.py
[2025-08-11T11:42:40.855+0000] {processor.py:840} INFO - DAG(s) 'example_weekday_branch_operator' retrieved from /home/airflow/.local/lib/python3.12/site-packages/airflow/example_dags/example_branch_day_of_week_operator.py
[2025-08-11T11:42:40.916+0000] {logging_mixin.py:188} INFO - [2025-08-11T11:42:40.916+0000] {dag.py:3096} INFO - Sync 1 DAGs
[2025-08-11T11:42:40.952+0000] {logging_mixin.py:188} INFO - [2025-08-11T11:42:40.952+0000] {dag.py:3954} INFO - Setting next_dagrun for example_weekday_branch_operator to 2025-08-10 00:00:00+00:00, run_after=2025-08-11 00:00:00+00:00
[2025-08-11T11:42:40.985+0000] {processor.py:183} INFO - Processing /home/airflow/.local/lib/python3.12/site-packages/airflow/example_dags/example_branch_day_of_week_operator.py took 0.170 seconds
[2025-08-11T11:43:11.316+0000] {processor.py:161} INFO - Started process (PID=961) to work on /home/airflow/.local/lib/python3.12/site-packages/airflow/example_dags/example_branch_day_of_week_operator.py
[2025-08-11T11:43:11.318+0000] {processor.py:830} INFO - Processing file /home/airflow/.local/lib/python3.12/site-packages/airflow/example_dags/example_branch_day_of_week_operator.py for tasks to queue
[2025-08-11T11:43:11.320+0000] {logging_mixin.py:188} INFO - [2025-08-11T11:43:11.320+0000] {dagbag.py:545} INFO - Filling up the DagBag from /home/airflow/.local/lib/python3.12/site-packages/airflow/example_dags/example_branch_day_of_week_operator.py
[2025-08-11T11:43:11.326+0000] {processor.py:840} INFO - DAG(s) 'example_weekday_branch_operator' retrieved from /home/airflow/.local/lib/python3.12/site-packages/airflow/example_dags/example_branch_day_of_week_operator.py
[2025-08-11T11:43:11.342+0000] {logging_mixin.py:188} INFO - [2025-08-11T11:43:11.342+0000] {dag.py:3096} INFO - Sync 1 DAGs
[2025-08-11T11:43:11.359+0000] {logging_mixin.py:188} INFO - [2025-08-11T11:43:11.358+0000] {dag.py:3954} INFO - Setting next_dagrun for example_weekday_branch_operator to 2025-08-10 00:00:00+00:00, run_after=2025-08-11 00:00:00+00:00
[2025-08-11T11:43:11.373+0000] {processor.py:183} INFO - Processing /home/airflow/.local/lib/python3.12/site-packages/airflow/example_dags/example_branch_day_of_week_operator.py took 0.062 seconds
[2025-08-11T11:43:41.421+0000] {processor.py:161} INFO - Started process (PID=1019) to work on /home/airflow/.local/lib/python3.12/site-packages/airflow/example_dags/example_branch_day_of_week_operator.py
[2025-08-11T11:43:41.422+0000] {processor.py:830} INFO - Processing file /home/airflow/.local/lib/python3.12/site-packages/airflow/example_dags/example_branch_day_of_week_operator.py for tasks to queue
[2025-08-11T11:43:41.424+0000] {logging_mixin.py:188} INFO - [2025-08-11T11:43:41.424+0000] {dagbag.py:545} INFO - Filling up the DagBag from /home/airflow/.local/lib/python3.12/site-packages/airflow/example_dags/example_branch_day_of_week_operator.py
[2025-08-11T11:43:41.429+0000] {processor.py:840} INFO - DAG(s) 'example_weekday_branch_operator' retrieved from /home/airflow/.local/lib/python3.12/site-packages/airflow/example_dags/example_branch_day_of_week_operator.py
[2025-08-11T11:43:41.449+0000] {logging_mixin.py:188} INFO - [2025-08-11T11:43:41.449+0000] {dag.py:3096} INFO - Sync 1 DAGs
[2025-08-11T11:43:41.471+0000] {logging_mixin.py:188} INFO - [2025-08-11T11:43:41.471+0000] {dag.py:3954} INFO - Setting next_dagrun for example_weekday_branch_operator to 2025-08-10 00:00:00+00:00, run_after=2025-08-11 00:00:00+00:00
[2025-08-11T11:43:41.497+0000] {processor.py:183} INFO - Processing /home/airflow/.local/lib/python3.12/site-packages/airflow/example_dags/example_branch_day_of_week_operator.py took 0.080 seconds
[2025-08-11T11:44:12.443+0000] {processor.py:161} INFO - Started process (PID=1077) to work on /home/airflow/.local/lib/python3.12/site-packages/airflow/example_dags/example_branch_day_of_week_operator.py
[2025-08-11T11:44:12.444+0000] {processor.py:830} INFO - Processing file /home/airflow/.local/lib/python3.12/site-packages/airflow/example_dags/example_branch_day_of_week_operator.py for tasks to queue
[2025-08-11T11:44:12.447+0000] {logging_mixin.py:188} INFO - [2025-08-11T11:44:12.447+0000] {dagbag.py:545} INFO - Filling up the DagBag from /home/airflow/.local/lib/python3.12/site-packages/airflow/example_dags/example_branch_day_of_week_operator.py
[2025-08-11T11:44:12.457+0000] {processor.py:840} INFO - DAG(s) 'example_weekday_branch_operator' retrieved from /home/airflow/.local/lib/python3.12/site-packages/airflow/example_dags/example_branch_day_of_week_operator.py
[2025-08-11T11:44:12.478+0000] {logging_mixin.py:188} INFO - [2025-08-11T11:44:12.478+0000] {dag.py:3096} INFO - Sync 1 DAGs
[2025-08-11T11:44:12.497+0000] {logging_mixin.py:188} INFO - [2025-08-11T11:44:12.497+0000] {dag.py:3954} INFO - Setting next_dagrun for example_weekday_branch_operator to 2025-08-10 00:00:00+00:00, run_after=2025-08-11 00:00:00+00:00
[2025-08-11T11:44:12.510+0000] {processor.py:183} INFO - Processing /home/airflow/.local/lib/python3.12/site-packages/airflow/example_dags/example_branch_day_of_week_operator.py took 0.080 seconds
[2025-08-11T11:44:42.977+0000] {processor.py:161} INFO - Started process (PID=1135) to work on /home/airflow/.local/lib/python3.12/site-packages/airflow/example_dags/example_branch_day_of_week_operator.py
[2025-08-11T11:44:42.978+0000] {processor.py:830} INFO - Processing file /home/airflow/.local/lib/python3.12/site-packages/airflow/example_dags/example_branch_day_of_week_operator.py for tasks to queue
[2025-08-11T11:44:42.979+0000] {logging_mixin.py:188} INFO - [2025-08-11T11:44:42.979+0000] {dagbag.py:545} INFO - Filling up the DagBag from /home/airflow/.local/lib/python3.12/site-packages/airflow/example_dags/example_branch_day_of_week_operator.py
[2025-08-11T11:44:42.984+0000] {processor.py:840} INFO - DAG(s) 'example_weekday_branch_operator' retrieved from /home/airflow/.local/lib/python3.12/site-packages/airflow/example_dags/example_branch_day_of_week_operator.py
[2025-08-11T11:44:43.000+0000] {logging_mixin.py:188} INFO - [2025-08-11T11:44:42.999+0000] {dag.py:3096} INFO - Sync 1 DAGs
[2025-08-11T11:44:43.015+0000] {logging_mixin.py:188} INFO - [2025-08-11T11:44:43.015+0000] {dag.py:3954} INFO - Setting next_dagrun for example_weekday_branch_operator to 2025-08-10 00:00:00+00:00, run_after=2025-08-11 00:00:00+00:00
[2025-08-11T11:44:43.030+0000] {processor.py:183} INFO - Processing /home/airflow/.local/lib/python3.12/site-packages/airflow/example_dags/example_branch_day_of_week_operator.py took 0.058 seconds
[2025-08-11T11:45:13.411+0000] {processor.py:161} INFO - Started process (PID=1193) to work on /home/airflow/.local/lib/python3.12/site-packages/airflow/example_dags/example_branch_day_of_week_operator.py
[2025-08-11T11:45:13.412+0000] {processor.py:830} INFO - Processing file /home/airflow/.local/lib/python3.12/site-packages/airflow/example_dags/example_branch_day_of_week_operator.py for tasks to queue
[2025-08-11T11:45:13.413+0000] {logging_mixin.py:188} INFO - [2025-08-11T11:45:13.413+0000] {dagbag.py:545} INFO - Filling up the DagBag from /home/airflow/.local/lib/python3.12/site-packages/airflow/example_dags/example_branch_day_of_week_operator.py
[2025-08-11T11:45:13.419+0000] {processor.py:840} INFO - DAG(s) 'example_weekday_branch_operator' retrieved from /home/airflow/.local/lib/python3.12/site-packages/airflow/example_dags/example_branch_day_of_week_operator.py
[2025-08-11T11:45:13.439+0000] {logging_mixin.py:188} INFO - [2025-08-11T11:45:13.439+0000] {dag.py:3096} INFO - Sync 1 DAGs
[2025-08-11T11:45:13.459+0000] {logging_mixin.py:188} INFO - [2025-08-11T11:45:13.459+0000] {dag.py:3954} INFO - Setting next_dagrun for example_weekday_branch_operator to 2025-08-10 00:00:00+00:00, run_after=2025-08-11 00:00:00+00:00
[2025-08-11T11:45:13.470+0000] {processor.py:183} INFO - Processing /home/airflow/.local/lib/python3.12/site-packages/airflow/example_dags/example_branch_day_of_week_operator.py took 0.063 seconds
[2025-08-11T11:45:43.816+0000] {processor.py:161} INFO - Started process (PID=1251) to work on /home/airflow/.local/lib/python3.12/site-packages/airflow/example_dags/example_branch_day_of_week_operator.py
[2025-08-11T11:45:43.817+0000] {processor.py:830} INFO - Processing file /home/airflow/.local/lib/python3.12/site-packages/airflow/example_dags/example_branch_day_of_week_operator.py for tasks to queue
[2025-08-11T11:45:43.818+0000] {logging_mixin.py:188} INFO - [2025-08-11T11:45:43.818+0000] {dagbag.py:545} INFO - Filling up the DagBag from /home/airflow/.local/lib/python3.12/site-packages/airflow/example_dags/example_branch_day_of_week_operator.py
[2025-08-11T11:45:43.823+0000] {processor.py:840} INFO - DAG(s) 'example_weekday_branch_operator' retrieved from /home/airflow/.local/lib/python3.12/site-packages/airflow/example_dags/example_branch_day_of_week_operator.py
[2025-08-11T11:45:43.838+0000] {logging_mixin.py:188} INFO - [2025-08-11T11:45:43.838+0000] {dag.py:3096} INFO - Sync 1 DAGs
[2025-08-11T11:45:43.853+0000] {logging_mixin.py:188} INFO - [2025-08-11T11:45:43.853+0000] {dag.py:3954} INFO - Setting next_dagrun for example_weekday_branch_operator to 2025-08-10 00:00:00+00:00, run_after=2025-08-11 00:00:00+00:00
[2025-08-11T11:45:43.866+0000] {processor.py:183} INFO - Processing /home/airflow/.local/lib/python3.12/site-packages/airflow/example_dags/example_branch_day_of_week_operator.py took 0.054 seconds
[2025-08-11T11:46:14.033+0000] {processor.py:161} INFO - Started process (PID=1310) to work on /home/airflow/.local/lib/python3.12/site-packages/airflow/example_dags/example_branch_day_of_week_operator.py
[2025-08-11T11:46:14.033+0000] {processor.py:830} INFO - Processing file /home/airflow/.local/lib/python3.12/site-packages/airflow/example_dags/example_branch_day_of_week_operator.py for tasks to queue
[2025-08-11T11:46:14.035+0000] {logging_mixin.py:188} INFO - [2025-08-11T11:46:14.034+0000] {dagbag.py:545} INFO - Filling up the DagBag from /home/airflow/.local/lib/python3.12/site-packages/airflow/example_dags/example_branch_day_of_week_operator.py
[2025-08-11T11:46:14.040+0000] {processor.py:840} INFO - DAG(s) 'example_weekday_branch_operator' retrieved from /home/airflow/.local/lib/python3.12/site-packages/airflow/example_dags/example_branch_day_of_week_operator.py
[2025-08-11T11:46:14.056+0000] {logging_mixin.py:188} INFO - [2025-08-11T11:46:14.056+0000] {dag.py:3096} INFO - Sync 1 DAGs
[2025-08-11T11:46:14.071+0000] {logging_mixin.py:188} INFO - [2025-08-11T11:46:14.071+0000] {dag.py:3954} INFO - Setting next_dagrun for example_weekday_branch_operator to 2025-08-10 00:00:00+00:00, run_after=2025-08-11 00:00:00+00:00
[2025-08-11T11:46:14.082+0000] {processor.py:183} INFO - Processing /home/airflow/.local/lib/python3.12/site-packages/airflow/example_dags/example_branch_day_of_week_operator.py took 0.053 seconds
