[2025-08-11T11:35:30.235+0000] {processor.py:161} INFO - Started process (PID=71) to work on /home/airflow/.local/lib/python3.12/site-packages/airflow/example_dags/example_kubernetes_executor.py
[2025-08-11T11:35:30.239+0000] {processor.py:830} INFO - Processing file /home/airflow/.local/lib/python3.12/site-packages/airflow/example_dags/example_kubernetes_executor.py for tasks to queue
[2025-08-11T11:35:30.254+0000] {logging_mixin.py:188} INFO - [2025-08-11T11:35:30.252+0000] {dagbag.py:545} INFO - Filling up the DagBag from /home/airflow/.local/lib/python3.12/site-packages/airflow/example_dags/example_kubernetes_executor.py
[2025-08-11T11:35:30.318+0000] {processor.py:840} INFO - DAG(s) 'example_kubernetes_executor' retrieved from /home/airflow/.local/lib/python3.12/site-packages/airflow/example_dags/example_kubernetes_executor.py
[2025-08-11T11:35:30.618+0000] {logging_mixin.py:188} INFO - [2025-08-11T11:35:30.617+0000] {override.py:1829} INFO - Created Permission View: can read on DAG:example_kubernetes_executor
[2025-08-11T11:35:30.633+0000] {logging_mixin.py:188} INFO - [2025-08-11T11:35:30.633+0000] {override.py:1829} INFO - Created Permission View: can delete on DAG:example_kubernetes_executor
[2025-08-11T11:35:30.639+0000] {logging_mixin.py:188} INFO - [2025-08-11T11:35:30.639+0000] {override.py:1829} INFO - Created Permission View: can edit on DAG:example_kubernetes_executor
[2025-08-11T11:35:30.640+0000] {logging_mixin.py:188} INFO - [2025-08-11T11:35:30.640+0000] {dag.py:3096} INFO - Sync 1 DAGs
[2025-08-11T11:35:30.654+0000] {logging_mixin.py:188} INFO - [2025-08-11T11:35:30.654+0000] {dag.py:3118} INFO - Creating ORM DAG for example_kubernetes_executor
[2025-08-11T11:35:30.655+0000] {logging_mixin.py:188} INFO - [2025-08-11T11:35:30.655+0000] {dag.py:3954} INFO - Setting next_dagrun for example_kubernetes_executor to None, run_after=None
[2025-08-11T11:35:30.683+0000] {processor.py:183} INFO - Processing /home/airflow/.local/lib/python3.12/site-packages/airflow/example_dags/example_kubernetes_executor.py took 0.482 seconds
[2025-08-11T11:36:00.731+0000] {processor.py:161} INFO - Started process (PID=129) to work on /home/airflow/.local/lib/python3.12/site-packages/airflow/example_dags/example_kubernetes_executor.py
[2025-08-11T11:36:00.732+0000] {processor.py:830} INFO - Processing file /home/airflow/.local/lib/python3.12/site-packages/airflow/example_dags/example_kubernetes_executor.py for tasks to queue
[2025-08-11T11:36:00.734+0000] {logging_mixin.py:188} INFO - [2025-08-11T11:36:00.734+0000] {dagbag.py:545} INFO - Filling up the DagBag from /home/airflow/.local/lib/python3.12/site-packages/airflow/example_dags/example_kubernetes_executor.py
[2025-08-11T11:36:00.754+0000] {processor.py:840} INFO - DAG(s) 'example_kubernetes_executor' retrieved from /home/airflow/.local/lib/python3.12/site-packages/airflow/example_dags/example_kubernetes_executor.py
[2025-08-11T11:36:00.788+0000] {logging_mixin.py:188} INFO - [2025-08-11T11:36:00.788+0000] {dag.py:3096} INFO - Sync 1 DAGs
[2025-08-11T11:36:00.797+0000] {logging_mixin.py:188} INFO - [2025-08-11T11:36:00.797+0000] {dag.py:3954} INFO - Setting next_dagrun for example_kubernetes_executor to None, run_after=None
[2025-08-11T11:36:00.807+0000] {processor.py:183} INFO - Processing /home/airflow/.local/lib/python3.12/site-packages/airflow/example_dags/example_kubernetes_executor.py took 0.081 seconds
[2025-08-11T11:36:30.910+0000] {processor.py:161} INFO - Started process (PID=187) to work on /home/airflow/.local/lib/python3.12/site-packages/airflow/example_dags/example_kubernetes_executor.py
[2025-08-11T11:36:30.911+0000] {processor.py:830} INFO - Processing file /home/airflow/.local/lib/python3.12/site-packages/airflow/example_dags/example_kubernetes_executor.py for tasks to queue
[2025-08-11T11:36:30.912+0000] {logging_mixin.py:188} INFO - [2025-08-11T11:36:30.912+0000] {dagbag.py:545} INFO - Filling up the DagBag from /home/airflow/.local/lib/python3.12/site-packages/airflow/example_dags/example_kubernetes_executor.py
[2025-08-11T11:36:30.928+0000] {processor.py:840} INFO - DAG(s) 'example_kubernetes_executor' retrieved from /home/airflow/.local/lib/python3.12/site-packages/airflow/example_dags/example_kubernetes_executor.py
[2025-08-11T11:36:30.957+0000] {logging_mixin.py:188} INFO - [2025-08-11T11:36:30.957+0000] {dag.py:3096} INFO - Sync 1 DAGs
[2025-08-11T11:36:30.965+0000] {logging_mixin.py:188} INFO - [2025-08-11T11:36:30.965+0000] {dag.py:3954} INFO - Setting next_dagrun for example_kubernetes_executor to None, run_after=None
[2025-08-11T11:36:30.976+0000] {processor.py:183} INFO - Processing /home/airflow/.local/lib/python3.12/site-packages/airflow/example_dags/example_kubernetes_executor.py took 0.071 seconds
[2025-08-11T11:37:01.188+0000] {processor.py:161} INFO - Started process (PID=245) to work on /home/airflow/.local/lib/python3.12/site-packages/airflow/example_dags/example_kubernetes_executor.py
[2025-08-11T11:37:01.190+0000] {processor.py:830} INFO - Processing file /home/airflow/.local/lib/python3.12/site-packages/airflow/example_dags/example_kubernetes_executor.py for tasks to queue
[2025-08-11T11:37:01.194+0000] {logging_mixin.py:188} INFO - [2025-08-11T11:37:01.193+0000] {dagbag.py:545} INFO - Filling up the DagBag from /home/airflow/.local/lib/python3.12/site-packages/airflow/example_dags/example_kubernetes_executor.py
[2025-08-11T11:37:01.208+0000] {processor.py:840} INFO - DAG(s) 'example_kubernetes_executor' retrieved from /home/airflow/.local/lib/python3.12/site-packages/airflow/example_dags/example_kubernetes_executor.py
[2025-08-11T11:37:01.238+0000] {logging_mixin.py:188} INFO - [2025-08-11T11:37:01.238+0000] {dag.py:3096} INFO - Sync 1 DAGs
[2025-08-11T11:37:01.247+0000] {logging_mixin.py:188} INFO - [2025-08-11T11:37:01.246+0000] {dag.py:3954} INFO - Setting next_dagrun for example_kubernetes_executor to None, run_after=None
[2025-08-11T11:37:01.263+0000] {processor.py:183} INFO - Processing /home/airflow/.local/lib/python3.12/site-packages/airflow/example_dags/example_kubernetes_executor.py took 0.081 seconds
[2025-08-11T11:37:31.578+0000] {processor.py:161} INFO - Started process (PID=303) to work on /home/airflow/.local/lib/python3.12/site-packages/airflow/example_dags/example_kubernetes_executor.py
[2025-08-11T11:37:31.579+0000] {processor.py:830} INFO - Processing file /home/airflow/.local/lib/python3.12/site-packages/airflow/example_dags/example_kubernetes_executor.py for tasks to queue
[2025-08-11T11:37:31.581+0000] {logging_mixin.py:188} INFO - [2025-08-11T11:37:31.581+0000] {dagbag.py:545} INFO - Filling up the DagBag from /home/airflow/.local/lib/python3.12/site-packages/airflow/example_dags/example_kubernetes_executor.py
[2025-08-11T11:37:31.593+0000] {processor.py:840} INFO - DAG(s) 'example_kubernetes_executor' retrieved from /home/airflow/.local/lib/python3.12/site-packages/airflow/example_dags/example_kubernetes_executor.py
[2025-08-11T11:37:31.633+0000] {logging_mixin.py:188} INFO - [2025-08-11T11:37:31.633+0000] {dag.py:3096} INFO - Sync 1 DAGs
[2025-08-11T11:37:31.642+0000] {logging_mixin.py:188} INFO - [2025-08-11T11:37:31.642+0000] {dag.py:3954} INFO - Setting next_dagrun for example_kubernetes_executor to None, run_after=None
[2025-08-11T11:37:31.655+0000] {processor.py:183} INFO - Processing /home/airflow/.local/lib/python3.12/site-packages/airflow/example_dags/example_kubernetes_executor.py took 0.082 seconds
[2025-08-11T11:38:02.111+0000] {processor.py:161} INFO - Started process (PID=360) to work on /home/airflow/.local/lib/python3.12/site-packages/airflow/example_dags/example_kubernetes_executor.py
[2025-08-11T11:38:02.113+0000] {processor.py:830} INFO - Processing file /home/airflow/.local/lib/python3.12/site-packages/airflow/example_dags/example_kubernetes_executor.py for tasks to queue
[2025-08-11T11:38:02.115+0000] {logging_mixin.py:188} INFO - [2025-08-11T11:38:02.115+0000] {dagbag.py:545} INFO - Filling up the DagBag from /home/airflow/.local/lib/python3.12/site-packages/airflow/example_dags/example_kubernetes_executor.py
[2025-08-11T11:38:02.128+0000] {processor.py:840} INFO - DAG(s) 'example_kubernetes_executor' retrieved from /home/airflow/.local/lib/python3.12/site-packages/airflow/example_dags/example_kubernetes_executor.py
[2025-08-11T11:38:02.162+0000] {logging_mixin.py:188} INFO - [2025-08-11T11:38:02.162+0000] {dag.py:3096} INFO - Sync 1 DAGs
[2025-08-11T11:38:02.170+0000] {logging_mixin.py:188} INFO - [2025-08-11T11:38:02.170+0000] {dag.py:3954} INFO - Setting next_dagrun for example_kubernetes_executor to None, run_after=None
[2025-08-11T11:38:02.181+0000] {processor.py:183} INFO - Processing /home/airflow/.local/lib/python3.12/site-packages/airflow/example_dags/example_kubernetes_executor.py took 0.073 seconds
[2025-08-11T11:38:32.433+0000] {processor.py:161} INFO - Started process (PID=418) to work on /home/airflow/.local/lib/python3.12/site-packages/airflow/example_dags/example_kubernetes_executor.py
[2025-08-11T11:38:32.434+0000] {processor.py:830} INFO - Processing file /home/airflow/.local/lib/python3.12/site-packages/airflow/example_dags/example_kubernetes_executor.py for tasks to queue
[2025-08-11T11:38:32.436+0000] {logging_mixin.py:188} INFO - [2025-08-11T11:38:32.435+0000] {dagbag.py:545} INFO - Filling up the DagBag from /home/airflow/.local/lib/python3.12/site-packages/airflow/example_dags/example_kubernetes_executor.py
[2025-08-11T11:38:32.448+0000] {processor.py:840} INFO - DAG(s) 'example_kubernetes_executor' retrieved from /home/airflow/.local/lib/python3.12/site-packages/airflow/example_dags/example_kubernetes_executor.py
[2025-08-11T11:38:32.485+0000] {logging_mixin.py:188} INFO - [2025-08-11T11:38:32.485+0000] {dag.py:3096} INFO - Sync 1 DAGs
[2025-08-11T11:38:32.493+0000] {logging_mixin.py:188} INFO - [2025-08-11T11:38:32.493+0000] {dag.py:3954} INFO - Setting next_dagrun for example_kubernetes_executor to None, run_after=None
[2025-08-11T11:38:32.504+0000] {processor.py:183} INFO - Processing /home/airflow/.local/lib/python3.12/site-packages/airflow/example_dags/example_kubernetes_executor.py took 0.075 seconds
[2025-08-11T11:39:02.938+0000] {processor.py:161} INFO - Started process (PID=476) to work on /home/airflow/.local/lib/python3.12/site-packages/airflow/example_dags/example_kubernetes_executor.py
[2025-08-11T11:39:02.938+0000] {processor.py:830} INFO - Processing file /home/airflow/.local/lib/python3.12/site-packages/airflow/example_dags/example_kubernetes_executor.py for tasks to queue
[2025-08-11T11:39:02.940+0000] {logging_mixin.py:188} INFO - [2025-08-11T11:39:02.939+0000] {dagbag.py:545} INFO - Filling up the DagBag from /home/airflow/.local/lib/python3.12/site-packages/airflow/example_dags/example_kubernetes_executor.py
[2025-08-11T11:39:02.955+0000] {processor.py:840} INFO - DAG(s) 'example_kubernetes_executor' retrieved from /home/airflow/.local/lib/python3.12/site-packages/airflow/example_dags/example_kubernetes_executor.py
[2025-08-11T11:39:02.988+0000] {logging_mixin.py:188} INFO - [2025-08-11T11:39:02.987+0000] {dag.py:3096} INFO - Sync 1 DAGs
[2025-08-11T11:39:02.996+0000] {logging_mixin.py:188} INFO - [2025-08-11T11:39:02.996+0000] {dag.py:3954} INFO - Setting next_dagrun for example_kubernetes_executor to None, run_after=None
[2025-08-11T11:39:03.008+0000] {processor.py:183} INFO - Processing /home/airflow/.local/lib/python3.12/site-packages/airflow/example_dags/example_kubernetes_executor.py took 0.075 seconds
[2025-08-11T11:39:33.278+0000] {processor.py:161} INFO - Started process (PID=534) to work on /home/airflow/.local/lib/python3.12/site-packages/airflow/example_dags/example_kubernetes_executor.py
[2025-08-11T11:39:33.281+0000] {processor.py:830} INFO - Processing file /home/airflow/.local/lib/python3.12/site-packages/airflow/example_dags/example_kubernetes_executor.py for tasks to queue
[2025-08-11T11:39:33.282+0000] {logging_mixin.py:188} INFO - [2025-08-11T11:39:33.282+0000] {dagbag.py:545} INFO - Filling up the DagBag from /home/airflow/.local/lib/python3.12/site-packages/airflow/example_dags/example_kubernetes_executor.py
[2025-08-11T11:39:33.292+0000] {processor.py:840} INFO - DAG(s) 'example_kubernetes_executor' retrieved from /home/airflow/.local/lib/python3.12/site-packages/airflow/example_dags/example_kubernetes_executor.py
[2025-08-11T11:39:33.323+0000] {logging_mixin.py:188} INFO - [2025-08-11T11:39:33.323+0000] {dag.py:3096} INFO - Sync 1 DAGs
[2025-08-11T11:39:33.331+0000] {logging_mixin.py:188} INFO - [2025-08-11T11:39:33.331+0000] {dag.py:3954} INFO - Setting next_dagrun for example_kubernetes_executor to None, run_after=None
[2025-08-11T11:39:33.342+0000] {processor.py:183} INFO - Processing /home/airflow/.local/lib/python3.12/site-packages/airflow/example_dags/example_kubernetes_executor.py took 0.067 seconds
[2025-08-11T11:40:03.610+0000] {processor.py:161} INFO - Started process (PID=592) to work on /home/airflow/.local/lib/python3.12/site-packages/airflow/example_dags/example_kubernetes_executor.py
[2025-08-11T11:40:03.611+0000] {processor.py:830} INFO - Processing file /home/airflow/.local/lib/python3.12/site-packages/airflow/example_dags/example_kubernetes_executor.py for tasks to queue
[2025-08-11T11:40:03.612+0000] {logging_mixin.py:188} INFO - [2025-08-11T11:40:03.612+0000] {dagbag.py:545} INFO - Filling up the DagBag from /home/airflow/.local/lib/python3.12/site-packages/airflow/example_dags/example_kubernetes_executor.py
[2025-08-11T11:40:03.625+0000] {processor.py:840} INFO - DAG(s) 'example_kubernetes_executor' retrieved from /home/airflow/.local/lib/python3.12/site-packages/airflow/example_dags/example_kubernetes_executor.py
[2025-08-11T11:40:03.660+0000] {logging_mixin.py:188} INFO - [2025-08-11T11:40:03.660+0000] {dag.py:3096} INFO - Sync 1 DAGs
[2025-08-11T11:40:03.669+0000] {logging_mixin.py:188} INFO - [2025-08-11T11:40:03.669+0000] {dag.py:3954} INFO - Setting next_dagrun for example_kubernetes_executor to None, run_after=None
[2025-08-11T11:40:03.681+0000] {processor.py:183} INFO - Processing /home/airflow/.local/lib/python3.12/site-packages/airflow/example_dags/example_kubernetes_executor.py took 0.076 seconds
[2025-08-11T11:40:34.186+0000] {processor.py:161} INFO - Started process (PID=650) to work on /home/airflow/.local/lib/python3.12/site-packages/airflow/example_dags/example_kubernetes_executor.py
[2025-08-11T11:40:34.187+0000] {processor.py:830} INFO - Processing file /home/airflow/.local/lib/python3.12/site-packages/airflow/example_dags/example_kubernetes_executor.py for tasks to queue
[2025-08-11T11:40:34.192+0000] {logging_mixin.py:188} INFO - [2025-08-11T11:40:34.191+0000] {dagbag.py:545} INFO - Filling up the DagBag from /home/airflow/.local/lib/python3.12/site-packages/airflow/example_dags/example_kubernetes_executor.py
[2025-08-11T11:40:34.205+0000] {processor.py:840} INFO - DAG(s) 'example_kubernetes_executor' retrieved from /home/airflow/.local/lib/python3.12/site-packages/airflow/example_dags/example_kubernetes_executor.py
[2025-08-11T11:40:34.247+0000] {logging_mixin.py:188} INFO - [2025-08-11T11:40:34.247+0000] {dag.py:3096} INFO - Sync 1 DAGs
[2025-08-11T11:40:34.256+0000] {logging_mixin.py:188} INFO - [2025-08-11T11:40:34.256+0000] {dag.py:3954} INFO - Setting next_dagrun for example_kubernetes_executor to None, run_after=None
[2025-08-11T11:40:34.268+0000] {processor.py:183} INFO - Processing /home/airflow/.local/lib/python3.12/site-packages/airflow/example_dags/example_kubernetes_executor.py took 0.088 seconds
[2025-08-11T11:41:04.585+0000] {processor.py:161} INFO - Started process (PID=708) to work on /home/airflow/.local/lib/python3.12/site-packages/airflow/example_dags/example_kubernetes_executor.py
[2025-08-11T11:41:04.586+0000] {processor.py:830} INFO - Processing file /home/airflow/.local/lib/python3.12/site-packages/airflow/example_dags/example_kubernetes_executor.py for tasks to queue
[2025-08-11T11:41:04.587+0000] {logging_mixin.py:188} INFO - [2025-08-11T11:41:04.587+0000] {dagbag.py:545} INFO - Filling up the DagBag from /home/airflow/.local/lib/python3.12/site-packages/airflow/example_dags/example_kubernetes_executor.py
[2025-08-11T11:41:04.603+0000] {processor.py:840} INFO - DAG(s) 'example_kubernetes_executor' retrieved from /home/airflow/.local/lib/python3.12/site-packages/airflow/example_dags/example_kubernetes_executor.py
[2025-08-11T11:41:04.639+0000] {logging_mixin.py:188} INFO - [2025-08-11T11:41:04.639+0000] {dag.py:3096} INFO - Sync 1 DAGs
[2025-08-11T11:41:04.652+0000] {logging_mixin.py:188} INFO - [2025-08-11T11:41:04.652+0000] {dag.py:3954} INFO - Setting next_dagrun for example_kubernetes_executor to None, run_after=None
[2025-08-11T11:41:04.667+0000] {processor.py:183} INFO - Processing /home/airflow/.local/lib/python3.12/site-packages/airflow/example_dags/example_kubernetes_executor.py took 0.087 seconds
[2025-08-11T11:41:34.991+0000] {processor.py:161} INFO - Started process (PID=766) to work on /home/airflow/.local/lib/python3.12/site-packages/airflow/example_dags/example_kubernetes_executor.py
[2025-08-11T11:41:34.992+0000] {processor.py:830} INFO - Processing file /home/airflow/.local/lib/python3.12/site-packages/airflow/example_dags/example_kubernetes_executor.py for tasks to queue
[2025-08-11T11:41:34.994+0000] {logging_mixin.py:188} INFO - [2025-08-11T11:41:34.994+0000] {dagbag.py:545} INFO - Filling up the DagBag from /home/airflow/.local/lib/python3.12/site-packages/airflow/example_dags/example_kubernetes_executor.py
[2025-08-11T11:41:35.005+0000] {processor.py:840} INFO - DAG(s) 'example_kubernetes_executor' retrieved from /home/airflow/.local/lib/python3.12/site-packages/airflow/example_dags/example_kubernetes_executor.py
[2025-08-11T11:41:35.056+0000] {logging_mixin.py:188} INFO - [2025-08-11T11:41:35.056+0000] {dag.py:3096} INFO - Sync 1 DAGs
[2025-08-11T11:41:35.071+0000] {logging_mixin.py:188} INFO - [2025-08-11T11:41:35.070+0000] {dag.py:3954} INFO - Setting next_dagrun for example_kubernetes_executor to None, run_after=None
[2025-08-11T11:41:35.089+0000] {processor.py:183} INFO - Processing /home/airflow/.local/lib/python3.12/site-packages/airflow/example_dags/example_kubernetes_executor.py took 0.103 seconds
[2025-08-11T11:42:05.113+0000] {processor.py:161} INFO - Started process (PID=824) to work on /home/airflow/.local/lib/python3.12/site-packages/airflow/example_dags/example_kubernetes_executor.py
[2025-08-11T11:42:05.113+0000] {processor.py:830} INFO - Processing file /home/airflow/.local/lib/python3.12/site-packages/airflow/example_dags/example_kubernetes_executor.py for tasks to queue
[2025-08-11T11:42:05.115+0000] {logging_mixin.py:188} INFO - [2025-08-11T11:42:05.114+0000] {dagbag.py:545} INFO - Filling up the DagBag from /home/airflow/.local/lib/python3.12/site-packages/airflow/example_dags/example_kubernetes_executor.py
[2025-08-11T11:42:05.124+0000] {processor.py:840} INFO - DAG(s) 'example_kubernetes_executor' retrieved from /home/airflow/.local/lib/python3.12/site-packages/airflow/example_dags/example_kubernetes_executor.py
[2025-08-11T11:42:05.154+0000] {logging_mixin.py:188} INFO - [2025-08-11T11:42:05.154+0000] {dag.py:3096} INFO - Sync 1 DAGs
[2025-08-11T11:42:05.163+0000] {logging_mixin.py:188} INFO - [2025-08-11T11:42:05.163+0000] {dag.py:3954} INFO - Setting next_dagrun for example_kubernetes_executor to None, run_after=None
[2025-08-11T11:42:05.174+0000] {processor.py:183} INFO - Processing /home/airflow/.local/lib/python3.12/site-packages/airflow/example_dags/example_kubernetes_executor.py took 0.065 seconds
[2025-08-11T11:42:35.598+0000] {processor.py:161} INFO - Started process (PID=882) to work on /home/airflow/.local/lib/python3.12/site-packages/airflow/example_dags/example_kubernetes_executor.py
[2025-08-11T11:42:35.600+0000] {processor.py:830} INFO - Processing file /home/airflow/.local/lib/python3.12/site-packages/airflow/example_dags/example_kubernetes_executor.py for tasks to queue
[2025-08-11T11:42:35.601+0000] {logging_mixin.py:188} INFO - [2025-08-11T11:42:35.601+0000] {dagbag.py:545} INFO - Filling up the DagBag from /home/airflow/.local/lib/python3.12/site-packages/airflow/example_dags/example_kubernetes_executor.py
[2025-08-11T11:42:35.613+0000] {processor.py:840} INFO - DAG(s) 'example_kubernetes_executor' retrieved from /home/airflow/.local/lib/python3.12/site-packages/airflow/example_dags/example_kubernetes_executor.py
[2025-08-11T11:42:35.643+0000] {logging_mixin.py:188} INFO - [2025-08-11T11:42:35.643+0000] {dag.py:3096} INFO - Sync 1 DAGs
[2025-08-11T11:42:35.651+0000] {logging_mixin.py:188} INFO - [2025-08-11T11:42:35.651+0000] {dag.py:3954} INFO - Setting next_dagrun for example_kubernetes_executor to None, run_after=None
[2025-08-11T11:42:35.664+0000] {processor.py:183} INFO - Processing /home/airflow/.local/lib/python3.12/site-packages/airflow/example_dags/example_kubernetes_executor.py took 0.070 seconds
[2025-08-11T11:43:06.261+0000] {processor.py:161} INFO - Started process (PID=940) to work on /home/airflow/.local/lib/python3.12/site-packages/airflow/example_dags/example_kubernetes_executor.py
[2025-08-11T11:43:06.262+0000] {processor.py:830} INFO - Processing file /home/airflow/.local/lib/python3.12/site-packages/airflow/example_dags/example_kubernetes_executor.py for tasks to queue
[2025-08-11T11:43:06.264+0000] {logging_mixin.py:188} INFO - [2025-08-11T11:43:06.264+0000] {dagbag.py:545} INFO - Filling up the DagBag from /home/airflow/.local/lib/python3.12/site-packages/airflow/example_dags/example_kubernetes_executor.py
[2025-08-11T11:43:06.276+0000] {processor.py:840} INFO - DAG(s) 'example_kubernetes_executor' retrieved from /home/airflow/.local/lib/python3.12/site-packages/airflow/example_dags/example_kubernetes_executor.py
[2025-08-11T11:43:06.305+0000] {logging_mixin.py:188} INFO - [2025-08-11T11:43:06.304+0000] {dag.py:3096} INFO - Sync 1 DAGs
[2025-08-11T11:43:06.313+0000] {logging_mixin.py:188} INFO - [2025-08-11T11:43:06.313+0000] {dag.py:3954} INFO - Setting next_dagrun for example_kubernetes_executor to None, run_after=None
[2025-08-11T11:43:06.324+0000] {processor.py:183} INFO - Processing /home/airflow/.local/lib/python3.12/site-packages/airflow/example_dags/example_kubernetes_executor.py took 0.067 seconds
[2025-08-11T11:43:36.379+0000] {processor.py:161} INFO - Started process (PID=998) to work on /home/airflow/.local/lib/python3.12/site-packages/airflow/example_dags/example_kubernetes_executor.py
[2025-08-11T11:43:36.383+0000] {processor.py:830} INFO - Processing file /home/airflow/.local/lib/python3.12/site-packages/airflow/example_dags/example_kubernetes_executor.py for tasks to queue
[2025-08-11T11:43:36.385+0000] {logging_mixin.py:188} INFO - [2025-08-11T11:43:36.385+0000] {dagbag.py:545} INFO - Filling up the DagBag from /home/airflow/.local/lib/python3.12/site-packages/airflow/example_dags/example_kubernetes_executor.py
[2025-08-11T11:43:36.404+0000] {processor.py:840} INFO - DAG(s) 'example_kubernetes_executor' retrieved from /home/airflow/.local/lib/python3.12/site-packages/airflow/example_dags/example_kubernetes_executor.py
[2025-08-11T11:43:36.438+0000] {logging_mixin.py:188} INFO - [2025-08-11T11:43:36.437+0000] {dag.py:3096} INFO - Sync 1 DAGs
[2025-08-11T11:43:36.449+0000] {logging_mixin.py:188} INFO - [2025-08-11T11:43:36.449+0000] {dag.py:3954} INFO - Setting next_dagrun for example_kubernetes_executor to None, run_after=None
[2025-08-11T11:43:36.466+0000] {processor.py:183} INFO - Processing /home/airflow/.local/lib/python3.12/site-packages/airflow/example_dags/example_kubernetes_executor.py took 0.093 seconds
[2025-08-11T11:44:06.642+0000] {processor.py:161} INFO - Started process (PID=1056) to work on /home/airflow/.local/lib/python3.12/site-packages/airflow/example_dags/example_kubernetes_executor.py
[2025-08-11T11:44:06.644+0000] {processor.py:830} INFO - Processing file /home/airflow/.local/lib/python3.12/site-packages/airflow/example_dags/example_kubernetes_executor.py for tasks to queue
[2025-08-11T11:44:06.645+0000] {logging_mixin.py:188} INFO - [2025-08-11T11:44:06.645+0000] {dagbag.py:545} INFO - Filling up the DagBag from /home/airflow/.local/lib/python3.12/site-packages/airflow/example_dags/example_kubernetes_executor.py
[2025-08-11T11:44:06.656+0000] {processor.py:840} INFO - DAG(s) 'example_kubernetes_executor' retrieved from /home/airflow/.local/lib/python3.12/site-packages/airflow/example_dags/example_kubernetes_executor.py
[2025-08-11T11:44:06.685+0000] {logging_mixin.py:188} INFO - [2025-08-11T11:44:06.685+0000] {dag.py:3096} INFO - Sync 1 DAGs
[2025-08-11T11:44:06.694+0000] {logging_mixin.py:188} INFO - [2025-08-11T11:44:06.694+0000] {dag.py:3954} INFO - Setting next_dagrun for example_kubernetes_executor to None, run_after=None
[2025-08-11T11:44:06.708+0000] {processor.py:183} INFO - Processing /home/airflow/.local/lib/python3.12/site-packages/airflow/example_dags/example_kubernetes_executor.py took 0.070 seconds
[2025-08-11T11:44:36.977+0000] {processor.py:161} INFO - Started process (PID=1114) to work on /home/airflow/.local/lib/python3.12/site-packages/airflow/example_dags/example_kubernetes_executor.py
[2025-08-11T11:44:36.979+0000] {processor.py:830} INFO - Processing file /home/airflow/.local/lib/python3.12/site-packages/airflow/example_dags/example_kubernetes_executor.py for tasks to queue
[2025-08-11T11:44:36.981+0000] {logging_mixin.py:188} INFO - [2025-08-11T11:44:36.980+0000] {dagbag.py:545} INFO - Filling up the DagBag from /home/airflow/.local/lib/python3.12/site-packages/airflow/example_dags/example_kubernetes_executor.py
[2025-08-11T11:44:36.989+0000] {processor.py:840} INFO - DAG(s) 'example_kubernetes_executor' retrieved from /home/airflow/.local/lib/python3.12/site-packages/airflow/example_dags/example_kubernetes_executor.py
[2025-08-11T11:44:37.017+0000] {logging_mixin.py:188} INFO - [2025-08-11T11:44:37.017+0000] {dag.py:3096} INFO - Sync 1 DAGs
[2025-08-11T11:44:37.036+0000] {logging_mixin.py:188} INFO - [2025-08-11T11:44:37.036+0000] {dag.py:3954} INFO - Setting next_dagrun for example_kubernetes_executor to None, run_after=None
[2025-08-11T11:44:37.060+0000] {processor.py:183} INFO - Processing /home/airflow/.local/lib/python3.12/site-packages/airflow/example_dags/example_kubernetes_executor.py took 0.091 seconds
[2025-08-11T11:45:07.586+0000] {processor.py:161} INFO - Started process (PID=1172) to work on /home/airflow/.local/lib/python3.12/site-packages/airflow/example_dags/example_kubernetes_executor.py
[2025-08-11T11:45:07.588+0000] {processor.py:830} INFO - Processing file /home/airflow/.local/lib/python3.12/site-packages/airflow/example_dags/example_kubernetes_executor.py for tasks to queue
[2025-08-11T11:45:07.589+0000] {logging_mixin.py:188} INFO - [2025-08-11T11:45:07.589+0000] {dagbag.py:545} INFO - Filling up the DagBag from /home/airflow/.local/lib/python3.12/site-packages/airflow/example_dags/example_kubernetes_executor.py
[2025-08-11T11:45:07.601+0000] {processor.py:840} INFO - DAG(s) 'example_kubernetes_executor' retrieved from /home/airflow/.local/lib/python3.12/site-packages/airflow/example_dags/example_kubernetes_executor.py
[2025-08-11T11:45:07.630+0000] {logging_mixin.py:188} INFO - [2025-08-11T11:45:07.630+0000] {dag.py:3096} INFO - Sync 1 DAGs
[2025-08-11T11:45:07.638+0000] {logging_mixin.py:188} INFO - [2025-08-11T11:45:07.638+0000] {dag.py:3954} INFO - Setting next_dagrun for example_kubernetes_executor to None, run_after=None
[2025-08-11T11:45:07.653+0000] {processor.py:183} INFO - Processing /home/airflow/.local/lib/python3.12/site-packages/airflow/example_dags/example_kubernetes_executor.py took 0.071 seconds
[2025-08-11T11:45:37.848+0000] {processor.py:161} INFO - Started process (PID=1230) to work on /home/airflow/.local/lib/python3.12/site-packages/airflow/example_dags/example_kubernetes_executor.py
[2025-08-11T11:45:37.850+0000] {processor.py:830} INFO - Processing file /home/airflow/.local/lib/python3.12/site-packages/airflow/example_dags/example_kubernetes_executor.py for tasks to queue
[2025-08-11T11:45:37.851+0000] {logging_mixin.py:188} INFO - [2025-08-11T11:45:37.851+0000] {dagbag.py:545} INFO - Filling up the DagBag from /home/airflow/.local/lib/python3.12/site-packages/airflow/example_dags/example_kubernetes_executor.py
[2025-08-11T11:45:37.867+0000] {processor.py:840} INFO - DAG(s) 'example_kubernetes_executor' retrieved from /home/airflow/.local/lib/python3.12/site-packages/airflow/example_dags/example_kubernetes_executor.py
[2025-08-11T11:45:37.906+0000] {logging_mixin.py:188} INFO - [2025-08-11T11:45:37.906+0000] {dag.py:3096} INFO - Sync 1 DAGs
[2025-08-11T11:45:37.921+0000] {logging_mixin.py:188} INFO - [2025-08-11T11:45:37.921+0000] {dag.py:3954} INFO - Setting next_dagrun for example_kubernetes_executor to None, run_after=None
[2025-08-11T11:45:37.941+0000] {processor.py:183} INFO - Processing /home/airflow/.local/lib/python3.12/site-packages/airflow/example_dags/example_kubernetes_executor.py took 0.097 seconds
[2025-08-11T11:46:08.181+0000] {processor.py:161} INFO - Started process (PID=1289) to work on /home/airflow/.local/lib/python3.12/site-packages/airflow/example_dags/example_kubernetes_executor.py
[2025-08-11T11:46:08.182+0000] {processor.py:830} INFO - Processing file /home/airflow/.local/lib/python3.12/site-packages/airflow/example_dags/example_kubernetes_executor.py for tasks to queue
[2025-08-11T11:46:08.183+0000] {logging_mixin.py:188} INFO - [2025-08-11T11:46:08.183+0000] {dagbag.py:545} INFO - Filling up the DagBag from /home/airflow/.local/lib/python3.12/site-packages/airflow/example_dags/example_kubernetes_executor.py
[2025-08-11T11:46:08.191+0000] {processor.py:840} INFO - DAG(s) 'example_kubernetes_executor' retrieved from /home/airflow/.local/lib/python3.12/site-packages/airflow/example_dags/example_kubernetes_executor.py
[2025-08-11T11:46:08.217+0000] {logging_mixin.py:188} INFO - [2025-08-11T11:46:08.217+0000] {dag.py:3096} INFO - Sync 1 DAGs
[2025-08-11T11:46:08.225+0000] {logging_mixin.py:188} INFO - [2025-08-11T11:46:08.225+0000] {dag.py:3954} INFO - Setting next_dagrun for example_kubernetes_executor to None, run_after=None
[2025-08-11T11:46:08.240+0000] {processor.py:183} INFO - Processing /home/airflow/.local/lib/python3.12/site-packages/airflow/example_dags/example_kubernetes_executor.py took 0.063 seconds
