[2025-08-11T11:35:33.820+0000] {processor.py:161} INFO - Started process (PID=95) to work on /home/airflow/.local/lib/python3.12/site-packages/airflow/example_dags/example_branch_datetime_operator.py
[2025-08-11T11:35:33.821+0000] {processor.py:830} INFO - Processing file /home/airflow/.local/lib/python3.12/site-packages/airflow/example_dags/example_branch_datetime_operator.py for tasks to queue
[2025-08-11T11:35:33.823+0000] {logging_mixin.py:188} INFO - [2025-08-11T11:35:33.822+0000] {dagbag.py:545} INFO - Filling up the DagBag from /home/airflow/.local/lib/python3.12/site-packages/airflow/example_dags/example_branch_datetime_operator.py
[2025-08-11T11:35:33.832+0000] {processor.py:840} INFO - DAG(s) 'example_branch_datetime_operator', 'example_branch_datetime_operator_2', 'example_branch_datetime_operator_3' retrieved from /home/airflow/.local/lib/python3.12/site-packages/airflow/example_dags/example_branch_datetime_operator.py
[2025-08-11T11:35:33.907+0000] {logging_mixin.py:188} INFO - [2025-08-11T11:35:33.907+0000] {override.py:1829} INFO - Created Permission View: can read on DAG:example_branch_datetime_operator
[2025-08-11T11:35:33.914+0000] {logging_mixin.py:188} INFO - [2025-08-11T11:35:33.914+0000] {override.py:1829} INFO - Created Permission View: can delete on DAG:example_branch_datetime_operator
[2025-08-11T11:35:33.918+0000] {logging_mixin.py:188} INFO - [2025-08-11T11:35:33.918+0000] {override.py:1829} INFO - Created Permission View: can edit on DAG:example_branch_datetime_operator
[2025-08-11T11:35:33.926+0000] {logging_mixin.py:188} INFO - [2025-08-11T11:35:33.926+0000] {override.py:1829} INFO - Created Permission View: can read on DAG:example_branch_datetime_operator_2
[2025-08-11T11:35:33.931+0000] {logging_mixin.py:188} INFO - [2025-08-11T11:35:33.930+0000] {override.py:1829} INFO - Created Permission View: can delete on DAG:example_branch_datetime_operator_2
[2025-08-11T11:35:33.934+0000] {logging_mixin.py:188} INFO - [2025-08-11T11:35:33.934+0000] {override.py:1829} INFO - Created Permission View: can edit on DAG:example_branch_datetime_operator_2
[2025-08-11T11:35:33.942+0000] {logging_mixin.py:188} INFO - [2025-08-11T11:35:33.942+0000] {override.py:1829} INFO - Created Permission View: can read on DAG:example_branch_datetime_operator_3
[2025-08-11T11:35:33.948+0000] {logging_mixin.py:188} INFO - [2025-08-11T11:35:33.948+0000] {override.py:1829} INFO - Created Permission View: can delete on DAG:example_branch_datetime_operator_3
[2025-08-11T11:35:33.952+0000] {logging_mixin.py:188} INFO - [2025-08-11T11:35:33.952+0000] {override.py:1829} INFO - Created Permission View: can edit on DAG:example_branch_datetime_operator_3
[2025-08-11T11:35:33.953+0000] {logging_mixin.py:188} INFO - [2025-08-11T11:35:33.953+0000] {dag.py:3096} INFO - Sync 3 DAGs
[2025-08-11T11:35:33.960+0000] {logging_mixin.py:188} INFO - [2025-08-11T11:35:33.960+0000] {dag.py:3118} INFO - Creating ORM DAG for example_branch_datetime_operator_3
[2025-08-11T11:35:33.961+0000] {logging_mixin.py:188} INFO - [2025-08-11T11:35:33.961+0000] {dag.py:3118} INFO - Creating ORM DAG for example_branch_datetime_operator_2
[2025-08-11T11:35:33.961+0000] {logging_mixin.py:188} INFO - [2025-08-11T11:35:33.961+0000] {dag.py:3118} INFO - Creating ORM DAG for example_branch_datetime_operator
[2025-08-11T11:35:33.970+0000] {logging_mixin.py:188} INFO - [2025-08-11T11:35:33.970+0000] {dag.py:3954} INFO - Setting next_dagrun for example_branch_datetime_operator to 2025-08-10 00:00:00+00:00, run_after=2025-08-11 00:00:00+00:00
[2025-08-11T11:35:33.971+0000] {logging_mixin.py:188} INFO - [2025-08-11T11:35:33.971+0000] {dag.py:3954} INFO - Setting next_dagrun for example_branch_datetime_operator_2 to 2025-08-10 00:00:00+00:00, run_after=2025-08-11 00:00:00+00:00
[2025-08-11T11:35:33.972+0000] {logging_mixin.py:188} INFO - [2025-08-11T11:35:33.972+0000] {dag.py:3954} INFO - Setting next_dagrun for example_branch_datetime_operator_3 to 2025-08-10 00:00:00+00:00, run_after=2025-08-11 00:00:00+00:00
[2025-08-11T11:35:33.986+0000] {processor.py:183} INFO - Processing /home/airflow/.local/lib/python3.12/site-packages/airflow/example_dags/example_branch_datetime_operator.py took 0.170 seconds
[2025-08-11T11:36:04.323+0000] {processor.py:161} INFO - Started process (PID=153) to work on /home/airflow/.local/lib/python3.12/site-packages/airflow/example_dags/example_branch_datetime_operator.py
[2025-08-11T11:36:04.326+0000] {processor.py:830} INFO - Processing file /home/airflow/.local/lib/python3.12/site-packages/airflow/example_dags/example_branch_datetime_operator.py for tasks to queue
[2025-08-11T11:36:04.329+0000] {logging_mixin.py:188} INFO - [2025-08-11T11:36:04.329+0000] {dagbag.py:545} INFO - Filling up the DagBag from /home/airflow/.local/lib/python3.12/site-packages/airflow/example_dags/example_branch_datetime_operator.py
[2025-08-11T11:36:04.343+0000] {processor.py:840} INFO - DAG(s) 'example_branch_datetime_operator_2', 'example_branch_datetime_operator', 'example_branch_datetime_operator_3' retrieved from /home/airflow/.local/lib/python3.12/site-packages/airflow/example_dags/example_branch_datetime_operator.py
[2025-08-11T11:36:04.393+0000] {logging_mixin.py:188} INFO - [2025-08-11T11:36:04.392+0000] {dag.py:3096} INFO - Sync 3 DAGs
[2025-08-11T11:36:04.446+0000] {logging_mixin.py:188} INFO - [2025-08-11T11:36:04.446+0000] {dag.py:3954} INFO - Setting next_dagrun for example_branch_datetime_operator to 2025-08-10 00:00:00+00:00, run_after=2025-08-11 00:00:00+00:00
[2025-08-11T11:36:04.455+0000] {logging_mixin.py:188} INFO - [2025-08-11T11:36:04.454+0000] {dag.py:3954} INFO - Setting next_dagrun for example_branch_datetime_operator_2 to 2025-08-10 00:00:00+00:00, run_after=2025-08-11 00:00:00+00:00
[2025-08-11T11:36:04.459+0000] {logging_mixin.py:188} INFO - [2025-08-11T11:36:04.459+0000] {dag.py:3954} INFO - Setting next_dagrun for example_branch_datetime_operator_3 to 2025-08-10 00:00:00+00:00, run_after=2025-08-11 00:00:00+00:00
[2025-08-11T11:36:04.504+0000] {processor.py:183} INFO - Processing /home/airflow/.local/lib/python3.12/site-packages/airflow/example_dags/example_branch_datetime_operator.py took 0.206 seconds
[2025-08-11T11:36:34.884+0000] {processor.py:161} INFO - Started process (PID=211) to work on /home/airflow/.local/lib/python3.12/site-packages/airflow/example_dags/example_branch_datetime_operator.py
[2025-08-11T11:36:34.885+0000] {processor.py:830} INFO - Processing file /home/airflow/.local/lib/python3.12/site-packages/airflow/example_dags/example_branch_datetime_operator.py for tasks to queue
[2025-08-11T11:36:34.886+0000] {logging_mixin.py:188} INFO - [2025-08-11T11:36:34.886+0000] {dagbag.py:545} INFO - Filling up the DagBag from /home/airflow/.local/lib/python3.12/site-packages/airflow/example_dags/example_branch_datetime_operator.py
[2025-08-11T11:36:34.893+0000] {processor.py:840} INFO - DAG(s) 'example_branch_datetime_operator', 'example_branch_datetime_operator_3', 'example_branch_datetime_operator_2' retrieved from /home/airflow/.local/lib/python3.12/site-packages/airflow/example_dags/example_branch_datetime_operator.py
[2025-08-11T11:36:34.912+0000] {logging_mixin.py:188} INFO - [2025-08-11T11:36:34.912+0000] {dag.py:3096} INFO - Sync 3 DAGs
[2025-08-11T11:36:34.931+0000] {logging_mixin.py:188} INFO - [2025-08-11T11:36:34.931+0000] {dag.py:3954} INFO - Setting next_dagrun for example_branch_datetime_operator to 2025-08-10 00:00:00+00:00, run_after=2025-08-11 00:00:00+00:00
[2025-08-11T11:36:34.935+0000] {logging_mixin.py:188} INFO - [2025-08-11T11:36:34.935+0000] {dag.py:3954} INFO - Setting next_dagrun for example_branch_datetime_operator_2 to 2025-08-10 00:00:00+00:00, run_after=2025-08-11 00:00:00+00:00
[2025-08-11T11:36:34.936+0000] {logging_mixin.py:188} INFO - [2025-08-11T11:36:34.936+0000] {dag.py:3954} INFO - Setting next_dagrun for example_branch_datetime_operator_3 to 2025-08-10 00:00:00+00:00, run_after=2025-08-11 00:00:00+00:00
[2025-08-11T11:36:34.949+0000] {processor.py:183} INFO - Processing /home/airflow/.local/lib/python3.12/site-packages/airflow/example_dags/example_branch_datetime_operator.py took 0.068 seconds
[2025-08-11T11:37:05.167+0000] {processor.py:161} INFO - Started process (PID=268) to work on /home/airflow/.local/lib/python3.12/site-packages/airflow/example_dags/example_branch_datetime_operator.py
[2025-08-11T11:37:05.169+0000] {processor.py:830} INFO - Processing file /home/airflow/.local/lib/python3.12/site-packages/airflow/example_dags/example_branch_datetime_operator.py for tasks to queue
[2025-08-11T11:37:05.173+0000] {logging_mixin.py:188} INFO - [2025-08-11T11:37:05.173+0000] {dagbag.py:545} INFO - Filling up the DagBag from /home/airflow/.local/lib/python3.12/site-packages/airflow/example_dags/example_branch_datetime_operator.py
[2025-08-11T11:37:05.180+0000] {processor.py:840} INFO - DAG(s) 'example_branch_datetime_operator_3', 'example_branch_datetime_operator_2', 'example_branch_datetime_operator' retrieved from /home/airflow/.local/lib/python3.12/site-packages/airflow/example_dags/example_branch_datetime_operator.py
[2025-08-11T11:37:05.198+0000] {logging_mixin.py:188} INFO - [2025-08-11T11:37:05.198+0000] {dag.py:3096} INFO - Sync 3 DAGs
[2025-08-11T11:37:05.216+0000] {logging_mixin.py:188} INFO - [2025-08-11T11:37:05.216+0000] {dag.py:3954} INFO - Setting next_dagrun for example_branch_datetime_operator to 2025-08-10 00:00:00+00:00, run_after=2025-08-11 00:00:00+00:00
[2025-08-11T11:37:05.219+0000] {logging_mixin.py:188} INFO - [2025-08-11T11:37:05.219+0000] {dag.py:3954} INFO - Setting next_dagrun for example_branch_datetime_operator_2 to 2025-08-10 00:00:00+00:00, run_after=2025-08-11 00:00:00+00:00
[2025-08-11T11:37:05.220+0000] {logging_mixin.py:188} INFO - [2025-08-11T11:37:05.220+0000] {dag.py:3954} INFO - Setting next_dagrun for example_branch_datetime_operator_3 to 2025-08-10 00:00:00+00:00, run_after=2025-08-11 00:00:00+00:00
[2025-08-11T11:37:05.229+0000] {processor.py:183} INFO - Processing /home/airflow/.local/lib/python3.12/site-packages/airflow/example_dags/example_branch_datetime_operator.py took 0.066 seconds
[2025-08-11T11:37:35.672+0000] {processor.py:161} INFO - Started process (PID=327) to work on /home/airflow/.local/lib/python3.12/site-packages/airflow/example_dags/example_branch_datetime_operator.py
[2025-08-11T11:37:35.672+0000] {processor.py:830} INFO - Processing file /home/airflow/.local/lib/python3.12/site-packages/airflow/example_dags/example_branch_datetime_operator.py for tasks to queue
[2025-08-11T11:37:35.675+0000] {logging_mixin.py:188} INFO - [2025-08-11T11:37:35.674+0000] {dagbag.py:545} INFO - Filling up the DagBag from /home/airflow/.local/lib/python3.12/site-packages/airflow/example_dags/example_branch_datetime_operator.py
[2025-08-11T11:37:35.682+0000] {processor.py:840} INFO - DAG(s) 'example_branch_datetime_operator_2', 'example_branch_datetime_operator_3', 'example_branch_datetime_operator' retrieved from /home/airflow/.local/lib/python3.12/site-packages/airflow/example_dags/example_branch_datetime_operator.py
[2025-08-11T11:37:35.700+0000] {logging_mixin.py:188} INFO - [2025-08-11T11:37:35.700+0000] {dag.py:3096} INFO - Sync 3 DAGs
[2025-08-11T11:37:35.716+0000] {logging_mixin.py:188} INFO - [2025-08-11T11:37:35.716+0000] {dag.py:3954} INFO - Setting next_dagrun for example_branch_datetime_operator to 2025-08-10 00:00:00+00:00, run_after=2025-08-11 00:00:00+00:00
[2025-08-11T11:37:35.721+0000] {logging_mixin.py:188} INFO - [2025-08-11T11:37:35.721+0000] {dag.py:3954} INFO - Setting next_dagrun for example_branch_datetime_operator_2 to 2025-08-10 00:00:00+00:00, run_after=2025-08-11 00:00:00+00:00
[2025-08-11T11:37:35.723+0000] {logging_mixin.py:188} INFO - [2025-08-11T11:37:35.723+0000] {dag.py:3954} INFO - Setting next_dagrun for example_branch_datetime_operator_3 to 2025-08-10 00:00:00+00:00, run_after=2025-08-11 00:00:00+00:00
[2025-08-11T11:37:35.733+0000] {processor.py:183} INFO - Processing /home/airflow/.local/lib/python3.12/site-packages/airflow/example_dags/example_branch_datetime_operator.py took 0.065 seconds
[2025-08-11T11:38:06.181+0000] {processor.py:161} INFO - Started process (PID=384) to work on /home/airflow/.local/lib/python3.12/site-packages/airflow/example_dags/example_branch_datetime_operator.py
[2025-08-11T11:38:06.182+0000] {processor.py:830} INFO - Processing file /home/airflow/.local/lib/python3.12/site-packages/airflow/example_dags/example_branch_datetime_operator.py for tasks to queue
[2025-08-11T11:38:06.183+0000] {logging_mixin.py:188} INFO - [2025-08-11T11:38:06.183+0000] {dagbag.py:545} INFO - Filling up the DagBag from /home/airflow/.local/lib/python3.12/site-packages/airflow/example_dags/example_branch_datetime_operator.py
[2025-08-11T11:38:06.190+0000] {processor.py:840} INFO - DAG(s) 'example_branch_datetime_operator_3', 'example_branch_datetime_operator_2', 'example_branch_datetime_operator' retrieved from /home/airflow/.local/lib/python3.12/site-packages/airflow/example_dags/example_branch_datetime_operator.py
[2025-08-11T11:38:06.211+0000] {logging_mixin.py:188} INFO - [2025-08-11T11:38:06.211+0000] {dag.py:3096} INFO - Sync 3 DAGs
[2025-08-11T11:38:06.230+0000] {logging_mixin.py:188} INFO - [2025-08-11T11:38:06.230+0000] {dag.py:3954} INFO - Setting next_dagrun for example_branch_datetime_operator to 2025-08-10 00:00:00+00:00, run_after=2025-08-11 00:00:00+00:00
[2025-08-11T11:38:06.234+0000] {logging_mixin.py:188} INFO - [2025-08-11T11:38:06.234+0000] {dag.py:3954} INFO - Setting next_dagrun for example_branch_datetime_operator_2 to 2025-08-10 00:00:00+00:00, run_after=2025-08-11 00:00:00+00:00
[2025-08-11T11:38:06.235+0000] {logging_mixin.py:188} INFO - [2025-08-11T11:38:06.235+0000] {dag.py:3954} INFO - Setting next_dagrun for example_branch_datetime_operator_3 to 2025-08-10 00:00:00+00:00, run_after=2025-08-11 00:00:00+00:00
[2025-08-11T11:38:06.249+0000] {processor.py:183} INFO - Processing /home/airflow/.local/lib/python3.12/site-packages/airflow/example_dags/example_branch_datetime_operator.py took 0.072 seconds
[2025-08-11T11:38:36.645+0000] {processor.py:161} INFO - Started process (PID=442) to work on /home/airflow/.local/lib/python3.12/site-packages/airflow/example_dags/example_branch_datetime_operator.py
[2025-08-11T11:38:36.646+0000] {processor.py:830} INFO - Processing file /home/airflow/.local/lib/python3.12/site-packages/airflow/example_dags/example_branch_datetime_operator.py for tasks to queue
[2025-08-11T11:38:36.651+0000] {logging_mixin.py:188} INFO - [2025-08-11T11:38:36.650+0000] {dagbag.py:545} INFO - Filling up the DagBag from /home/airflow/.local/lib/python3.12/site-packages/airflow/example_dags/example_branch_datetime_operator.py
[2025-08-11T11:38:36.657+0000] {processor.py:840} INFO - DAG(s) 'example_branch_datetime_operator_2', 'example_branch_datetime_operator', 'example_branch_datetime_operator_3' retrieved from /home/airflow/.local/lib/python3.12/site-packages/airflow/example_dags/example_branch_datetime_operator.py
[2025-08-11T11:38:36.676+0000] {logging_mixin.py:188} INFO - [2025-08-11T11:38:36.675+0000] {dag.py:3096} INFO - Sync 3 DAGs
[2025-08-11T11:38:36.694+0000] {logging_mixin.py:188} INFO - [2025-08-11T11:38:36.694+0000] {dag.py:3954} INFO - Setting next_dagrun for example_branch_datetime_operator to 2025-08-10 00:00:00+00:00, run_after=2025-08-11 00:00:00+00:00
[2025-08-11T11:38:36.697+0000] {logging_mixin.py:188} INFO - [2025-08-11T11:38:36.697+0000] {dag.py:3954} INFO - Setting next_dagrun for example_branch_datetime_operator_2 to 2025-08-10 00:00:00+00:00, run_after=2025-08-11 00:00:00+00:00
[2025-08-11T11:38:36.699+0000] {logging_mixin.py:188} INFO - [2025-08-11T11:38:36.699+0000] {dag.py:3954} INFO - Setting next_dagrun for example_branch_datetime_operator_3 to 2025-08-10 00:00:00+00:00, run_after=2025-08-11 00:00:00+00:00
[2025-08-11T11:38:36.708+0000] {processor.py:183} INFO - Processing /home/airflow/.local/lib/python3.12/site-packages/airflow/example_dags/example_branch_datetime_operator.py took 0.068 seconds
[2025-08-11T11:39:07.029+0000] {processor.py:161} INFO - Started process (PID=500) to work on /home/airflow/.local/lib/python3.12/site-packages/airflow/example_dags/example_branch_datetime_operator.py
[2025-08-11T11:39:07.032+0000] {processor.py:830} INFO - Processing file /home/airflow/.local/lib/python3.12/site-packages/airflow/example_dags/example_branch_datetime_operator.py for tasks to queue
[2025-08-11T11:39:07.033+0000] {logging_mixin.py:188} INFO - [2025-08-11T11:39:07.033+0000] {dagbag.py:545} INFO - Filling up the DagBag from /home/airflow/.local/lib/python3.12/site-packages/airflow/example_dags/example_branch_datetime_operator.py
[2025-08-11T11:39:07.043+0000] {processor.py:840} INFO - DAG(s) 'example_branch_datetime_operator', 'example_branch_datetime_operator_2', 'example_branch_datetime_operator_3' retrieved from /home/airflow/.local/lib/python3.12/site-packages/airflow/example_dags/example_branch_datetime_operator.py
[2025-08-11T11:39:07.060+0000] {logging_mixin.py:188} INFO - [2025-08-11T11:39:07.060+0000] {dag.py:3096} INFO - Sync 3 DAGs
[2025-08-11T11:39:07.073+0000] {logging_mixin.py:188} INFO - [2025-08-11T11:39:07.073+0000] {dag.py:3954} INFO - Setting next_dagrun for example_branch_datetime_operator to 2025-08-10 00:00:00+00:00, run_after=2025-08-11 00:00:00+00:00
[2025-08-11T11:39:07.077+0000] {logging_mixin.py:188} INFO - [2025-08-11T11:39:07.076+0000] {dag.py:3954} INFO - Setting next_dagrun for example_branch_datetime_operator_2 to 2025-08-10 00:00:00+00:00, run_after=2025-08-11 00:00:00+00:00
[2025-08-11T11:39:07.078+0000] {logging_mixin.py:188} INFO - [2025-08-11T11:39:07.078+0000] {dag.py:3954} INFO - Setting next_dagrun for example_branch_datetime_operator_3 to 2025-08-10 00:00:00+00:00, run_after=2025-08-11 00:00:00+00:00
[2025-08-11T11:39:07.087+0000] {processor.py:183} INFO - Processing /home/airflow/.local/lib/python3.12/site-packages/airflow/example_dags/example_branch_datetime_operator.py took 0.061 seconds
[2025-08-11T11:39:37.197+0000] {processor.py:161} INFO - Started process (PID=558) to work on /home/airflow/.local/lib/python3.12/site-packages/airflow/example_dags/example_branch_datetime_operator.py
[2025-08-11T11:39:37.198+0000] {processor.py:830} INFO - Processing file /home/airflow/.local/lib/python3.12/site-packages/airflow/example_dags/example_branch_datetime_operator.py for tasks to queue
[2025-08-11T11:39:37.199+0000] {logging_mixin.py:188} INFO - [2025-08-11T11:39:37.199+0000] {dagbag.py:545} INFO - Filling up the DagBag from /home/airflow/.local/lib/python3.12/site-packages/airflow/example_dags/example_branch_datetime_operator.py
[2025-08-11T11:39:37.206+0000] {processor.py:840} INFO - DAG(s) 'example_branch_datetime_operator_3', 'example_branch_datetime_operator_2', 'example_branch_datetime_operator' retrieved from /home/airflow/.local/lib/python3.12/site-packages/airflow/example_dags/example_branch_datetime_operator.py
[2025-08-11T11:39:37.226+0000] {logging_mixin.py:188} INFO - [2025-08-11T11:39:37.226+0000] {dag.py:3096} INFO - Sync 3 DAGs
[2025-08-11T11:39:37.241+0000] {logging_mixin.py:188} INFO - [2025-08-11T11:39:37.241+0000] {dag.py:3954} INFO - Setting next_dagrun for example_branch_datetime_operator to 2025-08-10 00:00:00+00:00, run_after=2025-08-11 00:00:00+00:00
[2025-08-11T11:39:37.244+0000] {logging_mixin.py:188} INFO - [2025-08-11T11:39:37.244+0000] {dag.py:3954} INFO - Setting next_dagrun for example_branch_datetime_operator_2 to 2025-08-10 00:00:00+00:00, run_after=2025-08-11 00:00:00+00:00
[2025-08-11T11:39:37.245+0000] {logging_mixin.py:188} INFO - [2025-08-11T11:39:37.245+0000] {dag.py:3954} INFO - Setting next_dagrun for example_branch_datetime_operator_3 to 2025-08-10 00:00:00+00:00, run_after=2025-08-11 00:00:00+00:00
[2025-08-11T11:39:37.255+0000] {processor.py:183} INFO - Processing /home/airflow/.local/lib/python3.12/site-packages/airflow/example_dags/example_branch_datetime_operator.py took 0.062 seconds
[2025-08-11T11:40:07.426+0000] {processor.py:161} INFO - Started process (PID=615) to work on /home/airflow/.local/lib/python3.12/site-packages/airflow/example_dags/example_branch_datetime_operator.py
[2025-08-11T11:40:07.428+0000] {processor.py:830} INFO - Processing file /home/airflow/.local/lib/python3.12/site-packages/airflow/example_dags/example_branch_datetime_operator.py for tasks to queue
[2025-08-11T11:40:07.430+0000] {logging_mixin.py:188} INFO - [2025-08-11T11:40:07.430+0000] {dagbag.py:545} INFO - Filling up the DagBag from /home/airflow/.local/lib/python3.12/site-packages/airflow/example_dags/example_branch_datetime_operator.py
[2025-08-11T11:40:07.440+0000] {processor.py:840} INFO - DAG(s) 'example_branch_datetime_operator_3', 'example_branch_datetime_operator', 'example_branch_datetime_operator_2' retrieved from /home/airflow/.local/lib/python3.12/site-packages/airflow/example_dags/example_branch_datetime_operator.py
[2025-08-11T11:40:07.461+0000] {logging_mixin.py:188} INFO - [2025-08-11T11:40:07.461+0000] {dag.py:3096} INFO - Sync 3 DAGs
[2025-08-11T11:40:07.479+0000] {logging_mixin.py:188} INFO - [2025-08-11T11:40:07.479+0000] {dag.py:3954} INFO - Setting next_dagrun for example_branch_datetime_operator to 2025-08-10 00:00:00+00:00, run_after=2025-08-11 00:00:00+00:00
[2025-08-11T11:40:07.482+0000] {logging_mixin.py:188} INFO - [2025-08-11T11:40:07.482+0000] {dag.py:3954} INFO - Setting next_dagrun for example_branch_datetime_operator_2 to 2025-08-10 00:00:00+00:00, run_after=2025-08-11 00:00:00+00:00
[2025-08-11T11:40:07.484+0000] {logging_mixin.py:188} INFO - [2025-08-11T11:40:07.484+0000] {dag.py:3954} INFO - Setting next_dagrun for example_branch_datetime_operator_3 to 2025-08-10 00:00:00+00:00, run_after=2025-08-11 00:00:00+00:00
[2025-08-11T11:40:07.494+0000] {processor.py:183} INFO - Processing /home/airflow/.local/lib/python3.12/site-packages/airflow/example_dags/example_branch_datetime_operator.py took 0.076 seconds
[2025-08-11T11:40:38.650+0000] {processor.py:161} INFO - Started process (PID=674) to work on /home/airflow/.local/lib/python3.12/site-packages/airflow/example_dags/example_branch_datetime_operator.py
[2025-08-11T11:40:38.651+0000] {processor.py:830} INFO - Processing file /home/airflow/.local/lib/python3.12/site-packages/airflow/example_dags/example_branch_datetime_operator.py for tasks to queue
[2025-08-11T11:40:38.652+0000] {logging_mixin.py:188} INFO - [2025-08-11T11:40:38.652+0000] {dagbag.py:545} INFO - Filling up the DagBag from /home/airflow/.local/lib/python3.12/site-packages/airflow/example_dags/example_branch_datetime_operator.py
[2025-08-11T11:40:38.659+0000] {processor.py:840} INFO - DAG(s) 'example_branch_datetime_operator_3', 'example_branch_datetime_operator_2', 'example_branch_datetime_operator' retrieved from /home/airflow/.local/lib/python3.12/site-packages/airflow/example_dags/example_branch_datetime_operator.py
[2025-08-11T11:40:38.681+0000] {logging_mixin.py:188} INFO - [2025-08-11T11:40:38.681+0000] {dag.py:3096} INFO - Sync 3 DAGs
[2025-08-11T11:40:38.698+0000] {logging_mixin.py:188} INFO - [2025-08-11T11:40:38.697+0000] {dag.py:3954} INFO - Setting next_dagrun for example_branch_datetime_operator to 2025-08-10 00:00:00+00:00, run_after=2025-08-11 00:00:00+00:00
[2025-08-11T11:40:38.701+0000] {logging_mixin.py:188} INFO - [2025-08-11T11:40:38.701+0000] {dag.py:3954} INFO - Setting next_dagrun for example_branch_datetime_operator_2 to 2025-08-10 00:00:00+00:00, run_after=2025-08-11 00:00:00+00:00
[2025-08-11T11:40:38.702+0000] {logging_mixin.py:188} INFO - [2025-08-11T11:40:38.702+0000] {dag.py:3954} INFO - Setting next_dagrun for example_branch_datetime_operator_3 to 2025-08-10 00:00:00+00:00, run_after=2025-08-11 00:00:00+00:00
[2025-08-11T11:40:38.712+0000] {processor.py:183} INFO - Processing /home/airflow/.local/lib/python3.12/site-packages/airflow/example_dags/example_branch_datetime_operator.py took 0.065 seconds
[2025-08-11T11:41:09.667+0000] {processor.py:161} INFO - Started process (PID=732) to work on /home/airflow/.local/lib/python3.12/site-packages/airflow/example_dags/example_branch_datetime_operator.py
[2025-08-11T11:41:09.669+0000] {processor.py:830} INFO - Processing file /home/airflow/.local/lib/python3.12/site-packages/airflow/example_dags/example_branch_datetime_operator.py for tasks to queue
[2025-08-11T11:41:09.671+0000] {logging_mixin.py:188} INFO - [2025-08-11T11:41:09.671+0000] {dagbag.py:545} INFO - Filling up the DagBag from /home/airflow/.local/lib/python3.12/site-packages/airflow/example_dags/example_branch_datetime_operator.py
[2025-08-11T11:41:09.678+0000] {processor.py:840} INFO - DAG(s) 'example_branch_datetime_operator_2', 'example_branch_datetime_operator_3', 'example_branch_datetime_operator' retrieved from /home/airflow/.local/lib/python3.12/site-packages/airflow/example_dags/example_branch_datetime_operator.py
[2025-08-11T11:41:09.699+0000] {logging_mixin.py:188} INFO - [2025-08-11T11:41:09.699+0000] {dag.py:3096} INFO - Sync 3 DAGs
[2025-08-11T11:41:09.714+0000] {logging_mixin.py:188} INFO - [2025-08-11T11:41:09.714+0000] {dag.py:3954} INFO - Setting next_dagrun for example_branch_datetime_operator to 2025-08-10 00:00:00+00:00, run_after=2025-08-11 00:00:00+00:00
[2025-08-11T11:41:09.718+0000] {logging_mixin.py:188} INFO - [2025-08-11T11:41:09.718+0000] {dag.py:3954} INFO - Setting next_dagrun for example_branch_datetime_operator_2 to 2025-08-10 00:00:00+00:00, run_after=2025-08-11 00:00:00+00:00
[2025-08-11T11:41:09.720+0000] {logging_mixin.py:188} INFO - [2025-08-11T11:41:09.719+0000] {dag.py:3954} INFO - Setting next_dagrun for example_branch_datetime_operator_3 to 2025-08-10 00:00:00+00:00, run_after=2025-08-11 00:00:00+00:00
[2025-08-11T11:41:09.737+0000] {processor.py:183} INFO - Processing /home/airflow/.local/lib/python3.12/site-packages/airflow/example_dags/example_branch_datetime_operator.py took 0.074 seconds
[2025-08-11T11:41:40.145+0000] {processor.py:161} INFO - Started process (PID=790) to work on /home/airflow/.local/lib/python3.12/site-packages/airflow/example_dags/example_branch_datetime_operator.py
[2025-08-11T11:41:40.147+0000] {processor.py:830} INFO - Processing file /home/airflow/.local/lib/python3.12/site-packages/airflow/example_dags/example_branch_datetime_operator.py for tasks to queue
[2025-08-11T11:41:40.148+0000] {logging_mixin.py:188} INFO - [2025-08-11T11:41:40.148+0000] {dagbag.py:545} INFO - Filling up the DagBag from /home/airflow/.local/lib/python3.12/site-packages/airflow/example_dags/example_branch_datetime_operator.py
[2025-08-11T11:41:40.156+0000] {processor.py:840} INFO - DAG(s) 'example_branch_datetime_operator_2', 'example_branch_datetime_operator_3', 'example_branch_datetime_operator' retrieved from /home/airflow/.local/lib/python3.12/site-packages/airflow/example_dags/example_branch_datetime_operator.py
[2025-08-11T11:41:40.184+0000] {logging_mixin.py:188} INFO - [2025-08-11T11:41:40.183+0000] {dag.py:3096} INFO - Sync 3 DAGs
[2025-08-11T11:41:40.203+0000] {logging_mixin.py:188} INFO - [2025-08-11T11:41:40.203+0000] {dag.py:3954} INFO - Setting next_dagrun for example_branch_datetime_operator to 2025-08-10 00:00:00+00:00, run_after=2025-08-11 00:00:00+00:00
[2025-08-11T11:41:40.207+0000] {logging_mixin.py:188} INFO - [2025-08-11T11:41:40.207+0000] {dag.py:3954} INFO - Setting next_dagrun for example_branch_datetime_operator_2 to 2025-08-10 00:00:00+00:00, run_after=2025-08-11 00:00:00+00:00
[2025-08-11T11:41:40.209+0000] {logging_mixin.py:188} INFO - [2025-08-11T11:41:40.208+0000] {dag.py:3954} INFO - Setting next_dagrun for example_branch_datetime_operator_3 to 2025-08-10 00:00:00+00:00, run_after=2025-08-11 00:00:00+00:00
[2025-08-11T11:41:40.226+0000] {processor.py:183} INFO - Processing /home/airflow/.local/lib/python3.12/site-packages/airflow/example_dags/example_branch_datetime_operator.py took 0.085 seconds
[2025-08-11T11:42:11.195+0000] {processor.py:161} INFO - Started process (PID=848) to work on /home/airflow/.local/lib/python3.12/site-packages/airflow/example_dags/example_branch_datetime_operator.py
[2025-08-11T11:42:11.198+0000] {processor.py:830} INFO - Processing file /home/airflow/.local/lib/python3.12/site-packages/airflow/example_dags/example_branch_datetime_operator.py for tasks to queue
[2025-08-11T11:42:11.200+0000] {logging_mixin.py:188} INFO - [2025-08-11T11:42:11.200+0000] {dagbag.py:545} INFO - Filling up the DagBag from /home/airflow/.local/lib/python3.12/site-packages/airflow/example_dags/example_branch_datetime_operator.py
[2025-08-11T11:42:11.211+0000] {processor.py:840} INFO - DAG(s) 'example_branch_datetime_operator', 'example_branch_datetime_operator_2', 'example_branch_datetime_operator_3' retrieved from /home/airflow/.local/lib/python3.12/site-packages/airflow/example_dags/example_branch_datetime_operator.py
[2025-08-11T11:42:11.237+0000] {logging_mixin.py:188} INFO - [2025-08-11T11:42:11.237+0000] {dag.py:3096} INFO - Sync 3 DAGs
[2025-08-11T11:42:11.259+0000] {logging_mixin.py:188} INFO - [2025-08-11T11:42:11.259+0000] {dag.py:3954} INFO - Setting next_dagrun for example_branch_datetime_operator to 2025-08-10 00:00:00+00:00, run_after=2025-08-11 00:00:00+00:00
[2025-08-11T11:42:11.264+0000] {logging_mixin.py:188} INFO - [2025-08-11T11:42:11.264+0000] {dag.py:3954} INFO - Setting next_dagrun for example_branch_datetime_operator_2 to 2025-08-10 00:00:00+00:00, run_after=2025-08-11 00:00:00+00:00
[2025-08-11T11:42:11.266+0000] {logging_mixin.py:188} INFO - [2025-08-11T11:42:11.266+0000] {dag.py:3954} INFO - Setting next_dagrun for example_branch_datetime_operator_3 to 2025-08-10 00:00:00+00:00, run_after=2025-08-11 00:00:00+00:00
[2025-08-11T11:42:11.279+0000] {processor.py:183} INFO - Processing /home/airflow/.local/lib/python3.12/site-packages/airflow/example_dags/example_branch_datetime_operator.py took 0.090 seconds
[2025-08-11T11:42:42.037+0000] {processor.py:161} INFO - Started process (PID=906) to work on /home/airflow/.local/lib/python3.12/site-packages/airflow/example_dags/example_branch_datetime_operator.py
[2025-08-11T11:42:42.039+0000] {processor.py:830} INFO - Processing file /home/airflow/.local/lib/python3.12/site-packages/airflow/example_dags/example_branch_datetime_operator.py for tasks to queue
[2025-08-11T11:42:42.042+0000] {logging_mixin.py:188} INFO - [2025-08-11T11:42:42.041+0000] {dagbag.py:545} INFO - Filling up the DagBag from /home/airflow/.local/lib/python3.12/site-packages/airflow/example_dags/example_branch_datetime_operator.py
[2025-08-11T11:42:42.049+0000] {processor.py:840} INFO - DAG(s) 'example_branch_datetime_operator_2', 'example_branch_datetime_operator', 'example_branch_datetime_operator_3' retrieved from /home/airflow/.local/lib/python3.12/site-packages/airflow/example_dags/example_branch_datetime_operator.py
[2025-08-11T11:42:42.073+0000] {logging_mixin.py:188} INFO - [2025-08-11T11:42:42.073+0000] {dag.py:3096} INFO - Sync 3 DAGs
[2025-08-11T11:42:42.091+0000] {logging_mixin.py:188} INFO - [2025-08-11T11:42:42.091+0000] {dag.py:3954} INFO - Setting next_dagrun for example_branch_datetime_operator to 2025-08-10 00:00:00+00:00, run_after=2025-08-11 00:00:00+00:00
[2025-08-11T11:42:42.096+0000] {logging_mixin.py:188} INFO - [2025-08-11T11:42:42.096+0000] {dag.py:3954} INFO - Setting next_dagrun for example_branch_datetime_operator_2 to 2025-08-10 00:00:00+00:00, run_after=2025-08-11 00:00:00+00:00
[2025-08-11T11:42:42.098+0000] {logging_mixin.py:188} INFO - [2025-08-11T11:42:42.098+0000] {dag.py:3954} INFO - Setting next_dagrun for example_branch_datetime_operator_3 to 2025-08-10 00:00:00+00:00, run_after=2025-08-11 00:00:00+00:00
[2025-08-11T11:42:42.109+0000] {processor.py:183} INFO - Processing /home/airflow/.local/lib/python3.12/site-packages/airflow/example_dags/example_branch_datetime_operator.py took 0.077 seconds
[2025-08-11T11:43:12.412+0000] {processor.py:161} INFO - Started process (PID=963) to work on /home/airflow/.local/lib/python3.12/site-packages/airflow/example_dags/example_branch_datetime_operator.py
[2025-08-11T11:43:12.413+0000] {processor.py:830} INFO - Processing file /home/airflow/.local/lib/python3.12/site-packages/airflow/example_dags/example_branch_datetime_operator.py for tasks to queue
[2025-08-11T11:43:12.414+0000] {logging_mixin.py:188} INFO - [2025-08-11T11:43:12.414+0000] {dagbag.py:545} INFO - Filling up the DagBag from /home/airflow/.local/lib/python3.12/site-packages/airflow/example_dags/example_branch_datetime_operator.py
[2025-08-11T11:43:12.421+0000] {processor.py:840} INFO - DAG(s) 'example_branch_datetime_operator_2', 'example_branch_datetime_operator', 'example_branch_datetime_operator_3' retrieved from /home/airflow/.local/lib/python3.12/site-packages/airflow/example_dags/example_branch_datetime_operator.py
[2025-08-11T11:43:12.446+0000] {logging_mixin.py:188} INFO - [2025-08-11T11:43:12.445+0000] {dag.py:3096} INFO - Sync 3 DAGs
[2025-08-11T11:43:12.472+0000] {logging_mixin.py:188} INFO - [2025-08-11T11:43:12.472+0000] {dag.py:3954} INFO - Setting next_dagrun for example_branch_datetime_operator to 2025-08-10 00:00:00+00:00, run_after=2025-08-11 00:00:00+00:00
[2025-08-11T11:43:12.477+0000] {logging_mixin.py:188} INFO - [2025-08-11T11:43:12.477+0000] {dag.py:3954} INFO - Setting next_dagrun for example_branch_datetime_operator_2 to 2025-08-10 00:00:00+00:00, run_after=2025-08-11 00:00:00+00:00
[2025-08-11T11:43:12.479+0000] {logging_mixin.py:188} INFO - [2025-08-11T11:43:12.479+0000] {dag.py:3954} INFO - Setting next_dagrun for example_branch_datetime_operator_3 to 2025-08-10 00:00:00+00:00, run_after=2025-08-11 00:00:00+00:00
[2025-08-11T11:43:12.494+0000] {processor.py:183} INFO - Processing /home/airflow/.local/lib/python3.12/site-packages/airflow/example_dags/example_branch_datetime_operator.py took 0.091 seconds
[2025-08-11T11:43:42.534+0000] {processor.py:161} INFO - Started process (PID=1021) to work on /home/airflow/.local/lib/python3.12/site-packages/airflow/example_dags/example_branch_datetime_operator.py
[2025-08-11T11:43:42.535+0000] {processor.py:830} INFO - Processing file /home/airflow/.local/lib/python3.12/site-packages/airflow/example_dags/example_branch_datetime_operator.py for tasks to queue
[2025-08-11T11:43:42.537+0000] {logging_mixin.py:188} INFO - [2025-08-11T11:43:42.536+0000] {dagbag.py:545} INFO - Filling up the DagBag from /home/airflow/.local/lib/python3.12/site-packages/airflow/example_dags/example_branch_datetime_operator.py
[2025-08-11T11:43:42.544+0000] {processor.py:840} INFO - DAG(s) 'example_branch_datetime_operator_2', 'example_branch_datetime_operator_3', 'example_branch_datetime_operator' retrieved from /home/airflow/.local/lib/python3.12/site-packages/airflow/example_dags/example_branch_datetime_operator.py
[2025-08-11T11:43:42.569+0000] {logging_mixin.py:188} INFO - [2025-08-11T11:43:42.569+0000] {dag.py:3096} INFO - Sync 3 DAGs
[2025-08-11T11:43:42.587+0000] {logging_mixin.py:188} INFO - [2025-08-11T11:43:42.587+0000] {dag.py:3954} INFO - Setting next_dagrun for example_branch_datetime_operator to 2025-08-10 00:00:00+00:00, run_after=2025-08-11 00:00:00+00:00
[2025-08-11T11:43:42.591+0000] {logging_mixin.py:188} INFO - [2025-08-11T11:43:42.591+0000] {dag.py:3954} INFO - Setting next_dagrun for example_branch_datetime_operator_2 to 2025-08-10 00:00:00+00:00, run_after=2025-08-11 00:00:00+00:00
[2025-08-11T11:43:42.593+0000] {logging_mixin.py:188} INFO - [2025-08-11T11:43:42.593+0000] {dag.py:3954} INFO - Setting next_dagrun for example_branch_datetime_operator_3 to 2025-08-10 00:00:00+00:00, run_after=2025-08-11 00:00:00+00:00
[2025-08-11T11:43:42.605+0000] {processor.py:183} INFO - Processing /home/airflow/.local/lib/python3.12/site-packages/airflow/example_dags/example_branch_datetime_operator.py took 0.077 seconds
[2025-08-11T11:44:13.555+0000] {processor.py:161} INFO - Started process (PID=1079) to work on /home/airflow/.local/lib/python3.12/site-packages/airflow/example_dags/example_branch_datetime_operator.py
[2025-08-11T11:44:13.556+0000] {processor.py:830} INFO - Processing file /home/airflow/.local/lib/python3.12/site-packages/airflow/example_dags/example_branch_datetime_operator.py for tasks to queue
[2025-08-11T11:44:13.558+0000] {logging_mixin.py:188} INFO - [2025-08-11T11:44:13.558+0000] {dagbag.py:545} INFO - Filling up the DagBag from /home/airflow/.local/lib/python3.12/site-packages/airflow/example_dags/example_branch_datetime_operator.py
[2025-08-11T11:44:13.567+0000] {processor.py:840} INFO - DAG(s) 'example_branch_datetime_operator_3', 'example_branch_datetime_operator', 'example_branch_datetime_operator_2' retrieved from /home/airflow/.local/lib/python3.12/site-packages/airflow/example_dags/example_branch_datetime_operator.py
[2025-08-11T11:44:13.591+0000] {logging_mixin.py:188} INFO - [2025-08-11T11:44:13.591+0000] {dag.py:3096} INFO - Sync 3 DAGs
[2025-08-11T11:44:13.608+0000] {logging_mixin.py:188} INFO - [2025-08-11T11:44:13.608+0000] {dag.py:3954} INFO - Setting next_dagrun for example_branch_datetime_operator to 2025-08-10 00:00:00+00:00, run_after=2025-08-11 00:00:00+00:00
[2025-08-11T11:44:13.616+0000] {logging_mixin.py:188} INFO - [2025-08-11T11:44:13.615+0000] {dag.py:3954} INFO - Setting next_dagrun for example_branch_datetime_operator_2 to 2025-08-10 00:00:00+00:00, run_after=2025-08-11 00:00:00+00:00
[2025-08-11T11:44:13.617+0000] {logging_mixin.py:188} INFO - [2025-08-11T11:44:13.617+0000] {dag.py:3954} INFO - Setting next_dagrun for example_branch_datetime_operator_3 to 2025-08-10 00:00:00+00:00, run_after=2025-08-11 00:00:00+00:00
[2025-08-11T11:44:13.627+0000] {processor.py:183} INFO - Processing /home/airflow/.local/lib/python3.12/site-packages/airflow/example_dags/example_branch_datetime_operator.py took 0.080 seconds
[2025-08-11T11:44:44.070+0000] {processor.py:161} INFO - Started process (PID=1137) to work on /home/airflow/.local/lib/python3.12/site-packages/airflow/example_dags/example_branch_datetime_operator.py
[2025-08-11T11:44:44.072+0000] {processor.py:830} INFO - Processing file /home/airflow/.local/lib/python3.12/site-packages/airflow/example_dags/example_branch_datetime_operator.py for tasks to queue
[2025-08-11T11:44:44.074+0000] {logging_mixin.py:188} INFO - [2025-08-11T11:44:44.073+0000] {dagbag.py:545} INFO - Filling up the DagBag from /home/airflow/.local/lib/python3.12/site-packages/airflow/example_dags/example_branch_datetime_operator.py
[2025-08-11T11:44:44.086+0000] {processor.py:840} INFO - DAG(s) 'example_branch_datetime_operator_2', 'example_branch_datetime_operator', 'example_branch_datetime_operator_3' retrieved from /home/airflow/.local/lib/python3.12/site-packages/airflow/example_dags/example_branch_datetime_operator.py
[2025-08-11T11:44:44.117+0000] {logging_mixin.py:188} INFO - [2025-08-11T11:44:44.117+0000] {dag.py:3096} INFO - Sync 3 DAGs
[2025-08-11T11:44:44.138+0000] {logging_mixin.py:188} INFO - [2025-08-11T11:44:44.138+0000] {dag.py:3954} INFO - Setting next_dagrun for example_branch_datetime_operator to 2025-08-10 00:00:00+00:00, run_after=2025-08-11 00:00:00+00:00
[2025-08-11T11:44:44.141+0000] {logging_mixin.py:188} INFO - [2025-08-11T11:44:44.141+0000] {dag.py:3954} INFO - Setting next_dagrun for example_branch_datetime_operator_2 to 2025-08-10 00:00:00+00:00, run_after=2025-08-11 00:00:00+00:00
[2025-08-11T11:44:44.143+0000] {logging_mixin.py:188} INFO - [2025-08-11T11:44:44.143+0000] {dag.py:3954} INFO - Setting next_dagrun for example_branch_datetime_operator_3 to 2025-08-10 00:00:00+00:00, run_after=2025-08-11 00:00:00+00:00
[2025-08-11T11:44:44.153+0000] {processor.py:183} INFO - Processing /home/airflow/.local/lib/python3.12/site-packages/airflow/example_dags/example_branch_datetime_operator.py took 0.090 seconds
[2025-08-11T11:45:14.493+0000] {processor.py:161} INFO - Started process (PID=1195) to work on /home/airflow/.local/lib/python3.12/site-packages/airflow/example_dags/example_branch_datetime_operator.py
[2025-08-11T11:45:14.495+0000] {processor.py:830} INFO - Processing file /home/airflow/.local/lib/python3.12/site-packages/airflow/example_dags/example_branch_datetime_operator.py for tasks to queue
[2025-08-11T11:45:14.496+0000] {logging_mixin.py:188} INFO - [2025-08-11T11:45:14.496+0000] {dagbag.py:545} INFO - Filling up the DagBag from /home/airflow/.local/lib/python3.12/site-packages/airflow/example_dags/example_branch_datetime_operator.py
[2025-08-11T11:45:14.511+0000] {processor.py:840} INFO - DAG(s) 'example_branch_datetime_operator', 'example_branch_datetime_operator_3', 'example_branch_datetime_operator_2' retrieved from /home/airflow/.local/lib/python3.12/site-packages/airflow/example_dags/example_branch_datetime_operator.py
[2025-08-11T11:45:14.533+0000] {logging_mixin.py:188} INFO - [2025-08-11T11:45:14.533+0000] {dag.py:3096} INFO - Sync 3 DAGs
[2025-08-11T11:45:14.553+0000] {logging_mixin.py:188} INFO - [2025-08-11T11:45:14.553+0000] {dag.py:3954} INFO - Setting next_dagrun for example_branch_datetime_operator to 2025-08-10 00:00:00+00:00, run_after=2025-08-11 00:00:00+00:00
[2025-08-11T11:45:14.560+0000] {logging_mixin.py:188} INFO - [2025-08-11T11:45:14.560+0000] {dag.py:3954} INFO - Setting next_dagrun for example_branch_datetime_operator_2 to 2025-08-10 00:00:00+00:00, run_after=2025-08-11 00:00:00+00:00
[2025-08-11T11:45:14.561+0000] {logging_mixin.py:188} INFO - [2025-08-11T11:45:14.561+0000] {dag.py:3954} INFO - Setting next_dagrun for example_branch_datetime_operator_3 to 2025-08-10 00:00:00+00:00, run_after=2025-08-11 00:00:00+00:00
[2025-08-11T11:45:14.573+0000] {processor.py:183} INFO - Processing /home/airflow/.local/lib/python3.12/site-packages/airflow/example_dags/example_branch_datetime_operator.py took 0.086 seconds
[2025-08-11T11:45:44.896+0000] {processor.py:161} INFO - Started process (PID=1253) to work on /home/airflow/.local/lib/python3.12/site-packages/airflow/example_dags/example_branch_datetime_operator.py
[2025-08-11T11:45:44.897+0000] {processor.py:830} INFO - Processing file /home/airflow/.local/lib/python3.12/site-packages/airflow/example_dags/example_branch_datetime_operator.py for tasks to queue
[2025-08-11T11:45:44.898+0000] {logging_mixin.py:188} INFO - [2025-08-11T11:45:44.898+0000] {dagbag.py:545} INFO - Filling up the DagBag from /home/airflow/.local/lib/python3.12/site-packages/airflow/example_dags/example_branch_datetime_operator.py
[2025-08-11T11:45:44.905+0000] {processor.py:840} INFO - DAG(s) 'example_branch_datetime_operator_3', 'example_branch_datetime_operator', 'example_branch_datetime_operator_2' retrieved from /home/airflow/.local/lib/python3.12/site-packages/airflow/example_dags/example_branch_datetime_operator.py
[2025-08-11T11:45:44.928+0000] {logging_mixin.py:188} INFO - [2025-08-11T11:45:44.927+0000] {dag.py:3096} INFO - Sync 3 DAGs
[2025-08-11T11:45:44.945+0000] {logging_mixin.py:188} INFO - [2025-08-11T11:45:44.945+0000] {dag.py:3954} INFO - Setting next_dagrun for example_branch_datetime_operator to 2025-08-10 00:00:00+00:00, run_after=2025-08-11 00:00:00+00:00
[2025-08-11T11:45:44.950+0000] {logging_mixin.py:188} INFO - [2025-08-11T11:45:44.950+0000] {dag.py:3954} INFO - Setting next_dagrun for example_branch_datetime_operator_2 to 2025-08-10 00:00:00+00:00, run_after=2025-08-11 00:00:00+00:00
[2025-08-11T11:45:44.952+0000] {logging_mixin.py:188} INFO - [2025-08-11T11:45:44.952+0000] {dag.py:3954} INFO - Setting next_dagrun for example_branch_datetime_operator_3 to 2025-08-10 00:00:00+00:00, run_after=2025-08-11 00:00:00+00:00
[2025-08-11T11:45:44.967+0000] {processor.py:183} INFO - Processing /home/airflow/.local/lib/python3.12/site-packages/airflow/example_dags/example_branch_datetime_operator.py took 0.076 seconds
[2025-08-11T11:46:15.123+0000] {processor.py:161} INFO - Started process (PID=1312) to work on /home/airflow/.local/lib/python3.12/site-packages/airflow/example_dags/example_branch_datetime_operator.py
[2025-08-11T11:46:15.125+0000] {processor.py:830} INFO - Processing file /home/airflow/.local/lib/python3.12/site-packages/airflow/example_dags/example_branch_datetime_operator.py for tasks to queue
[2025-08-11T11:46:15.127+0000] {logging_mixin.py:188} INFO - [2025-08-11T11:46:15.126+0000] {dagbag.py:545} INFO - Filling up the DagBag from /home/airflow/.local/lib/python3.12/site-packages/airflow/example_dags/example_branch_datetime_operator.py
[2025-08-11T11:46:15.137+0000] {processor.py:840} INFO - DAG(s) 'example_branch_datetime_operator_2', 'example_branch_datetime_operator', 'example_branch_datetime_operator_3' retrieved from /home/airflow/.local/lib/python3.12/site-packages/airflow/example_dags/example_branch_datetime_operator.py
[2025-08-11T11:46:15.157+0000] {logging_mixin.py:188} INFO - [2025-08-11T11:46:15.157+0000] {dag.py:3096} INFO - Sync 3 DAGs
[2025-08-11T11:46:15.172+0000] {logging_mixin.py:188} INFO - [2025-08-11T11:46:15.172+0000] {dag.py:3954} INFO - Setting next_dagrun for example_branch_datetime_operator to 2025-08-10 00:00:00+00:00, run_after=2025-08-11 00:00:00+00:00
[2025-08-11T11:46:15.178+0000] {logging_mixin.py:188} INFO - [2025-08-11T11:46:15.178+0000] {dag.py:3954} INFO - Setting next_dagrun for example_branch_datetime_operator_2 to 2025-08-10 00:00:00+00:00, run_after=2025-08-11 00:00:00+00:00
[2025-08-11T11:46:15.179+0000] {logging_mixin.py:188} INFO - [2025-08-11T11:46:15.179+0000] {dag.py:3954} INFO - Setting next_dagrun for example_branch_datetime_operator_3 to 2025-08-10 00:00:00+00:00, run_after=2025-08-11 00:00:00+00:00
[2025-08-11T11:46:15.190+0000] {processor.py:183} INFO - Processing /home/airflow/.local/lib/python3.12/site-packages/airflow/example_dags/example_branch_datetime_operator.py took 0.073 seconds
