[2025-08-11T11:35:34.096+0000] {processor.py:161} INFO - Started process (PID=98) to work on /home/airflow/.local/lib/python3.12/site-packages/airflow/example_dags/example_branch_labels.py
[2025-08-11T11:35:34.097+0000] {processor.py:830} INFO - Processing file /home/airflow/.local/lib/python3.12/site-packages/airflow/example_dags/example_branch_labels.py for tasks to queue
[2025-08-11T11:35:34.099+0000] {logging_mixin.py:188} INFO - [2025-08-11T11:35:34.099+0000] {dagbag.py:545} INFO - Filling up the DagBag from /home/airflow/.local/lib/python3.12/site-packages/airflow/example_dags/example_branch_labels.py
[2025-08-11T11:35:34.109+0000] {processor.py:840} INFO - DAG(s) 'example_branch_labels' retrieved from /home/airflow/.local/lib/python3.12/site-packages/airflow/example_dags/example_branch_labels.py
[2025-08-11T11:35:34.198+0000] {logging_mixin.py:188} INFO - [2025-08-11T11:35:34.198+0000] {override.py:1829} INFO - Created Permission View: can read on DAG:example_branch_labels
[2025-08-11T11:35:34.208+0000] {logging_mixin.py:188} INFO - [2025-08-11T11:35:34.208+0000] {override.py:1829} INFO - Created Permission View: can delete on DAG:example_branch_labels
[2025-08-11T11:35:34.214+0000] {logging_mixin.py:188} INFO - [2025-08-11T11:35:34.213+0000] {override.py:1829} INFO - Created Permission View: can edit on DAG:example_branch_labels
[2025-08-11T11:35:34.214+0000] {logging_mixin.py:188} INFO - [2025-08-11T11:35:34.214+0000] {dag.py:3096} INFO - Sync 1 DAGs
[2025-08-11T11:35:34.223+0000] {logging_mixin.py:188} INFO - [2025-08-11T11:35:34.223+0000] {dag.py:3118} INFO - Creating ORM DAG for example_branch_labels
[2025-08-11T11:35:34.234+0000] {logging_mixin.py:188} INFO - [2025-08-11T11:35:34.234+0000] {dag.py:3954} INFO - Setting next_dagrun for example_branch_labels to 2025-08-10 00:00:00+00:00, run_after=2025-08-11 00:00:00+00:00
[2025-08-11T11:35:34.244+0000] {processor.py:183} INFO - Processing /home/airflow/.local/lib/python3.12/site-packages/airflow/example_dags/example_branch_labels.py took 0.154 seconds
[2025-08-11T11:36:04.734+0000] {processor.py:161} INFO - Started process (PID=156) to work on /home/airflow/.local/lib/python3.12/site-packages/airflow/example_dags/example_branch_labels.py
[2025-08-11T11:36:04.736+0000] {processor.py:830} INFO - Processing file /home/airflow/.local/lib/python3.12/site-packages/airflow/example_dags/example_branch_labels.py for tasks to queue
[2025-08-11T11:36:04.738+0000] {logging_mixin.py:188} INFO - [2025-08-11T11:36:04.737+0000] {dagbag.py:545} INFO - Filling up the DagBag from /home/airflow/.local/lib/python3.12/site-packages/airflow/example_dags/example_branch_labels.py
[2025-08-11T11:36:04.744+0000] {processor.py:840} INFO - DAG(s) 'example_branch_labels' retrieved from /home/airflow/.local/lib/python3.12/site-packages/airflow/example_dags/example_branch_labels.py
[2025-08-11T11:36:04.765+0000] {logging_mixin.py:188} INFO - [2025-08-11T11:36:04.765+0000] {dag.py:3096} INFO - Sync 1 DAGs
[2025-08-11T11:36:04.791+0000] {logging_mixin.py:188} INFO - [2025-08-11T11:36:04.791+0000] {dag.py:3954} INFO - Setting next_dagrun for example_branch_labels to 2025-08-10 00:00:00+00:00, run_after=2025-08-11 00:00:00+00:00
[2025-08-11T11:36:04.805+0000] {processor.py:183} INFO - Processing /home/airflow/.local/lib/python3.12/site-packages/airflow/example_dags/example_branch_labels.py took 0.080 seconds
[2025-08-11T11:36:35.070+0000] {processor.py:161} INFO - Started process (PID=214) to work on /home/airflow/.local/lib/python3.12/site-packages/airflow/example_dags/example_branch_labels.py
[2025-08-11T11:36:35.071+0000] {processor.py:830} INFO - Processing file /home/airflow/.local/lib/python3.12/site-packages/airflow/example_dags/example_branch_labels.py for tasks to queue
[2025-08-11T11:36:35.073+0000] {logging_mixin.py:188} INFO - [2025-08-11T11:36:35.072+0000] {dagbag.py:545} INFO - Filling up the DagBag from /home/airflow/.local/lib/python3.12/site-packages/airflow/example_dags/example_branch_labels.py
[2025-08-11T11:36:35.079+0000] {processor.py:840} INFO - DAG(s) 'example_branch_labels' retrieved from /home/airflow/.local/lib/python3.12/site-packages/airflow/example_dags/example_branch_labels.py
[2025-08-11T11:36:35.096+0000] {logging_mixin.py:188} INFO - [2025-08-11T11:36:35.095+0000] {dag.py:3096} INFO - Sync 1 DAGs
[2025-08-11T11:36:35.112+0000] {logging_mixin.py:188} INFO - [2025-08-11T11:36:35.111+0000] {dag.py:3954} INFO - Setting next_dagrun for example_branch_labels to 2025-08-10 00:00:00+00:00, run_after=2025-08-11 00:00:00+00:00
[2025-08-11T11:36:35.123+0000] {processor.py:183} INFO - Processing /home/airflow/.local/lib/python3.12/site-packages/airflow/example_dags/example_branch_labels.py took 0.057 seconds
[2025-08-11T11:37:05.419+0000] {processor.py:161} INFO - Started process (PID=272) to work on /home/airflow/.local/lib/python3.12/site-packages/airflow/example_dags/example_branch_labels.py
[2025-08-11T11:37:05.420+0000] {processor.py:830} INFO - Processing file /home/airflow/.local/lib/python3.12/site-packages/airflow/example_dags/example_branch_labels.py for tasks to queue
[2025-08-11T11:37:05.425+0000] {logging_mixin.py:188} INFO - [2025-08-11T11:37:05.425+0000] {dagbag.py:545} INFO - Filling up the DagBag from /home/airflow/.local/lib/python3.12/site-packages/airflow/example_dags/example_branch_labels.py
[2025-08-11T11:37:05.433+0000] {processor.py:840} INFO - DAG(s) 'example_branch_labels' retrieved from /home/airflow/.local/lib/python3.12/site-packages/airflow/example_dags/example_branch_labels.py
[2025-08-11T11:37:05.450+0000] {logging_mixin.py:188} INFO - [2025-08-11T11:37:05.450+0000] {dag.py:3096} INFO - Sync 1 DAGs
[2025-08-11T11:37:05.471+0000] {logging_mixin.py:188} INFO - [2025-08-11T11:37:05.471+0000] {dag.py:3954} INFO - Setting next_dagrun for example_branch_labels to 2025-08-10 00:00:00+00:00, run_after=2025-08-11 00:00:00+00:00
[2025-08-11T11:37:05.489+0000] {processor.py:183} INFO - Processing /home/airflow/.local/lib/python3.12/site-packages/airflow/example_dags/example_branch_labels.py took 0.075 seconds
[2025-08-11T11:37:35.893+0000] {processor.py:161} INFO - Started process (PID=330) to work on /home/airflow/.local/lib/python3.12/site-packages/airflow/example_dags/example_branch_labels.py
[2025-08-11T11:37:35.894+0000] {processor.py:830} INFO - Processing file /home/airflow/.local/lib/python3.12/site-packages/airflow/example_dags/example_branch_labels.py for tasks to queue
[2025-08-11T11:37:35.895+0000] {logging_mixin.py:188} INFO - [2025-08-11T11:37:35.895+0000] {dagbag.py:545} INFO - Filling up the DagBag from /home/airflow/.local/lib/python3.12/site-packages/airflow/example_dags/example_branch_labels.py
[2025-08-11T11:37:35.900+0000] {processor.py:840} INFO - DAG(s) 'example_branch_labels' retrieved from /home/airflow/.local/lib/python3.12/site-packages/airflow/example_dags/example_branch_labels.py
[2025-08-11T11:37:35.913+0000] {logging_mixin.py:188} INFO - [2025-08-11T11:37:35.913+0000] {dag.py:3096} INFO - Sync 1 DAGs
[2025-08-11T11:37:35.926+0000] {logging_mixin.py:188} INFO - [2025-08-11T11:37:35.926+0000] {dag.py:3954} INFO - Setting next_dagrun for example_branch_labels to 2025-08-10 00:00:00+00:00, run_after=2025-08-11 00:00:00+00:00
[2025-08-11T11:37:35.936+0000] {processor.py:183} INFO - Processing /home/airflow/.local/lib/python3.12/site-packages/airflow/example_dags/example_branch_labels.py took 0.046 seconds
[2025-08-11T11:38:06.269+0000] {processor.py:161} INFO - Started process (PID=387) to work on /home/airflow/.local/lib/python3.12/site-packages/airflow/example_dags/example_branch_labels.py
[2025-08-11T11:38:06.269+0000] {processor.py:830} INFO - Processing file /home/airflow/.local/lib/python3.12/site-packages/airflow/example_dags/example_branch_labels.py for tasks to queue
[2025-08-11T11:38:06.271+0000] {logging_mixin.py:188} INFO - [2025-08-11T11:38:06.271+0000] {dagbag.py:545} INFO - Filling up the DagBag from /home/airflow/.local/lib/python3.12/site-packages/airflow/example_dags/example_branch_labels.py
[2025-08-11T11:38:06.276+0000] {processor.py:840} INFO - DAG(s) 'example_branch_labels' retrieved from /home/airflow/.local/lib/python3.12/site-packages/airflow/example_dags/example_branch_labels.py
[2025-08-11T11:38:06.293+0000] {logging_mixin.py:188} INFO - [2025-08-11T11:38:06.292+0000] {dag.py:3096} INFO - Sync 1 DAGs
[2025-08-11T11:38:06.306+0000] {logging_mixin.py:188} INFO - [2025-08-11T11:38:06.306+0000] {dag.py:3954} INFO - Setting next_dagrun for example_branch_labels to 2025-08-10 00:00:00+00:00, run_after=2025-08-11 00:00:00+00:00
[2025-08-11T11:38:06.317+0000] {processor.py:183} INFO - Processing /home/airflow/.local/lib/python3.12/site-packages/airflow/example_dags/example_branch_labels.py took 0.053 seconds
[2025-08-11T11:38:36.751+0000] {processor.py:161} INFO - Started process (PID=445) to work on /home/airflow/.local/lib/python3.12/site-packages/airflow/example_dags/example_branch_labels.py
[2025-08-11T11:38:36.752+0000] {processor.py:830} INFO - Processing file /home/airflow/.local/lib/python3.12/site-packages/airflow/example_dags/example_branch_labels.py for tasks to queue
[2025-08-11T11:38:36.753+0000] {logging_mixin.py:188} INFO - [2025-08-11T11:38:36.753+0000] {dagbag.py:545} INFO - Filling up the DagBag from /home/airflow/.local/lib/python3.12/site-packages/airflow/example_dags/example_branch_labels.py
[2025-08-11T11:38:36.759+0000] {processor.py:840} INFO - DAG(s) 'example_branch_labels' retrieved from /home/airflow/.local/lib/python3.12/site-packages/airflow/example_dags/example_branch_labels.py
[2025-08-11T11:38:36.776+0000] {logging_mixin.py:188} INFO - [2025-08-11T11:38:36.775+0000] {dag.py:3096} INFO - Sync 1 DAGs
[2025-08-11T11:38:36.790+0000] {logging_mixin.py:188} INFO - [2025-08-11T11:38:36.790+0000] {dag.py:3954} INFO - Setting next_dagrun for example_branch_labels to 2025-08-10 00:00:00+00:00, run_after=2025-08-11 00:00:00+00:00
[2025-08-11T11:38:36.805+0000] {processor.py:183} INFO - Processing /home/airflow/.local/lib/python3.12/site-packages/airflow/example_dags/example_branch_labels.py took 0.057 seconds
[2025-08-11T11:39:07.171+0000] {processor.py:161} INFO - Started process (PID=503) to work on /home/airflow/.local/lib/python3.12/site-packages/airflow/example_dags/example_branch_labels.py
[2025-08-11T11:39:07.172+0000] {processor.py:830} INFO - Processing file /home/airflow/.local/lib/python3.12/site-packages/airflow/example_dags/example_branch_labels.py for tasks to queue
[2025-08-11T11:39:07.173+0000] {logging_mixin.py:188} INFO - [2025-08-11T11:39:07.173+0000] {dagbag.py:545} INFO - Filling up the DagBag from /home/airflow/.local/lib/python3.12/site-packages/airflow/example_dags/example_branch_labels.py
[2025-08-11T11:39:07.178+0000] {processor.py:840} INFO - DAG(s) 'example_branch_labels' retrieved from /home/airflow/.local/lib/python3.12/site-packages/airflow/example_dags/example_branch_labels.py
[2025-08-11T11:39:07.190+0000] {logging_mixin.py:188} INFO - [2025-08-11T11:39:07.190+0000] {dag.py:3096} INFO - Sync 1 DAGs
[2025-08-11T11:39:07.203+0000] {logging_mixin.py:188} INFO - [2025-08-11T11:39:07.203+0000] {dag.py:3954} INFO - Setting next_dagrun for example_branch_labels to 2025-08-10 00:00:00+00:00, run_after=2025-08-11 00:00:00+00:00
[2025-08-11T11:39:07.213+0000] {processor.py:183} INFO - Processing /home/airflow/.local/lib/python3.12/site-packages/airflow/example_dags/example_branch_labels.py took 0.045 seconds
[2025-08-11T11:39:37.460+0000] {processor.py:161} INFO - Started process (PID=561) to work on /home/airflow/.local/lib/python3.12/site-packages/airflow/example_dags/example_branch_labels.py
[2025-08-11T11:39:37.461+0000] {processor.py:830} INFO - Processing file /home/airflow/.local/lib/python3.12/site-packages/airflow/example_dags/example_branch_labels.py for tasks to queue
[2025-08-11T11:39:37.462+0000] {logging_mixin.py:188} INFO - [2025-08-11T11:39:37.462+0000] {dagbag.py:545} INFO - Filling up the DagBag from /home/airflow/.local/lib/python3.12/site-packages/airflow/example_dags/example_branch_labels.py
[2025-08-11T11:39:37.468+0000] {processor.py:840} INFO - DAG(s) 'example_branch_labels' retrieved from /home/airflow/.local/lib/python3.12/site-packages/airflow/example_dags/example_branch_labels.py
[2025-08-11T11:39:37.494+0000] {logging_mixin.py:188} INFO - [2025-08-11T11:39:37.493+0000] {dag.py:3096} INFO - Sync 1 DAGs
[2025-08-11T11:39:37.521+0000] {logging_mixin.py:188} INFO - [2025-08-11T11:39:37.520+0000] {dag.py:3954} INFO - Setting next_dagrun for example_branch_labels to 2025-08-10 00:00:00+00:00, run_after=2025-08-11 00:00:00+00:00
[2025-08-11T11:39:37.534+0000] {processor.py:183} INFO - Processing /home/airflow/.local/lib/python3.12/site-packages/airflow/example_dags/example_branch_labels.py took 0.080 seconds
[2025-08-11T11:40:07.615+0000] {processor.py:161} INFO - Started process (PID=619) to work on /home/airflow/.local/lib/python3.12/site-packages/airflow/example_dags/example_branch_labels.py
[2025-08-11T11:40:07.616+0000] {processor.py:830} INFO - Processing file /home/airflow/.local/lib/python3.12/site-packages/airflow/example_dags/example_branch_labels.py for tasks to queue
[2025-08-11T11:40:07.617+0000] {logging_mixin.py:188} INFO - [2025-08-11T11:40:07.617+0000] {dagbag.py:545} INFO - Filling up the DagBag from /home/airflow/.local/lib/python3.12/site-packages/airflow/example_dags/example_branch_labels.py
[2025-08-11T11:40:07.623+0000] {processor.py:840} INFO - DAG(s) 'example_branch_labels' retrieved from /home/airflow/.local/lib/python3.12/site-packages/airflow/example_dags/example_branch_labels.py
[2025-08-11T11:40:07.638+0000] {logging_mixin.py:188} INFO - [2025-08-11T11:40:07.638+0000] {dag.py:3096} INFO - Sync 1 DAGs
[2025-08-11T11:40:07.655+0000] {logging_mixin.py:188} INFO - [2025-08-11T11:40:07.655+0000] {dag.py:3954} INFO - Setting next_dagrun for example_branch_labels to 2025-08-10 00:00:00+00:00, run_after=2025-08-11 00:00:00+00:00
[2025-08-11T11:40:07.666+0000] {processor.py:183} INFO - Processing /home/airflow/.local/lib/python3.12/site-packages/airflow/example_dags/example_branch_labels.py took 0.055 seconds
[2025-08-11T11:40:38.743+0000] {processor.py:161} INFO - Started process (PID=677) to work on /home/airflow/.local/lib/python3.12/site-packages/airflow/example_dags/example_branch_labels.py
[2025-08-11T11:40:38.744+0000] {processor.py:830} INFO - Processing file /home/airflow/.local/lib/python3.12/site-packages/airflow/example_dags/example_branch_labels.py for tasks to queue
[2025-08-11T11:40:38.746+0000] {logging_mixin.py:188} INFO - [2025-08-11T11:40:38.746+0000] {dagbag.py:545} INFO - Filling up the DagBag from /home/airflow/.local/lib/python3.12/site-packages/airflow/example_dags/example_branch_labels.py
[2025-08-11T11:40:38.752+0000] {processor.py:840} INFO - DAG(s) 'example_branch_labels' retrieved from /home/airflow/.local/lib/python3.12/site-packages/airflow/example_dags/example_branch_labels.py
[2025-08-11T11:40:38.769+0000] {logging_mixin.py:188} INFO - [2025-08-11T11:40:38.769+0000] {dag.py:3096} INFO - Sync 1 DAGs
[2025-08-11T11:40:38.784+0000] {logging_mixin.py:188} INFO - [2025-08-11T11:40:38.784+0000] {dag.py:3954} INFO - Setting next_dagrun for example_branch_labels to 2025-08-10 00:00:00+00:00, run_after=2025-08-11 00:00:00+00:00
[2025-08-11T11:40:38.797+0000] {processor.py:183} INFO - Processing /home/airflow/.local/lib/python3.12/site-packages/airflow/example_dags/example_branch_labels.py took 0.058 seconds
[2025-08-11T11:41:09.776+0000] {processor.py:161} INFO - Started process (PID=735) to work on /home/airflow/.local/lib/python3.12/site-packages/airflow/example_dags/example_branch_labels.py
[2025-08-11T11:41:09.779+0000] {processor.py:830} INFO - Processing file /home/airflow/.local/lib/python3.12/site-packages/airflow/example_dags/example_branch_labels.py for tasks to queue
[2025-08-11T11:41:09.780+0000] {logging_mixin.py:188} INFO - [2025-08-11T11:41:09.780+0000] {dagbag.py:545} INFO - Filling up the DagBag from /home/airflow/.local/lib/python3.12/site-packages/airflow/example_dags/example_branch_labels.py
[2025-08-11T11:41:09.786+0000] {processor.py:840} INFO - DAG(s) 'example_branch_labels' retrieved from /home/airflow/.local/lib/python3.12/site-packages/airflow/example_dags/example_branch_labels.py
[2025-08-11T11:41:09.806+0000] {logging_mixin.py:188} INFO - [2025-08-11T11:41:09.805+0000] {dag.py:3096} INFO - Sync 1 DAGs
[2025-08-11T11:41:09.824+0000] {logging_mixin.py:188} INFO - [2025-08-11T11:41:09.824+0000] {dag.py:3954} INFO - Setting next_dagrun for example_branch_labels to 2025-08-10 00:00:00+00:00, run_after=2025-08-11 00:00:00+00:00
[2025-08-11T11:41:09.841+0000] {processor.py:183} INFO - Processing /home/airflow/.local/lib/python3.12/site-packages/airflow/example_dags/example_branch_labels.py took 0.069 seconds
[2025-08-11T11:41:40.433+0000] {processor.py:161} INFO - Started process (PID=793) to work on /home/airflow/.local/lib/python3.12/site-packages/airflow/example_dags/example_branch_labels.py
[2025-08-11T11:41:40.433+0000] {processor.py:830} INFO - Processing file /home/airflow/.local/lib/python3.12/site-packages/airflow/example_dags/example_branch_labels.py for tasks to queue
[2025-08-11T11:41:40.435+0000] {logging_mixin.py:188} INFO - [2025-08-11T11:41:40.434+0000] {dagbag.py:545} INFO - Filling up the DagBag from /home/airflow/.local/lib/python3.12/site-packages/airflow/example_dags/example_branch_labels.py
[2025-08-11T11:41:40.440+0000] {processor.py:840} INFO - DAG(s) 'example_branch_labels' retrieved from /home/airflow/.local/lib/python3.12/site-packages/airflow/example_dags/example_branch_labels.py
[2025-08-11T11:41:40.455+0000] {logging_mixin.py:188} INFO - [2025-08-11T11:41:40.455+0000] {dag.py:3096} INFO - Sync 1 DAGs
[2025-08-11T11:41:40.471+0000] {logging_mixin.py:188} INFO - [2025-08-11T11:41:40.470+0000] {dag.py:3954} INFO - Setting next_dagrun for example_branch_labels to 2025-08-10 00:00:00+00:00, run_after=2025-08-11 00:00:00+00:00
[2025-08-11T11:41:40.483+0000] {processor.py:183} INFO - Processing /home/airflow/.local/lib/python3.12/site-packages/airflow/example_dags/example_branch_labels.py took 0.054 seconds
[2025-08-11T11:42:11.496+0000] {processor.py:161} INFO - Started process (PID=851) to work on /home/airflow/.local/lib/python3.12/site-packages/airflow/example_dags/example_branch_labels.py
[2025-08-11T11:42:11.497+0000] {processor.py:830} INFO - Processing file /home/airflow/.local/lib/python3.12/site-packages/airflow/example_dags/example_branch_labels.py for tasks to queue
[2025-08-11T11:42:11.499+0000] {logging_mixin.py:188} INFO - [2025-08-11T11:42:11.498+0000] {dagbag.py:545} INFO - Filling up the DagBag from /home/airflow/.local/lib/python3.12/site-packages/airflow/example_dags/example_branch_labels.py
[2025-08-11T11:42:11.504+0000] {processor.py:840} INFO - DAG(s) 'example_branch_labels' retrieved from /home/airflow/.local/lib/python3.12/site-packages/airflow/example_dags/example_branch_labels.py
[2025-08-11T11:42:11.520+0000] {logging_mixin.py:188} INFO - [2025-08-11T11:42:11.520+0000] {dag.py:3096} INFO - Sync 1 DAGs
[2025-08-11T11:42:11.535+0000] {logging_mixin.py:188} INFO - [2025-08-11T11:42:11.534+0000] {dag.py:3954} INFO - Setting next_dagrun for example_branch_labels to 2025-08-10 00:00:00+00:00, run_after=2025-08-11 00:00:00+00:00
[2025-08-11T11:42:11.545+0000] {processor.py:183} INFO - Processing /home/airflow/.local/lib/python3.12/site-packages/airflow/example_dags/example_branch_labels.py took 0.054 seconds
[2025-08-11T11:42:42.283+0000] {processor.py:161} INFO - Started process (PID=909) to work on /home/airflow/.local/lib/python3.12/site-packages/airflow/example_dags/example_branch_labels.py
[2025-08-11T11:42:42.284+0000] {processor.py:830} INFO - Processing file /home/airflow/.local/lib/python3.12/site-packages/airflow/example_dags/example_branch_labels.py for tasks to queue
[2025-08-11T11:42:42.286+0000] {logging_mixin.py:188} INFO - [2025-08-11T11:42:42.285+0000] {dagbag.py:545} INFO - Filling up the DagBag from /home/airflow/.local/lib/python3.12/site-packages/airflow/example_dags/example_branch_labels.py
[2025-08-11T11:42:42.303+0000] {processor.py:840} INFO - DAG(s) 'example_branch_labels' retrieved from /home/airflow/.local/lib/python3.12/site-packages/airflow/example_dags/example_branch_labels.py
[2025-08-11T11:42:42.336+0000] {logging_mixin.py:188} INFO - [2025-08-11T11:42:42.336+0000] {dag.py:3096} INFO - Sync 1 DAGs
[2025-08-11T11:42:42.364+0000] {logging_mixin.py:188} INFO - [2025-08-11T11:42:42.363+0000] {dag.py:3954} INFO - Setting next_dagrun for example_branch_labels to 2025-08-10 00:00:00+00:00, run_after=2025-08-11 00:00:00+00:00
[2025-08-11T11:42:42.381+0000] {processor.py:183} INFO - Processing /home/airflow/.local/lib/python3.12/site-packages/airflow/example_dags/example_branch_labels.py took 0.105 seconds
[2025-08-11T11:43:12.577+0000] {processor.py:161} INFO - Started process (PID=966) to work on /home/airflow/.local/lib/python3.12/site-packages/airflow/example_dags/example_branch_labels.py
[2025-08-11T11:43:12.578+0000] {processor.py:830} INFO - Processing file /home/airflow/.local/lib/python3.12/site-packages/airflow/example_dags/example_branch_labels.py for tasks to queue
[2025-08-11T11:43:12.579+0000] {logging_mixin.py:188} INFO - [2025-08-11T11:43:12.579+0000] {dagbag.py:545} INFO - Filling up the DagBag from /home/airflow/.local/lib/python3.12/site-packages/airflow/example_dags/example_branch_labels.py
[2025-08-11T11:43:12.584+0000] {processor.py:840} INFO - DAG(s) 'example_branch_labels' retrieved from /home/airflow/.local/lib/python3.12/site-packages/airflow/example_dags/example_branch_labels.py
[2025-08-11T11:43:12.597+0000] {logging_mixin.py:188} INFO - [2025-08-11T11:43:12.597+0000] {dag.py:3096} INFO - Sync 1 DAGs
[2025-08-11T11:43:12.610+0000] {logging_mixin.py:188} INFO - [2025-08-11T11:43:12.610+0000] {dag.py:3954} INFO - Setting next_dagrun for example_branch_labels to 2025-08-10 00:00:00+00:00, run_after=2025-08-11 00:00:00+00:00
[2025-08-11T11:43:12.620+0000] {processor.py:183} INFO - Processing /home/airflow/.local/lib/python3.12/site-packages/airflow/example_dags/example_branch_labels.py took 0.047 seconds
[2025-08-11T11:43:42.694+0000] {processor.py:161} INFO - Started process (PID=1024) to work on /home/airflow/.local/lib/python3.12/site-packages/airflow/example_dags/example_branch_labels.py
[2025-08-11T11:43:42.695+0000] {processor.py:830} INFO - Processing file /home/airflow/.local/lib/python3.12/site-packages/airflow/example_dags/example_branch_labels.py for tasks to queue
[2025-08-11T11:43:42.696+0000] {logging_mixin.py:188} INFO - [2025-08-11T11:43:42.696+0000] {dagbag.py:545} INFO - Filling up the DagBag from /home/airflow/.local/lib/python3.12/site-packages/airflow/example_dags/example_branch_labels.py
[2025-08-11T11:43:42.702+0000] {processor.py:840} INFO - DAG(s) 'example_branch_labels' retrieved from /home/airflow/.local/lib/python3.12/site-packages/airflow/example_dags/example_branch_labels.py
[2025-08-11T11:43:42.716+0000] {logging_mixin.py:188} INFO - [2025-08-11T11:43:42.716+0000] {dag.py:3096} INFO - Sync 1 DAGs
[2025-08-11T11:43:42.734+0000] {logging_mixin.py:188} INFO - [2025-08-11T11:43:42.734+0000] {dag.py:3954} INFO - Setting next_dagrun for example_branch_labels to 2025-08-10 00:00:00+00:00, run_after=2025-08-11 00:00:00+00:00
[2025-08-11T11:43:42.746+0000] {processor.py:183} INFO - Processing /home/airflow/.local/lib/python3.12/site-packages/airflow/example_dags/example_branch_labels.py took 0.056 seconds
[2025-08-11T11:44:13.650+0000] {processor.py:161} INFO - Started process (PID=1082) to work on /home/airflow/.local/lib/python3.12/site-packages/airflow/example_dags/example_branch_labels.py
[2025-08-11T11:44:13.651+0000] {processor.py:830} INFO - Processing file /home/airflow/.local/lib/python3.12/site-packages/airflow/example_dags/example_branch_labels.py for tasks to queue
[2025-08-11T11:44:13.653+0000] {logging_mixin.py:188} INFO - [2025-08-11T11:44:13.652+0000] {dagbag.py:545} INFO - Filling up the DagBag from /home/airflow/.local/lib/python3.12/site-packages/airflow/example_dags/example_branch_labels.py
[2025-08-11T11:44:13.657+0000] {processor.py:840} INFO - DAG(s) 'example_branch_labels' retrieved from /home/airflow/.local/lib/python3.12/site-packages/airflow/example_dags/example_branch_labels.py
[2025-08-11T11:44:13.674+0000] {logging_mixin.py:188} INFO - [2025-08-11T11:44:13.674+0000] {dag.py:3096} INFO - Sync 1 DAGs
[2025-08-11T11:44:13.692+0000] {logging_mixin.py:188} INFO - [2025-08-11T11:44:13.692+0000] {dag.py:3954} INFO - Setting next_dagrun for example_branch_labels to 2025-08-10 00:00:00+00:00, run_after=2025-08-11 00:00:00+00:00
[2025-08-11T11:44:13.705+0000] {processor.py:183} INFO - Processing /home/airflow/.local/lib/python3.12/site-packages/airflow/example_dags/example_branch_labels.py took 0.061 seconds
[2025-08-11T11:44:44.176+0000] {processor.py:161} INFO - Started process (PID=1140) to work on /home/airflow/.local/lib/python3.12/site-packages/airflow/example_dags/example_branch_labels.py
[2025-08-11T11:44:44.177+0000] {processor.py:830} INFO - Processing file /home/airflow/.local/lib/python3.12/site-packages/airflow/example_dags/example_branch_labels.py for tasks to queue
[2025-08-11T11:44:44.178+0000] {logging_mixin.py:188} INFO - [2025-08-11T11:44:44.178+0000] {dagbag.py:545} INFO - Filling up the DagBag from /home/airflow/.local/lib/python3.12/site-packages/airflow/example_dags/example_branch_labels.py
[2025-08-11T11:44:44.186+0000] {processor.py:840} INFO - DAG(s) 'example_branch_labels' retrieved from /home/airflow/.local/lib/python3.12/site-packages/airflow/example_dags/example_branch_labels.py
[2025-08-11T11:44:44.202+0000] {logging_mixin.py:188} INFO - [2025-08-11T11:44:44.202+0000] {dag.py:3096} INFO - Sync 1 DAGs
[2025-08-11T11:44:44.218+0000] {logging_mixin.py:188} INFO - [2025-08-11T11:44:44.218+0000] {dag.py:3954} INFO - Setting next_dagrun for example_branch_labels to 2025-08-10 00:00:00+00:00, run_after=2025-08-11 00:00:00+00:00
[2025-08-11T11:44:44.233+0000] {processor.py:183} INFO - Processing /home/airflow/.local/lib/python3.12/site-packages/airflow/example_dags/example_branch_labels.py took 0.061 seconds
[2025-08-11T11:45:14.601+0000] {processor.py:161} INFO - Started process (PID=1198) to work on /home/airflow/.local/lib/python3.12/site-packages/airflow/example_dags/example_branch_labels.py
[2025-08-11T11:45:14.603+0000] {processor.py:830} INFO - Processing file /home/airflow/.local/lib/python3.12/site-packages/airflow/example_dags/example_branch_labels.py for tasks to queue
[2025-08-11T11:45:14.606+0000] {logging_mixin.py:188} INFO - [2025-08-11T11:45:14.605+0000] {dagbag.py:545} INFO - Filling up the DagBag from /home/airflow/.local/lib/python3.12/site-packages/airflow/example_dags/example_branch_labels.py
[2025-08-11T11:45:14.613+0000] {processor.py:840} INFO - DAG(s) 'example_branch_labels' retrieved from /home/airflow/.local/lib/python3.12/site-packages/airflow/example_dags/example_branch_labels.py
[2025-08-11T11:45:14.627+0000] {logging_mixin.py:188} INFO - [2025-08-11T11:45:14.627+0000] {dag.py:3096} INFO - Sync 1 DAGs
[2025-08-11T11:45:14.644+0000] {logging_mixin.py:188} INFO - [2025-08-11T11:45:14.644+0000] {dag.py:3954} INFO - Setting next_dagrun for example_branch_labels to 2025-08-10 00:00:00+00:00, run_after=2025-08-11 00:00:00+00:00
[2025-08-11T11:45:14.658+0000] {processor.py:183} INFO - Processing /home/airflow/.local/lib/python3.12/site-packages/airflow/example_dags/example_branch_labels.py took 0.064 seconds
[2025-08-11T11:45:44.988+0000] {processor.py:161} INFO - Started process (PID=1256) to work on /home/airflow/.local/lib/python3.12/site-packages/airflow/example_dags/example_branch_labels.py
[2025-08-11T11:45:44.989+0000] {processor.py:830} INFO - Processing file /home/airflow/.local/lib/python3.12/site-packages/airflow/example_dags/example_branch_labels.py for tasks to queue
[2025-08-11T11:45:44.991+0000] {logging_mixin.py:188} INFO - [2025-08-11T11:45:44.991+0000] {dagbag.py:545} INFO - Filling up the DagBag from /home/airflow/.local/lib/python3.12/site-packages/airflow/example_dags/example_branch_labels.py
[2025-08-11T11:45:44.997+0000] {processor.py:840} INFO - DAG(s) 'example_branch_labels' retrieved from /home/airflow/.local/lib/python3.12/site-packages/airflow/example_dags/example_branch_labels.py
[2025-08-11T11:45:45.020+0000] {logging_mixin.py:188} INFO - [2025-08-11T11:45:45.020+0000] {dag.py:3096} INFO - Sync 1 DAGs
[2025-08-11T11:45:45.035+0000] {logging_mixin.py:188} INFO - [2025-08-11T11:45:45.035+0000] {dag.py:3954} INFO - Setting next_dagrun for example_branch_labels to 2025-08-10 00:00:00+00:00, run_after=2025-08-11 00:00:00+00:00
[2025-08-11T11:45:45.049+0000] {processor.py:183} INFO - Processing /home/airflow/.local/lib/python3.12/site-packages/airflow/example_dags/example_branch_labels.py took 0.065 seconds
[2025-08-11T11:46:15.206+0000] {processor.py:161} INFO - Started process (PID=1315) to work on /home/airflow/.local/lib/python3.12/site-packages/airflow/example_dags/example_branch_labels.py
[2025-08-11T11:46:15.206+0000] {processor.py:830} INFO - Processing file /home/airflow/.local/lib/python3.12/site-packages/airflow/example_dags/example_branch_labels.py for tasks to queue
[2025-08-11T11:46:15.208+0000] {logging_mixin.py:188} INFO - [2025-08-11T11:46:15.208+0000] {dagbag.py:545} INFO - Filling up the DagBag from /home/airflow/.local/lib/python3.12/site-packages/airflow/example_dags/example_branch_labels.py
[2025-08-11T11:46:15.213+0000] {processor.py:840} INFO - DAG(s) 'example_branch_labels' retrieved from /home/airflow/.local/lib/python3.12/site-packages/airflow/example_dags/example_branch_labels.py
[2025-08-11T11:46:15.226+0000] {logging_mixin.py:188} INFO - [2025-08-11T11:46:15.226+0000] {dag.py:3096} INFO - Sync 1 DAGs
[2025-08-11T11:46:15.239+0000] {logging_mixin.py:188} INFO - [2025-08-11T11:46:15.239+0000] {dag.py:3954} INFO - Setting next_dagrun for example_branch_labels to 2025-08-10 00:00:00+00:00, run_after=2025-08-11 00:00:00+00:00
[2025-08-11T11:46:15.250+0000] {processor.py:183} INFO - Processing /home/airflow/.local/lib/python3.12/site-packages/airflow/example_dags/example_branch_labels.py took 0.049 seconds
