[2025-08-11T11:35:29.847+0000] {processor.py:161} INFO - Started process (PID=69) to work on /home/airflow/.local/lib/python3.12/site-packages/airflow/example_dags/example_latest_only_with_trigger.py
[2025-08-11T11:35:29.848+0000] {processor.py:830} INFO - Processing file /home/airflow/.local/lib/python3.12/site-packages/airflow/example_dags/example_latest_only_with_trigger.py for tasks to queue
[2025-08-11T11:35:29.850+0000] {logging_mixin.py:188} INFO - [2025-08-11T11:35:29.850+0000] {dagbag.py:545} INFO - Filling up the DagBag from /home/airflow/.local/lib/python3.12/site-packages/airflow/example_dags/example_latest_only_with_trigger.py
[2025-08-11T11:35:29.859+0000] {processor.py:840} INFO - DAG(s) 'latest_only_with_trigger' retrieved from /home/airflow/.local/lib/python3.12/site-packages/airflow/example_dags/example_latest_only_with_trigger.py
[2025-08-11T11:35:30.027+0000] {logging_mixin.py:188} INFO - [2025-08-11T11:35:30.026+0000] {override.py:1829} INFO - Created Permission View: can read on DAG:latest_only_with_trigger
[2025-08-11T11:35:30.040+0000] {logging_mixin.py:188} INFO - [2025-08-11T11:35:30.040+0000] {override.py:1829} INFO - Created Permission View: can delete on DAG:latest_only_with_trigger
[2025-08-11T11:35:30.049+0000] {logging_mixin.py:188} INFO - [2025-08-11T11:35:30.048+0000] {override.py:1829} INFO - Created Permission View: can edit on DAG:latest_only_with_trigger
[2025-08-11T11:35:30.049+0000] {logging_mixin.py:188} INFO - [2025-08-11T11:35:30.049+0000] {dag.py:3096} INFO - Sync 1 DAGs
[2025-08-11T11:35:30.063+0000] {logging_mixin.py:188} INFO - [2025-08-11T11:35:30.062+0000] {dag.py:3118} INFO - Creating ORM DAG for latest_only_with_trigger
[2025-08-11T11:35:30.077+0000] {logging_mixin.py:188} INFO - [2025-08-11T11:35:30.077+0000] {dag.py:3954} INFO - Setting next_dagrun for latest_only_with_trigger to 2025-08-11 04:00:00+00:00, run_after=2025-08-11 08:00:00+00:00
[2025-08-11T11:35:30.121+0000] {processor.py:183} INFO - Processing /home/airflow/.local/lib/python3.12/site-packages/airflow/example_dags/example_latest_only_with_trigger.py took 0.282 seconds
[2025-08-11T11:36:00.655+0000] {processor.py:161} INFO - Started process (PID=127) to work on /home/airflow/.local/lib/python3.12/site-packages/airflow/example_dags/example_latest_only_with_trigger.py
[2025-08-11T11:36:00.657+0000] {processor.py:830} INFO - Processing file /home/airflow/.local/lib/python3.12/site-packages/airflow/example_dags/example_latest_only_with_trigger.py for tasks to queue
[2025-08-11T11:36:00.658+0000] {logging_mixin.py:188} INFO - [2025-08-11T11:36:00.658+0000] {dagbag.py:545} INFO - Filling up the DagBag from /home/airflow/.local/lib/python3.12/site-packages/airflow/example_dags/example_latest_only_with_trigger.py
[2025-08-11T11:36:00.662+0000] {processor.py:840} INFO - DAG(s) 'latest_only_with_trigger' retrieved from /home/airflow/.local/lib/python3.12/site-packages/airflow/example_dags/example_latest_only_with_trigger.py
[2025-08-11T11:36:00.677+0000] {logging_mixin.py:188} INFO - [2025-08-11T11:36:00.677+0000] {dag.py:3096} INFO - Sync 1 DAGs
[2025-08-11T11:36:00.695+0000] {logging_mixin.py:188} INFO - [2025-08-11T11:36:00.695+0000] {dag.py:3954} INFO - Setting next_dagrun for latest_only_with_trigger to 2025-08-11 04:00:00+00:00, run_after=2025-08-11 08:00:00+00:00
[2025-08-11T11:36:00.706+0000] {processor.py:183} INFO - Processing /home/airflow/.local/lib/python3.12/site-packages/airflow/example_dags/example_latest_only_with_trigger.py took 0.056 seconds
[2025-08-11T11:36:30.848+0000] {processor.py:161} INFO - Started process (PID=185) to work on /home/airflow/.local/lib/python3.12/site-packages/airflow/example_dags/example_latest_only_with_trigger.py
[2025-08-11T11:36:30.849+0000] {processor.py:830} INFO - Processing file /home/airflow/.local/lib/python3.12/site-packages/airflow/example_dags/example_latest_only_with_trigger.py for tasks to queue
[2025-08-11T11:36:30.851+0000] {logging_mixin.py:188} INFO - [2025-08-11T11:36:30.850+0000] {dagbag.py:545} INFO - Filling up the DagBag from /home/airflow/.local/lib/python3.12/site-packages/airflow/example_dags/example_latest_only_with_trigger.py
[2025-08-11T11:36:30.854+0000] {processor.py:840} INFO - DAG(s) 'latest_only_with_trigger' retrieved from /home/airflow/.local/lib/python3.12/site-packages/airflow/example_dags/example_latest_only_with_trigger.py
[2025-08-11T11:36:30.869+0000] {logging_mixin.py:188} INFO - [2025-08-11T11:36:30.869+0000] {dag.py:3096} INFO - Sync 1 DAGs
[2025-08-11T11:36:30.883+0000] {logging_mixin.py:188} INFO - [2025-08-11T11:36:30.883+0000] {dag.py:3954} INFO - Setting next_dagrun for latest_only_with_trigger to 2025-08-11 04:00:00+00:00, run_after=2025-08-11 08:00:00+00:00
[2025-08-11T11:36:30.893+0000] {processor.py:183} INFO - Processing /home/airflow/.local/lib/python3.12/site-packages/airflow/example_dags/example_latest_only_with_trigger.py took 0.049 seconds
[2025-08-11T11:37:01.114+0000] {processor.py:161} INFO - Started process (PID=243) to work on /home/airflow/.local/lib/python3.12/site-packages/airflow/example_dags/example_latest_only_with_trigger.py
[2025-08-11T11:37:01.116+0000] {processor.py:830} INFO - Processing file /home/airflow/.local/lib/python3.12/site-packages/airflow/example_dags/example_latest_only_with_trigger.py for tasks to queue
[2025-08-11T11:37:01.118+0000] {logging_mixin.py:188} INFO - [2025-08-11T11:37:01.118+0000] {dagbag.py:545} INFO - Filling up the DagBag from /home/airflow/.local/lib/python3.12/site-packages/airflow/example_dags/example_latest_only_with_trigger.py
[2025-08-11T11:37:01.123+0000] {processor.py:840} INFO - DAG(s) 'latest_only_with_trigger' retrieved from /home/airflow/.local/lib/python3.12/site-packages/airflow/example_dags/example_latest_only_with_trigger.py
[2025-08-11T11:37:01.138+0000] {logging_mixin.py:188} INFO - [2025-08-11T11:37:01.138+0000] {dag.py:3096} INFO - Sync 1 DAGs
[2025-08-11T11:37:01.152+0000] {logging_mixin.py:188} INFO - [2025-08-11T11:37:01.152+0000] {dag.py:3954} INFO - Setting next_dagrun for latest_only_with_trigger to 2025-08-11 04:00:00+00:00, run_after=2025-08-11 08:00:00+00:00
[2025-08-11T11:37:01.164+0000] {processor.py:183} INFO - Processing /home/airflow/.local/lib/python3.12/site-packages/airflow/example_dags/example_latest_only_with_trigger.py took 0.057 seconds
[2025-08-11T11:37:31.501+0000] {processor.py:161} INFO - Started process (PID=301) to work on /home/airflow/.local/lib/python3.12/site-packages/airflow/example_dags/example_latest_only_with_trigger.py
[2025-08-11T11:37:31.502+0000] {processor.py:830} INFO - Processing file /home/airflow/.local/lib/python3.12/site-packages/airflow/example_dags/example_latest_only_with_trigger.py for tasks to queue
[2025-08-11T11:37:31.504+0000] {logging_mixin.py:188} INFO - [2025-08-11T11:37:31.504+0000] {dagbag.py:545} INFO - Filling up the DagBag from /home/airflow/.local/lib/python3.12/site-packages/airflow/example_dags/example_latest_only_with_trigger.py
[2025-08-11T11:37:31.508+0000] {processor.py:840} INFO - DAG(s) 'latest_only_with_trigger' retrieved from /home/airflow/.local/lib/python3.12/site-packages/airflow/example_dags/example_latest_only_with_trigger.py
[2025-08-11T11:37:31.529+0000] {logging_mixin.py:188} INFO - [2025-08-11T11:37:31.529+0000] {dag.py:3096} INFO - Sync 1 DAGs
[2025-08-11T11:37:31.546+0000] {logging_mixin.py:188} INFO - [2025-08-11T11:37:31.546+0000] {dag.py:3954} INFO - Setting next_dagrun for latest_only_with_trigger to 2025-08-11 04:00:00+00:00, run_after=2025-08-11 08:00:00+00:00
[2025-08-11T11:37:31.558+0000] {processor.py:183} INFO - Processing /home/airflow/.local/lib/python3.12/site-packages/airflow/example_dags/example_latest_only_with_trigger.py took 0.063 seconds
[2025-08-11T11:38:02.044+0000] {processor.py:161} INFO - Started process (PID=358) to work on /home/airflow/.local/lib/python3.12/site-packages/airflow/example_dags/example_latest_only_with_trigger.py
[2025-08-11T11:38:02.045+0000] {processor.py:830} INFO - Processing file /home/airflow/.local/lib/python3.12/site-packages/airflow/example_dags/example_latest_only_with_trigger.py for tasks to queue
[2025-08-11T11:38:02.047+0000] {logging_mixin.py:188} INFO - [2025-08-11T11:38:02.046+0000] {dagbag.py:545} INFO - Filling up the DagBag from /home/airflow/.local/lib/python3.12/site-packages/airflow/example_dags/example_latest_only_with_trigger.py
[2025-08-11T11:38:02.050+0000] {processor.py:840} INFO - DAG(s) 'latest_only_with_trigger' retrieved from /home/airflow/.local/lib/python3.12/site-packages/airflow/example_dags/example_latest_only_with_trigger.py
[2025-08-11T11:38:02.064+0000] {logging_mixin.py:188} INFO - [2025-08-11T11:38:02.064+0000] {dag.py:3096} INFO - Sync 1 DAGs
[2025-08-11T11:38:02.080+0000] {logging_mixin.py:188} INFO - [2025-08-11T11:38:02.080+0000] {dag.py:3954} INFO - Setting next_dagrun for latest_only_with_trigger to 2025-08-11 04:00:00+00:00, run_after=2025-08-11 08:00:00+00:00
[2025-08-11T11:38:02.091+0000] {processor.py:183} INFO - Processing /home/airflow/.local/lib/python3.12/site-packages/airflow/example_dags/example_latest_only_with_trigger.py took 0.051 seconds
[2025-08-11T11:38:32.370+0000] {processor.py:161} INFO - Started process (PID=416) to work on /home/airflow/.local/lib/python3.12/site-packages/airflow/example_dags/example_latest_only_with_trigger.py
[2025-08-11T11:38:32.372+0000] {processor.py:830} INFO - Processing file /home/airflow/.local/lib/python3.12/site-packages/airflow/example_dags/example_latest_only_with_trigger.py for tasks to queue
[2025-08-11T11:38:32.374+0000] {logging_mixin.py:188} INFO - [2025-08-11T11:38:32.374+0000] {dagbag.py:545} INFO - Filling up the DagBag from /home/airflow/.local/lib/python3.12/site-packages/airflow/example_dags/example_latest_only_with_trigger.py
[2025-08-11T11:38:32.378+0000] {processor.py:840} INFO - DAG(s) 'latest_only_with_trigger' retrieved from /home/airflow/.local/lib/python3.12/site-packages/airflow/example_dags/example_latest_only_with_trigger.py
[2025-08-11T11:38:32.392+0000] {logging_mixin.py:188} INFO - [2025-08-11T11:38:32.391+0000] {dag.py:3096} INFO - Sync 1 DAGs
[2025-08-11T11:38:32.406+0000] {logging_mixin.py:188} INFO - [2025-08-11T11:38:32.405+0000] {dag.py:3954} INFO - Setting next_dagrun for latest_only_with_trigger to 2025-08-11 04:00:00+00:00, run_after=2025-08-11 08:00:00+00:00
[2025-08-11T11:38:32.417+0000] {processor.py:183} INFO - Processing /home/airflow/.local/lib/python3.12/site-packages/airflow/example_dags/example_latest_only_with_trigger.py took 0.050 seconds
[2025-08-11T11:39:02.853+0000] {processor.py:161} INFO - Started process (PID=474) to work on /home/airflow/.local/lib/python3.12/site-packages/airflow/example_dags/example_latest_only_with_trigger.py
[2025-08-11T11:39:02.855+0000] {processor.py:830} INFO - Processing file /home/airflow/.local/lib/python3.12/site-packages/airflow/example_dags/example_latest_only_with_trigger.py for tasks to queue
[2025-08-11T11:39:02.856+0000] {logging_mixin.py:188} INFO - [2025-08-11T11:39:02.856+0000] {dagbag.py:545} INFO - Filling up the DagBag from /home/airflow/.local/lib/python3.12/site-packages/airflow/example_dags/example_latest_only_with_trigger.py
[2025-08-11T11:39:02.864+0000] {processor.py:840} INFO - DAG(s) 'latest_only_with_trigger' retrieved from /home/airflow/.local/lib/python3.12/site-packages/airflow/example_dags/example_latest_only_with_trigger.py
[2025-08-11T11:39:02.879+0000] {logging_mixin.py:188} INFO - [2025-08-11T11:39:02.879+0000] {dag.py:3096} INFO - Sync 1 DAGs
[2025-08-11T11:39:02.897+0000] {logging_mixin.py:188} INFO - [2025-08-11T11:39:02.897+0000] {dag.py:3954} INFO - Setting next_dagrun for latest_only_with_trigger to 2025-08-11 04:00:00+00:00, run_after=2025-08-11 08:00:00+00:00
[2025-08-11T11:39:02.911+0000] {processor.py:183} INFO - Processing /home/airflow/.local/lib/python3.12/site-packages/airflow/example_dags/example_latest_only_with_trigger.py took 0.065 seconds
[2025-08-11T11:39:33.213+0000] {processor.py:161} INFO - Started process (PID=532) to work on /home/airflow/.local/lib/python3.12/site-packages/airflow/example_dags/example_latest_only_with_trigger.py
[2025-08-11T11:39:33.214+0000] {processor.py:830} INFO - Processing file /home/airflow/.local/lib/python3.12/site-packages/airflow/example_dags/example_latest_only_with_trigger.py for tasks to queue
[2025-08-11T11:39:33.216+0000] {logging_mixin.py:188} INFO - [2025-08-11T11:39:33.215+0000] {dagbag.py:545} INFO - Filling up the DagBag from /home/airflow/.local/lib/python3.12/site-packages/airflow/example_dags/example_latest_only_with_trigger.py
[2025-08-11T11:39:33.219+0000] {processor.py:840} INFO - DAG(s) 'latest_only_with_trigger' retrieved from /home/airflow/.local/lib/python3.12/site-packages/airflow/example_dags/example_latest_only_with_trigger.py
[2025-08-11T11:39:33.237+0000] {logging_mixin.py:188} INFO - [2025-08-11T11:39:33.237+0000] {dag.py:3096} INFO - Sync 1 DAGs
[2025-08-11T11:39:33.251+0000] {logging_mixin.py:188} INFO - [2025-08-11T11:39:33.251+0000] {dag.py:3954} INFO - Setting next_dagrun for latest_only_with_trigger to 2025-08-11 04:00:00+00:00, run_after=2025-08-11 08:00:00+00:00
[2025-08-11T11:39:33.262+0000] {processor.py:183} INFO - Processing /home/airflow/.local/lib/python3.12/site-packages/airflow/example_dags/example_latest_only_with_trigger.py took 0.054 seconds
[2025-08-11T11:40:03.540+0000] {processor.py:161} INFO - Started process (PID=590) to work on /home/airflow/.local/lib/python3.12/site-packages/airflow/example_dags/example_latest_only_with_trigger.py
[2025-08-11T11:40:03.542+0000] {processor.py:830} INFO - Processing file /home/airflow/.local/lib/python3.12/site-packages/airflow/example_dags/example_latest_only_with_trigger.py for tasks to queue
[2025-08-11T11:40:03.543+0000] {logging_mixin.py:188} INFO - [2025-08-11T11:40:03.543+0000] {dagbag.py:545} INFO - Filling up the DagBag from /home/airflow/.local/lib/python3.12/site-packages/airflow/example_dags/example_latest_only_with_trigger.py
[2025-08-11T11:40:03.547+0000] {processor.py:840} INFO - DAG(s) 'latest_only_with_trigger' retrieved from /home/airflow/.local/lib/python3.12/site-packages/airflow/example_dags/example_latest_only_with_trigger.py
[2025-08-11T11:40:03.563+0000] {logging_mixin.py:188} INFO - [2025-08-11T11:40:03.563+0000] {dag.py:3096} INFO - Sync 1 DAGs
[2025-08-11T11:40:03.578+0000] {logging_mixin.py:188} INFO - [2025-08-11T11:40:03.578+0000] {dag.py:3954} INFO - Setting next_dagrun for latest_only_with_trigger to 2025-08-11 04:00:00+00:00, run_after=2025-08-11 08:00:00+00:00
[2025-08-11T11:40:03.589+0000] {processor.py:183} INFO - Processing /home/airflow/.local/lib/python3.12/site-packages/airflow/example_dags/example_latest_only_with_trigger.py took 0.053 seconds
[2025-08-11T11:40:34.081+0000] {processor.py:161} INFO - Started process (PID=648) to work on /home/airflow/.local/lib/python3.12/site-packages/airflow/example_dags/example_latest_only_with_trigger.py
[2025-08-11T11:40:34.082+0000] {processor.py:830} INFO - Processing file /home/airflow/.local/lib/python3.12/site-packages/airflow/example_dags/example_latest_only_with_trigger.py for tasks to queue
[2025-08-11T11:40:34.084+0000] {logging_mixin.py:188} INFO - [2025-08-11T11:40:34.084+0000] {dagbag.py:545} INFO - Filling up the DagBag from /home/airflow/.local/lib/python3.12/site-packages/airflow/example_dags/example_latest_only_with_trigger.py
[2025-08-11T11:40:34.091+0000] {processor.py:840} INFO - DAG(s) 'latest_only_with_trigger' retrieved from /home/airflow/.local/lib/python3.12/site-packages/airflow/example_dags/example_latest_only_with_trigger.py
[2025-08-11T11:40:34.121+0000] {logging_mixin.py:188} INFO - [2025-08-11T11:40:34.120+0000] {dag.py:3096} INFO - Sync 1 DAGs
[2025-08-11T11:40:34.144+0000] {logging_mixin.py:188} INFO - [2025-08-11T11:40:34.144+0000] {dag.py:3954} INFO - Setting next_dagrun for latest_only_with_trigger to 2025-08-11 04:00:00+00:00, run_after=2025-08-11 08:00:00+00:00
[2025-08-11T11:40:34.161+0000] {processor.py:183} INFO - Processing /home/airflow/.local/lib/python3.12/site-packages/airflow/example_dags/example_latest_only_with_trigger.py took 0.089 seconds
[2025-08-11T11:41:04.504+0000] {processor.py:161} INFO - Started process (PID=706) to work on /home/airflow/.local/lib/python3.12/site-packages/airflow/example_dags/example_latest_only_with_trigger.py
[2025-08-11T11:41:04.505+0000] {processor.py:830} INFO - Processing file /home/airflow/.local/lib/python3.12/site-packages/airflow/example_dags/example_latest_only_with_trigger.py for tasks to queue
[2025-08-11T11:41:04.506+0000] {logging_mixin.py:188} INFO - [2025-08-11T11:41:04.506+0000] {dagbag.py:545} INFO - Filling up the DagBag from /home/airflow/.local/lib/python3.12/site-packages/airflow/example_dags/example_latest_only_with_trigger.py
[2025-08-11T11:41:04.510+0000] {processor.py:840} INFO - DAG(s) 'latest_only_with_trigger' retrieved from /home/airflow/.local/lib/python3.12/site-packages/airflow/example_dags/example_latest_only_with_trigger.py
[2025-08-11T11:41:04.524+0000] {logging_mixin.py:188} INFO - [2025-08-11T11:41:04.524+0000] {dag.py:3096} INFO - Sync 1 DAGs
[2025-08-11T11:41:04.540+0000] {logging_mixin.py:188} INFO - [2025-08-11T11:41:04.540+0000] {dag.py:3954} INFO - Setting next_dagrun for latest_only_with_trigger to 2025-08-11 04:00:00+00:00, run_after=2025-08-11 08:00:00+00:00
[2025-08-11T11:41:04.558+0000] {processor.py:183} INFO - Processing /home/airflow/.local/lib/python3.12/site-packages/airflow/example_dags/example_latest_only_with_trigger.py took 0.058 seconds
[2025-08-11T11:41:34.913+0000] {processor.py:161} INFO - Started process (PID=764) to work on /home/airflow/.local/lib/python3.12/site-packages/airflow/example_dags/example_latest_only_with_trigger.py
[2025-08-11T11:41:34.914+0000] {processor.py:830} INFO - Processing file /home/airflow/.local/lib/python3.12/site-packages/airflow/example_dags/example_latest_only_with_trigger.py for tasks to queue
[2025-08-11T11:41:34.915+0000] {logging_mixin.py:188} INFO - [2025-08-11T11:41:34.915+0000] {dagbag.py:545} INFO - Filling up the DagBag from /home/airflow/.local/lib/python3.12/site-packages/airflow/example_dags/example_latest_only_with_trigger.py
[2025-08-11T11:41:34.921+0000] {processor.py:840} INFO - DAG(s) 'latest_only_with_trigger' retrieved from /home/airflow/.local/lib/python3.12/site-packages/airflow/example_dags/example_latest_only_with_trigger.py
[2025-08-11T11:41:34.936+0000] {logging_mixin.py:188} INFO - [2025-08-11T11:41:34.936+0000] {dag.py:3096} INFO - Sync 1 DAGs
[2025-08-11T11:41:34.950+0000] {logging_mixin.py:188} INFO - [2025-08-11T11:41:34.950+0000] {dag.py:3954} INFO - Setting next_dagrun for latest_only_with_trigger to 2025-08-11 04:00:00+00:00, run_after=2025-08-11 08:00:00+00:00
[2025-08-11T11:41:34.970+0000] {processor.py:183} INFO - Processing /home/airflow/.local/lib/python3.12/site-packages/airflow/example_dags/example_latest_only_with_trigger.py took 0.061 seconds
[2025-08-11T11:42:05.049+0000] {processor.py:161} INFO - Started process (PID=822) to work on /home/airflow/.local/lib/python3.12/site-packages/airflow/example_dags/example_latest_only_with_trigger.py
[2025-08-11T11:42:05.051+0000] {processor.py:830} INFO - Processing file /home/airflow/.local/lib/python3.12/site-packages/airflow/example_dags/example_latest_only_with_trigger.py for tasks to queue
[2025-08-11T11:42:05.053+0000] {logging_mixin.py:188} INFO - [2025-08-11T11:42:05.053+0000] {dagbag.py:545} INFO - Filling up the DagBag from /home/airflow/.local/lib/python3.12/site-packages/airflow/example_dags/example_latest_only_with_trigger.py
[2025-08-11T11:42:05.057+0000] {processor.py:840} INFO - DAG(s) 'latest_only_with_trigger' retrieved from /home/airflow/.local/lib/python3.12/site-packages/airflow/example_dags/example_latest_only_with_trigger.py
[2025-08-11T11:42:05.072+0000] {logging_mixin.py:188} INFO - [2025-08-11T11:42:05.072+0000] {dag.py:3096} INFO - Sync 1 DAGs
[2025-08-11T11:42:05.086+0000] {logging_mixin.py:188} INFO - [2025-08-11T11:42:05.086+0000] {dag.py:3954} INFO - Setting next_dagrun for latest_only_with_trigger to 2025-08-11 04:00:00+00:00, run_after=2025-08-11 08:00:00+00:00
[2025-08-11T11:42:05.096+0000] {processor.py:183} INFO - Processing /home/airflow/.local/lib/python3.12/site-packages/airflow/example_dags/example_latest_only_with_trigger.py took 0.051 seconds
[2025-08-11T11:42:35.530+0000] {processor.py:161} INFO - Started process (PID=880) to work on /home/airflow/.local/lib/python3.12/site-packages/airflow/example_dags/example_latest_only_with_trigger.py
[2025-08-11T11:42:35.532+0000] {processor.py:830} INFO - Processing file /home/airflow/.local/lib/python3.12/site-packages/airflow/example_dags/example_latest_only_with_trigger.py for tasks to queue
[2025-08-11T11:42:35.533+0000] {logging_mixin.py:188} INFO - [2025-08-11T11:42:35.533+0000] {dagbag.py:545} INFO - Filling up the DagBag from /home/airflow/.local/lib/python3.12/site-packages/airflow/example_dags/example_latest_only_with_trigger.py
[2025-08-11T11:42:35.536+0000] {processor.py:840} INFO - DAG(s) 'latest_only_with_trigger' retrieved from /home/airflow/.local/lib/python3.12/site-packages/airflow/example_dags/example_latest_only_with_trigger.py
[2025-08-11T11:42:35.552+0000] {logging_mixin.py:188} INFO - [2025-08-11T11:42:35.552+0000] {dag.py:3096} INFO - Sync 1 DAGs
[2025-08-11T11:42:35.566+0000] {logging_mixin.py:188} INFO - [2025-08-11T11:42:35.566+0000] {dag.py:3954} INFO - Setting next_dagrun for latest_only_with_trigger to 2025-08-11 04:00:00+00:00, run_after=2025-08-11 08:00:00+00:00
[2025-08-11T11:42:35.582+0000] {processor.py:183} INFO - Processing /home/airflow/.local/lib/python3.12/site-packages/airflow/example_dags/example_latest_only_with_trigger.py took 0.056 seconds
[2025-08-11T11:43:06.178+0000] {processor.py:161} INFO - Started process (PID=938) to work on /home/airflow/.local/lib/python3.12/site-packages/airflow/example_dags/example_latest_only_with_trigger.py
[2025-08-11T11:43:06.181+0000] {processor.py:830} INFO - Processing file /home/airflow/.local/lib/python3.12/site-packages/airflow/example_dags/example_latest_only_with_trigger.py for tasks to queue
[2025-08-11T11:43:06.183+0000] {logging_mixin.py:188} INFO - [2025-08-11T11:43:06.183+0000] {dagbag.py:545} INFO - Filling up the DagBag from /home/airflow/.local/lib/python3.12/site-packages/airflow/example_dags/example_latest_only_with_trigger.py
[2025-08-11T11:43:06.187+0000] {processor.py:840} INFO - DAG(s) 'latest_only_with_trigger' retrieved from /home/airflow/.local/lib/python3.12/site-packages/airflow/example_dags/example_latest_only_with_trigger.py
[2025-08-11T11:43:06.204+0000] {logging_mixin.py:188} INFO - [2025-08-11T11:43:06.204+0000] {dag.py:3096} INFO - Sync 1 DAGs
[2025-08-11T11:43:06.224+0000] {logging_mixin.py:188} INFO - [2025-08-11T11:43:06.224+0000] {dag.py:3954} INFO - Setting next_dagrun for latest_only_with_trigger to 2025-08-11 04:00:00+00:00, run_after=2025-08-11 08:00:00+00:00
[2025-08-11T11:43:06.238+0000] {processor.py:183} INFO - Processing /home/airflow/.local/lib/python3.12/site-packages/airflow/example_dags/example_latest_only_with_trigger.py took 0.065 seconds
[2025-08-11T11:43:36.304+0000] {processor.py:161} INFO - Started process (PID=996) to work on /home/airflow/.local/lib/python3.12/site-packages/airflow/example_dags/example_latest_only_with_trigger.py
[2025-08-11T11:43:36.306+0000] {processor.py:830} INFO - Processing file /home/airflow/.local/lib/python3.12/site-packages/airflow/example_dags/example_latest_only_with_trigger.py for tasks to queue
[2025-08-11T11:43:36.307+0000] {logging_mixin.py:188} INFO - [2025-08-11T11:43:36.307+0000] {dagbag.py:545} INFO - Filling up the DagBag from /home/airflow/.local/lib/python3.12/site-packages/airflow/example_dags/example_latest_only_with_trigger.py
[2025-08-11T11:43:36.311+0000] {processor.py:840} INFO - DAG(s) 'latest_only_with_trigger' retrieved from /home/airflow/.local/lib/python3.12/site-packages/airflow/example_dags/example_latest_only_with_trigger.py
[2025-08-11T11:43:36.326+0000] {logging_mixin.py:188} INFO - [2025-08-11T11:43:36.326+0000] {dag.py:3096} INFO - Sync 1 DAGs
[2025-08-11T11:43:36.340+0000] {logging_mixin.py:188} INFO - [2025-08-11T11:43:36.340+0000] {dag.py:3954} INFO - Setting next_dagrun for latest_only_with_trigger to 2025-08-11 04:00:00+00:00, run_after=2025-08-11 08:00:00+00:00
[2025-08-11T11:43:36.354+0000] {processor.py:183} INFO - Processing /home/airflow/.local/lib/python3.12/site-packages/airflow/example_dags/example_latest_only_with_trigger.py took 0.055 seconds
[2025-08-11T11:44:06.577+0000] {processor.py:161} INFO - Started process (PID=1054) to work on /home/airflow/.local/lib/python3.12/site-packages/airflow/example_dags/example_latest_only_with_trigger.py
[2025-08-11T11:44:06.578+0000] {processor.py:830} INFO - Processing file /home/airflow/.local/lib/python3.12/site-packages/airflow/example_dags/example_latest_only_with_trigger.py for tasks to queue
[2025-08-11T11:44:06.580+0000] {logging_mixin.py:188} INFO - [2025-08-11T11:44:06.579+0000] {dagbag.py:545} INFO - Filling up the DagBag from /home/airflow/.local/lib/python3.12/site-packages/airflow/example_dags/example_latest_only_with_trigger.py
[2025-08-11T11:44:06.583+0000] {processor.py:840} INFO - DAG(s) 'latest_only_with_trigger' retrieved from /home/airflow/.local/lib/python3.12/site-packages/airflow/example_dags/example_latest_only_with_trigger.py
[2025-08-11T11:44:06.596+0000] {logging_mixin.py:188} INFO - [2025-08-11T11:44:06.596+0000] {dag.py:3096} INFO - Sync 1 DAGs
[2025-08-11T11:44:06.612+0000] {logging_mixin.py:188} INFO - [2025-08-11T11:44:06.612+0000] {dag.py:3954} INFO - Setting next_dagrun for latest_only_with_trigger to 2025-08-11 04:00:00+00:00, run_after=2025-08-11 08:00:00+00:00
[2025-08-11T11:44:06.625+0000] {processor.py:183} INFO - Processing /home/airflow/.local/lib/python3.12/site-packages/airflow/example_dags/example_latest_only_with_trigger.py took 0.052 seconds
[2025-08-11T11:44:36.892+0000] {processor.py:161} INFO - Started process (PID=1112) to work on /home/airflow/.local/lib/python3.12/site-packages/airflow/example_dags/example_latest_only_with_trigger.py
[2025-08-11T11:44:36.893+0000] {processor.py:830} INFO - Processing file /home/airflow/.local/lib/python3.12/site-packages/airflow/example_dags/example_latest_only_with_trigger.py for tasks to queue
[2025-08-11T11:44:36.897+0000] {logging_mixin.py:188} INFO - [2025-08-11T11:44:36.897+0000] {dagbag.py:545} INFO - Filling up the DagBag from /home/airflow/.local/lib/python3.12/site-packages/airflow/example_dags/example_latest_only_with_trigger.py
[2025-08-11T11:44:36.901+0000] {processor.py:840} INFO - DAG(s) 'latest_only_with_trigger' retrieved from /home/airflow/.local/lib/python3.12/site-packages/airflow/example_dags/example_latest_only_with_trigger.py
[2025-08-11T11:44:36.917+0000] {logging_mixin.py:188} INFO - [2025-08-11T11:44:36.916+0000] {dag.py:3096} INFO - Sync 1 DAGs
[2025-08-11T11:44:36.937+0000] {logging_mixin.py:188} INFO - [2025-08-11T11:44:36.937+0000] {dag.py:3954} INFO - Setting next_dagrun for latest_only_with_trigger to 2025-08-11 04:00:00+00:00, run_after=2025-08-11 08:00:00+00:00
[2025-08-11T11:44:36.954+0000] {processor.py:183} INFO - Processing /home/airflow/.local/lib/python3.12/site-packages/airflow/example_dags/example_latest_only_with_trigger.py took 0.066 seconds
[2025-08-11T11:45:07.521+0000] {processor.py:161} INFO - Started process (PID=1170) to work on /home/airflow/.local/lib/python3.12/site-packages/airflow/example_dags/example_latest_only_with_trigger.py
[2025-08-11T11:45:07.522+0000] {processor.py:830} INFO - Processing file /home/airflow/.local/lib/python3.12/site-packages/airflow/example_dags/example_latest_only_with_trigger.py for tasks to queue
[2025-08-11T11:45:07.524+0000] {logging_mixin.py:188} INFO - [2025-08-11T11:45:07.523+0000] {dagbag.py:545} INFO - Filling up the DagBag from /home/airflow/.local/lib/python3.12/site-packages/airflow/example_dags/example_latest_only_with_trigger.py
[2025-08-11T11:45:07.527+0000] {processor.py:840} INFO - DAG(s) 'latest_only_with_trigger' retrieved from /home/airflow/.local/lib/python3.12/site-packages/airflow/example_dags/example_latest_only_with_trigger.py
[2025-08-11T11:45:07.543+0000] {logging_mixin.py:188} INFO - [2025-08-11T11:45:07.543+0000] {dag.py:3096} INFO - Sync 1 DAGs
[2025-08-11T11:45:07.556+0000] {logging_mixin.py:188} INFO - [2025-08-11T11:45:07.556+0000] {dag.py:3954} INFO - Setting next_dagrun for latest_only_with_trigger to 2025-08-11 04:00:00+00:00, run_after=2025-08-11 08:00:00+00:00
[2025-08-11T11:45:07.568+0000] {processor.py:183} INFO - Processing /home/airflow/.local/lib/python3.12/site-packages/airflow/example_dags/example_latest_only_with_trigger.py took 0.051 seconds
[2025-08-11T11:45:37.765+0000] {processor.py:161} INFO - Started process (PID=1228) to work on /home/airflow/.local/lib/python3.12/site-packages/airflow/example_dags/example_latest_only_with_trigger.py
[2025-08-11T11:45:37.767+0000] {processor.py:830} INFO - Processing file /home/airflow/.local/lib/python3.12/site-packages/airflow/example_dags/example_latest_only_with_trigger.py for tasks to queue
[2025-08-11T11:45:37.768+0000] {logging_mixin.py:188} INFO - [2025-08-11T11:45:37.768+0000] {dagbag.py:545} INFO - Filling up the DagBag from /home/airflow/.local/lib/python3.12/site-packages/airflow/example_dags/example_latest_only_with_trigger.py
[2025-08-11T11:45:37.777+0000] {processor.py:840} INFO - DAG(s) 'latest_only_with_trigger' retrieved from /home/airflow/.local/lib/python3.12/site-packages/airflow/example_dags/example_latest_only_with_trigger.py
[2025-08-11T11:45:37.795+0000] {logging_mixin.py:188} INFO - [2025-08-11T11:45:37.795+0000] {dag.py:3096} INFO - Sync 1 DAGs
[2025-08-11T11:45:37.810+0000] {logging_mixin.py:188} INFO - [2025-08-11T11:45:37.810+0000] {dag.py:3954} INFO - Setting next_dagrun for latest_only_with_trigger to 2025-08-11 04:00:00+00:00, run_after=2025-08-11 08:00:00+00:00
[2025-08-11T11:45:37.824+0000] {processor.py:183} INFO - Processing /home/airflow/.local/lib/python3.12/site-packages/airflow/example_dags/example_latest_only_with_trigger.py took 0.063 seconds
[2025-08-11T11:46:08.114+0000] {processor.py:161} INFO - Started process (PID=1287) to work on /home/airflow/.local/lib/python3.12/site-packages/airflow/example_dags/example_latest_only_with_trigger.py
[2025-08-11T11:46:08.115+0000] {processor.py:830} INFO - Processing file /home/airflow/.local/lib/python3.12/site-packages/airflow/example_dags/example_latest_only_with_trigger.py for tasks to queue
[2025-08-11T11:46:08.116+0000] {logging_mixin.py:188} INFO - [2025-08-11T11:46:08.116+0000] {dagbag.py:545} INFO - Filling up the DagBag from /home/airflow/.local/lib/python3.12/site-packages/airflow/example_dags/example_latest_only_with_trigger.py
[2025-08-11T11:46:08.120+0000] {processor.py:840} INFO - DAG(s) 'latest_only_with_trigger' retrieved from /home/airflow/.local/lib/python3.12/site-packages/airflow/example_dags/example_latest_only_with_trigger.py
[2025-08-11T11:46:08.133+0000] {logging_mixin.py:188} INFO - [2025-08-11T11:46:08.133+0000] {dag.py:3096} INFO - Sync 1 DAGs
[2025-08-11T11:46:08.147+0000] {logging_mixin.py:188} INFO - [2025-08-11T11:46:08.147+0000] {dag.py:3954} INFO - Setting next_dagrun for latest_only_with_trigger to 2025-08-11 04:00:00+00:00, run_after=2025-08-11 08:00:00+00:00
[2025-08-11T11:46:08.159+0000] {processor.py:183} INFO - Processing /home/airflow/.local/lib/python3.12/site-packages/airflow/example_dags/example_latest_only_with_trigger.py took 0.049 seconds
