[2025-08-11T11:35:32.985+0000] {processor.py:161} INFO - Started process (PID=90) to work on /home/airflow/.local/lib/python3.12/site-packages/airflow/example_dags/example_xcomargs.py
[2025-08-11T11:35:32.986+0000] {processor.py:830} INFO - Processing file /home/airflow/.local/lib/python3.12/site-packages/airflow/example_dags/example_xcomargs.py for tasks to queue
[2025-08-11T11:35:32.988+0000] {logging_mixin.py:188} INFO - [2025-08-11T11:35:32.988+0000] {dagbag.py:545} INFO - Filling up the DagBag from /home/airflow/.local/lib/python3.12/site-packages/airflow/example_dags/example_xcomargs.py
[2025-08-11T11:35:33.003+0000] {processor.py:840} INFO - DAG(s) 'example_xcom_args_with_operators', 'example_xcom_args' retrieved from /home/airflow/.local/lib/python3.12/site-packages/airflow/example_dags/example_xcomargs.py
[2025-08-11T11:35:33.251+0000] {logging_mixin.py:188} INFO - [2025-08-11T11:35:33.250+0000] {override.py:1829} INFO - Created Permission View: can read on DAG:example_xcom_args_with_operators
[2025-08-11T11:35:33.260+0000] {logging_mixin.py:188} INFO - [2025-08-11T11:35:33.259+0000] {override.py:1829} INFO - Created Permission View: can delete on DAG:example_xcom_args_with_operators
[2025-08-11T11:35:33.265+0000] {logging_mixin.py:188} INFO - [2025-08-11T11:35:33.265+0000] {override.py:1829} INFO - Created Permission View: can edit on DAG:example_xcom_args_with_operators
[2025-08-11T11:35:33.276+0000] {logging_mixin.py:188} INFO - [2025-08-11T11:35:33.276+0000] {override.py:1829} INFO - Created Permission View: can read on DAG:example_xcom_args
[2025-08-11T11:35:33.281+0000] {logging_mixin.py:188} INFO - [2025-08-11T11:35:33.281+0000] {override.py:1829} INFO - Created Permission View: can delete on DAG:example_xcom_args
[2025-08-11T11:35:33.287+0000] {logging_mixin.py:188} INFO - [2025-08-11T11:35:33.286+0000] {override.py:1829} INFO - Created Permission View: can edit on DAG:example_xcom_args
[2025-08-11T11:35:33.287+0000] {logging_mixin.py:188} INFO - [2025-08-11T11:35:33.287+0000] {dag.py:3096} INFO - Sync 2 DAGs
[2025-08-11T11:35:33.298+0000] {logging_mixin.py:188} INFO - [2025-08-11T11:35:33.298+0000] {dag.py:3118} INFO - Creating ORM DAG for example_xcom_args
[2025-08-11T11:35:33.299+0000] {logging_mixin.py:188} INFO - [2025-08-11T11:35:33.299+0000] {dag.py:3118} INFO - Creating ORM DAG for example_xcom_args_with_operators
[2025-08-11T11:35:33.299+0000] {logging_mixin.py:188} INFO - [2025-08-11T11:35:33.299+0000] {dag.py:3954} INFO - Setting next_dagrun for example_xcom_args to None, run_after=None
[2025-08-11T11:35:33.300+0000] {logging_mixin.py:188} INFO - [2025-08-11T11:35:33.300+0000] {dag.py:3954} INFO - Setting next_dagrun for example_xcom_args_with_operators to None, run_after=None
[2025-08-11T11:35:33.329+0000] {processor.py:183} INFO - Processing /home/airflow/.local/lib/python3.12/site-packages/airflow/example_dags/example_xcomargs.py took 0.352 seconds
[2025-08-11T11:36:03.881+0000] {processor.py:161} INFO - Started process (PID=148) to work on /home/airflow/.local/lib/python3.12/site-packages/airflow/example_dags/example_xcomargs.py
[2025-08-11T11:36:03.886+0000] {processor.py:830} INFO - Processing file /home/airflow/.local/lib/python3.12/site-packages/airflow/example_dags/example_xcomargs.py for tasks to queue
[2025-08-11T11:36:03.888+0000] {logging_mixin.py:188} INFO - [2025-08-11T11:36:03.888+0000] {dagbag.py:545} INFO - Filling up the DagBag from /home/airflow/.local/lib/python3.12/site-packages/airflow/example_dags/example_xcomargs.py
[2025-08-11T11:36:03.902+0000] {processor.py:840} INFO - DAG(s) 'example_xcom_args', 'example_xcom_args_with_operators' retrieved from /home/airflow/.local/lib/python3.12/site-packages/airflow/example_dags/example_xcomargs.py
[2025-08-11T11:36:03.927+0000] {logging_mixin.py:188} INFO - [2025-08-11T11:36:03.926+0000] {dag.py:3096} INFO - Sync 2 DAGs
[2025-08-11T11:36:03.939+0000] {logging_mixin.py:188} INFO - [2025-08-11T11:36:03.939+0000] {dag.py:3954} INFO - Setting next_dagrun for example_xcom_args to None, run_after=None
[2025-08-11T11:36:03.945+0000] {logging_mixin.py:188} INFO - [2025-08-11T11:36:03.945+0000] {dag.py:3954} INFO - Setting next_dagrun for example_xcom_args_with_operators to None, run_after=None
[2025-08-11T11:36:03.965+0000] {processor.py:183} INFO - Processing /home/airflow/.local/lib/python3.12/site-packages/airflow/example_dags/example_xcomargs.py took 0.090 seconds
[2025-08-11T11:36:34.693+0000] {processor.py:161} INFO - Started process (PID=206) to work on /home/airflow/.local/lib/python3.12/site-packages/airflow/example_dags/example_xcomargs.py
[2025-08-11T11:36:34.694+0000] {processor.py:830} INFO - Processing file /home/airflow/.local/lib/python3.12/site-packages/airflow/example_dags/example_xcomargs.py for tasks to queue
[2025-08-11T11:36:34.695+0000] {logging_mixin.py:188} INFO - [2025-08-11T11:36:34.695+0000] {dagbag.py:545} INFO - Filling up the DagBag from /home/airflow/.local/lib/python3.12/site-packages/airflow/example_dags/example_xcomargs.py
[2025-08-11T11:36:34.700+0000] {processor.py:840} INFO - DAG(s) 'example_xcom_args_with_operators', 'example_xcom_args' retrieved from /home/airflow/.local/lib/python3.12/site-packages/airflow/example_dags/example_xcomargs.py
[2025-08-11T11:36:34.717+0000] {logging_mixin.py:188} INFO - [2025-08-11T11:36:34.717+0000] {dag.py:3096} INFO - Sync 2 DAGs
[2025-08-11T11:36:34.730+0000] {logging_mixin.py:188} INFO - [2025-08-11T11:36:34.730+0000] {dag.py:3954} INFO - Setting next_dagrun for example_xcom_args to None, run_after=None
[2025-08-11T11:36:34.734+0000] {logging_mixin.py:188} INFO - [2025-08-11T11:36:34.734+0000] {dag.py:3954} INFO - Setting next_dagrun for example_xcom_args_with_operators to None, run_after=None
[2025-08-11T11:36:34.745+0000] {processor.py:183} INFO - Processing /home/airflow/.local/lib/python3.12/site-packages/airflow/example_dags/example_xcomargs.py took 0.056 seconds
[2025-08-11T11:37:04.978+0000] {processor.py:161} INFO - Started process (PID=264) to work on /home/airflow/.local/lib/python3.12/site-packages/airflow/example_dags/example_xcomargs.py
[2025-08-11T11:37:04.979+0000] {processor.py:830} INFO - Processing file /home/airflow/.local/lib/python3.12/site-packages/airflow/example_dags/example_xcomargs.py for tasks to queue
[2025-08-11T11:37:04.980+0000] {logging_mixin.py:188} INFO - [2025-08-11T11:37:04.980+0000] {dagbag.py:545} INFO - Filling up the DagBag from /home/airflow/.local/lib/python3.12/site-packages/airflow/example_dags/example_xcomargs.py
[2025-08-11T11:37:04.986+0000] {processor.py:840} INFO - DAG(s) 'example_xcom_args_with_operators', 'example_xcom_args' retrieved from /home/airflow/.local/lib/python3.12/site-packages/airflow/example_dags/example_xcomargs.py
[2025-08-11T11:37:05.002+0000] {logging_mixin.py:188} INFO - [2025-08-11T11:37:05.002+0000] {dag.py:3096} INFO - Sync 2 DAGs
[2025-08-11T11:37:05.011+0000] {logging_mixin.py:188} INFO - [2025-08-11T11:37:05.011+0000] {dag.py:3954} INFO - Setting next_dagrun for example_xcom_args to None, run_after=None
[2025-08-11T11:37:05.013+0000] {logging_mixin.py:188} INFO - [2025-08-11T11:37:05.013+0000] {dag.py:3954} INFO - Setting next_dagrun for example_xcom_args_with_operators to None, run_after=None
[2025-08-11T11:37:05.023+0000] {processor.py:183} INFO - Processing /home/airflow/.local/lib/python3.12/site-packages/airflow/example_dags/example_xcomargs.py took 0.049 seconds
[2025-08-11T11:37:35.473+0000] {processor.py:161} INFO - Started process (PID=322) to work on /home/airflow/.local/lib/python3.12/site-packages/airflow/example_dags/example_xcomargs.py
[2025-08-11T11:37:35.474+0000] {processor.py:830} INFO - Processing file /home/airflow/.local/lib/python3.12/site-packages/airflow/example_dags/example_xcomargs.py for tasks to queue
[2025-08-11T11:37:35.475+0000] {logging_mixin.py:188} INFO - [2025-08-11T11:37:35.475+0000] {dagbag.py:545} INFO - Filling up the DagBag from /home/airflow/.local/lib/python3.12/site-packages/airflow/example_dags/example_xcomargs.py
[2025-08-11T11:37:35.482+0000] {processor.py:840} INFO - DAG(s) 'example_xcom_args', 'example_xcom_args_with_operators' retrieved from /home/airflow/.local/lib/python3.12/site-packages/airflow/example_dags/example_xcomargs.py
[2025-08-11T11:37:35.501+0000] {logging_mixin.py:188} INFO - [2025-08-11T11:37:35.500+0000] {dag.py:3096} INFO - Sync 2 DAGs
[2025-08-11T11:37:35.510+0000] {logging_mixin.py:188} INFO - [2025-08-11T11:37:35.510+0000] {dag.py:3954} INFO - Setting next_dagrun for example_xcom_args to None, run_after=None
[2025-08-11T11:37:35.513+0000] {logging_mixin.py:188} INFO - [2025-08-11T11:37:35.513+0000] {dag.py:3954} INFO - Setting next_dagrun for example_xcom_args_with_operators to None, run_after=None
[2025-08-11T11:37:35.524+0000] {processor.py:183} INFO - Processing /home/airflow/.local/lib/python3.12/site-packages/airflow/example_dags/example_xcomargs.py took 0.056 seconds
[2025-08-11T11:38:05.862+0000] {processor.py:161} INFO - Started process (PID=379) to work on /home/airflow/.local/lib/python3.12/site-packages/airflow/example_dags/example_xcomargs.py
[2025-08-11T11:38:05.865+0000] {processor.py:830} INFO - Processing file /home/airflow/.local/lib/python3.12/site-packages/airflow/example_dags/example_xcomargs.py for tasks to queue
[2025-08-11T11:38:05.867+0000] {logging_mixin.py:188} INFO - [2025-08-11T11:38:05.867+0000] {dagbag.py:545} INFO - Filling up the DagBag from /home/airflow/.local/lib/python3.12/site-packages/airflow/example_dags/example_xcomargs.py
[2025-08-11T11:38:05.874+0000] {processor.py:840} INFO - DAG(s) 'example_xcom_args_with_operators', 'example_xcom_args' retrieved from /home/airflow/.local/lib/python3.12/site-packages/airflow/example_dags/example_xcomargs.py
[2025-08-11T11:38:05.893+0000] {logging_mixin.py:188} INFO - [2025-08-11T11:38:05.893+0000] {dag.py:3096} INFO - Sync 2 DAGs
[2025-08-11T11:38:05.907+0000] {logging_mixin.py:188} INFO - [2025-08-11T11:38:05.907+0000] {dag.py:3954} INFO - Setting next_dagrun for example_xcom_args to None, run_after=None
[2025-08-11T11:38:05.911+0000] {logging_mixin.py:188} INFO - [2025-08-11T11:38:05.911+0000] {dag.py:3954} INFO - Setting next_dagrun for example_xcom_args_with_operators to None, run_after=None
[2025-08-11T11:38:05.924+0000] {processor.py:183} INFO - Processing /home/airflow/.local/lib/python3.12/site-packages/airflow/example_dags/example_xcomargs.py took 0.069 seconds
[2025-08-11T11:38:36.381+0000] {processor.py:161} INFO - Started process (PID=437) to work on /home/airflow/.local/lib/python3.12/site-packages/airflow/example_dags/example_xcomargs.py
[2025-08-11T11:38:36.384+0000] {processor.py:830} INFO - Processing file /home/airflow/.local/lib/python3.12/site-packages/airflow/example_dags/example_xcomargs.py for tasks to queue
[2025-08-11T11:38:36.386+0000] {logging_mixin.py:188} INFO - [2025-08-11T11:38:36.386+0000] {dagbag.py:545} INFO - Filling up the DagBag from /home/airflow/.local/lib/python3.12/site-packages/airflow/example_dags/example_xcomargs.py
[2025-08-11T11:38:36.394+0000] {processor.py:840} INFO - DAG(s) 'example_xcom_args', 'example_xcom_args_with_operators' retrieved from /home/airflow/.local/lib/python3.12/site-packages/airflow/example_dags/example_xcomargs.py
[2025-08-11T11:38:36.423+0000] {logging_mixin.py:188} INFO - [2025-08-11T11:38:36.423+0000] {dag.py:3096} INFO - Sync 2 DAGs
[2025-08-11T11:38:36.433+0000] {logging_mixin.py:188} INFO - [2025-08-11T11:38:36.433+0000] {dag.py:3954} INFO - Setting next_dagrun for example_xcom_args to None, run_after=None
[2025-08-11T11:38:36.436+0000] {logging_mixin.py:188} INFO - [2025-08-11T11:38:36.436+0000] {dag.py:3954} INFO - Setting next_dagrun for example_xcom_args_with_operators to None, run_after=None
[2025-08-11T11:38:36.447+0000] {processor.py:183} INFO - Processing /home/airflow/.local/lib/python3.12/site-packages/airflow/example_dags/example_xcomargs.py took 0.072 seconds
[2025-08-11T11:39:06.775+0000] {processor.py:161} INFO - Started process (PID=495) to work on /home/airflow/.local/lib/python3.12/site-packages/airflow/example_dags/example_xcomargs.py
[2025-08-11T11:39:06.775+0000] {processor.py:830} INFO - Processing file /home/airflow/.local/lib/python3.12/site-packages/airflow/example_dags/example_xcomargs.py for tasks to queue
[2025-08-11T11:39:06.777+0000] {logging_mixin.py:188} INFO - [2025-08-11T11:39:06.777+0000] {dagbag.py:545} INFO - Filling up the DagBag from /home/airflow/.local/lib/python3.12/site-packages/airflow/example_dags/example_xcomargs.py
[2025-08-11T11:39:06.782+0000] {processor.py:840} INFO - DAG(s) 'example_xcom_args_with_operators', 'example_xcom_args' retrieved from /home/airflow/.local/lib/python3.12/site-packages/airflow/example_dags/example_xcomargs.py
[2025-08-11T11:39:06.796+0000] {logging_mixin.py:188} INFO - [2025-08-11T11:39:06.796+0000] {dag.py:3096} INFO - Sync 2 DAGs
[2025-08-11T11:39:06.803+0000] {logging_mixin.py:188} INFO - [2025-08-11T11:39:06.803+0000] {dag.py:3954} INFO - Setting next_dagrun for example_xcom_args to None, run_after=None
[2025-08-11T11:39:06.806+0000] {logging_mixin.py:188} INFO - [2025-08-11T11:39:06.806+0000] {dag.py:3954} INFO - Setting next_dagrun for example_xcom_args_with_operators to None, run_after=None
[2025-08-11T11:39:06.815+0000] {processor.py:183} INFO - Processing /home/airflow/.local/lib/python3.12/site-packages/airflow/example_dags/example_xcomargs.py took 0.044 seconds
[2025-08-11T11:39:36.998+0000] {processor.py:161} INFO - Started process (PID=553) to work on /home/airflow/.local/lib/python3.12/site-packages/airflow/example_dags/example_xcomargs.py
[2025-08-11T11:39:36.999+0000] {processor.py:830} INFO - Processing file /home/airflow/.local/lib/python3.12/site-packages/airflow/example_dags/example_xcomargs.py for tasks to queue
[2025-08-11T11:39:37.000+0000] {logging_mixin.py:188} INFO - [2025-08-11T11:39:37.000+0000] {dagbag.py:545} INFO - Filling up the DagBag from /home/airflow/.local/lib/python3.12/site-packages/airflow/example_dags/example_xcomargs.py
[2025-08-11T11:39:37.005+0000] {processor.py:840} INFO - DAG(s) 'example_xcom_args', 'example_xcom_args_with_operators' retrieved from /home/airflow/.local/lib/python3.12/site-packages/airflow/example_dags/example_xcomargs.py
[2025-08-11T11:39:37.021+0000] {logging_mixin.py:188} INFO - [2025-08-11T11:39:37.021+0000] {dag.py:3096} INFO - Sync 2 DAGs
[2025-08-11T11:39:37.028+0000] {logging_mixin.py:188} INFO - [2025-08-11T11:39:37.028+0000] {dag.py:3954} INFO - Setting next_dagrun for example_xcom_args to None, run_after=None
[2025-08-11T11:39:37.033+0000] {logging_mixin.py:188} INFO - [2025-08-11T11:39:37.033+0000] {dag.py:3954} INFO - Setting next_dagrun for example_xcom_args_with_operators to None, run_after=None
[2025-08-11T11:39:37.046+0000] {processor.py:183} INFO - Processing /home/airflow/.local/lib/python3.12/site-packages/airflow/example_dags/example_xcomargs.py took 0.052 seconds
[2025-08-11T11:40:07.281+0000] {processor.py:161} INFO - Started process (PID=611) to work on /home/airflow/.local/lib/python3.12/site-packages/airflow/example_dags/example_xcomargs.py
[2025-08-11T11:40:07.282+0000] {processor.py:830} INFO - Processing file /home/airflow/.local/lib/python3.12/site-packages/airflow/example_dags/example_xcomargs.py for tasks to queue
[2025-08-11T11:40:07.283+0000] {logging_mixin.py:188} INFO - [2025-08-11T11:40:07.283+0000] {dagbag.py:545} INFO - Filling up the DagBag from /home/airflow/.local/lib/python3.12/site-packages/airflow/example_dags/example_xcomargs.py
[2025-08-11T11:40:07.288+0000] {processor.py:840} INFO - DAG(s) 'example_xcom_args_with_operators', 'example_xcom_args' retrieved from /home/airflow/.local/lib/python3.12/site-packages/airflow/example_dags/example_xcomargs.py
[2025-08-11T11:40:07.303+0000] {logging_mixin.py:188} INFO - [2025-08-11T11:40:07.303+0000] {dag.py:3096} INFO - Sync 2 DAGs
[2025-08-11T11:40:07.311+0000] {logging_mixin.py:188} INFO - [2025-08-11T11:40:07.311+0000] {dag.py:3954} INFO - Setting next_dagrun for example_xcom_args to None, run_after=None
[2025-08-11T11:40:07.313+0000] {logging_mixin.py:188} INFO - [2025-08-11T11:40:07.313+0000] {dag.py:3954} INFO - Setting next_dagrun for example_xcom_args_with_operators to None, run_after=None
[2025-08-11T11:40:07.326+0000] {processor.py:183} INFO - Processing /home/airflow/.local/lib/python3.12/site-packages/airflow/example_dags/example_xcomargs.py took 0.048 seconds
[2025-08-11T11:40:38.372+0000] {processor.py:161} INFO - Started process (PID=669) to work on /home/airflow/.local/lib/python3.12/site-packages/airflow/example_dags/example_xcomargs.py
[2025-08-11T11:40:38.373+0000] {processor.py:830} INFO - Processing file /home/airflow/.local/lib/python3.12/site-packages/airflow/example_dags/example_xcomargs.py for tasks to queue
[2025-08-11T11:40:38.374+0000] {logging_mixin.py:188} INFO - [2025-08-11T11:40:38.374+0000] {dagbag.py:545} INFO - Filling up the DagBag from /home/airflow/.local/lib/python3.12/site-packages/airflow/example_dags/example_xcomargs.py
[2025-08-11T11:40:38.380+0000] {processor.py:840} INFO - DAG(s) 'example_xcom_args_with_operators', 'example_xcom_args' retrieved from /home/airflow/.local/lib/python3.12/site-packages/airflow/example_dags/example_xcomargs.py
[2025-08-11T11:40:38.397+0000] {logging_mixin.py:188} INFO - [2025-08-11T11:40:38.397+0000] {dag.py:3096} INFO - Sync 2 DAGs
[2025-08-11T11:40:38.406+0000] {logging_mixin.py:188} INFO - [2025-08-11T11:40:38.406+0000] {dag.py:3954} INFO - Setting next_dagrun for example_xcom_args to None, run_after=None
[2025-08-11T11:40:38.411+0000] {logging_mixin.py:188} INFO - [2025-08-11T11:40:38.410+0000] {dag.py:3954} INFO - Setting next_dagrun for example_xcom_args_with_operators to None, run_after=None
[2025-08-11T11:40:38.427+0000] {processor.py:183} INFO - Processing /home/airflow/.local/lib/python3.12/site-packages/airflow/example_dags/example_xcomargs.py took 0.059 seconds
[2025-08-11T11:41:09.425+0000] {processor.py:161} INFO - Started process (PID=727) to work on /home/airflow/.local/lib/python3.12/site-packages/airflow/example_dags/example_xcomargs.py
[2025-08-11T11:41:09.426+0000] {processor.py:830} INFO - Processing file /home/airflow/.local/lib/python3.12/site-packages/airflow/example_dags/example_xcomargs.py for tasks to queue
[2025-08-11T11:41:09.427+0000] {logging_mixin.py:188} INFO - [2025-08-11T11:41:09.427+0000] {dagbag.py:545} INFO - Filling up the DagBag from /home/airflow/.local/lib/python3.12/site-packages/airflow/example_dags/example_xcomargs.py
[2025-08-11T11:41:09.432+0000] {processor.py:840} INFO - DAG(s) 'example_xcom_args_with_operators', 'example_xcom_args' retrieved from /home/airflow/.local/lib/python3.12/site-packages/airflow/example_dags/example_xcomargs.py
[2025-08-11T11:41:09.451+0000] {logging_mixin.py:188} INFO - [2025-08-11T11:41:09.451+0000] {dag.py:3096} INFO - Sync 2 DAGs
[2025-08-11T11:41:09.459+0000] {logging_mixin.py:188} INFO - [2025-08-11T11:41:09.459+0000] {dag.py:3954} INFO - Setting next_dagrun for example_xcom_args to None, run_after=None
[2025-08-11T11:41:09.461+0000] {logging_mixin.py:188} INFO - [2025-08-11T11:41:09.461+0000] {dag.py:3954} INFO - Setting next_dagrun for example_xcom_args_with_operators to None, run_after=None
[2025-08-11T11:41:09.471+0000] {processor.py:183} INFO - Processing /home/airflow/.local/lib/python3.12/site-packages/airflow/example_dags/example_xcomargs.py took 0.049 seconds
[2025-08-11T11:41:39.857+0000] {processor.py:161} INFO - Started process (PID=785) to work on /home/airflow/.local/lib/python3.12/site-packages/airflow/example_dags/example_xcomargs.py
[2025-08-11T11:41:39.858+0000] {processor.py:830} INFO - Processing file /home/airflow/.local/lib/python3.12/site-packages/airflow/example_dags/example_xcomargs.py for tasks to queue
[2025-08-11T11:41:39.860+0000] {logging_mixin.py:188} INFO - [2025-08-11T11:41:39.860+0000] {dagbag.py:545} INFO - Filling up the DagBag from /home/airflow/.local/lib/python3.12/site-packages/airflow/example_dags/example_xcomargs.py
[2025-08-11T11:41:39.866+0000] {processor.py:840} INFO - DAG(s) 'example_xcom_args_with_operators', 'example_xcom_args' retrieved from /home/airflow/.local/lib/python3.12/site-packages/airflow/example_dags/example_xcomargs.py
[2025-08-11T11:41:39.889+0000] {logging_mixin.py:188} INFO - [2025-08-11T11:41:39.889+0000] {dag.py:3096} INFO - Sync 2 DAGs
[2025-08-11T11:41:39.901+0000] {logging_mixin.py:188} INFO - [2025-08-11T11:41:39.901+0000] {dag.py:3954} INFO - Setting next_dagrun for example_xcom_args to None, run_after=None
[2025-08-11T11:41:39.906+0000] {logging_mixin.py:188} INFO - [2025-08-11T11:41:39.906+0000] {dag.py:3954} INFO - Setting next_dagrun for example_xcom_args_with_operators to None, run_after=None
[2025-08-11T11:41:39.917+0000] {processor.py:183} INFO - Processing /home/airflow/.local/lib/python3.12/site-packages/airflow/example_dags/example_xcomargs.py took 0.064 seconds
[2025-08-11T11:42:09.977+0000] {processor.py:161} INFO - Started process (PID=843) to work on /home/airflow/.local/lib/python3.12/site-packages/airflow/example_dags/example_xcomargs.py
[2025-08-11T11:42:09.978+0000] {processor.py:830} INFO - Processing file /home/airflow/.local/lib/python3.12/site-packages/airflow/example_dags/example_xcomargs.py for tasks to queue
[2025-08-11T11:42:09.980+0000] {logging_mixin.py:188} INFO - [2025-08-11T11:42:09.980+0000] {dagbag.py:545} INFO - Filling up the DagBag from /home/airflow/.local/lib/python3.12/site-packages/airflow/example_dags/example_xcomargs.py
[2025-08-11T11:42:09.986+0000] {processor.py:840} INFO - DAG(s) 'example_xcom_args', 'example_xcom_args_with_operators' retrieved from /home/airflow/.local/lib/python3.12/site-packages/airflow/example_dags/example_xcomargs.py
[2025-08-11T11:42:10.001+0000] {logging_mixin.py:188} INFO - [2025-08-11T11:42:10.001+0000] {dag.py:3096} INFO - Sync 2 DAGs
[2025-08-11T11:42:10.010+0000] {logging_mixin.py:188} INFO - [2025-08-11T11:42:10.010+0000] {dag.py:3954} INFO - Setting next_dagrun for example_xcom_args to None, run_after=None
[2025-08-11T11:42:10.012+0000] {logging_mixin.py:188} INFO - [2025-08-11T11:42:10.012+0000] {dag.py:3954} INFO - Setting next_dagrun for example_xcom_args_with_operators to None, run_after=None
[2025-08-11T11:42:10.024+0000] {processor.py:183} INFO - Processing /home/airflow/.local/lib/python3.12/site-packages/airflow/example_dags/example_xcomargs.py took 0.051 seconds
[2025-08-11T11:42:40.699+0000] {processor.py:161} INFO - Started process (PID=901) to work on /home/airflow/.local/lib/python3.12/site-packages/airflow/example_dags/example_xcomargs.py
[2025-08-11T11:42:40.700+0000] {processor.py:830} INFO - Processing file /home/airflow/.local/lib/python3.12/site-packages/airflow/example_dags/example_xcomargs.py for tasks to queue
[2025-08-11T11:42:40.702+0000] {logging_mixin.py:188} INFO - [2025-08-11T11:42:40.702+0000] {dagbag.py:545} INFO - Filling up the DagBag from /home/airflow/.local/lib/python3.12/site-packages/airflow/example_dags/example_xcomargs.py
[2025-08-11T11:42:40.717+0000] {processor.py:840} INFO - DAG(s) 'example_xcom_args_with_operators', 'example_xcom_args' retrieved from /home/airflow/.local/lib/python3.12/site-packages/airflow/example_dags/example_xcomargs.py
[2025-08-11T11:42:40.745+0000] {logging_mixin.py:188} INFO - [2025-08-11T11:42:40.745+0000] {dag.py:3096} INFO - Sync 2 DAGs
[2025-08-11T11:42:40.757+0000] {logging_mixin.py:188} INFO - [2025-08-11T11:42:40.757+0000] {dag.py:3954} INFO - Setting next_dagrun for example_xcom_args to None, run_after=None
[2025-08-11T11:42:40.761+0000] {logging_mixin.py:188} INFO - [2025-08-11T11:42:40.761+0000] {dag.py:3954} INFO - Setting next_dagrun for example_xcom_args_with_operators to None, run_after=None
[2025-08-11T11:42:40.782+0000] {processor.py:183} INFO - Processing /home/airflow/.local/lib/python3.12/site-packages/airflow/example_dags/example_xcomargs.py took 0.091 seconds
[2025-08-11T11:43:11.232+0000] {processor.py:161} INFO - Started process (PID=959) to work on /home/airflow/.local/lib/python3.12/site-packages/airflow/example_dags/example_xcomargs.py
[2025-08-11T11:43:11.236+0000] {processor.py:830} INFO - Processing file /home/airflow/.local/lib/python3.12/site-packages/airflow/example_dags/example_xcomargs.py for tasks to queue
[2025-08-11T11:43:11.238+0000] {logging_mixin.py:188} INFO - [2025-08-11T11:43:11.237+0000] {dagbag.py:545} INFO - Filling up the DagBag from /home/airflow/.local/lib/python3.12/site-packages/airflow/example_dags/example_xcomargs.py
[2025-08-11T11:43:11.244+0000] {processor.py:840} INFO - DAG(s) 'example_xcom_args', 'example_xcom_args_with_operators' retrieved from /home/airflow/.local/lib/python3.12/site-packages/airflow/example_dags/example_xcomargs.py
[2025-08-11T11:43:11.268+0000] {logging_mixin.py:188} INFO - [2025-08-11T11:43:11.268+0000] {dag.py:3096} INFO - Sync 2 DAGs
[2025-08-11T11:43:11.278+0000] {logging_mixin.py:188} INFO - [2025-08-11T11:43:11.277+0000] {dag.py:3954} INFO - Setting next_dagrun for example_xcom_args to None, run_after=None
[2025-08-11T11:43:11.280+0000] {logging_mixin.py:188} INFO - [2025-08-11T11:43:11.280+0000] {dag.py:3954} INFO - Setting next_dagrun for example_xcom_args_with_operators to None, run_after=None
[2025-08-11T11:43:11.298+0000] {processor.py:183} INFO - Processing /home/airflow/.local/lib/python3.12/site-packages/airflow/example_dags/example_xcomargs.py took 0.071 seconds
[2025-08-11T11:43:41.339+0000] {processor.py:161} INFO - Started process (PID=1017) to work on /home/airflow/.local/lib/python3.12/site-packages/airflow/example_dags/example_xcomargs.py
[2025-08-11T11:43:41.340+0000] {processor.py:830} INFO - Processing file /home/airflow/.local/lib/python3.12/site-packages/airflow/example_dags/example_xcomargs.py for tasks to queue
[2025-08-11T11:43:41.342+0000] {logging_mixin.py:188} INFO - [2025-08-11T11:43:41.341+0000] {dagbag.py:545} INFO - Filling up the DagBag from /home/airflow/.local/lib/python3.12/site-packages/airflow/example_dags/example_xcomargs.py
[2025-08-11T11:43:41.349+0000] {processor.py:840} INFO - DAG(s) 'example_xcom_args', 'example_xcom_args_with_operators' retrieved from /home/airflow/.local/lib/python3.12/site-packages/airflow/example_dags/example_xcomargs.py
[2025-08-11T11:43:41.372+0000] {logging_mixin.py:188} INFO - [2025-08-11T11:43:41.372+0000] {dag.py:3096} INFO - Sync 2 DAGs
[2025-08-11T11:43:41.382+0000] {logging_mixin.py:188} INFO - [2025-08-11T11:43:41.382+0000] {dag.py:3954} INFO - Setting next_dagrun for example_xcom_args to None, run_after=None
[2025-08-11T11:43:41.387+0000] {logging_mixin.py:188} INFO - [2025-08-11T11:43:41.387+0000] {dag.py:3954} INFO - Setting next_dagrun for example_xcom_args_with_operators to None, run_after=None
[2025-08-11T11:43:41.402+0000] {processor.py:183} INFO - Processing /home/airflow/.local/lib/python3.12/site-packages/airflow/example_dags/example_xcomargs.py took 0.069 seconds
[2025-08-11T11:44:12.346+0000] {processor.py:161} INFO - Started process (PID=1075) to work on /home/airflow/.local/lib/python3.12/site-packages/airflow/example_dags/example_xcomargs.py
[2025-08-11T11:44:12.347+0000] {processor.py:830} INFO - Processing file /home/airflow/.local/lib/python3.12/site-packages/airflow/example_dags/example_xcomargs.py for tasks to queue
[2025-08-11T11:44:12.348+0000] {logging_mixin.py:188} INFO - [2025-08-11T11:44:12.348+0000] {dagbag.py:545} INFO - Filling up the DagBag from /home/airflow/.local/lib/python3.12/site-packages/airflow/example_dags/example_xcomargs.py
[2025-08-11T11:44:12.353+0000] {processor.py:840} INFO - DAG(s) 'example_xcom_args_with_operators', 'example_xcom_args' retrieved from /home/airflow/.local/lib/python3.12/site-packages/airflow/example_dags/example_xcomargs.py
[2025-08-11T11:44:12.369+0000] {logging_mixin.py:188} INFO - [2025-08-11T11:44:12.369+0000] {dag.py:3096} INFO - Sync 2 DAGs
[2025-08-11T11:44:12.381+0000] {logging_mixin.py:188} INFO - [2025-08-11T11:44:12.381+0000] {dag.py:3954} INFO - Setting next_dagrun for example_xcom_args to None, run_after=None
[2025-08-11T11:44:12.385+0000] {logging_mixin.py:188} INFO - [2025-08-11T11:44:12.385+0000] {dag.py:3954} INFO - Setting next_dagrun for example_xcom_args_with_operators to None, run_after=None
[2025-08-11T11:44:12.397+0000] {processor.py:183} INFO - Processing /home/airflow/.local/lib/python3.12/site-packages/airflow/example_dags/example_xcomargs.py took 0.054 seconds
[2025-08-11T11:44:42.904+0000] {processor.py:161} INFO - Started process (PID=1133) to work on /home/airflow/.local/lib/python3.12/site-packages/airflow/example_dags/example_xcomargs.py
[2025-08-11T11:44:42.905+0000] {processor.py:830} INFO - Processing file /home/airflow/.local/lib/python3.12/site-packages/airflow/example_dags/example_xcomargs.py for tasks to queue
[2025-08-11T11:44:42.907+0000] {logging_mixin.py:188} INFO - [2025-08-11T11:44:42.907+0000] {dagbag.py:545} INFO - Filling up the DagBag from /home/airflow/.local/lib/python3.12/site-packages/airflow/example_dags/example_xcomargs.py
[2025-08-11T11:44:42.912+0000] {processor.py:840} INFO - DAG(s) 'example_xcom_args_with_operators', 'example_xcom_args' retrieved from /home/airflow/.local/lib/python3.12/site-packages/airflow/example_dags/example_xcomargs.py
[2025-08-11T11:44:42.928+0000] {logging_mixin.py:188} INFO - [2025-08-11T11:44:42.928+0000] {dag.py:3096} INFO - Sync 2 DAGs
[2025-08-11T11:44:42.938+0000] {logging_mixin.py:188} INFO - [2025-08-11T11:44:42.938+0000] {dag.py:3954} INFO - Setting next_dagrun for example_xcom_args to None, run_after=None
[2025-08-11T11:44:42.941+0000] {logging_mixin.py:188} INFO - [2025-08-11T11:44:42.941+0000] {dag.py:3954} INFO - Setting next_dagrun for example_xcom_args_with_operators to None, run_after=None
[2025-08-11T11:44:42.957+0000] {processor.py:183} INFO - Processing /home/airflow/.local/lib/python3.12/site-packages/airflow/example_dags/example_xcomargs.py took 0.057 seconds
[2025-08-11T11:45:13.322+0000] {processor.py:161} INFO - Started process (PID=1191) to work on /home/airflow/.local/lib/python3.12/site-packages/airflow/example_dags/example_xcomargs.py
[2025-08-11T11:45:13.324+0000] {processor.py:830} INFO - Processing file /home/airflow/.local/lib/python3.12/site-packages/airflow/example_dags/example_xcomargs.py for tasks to queue
[2025-08-11T11:45:13.326+0000] {logging_mixin.py:188} INFO - [2025-08-11T11:45:13.326+0000] {dagbag.py:545} INFO - Filling up the DagBag from /home/airflow/.local/lib/python3.12/site-packages/airflow/example_dags/example_xcomargs.py
[2025-08-11T11:45:13.334+0000] {processor.py:840} INFO - DAG(s) 'example_xcom_args', 'example_xcom_args_with_operators' retrieved from /home/airflow/.local/lib/python3.12/site-packages/airflow/example_dags/example_xcomargs.py
[2025-08-11T11:45:13.352+0000] {logging_mixin.py:188} INFO - [2025-08-11T11:45:13.351+0000] {dag.py:3096} INFO - Sync 2 DAGs
[2025-08-11T11:45:13.361+0000] {logging_mixin.py:188} INFO - [2025-08-11T11:45:13.361+0000] {dag.py:3954} INFO - Setting next_dagrun for example_xcom_args to None, run_after=None
[2025-08-11T11:45:13.364+0000] {logging_mixin.py:188} INFO - [2025-08-11T11:45:13.364+0000] {dag.py:3954} INFO - Setting next_dagrun for example_xcom_args_with_operators to None, run_after=None
[2025-08-11T11:45:13.376+0000] {processor.py:183} INFO - Processing /home/airflow/.local/lib/python3.12/site-packages/airflow/example_dags/example_xcomargs.py took 0.059 seconds
[2025-08-11T11:45:43.752+0000] {processor.py:161} INFO - Started process (PID=1249) to work on /home/airflow/.local/lib/python3.12/site-packages/airflow/example_dags/example_xcomargs.py
[2025-08-11T11:45:43.753+0000] {processor.py:830} INFO - Processing file /home/airflow/.local/lib/python3.12/site-packages/airflow/example_dags/example_xcomargs.py for tasks to queue
[2025-08-11T11:45:43.754+0000] {logging_mixin.py:188} INFO - [2025-08-11T11:45:43.754+0000] {dagbag.py:545} INFO - Filling up the DagBag from /home/airflow/.local/lib/python3.12/site-packages/airflow/example_dags/example_xcomargs.py
[2025-08-11T11:45:43.760+0000] {processor.py:840} INFO - DAG(s) 'example_xcom_args_with_operators', 'example_xcom_args' retrieved from /home/airflow/.local/lib/python3.12/site-packages/airflow/example_dags/example_xcomargs.py
[2025-08-11T11:45:43.777+0000] {logging_mixin.py:188} INFO - [2025-08-11T11:45:43.777+0000] {dag.py:3096} INFO - Sync 2 DAGs
[2025-08-11T11:45:43.786+0000] {logging_mixin.py:188} INFO - [2025-08-11T11:45:43.786+0000] {dag.py:3954} INFO - Setting next_dagrun for example_xcom_args to None, run_after=None
[2025-08-11T11:45:43.788+0000] {logging_mixin.py:188} INFO - [2025-08-11T11:45:43.788+0000] {dag.py:3954} INFO - Setting next_dagrun for example_xcom_args_with_operators to None, run_after=None
[2025-08-11T11:45:43.800+0000] {processor.py:183} INFO - Processing /home/airflow/.local/lib/python3.12/site-packages/airflow/example_dags/example_xcomargs.py took 0.052 seconds
[2025-08-11T11:46:13.943+0000] {processor.py:161} INFO - Started process (PID=1308) to work on /home/airflow/.local/lib/python3.12/site-packages/airflow/example_dags/example_xcomargs.py
[2025-08-11T11:46:13.947+0000] {processor.py:830} INFO - Processing file /home/airflow/.local/lib/python3.12/site-packages/airflow/example_dags/example_xcomargs.py for tasks to queue
[2025-08-11T11:46:13.950+0000] {logging_mixin.py:188} INFO - [2025-08-11T11:46:13.950+0000] {dagbag.py:545} INFO - Filling up the DagBag from /home/airflow/.local/lib/python3.12/site-packages/airflow/example_dags/example_xcomargs.py
[2025-08-11T11:46:13.956+0000] {processor.py:840} INFO - DAG(s) 'example_xcom_args_with_operators', 'example_xcom_args' retrieved from /home/airflow/.local/lib/python3.12/site-packages/airflow/example_dags/example_xcomargs.py
[2025-08-11T11:46:13.975+0000] {logging_mixin.py:188} INFO - [2025-08-11T11:46:13.975+0000] {dag.py:3096} INFO - Sync 2 DAGs
[2025-08-11T11:46:13.987+0000] {logging_mixin.py:188} INFO - [2025-08-11T11:46:13.987+0000] {dag.py:3954} INFO - Setting next_dagrun for example_xcom_args to None, run_after=None
[2025-08-11T11:46:13.990+0000] {logging_mixin.py:188} INFO - [2025-08-11T11:46:13.989+0000] {dag.py:3954} INFO - Setting next_dagrun for example_xcom_args_with_operators to None, run_after=None
[2025-08-11T11:46:14.001+0000] {processor.py:183} INFO - Processing /home/airflow/.local/lib/python3.12/site-packages/airflow/example_dags/example_xcomargs.py took 0.062 seconds
