[2025-08-11T11:35:28.238+0000] {processor.py:161} INFO - Started process (PID=58) to work on /home/airflow/.local/lib/python3.12/site-packages/airflow/example_dags/example_sla_dag.py
[2025-08-11T11:35:28.242+0000] {processor.py:830} INFO - Processing file /home/airflow/.local/lib/python3.12/site-packages/airflow/example_dags/example_sla_dag.py for tasks to queue
[2025-08-11T11:35:28.244+0000] {logging_mixin.py:188} INFO - [2025-08-11T11:35:28.244+0000] {dagbag.py:545} INFO - Filling up the DagBag from /home/airflow/.local/lib/python3.12/site-packages/airflow/example_dags/example_sla_dag.py
[2025-08-11T11:35:28.262+0000] {processor.py:840} INFO - DAG(s) 'example_sla_dag' retrieved from /home/airflow/.local/lib/python3.12/site-packages/airflow/example_dags/example_sla_dag.py
[2025-08-11T11:35:28.520+0000] {logging_mixin.py:188} INFO - [2025-08-11T11:35:28.518+0000] {override.py:1829} INFO - Created Permission View: can read on DAG:example_sla_dag
[2025-08-11T11:35:28.535+0000] {logging_mixin.py:188} INFO - [2025-08-11T11:35:28.534+0000] {override.py:1829} INFO - Created Permission View: can delete on DAG:example_sla_dag
[2025-08-11T11:35:28.543+0000] {logging_mixin.py:188} INFO - [2025-08-11T11:35:28.543+0000] {override.py:1829} INFO - Created Permission View: can edit on DAG:example_sla_dag
[2025-08-11T11:35:28.543+0000] {logging_mixin.py:188} INFO - [2025-08-11T11:35:28.543+0000] {dag.py:3096} INFO - Sync 1 DAGs
[2025-08-11T11:35:28.565+0000] {logging_mixin.py:188} INFO - [2025-08-11T11:35:28.565+0000] {dag.py:3118} INFO - Creating ORM DAG for example_sla_dag
[2025-08-11T11:35:28.590+0000] {logging_mixin.py:188} INFO - [2025-08-11T11:35:28.589+0000] {dag.py:3954} INFO - Setting next_dagrun for example_sla_dag to 2025-08-11 11:32:00+00:00, run_after=2025-08-11 11:34:00+00:00
[2025-08-11T11:35:28.616+0000] {processor.py:183} INFO - Processing /home/airflow/.local/lib/python3.12/site-packages/airflow/example_dags/example_sla_dag.py took 0.386 seconds
[2025-08-11T11:35:59.413+0000] {processor.py:161} INFO - Started process (PID=121) to work on /home/airflow/.local/lib/python3.12/site-packages/airflow/example_dags/example_sla_dag.py
[2025-08-11T11:35:59.414+0000] {processor.py:830} INFO - Processing file /home/airflow/.local/lib/python3.12/site-packages/airflow/example_dags/example_sla_dag.py for tasks to queue
[2025-08-11T11:35:59.415+0000] {logging_mixin.py:188} INFO - [2025-08-11T11:35:59.415+0000] {dagbag.py:545} INFO - Filling up the DagBag from /home/airflow/.local/lib/python3.12/site-packages/airflow/example_dags/example_sla_dag.py
[2025-08-11T11:35:59.423+0000] {processor.py:840} INFO - DAG(s) 'example_sla_dag' retrieved from /home/airflow/.local/lib/python3.12/site-packages/airflow/example_dags/example_sla_dag.py
[2025-08-11T11:35:59.437+0000] {logging_mixin.py:188} INFO - [2025-08-11T11:35:59.437+0000] {dag.py:3096} INFO - Sync 1 DAGs
[2025-08-11T11:35:59.464+0000] {logging_mixin.py:188} INFO - [2025-08-11T11:35:59.464+0000] {dag.py:3954} INFO - Setting next_dagrun for example_sla_dag to 2025-08-11 11:32:00+00:00, run_after=2025-08-11 11:34:00+00:00
[2025-08-11T11:35:59.476+0000] {processor.py:183} INFO - Processing /home/airflow/.local/lib/python3.12/site-packages/airflow/example_dags/example_sla_dag.py took 0.068 seconds
[2025-08-11T11:36:29.608+0000] {processor.py:161} INFO - Started process (PID=179) to work on /home/airflow/.local/lib/python3.12/site-packages/airflow/example_dags/example_sla_dag.py
[2025-08-11T11:36:29.611+0000] {processor.py:830} INFO - Processing file /home/airflow/.local/lib/python3.12/site-packages/airflow/example_dags/example_sla_dag.py for tasks to queue
[2025-08-11T11:36:29.613+0000] {logging_mixin.py:188} INFO - [2025-08-11T11:36:29.612+0000] {dagbag.py:545} INFO - Filling up the DagBag from /home/airflow/.local/lib/python3.12/site-packages/airflow/example_dags/example_sla_dag.py
[2025-08-11T11:36:29.624+0000] {processor.py:840} INFO - DAG(s) 'example_sla_dag' retrieved from /home/airflow/.local/lib/python3.12/site-packages/airflow/example_dags/example_sla_dag.py
[2025-08-11T11:36:29.649+0000] {logging_mixin.py:188} INFO - [2025-08-11T11:36:29.648+0000] {dag.py:3096} INFO - Sync 1 DAGs
[2025-08-11T11:36:29.669+0000] {logging_mixin.py:188} INFO - [2025-08-11T11:36:29.668+0000] {dag.py:3954} INFO - Setting next_dagrun for example_sla_dag to 2025-08-11 11:34:00+00:00, run_after=2025-08-11 11:36:00+00:00
[2025-08-11T11:36:29.682+0000] {processor.py:183} INFO - Processing /home/airflow/.local/lib/python3.12/site-packages/airflow/example_dags/example_sla_dag.py took 0.085 seconds
[2025-08-11T11:36:59.848+0000] {processor.py:161} INFO - Started process (PID=237) to work on /home/airflow/.local/lib/python3.12/site-packages/airflow/example_dags/example_sla_dag.py
[2025-08-11T11:36:59.849+0000] {processor.py:830} INFO - Processing file /home/airflow/.local/lib/python3.12/site-packages/airflow/example_dags/example_sla_dag.py for tasks to queue
[2025-08-11T11:36:59.851+0000] {logging_mixin.py:188} INFO - [2025-08-11T11:36:59.851+0000] {dagbag.py:545} INFO - Filling up the DagBag from /home/airflow/.local/lib/python3.12/site-packages/airflow/example_dags/example_sla_dag.py
[2025-08-11T11:36:59.863+0000] {processor.py:840} INFO - DAG(s) 'example_sla_dag' retrieved from /home/airflow/.local/lib/python3.12/site-packages/airflow/example_dags/example_sla_dag.py
[2025-08-11T11:36:59.889+0000] {logging_mixin.py:188} INFO - [2025-08-11T11:36:59.888+0000] {dag.py:3096} INFO - Sync 1 DAGs
[2025-08-11T11:36:59.909+0000] {logging_mixin.py:188} INFO - [2025-08-11T11:36:59.909+0000] {dag.py:3954} INFO - Setting next_dagrun for example_sla_dag to 2025-08-11 11:34:00+00:00, run_after=2025-08-11 11:36:00+00:00
[2025-08-11T11:36:59.924+0000] {processor.py:183} INFO - Processing /home/airflow/.local/lib/python3.12/site-packages/airflow/example_dags/example_sla_dag.py took 0.083 seconds
[2025-08-11T11:37:30.162+0000] {processor.py:161} INFO - Started process (PID=295) to work on /home/airflow/.local/lib/python3.12/site-packages/airflow/example_dags/example_sla_dag.py
[2025-08-11T11:37:30.163+0000] {processor.py:830} INFO - Processing file /home/airflow/.local/lib/python3.12/site-packages/airflow/example_dags/example_sla_dag.py for tasks to queue
[2025-08-11T11:37:30.164+0000] {logging_mixin.py:188} INFO - [2025-08-11T11:37:30.164+0000] {dagbag.py:545} INFO - Filling up the DagBag from /home/airflow/.local/lib/python3.12/site-packages/airflow/example_dags/example_sla_dag.py
[2025-08-11T11:37:30.174+0000] {processor.py:840} INFO - DAG(s) 'example_sla_dag' retrieved from /home/airflow/.local/lib/python3.12/site-packages/airflow/example_dags/example_sla_dag.py
[2025-08-11T11:37:30.213+0000] {logging_mixin.py:188} INFO - [2025-08-11T11:37:30.213+0000] {dag.py:3096} INFO - Sync 1 DAGs
[2025-08-11T11:37:30.240+0000] {logging_mixin.py:188} INFO - [2025-08-11T11:37:30.239+0000] {dag.py:3954} INFO - Setting next_dagrun for example_sla_dag to 2025-08-11 11:34:00+00:00, run_after=2025-08-11 11:36:00+00:00
[2025-08-11T11:37:30.257+0000] {processor.py:183} INFO - Processing /home/airflow/.local/lib/python3.12/site-packages/airflow/example_dags/example_sla_dag.py took 0.101 seconds
[2025-08-11T11:38:00.816+0000] {processor.py:161} INFO - Started process (PID=352) to work on /home/airflow/.local/lib/python3.12/site-packages/airflow/example_dags/example_sla_dag.py
[2025-08-11T11:38:00.818+0000] {processor.py:830} INFO - Processing file /home/airflow/.local/lib/python3.12/site-packages/airflow/example_dags/example_sla_dag.py for tasks to queue
[2025-08-11T11:38:00.819+0000] {logging_mixin.py:188} INFO - [2025-08-11T11:38:00.819+0000] {dagbag.py:545} INFO - Filling up the DagBag from /home/airflow/.local/lib/python3.12/site-packages/airflow/example_dags/example_sla_dag.py
[2025-08-11T11:38:00.826+0000] {processor.py:840} INFO - DAG(s) 'example_sla_dag' retrieved from /home/airflow/.local/lib/python3.12/site-packages/airflow/example_dags/example_sla_dag.py
[2025-08-11T11:38:00.841+0000] {logging_mixin.py:188} INFO - [2025-08-11T11:38:00.841+0000] {dag.py:3096} INFO - Sync 1 DAGs
[2025-08-11T11:38:00.862+0000] {logging_mixin.py:188} INFO - [2025-08-11T11:38:00.862+0000] {dag.py:3954} INFO - Setting next_dagrun for example_sla_dag to 2025-08-11 11:36:00+00:00, run_after=2025-08-11 11:38:00+00:00
[2025-08-11T11:38:00.874+0000] {processor.py:183} INFO - Processing /home/airflow/.local/lib/python3.12/site-packages/airflow/example_dags/example_sla_dag.py took 0.066 seconds
[2025-08-11T11:38:31.125+0000] {processor.py:161} INFO - Started process (PID=410) to work on /home/airflow/.local/lib/python3.12/site-packages/airflow/example_dags/example_sla_dag.py
[2025-08-11T11:38:31.127+0000] {processor.py:830} INFO - Processing file /home/airflow/.local/lib/python3.12/site-packages/airflow/example_dags/example_sla_dag.py for tasks to queue
[2025-08-11T11:38:31.129+0000] {logging_mixin.py:188} INFO - [2025-08-11T11:38:31.129+0000] {dagbag.py:545} INFO - Filling up the DagBag from /home/airflow/.local/lib/python3.12/site-packages/airflow/example_dags/example_sla_dag.py
[2025-08-11T11:38:31.138+0000] {processor.py:840} INFO - DAG(s) 'example_sla_dag' retrieved from /home/airflow/.local/lib/python3.12/site-packages/airflow/example_dags/example_sla_dag.py
[2025-08-11T11:38:31.160+0000] {logging_mixin.py:188} INFO - [2025-08-11T11:38:31.160+0000] {dag.py:3096} INFO - Sync 1 DAGs
[2025-08-11T11:38:31.184+0000] {logging_mixin.py:188} INFO - [2025-08-11T11:38:31.184+0000] {dag.py:3954} INFO - Setting next_dagrun for example_sla_dag to 2025-08-11 11:36:00+00:00, run_after=2025-08-11 11:38:00+00:00
[2025-08-11T11:38:31.198+0000] {processor.py:183} INFO - Processing /home/airflow/.local/lib/python3.12/site-packages/airflow/example_dags/example_sla_dag.py took 0.080 seconds
[2025-08-11T11:39:01.580+0000] {processor.py:161} INFO - Started process (PID=468) to work on /home/airflow/.local/lib/python3.12/site-packages/airflow/example_dags/example_sla_dag.py
[2025-08-11T11:39:01.582+0000] {processor.py:830} INFO - Processing file /home/airflow/.local/lib/python3.12/site-packages/airflow/example_dags/example_sla_dag.py for tasks to queue
[2025-08-11T11:39:01.584+0000] {logging_mixin.py:188} INFO - [2025-08-11T11:39:01.584+0000] {dagbag.py:545} INFO - Filling up the DagBag from /home/airflow/.local/lib/python3.12/site-packages/airflow/example_dags/example_sla_dag.py
[2025-08-11T11:39:01.594+0000] {processor.py:840} INFO - DAG(s) 'example_sla_dag' retrieved from /home/airflow/.local/lib/python3.12/site-packages/airflow/example_dags/example_sla_dag.py
[2025-08-11T11:39:01.616+0000] {logging_mixin.py:188} INFO - [2025-08-11T11:39:01.616+0000] {dag.py:3096} INFO - Sync 1 DAGs
[2025-08-11T11:39:01.637+0000] {logging_mixin.py:188} INFO - [2025-08-11T11:39:01.637+0000] {dag.py:3954} INFO - Setting next_dagrun for example_sla_dag to 2025-08-11 11:36:00+00:00, run_after=2025-08-11 11:38:00+00:00
[2025-08-11T11:39:01.652+0000] {processor.py:183} INFO - Processing /home/airflow/.local/lib/python3.12/site-packages/airflow/example_dags/example_sla_dag.py took 0.081 seconds
[2025-08-11T11:39:32.002+0000] {processor.py:161} INFO - Started process (PID=526) to work on /home/airflow/.local/lib/python3.12/site-packages/airflow/example_dags/example_sla_dag.py
[2025-08-11T11:39:32.003+0000] {processor.py:830} INFO - Processing file /home/airflow/.local/lib/python3.12/site-packages/airflow/example_dags/example_sla_dag.py for tasks to queue
[2025-08-11T11:39:32.004+0000] {logging_mixin.py:188} INFO - [2025-08-11T11:39:32.004+0000] {dagbag.py:545} INFO - Filling up the DagBag from /home/airflow/.local/lib/python3.12/site-packages/airflow/example_dags/example_sla_dag.py
[2025-08-11T11:39:32.011+0000] {processor.py:840} INFO - DAG(s) 'example_sla_dag' retrieved from /home/airflow/.local/lib/python3.12/site-packages/airflow/example_dags/example_sla_dag.py
[2025-08-11T11:39:32.025+0000] {logging_mixin.py:188} INFO - [2025-08-11T11:39:32.025+0000] {dag.py:3096} INFO - Sync 1 DAGs
[2025-08-11T11:39:32.041+0000] {logging_mixin.py:188} INFO - [2025-08-11T11:39:32.041+0000] {dag.py:3954} INFO - Setting next_dagrun for example_sla_dag to 2025-08-11 11:36:00+00:00, run_after=2025-08-11 11:38:00+00:00
[2025-08-11T11:39:32.052+0000] {processor.py:183} INFO - Processing /home/airflow/.local/lib/python3.12/site-packages/airflow/example_dags/example_sla_dag.py took 0.058 seconds
[2025-08-11T11:40:02.287+0000] {processor.py:161} INFO - Started process (PID=584) to work on /home/airflow/.local/lib/python3.12/site-packages/airflow/example_dags/example_sla_dag.py
[2025-08-11T11:40:02.288+0000] {processor.py:830} INFO - Processing file /home/airflow/.local/lib/python3.12/site-packages/airflow/example_dags/example_sla_dag.py for tasks to queue
[2025-08-11T11:40:02.289+0000] {logging_mixin.py:188} INFO - [2025-08-11T11:40:02.289+0000] {dagbag.py:545} INFO - Filling up the DagBag from /home/airflow/.local/lib/python3.12/site-packages/airflow/example_dags/example_sla_dag.py
[2025-08-11T11:40:02.296+0000] {processor.py:840} INFO - DAG(s) 'example_sla_dag' retrieved from /home/airflow/.local/lib/python3.12/site-packages/airflow/example_dags/example_sla_dag.py
[2025-08-11T11:40:02.311+0000] {logging_mixin.py:188} INFO - [2025-08-11T11:40:02.311+0000] {dag.py:3096} INFO - Sync 1 DAGs
[2025-08-11T11:40:02.334+0000] {logging_mixin.py:188} INFO - [2025-08-11T11:40:02.333+0000] {dag.py:3954} INFO - Setting next_dagrun for example_sla_dag to 2025-08-11 11:38:00+00:00, run_after=2025-08-11 11:40:00+00:00
[2025-08-11T11:40:02.358+0000] {processor.py:183} INFO - Processing /home/airflow/.local/lib/python3.12/site-packages/airflow/example_dags/example_sla_dag.py took 0.076 seconds
[2025-08-11T11:40:32.681+0000] {processor.py:161} INFO - Started process (PID=642) to work on /home/airflow/.local/lib/python3.12/site-packages/airflow/example_dags/example_sla_dag.py
[2025-08-11T11:40:32.683+0000] {processor.py:830} INFO - Processing file /home/airflow/.local/lib/python3.12/site-packages/airflow/example_dags/example_sla_dag.py for tasks to queue
[2025-08-11T11:40:32.684+0000] {logging_mixin.py:188} INFO - [2025-08-11T11:40:32.684+0000] {dagbag.py:545} INFO - Filling up the DagBag from /home/airflow/.local/lib/python3.12/site-packages/airflow/example_dags/example_sla_dag.py
[2025-08-11T11:40:32.693+0000] {processor.py:840} INFO - DAG(s) 'example_sla_dag' retrieved from /home/airflow/.local/lib/python3.12/site-packages/airflow/example_dags/example_sla_dag.py
[2025-08-11T11:40:32.712+0000] {logging_mixin.py:188} INFO - [2025-08-11T11:40:32.712+0000] {dag.py:3096} INFO - Sync 1 DAGs
[2025-08-11T11:40:32.733+0000] {logging_mixin.py:188} INFO - [2025-08-11T11:40:32.733+0000] {dag.py:3954} INFO - Setting next_dagrun for example_sla_dag to 2025-08-11 11:38:00+00:00, run_after=2025-08-11 11:40:00+00:00
[2025-08-11T11:40:32.746+0000] {processor.py:183} INFO - Processing /home/airflow/.local/lib/python3.12/site-packages/airflow/example_dags/example_sla_dag.py took 0.072 seconds
[2025-08-11T11:41:03.212+0000] {processor.py:161} INFO - Started process (PID=700) to work on /home/airflow/.local/lib/python3.12/site-packages/airflow/example_dags/example_sla_dag.py
[2025-08-11T11:41:03.213+0000] {processor.py:830} INFO - Processing file /home/airflow/.local/lib/python3.12/site-packages/airflow/example_dags/example_sla_dag.py for tasks to queue
[2025-08-11T11:41:03.215+0000] {logging_mixin.py:188} INFO - [2025-08-11T11:41:03.215+0000] {dagbag.py:545} INFO - Filling up the DagBag from /home/airflow/.local/lib/python3.12/site-packages/airflow/example_dags/example_sla_dag.py
[2025-08-11T11:41:03.223+0000] {processor.py:840} INFO - DAG(s) 'example_sla_dag' retrieved from /home/airflow/.local/lib/python3.12/site-packages/airflow/example_dags/example_sla_dag.py
[2025-08-11T11:41:03.246+0000] {logging_mixin.py:188} INFO - [2025-08-11T11:41:03.245+0000] {dag.py:3096} INFO - Sync 1 DAGs
[2025-08-11T11:41:03.265+0000] {logging_mixin.py:188} INFO - [2025-08-11T11:41:03.265+0000] {dag.py:3954} INFO - Setting next_dagrun for example_sla_dag to 2025-08-11 11:38:00+00:00, run_after=2025-08-11 11:40:00+00:00
[2025-08-11T11:41:03.277+0000] {processor.py:183} INFO - Processing /home/airflow/.local/lib/python3.12/site-packages/airflow/example_dags/example_sla_dag.py took 0.073 seconds
[2025-08-11T11:41:33.600+0000] {processor.py:161} INFO - Started process (PID=758) to work on /home/airflow/.local/lib/python3.12/site-packages/airflow/example_dags/example_sla_dag.py
[2025-08-11T11:41:33.605+0000] {processor.py:830} INFO - Processing file /home/airflow/.local/lib/python3.12/site-packages/airflow/example_dags/example_sla_dag.py for tasks to queue
[2025-08-11T11:41:33.607+0000] {logging_mixin.py:188} INFO - [2025-08-11T11:41:33.607+0000] {dagbag.py:545} INFO - Filling up the DagBag from /home/airflow/.local/lib/python3.12/site-packages/airflow/example_dags/example_sla_dag.py
[2025-08-11T11:41:33.619+0000] {processor.py:840} INFO - DAG(s) 'example_sla_dag' retrieved from /home/airflow/.local/lib/python3.12/site-packages/airflow/example_dags/example_sla_dag.py
[2025-08-11T11:41:33.644+0000] {logging_mixin.py:188} INFO - [2025-08-11T11:41:33.644+0000] {dag.py:3096} INFO - Sync 1 DAGs
[2025-08-11T11:41:33.672+0000] {logging_mixin.py:188} INFO - [2025-08-11T11:41:33.672+0000] {dag.py:3954} INFO - Setting next_dagrun for example_sla_dag to 2025-08-11 11:38:00+00:00, run_after=2025-08-11 11:40:00+00:00
[2025-08-11T11:41:33.686+0000] {processor.py:183} INFO - Processing /home/airflow/.local/lib/python3.12/site-packages/airflow/example_dags/example_sla_dag.py took 0.093 seconds
[2025-08-11T11:42:03.747+0000] {processor.py:161} INFO - Started process (PID=816) to work on /home/airflow/.local/lib/python3.12/site-packages/airflow/example_dags/example_sla_dag.py
[2025-08-11T11:42:03.749+0000] {processor.py:830} INFO - Processing file /home/airflow/.local/lib/python3.12/site-packages/airflow/example_dags/example_sla_dag.py for tasks to queue
[2025-08-11T11:42:03.750+0000] {logging_mixin.py:188} INFO - [2025-08-11T11:42:03.750+0000] {dagbag.py:545} INFO - Filling up the DagBag from /home/airflow/.local/lib/python3.12/site-packages/airflow/example_dags/example_sla_dag.py
[2025-08-11T11:42:03.759+0000] {processor.py:840} INFO - DAG(s) 'example_sla_dag' retrieved from /home/airflow/.local/lib/python3.12/site-packages/airflow/example_dags/example_sla_dag.py
[2025-08-11T11:42:03.779+0000] {logging_mixin.py:188} INFO - [2025-08-11T11:42:03.779+0000] {dag.py:3096} INFO - Sync 1 DAGs
[2025-08-11T11:42:03.797+0000] {logging_mixin.py:188} INFO - [2025-08-11T11:42:03.797+0000] {dag.py:3954} INFO - Setting next_dagrun for example_sla_dag to 2025-08-11 11:40:00+00:00, run_after=2025-08-11 11:42:00+00:00
[2025-08-11T11:42:03.811+0000] {processor.py:183} INFO - Processing /home/airflow/.local/lib/python3.12/site-packages/airflow/example_dags/example_sla_dag.py took 0.070 seconds
[2025-08-11T11:42:34.298+0000] {processor.py:161} INFO - Started process (PID=874) to work on /home/airflow/.local/lib/python3.12/site-packages/airflow/example_dags/example_sla_dag.py
[2025-08-11T11:42:34.299+0000] {processor.py:830} INFO - Processing file /home/airflow/.local/lib/python3.12/site-packages/airflow/example_dags/example_sla_dag.py for tasks to queue
[2025-08-11T11:42:34.301+0000] {logging_mixin.py:188} INFO - [2025-08-11T11:42:34.300+0000] {dagbag.py:545} INFO - Filling up the DagBag from /home/airflow/.local/lib/python3.12/site-packages/airflow/example_dags/example_sla_dag.py
[2025-08-11T11:42:34.307+0000] {processor.py:840} INFO - DAG(s) 'example_sla_dag' retrieved from /home/airflow/.local/lib/python3.12/site-packages/airflow/example_dags/example_sla_dag.py
[2025-08-11T11:42:34.322+0000] {logging_mixin.py:188} INFO - [2025-08-11T11:42:34.322+0000] {dag.py:3096} INFO - Sync 1 DAGs
[2025-08-11T11:42:34.341+0000] {logging_mixin.py:188} INFO - [2025-08-11T11:42:34.341+0000] {dag.py:3954} INFO - Setting next_dagrun for example_sla_dag to 2025-08-11 11:40:00+00:00, run_after=2025-08-11 11:42:00+00:00
[2025-08-11T11:42:34.353+0000] {processor.py:183} INFO - Processing /home/airflow/.local/lib/python3.12/site-packages/airflow/example_dags/example_sla_dag.py took 0.060 seconds
[2025-08-11T11:43:04.846+0000] {processor.py:161} INFO - Started process (PID=932) to work on /home/airflow/.local/lib/python3.12/site-packages/airflow/example_dags/example_sla_dag.py
[2025-08-11T11:43:04.847+0000] {processor.py:830} INFO - Processing file /home/airflow/.local/lib/python3.12/site-packages/airflow/example_dags/example_sla_dag.py for tasks to queue
[2025-08-11T11:43:04.850+0000] {logging_mixin.py:188} INFO - [2025-08-11T11:43:04.850+0000] {dagbag.py:545} INFO - Filling up the DagBag from /home/airflow/.local/lib/python3.12/site-packages/airflow/example_dags/example_sla_dag.py
[2025-08-11T11:43:04.861+0000] {processor.py:840} INFO - DAG(s) 'example_sla_dag' retrieved from /home/airflow/.local/lib/python3.12/site-packages/airflow/example_dags/example_sla_dag.py
[2025-08-11T11:43:04.886+0000] {logging_mixin.py:188} INFO - [2025-08-11T11:43:04.886+0000] {dag.py:3096} INFO - Sync 1 DAGs
[2025-08-11T11:43:04.910+0000] {logging_mixin.py:188} INFO - [2025-08-11T11:43:04.910+0000] {dag.py:3954} INFO - Setting next_dagrun for example_sla_dag to 2025-08-11 11:40:00+00:00, run_after=2025-08-11 11:42:00+00:00
[2025-08-11T11:43:04.930+0000] {processor.py:183} INFO - Processing /home/airflow/.local/lib/python3.12/site-packages/airflow/example_dags/example_sla_dag.py took 0.092 seconds
[2025-08-11T11:43:34.994+0000] {processor.py:161} INFO - Started process (PID=990) to work on /home/airflow/.local/lib/python3.12/site-packages/airflow/example_dags/example_sla_dag.py
[2025-08-11T11:43:34.999+0000] {processor.py:830} INFO - Processing file /home/airflow/.local/lib/python3.12/site-packages/airflow/example_dags/example_sla_dag.py for tasks to queue
[2025-08-11T11:43:35.000+0000] {logging_mixin.py:188} INFO - [2025-08-11T11:43:35.000+0000] {dagbag.py:545} INFO - Filling up the DagBag from /home/airflow/.local/lib/python3.12/site-packages/airflow/example_dags/example_sla_dag.py
[2025-08-11T11:43:35.008+0000] {processor.py:840} INFO - DAG(s) 'example_sla_dag' retrieved from /home/airflow/.local/lib/python3.12/site-packages/airflow/example_dags/example_sla_dag.py
[2025-08-11T11:43:35.024+0000] {logging_mixin.py:188} INFO - [2025-08-11T11:43:35.024+0000] {dag.py:3096} INFO - Sync 1 DAGs
[2025-08-11T11:43:35.044+0000] {logging_mixin.py:188} INFO - [2025-08-11T11:43:35.044+0000] {dag.py:3954} INFO - Setting next_dagrun for example_sla_dag to 2025-08-11 11:40:00+00:00, run_after=2025-08-11 11:42:00+00:00
[2025-08-11T11:43:35.061+0000] {processor.py:183} INFO - Processing /home/airflow/.local/lib/python3.12/site-packages/airflow/example_dags/example_sla_dag.py took 0.072 seconds
[2025-08-11T11:44:05.348+0000] {processor.py:161} INFO - Started process (PID=1048) to work on /home/airflow/.local/lib/python3.12/site-packages/airflow/example_dags/example_sla_dag.py
[2025-08-11T11:44:05.349+0000] {processor.py:830} INFO - Processing file /home/airflow/.local/lib/python3.12/site-packages/airflow/example_dags/example_sla_dag.py for tasks to queue
[2025-08-11T11:44:05.351+0000] {logging_mixin.py:188} INFO - [2025-08-11T11:44:05.351+0000] {dagbag.py:545} INFO - Filling up the DagBag from /home/airflow/.local/lib/python3.12/site-packages/airflow/example_dags/example_sla_dag.py
[2025-08-11T11:44:05.359+0000] {processor.py:840} INFO - DAG(s) 'example_sla_dag' retrieved from /home/airflow/.local/lib/python3.12/site-packages/airflow/example_dags/example_sla_dag.py
[2025-08-11T11:44:05.374+0000] {logging_mixin.py:188} INFO - [2025-08-11T11:44:05.374+0000] {dag.py:3096} INFO - Sync 1 DAGs
[2025-08-11T11:44:05.391+0000] {logging_mixin.py:188} INFO - [2025-08-11T11:44:05.391+0000] {dag.py:3954} INFO - Setting next_dagrun for example_sla_dag to 2025-08-11 11:42:00+00:00, run_after=2025-08-11 11:44:00+00:00
[2025-08-11T11:44:05.406+0000] {processor.py:183} INFO - Processing /home/airflow/.local/lib/python3.12/site-packages/airflow/example_dags/example_sla_dag.py took 0.064 seconds
[2025-08-11T11:44:35.644+0000] {processor.py:161} INFO - Started process (PID=1106) to work on /home/airflow/.local/lib/python3.12/site-packages/airflow/example_dags/example_sla_dag.py
[2025-08-11T11:44:35.646+0000] {processor.py:830} INFO - Processing file /home/airflow/.local/lib/python3.12/site-packages/airflow/example_dags/example_sla_dag.py for tasks to queue
[2025-08-11T11:44:35.648+0000] {logging_mixin.py:188} INFO - [2025-08-11T11:44:35.648+0000] {dagbag.py:545} INFO - Filling up the DagBag from /home/airflow/.local/lib/python3.12/site-packages/airflow/example_dags/example_sla_dag.py
[2025-08-11T11:44:35.659+0000] {processor.py:840} INFO - DAG(s) 'example_sla_dag' retrieved from /home/airflow/.local/lib/python3.12/site-packages/airflow/example_dags/example_sla_dag.py
[2025-08-11T11:44:35.675+0000] {logging_mixin.py:188} INFO - [2025-08-11T11:44:35.674+0000] {dag.py:3096} INFO - Sync 1 DAGs
[2025-08-11T11:44:35.690+0000] {logging_mixin.py:188} INFO - [2025-08-11T11:44:35.690+0000] {dag.py:3954} INFO - Setting next_dagrun for example_sla_dag to 2025-08-11 11:42:00+00:00, run_after=2025-08-11 11:44:00+00:00
[2025-08-11T11:44:35.703+0000] {processor.py:183} INFO - Processing /home/airflow/.local/lib/python3.12/site-packages/airflow/example_dags/example_sla_dag.py took 0.065 seconds
[2025-08-11T11:45:06.230+0000] {processor.py:161} INFO - Started process (PID=1164) to work on /home/airflow/.local/lib/python3.12/site-packages/airflow/example_dags/example_sla_dag.py
[2025-08-11T11:45:06.235+0000] {processor.py:830} INFO - Processing file /home/airflow/.local/lib/python3.12/site-packages/airflow/example_dags/example_sla_dag.py for tasks to queue
[2025-08-11T11:45:06.238+0000] {logging_mixin.py:188} INFO - [2025-08-11T11:45:06.237+0000] {dagbag.py:545} INFO - Filling up the DagBag from /home/airflow/.local/lib/python3.12/site-packages/airflow/example_dags/example_sla_dag.py
[2025-08-11T11:45:06.258+0000] {processor.py:840} INFO - DAG(s) 'example_sla_dag' retrieved from /home/airflow/.local/lib/python3.12/site-packages/airflow/example_dags/example_sla_dag.py
[2025-08-11T11:45:06.283+0000] {logging_mixin.py:188} INFO - [2025-08-11T11:45:06.283+0000] {dag.py:3096} INFO - Sync 1 DAGs
[2025-08-11T11:45:06.311+0000] {logging_mixin.py:188} INFO - [2025-08-11T11:45:06.311+0000] {dag.py:3954} INFO - Setting next_dagrun for example_sla_dag to 2025-08-11 11:42:00+00:00, run_after=2025-08-11 11:44:00+00:00
[2025-08-11T11:45:06.330+0000] {processor.py:183} INFO - Processing /home/airflow/.local/lib/python3.12/site-packages/airflow/example_dags/example_sla_dag.py took 0.117 seconds
[2025-08-11T11:45:36.506+0000] {processor.py:161} INFO - Started process (PID=1222) to work on /home/airflow/.local/lib/python3.12/site-packages/airflow/example_dags/example_sla_dag.py
[2025-08-11T11:45:36.507+0000] {processor.py:830} INFO - Processing file /home/airflow/.local/lib/python3.12/site-packages/airflow/example_dags/example_sla_dag.py for tasks to queue
[2025-08-11T11:45:36.509+0000] {logging_mixin.py:188} INFO - [2025-08-11T11:45:36.509+0000] {dagbag.py:545} INFO - Filling up the DagBag from /home/airflow/.local/lib/python3.12/site-packages/airflow/example_dags/example_sla_dag.py
[2025-08-11T11:45:36.516+0000] {processor.py:840} INFO - DAG(s) 'example_sla_dag' retrieved from /home/airflow/.local/lib/python3.12/site-packages/airflow/example_dags/example_sla_dag.py
[2025-08-11T11:45:36.532+0000] {logging_mixin.py:188} INFO - [2025-08-11T11:45:36.532+0000] {dag.py:3096} INFO - Sync 1 DAGs
[2025-08-11T11:45:36.558+0000] {logging_mixin.py:188} INFO - [2025-08-11T11:45:36.558+0000] {dag.py:3954} INFO - Setting next_dagrun for example_sla_dag to 2025-08-11 11:42:00+00:00, run_after=2025-08-11 11:44:00+00:00
[2025-08-11T11:45:36.580+0000] {processor.py:183} INFO - Processing /home/airflow/.local/lib/python3.12/site-packages/airflow/example_dags/example_sla_dag.py took 0.081 seconds
[2025-08-11T11:46:06.883+0000] {processor.py:161} INFO - Started process (PID=1281) to work on /home/airflow/.local/lib/python3.12/site-packages/airflow/example_dags/example_sla_dag.py
[2025-08-11T11:46:06.884+0000] {processor.py:830} INFO - Processing file /home/airflow/.local/lib/python3.12/site-packages/airflow/example_dags/example_sla_dag.py for tasks to queue
[2025-08-11T11:46:06.886+0000] {logging_mixin.py:188} INFO - [2025-08-11T11:46:06.885+0000] {dagbag.py:545} INFO - Filling up the DagBag from /home/airflow/.local/lib/python3.12/site-packages/airflow/example_dags/example_sla_dag.py
[2025-08-11T11:46:06.891+0000] {processor.py:840} INFO - DAG(s) 'example_sla_dag' retrieved from /home/airflow/.local/lib/python3.12/site-packages/airflow/example_dags/example_sla_dag.py
[2025-08-11T11:46:06.907+0000] {logging_mixin.py:188} INFO - [2025-08-11T11:46:06.907+0000] {dag.py:3096} INFO - Sync 1 DAGs
[2025-08-11T11:46:06.924+0000] {logging_mixin.py:188} INFO - [2025-08-11T11:46:06.924+0000] {dag.py:3954} INFO - Setting next_dagrun for example_sla_dag to 2025-08-11 11:44:00+00:00, run_after=2025-08-11 11:46:00+00:00
[2025-08-11T11:46:06.938+0000] {processor.py:183} INFO - Processing /home/airflow/.local/lib/python3.12/site-packages/airflow/example_dags/example_sla_dag.py took 0.060 seconds
