[2025-08-11T11:35:32.391+0000] {processor.py:161} INFO - Started process (PID=85) to work on /home/airflow/.local/lib/python3.12/site-packages/airflow/example_dags/example_subdag_operator.py
[2025-08-11T11:35:32.392+0000] {processor.py:830} INFO - Processing file /home/airflow/.local/lib/python3.12/site-packages/airflow/example_dags/example_subdag_operator.py for tasks to queue
[2025-08-11T11:35:32.395+0000] {logging_mixin.py:188} INFO - [2025-08-11T11:35:32.395+0000] {dagbag.py:545} INFO - Filling up the DagBag from /home/airflow/.local/lib/python3.12/site-packages/airflow/example_dags/example_subdag_operator.py
[2025-08-11T11:35:32.423+0000] {processor.py:840} INFO - DAG(s) 'example_subdag_operator.section-1', 'example_subdag_operator.section-2', 'example_subdag_operator' retrieved from /home/airflow/.local/lib/python3.12/site-packages/airflow/example_dags/example_subdag_operator.py
[2025-08-11T11:35:32.533+0000] {logging_mixin.py:188} INFO - [2025-08-11T11:35:32.533+0000] {override.py:1829} INFO - Created Permission View: can read on DAG:example_subdag_operator
[2025-08-11T11:35:32.546+0000] {logging_mixin.py:188} INFO - [2025-08-11T11:35:32.546+0000] {override.py:1829} INFO - Created Permission View: can delete on DAG:example_subdag_operator
[2025-08-11T11:35:32.550+0000] {logging_mixin.py:188} INFO - [2025-08-11T11:35:32.550+0000] {override.py:1829} INFO - Created Permission View: can edit on DAG:example_subdag_operator
[2025-08-11T11:35:32.551+0000] {logging_mixin.py:188} INFO - [2025-08-11T11:35:32.551+0000] {dag.py:3096} INFO - Sync 3 DAGs
[2025-08-11T11:35:32.559+0000] {logging_mixin.py:188} INFO - [2025-08-11T11:35:32.559+0000] {dag.py:3118} INFO - Creating ORM DAG for example_subdag_operator.section-1
[2025-08-11T11:35:32.560+0000] {logging_mixin.py:188} INFO - [2025-08-11T11:35:32.559+0000] {dag.py:3118} INFO - Creating ORM DAG for example_subdag_operator
[2025-08-11T11:35:32.560+0000] {logging_mixin.py:188} INFO - [2025-08-11T11:35:32.560+0000] {dag.py:3118} INFO - Creating ORM DAG for example_subdag_operator.section-2
[2025-08-11T11:35:32.567+0000] {logging_mixin.py:188} INFO - [2025-08-11T11:35:32.567+0000] {dag.py:3954} INFO - Setting next_dagrun for example_subdag_operator to 2022-01-01 00:00:00+00:00, run_after=2022-01-01 00:00:00+00:00
[2025-08-11T11:35:32.568+0000] {logging_mixin.py:188} INFO - [2025-08-11T11:35:32.567+0000] {dag.py:3954} INFO - Setting next_dagrun for example_subdag_operator.section-1 to None, run_after=None
[2025-08-11T11:35:32.568+0000] {logging_mixin.py:188} INFO - [2025-08-11T11:35:32.568+0000] {dag.py:3954} INFO - Setting next_dagrun for example_subdag_operator.section-2 to None, run_after=None
[2025-08-11T11:35:32.576+0000] {logging_mixin.py:188} INFO - [2025-08-11T11:35:32.576+0000] {dag.py:3096} INFO - Sync 2 DAGs
[2025-08-11T11:35:32.582+0000] {logging_mixin.py:188} INFO - [2025-08-11T11:35:32.582+0000] {dag.py:3954} INFO - Setting next_dagrun for example_subdag_operator.section-1 to None, run_after=None
[2025-08-11T11:35:32.586+0000] {logging_mixin.py:188} INFO - [2025-08-11T11:35:32.586+0000] {dag.py:3954} INFO - Setting next_dagrun for example_subdag_operator.section-2 to None, run_after=None
[2025-08-11T11:35:32.595+0000] {processor.py:183} INFO - Processing /home/airflow/.local/lib/python3.12/site-packages/airflow/example_dags/example_subdag_operator.py took 0.211 seconds
[2025-08-11T11:36:03.433+0000] {processor.py:161} INFO - Started process (PID=143) to work on /home/airflow/.local/lib/python3.12/site-packages/airflow/example_dags/example_subdag_operator.py
[2025-08-11T11:36:03.434+0000] {processor.py:830} INFO - Processing file /home/airflow/.local/lib/python3.12/site-packages/airflow/example_dags/example_subdag_operator.py for tasks to queue
[2025-08-11T11:36:03.436+0000] {logging_mixin.py:188} INFO - [2025-08-11T11:36:03.436+0000] {dagbag.py:545} INFO - Filling up the DagBag from /home/airflow/.local/lib/python3.12/site-packages/airflow/example_dags/example_subdag_operator.py
[2025-08-11T11:36:03.465+0000] {processor.py:840} INFO - DAG(s) 'example_subdag_operator.section-1', 'example_subdag_operator.section-2', 'example_subdag_operator' retrieved from /home/airflow/.local/lib/python3.12/site-packages/airflow/example_dags/example_subdag_operator.py
[2025-08-11T11:36:03.486+0000] {logging_mixin.py:188} INFO - [2025-08-11T11:36:03.486+0000] {dag.py:3096} INFO - Sync 3 DAGs
[2025-08-11T11:36:03.512+0000] {logging_mixin.py:188} INFO - [2025-08-11T11:36:03.512+0000] {dag.py:3954} INFO - Setting next_dagrun for example_subdag_operator to 2022-01-01 00:00:00+00:00, run_after=2022-01-01 00:00:00+00:00
[2025-08-11T11:36:03.522+0000] {logging_mixin.py:188} INFO - [2025-08-11T11:36:03.521+0000] {dag.py:3954} INFO - Setting next_dagrun for example_subdag_operator.section-1 to None, run_after=None
[2025-08-11T11:36:03.525+0000] {logging_mixin.py:188} INFO - [2025-08-11T11:36:03.524+0000] {dag.py:3954} INFO - Setting next_dagrun for example_subdag_operator.section-2 to None, run_after=None
[2025-08-11T11:36:03.536+0000] {logging_mixin.py:188} INFO - [2025-08-11T11:36:03.536+0000] {dag.py:3096} INFO - Sync 2 DAGs
[2025-08-11T11:36:03.553+0000] {logging_mixin.py:188} INFO - [2025-08-11T11:36:03.552+0000] {dag.py:3954} INFO - Setting next_dagrun for example_subdag_operator.section-1 to None, run_after=None
[2025-08-11T11:36:03.554+0000] {logging_mixin.py:188} INFO - [2025-08-11T11:36:03.554+0000] {dag.py:3954} INFO - Setting next_dagrun for example_subdag_operator.section-2 to None, run_after=None
[2025-08-11T11:36:03.580+0000] {processor.py:183} INFO - Processing /home/airflow/.local/lib/python3.12/site-packages/airflow/example_dags/example_subdag_operator.py took 0.151 seconds
[2025-08-11T11:36:34.451+0000] {processor.py:161} INFO - Started process (PID=201) to work on /home/airflow/.local/lib/python3.12/site-packages/airflow/example_dags/example_subdag_operator.py
[2025-08-11T11:36:34.453+0000] {processor.py:830} INFO - Processing file /home/airflow/.local/lib/python3.12/site-packages/airflow/example_dags/example_subdag_operator.py for tasks to queue
[2025-08-11T11:36:34.455+0000] {logging_mixin.py:188} INFO - [2025-08-11T11:36:34.455+0000] {dagbag.py:545} INFO - Filling up the DagBag from /home/airflow/.local/lib/python3.12/site-packages/airflow/example_dags/example_subdag_operator.py
[2025-08-11T11:36:34.487+0000] {processor.py:840} INFO - DAG(s) 'example_subdag_operator.section-1', 'example_subdag_operator.section-2', 'example_subdag_operator' retrieved from /home/airflow/.local/lib/python3.12/site-packages/airflow/example_dags/example_subdag_operator.py
[2025-08-11T11:36:34.503+0000] {logging_mixin.py:188} INFO - [2025-08-11T11:36:34.502+0000] {dag.py:3096} INFO - Sync 3 DAGs
[2025-08-11T11:36:34.522+0000] {logging_mixin.py:188} INFO - [2025-08-11T11:36:34.521+0000] {dag.py:3954} INFO - Setting next_dagrun for example_subdag_operator to 2022-01-01 00:00:00+00:00, run_after=2022-01-01 00:00:00+00:00
[2025-08-11T11:36:34.524+0000] {logging_mixin.py:188} INFO - [2025-08-11T11:36:34.524+0000] {dag.py:3954} INFO - Setting next_dagrun for example_subdag_operator.section-1 to None, run_after=None
[2025-08-11T11:36:34.526+0000] {logging_mixin.py:188} INFO - [2025-08-11T11:36:34.526+0000] {dag.py:3954} INFO - Setting next_dagrun for example_subdag_operator.section-2 to None, run_after=None
[2025-08-11T11:36:34.532+0000] {logging_mixin.py:188} INFO - [2025-08-11T11:36:34.532+0000] {dag.py:3096} INFO - Sync 2 DAGs
[2025-08-11T11:36:34.538+0000] {logging_mixin.py:188} INFO - [2025-08-11T11:36:34.538+0000] {dag.py:3954} INFO - Setting next_dagrun for example_subdag_operator.section-1 to None, run_after=None
[2025-08-11T11:36:34.539+0000] {logging_mixin.py:188} INFO - [2025-08-11T11:36:34.538+0000] {dag.py:3954} INFO - Setting next_dagrun for example_subdag_operator.section-2 to None, run_after=None
[2025-08-11T11:36:34.548+0000] {processor.py:183} INFO - Processing /home/airflow/.local/lib/python3.12/site-packages/airflow/example_dags/example_subdag_operator.py took 0.103 seconds
[2025-08-11T11:37:04.752+0000] {processor.py:161} INFO - Started process (PID=259) to work on /home/airflow/.local/lib/python3.12/site-packages/airflow/example_dags/example_subdag_operator.py
[2025-08-11T11:37:04.753+0000] {processor.py:830} INFO - Processing file /home/airflow/.local/lib/python3.12/site-packages/airflow/example_dags/example_subdag_operator.py for tasks to queue
[2025-08-11T11:37:04.754+0000] {logging_mixin.py:188} INFO - [2025-08-11T11:37:04.754+0000] {dagbag.py:545} INFO - Filling up the DagBag from /home/airflow/.local/lib/python3.12/site-packages/airflow/example_dags/example_subdag_operator.py
[2025-08-11T11:37:04.775+0000] {processor.py:840} INFO - DAG(s) 'example_subdag_operator.section-1', 'example_subdag_operator.section-2', 'example_subdag_operator' retrieved from /home/airflow/.local/lib/python3.12/site-packages/airflow/example_dags/example_subdag_operator.py
[2025-08-11T11:37:04.791+0000] {logging_mixin.py:188} INFO - [2025-08-11T11:37:04.790+0000] {dag.py:3096} INFO - Sync 3 DAGs
[2025-08-11T11:37:04.810+0000] {logging_mixin.py:188} INFO - [2025-08-11T11:37:04.810+0000] {dag.py:3954} INFO - Setting next_dagrun for example_subdag_operator to 2022-01-01 00:00:00+00:00, run_after=2022-01-01 00:00:00+00:00
[2025-08-11T11:37:04.813+0000] {logging_mixin.py:188} INFO - [2025-08-11T11:37:04.813+0000] {dag.py:3954} INFO - Setting next_dagrun for example_subdag_operator.section-1 to None, run_after=None
[2025-08-11T11:37:04.814+0000] {logging_mixin.py:188} INFO - [2025-08-11T11:37:04.813+0000] {dag.py:3954} INFO - Setting next_dagrun for example_subdag_operator.section-2 to None, run_after=None
[2025-08-11T11:37:04.820+0000] {logging_mixin.py:188} INFO - [2025-08-11T11:37:04.819+0000] {dag.py:3096} INFO - Sync 2 DAGs
[2025-08-11T11:37:04.825+0000] {logging_mixin.py:188} INFO - [2025-08-11T11:37:04.825+0000] {dag.py:3954} INFO - Setting next_dagrun for example_subdag_operator.section-1 to None, run_after=None
[2025-08-11T11:37:04.825+0000] {logging_mixin.py:188} INFO - [2025-08-11T11:37:04.825+0000] {dag.py:3954} INFO - Setting next_dagrun for example_subdag_operator.section-2 to None, run_after=None
[2025-08-11T11:37:04.833+0000] {processor.py:183} INFO - Processing /home/airflow/.local/lib/python3.12/site-packages/airflow/example_dags/example_subdag_operator.py took 0.085 seconds
[2025-08-11T11:37:35.211+0000] {processor.py:161} INFO - Started process (PID=317) to work on /home/airflow/.local/lib/python3.12/site-packages/airflow/example_dags/example_subdag_operator.py
[2025-08-11T11:37:35.212+0000] {processor.py:830} INFO - Processing file /home/airflow/.local/lib/python3.12/site-packages/airflow/example_dags/example_subdag_operator.py for tasks to queue
[2025-08-11T11:37:35.214+0000] {logging_mixin.py:188} INFO - [2025-08-11T11:37:35.213+0000] {dagbag.py:545} INFO - Filling up the DagBag from /home/airflow/.local/lib/python3.12/site-packages/airflow/example_dags/example_subdag_operator.py
[2025-08-11T11:37:35.247+0000] {processor.py:840} INFO - DAG(s) 'example_subdag_operator.section-1', 'example_subdag_operator.section-2', 'example_subdag_operator' retrieved from /home/airflow/.local/lib/python3.12/site-packages/airflow/example_dags/example_subdag_operator.py
[2025-08-11T11:37:35.260+0000] {logging_mixin.py:188} INFO - [2025-08-11T11:37:35.260+0000] {dag.py:3096} INFO - Sync 3 DAGs
[2025-08-11T11:37:35.283+0000] {logging_mixin.py:188} INFO - [2025-08-11T11:37:35.282+0000] {dag.py:3954} INFO - Setting next_dagrun for example_subdag_operator to 2022-01-01 00:00:00+00:00, run_after=2022-01-01 00:00:00+00:00
[2025-08-11T11:37:35.286+0000] {logging_mixin.py:188} INFO - [2025-08-11T11:37:35.286+0000] {dag.py:3954} INFO - Setting next_dagrun for example_subdag_operator.section-1 to None, run_after=None
[2025-08-11T11:37:35.287+0000] {logging_mixin.py:188} INFO - [2025-08-11T11:37:35.287+0000] {dag.py:3954} INFO - Setting next_dagrun for example_subdag_operator.section-2 to None, run_after=None
[2025-08-11T11:37:35.294+0000] {logging_mixin.py:188} INFO - [2025-08-11T11:37:35.293+0000] {dag.py:3096} INFO - Sync 2 DAGs
[2025-08-11T11:37:35.299+0000] {logging_mixin.py:188} INFO - [2025-08-11T11:37:35.299+0000] {dag.py:3954} INFO - Setting next_dagrun for example_subdag_operator.section-1 to None, run_after=None
[2025-08-11T11:37:35.301+0000] {logging_mixin.py:188} INFO - [2025-08-11T11:37:35.301+0000] {dag.py:3954} INFO - Setting next_dagrun for example_subdag_operator.section-2 to None, run_after=None
[2025-08-11T11:37:35.309+0000] {processor.py:183} INFO - Processing /home/airflow/.local/lib/python3.12/site-packages/airflow/example_dags/example_subdag_operator.py took 0.105 seconds
[2025-08-11T11:38:05.594+0000] {processor.py:161} INFO - Started process (PID=374) to work on /home/airflow/.local/lib/python3.12/site-packages/airflow/example_dags/example_subdag_operator.py
[2025-08-11T11:38:05.596+0000] {processor.py:830} INFO - Processing file /home/airflow/.local/lib/python3.12/site-packages/airflow/example_dags/example_subdag_operator.py for tasks to queue
[2025-08-11T11:38:05.598+0000] {logging_mixin.py:188} INFO - [2025-08-11T11:38:05.598+0000] {dagbag.py:545} INFO - Filling up the DagBag from /home/airflow/.local/lib/python3.12/site-packages/airflow/example_dags/example_subdag_operator.py
[2025-08-11T11:38:05.634+0000] {processor.py:840} INFO - DAG(s) 'example_subdag_operator.section-1', 'example_subdag_operator.section-2', 'example_subdag_operator' retrieved from /home/airflow/.local/lib/python3.12/site-packages/airflow/example_dags/example_subdag_operator.py
[2025-08-11T11:38:05.650+0000] {logging_mixin.py:188} INFO - [2025-08-11T11:38:05.650+0000] {dag.py:3096} INFO - Sync 3 DAGs
[2025-08-11T11:38:05.672+0000] {logging_mixin.py:188} INFO - [2025-08-11T11:38:05.672+0000] {dag.py:3954} INFO - Setting next_dagrun for example_subdag_operator to 2022-01-01 00:00:00+00:00, run_after=2022-01-01 00:00:00+00:00
[2025-08-11T11:38:05.675+0000] {logging_mixin.py:188} INFO - [2025-08-11T11:38:05.675+0000] {dag.py:3954} INFO - Setting next_dagrun for example_subdag_operator.section-1 to None, run_after=None
[2025-08-11T11:38:05.676+0000] {logging_mixin.py:188} INFO - [2025-08-11T11:38:05.676+0000] {dag.py:3954} INFO - Setting next_dagrun for example_subdag_operator.section-2 to None, run_after=None
[2025-08-11T11:38:05.682+0000] {logging_mixin.py:188} INFO - [2025-08-11T11:38:05.682+0000] {dag.py:3096} INFO - Sync 2 DAGs
[2025-08-11T11:38:05.686+0000] {logging_mixin.py:188} INFO - [2025-08-11T11:38:05.686+0000] {dag.py:3954} INFO - Setting next_dagrun for example_subdag_operator.section-1 to None, run_after=None
[2025-08-11T11:38:05.686+0000] {logging_mixin.py:188} INFO - [2025-08-11T11:38:05.686+0000] {dag.py:3954} INFO - Setting next_dagrun for example_subdag_operator.section-2 to None, run_after=None
[2025-08-11T11:38:05.693+0000] {processor.py:183} INFO - Processing /home/airflow/.local/lib/python3.12/site-packages/airflow/example_dags/example_subdag_operator.py took 0.105 seconds
[2025-08-11T11:38:36.097+0000] {processor.py:161} INFO - Started process (PID=432) to work on /home/airflow/.local/lib/python3.12/site-packages/airflow/example_dags/example_subdag_operator.py
[2025-08-11T11:38:36.098+0000] {processor.py:830} INFO - Processing file /home/airflow/.local/lib/python3.12/site-packages/airflow/example_dags/example_subdag_operator.py for tasks to queue
[2025-08-11T11:38:36.103+0000] {logging_mixin.py:188} INFO - [2025-08-11T11:38:36.102+0000] {dagbag.py:545} INFO - Filling up the DagBag from /home/airflow/.local/lib/python3.12/site-packages/airflow/example_dags/example_subdag_operator.py
[2025-08-11T11:38:36.123+0000] {processor.py:840} INFO - DAG(s) 'example_subdag_operator.section-1', 'example_subdag_operator.section-2', 'example_subdag_operator' retrieved from /home/airflow/.local/lib/python3.12/site-packages/airflow/example_dags/example_subdag_operator.py
[2025-08-11T11:38:36.136+0000] {logging_mixin.py:188} INFO - [2025-08-11T11:38:36.135+0000] {dag.py:3096} INFO - Sync 3 DAGs
[2025-08-11T11:38:36.153+0000] {logging_mixin.py:188} INFO - [2025-08-11T11:38:36.153+0000] {dag.py:3954} INFO - Setting next_dagrun for example_subdag_operator to 2022-01-01 00:00:00+00:00, run_after=2022-01-01 00:00:00+00:00
[2025-08-11T11:38:36.156+0000] {logging_mixin.py:188} INFO - [2025-08-11T11:38:36.156+0000] {dag.py:3954} INFO - Setting next_dagrun for example_subdag_operator.section-1 to None, run_after=None
[2025-08-11T11:38:36.158+0000] {logging_mixin.py:188} INFO - [2025-08-11T11:38:36.157+0000] {dag.py:3954} INFO - Setting next_dagrun for example_subdag_operator.section-2 to None, run_after=None
[2025-08-11T11:38:36.164+0000] {logging_mixin.py:188} INFO - [2025-08-11T11:38:36.164+0000] {dag.py:3096} INFO - Sync 2 DAGs
[2025-08-11T11:38:36.168+0000] {logging_mixin.py:188} INFO - [2025-08-11T11:38:36.168+0000] {dag.py:3954} INFO - Setting next_dagrun for example_subdag_operator.section-1 to None, run_after=None
[2025-08-11T11:38:36.168+0000] {logging_mixin.py:188} INFO - [2025-08-11T11:38:36.168+0000] {dag.py:3954} INFO - Setting next_dagrun for example_subdag_operator.section-2 to None, run_after=None
[2025-08-11T11:38:36.176+0000] {processor.py:183} INFO - Processing /home/airflow/.local/lib/python3.12/site-packages/airflow/example_dags/example_subdag_operator.py took 0.085 seconds
[2025-08-11T11:39:06.492+0000] {processor.py:161} INFO - Started process (PID=490) to work on /home/airflow/.local/lib/python3.12/site-packages/airflow/example_dags/example_subdag_operator.py
[2025-08-11T11:39:06.493+0000] {processor.py:830} INFO - Processing file /home/airflow/.local/lib/python3.12/site-packages/airflow/example_dags/example_subdag_operator.py for tasks to queue
[2025-08-11T11:39:06.495+0000] {logging_mixin.py:188} INFO - [2025-08-11T11:39:06.494+0000] {dagbag.py:545} INFO - Filling up the DagBag from /home/airflow/.local/lib/python3.12/site-packages/airflow/example_dags/example_subdag_operator.py
[2025-08-11T11:39:06.513+0000] {processor.py:840} INFO - DAG(s) 'example_subdag_operator.section-1', 'example_subdag_operator.section-2', 'example_subdag_operator' retrieved from /home/airflow/.local/lib/python3.12/site-packages/airflow/example_dags/example_subdag_operator.py
[2025-08-11T11:39:06.522+0000] {logging_mixin.py:188} INFO - [2025-08-11T11:39:06.522+0000] {dag.py:3096} INFO - Sync 3 DAGs
[2025-08-11T11:39:06.536+0000] {logging_mixin.py:188} INFO - [2025-08-11T11:39:06.536+0000] {dag.py:3954} INFO - Setting next_dagrun for example_subdag_operator to 2022-01-01 00:00:00+00:00, run_after=2022-01-01 00:00:00+00:00
[2025-08-11T11:39:06.540+0000] {logging_mixin.py:188} INFO - [2025-08-11T11:39:06.539+0000] {dag.py:3954} INFO - Setting next_dagrun for example_subdag_operator.section-1 to None, run_after=None
[2025-08-11T11:39:06.541+0000] {logging_mixin.py:188} INFO - [2025-08-11T11:39:06.541+0000] {dag.py:3954} INFO - Setting next_dagrun for example_subdag_operator.section-2 to None, run_after=None
[2025-08-11T11:39:06.547+0000] {logging_mixin.py:188} INFO - [2025-08-11T11:39:06.547+0000] {dag.py:3096} INFO - Sync 2 DAGs
[2025-08-11T11:39:06.551+0000] {logging_mixin.py:188} INFO - [2025-08-11T11:39:06.551+0000] {dag.py:3954} INFO - Setting next_dagrun for example_subdag_operator.section-1 to None, run_after=None
[2025-08-11T11:39:06.551+0000] {logging_mixin.py:188} INFO - [2025-08-11T11:39:06.551+0000] {dag.py:3954} INFO - Setting next_dagrun for example_subdag_operator.section-2 to None, run_after=None
[2025-08-11T11:39:06.559+0000] {processor.py:183} INFO - Processing /home/airflow/.local/lib/python3.12/site-packages/airflow/example_dags/example_subdag_operator.py took 0.071 seconds
[2025-08-11T11:39:36.799+0000] {processor.py:161} INFO - Started process (PID=548) to work on /home/airflow/.local/lib/python3.12/site-packages/airflow/example_dags/example_subdag_operator.py
[2025-08-11T11:39:36.800+0000] {processor.py:830} INFO - Processing file /home/airflow/.local/lib/python3.12/site-packages/airflow/example_dags/example_subdag_operator.py for tasks to queue
[2025-08-11T11:39:36.801+0000] {logging_mixin.py:188} INFO - [2025-08-11T11:39:36.801+0000] {dagbag.py:545} INFO - Filling up the DagBag from /home/airflow/.local/lib/python3.12/site-packages/airflow/example_dags/example_subdag_operator.py
[2025-08-11T11:39:36.816+0000] {processor.py:840} INFO - DAG(s) 'example_subdag_operator.section-1', 'example_subdag_operator.section-2', 'example_subdag_operator' retrieved from /home/airflow/.local/lib/python3.12/site-packages/airflow/example_dags/example_subdag_operator.py
[2025-08-11T11:39:36.826+0000] {logging_mixin.py:188} INFO - [2025-08-11T11:39:36.826+0000] {dag.py:3096} INFO - Sync 3 DAGs
[2025-08-11T11:39:36.838+0000] {logging_mixin.py:188} INFO - [2025-08-11T11:39:36.838+0000] {dag.py:3954} INFO - Setting next_dagrun for example_subdag_operator to 2022-01-01 00:00:00+00:00, run_after=2022-01-01 00:00:00+00:00
[2025-08-11T11:39:36.840+0000] {logging_mixin.py:188} INFO - [2025-08-11T11:39:36.840+0000] {dag.py:3954} INFO - Setting next_dagrun for example_subdag_operator.section-1 to None, run_after=None
[2025-08-11T11:39:36.841+0000] {logging_mixin.py:188} INFO - [2025-08-11T11:39:36.841+0000] {dag.py:3954} INFO - Setting next_dagrun for example_subdag_operator.section-2 to None, run_after=None
[2025-08-11T11:39:36.845+0000] {logging_mixin.py:188} INFO - [2025-08-11T11:39:36.845+0000] {dag.py:3096} INFO - Sync 2 DAGs
[2025-08-11T11:39:36.848+0000] {logging_mixin.py:188} INFO - [2025-08-11T11:39:36.848+0000] {dag.py:3954} INFO - Setting next_dagrun for example_subdag_operator.section-1 to None, run_after=None
[2025-08-11T11:39:36.849+0000] {logging_mixin.py:188} INFO - [2025-08-11T11:39:36.849+0000] {dag.py:3954} INFO - Setting next_dagrun for example_subdag_operator.section-2 to None, run_after=None
[2025-08-11T11:39:36.859+0000] {processor.py:183} INFO - Processing /home/airflow/.local/lib/python3.12/site-packages/airflow/example_dags/example_subdag_operator.py took 0.065 seconds
[2025-08-11T11:40:07.085+0000] {processor.py:161} INFO - Started process (PID=606) to work on /home/airflow/.local/lib/python3.12/site-packages/airflow/example_dags/example_subdag_operator.py
[2025-08-11T11:40:07.086+0000] {processor.py:830} INFO - Processing file /home/airflow/.local/lib/python3.12/site-packages/airflow/example_dags/example_subdag_operator.py for tasks to queue
[2025-08-11T11:40:07.088+0000] {logging_mixin.py:188} INFO - [2025-08-11T11:40:07.088+0000] {dagbag.py:545} INFO - Filling up the DagBag from /home/airflow/.local/lib/python3.12/site-packages/airflow/example_dags/example_subdag_operator.py
[2025-08-11T11:40:07.105+0000] {processor.py:840} INFO - DAG(s) 'example_subdag_operator.section-1', 'example_subdag_operator.section-2', 'example_subdag_operator' retrieved from /home/airflow/.local/lib/python3.12/site-packages/airflow/example_dags/example_subdag_operator.py
[2025-08-11T11:40:07.118+0000] {logging_mixin.py:188} INFO - [2025-08-11T11:40:07.118+0000] {dag.py:3096} INFO - Sync 3 DAGs
[2025-08-11T11:40:07.132+0000] {logging_mixin.py:188} INFO - [2025-08-11T11:40:07.132+0000] {dag.py:3954} INFO - Setting next_dagrun for example_subdag_operator to 2022-01-01 00:00:00+00:00, run_after=2022-01-01 00:00:00+00:00
[2025-08-11T11:40:07.135+0000] {logging_mixin.py:188} INFO - [2025-08-11T11:40:07.135+0000] {dag.py:3954} INFO - Setting next_dagrun for example_subdag_operator.section-1 to None, run_after=None
[2025-08-11T11:40:07.138+0000] {logging_mixin.py:188} INFO - [2025-08-11T11:40:07.138+0000] {dag.py:3954} INFO - Setting next_dagrun for example_subdag_operator.section-2 to None, run_after=None
[2025-08-11T11:40:07.144+0000] {logging_mixin.py:188} INFO - [2025-08-11T11:40:07.144+0000] {dag.py:3096} INFO - Sync 2 DAGs
[2025-08-11T11:40:07.147+0000] {logging_mixin.py:188} INFO - [2025-08-11T11:40:07.147+0000] {dag.py:3954} INFO - Setting next_dagrun for example_subdag_operator.section-1 to None, run_after=None
[2025-08-11T11:40:07.148+0000] {logging_mixin.py:188} INFO - [2025-08-11T11:40:07.148+0000] {dag.py:3954} INFO - Setting next_dagrun for example_subdag_operator.section-2 to None, run_after=None
[2025-08-11T11:40:07.154+0000] {processor.py:183} INFO - Processing /home/airflow/.local/lib/python3.12/site-packages/airflow/example_dags/example_subdag_operator.py took 0.074 seconds
[2025-08-11T11:40:38.137+0000] {processor.py:161} INFO - Started process (PID=664) to work on /home/airflow/.local/lib/python3.12/site-packages/airflow/example_dags/example_subdag_operator.py
[2025-08-11T11:40:38.138+0000] {processor.py:830} INFO - Processing file /home/airflow/.local/lib/python3.12/site-packages/airflow/example_dags/example_subdag_operator.py for tasks to queue
[2025-08-11T11:40:38.140+0000] {logging_mixin.py:188} INFO - [2025-08-11T11:40:38.140+0000] {dagbag.py:545} INFO - Filling up the DagBag from /home/airflow/.local/lib/python3.12/site-packages/airflow/example_dags/example_subdag_operator.py
[2025-08-11T11:40:38.162+0000] {processor.py:840} INFO - DAG(s) 'example_subdag_operator.section-1', 'example_subdag_operator.section-2', 'example_subdag_operator' retrieved from /home/airflow/.local/lib/python3.12/site-packages/airflow/example_dags/example_subdag_operator.py
[2025-08-11T11:40:38.173+0000] {logging_mixin.py:188} INFO - [2025-08-11T11:40:38.173+0000] {dag.py:3096} INFO - Sync 3 DAGs
[2025-08-11T11:40:38.190+0000] {logging_mixin.py:188} INFO - [2025-08-11T11:40:38.190+0000] {dag.py:3954} INFO - Setting next_dagrun for example_subdag_operator to 2022-01-01 00:00:00+00:00, run_after=2022-01-01 00:00:00+00:00
[2025-08-11T11:40:38.193+0000] {logging_mixin.py:188} INFO - [2025-08-11T11:40:38.193+0000] {dag.py:3954} INFO - Setting next_dagrun for example_subdag_operator.section-1 to None, run_after=None
[2025-08-11T11:40:38.194+0000] {logging_mixin.py:188} INFO - [2025-08-11T11:40:38.194+0000] {dag.py:3954} INFO - Setting next_dagrun for example_subdag_operator.section-2 to None, run_after=None
[2025-08-11T11:40:38.201+0000] {logging_mixin.py:188} INFO - [2025-08-11T11:40:38.201+0000] {dag.py:3096} INFO - Sync 2 DAGs
[2025-08-11T11:40:38.204+0000] {logging_mixin.py:188} INFO - [2025-08-11T11:40:38.204+0000] {dag.py:3954} INFO - Setting next_dagrun for example_subdag_operator.section-1 to None, run_after=None
[2025-08-11T11:40:38.205+0000] {logging_mixin.py:188} INFO - [2025-08-11T11:40:38.205+0000] {dag.py:3954} INFO - Setting next_dagrun for example_subdag_operator.section-2 to None, run_after=None
[2025-08-11T11:40:38.217+0000] {processor.py:183} INFO - Processing /home/airflow/.local/lib/python3.12/site-packages/airflow/example_dags/example_subdag_operator.py took 0.085 seconds
[2025-08-11T11:41:09.191+0000] {processor.py:161} INFO - Started process (PID=722) to work on /home/airflow/.local/lib/python3.12/site-packages/airflow/example_dags/example_subdag_operator.py
[2025-08-11T11:41:09.196+0000] {processor.py:830} INFO - Processing file /home/airflow/.local/lib/python3.12/site-packages/airflow/example_dags/example_subdag_operator.py for tasks to queue
[2025-08-11T11:41:09.199+0000] {logging_mixin.py:188} INFO - [2025-08-11T11:41:09.198+0000] {dagbag.py:545} INFO - Filling up the DagBag from /home/airflow/.local/lib/python3.12/site-packages/airflow/example_dags/example_subdag_operator.py
[2025-08-11T11:41:09.225+0000] {processor.py:840} INFO - DAG(s) 'example_subdag_operator.section-1', 'example_subdag_operator.section-2', 'example_subdag_operator' retrieved from /home/airflow/.local/lib/python3.12/site-packages/airflow/example_dags/example_subdag_operator.py
[2025-08-11T11:41:09.242+0000] {logging_mixin.py:188} INFO - [2025-08-11T11:41:09.242+0000] {dag.py:3096} INFO - Sync 3 DAGs
[2025-08-11T11:41:09.261+0000] {logging_mixin.py:188} INFO - [2025-08-11T11:41:09.260+0000] {dag.py:3954} INFO - Setting next_dagrun for example_subdag_operator to 2022-01-01 00:00:00+00:00, run_after=2022-01-01 00:00:00+00:00
[2025-08-11T11:41:09.264+0000] {logging_mixin.py:188} INFO - [2025-08-11T11:41:09.264+0000] {dag.py:3954} INFO - Setting next_dagrun for example_subdag_operator.section-1 to None, run_after=None
[2025-08-11T11:41:09.265+0000] {logging_mixin.py:188} INFO - [2025-08-11T11:41:09.265+0000] {dag.py:3954} INFO - Setting next_dagrun for example_subdag_operator.section-2 to None, run_after=None
[2025-08-11T11:41:09.270+0000] {logging_mixin.py:188} INFO - [2025-08-11T11:41:09.270+0000] {dag.py:3096} INFO - Sync 2 DAGs
[2025-08-11T11:41:09.274+0000] {logging_mixin.py:188} INFO - [2025-08-11T11:41:09.274+0000] {dag.py:3954} INFO - Setting next_dagrun for example_subdag_operator.section-1 to None, run_after=None
[2025-08-11T11:41:09.274+0000] {logging_mixin.py:188} INFO - [2025-08-11T11:41:09.274+0000] {dag.py:3954} INFO - Setting next_dagrun for example_subdag_operator.section-2 to None, run_after=None
[2025-08-11T11:41:09.281+0000] {processor.py:183} INFO - Processing /home/airflow/.local/lib/python3.12/site-packages/airflow/example_dags/example_subdag_operator.py took 0.095 seconds
[2025-08-11T11:41:39.610+0000] {processor.py:161} INFO - Started process (PID=780) to work on /home/airflow/.local/lib/python3.12/site-packages/airflow/example_dags/example_subdag_operator.py
[2025-08-11T11:41:39.611+0000] {processor.py:830} INFO - Processing file /home/airflow/.local/lib/python3.12/site-packages/airflow/example_dags/example_subdag_operator.py for tasks to queue
[2025-08-11T11:41:39.616+0000] {logging_mixin.py:188} INFO - [2025-08-11T11:41:39.616+0000] {dagbag.py:545} INFO - Filling up the DagBag from /home/airflow/.local/lib/python3.12/site-packages/airflow/example_dags/example_subdag_operator.py
[2025-08-11T11:41:39.639+0000] {processor.py:840} INFO - DAG(s) 'example_subdag_operator.section-1', 'example_subdag_operator.section-2', 'example_subdag_operator' retrieved from /home/airflow/.local/lib/python3.12/site-packages/airflow/example_dags/example_subdag_operator.py
[2025-08-11T11:41:39.650+0000] {logging_mixin.py:188} INFO - [2025-08-11T11:41:39.650+0000] {dag.py:3096} INFO - Sync 3 DAGs
[2025-08-11T11:41:39.671+0000] {logging_mixin.py:188} INFO - [2025-08-11T11:41:39.671+0000] {dag.py:3954} INFO - Setting next_dagrun for example_subdag_operator to 2022-01-01 00:00:00+00:00, run_after=2022-01-01 00:00:00+00:00
[2025-08-11T11:41:39.674+0000] {logging_mixin.py:188} INFO - [2025-08-11T11:41:39.674+0000] {dag.py:3954} INFO - Setting next_dagrun for example_subdag_operator.section-1 to None, run_after=None
[2025-08-11T11:41:39.675+0000] {logging_mixin.py:188} INFO - [2025-08-11T11:41:39.675+0000] {dag.py:3954} INFO - Setting next_dagrun for example_subdag_operator.section-2 to None, run_after=None
[2025-08-11T11:41:39.682+0000] {logging_mixin.py:188} INFO - [2025-08-11T11:41:39.682+0000] {dag.py:3096} INFO - Sync 2 DAGs
[2025-08-11T11:41:39.686+0000] {logging_mixin.py:188} INFO - [2025-08-11T11:41:39.686+0000] {dag.py:3954} INFO - Setting next_dagrun for example_subdag_operator.section-1 to None, run_after=None
[2025-08-11T11:41:39.686+0000] {logging_mixin.py:188} INFO - [2025-08-11T11:41:39.686+0000] {dag.py:3954} INFO - Setting next_dagrun for example_subdag_operator.section-2 to None, run_after=None
[2025-08-11T11:41:39.695+0000] {processor.py:183} INFO - Processing /home/airflow/.local/lib/python3.12/site-packages/airflow/example_dags/example_subdag_operator.py took 0.091 seconds
[2025-08-11T11:42:09.774+0000] {processor.py:161} INFO - Started process (PID=838) to work on /home/airflow/.local/lib/python3.12/site-packages/airflow/example_dags/example_subdag_operator.py
[2025-08-11T11:42:09.776+0000] {processor.py:830} INFO - Processing file /home/airflow/.local/lib/python3.12/site-packages/airflow/example_dags/example_subdag_operator.py for tasks to queue
[2025-08-11T11:42:09.777+0000] {logging_mixin.py:188} INFO - [2025-08-11T11:42:09.777+0000] {dagbag.py:545} INFO - Filling up the DagBag from /home/airflow/.local/lib/python3.12/site-packages/airflow/example_dags/example_subdag_operator.py
[2025-08-11T11:42:09.791+0000] {processor.py:840} INFO - DAG(s) 'example_subdag_operator.section-1', 'example_subdag_operator.section-2', 'example_subdag_operator' retrieved from /home/airflow/.local/lib/python3.12/site-packages/airflow/example_dags/example_subdag_operator.py
[2025-08-11T11:42:09.800+0000] {logging_mixin.py:188} INFO - [2025-08-11T11:42:09.800+0000] {dag.py:3096} INFO - Sync 3 DAGs
[2025-08-11T11:42:09.813+0000] {logging_mixin.py:188} INFO - [2025-08-11T11:42:09.813+0000] {dag.py:3954} INFO - Setting next_dagrun for example_subdag_operator to 2022-01-01 00:00:00+00:00, run_after=2022-01-01 00:00:00+00:00
[2025-08-11T11:42:09.815+0000] {logging_mixin.py:188} INFO - [2025-08-11T11:42:09.815+0000] {dag.py:3954} INFO - Setting next_dagrun for example_subdag_operator.section-1 to None, run_after=None
[2025-08-11T11:42:09.816+0000] {logging_mixin.py:188} INFO - [2025-08-11T11:42:09.816+0000] {dag.py:3954} INFO - Setting next_dagrun for example_subdag_operator.section-2 to None, run_after=None
[2025-08-11T11:42:09.820+0000] {logging_mixin.py:188} INFO - [2025-08-11T11:42:09.820+0000] {dag.py:3096} INFO - Sync 2 DAGs
[2025-08-11T11:42:09.823+0000] {logging_mixin.py:188} INFO - [2025-08-11T11:42:09.823+0000] {dag.py:3954} INFO - Setting next_dagrun for example_subdag_operator.section-1 to None, run_after=None
[2025-08-11T11:42:09.823+0000] {logging_mixin.py:188} INFO - [2025-08-11T11:42:09.823+0000] {dag.py:3954} INFO - Setting next_dagrun for example_subdag_operator.section-2 to None, run_after=None
[2025-08-11T11:42:09.828+0000] {processor.py:183} INFO - Processing /home/airflow/.local/lib/python3.12/site-packages/airflow/example_dags/example_subdag_operator.py took 0.057 seconds
[2025-08-11T11:42:40.200+0000] {processor.py:161} INFO - Started process (PID=896) to work on /home/airflow/.local/lib/python3.12/site-packages/airflow/example_dags/example_subdag_operator.py
[2025-08-11T11:42:40.201+0000] {processor.py:830} INFO - Processing file /home/airflow/.local/lib/python3.12/site-packages/airflow/example_dags/example_subdag_operator.py for tasks to queue
[2025-08-11T11:42:40.202+0000] {logging_mixin.py:188} INFO - [2025-08-11T11:42:40.202+0000] {dagbag.py:545} INFO - Filling up the DagBag from /home/airflow/.local/lib/python3.12/site-packages/airflow/example_dags/example_subdag_operator.py
[2025-08-11T11:42:40.224+0000] {processor.py:840} INFO - DAG(s) 'example_subdag_operator.section-1', 'example_subdag_operator.section-2', 'example_subdag_operator' retrieved from /home/airflow/.local/lib/python3.12/site-packages/airflow/example_dags/example_subdag_operator.py
[2025-08-11T11:42:40.239+0000] {logging_mixin.py:188} INFO - [2025-08-11T11:42:40.238+0000] {dag.py:3096} INFO - Sync 3 DAGs
[2025-08-11T11:42:40.281+0000] {logging_mixin.py:188} INFO - [2025-08-11T11:42:40.280+0000] {dag.py:3954} INFO - Setting next_dagrun for example_subdag_operator to 2022-01-01 00:00:00+00:00, run_after=2022-01-01 00:00:00+00:00
[2025-08-11T11:42:40.287+0000] {logging_mixin.py:188} INFO - [2025-08-11T11:42:40.287+0000] {dag.py:3954} INFO - Setting next_dagrun for example_subdag_operator.section-1 to None, run_after=None
[2025-08-11T11:42:40.292+0000] {logging_mixin.py:188} INFO - [2025-08-11T11:42:40.291+0000] {dag.py:3954} INFO - Setting next_dagrun for example_subdag_operator.section-2 to None, run_after=None
[2025-08-11T11:42:40.303+0000] {logging_mixin.py:188} INFO - [2025-08-11T11:42:40.303+0000] {dag.py:3096} INFO - Sync 2 DAGs
[2025-08-11T11:42:40.311+0000] {logging_mixin.py:188} INFO - [2025-08-11T11:42:40.311+0000] {dag.py:3954} INFO - Setting next_dagrun for example_subdag_operator.section-1 to None, run_after=None
[2025-08-11T11:42:40.312+0000] {logging_mixin.py:188} INFO - [2025-08-11T11:42:40.312+0000] {dag.py:3954} INFO - Setting next_dagrun for example_subdag_operator.section-2 to None, run_after=None
[2025-08-11T11:42:40.352+0000] {processor.py:183} INFO - Processing /home/airflow/.local/lib/python3.12/site-packages/airflow/example_dags/example_subdag_operator.py took 0.158 seconds
[2025-08-11T11:43:10.965+0000] {processor.py:161} INFO - Started process (PID=954) to work on /home/airflow/.local/lib/python3.12/site-packages/airflow/example_dags/example_subdag_operator.py
[2025-08-11T11:43:10.966+0000] {processor.py:830} INFO - Processing file /home/airflow/.local/lib/python3.12/site-packages/airflow/example_dags/example_subdag_operator.py for tasks to queue
[2025-08-11T11:43:10.968+0000] {logging_mixin.py:188} INFO - [2025-08-11T11:43:10.968+0000] {dagbag.py:545} INFO - Filling up the DagBag from /home/airflow/.local/lib/python3.12/site-packages/airflow/example_dags/example_subdag_operator.py
[2025-08-11T11:43:10.990+0000] {processor.py:840} INFO - DAG(s) 'example_subdag_operator.section-1', 'example_subdag_operator.section-2', 'example_subdag_operator' retrieved from /home/airflow/.local/lib/python3.12/site-packages/airflow/example_dags/example_subdag_operator.py
[2025-08-11T11:43:11.002+0000] {logging_mixin.py:188} INFO - [2025-08-11T11:43:11.002+0000] {dag.py:3096} INFO - Sync 3 DAGs
[2025-08-11T11:43:11.023+0000] {logging_mixin.py:188} INFO - [2025-08-11T11:43:11.022+0000] {dag.py:3954} INFO - Setting next_dagrun for example_subdag_operator to 2022-01-01 00:00:00+00:00, run_after=2022-01-01 00:00:00+00:00
[2025-08-11T11:43:11.030+0000] {logging_mixin.py:188} INFO - [2025-08-11T11:43:11.029+0000] {dag.py:3954} INFO - Setting next_dagrun for example_subdag_operator.section-1 to None, run_after=None
[2025-08-11T11:43:11.031+0000] {logging_mixin.py:188} INFO - [2025-08-11T11:43:11.031+0000] {dag.py:3954} INFO - Setting next_dagrun for example_subdag_operator.section-2 to None, run_after=None
[2025-08-11T11:43:11.039+0000] {logging_mixin.py:188} INFO - [2025-08-11T11:43:11.039+0000] {dag.py:3096} INFO - Sync 2 DAGs
[2025-08-11T11:43:11.043+0000] {logging_mixin.py:188} INFO - [2025-08-11T11:43:11.042+0000] {dag.py:3954} INFO - Setting next_dagrun for example_subdag_operator.section-1 to None, run_after=None
[2025-08-11T11:43:11.043+0000] {logging_mixin.py:188} INFO - [2025-08-11T11:43:11.043+0000] {dag.py:3954} INFO - Setting next_dagrun for example_subdag_operator.section-2 to None, run_after=None
[2025-08-11T11:43:11.050+0000] {processor.py:183} INFO - Processing /home/airflow/.local/lib/python3.12/site-packages/airflow/example_dags/example_subdag_operator.py took 0.090 seconds
[2025-08-11T11:43:41.142+0000] {processor.py:161} INFO - Started process (PID=1012) to work on /home/airflow/.local/lib/python3.12/site-packages/airflow/example_dags/example_subdag_operator.py
[2025-08-11T11:43:41.147+0000] {processor.py:830} INFO - Processing file /home/airflow/.local/lib/python3.12/site-packages/airflow/example_dags/example_subdag_operator.py for tasks to queue
[2025-08-11T11:43:41.150+0000] {logging_mixin.py:188} INFO - [2025-08-11T11:43:41.150+0000] {dagbag.py:545} INFO - Filling up the DagBag from /home/airflow/.local/lib/python3.12/site-packages/airflow/example_dags/example_subdag_operator.py
[2025-08-11T11:43:41.179+0000] {processor.py:840} INFO - DAG(s) 'example_subdag_operator.section-1', 'example_subdag_operator.section-2', 'example_subdag_operator' retrieved from /home/airflow/.local/lib/python3.12/site-packages/airflow/example_dags/example_subdag_operator.py
[2025-08-11T11:43:41.191+0000] {logging_mixin.py:188} INFO - [2025-08-11T11:43:41.191+0000] {dag.py:3096} INFO - Sync 3 DAGs
[2025-08-11T11:43:41.208+0000] {logging_mixin.py:188} INFO - [2025-08-11T11:43:41.208+0000] {dag.py:3954} INFO - Setting next_dagrun for example_subdag_operator to 2022-01-01 00:00:00+00:00, run_after=2022-01-01 00:00:00+00:00
[2025-08-11T11:43:41.211+0000] {logging_mixin.py:188} INFO - [2025-08-11T11:43:41.211+0000] {dag.py:3954} INFO - Setting next_dagrun for example_subdag_operator.section-1 to None, run_after=None
[2025-08-11T11:43:41.213+0000] {logging_mixin.py:188} INFO - [2025-08-11T11:43:41.212+0000] {dag.py:3954} INFO - Setting next_dagrun for example_subdag_operator.section-2 to None, run_after=None
[2025-08-11T11:43:41.219+0000] {logging_mixin.py:188} INFO - [2025-08-11T11:43:41.219+0000] {dag.py:3096} INFO - Sync 2 DAGs
[2025-08-11T11:43:41.222+0000] {logging_mixin.py:188} INFO - [2025-08-11T11:43:41.222+0000] {dag.py:3954} INFO - Setting next_dagrun for example_subdag_operator.section-1 to None, run_after=None
[2025-08-11T11:43:41.223+0000] {logging_mixin.py:188} INFO - [2025-08-11T11:43:41.223+0000] {dag.py:3954} INFO - Setting next_dagrun for example_subdag_operator.section-2 to None, run_after=None
[2025-08-11T11:43:41.229+0000] {processor.py:183} INFO - Processing /home/airflow/.local/lib/python3.12/site-packages/airflow/example_dags/example_subdag_operator.py took 0.092 seconds
[2025-08-11T11:44:12.143+0000] {processor.py:161} INFO - Started process (PID=1070) to work on /home/airflow/.local/lib/python3.12/site-packages/airflow/example_dags/example_subdag_operator.py
[2025-08-11T11:44:12.146+0000] {processor.py:830} INFO - Processing file /home/airflow/.local/lib/python3.12/site-packages/airflow/example_dags/example_subdag_operator.py for tasks to queue
[2025-08-11T11:44:12.148+0000] {logging_mixin.py:188} INFO - [2025-08-11T11:44:12.148+0000] {dagbag.py:545} INFO - Filling up the DagBag from /home/airflow/.local/lib/python3.12/site-packages/airflow/example_dags/example_subdag_operator.py
[2025-08-11T11:44:12.163+0000] {processor.py:840} INFO - DAG(s) 'example_subdag_operator.section-1', 'example_subdag_operator.section-2', 'example_subdag_operator' retrieved from /home/airflow/.local/lib/python3.12/site-packages/airflow/example_dags/example_subdag_operator.py
[2025-08-11T11:44:12.173+0000] {logging_mixin.py:188} INFO - [2025-08-11T11:44:12.173+0000] {dag.py:3096} INFO - Sync 3 DAGs
[2025-08-11T11:44:12.186+0000] {logging_mixin.py:188} INFO - [2025-08-11T11:44:12.186+0000] {dag.py:3954} INFO - Setting next_dagrun for example_subdag_operator to 2022-01-01 00:00:00+00:00, run_after=2022-01-01 00:00:00+00:00
[2025-08-11T11:44:12.188+0000] {logging_mixin.py:188} INFO - [2025-08-11T11:44:12.188+0000] {dag.py:3954} INFO - Setting next_dagrun for example_subdag_operator.section-1 to None, run_after=None
[2025-08-11T11:44:12.190+0000] {logging_mixin.py:188} INFO - [2025-08-11T11:44:12.190+0000] {dag.py:3954} INFO - Setting next_dagrun for example_subdag_operator.section-2 to None, run_after=None
[2025-08-11T11:44:12.195+0000] {logging_mixin.py:188} INFO - [2025-08-11T11:44:12.195+0000] {dag.py:3096} INFO - Sync 2 DAGs
[2025-08-11T11:44:12.198+0000] {logging_mixin.py:188} INFO - [2025-08-11T11:44:12.198+0000] {dag.py:3954} INFO - Setting next_dagrun for example_subdag_operator.section-1 to None, run_after=None
[2025-08-11T11:44:12.199+0000] {logging_mixin.py:188} INFO - [2025-08-11T11:44:12.199+0000] {dag.py:3954} INFO - Setting next_dagrun for example_subdag_operator.section-2 to None, run_after=None
[2025-08-11T11:44:12.206+0000] {processor.py:183} INFO - Processing /home/airflow/.local/lib/python3.12/site-packages/airflow/example_dags/example_subdag_operator.py took 0.067 seconds
[2025-08-11T11:44:42.641+0000] {processor.py:161} INFO - Started process (PID=1128) to work on /home/airflow/.local/lib/python3.12/site-packages/airflow/example_dags/example_subdag_operator.py
[2025-08-11T11:44:42.643+0000] {processor.py:830} INFO - Processing file /home/airflow/.local/lib/python3.12/site-packages/airflow/example_dags/example_subdag_operator.py for tasks to queue
[2025-08-11T11:44:42.647+0000] {logging_mixin.py:188} INFO - [2025-08-11T11:44:42.646+0000] {dagbag.py:545} INFO - Filling up the DagBag from /home/airflow/.local/lib/python3.12/site-packages/airflow/example_dags/example_subdag_operator.py
[2025-08-11T11:44:42.675+0000] {processor.py:840} INFO - DAG(s) 'example_subdag_operator.section-1', 'example_subdag_operator.section-2', 'example_subdag_operator' retrieved from /home/airflow/.local/lib/python3.12/site-packages/airflow/example_dags/example_subdag_operator.py
[2025-08-11T11:44:42.687+0000] {logging_mixin.py:188} INFO - [2025-08-11T11:44:42.687+0000] {dag.py:3096} INFO - Sync 3 DAGs
[2025-08-11T11:44:42.705+0000] {logging_mixin.py:188} INFO - [2025-08-11T11:44:42.705+0000] {dag.py:3954} INFO - Setting next_dagrun for example_subdag_operator to 2022-01-01 00:00:00+00:00, run_after=2022-01-01 00:00:00+00:00
[2025-08-11T11:44:42.709+0000] {logging_mixin.py:188} INFO - [2025-08-11T11:44:42.709+0000] {dag.py:3954} INFO - Setting next_dagrun for example_subdag_operator.section-1 to None, run_after=None
[2025-08-11T11:44:42.710+0000] {logging_mixin.py:188} INFO - [2025-08-11T11:44:42.710+0000] {dag.py:3954} INFO - Setting next_dagrun for example_subdag_operator.section-2 to None, run_after=None
[2025-08-11T11:44:42.717+0000] {logging_mixin.py:188} INFO - [2025-08-11T11:44:42.717+0000] {dag.py:3096} INFO - Sync 2 DAGs
[2025-08-11T11:44:42.722+0000] {logging_mixin.py:188} INFO - [2025-08-11T11:44:42.722+0000] {dag.py:3954} INFO - Setting next_dagrun for example_subdag_operator.section-1 to None, run_after=None
[2025-08-11T11:44:42.723+0000] {logging_mixin.py:188} INFO - [2025-08-11T11:44:42.723+0000] {dag.py:3954} INFO - Setting next_dagrun for example_subdag_operator.section-2 to None, run_after=None
[2025-08-11T11:44:42.735+0000] {processor.py:183} INFO - Processing /home/airflow/.local/lib/python3.12/site-packages/airflow/example_dags/example_subdag_operator.py took 0.104 seconds
[2025-08-11T11:45:13.157+0000] {processor.py:161} INFO - Started process (PID=1186) to work on /home/airflow/.local/lib/python3.12/site-packages/airflow/example_dags/example_subdag_operator.py
[2025-08-11T11:45:13.161+0000] {processor.py:830} INFO - Processing file /home/airflow/.local/lib/python3.12/site-packages/airflow/example_dags/example_subdag_operator.py for tasks to queue
[2025-08-11T11:45:13.162+0000] {logging_mixin.py:188} INFO - [2025-08-11T11:45:13.162+0000] {dagbag.py:545} INFO - Filling up the DagBag from /home/airflow/.local/lib/python3.12/site-packages/airflow/example_dags/example_subdag_operator.py
[2025-08-11T11:45:13.181+0000] {processor.py:840} INFO - DAG(s) 'example_subdag_operator.section-1', 'example_subdag_operator.section-2', 'example_subdag_operator' retrieved from /home/airflow/.local/lib/python3.12/site-packages/airflow/example_dags/example_subdag_operator.py
[2025-08-11T11:45:13.192+0000] {logging_mixin.py:188} INFO - [2025-08-11T11:45:13.192+0000] {dag.py:3096} INFO - Sync 3 DAGs
[2025-08-11T11:45:13.208+0000] {logging_mixin.py:188} INFO - [2025-08-11T11:45:13.208+0000] {dag.py:3954} INFO - Setting next_dagrun for example_subdag_operator to 2022-01-01 00:00:00+00:00, run_after=2022-01-01 00:00:00+00:00
[2025-08-11T11:45:13.212+0000] {logging_mixin.py:188} INFO - [2025-08-11T11:45:13.211+0000] {dag.py:3954} INFO - Setting next_dagrun for example_subdag_operator.section-1 to None, run_after=None
[2025-08-11T11:45:13.214+0000] {logging_mixin.py:188} INFO - [2025-08-11T11:45:13.213+0000] {dag.py:3954} INFO - Setting next_dagrun for example_subdag_operator.section-2 to None, run_after=None
[2025-08-11T11:45:13.219+0000] {logging_mixin.py:188} INFO - [2025-08-11T11:45:13.219+0000] {dag.py:3096} INFO - Sync 2 DAGs
[2025-08-11T11:45:13.224+0000] {logging_mixin.py:188} INFO - [2025-08-11T11:45:13.223+0000] {dag.py:3954} INFO - Setting next_dagrun for example_subdag_operator.section-1 to None, run_after=None
[2025-08-11T11:45:13.224+0000] {logging_mixin.py:188} INFO - [2025-08-11T11:45:13.224+0000] {dag.py:3954} INFO - Setting next_dagrun for example_subdag_operator.section-2 to None, run_after=None
[2025-08-11T11:45:13.230+0000] {processor.py:183} INFO - Processing /home/airflow/.local/lib/python3.12/site-packages/airflow/example_dags/example_subdag_operator.py took 0.078 seconds
[2025-08-11T11:45:43.521+0000] {processor.py:161} INFO - Started process (PID=1244) to work on /home/airflow/.local/lib/python3.12/site-packages/airflow/example_dags/example_subdag_operator.py
[2025-08-11T11:45:43.525+0000] {processor.py:830} INFO - Processing file /home/airflow/.local/lib/python3.12/site-packages/airflow/example_dags/example_subdag_operator.py for tasks to queue
[2025-08-11T11:45:43.527+0000] {logging_mixin.py:188} INFO - [2025-08-11T11:45:43.526+0000] {dagbag.py:545} INFO - Filling up the DagBag from /home/airflow/.local/lib/python3.12/site-packages/airflow/example_dags/example_subdag_operator.py
[2025-08-11T11:45:43.546+0000] {processor.py:840} INFO - DAG(s) 'example_subdag_operator.section-1', 'example_subdag_operator.section-2', 'example_subdag_operator' retrieved from /home/airflow/.local/lib/python3.12/site-packages/airflow/example_dags/example_subdag_operator.py
[2025-08-11T11:45:43.557+0000] {logging_mixin.py:188} INFO - [2025-08-11T11:45:43.557+0000] {dag.py:3096} INFO - Sync 3 DAGs
[2025-08-11T11:45:43.572+0000] {logging_mixin.py:188} INFO - [2025-08-11T11:45:43.572+0000] {dag.py:3954} INFO - Setting next_dagrun for example_subdag_operator to 2022-01-01 00:00:00+00:00, run_after=2022-01-01 00:00:00+00:00
[2025-08-11T11:45:43.576+0000] {logging_mixin.py:188} INFO - [2025-08-11T11:45:43.576+0000] {dag.py:3954} INFO - Setting next_dagrun for example_subdag_operator.section-1 to None, run_after=None
[2025-08-11T11:45:43.577+0000] {logging_mixin.py:188} INFO - [2025-08-11T11:45:43.577+0000] {dag.py:3954} INFO - Setting next_dagrun for example_subdag_operator.section-2 to None, run_after=None
[2025-08-11T11:45:43.582+0000] {logging_mixin.py:188} INFO - [2025-08-11T11:45:43.582+0000] {dag.py:3096} INFO - Sync 2 DAGs
[2025-08-11T11:45:43.586+0000] {logging_mixin.py:188} INFO - [2025-08-11T11:45:43.586+0000] {dag.py:3954} INFO - Setting next_dagrun for example_subdag_operator.section-1 to None, run_after=None
[2025-08-11T11:45:43.587+0000] {logging_mixin.py:188} INFO - [2025-08-11T11:45:43.586+0000] {dag.py:3954} INFO - Setting next_dagrun for example_subdag_operator.section-2 to None, run_after=None
[2025-08-11T11:45:43.593+0000] {processor.py:183} INFO - Processing /home/airflow/.local/lib/python3.12/site-packages/airflow/example_dags/example_subdag_operator.py took 0.078 seconds
[2025-08-11T11:46:13.794+0000] {processor.py:161} INFO - Started process (PID=1303) to work on /home/airflow/.local/lib/python3.12/site-packages/airflow/example_dags/example_subdag_operator.py
[2025-08-11T11:46:13.795+0000] {processor.py:830} INFO - Processing file /home/airflow/.local/lib/python3.12/site-packages/airflow/example_dags/example_subdag_operator.py for tasks to queue
[2025-08-11T11:46:13.797+0000] {logging_mixin.py:188} INFO - [2025-08-11T11:46:13.796+0000] {dagbag.py:545} INFO - Filling up the DagBag from /home/airflow/.local/lib/python3.12/site-packages/airflow/example_dags/example_subdag_operator.py
[2025-08-11T11:46:13.813+0000] {processor.py:840} INFO - DAG(s) 'example_subdag_operator.section-1', 'example_subdag_operator.section-2', 'example_subdag_operator' retrieved from /home/airflow/.local/lib/python3.12/site-packages/airflow/example_dags/example_subdag_operator.py
[2025-08-11T11:46:13.825+0000] {logging_mixin.py:188} INFO - [2025-08-11T11:46:13.825+0000] {dag.py:3096} INFO - Sync 3 DAGs
[2025-08-11T11:46:13.839+0000] {logging_mixin.py:188} INFO - [2025-08-11T11:46:13.839+0000] {dag.py:3954} INFO - Setting next_dagrun for example_subdag_operator to 2022-01-01 00:00:00+00:00, run_after=2022-01-01 00:00:00+00:00
[2025-08-11T11:46:13.844+0000] {logging_mixin.py:188} INFO - [2025-08-11T11:46:13.844+0000] {dag.py:3954} INFO - Setting next_dagrun for example_subdag_operator.section-1 to None, run_after=None
[2025-08-11T11:46:13.845+0000] {logging_mixin.py:188} INFO - [2025-08-11T11:46:13.845+0000] {dag.py:3954} INFO - Setting next_dagrun for example_subdag_operator.section-2 to None, run_after=None
[2025-08-11T11:46:13.851+0000] {logging_mixin.py:188} INFO - [2025-08-11T11:46:13.851+0000] {dag.py:3096} INFO - Sync 2 DAGs
[2025-08-11T11:46:13.854+0000] {logging_mixin.py:188} INFO - [2025-08-11T11:46:13.854+0000] {dag.py:3954} INFO - Setting next_dagrun for example_subdag_operator.section-1 to None, run_after=None
[2025-08-11T11:46:13.855+0000] {logging_mixin.py:188} INFO - [2025-08-11T11:46:13.855+0000] {dag.py:3954} INFO - Setting next_dagrun for example_subdag_operator.section-2 to None, run_after=None
[2025-08-11T11:46:13.861+0000] {processor.py:183} INFO - Processing /home/airflow/.local/lib/python3.12/site-packages/airflow/example_dags/example_subdag_operator.py took 0.071 seconds
