[2025-08-11T11:35:27.934+0000] {processor.py:161} INFO - Started process (PID=56) to work on /home/airflow/.local/lib/python3.12/site-packages/airflow/example_dags/example_python_operator.py
[2025-08-11T11:35:27.941+0000] {processor.py:830} INFO - Processing file /home/airflow/.local/lib/python3.12/site-packages/airflow/example_dags/example_python_operator.py for tasks to queue
[2025-08-11T11:35:27.946+0000] {logging_mixin.py:188} INFO - [2025-08-11T11:35:27.945+0000] {dagbag.py:545} INFO - Filling up the DagBag from /home/airflow/.local/lib/python3.12/site-packages/airflow/example_dags/example_python_operator.py
[2025-08-11T11:35:27.982+0000] {processor.py:840} INFO - DAG(s) 'example_python_operator' retrieved from /home/airflow/.local/lib/python3.12/site-packages/airflow/example_dags/example_python_operator.py
[2025-08-11T11:35:28.115+0000] {logging_mixin.py:188} INFO - [2025-08-11T11:35:28.114+0000] {override.py:1829} INFO - Created Permission View: can read on DAG:example_python_operator
[2025-08-11T11:35:28.129+0000] {logging_mixin.py:188} INFO - [2025-08-11T11:35:28.129+0000] {override.py:1829} INFO - Created Permission View: can delete on DAG:example_python_operator
[2025-08-11T11:35:28.144+0000] {logging_mixin.py:188} INFO - [2025-08-11T11:35:28.144+0000] {override.py:1829} INFO - Created Permission View: can edit on DAG:example_python_operator
[2025-08-11T11:35:28.145+0000] {logging_mixin.py:188} INFO - [2025-08-11T11:35:28.145+0000] {dag.py:3096} INFO - Sync 1 DAGs
[2025-08-11T11:35:28.161+0000] {logging_mixin.py:188} INFO - [2025-08-11T11:35:28.160+0000] {dag.py:3118} INFO - Creating ORM DAG for example_python_operator
[2025-08-11T11:35:28.163+0000] {logging_mixin.py:188} INFO - [2025-08-11T11:35:28.162+0000] {dag.py:3954} INFO - Setting next_dagrun for example_python_operator to None, run_after=None
[2025-08-11T11:35:28.197+0000] {processor.py:183} INFO - Processing /home/airflow/.local/lib/python3.12/site-packages/airflow/example_dags/example_python_operator.py took 0.276 seconds
[2025-08-11T11:35:58.337+0000] {processor.py:161} INFO - Started process (PID=113) to work on /home/airflow/.local/lib/python3.12/site-packages/airflow/example_dags/example_python_operator.py
[2025-08-11T11:35:58.338+0000] {processor.py:830} INFO - Processing file /home/airflow/.local/lib/python3.12/site-packages/airflow/example_dags/example_python_operator.py for tasks to queue
[2025-08-11T11:35:58.339+0000] {logging_mixin.py:188} INFO - [2025-08-11T11:35:58.339+0000] {dagbag.py:545} INFO - Filling up the DagBag from /home/airflow/.local/lib/python3.12/site-packages/airflow/example_dags/example_python_operator.py
[2025-08-11T11:35:58.347+0000] {processor.py:840} INFO - DAG(s) 'example_python_operator' retrieved from /home/airflow/.local/lib/python3.12/site-packages/airflow/example_dags/example_python_operator.py
[2025-08-11T11:35:58.363+0000] {logging_mixin.py:188} INFO - [2025-08-11T11:35:58.363+0000] {dag.py:3096} INFO - Sync 1 DAGs
[2025-08-11T11:35:58.371+0000] {logging_mixin.py:188} INFO - [2025-08-11T11:35:58.371+0000] {dag.py:3954} INFO - Setting next_dagrun for example_python_operator to None, run_after=None
[2025-08-11T11:35:58.382+0000] {processor.py:183} INFO - Processing /home/airflow/.local/lib/python3.12/site-packages/airflow/example_dags/example_python_operator.py took 0.051 seconds
[2025-08-11T11:36:28.575+0000] {processor.py:161} INFO - Started process (PID=171) to work on /home/airflow/.local/lib/python3.12/site-packages/airflow/example_dags/example_python_operator.py
[2025-08-11T11:36:28.576+0000] {processor.py:830} INFO - Processing file /home/airflow/.local/lib/python3.12/site-packages/airflow/example_dags/example_python_operator.py for tasks to queue
[2025-08-11T11:36:28.577+0000] {logging_mixin.py:188} INFO - [2025-08-11T11:36:28.577+0000] {dagbag.py:545} INFO - Filling up the DagBag from /home/airflow/.local/lib/python3.12/site-packages/airflow/example_dags/example_python_operator.py
[2025-08-11T11:36:28.586+0000] {processor.py:840} INFO - DAG(s) 'example_python_operator' retrieved from /home/airflow/.local/lib/python3.12/site-packages/airflow/example_dags/example_python_operator.py
[2025-08-11T11:36:28.608+0000] {logging_mixin.py:188} INFO - [2025-08-11T11:36:28.608+0000] {dag.py:3096} INFO - Sync 1 DAGs
[2025-08-11T11:36:28.618+0000] {logging_mixin.py:188} INFO - [2025-08-11T11:36:28.617+0000] {dag.py:3954} INFO - Setting next_dagrun for example_python_operator to None, run_after=None
[2025-08-11T11:36:28.632+0000] {processor.py:183} INFO - Processing /home/airflow/.local/lib/python3.12/site-packages/airflow/example_dags/example_python_operator.py took 0.062 seconds
[2025-08-11T11:36:58.767+0000] {processor.py:161} INFO - Started process (PID=229) to work on /home/airflow/.local/lib/python3.12/site-packages/airflow/example_dags/example_python_operator.py
[2025-08-11T11:36:58.768+0000] {processor.py:830} INFO - Processing file /home/airflow/.local/lib/python3.12/site-packages/airflow/example_dags/example_python_operator.py for tasks to queue
[2025-08-11T11:36:58.769+0000] {logging_mixin.py:188} INFO - [2025-08-11T11:36:58.768+0000] {dagbag.py:545} INFO - Filling up the DagBag from /home/airflow/.local/lib/python3.12/site-packages/airflow/example_dags/example_python_operator.py
[2025-08-11T11:36:58.776+0000] {processor.py:840} INFO - DAG(s) 'example_python_operator' retrieved from /home/airflow/.local/lib/python3.12/site-packages/airflow/example_dags/example_python_operator.py
[2025-08-11T11:36:58.791+0000] {logging_mixin.py:188} INFO - [2025-08-11T11:36:58.791+0000] {dag.py:3096} INFO - Sync 1 DAGs
[2025-08-11T11:36:58.800+0000] {logging_mixin.py:188} INFO - [2025-08-11T11:36:58.800+0000] {dag.py:3954} INFO - Setting next_dagrun for example_python_operator to None, run_after=None
[2025-08-11T11:36:58.813+0000] {processor.py:183} INFO - Processing /home/airflow/.local/lib/python3.12/site-packages/airflow/example_dags/example_python_operator.py took 0.050 seconds
[2025-08-11T11:37:29.061+0000] {processor.py:161} INFO - Started process (PID=287) to work on /home/airflow/.local/lib/python3.12/site-packages/airflow/example_dags/example_python_operator.py
[2025-08-11T11:37:29.062+0000] {processor.py:830} INFO - Processing file /home/airflow/.local/lib/python3.12/site-packages/airflow/example_dags/example_python_operator.py for tasks to queue
[2025-08-11T11:37:29.063+0000] {logging_mixin.py:188} INFO - [2025-08-11T11:37:29.063+0000] {dagbag.py:545} INFO - Filling up the DagBag from /home/airflow/.local/lib/python3.12/site-packages/airflow/example_dags/example_python_operator.py
[2025-08-11T11:37:29.070+0000] {processor.py:840} INFO - DAG(s) 'example_python_operator' retrieved from /home/airflow/.local/lib/python3.12/site-packages/airflow/example_dags/example_python_operator.py
[2025-08-11T11:37:29.087+0000] {logging_mixin.py:188} INFO - [2025-08-11T11:37:29.087+0000] {dag.py:3096} INFO - Sync 1 DAGs
[2025-08-11T11:37:29.100+0000] {logging_mixin.py:188} INFO - [2025-08-11T11:37:29.100+0000] {dag.py:3954} INFO - Setting next_dagrun for example_python_operator to None, run_after=None
[2025-08-11T11:37:29.114+0000] {processor.py:183} INFO - Processing /home/airflow/.local/lib/python3.12/site-packages/airflow/example_dags/example_python_operator.py took 0.057 seconds
[2025-08-11T11:37:59.731+0000] {processor.py:161} INFO - Started process (PID=350) to work on /home/airflow/.local/lib/python3.12/site-packages/airflow/example_dags/example_python_operator.py
[2025-08-11T11:37:59.732+0000] {processor.py:830} INFO - Processing file /home/airflow/.local/lib/python3.12/site-packages/airflow/example_dags/example_python_operator.py for tasks to queue
[2025-08-11T11:37:59.733+0000] {logging_mixin.py:188} INFO - [2025-08-11T11:37:59.733+0000] {dagbag.py:545} INFO - Filling up the DagBag from /home/airflow/.local/lib/python3.12/site-packages/airflow/example_dags/example_python_operator.py
[2025-08-11T11:37:59.740+0000] {processor.py:840} INFO - DAG(s) 'example_python_operator' retrieved from /home/airflow/.local/lib/python3.12/site-packages/airflow/example_dags/example_python_operator.py
[2025-08-11T11:37:59.753+0000] {logging_mixin.py:188} INFO - [2025-08-11T11:37:59.753+0000] {dag.py:3096} INFO - Sync 1 DAGs
[2025-08-11T11:37:59.761+0000] {logging_mixin.py:188} INFO - [2025-08-11T11:37:59.760+0000] {dag.py:3954} INFO - Setting next_dagrun for example_python_operator to None, run_after=None
[2025-08-11T11:37:59.770+0000] {processor.py:183} INFO - Processing /home/airflow/.local/lib/python3.12/site-packages/airflow/example_dags/example_python_operator.py took 0.043 seconds
[2025-08-11T11:38:30.041+0000] {processor.py:161} INFO - Started process (PID=408) to work on /home/airflow/.local/lib/python3.12/site-packages/airflow/example_dags/example_python_operator.py
[2025-08-11T11:38:30.042+0000] {processor.py:830} INFO - Processing file /home/airflow/.local/lib/python3.12/site-packages/airflow/example_dags/example_python_operator.py for tasks to queue
[2025-08-11T11:38:30.043+0000] {logging_mixin.py:188} INFO - [2025-08-11T11:38:30.043+0000] {dagbag.py:545} INFO - Filling up the DagBag from /home/airflow/.local/lib/python3.12/site-packages/airflow/example_dags/example_python_operator.py
[2025-08-11T11:38:30.050+0000] {processor.py:840} INFO - DAG(s) 'example_python_operator' retrieved from /home/airflow/.local/lib/python3.12/site-packages/airflow/example_dags/example_python_operator.py
[2025-08-11T11:38:30.064+0000] {logging_mixin.py:188} INFO - [2025-08-11T11:38:30.064+0000] {dag.py:3096} INFO - Sync 1 DAGs
[2025-08-11T11:38:30.072+0000] {logging_mixin.py:188} INFO - [2025-08-11T11:38:30.071+0000] {dag.py:3954} INFO - Setting next_dagrun for example_python_operator to None, run_after=None
[2025-08-11T11:38:30.083+0000] {processor.py:183} INFO - Processing /home/airflow/.local/lib/python3.12/site-packages/airflow/example_dags/example_python_operator.py took 0.046 seconds
[2025-08-11T11:39:00.487+0000] {processor.py:161} INFO - Started process (PID=466) to work on /home/airflow/.local/lib/python3.12/site-packages/airflow/example_dags/example_python_operator.py
[2025-08-11T11:39:00.488+0000] {processor.py:830} INFO - Processing file /home/airflow/.local/lib/python3.12/site-packages/airflow/example_dags/example_python_operator.py for tasks to queue
[2025-08-11T11:39:00.489+0000] {logging_mixin.py:188} INFO - [2025-08-11T11:39:00.489+0000] {dagbag.py:545} INFO - Filling up the DagBag from /home/airflow/.local/lib/python3.12/site-packages/airflow/example_dags/example_python_operator.py
[2025-08-11T11:39:00.496+0000] {processor.py:840} INFO - DAG(s) 'example_python_operator' retrieved from /home/airflow/.local/lib/python3.12/site-packages/airflow/example_dags/example_python_operator.py
[2025-08-11T11:39:00.511+0000] {logging_mixin.py:188} INFO - [2025-08-11T11:39:00.511+0000] {dag.py:3096} INFO - Sync 1 DAGs
[2025-08-11T11:39:00.522+0000] {logging_mixin.py:188} INFO - [2025-08-11T11:39:00.521+0000] {dag.py:3954} INFO - Setting next_dagrun for example_python_operator to None, run_after=None
[2025-08-11T11:39:00.537+0000] {processor.py:183} INFO - Processing /home/airflow/.local/lib/python3.12/site-packages/airflow/example_dags/example_python_operator.py took 0.054 seconds
[2025-08-11T11:39:30.912+0000] {processor.py:161} INFO - Started process (PID=524) to work on /home/airflow/.local/lib/python3.12/site-packages/airflow/example_dags/example_python_operator.py
[2025-08-11T11:39:30.913+0000] {processor.py:830} INFO - Processing file /home/airflow/.local/lib/python3.12/site-packages/airflow/example_dags/example_python_operator.py for tasks to queue
[2025-08-11T11:39:30.914+0000] {logging_mixin.py:188} INFO - [2025-08-11T11:39:30.914+0000] {dagbag.py:545} INFO - Filling up the DagBag from /home/airflow/.local/lib/python3.12/site-packages/airflow/example_dags/example_python_operator.py
[2025-08-11T11:39:30.921+0000] {processor.py:840} INFO - DAG(s) 'example_python_operator' retrieved from /home/airflow/.local/lib/python3.12/site-packages/airflow/example_dags/example_python_operator.py
[2025-08-11T11:39:30.936+0000] {logging_mixin.py:188} INFO - [2025-08-11T11:39:30.936+0000] {dag.py:3096} INFO - Sync 1 DAGs
[2025-08-11T11:39:30.944+0000] {logging_mixin.py:188} INFO - [2025-08-11T11:39:30.944+0000] {dag.py:3954} INFO - Setting next_dagrun for example_python_operator to None, run_after=None
[2025-08-11T11:39:30.959+0000] {processor.py:183} INFO - Processing /home/airflow/.local/lib/python3.12/site-packages/airflow/example_dags/example_python_operator.py took 0.050 seconds
[2025-08-11T11:40:01.193+0000] {processor.py:161} INFO - Started process (PID=582) to work on /home/airflow/.local/lib/python3.12/site-packages/airflow/example_dags/example_python_operator.py
[2025-08-11T11:40:01.194+0000] {processor.py:830} INFO - Processing file /home/airflow/.local/lib/python3.12/site-packages/airflow/example_dags/example_python_operator.py for tasks to queue
[2025-08-11T11:40:01.195+0000] {logging_mixin.py:188} INFO - [2025-08-11T11:40:01.195+0000] {dagbag.py:545} INFO - Filling up the DagBag from /home/airflow/.local/lib/python3.12/site-packages/airflow/example_dags/example_python_operator.py
[2025-08-11T11:40:01.205+0000] {processor.py:840} INFO - DAG(s) 'example_python_operator' retrieved from /home/airflow/.local/lib/python3.12/site-packages/airflow/example_dags/example_python_operator.py
[2025-08-11T11:40:01.225+0000] {logging_mixin.py:188} INFO - [2025-08-11T11:40:01.225+0000] {dag.py:3096} INFO - Sync 1 DAGs
[2025-08-11T11:40:01.236+0000] {logging_mixin.py:188} INFO - [2025-08-11T11:40:01.236+0000] {dag.py:3954} INFO - Setting next_dagrun for example_python_operator to None, run_after=None
[2025-08-11T11:40:01.253+0000] {processor.py:183} INFO - Processing /home/airflow/.local/lib/python3.12/site-packages/airflow/example_dags/example_python_operator.py took 0.066 seconds
[2025-08-11T11:40:31.576+0000] {processor.py:161} INFO - Started process (PID=640) to work on /home/airflow/.local/lib/python3.12/site-packages/airflow/example_dags/example_python_operator.py
[2025-08-11T11:40:31.578+0000] {processor.py:830} INFO - Processing file /home/airflow/.local/lib/python3.12/site-packages/airflow/example_dags/example_python_operator.py for tasks to queue
[2025-08-11T11:40:31.579+0000] {logging_mixin.py:188} INFO - [2025-08-11T11:40:31.579+0000] {dagbag.py:545} INFO - Filling up the DagBag from /home/airflow/.local/lib/python3.12/site-packages/airflow/example_dags/example_python_operator.py
[2025-08-11T11:40:31.589+0000] {processor.py:840} INFO - DAG(s) 'example_python_operator' retrieved from /home/airflow/.local/lib/python3.12/site-packages/airflow/example_dags/example_python_operator.py
[2025-08-11T11:40:31.612+0000] {logging_mixin.py:188} INFO - [2025-08-11T11:40:31.611+0000] {dag.py:3096} INFO - Sync 1 DAGs
[2025-08-11T11:40:31.621+0000] {logging_mixin.py:188} INFO - [2025-08-11T11:40:31.621+0000] {dag.py:3954} INFO - Setting next_dagrun for example_python_operator to None, run_after=None
[2025-08-11T11:40:31.634+0000] {processor.py:183} INFO - Processing /home/airflow/.local/lib/python3.12/site-packages/airflow/example_dags/example_python_operator.py took 0.066 seconds
[2025-08-11T11:41:02.128+0000] {processor.py:161} INFO - Started process (PID=698) to work on /home/airflow/.local/lib/python3.12/site-packages/airflow/example_dags/example_python_operator.py
[2025-08-11T11:41:02.129+0000] {processor.py:830} INFO - Processing file /home/airflow/.local/lib/python3.12/site-packages/airflow/example_dags/example_python_operator.py for tasks to queue
[2025-08-11T11:41:02.130+0000] {logging_mixin.py:188} INFO - [2025-08-11T11:41:02.130+0000] {dagbag.py:545} INFO - Filling up the DagBag from /home/airflow/.local/lib/python3.12/site-packages/airflow/example_dags/example_python_operator.py
[2025-08-11T11:41:02.138+0000] {processor.py:840} INFO - DAG(s) 'example_python_operator' retrieved from /home/airflow/.local/lib/python3.12/site-packages/airflow/example_dags/example_python_operator.py
[2025-08-11T11:41:02.154+0000] {logging_mixin.py:188} INFO - [2025-08-11T11:41:02.154+0000] {dag.py:3096} INFO - Sync 1 DAGs
[2025-08-11T11:41:02.163+0000] {logging_mixin.py:188} INFO - [2025-08-11T11:41:02.162+0000] {dag.py:3954} INFO - Setting next_dagrun for example_python_operator to None, run_after=None
[2025-08-11T11:41:02.174+0000] {processor.py:183} INFO - Processing /home/airflow/.local/lib/python3.12/site-packages/airflow/example_dags/example_python_operator.py took 0.051 seconds
[2025-08-11T11:41:32.518+0000] {processor.py:161} INFO - Started process (PID=756) to work on /home/airflow/.local/lib/python3.12/site-packages/airflow/example_dags/example_python_operator.py
[2025-08-11T11:41:32.518+0000] {processor.py:830} INFO - Processing file /home/airflow/.local/lib/python3.12/site-packages/airflow/example_dags/example_python_operator.py for tasks to queue
[2025-08-11T11:41:32.520+0000] {logging_mixin.py:188} INFO - [2025-08-11T11:41:32.520+0000] {dagbag.py:545} INFO - Filling up the DagBag from /home/airflow/.local/lib/python3.12/site-packages/airflow/example_dags/example_python_operator.py
[2025-08-11T11:41:32.528+0000] {processor.py:840} INFO - DAG(s) 'example_python_operator' retrieved from /home/airflow/.local/lib/python3.12/site-packages/airflow/example_dags/example_python_operator.py
[2025-08-11T11:41:32.543+0000] {logging_mixin.py:188} INFO - [2025-08-11T11:41:32.543+0000] {dag.py:3096} INFO - Sync 1 DAGs
[2025-08-11T11:41:32.551+0000] {logging_mixin.py:188} INFO - [2025-08-11T11:41:32.551+0000] {dag.py:3954} INFO - Setting next_dagrun for example_python_operator to None, run_after=None
[2025-08-11T11:41:32.561+0000] {processor.py:183} INFO - Processing /home/airflow/.local/lib/python3.12/site-packages/airflow/example_dags/example_python_operator.py took 0.047 seconds
[2025-08-11T11:42:02.662+0000] {processor.py:161} INFO - Started process (PID=814) to work on /home/airflow/.local/lib/python3.12/site-packages/airflow/example_dags/example_python_operator.py
[2025-08-11T11:42:02.663+0000] {processor.py:830} INFO - Processing file /home/airflow/.local/lib/python3.12/site-packages/airflow/example_dags/example_python_operator.py for tasks to queue
[2025-08-11T11:42:02.664+0000] {logging_mixin.py:188} INFO - [2025-08-11T11:42:02.664+0000] {dagbag.py:545} INFO - Filling up the DagBag from /home/airflow/.local/lib/python3.12/site-packages/airflow/example_dags/example_python_operator.py
[2025-08-11T11:42:02.671+0000] {processor.py:840} INFO - DAG(s) 'example_python_operator' retrieved from /home/airflow/.local/lib/python3.12/site-packages/airflow/example_dags/example_python_operator.py
[2025-08-11T11:42:02.685+0000] {logging_mixin.py:188} INFO - [2025-08-11T11:42:02.685+0000] {dag.py:3096} INFO - Sync 1 DAGs
[2025-08-11T11:42:02.692+0000] {logging_mixin.py:188} INFO - [2025-08-11T11:42:02.692+0000] {dag.py:3954} INFO - Setting next_dagrun for example_python_operator to None, run_after=None
[2025-08-11T11:42:02.702+0000] {processor.py:183} INFO - Processing /home/airflow/.local/lib/python3.12/site-packages/airflow/example_dags/example_python_operator.py took 0.044 seconds
[2025-08-11T11:42:33.225+0000] {processor.py:161} INFO - Started process (PID=872) to work on /home/airflow/.local/lib/python3.12/site-packages/airflow/example_dags/example_python_operator.py
[2025-08-11T11:42:33.226+0000] {processor.py:830} INFO - Processing file /home/airflow/.local/lib/python3.12/site-packages/airflow/example_dags/example_python_operator.py for tasks to queue
[2025-08-11T11:42:33.228+0000] {logging_mixin.py:188} INFO - [2025-08-11T11:42:33.227+0000] {dagbag.py:545} INFO - Filling up the DagBag from /home/airflow/.local/lib/python3.12/site-packages/airflow/example_dags/example_python_operator.py
[2025-08-11T11:42:33.237+0000] {processor.py:840} INFO - DAG(s) 'example_python_operator' retrieved from /home/airflow/.local/lib/python3.12/site-packages/airflow/example_dags/example_python_operator.py
[2025-08-11T11:42:33.254+0000] {logging_mixin.py:188} INFO - [2025-08-11T11:42:33.254+0000] {dag.py:3096} INFO - Sync 1 DAGs
[2025-08-11T11:42:33.262+0000] {logging_mixin.py:188} INFO - [2025-08-11T11:42:33.262+0000] {dag.py:3954} INFO - Setting next_dagrun for example_python_operator to None, run_after=None
[2025-08-11T11:42:33.273+0000] {processor.py:183} INFO - Processing /home/airflow/.local/lib/python3.12/site-packages/airflow/example_dags/example_python_operator.py took 0.052 seconds
[2025-08-11T11:43:03.778+0000] {processor.py:161} INFO - Started process (PID=930) to work on /home/airflow/.local/lib/python3.12/site-packages/airflow/example_dags/example_python_operator.py
[2025-08-11T11:43:03.779+0000] {processor.py:830} INFO - Processing file /home/airflow/.local/lib/python3.12/site-packages/airflow/example_dags/example_python_operator.py for tasks to queue
[2025-08-11T11:43:03.780+0000] {logging_mixin.py:188} INFO - [2025-08-11T11:43:03.780+0000] {dagbag.py:545} INFO - Filling up the DagBag from /home/airflow/.local/lib/python3.12/site-packages/airflow/example_dags/example_python_operator.py
[2025-08-11T11:43:03.787+0000] {processor.py:840} INFO - DAG(s) 'example_python_operator' retrieved from /home/airflow/.local/lib/python3.12/site-packages/airflow/example_dags/example_python_operator.py
[2025-08-11T11:43:03.801+0000] {logging_mixin.py:188} INFO - [2025-08-11T11:43:03.801+0000] {dag.py:3096} INFO - Sync 1 DAGs
[2025-08-11T11:43:03.808+0000] {logging_mixin.py:188} INFO - [2025-08-11T11:43:03.808+0000] {dag.py:3954} INFO - Setting next_dagrun for example_python_operator to None, run_after=None
[2025-08-11T11:43:03.819+0000] {processor.py:183} INFO - Processing /home/airflow/.local/lib/python3.12/site-packages/airflow/example_dags/example_python_operator.py took 0.045 seconds
[2025-08-11T11:43:33.922+0000] {processor.py:161} INFO - Started process (PID=988) to work on /home/airflow/.local/lib/python3.12/site-packages/airflow/example_dags/example_python_operator.py
[2025-08-11T11:43:33.923+0000] {processor.py:830} INFO - Processing file /home/airflow/.local/lib/python3.12/site-packages/airflow/example_dags/example_python_operator.py for tasks to queue
[2025-08-11T11:43:33.924+0000] {logging_mixin.py:188} INFO - [2025-08-11T11:43:33.924+0000] {dagbag.py:545} INFO - Filling up the DagBag from /home/airflow/.local/lib/python3.12/site-packages/airflow/example_dags/example_python_operator.py
[2025-08-11T11:43:33.932+0000] {processor.py:840} INFO - DAG(s) 'example_python_operator' retrieved from /home/airflow/.local/lib/python3.12/site-packages/airflow/example_dags/example_python_operator.py
[2025-08-11T11:43:33.948+0000] {logging_mixin.py:188} INFO - [2025-08-11T11:43:33.948+0000] {dag.py:3096} INFO - Sync 1 DAGs
[2025-08-11T11:43:33.956+0000] {logging_mixin.py:188} INFO - [2025-08-11T11:43:33.956+0000] {dag.py:3954} INFO - Setting next_dagrun for example_python_operator to None, run_after=None
[2025-08-11T11:43:33.967+0000] {processor.py:183} INFO - Processing /home/airflow/.local/lib/python3.12/site-packages/airflow/example_dags/example_python_operator.py took 0.049 seconds
[2025-08-11T11:44:04.263+0000] {processor.py:161} INFO - Started process (PID=1046) to work on /home/airflow/.local/lib/python3.12/site-packages/airflow/example_dags/example_python_operator.py
[2025-08-11T11:44:04.264+0000] {processor.py:830} INFO - Processing file /home/airflow/.local/lib/python3.12/site-packages/airflow/example_dags/example_python_operator.py for tasks to queue
[2025-08-11T11:44:04.265+0000] {logging_mixin.py:188} INFO - [2025-08-11T11:44:04.265+0000] {dagbag.py:545} INFO - Filling up the DagBag from /home/airflow/.local/lib/python3.12/site-packages/airflow/example_dags/example_python_operator.py
[2025-08-11T11:44:04.272+0000] {processor.py:840} INFO - DAG(s) 'example_python_operator' retrieved from /home/airflow/.local/lib/python3.12/site-packages/airflow/example_dags/example_python_operator.py
[2025-08-11T11:44:04.287+0000] {logging_mixin.py:188} INFO - [2025-08-11T11:44:04.287+0000] {dag.py:3096} INFO - Sync 1 DAGs
[2025-08-11T11:44:04.295+0000] {logging_mixin.py:188} INFO - [2025-08-11T11:44:04.295+0000] {dag.py:3954} INFO - Setting next_dagrun for example_python_operator to None, run_after=None
[2025-08-11T11:44:04.306+0000] {processor.py:183} INFO - Processing /home/airflow/.local/lib/python3.12/site-packages/airflow/example_dags/example_python_operator.py took 0.048 seconds
[2025-08-11T11:44:34.565+0000] {processor.py:161} INFO - Started process (PID=1104) to work on /home/airflow/.local/lib/python3.12/site-packages/airflow/example_dags/example_python_operator.py
[2025-08-11T11:44:34.566+0000] {processor.py:830} INFO - Processing file /home/airflow/.local/lib/python3.12/site-packages/airflow/example_dags/example_python_operator.py for tasks to queue
[2025-08-11T11:44:34.567+0000] {logging_mixin.py:188} INFO - [2025-08-11T11:44:34.567+0000] {dagbag.py:545} INFO - Filling up the DagBag from /home/airflow/.local/lib/python3.12/site-packages/airflow/example_dags/example_python_operator.py
[2025-08-11T11:44:34.574+0000] {processor.py:840} INFO - DAG(s) 'example_python_operator' retrieved from /home/airflow/.local/lib/python3.12/site-packages/airflow/example_dags/example_python_operator.py
[2025-08-11T11:44:34.587+0000] {logging_mixin.py:188} INFO - [2025-08-11T11:44:34.587+0000] {dag.py:3096} INFO - Sync 1 DAGs
[2025-08-11T11:44:34.595+0000] {logging_mixin.py:188} INFO - [2025-08-11T11:44:34.595+0000] {dag.py:3954} INFO - Setting next_dagrun for example_python_operator to None, run_after=None
[2025-08-11T11:44:34.605+0000] {processor.py:183} INFO - Processing /home/airflow/.local/lib/python3.12/site-packages/airflow/example_dags/example_python_operator.py took 0.044 seconds
[2025-08-11T11:45:05.146+0000] {processor.py:161} INFO - Started process (PID=1162) to work on /home/airflow/.local/lib/python3.12/site-packages/airflow/example_dags/example_python_operator.py
[2025-08-11T11:45:05.147+0000] {processor.py:830} INFO - Processing file /home/airflow/.local/lib/python3.12/site-packages/airflow/example_dags/example_python_operator.py for tasks to queue
[2025-08-11T11:45:05.148+0000] {logging_mixin.py:188} INFO - [2025-08-11T11:45:05.148+0000] {dagbag.py:545} INFO - Filling up the DagBag from /home/airflow/.local/lib/python3.12/site-packages/airflow/example_dags/example_python_operator.py
[2025-08-11T11:45:05.156+0000] {processor.py:840} INFO - DAG(s) 'example_python_operator' retrieved from /home/airflow/.local/lib/python3.12/site-packages/airflow/example_dags/example_python_operator.py
[2025-08-11T11:45:05.172+0000] {logging_mixin.py:188} INFO - [2025-08-11T11:45:05.172+0000] {dag.py:3096} INFO - Sync 1 DAGs
[2025-08-11T11:45:05.182+0000] {logging_mixin.py:188} INFO - [2025-08-11T11:45:05.181+0000] {dag.py:3954} INFO - Setting next_dagrun for example_python_operator to None, run_after=None
[2025-08-11T11:45:05.193+0000] {processor.py:183} INFO - Processing /home/airflow/.local/lib/python3.12/site-packages/airflow/example_dags/example_python_operator.py took 0.052 seconds
[2025-08-11T11:45:35.428+0000] {processor.py:161} INFO - Started process (PID=1220) to work on /home/airflow/.local/lib/python3.12/site-packages/airflow/example_dags/example_python_operator.py
[2025-08-11T11:45:35.429+0000] {processor.py:830} INFO - Processing file /home/airflow/.local/lib/python3.12/site-packages/airflow/example_dags/example_python_operator.py for tasks to queue
[2025-08-11T11:45:35.430+0000] {logging_mixin.py:188} INFO - [2025-08-11T11:45:35.430+0000] {dagbag.py:545} INFO - Filling up the DagBag from /home/airflow/.local/lib/python3.12/site-packages/airflow/example_dags/example_python_operator.py
[2025-08-11T11:45:35.437+0000] {processor.py:840} INFO - DAG(s) 'example_python_operator' retrieved from /home/airflow/.local/lib/python3.12/site-packages/airflow/example_dags/example_python_operator.py
[2025-08-11T11:45:35.453+0000] {logging_mixin.py:188} INFO - [2025-08-11T11:45:35.453+0000] {dag.py:3096} INFO - Sync 1 DAGs
[2025-08-11T11:45:35.462+0000] {logging_mixin.py:188} INFO - [2025-08-11T11:45:35.462+0000] {dag.py:3954} INFO - Setting next_dagrun for example_python_operator to None, run_after=None
[2025-08-11T11:45:35.473+0000] {processor.py:183} INFO - Processing /home/airflow/.local/lib/python3.12/site-packages/airflow/example_dags/example_python_operator.py took 0.049 seconds
[2025-08-11T11:46:05.807+0000] {processor.py:161} INFO - Started process (PID=1279) to work on /home/airflow/.local/lib/python3.12/site-packages/airflow/example_dags/example_python_operator.py
[2025-08-11T11:46:05.808+0000] {processor.py:830} INFO - Processing file /home/airflow/.local/lib/python3.12/site-packages/airflow/example_dags/example_python_operator.py for tasks to queue
[2025-08-11T11:46:05.810+0000] {logging_mixin.py:188} INFO - [2025-08-11T11:46:05.810+0000] {dagbag.py:545} INFO - Filling up the DagBag from /home/airflow/.local/lib/python3.12/site-packages/airflow/example_dags/example_python_operator.py
[2025-08-11T11:46:05.817+0000] {processor.py:840} INFO - DAG(s) 'example_python_operator' retrieved from /home/airflow/.local/lib/python3.12/site-packages/airflow/example_dags/example_python_operator.py
[2025-08-11T11:46:05.831+0000] {logging_mixin.py:188} INFO - [2025-08-11T11:46:05.831+0000] {dag.py:3096} INFO - Sync 1 DAGs
[2025-08-11T11:46:05.839+0000] {logging_mixin.py:188} INFO - [2025-08-11T11:46:05.839+0000] {dag.py:3954} INFO - Setting next_dagrun for example_python_operator to None, run_after=None
[2025-08-11T11:46:05.849+0000] {processor.py:183} INFO - Processing /home/airflow/.local/lib/python3.12/site-packages/airflow/example_dags/example_python_operator.py took 0.046 seconds
