[2025-08-11T11:35:34.188+0000] {processor.py:161} INFO - Started process (PID=99) to work on /home/airflow/.local/lib/python3.12/site-packages/airflow/example_dags/example_nested_branch_dag.py
[2025-08-11T11:35:34.189+0000] {processor.py:830} INFO - Processing file /home/airflow/.local/lib/python3.12/site-packages/airflow/example_dags/example_nested_branch_dag.py for tasks to queue
[2025-08-11T11:35:34.190+0000] {logging_mixin.py:188} INFO - [2025-08-11T11:35:34.190+0000] {dagbag.py:545} INFO - Filling up the DagBag from /home/airflow/.local/lib/python3.12/site-packages/airflow/example_dags/example_nested_branch_dag.py
[2025-08-11T11:35:34.203+0000] {processor.py:840} INFO - DAG(s) 'example_nested_branch_dag' retrieved from /home/airflow/.local/lib/python3.12/site-packages/airflow/example_dags/example_nested_branch_dag.py
[2025-08-11T11:35:34.288+0000] {logging_mixin.py:188} INFO - [2025-08-11T11:35:34.287+0000] {override.py:1829} INFO - Created Permission View: can read on DAG:example_nested_branch_dag
[2025-08-11T11:35:34.293+0000] {logging_mixin.py:188} INFO - [2025-08-11T11:35:34.293+0000] {override.py:1829} INFO - Created Permission View: can delete on DAG:example_nested_branch_dag
[2025-08-11T11:35:34.297+0000] {logging_mixin.py:188} INFO - [2025-08-11T11:35:34.296+0000] {override.py:1829} INFO - Created Permission View: can edit on DAG:example_nested_branch_dag
[2025-08-11T11:35:34.297+0000] {logging_mixin.py:188} INFO - [2025-08-11T11:35:34.297+0000] {dag.py:3096} INFO - Sync 1 DAGs
[2025-08-11T11:35:34.304+0000] {logging_mixin.py:188} INFO - [2025-08-11T11:35:34.304+0000] {dag.py:3118} INFO - Creating ORM DAG for example_nested_branch_dag
[2025-08-11T11:35:34.313+0000] {logging_mixin.py:188} INFO - [2025-08-11T11:35:34.313+0000] {dag.py:3954} INFO - Setting next_dagrun for example_nested_branch_dag to 2025-08-10 00:00:00+00:00, run_after=2025-08-11 00:00:00+00:00
[2025-08-11T11:35:34.325+0000] {processor.py:183} INFO - Processing /home/airflow/.local/lib/python3.12/site-packages/airflow/example_dags/example_nested_branch_dag.py took 0.142 seconds
[2025-08-11T11:36:04.824+0000] {processor.py:161} INFO - Started process (PID=157) to work on /home/airflow/.local/lib/python3.12/site-packages/airflow/example_dags/example_nested_branch_dag.py
[2025-08-11T11:36:04.825+0000] {processor.py:830} INFO - Processing file /home/airflow/.local/lib/python3.12/site-packages/airflow/example_dags/example_nested_branch_dag.py for tasks to queue
[2025-08-11T11:36:04.826+0000] {logging_mixin.py:188} INFO - [2025-08-11T11:36:04.826+0000] {dagbag.py:545} INFO - Filling up the DagBag from /home/airflow/.local/lib/python3.12/site-packages/airflow/example_dags/example_nested_branch_dag.py
[2025-08-11T11:36:04.835+0000] {processor.py:840} INFO - DAG(s) 'example_nested_branch_dag' retrieved from /home/airflow/.local/lib/python3.12/site-packages/airflow/example_dags/example_nested_branch_dag.py
[2025-08-11T11:36:04.850+0000] {logging_mixin.py:188} INFO - [2025-08-11T11:36:04.850+0000] {dag.py:3096} INFO - Sync 1 DAGs
[2025-08-11T11:36:04.869+0000] {logging_mixin.py:188} INFO - [2025-08-11T11:36:04.868+0000] {dag.py:3954} INFO - Setting next_dagrun for example_nested_branch_dag to 2025-08-10 00:00:00+00:00, run_after=2025-08-11 00:00:00+00:00
[2025-08-11T11:36:04.880+0000] {processor.py:183} INFO - Processing /home/airflow/.local/lib/python3.12/site-packages/airflow/example_dags/example_nested_branch_dag.py took 0.060 seconds
[2025-08-11T11:36:35.118+0000] {processor.py:161} INFO - Started process (PID=215) to work on /home/airflow/.local/lib/python3.12/site-packages/airflow/example_dags/example_nested_branch_dag.py
[2025-08-11T11:36:35.119+0000] {processor.py:830} INFO - Processing file /home/airflow/.local/lib/python3.12/site-packages/airflow/example_dags/example_nested_branch_dag.py for tasks to queue
[2025-08-11T11:36:35.121+0000] {logging_mixin.py:188} INFO - [2025-08-11T11:36:35.120+0000] {dagbag.py:545} INFO - Filling up the DagBag from /home/airflow/.local/lib/python3.12/site-packages/airflow/example_dags/example_nested_branch_dag.py
[2025-08-11T11:36:35.127+0000] {processor.py:840} INFO - DAG(s) 'example_nested_branch_dag' retrieved from /home/airflow/.local/lib/python3.12/site-packages/airflow/example_dags/example_nested_branch_dag.py
[2025-08-11T11:36:35.151+0000] {logging_mixin.py:188} INFO - [2025-08-11T11:36:35.151+0000] {dag.py:3096} INFO - Sync 1 DAGs
[2025-08-11T11:36:35.170+0000] {logging_mixin.py:188} INFO - [2025-08-11T11:36:35.169+0000] {dag.py:3954} INFO - Setting next_dagrun for example_nested_branch_dag to 2025-08-10 00:00:00+00:00, run_after=2025-08-11 00:00:00+00:00
[2025-08-11T11:36:35.181+0000] {processor.py:183} INFO - Processing /home/airflow/.local/lib/python3.12/site-packages/airflow/example_dags/example_nested_branch_dag.py took 0.067 seconds
[2025-08-11T11:37:05.443+0000] {processor.py:161} INFO - Started process (PID=273) to work on /home/airflow/.local/lib/python3.12/site-packages/airflow/example_dags/example_nested_branch_dag.py
[2025-08-11T11:37:05.447+0000] {processor.py:830} INFO - Processing file /home/airflow/.local/lib/python3.12/site-packages/airflow/example_dags/example_nested_branch_dag.py for tasks to queue
[2025-08-11T11:37:05.448+0000] {logging_mixin.py:188} INFO - [2025-08-11T11:37:05.448+0000] {dagbag.py:545} INFO - Filling up the DagBag from /home/airflow/.local/lib/python3.12/site-packages/airflow/example_dags/example_nested_branch_dag.py
[2025-08-11T11:37:05.458+0000] {processor.py:840} INFO - DAG(s) 'example_nested_branch_dag' retrieved from /home/airflow/.local/lib/python3.12/site-packages/airflow/example_dags/example_nested_branch_dag.py
[2025-08-11T11:37:05.482+0000] {logging_mixin.py:188} INFO - [2025-08-11T11:37:05.481+0000] {dag.py:3096} INFO - Sync 1 DAGs
[2025-08-11T11:37:05.506+0000] {logging_mixin.py:188} INFO - [2025-08-11T11:37:05.506+0000] {dag.py:3954} INFO - Setting next_dagrun for example_nested_branch_dag to 2025-08-10 00:00:00+00:00, run_after=2025-08-11 00:00:00+00:00
[2025-08-11T11:37:05.527+0000] {processor.py:183} INFO - Processing /home/airflow/.local/lib/python3.12/site-packages/airflow/example_dags/example_nested_branch_dag.py took 0.088 seconds
[2025-08-11T11:37:35.949+0000] {processor.py:161} INFO - Started process (PID=331) to work on /home/airflow/.local/lib/python3.12/site-packages/airflow/example_dags/example_nested_branch_dag.py
[2025-08-11T11:37:35.950+0000] {processor.py:830} INFO - Processing file /home/airflow/.local/lib/python3.12/site-packages/airflow/example_dags/example_nested_branch_dag.py for tasks to queue
[2025-08-11T11:37:35.951+0000] {logging_mixin.py:188} INFO - [2025-08-11T11:37:35.951+0000] {dagbag.py:545} INFO - Filling up the DagBag from /home/airflow/.local/lib/python3.12/site-packages/airflow/example_dags/example_nested_branch_dag.py
[2025-08-11T11:37:35.958+0000] {processor.py:840} INFO - DAG(s) 'example_nested_branch_dag' retrieved from /home/airflow/.local/lib/python3.12/site-packages/airflow/example_dags/example_nested_branch_dag.py
[2025-08-11T11:37:35.975+0000] {logging_mixin.py:188} INFO - [2025-08-11T11:37:35.975+0000] {dag.py:3096} INFO - Sync 1 DAGs
[2025-08-11T11:37:35.990+0000] {logging_mixin.py:188} INFO - [2025-08-11T11:37:35.990+0000] {dag.py:3954} INFO - Setting next_dagrun for example_nested_branch_dag to 2025-08-10 00:00:00+00:00, run_after=2025-08-11 00:00:00+00:00
[2025-08-11T11:37:36.002+0000] {processor.py:183} INFO - Processing /home/airflow/.local/lib/python3.12/site-packages/airflow/example_dags/example_nested_branch_dag.py took 0.057 seconds
[2025-08-11T11:38:06.326+0000] {processor.py:161} INFO - Started process (PID=388) to work on /home/airflow/.local/lib/python3.12/site-packages/airflow/example_dags/example_nested_branch_dag.py
[2025-08-11T11:38:06.327+0000] {processor.py:830} INFO - Processing file /home/airflow/.local/lib/python3.12/site-packages/airflow/example_dags/example_nested_branch_dag.py for tasks to queue
[2025-08-11T11:38:06.329+0000] {logging_mixin.py:188} INFO - [2025-08-11T11:38:06.329+0000] {dagbag.py:545} INFO - Filling up the DagBag from /home/airflow/.local/lib/python3.12/site-packages/airflow/example_dags/example_nested_branch_dag.py
[2025-08-11T11:38:06.336+0000] {processor.py:840} INFO - DAG(s) 'example_nested_branch_dag' retrieved from /home/airflow/.local/lib/python3.12/site-packages/airflow/example_dags/example_nested_branch_dag.py
[2025-08-11T11:38:06.351+0000] {logging_mixin.py:188} INFO - [2025-08-11T11:38:06.351+0000] {dag.py:3096} INFO - Sync 1 DAGs
[2025-08-11T11:38:06.369+0000] {logging_mixin.py:188} INFO - [2025-08-11T11:38:06.369+0000] {dag.py:3954} INFO - Setting next_dagrun for example_nested_branch_dag to 2025-08-10 00:00:00+00:00, run_after=2025-08-11 00:00:00+00:00
[2025-08-11T11:38:06.390+0000] {processor.py:183} INFO - Processing /home/airflow/.local/lib/python3.12/site-packages/airflow/example_dags/example_nested_branch_dag.py took 0.068 seconds
[2025-08-11T11:38:36.826+0000] {processor.py:161} INFO - Started process (PID=446) to work on /home/airflow/.local/lib/python3.12/site-packages/airflow/example_dags/example_nested_branch_dag.py
[2025-08-11T11:38:36.827+0000] {processor.py:830} INFO - Processing file /home/airflow/.local/lib/python3.12/site-packages/airflow/example_dags/example_nested_branch_dag.py for tasks to queue
[2025-08-11T11:38:36.828+0000] {logging_mixin.py:188} INFO - [2025-08-11T11:38:36.828+0000] {dagbag.py:545} INFO - Filling up the DagBag from /home/airflow/.local/lib/python3.12/site-packages/airflow/example_dags/example_nested_branch_dag.py
[2025-08-11T11:38:36.835+0000] {processor.py:840} INFO - DAG(s) 'example_nested_branch_dag' retrieved from /home/airflow/.local/lib/python3.12/site-packages/airflow/example_dags/example_nested_branch_dag.py
[2025-08-11T11:38:36.855+0000] {logging_mixin.py:188} INFO - [2025-08-11T11:38:36.855+0000] {dag.py:3096} INFO - Sync 1 DAGs
[2025-08-11T11:38:36.871+0000] {logging_mixin.py:188} INFO - [2025-08-11T11:38:36.870+0000] {dag.py:3954} INFO - Setting next_dagrun for example_nested_branch_dag to 2025-08-10 00:00:00+00:00, run_after=2025-08-11 00:00:00+00:00
[2025-08-11T11:38:36.883+0000] {processor.py:183} INFO - Processing /home/airflow/.local/lib/python3.12/site-packages/airflow/example_dags/example_nested_branch_dag.py took 0.062 seconds
[2025-08-11T11:39:07.227+0000] {processor.py:161} INFO - Started process (PID=504) to work on /home/airflow/.local/lib/python3.12/site-packages/airflow/example_dags/example_nested_branch_dag.py
[2025-08-11T11:39:07.228+0000] {processor.py:830} INFO - Processing file /home/airflow/.local/lib/python3.12/site-packages/airflow/example_dags/example_nested_branch_dag.py for tasks to queue
[2025-08-11T11:39:07.229+0000] {logging_mixin.py:188} INFO - [2025-08-11T11:39:07.229+0000] {dagbag.py:545} INFO - Filling up the DagBag from /home/airflow/.local/lib/python3.12/site-packages/airflow/example_dags/example_nested_branch_dag.py
[2025-08-11T11:39:07.236+0000] {processor.py:840} INFO - DAG(s) 'example_nested_branch_dag' retrieved from /home/airflow/.local/lib/python3.12/site-packages/airflow/example_dags/example_nested_branch_dag.py
[2025-08-11T11:39:07.249+0000] {logging_mixin.py:188} INFO - [2025-08-11T11:39:07.249+0000] {dag.py:3096} INFO - Sync 1 DAGs
[2025-08-11T11:39:07.262+0000] {logging_mixin.py:188} INFO - [2025-08-11T11:39:07.262+0000] {dag.py:3954} INFO - Setting next_dagrun for example_nested_branch_dag to 2025-08-10 00:00:00+00:00, run_after=2025-08-11 00:00:00+00:00
[2025-08-11T11:39:07.273+0000] {processor.py:183} INFO - Processing /home/airflow/.local/lib/python3.12/site-packages/airflow/example_dags/example_nested_branch_dag.py took 0.050 seconds
[2025-08-11T11:39:37.535+0000] {processor.py:161} INFO - Started process (PID=562) to work on /home/airflow/.local/lib/python3.12/site-packages/airflow/example_dags/example_nested_branch_dag.py
[2025-08-11T11:39:37.538+0000] {processor.py:830} INFO - Processing file /home/airflow/.local/lib/python3.12/site-packages/airflow/example_dags/example_nested_branch_dag.py for tasks to queue
[2025-08-11T11:39:37.539+0000] {logging_mixin.py:188} INFO - [2025-08-11T11:39:37.539+0000] {dagbag.py:545} INFO - Filling up the DagBag from /home/airflow/.local/lib/python3.12/site-packages/airflow/example_dags/example_nested_branch_dag.py
[2025-08-11T11:39:37.547+0000] {processor.py:840} INFO - DAG(s) 'example_nested_branch_dag' retrieved from /home/airflow/.local/lib/python3.12/site-packages/airflow/example_dags/example_nested_branch_dag.py
[2025-08-11T11:39:37.561+0000] {logging_mixin.py:188} INFO - [2025-08-11T11:39:37.561+0000] {dag.py:3096} INFO - Sync 1 DAGs
[2025-08-11T11:39:37.576+0000] {logging_mixin.py:188} INFO - [2025-08-11T11:39:37.576+0000] {dag.py:3954} INFO - Setting next_dagrun for example_nested_branch_dag to 2025-08-10 00:00:00+00:00, run_after=2025-08-11 00:00:00+00:00
[2025-08-11T11:39:37.586+0000] {processor.py:183} INFO - Processing /home/airflow/.local/lib/python3.12/site-packages/airflow/example_dags/example_nested_branch_dag.py took 0.055 seconds
[2025-08-11T11:40:07.683+0000] {processor.py:161} INFO - Started process (PID=620) to work on /home/airflow/.local/lib/python3.12/site-packages/airflow/example_dags/example_nested_branch_dag.py
[2025-08-11T11:40:07.684+0000] {processor.py:830} INFO - Processing file /home/airflow/.local/lib/python3.12/site-packages/airflow/example_dags/example_nested_branch_dag.py for tasks to queue
[2025-08-11T11:40:07.685+0000] {logging_mixin.py:188} INFO - [2025-08-11T11:40:07.685+0000] {dagbag.py:545} INFO - Filling up the DagBag from /home/airflow/.local/lib/python3.12/site-packages/airflow/example_dags/example_nested_branch_dag.py
[2025-08-11T11:40:07.694+0000] {processor.py:840} INFO - DAG(s) 'example_nested_branch_dag' retrieved from /home/airflow/.local/lib/python3.12/site-packages/airflow/example_dags/example_nested_branch_dag.py
[2025-08-11T11:40:07.710+0000] {logging_mixin.py:188} INFO - [2025-08-11T11:40:07.710+0000] {dag.py:3096} INFO - Sync 1 DAGs
[2025-08-11T11:40:07.725+0000] {logging_mixin.py:188} INFO - [2025-08-11T11:40:07.725+0000] {dag.py:3954} INFO - Setting next_dagrun for example_nested_branch_dag to 2025-08-10 00:00:00+00:00, run_after=2025-08-11 00:00:00+00:00
[2025-08-11T11:40:07.736+0000] {processor.py:183} INFO - Processing /home/airflow/.local/lib/python3.12/site-packages/airflow/example_dags/example_nested_branch_dag.py took 0.058 seconds
[2025-08-11T11:40:38.812+0000] {processor.py:161} INFO - Started process (PID=678) to work on /home/airflow/.local/lib/python3.12/site-packages/airflow/example_dags/example_nested_branch_dag.py
[2025-08-11T11:40:38.813+0000] {processor.py:830} INFO - Processing file /home/airflow/.local/lib/python3.12/site-packages/airflow/example_dags/example_nested_branch_dag.py for tasks to queue
[2025-08-11T11:40:38.814+0000] {logging_mixin.py:188} INFO - [2025-08-11T11:40:38.814+0000] {dagbag.py:545} INFO - Filling up the DagBag from /home/airflow/.local/lib/python3.12/site-packages/airflow/example_dags/example_nested_branch_dag.py
[2025-08-11T11:40:38.820+0000] {processor.py:840} INFO - DAG(s) 'example_nested_branch_dag' retrieved from /home/airflow/.local/lib/python3.12/site-packages/airflow/example_dags/example_nested_branch_dag.py
[2025-08-11T11:40:38.833+0000] {logging_mixin.py:188} INFO - [2025-08-11T11:40:38.833+0000] {dag.py:3096} INFO - Sync 1 DAGs
[2025-08-11T11:40:38.846+0000] {logging_mixin.py:188} INFO - [2025-08-11T11:40:38.846+0000] {dag.py:3954} INFO - Setting next_dagrun for example_nested_branch_dag to 2025-08-10 00:00:00+00:00, run_after=2025-08-11 00:00:00+00:00
[2025-08-11T11:40:38.856+0000] {processor.py:183} INFO - Processing /home/airflow/.local/lib/python3.12/site-packages/airflow/example_dags/example_nested_branch_dag.py took 0.047 seconds
[2025-08-11T11:41:09.854+0000] {processor.py:161} INFO - Started process (PID=736) to work on /home/airflow/.local/lib/python3.12/site-packages/airflow/example_dags/example_nested_branch_dag.py
[2025-08-11T11:41:09.854+0000] {processor.py:830} INFO - Processing file /home/airflow/.local/lib/python3.12/site-packages/airflow/example_dags/example_nested_branch_dag.py for tasks to queue
[2025-08-11T11:41:09.856+0000] {logging_mixin.py:188} INFO - [2025-08-11T11:41:09.855+0000] {dagbag.py:545} INFO - Filling up the DagBag from /home/airflow/.local/lib/python3.12/site-packages/airflow/example_dags/example_nested_branch_dag.py
[2025-08-11T11:41:09.862+0000] {processor.py:840} INFO - DAG(s) 'example_nested_branch_dag' retrieved from /home/airflow/.local/lib/python3.12/site-packages/airflow/example_dags/example_nested_branch_dag.py
[2025-08-11T11:41:09.875+0000] {logging_mixin.py:188} INFO - [2025-08-11T11:41:09.875+0000] {dag.py:3096} INFO - Sync 1 DAGs
[2025-08-11T11:41:09.888+0000] {logging_mixin.py:188} INFO - [2025-08-11T11:41:09.888+0000] {dag.py:3954} INFO - Setting next_dagrun for example_nested_branch_dag to 2025-08-10 00:00:00+00:00, run_after=2025-08-11 00:00:00+00:00
[2025-08-11T11:41:09.898+0000] {processor.py:183} INFO - Processing /home/airflow/.local/lib/python3.12/site-packages/airflow/example_dags/example_nested_branch_dag.py took 0.048 seconds
[2025-08-11T11:41:40.469+0000] {processor.py:161} INFO - Started process (PID=794) to work on /home/airflow/.local/lib/python3.12/site-packages/airflow/example_dags/example_nested_branch_dag.py
[2025-08-11T11:41:40.470+0000] {processor.py:830} INFO - Processing file /home/airflow/.local/lib/python3.12/site-packages/airflow/example_dags/example_nested_branch_dag.py for tasks to queue
[2025-08-11T11:41:40.473+0000] {logging_mixin.py:188} INFO - [2025-08-11T11:41:40.473+0000] {dagbag.py:545} INFO - Filling up the DagBag from /home/airflow/.local/lib/python3.12/site-packages/airflow/example_dags/example_nested_branch_dag.py
[2025-08-11T11:41:40.480+0000] {processor.py:840} INFO - DAG(s) 'example_nested_branch_dag' retrieved from /home/airflow/.local/lib/python3.12/site-packages/airflow/example_dags/example_nested_branch_dag.py
[2025-08-11T11:41:40.496+0000] {logging_mixin.py:188} INFO - [2025-08-11T11:41:40.496+0000] {dag.py:3096} INFO - Sync 1 DAGs
[2025-08-11T11:41:40.510+0000] {logging_mixin.py:188} INFO - [2025-08-11T11:41:40.510+0000] {dag.py:3954} INFO - Setting next_dagrun for example_nested_branch_dag to 2025-08-10 00:00:00+00:00, run_after=2025-08-11 00:00:00+00:00
[2025-08-11T11:41:40.521+0000] {processor.py:183} INFO - Processing /home/airflow/.local/lib/python3.12/site-packages/airflow/example_dags/example_nested_branch_dag.py took 0.056 seconds
[2025-08-11T11:42:11.576+0000] {processor.py:161} INFO - Started process (PID=852) to work on /home/airflow/.local/lib/python3.12/site-packages/airflow/example_dags/example_nested_branch_dag.py
[2025-08-11T11:42:11.577+0000] {processor.py:830} INFO - Processing file /home/airflow/.local/lib/python3.12/site-packages/airflow/example_dags/example_nested_branch_dag.py for tasks to queue
[2025-08-11T11:42:11.578+0000] {logging_mixin.py:188} INFO - [2025-08-11T11:42:11.578+0000] {dagbag.py:545} INFO - Filling up the DagBag from /home/airflow/.local/lib/python3.12/site-packages/airflow/example_dags/example_nested_branch_dag.py
[2025-08-11T11:42:11.585+0000] {processor.py:840} INFO - DAG(s) 'example_nested_branch_dag' retrieved from /home/airflow/.local/lib/python3.12/site-packages/airflow/example_dags/example_nested_branch_dag.py
[2025-08-11T11:42:11.616+0000] {logging_mixin.py:188} INFO - [2025-08-11T11:42:11.615+0000] {dag.py:3096} INFO - Sync 1 DAGs
[2025-08-11T11:42:11.630+0000] {logging_mixin.py:188} INFO - [2025-08-11T11:42:11.630+0000] {dag.py:3954} INFO - Setting next_dagrun for example_nested_branch_dag to 2025-08-10 00:00:00+00:00, run_after=2025-08-11 00:00:00+00:00
[2025-08-11T11:42:11.642+0000] {processor.py:183} INFO - Processing /home/airflow/.local/lib/python3.12/site-packages/airflow/example_dags/example_nested_branch_dag.py took 0.080 seconds
[2025-08-11T11:42:42.406+0000] {processor.py:161} INFO - Started process (PID=910) to work on /home/airflow/.local/lib/python3.12/site-packages/airflow/example_dags/example_nested_branch_dag.py
[2025-08-11T11:42:42.407+0000] {processor.py:830} INFO - Processing file /home/airflow/.local/lib/python3.12/site-packages/airflow/example_dags/example_nested_branch_dag.py for tasks to queue
[2025-08-11T11:42:42.410+0000] {logging_mixin.py:188} INFO - [2025-08-11T11:42:42.409+0000] {dagbag.py:545} INFO - Filling up the DagBag from /home/airflow/.local/lib/python3.12/site-packages/airflow/example_dags/example_nested_branch_dag.py
[2025-08-11T11:42:42.426+0000] {processor.py:840} INFO - DAG(s) 'example_nested_branch_dag' retrieved from /home/airflow/.local/lib/python3.12/site-packages/airflow/example_dags/example_nested_branch_dag.py
[2025-08-11T11:42:42.448+0000] {logging_mixin.py:188} INFO - [2025-08-11T11:42:42.448+0000] {dag.py:3096} INFO - Sync 1 DAGs
[2025-08-11T11:42:42.481+0000] {logging_mixin.py:188} INFO - [2025-08-11T11:42:42.481+0000] {dag.py:3954} INFO - Setting next_dagrun for example_nested_branch_dag to 2025-08-10 00:00:00+00:00, run_after=2025-08-11 00:00:00+00:00
[2025-08-11T11:42:42.522+0000] {processor.py:183} INFO - Processing /home/airflow/.local/lib/python3.12/site-packages/airflow/example_dags/example_nested_branch_dag.py took 0.122 seconds
[2025-08-11T11:43:12.638+0000] {processor.py:161} INFO - Started process (PID=968) to work on /home/airflow/.local/lib/python3.12/site-packages/airflow/example_dags/example_nested_branch_dag.py
[2025-08-11T11:43:12.641+0000] {processor.py:830} INFO - Processing file /home/airflow/.local/lib/python3.12/site-packages/airflow/example_dags/example_nested_branch_dag.py for tasks to queue
[2025-08-11T11:43:12.643+0000] {logging_mixin.py:188} INFO - [2025-08-11T11:43:12.643+0000] {dagbag.py:545} INFO - Filling up the DagBag from /home/airflow/.local/lib/python3.12/site-packages/airflow/example_dags/example_nested_branch_dag.py
[2025-08-11T11:43:12.651+0000] {processor.py:840} INFO - DAG(s) 'example_nested_branch_dag' retrieved from /home/airflow/.local/lib/python3.12/site-packages/airflow/example_dags/example_nested_branch_dag.py
[2025-08-11T11:43:12.666+0000] {logging_mixin.py:188} INFO - [2025-08-11T11:43:12.666+0000] {dag.py:3096} INFO - Sync 1 DAGs
[2025-08-11T11:43:12.680+0000] {logging_mixin.py:188} INFO - [2025-08-11T11:43:12.680+0000] {dag.py:3954} INFO - Setting next_dagrun for example_nested_branch_dag to 2025-08-10 00:00:00+00:00, run_after=2025-08-11 00:00:00+00:00
[2025-08-11T11:43:12.692+0000] {processor.py:183} INFO - Processing /home/airflow/.local/lib/python3.12/site-packages/airflow/example_dags/example_nested_branch_dag.py took 0.057 seconds
[2025-08-11T11:43:42.765+0000] {processor.py:161} INFO - Started process (PID=1025) to work on /home/airflow/.local/lib/python3.12/site-packages/airflow/example_dags/example_nested_branch_dag.py
[2025-08-11T11:43:42.766+0000] {processor.py:830} INFO - Processing file /home/airflow/.local/lib/python3.12/site-packages/airflow/example_dags/example_nested_branch_dag.py for tasks to queue
[2025-08-11T11:43:42.767+0000] {logging_mixin.py:188} INFO - [2025-08-11T11:43:42.767+0000] {dagbag.py:545} INFO - Filling up the DagBag from /home/airflow/.local/lib/python3.12/site-packages/airflow/example_dags/example_nested_branch_dag.py
[2025-08-11T11:43:42.774+0000] {processor.py:840} INFO - DAG(s) 'example_nested_branch_dag' retrieved from /home/airflow/.local/lib/python3.12/site-packages/airflow/example_dags/example_nested_branch_dag.py
[2025-08-11T11:43:42.791+0000] {logging_mixin.py:188} INFO - [2025-08-11T11:43:42.791+0000] {dag.py:3096} INFO - Sync 1 DAGs
[2025-08-11T11:43:42.807+0000] {logging_mixin.py:188} INFO - [2025-08-11T11:43:42.807+0000] {dag.py:3954} INFO - Setting next_dagrun for example_nested_branch_dag to 2025-08-10 00:00:00+00:00, run_after=2025-08-11 00:00:00+00:00
[2025-08-11T11:43:42.820+0000] {processor.py:183} INFO - Processing /home/airflow/.local/lib/python3.12/site-packages/airflow/example_dags/example_nested_branch_dag.py took 0.061 seconds
[2025-08-11T11:44:13.723+0000] {processor.py:161} INFO - Started process (PID=1083) to work on /home/airflow/.local/lib/python3.12/site-packages/airflow/example_dags/example_nested_branch_dag.py
[2025-08-11T11:44:13.724+0000] {processor.py:830} INFO - Processing file /home/airflow/.local/lib/python3.12/site-packages/airflow/example_dags/example_nested_branch_dag.py for tasks to queue
[2025-08-11T11:44:13.725+0000] {logging_mixin.py:188} INFO - [2025-08-11T11:44:13.725+0000] {dagbag.py:545} INFO - Filling up the DagBag from /home/airflow/.local/lib/python3.12/site-packages/airflow/example_dags/example_nested_branch_dag.py
[2025-08-11T11:44:13.732+0000] {processor.py:840} INFO - DAG(s) 'example_nested_branch_dag' retrieved from /home/airflow/.local/lib/python3.12/site-packages/airflow/example_dags/example_nested_branch_dag.py
[2025-08-11T11:44:13.745+0000] {logging_mixin.py:188} INFO - [2025-08-11T11:44:13.745+0000] {dag.py:3096} INFO - Sync 1 DAGs
[2025-08-11T11:44:13.758+0000] {logging_mixin.py:188} INFO - [2025-08-11T11:44:13.758+0000] {dag.py:3954} INFO - Setting next_dagrun for example_nested_branch_dag to 2025-08-10 00:00:00+00:00, run_after=2025-08-11 00:00:00+00:00
[2025-08-11T11:44:13.768+0000] {processor.py:183} INFO - Processing /home/airflow/.local/lib/python3.12/site-packages/airflow/example_dags/example_nested_branch_dag.py took 0.049 seconds
[2025-08-11T11:44:44.246+0000] {processor.py:161} INFO - Started process (PID=1141) to work on /home/airflow/.local/lib/python3.12/site-packages/airflow/example_dags/example_nested_branch_dag.py
[2025-08-11T11:44:44.247+0000] {processor.py:830} INFO - Processing file /home/airflow/.local/lib/python3.12/site-packages/airflow/example_dags/example_nested_branch_dag.py for tasks to queue
[2025-08-11T11:44:44.248+0000] {logging_mixin.py:188} INFO - [2025-08-11T11:44:44.248+0000] {dagbag.py:545} INFO - Filling up the DagBag from /home/airflow/.local/lib/python3.12/site-packages/airflow/example_dags/example_nested_branch_dag.py
[2025-08-11T11:44:44.255+0000] {processor.py:840} INFO - DAG(s) 'example_nested_branch_dag' retrieved from /home/airflow/.local/lib/python3.12/site-packages/airflow/example_dags/example_nested_branch_dag.py
[2025-08-11T11:44:44.271+0000] {logging_mixin.py:188} INFO - [2025-08-11T11:44:44.270+0000] {dag.py:3096} INFO - Sync 1 DAGs
[2025-08-11T11:44:44.284+0000] {logging_mixin.py:188} INFO - [2025-08-11T11:44:44.284+0000] {dag.py:3954} INFO - Setting next_dagrun for example_nested_branch_dag to 2025-08-10 00:00:00+00:00, run_after=2025-08-11 00:00:00+00:00
[2025-08-11T11:44:44.294+0000] {processor.py:183} INFO - Processing /home/airflow/.local/lib/python3.12/site-packages/airflow/example_dags/example_nested_branch_dag.py took 0.052 seconds
[2025-08-11T11:45:14.676+0000] {processor.py:161} INFO - Started process (PID=1199) to work on /home/airflow/.local/lib/python3.12/site-packages/airflow/example_dags/example_nested_branch_dag.py
[2025-08-11T11:45:14.676+0000] {processor.py:830} INFO - Processing file /home/airflow/.local/lib/python3.12/site-packages/airflow/example_dags/example_nested_branch_dag.py for tasks to queue
[2025-08-11T11:45:14.678+0000] {logging_mixin.py:188} INFO - [2025-08-11T11:45:14.677+0000] {dagbag.py:545} INFO - Filling up the DagBag from /home/airflow/.local/lib/python3.12/site-packages/airflow/example_dags/example_nested_branch_dag.py
[2025-08-11T11:45:14.684+0000] {processor.py:840} INFO - DAG(s) 'example_nested_branch_dag' retrieved from /home/airflow/.local/lib/python3.12/site-packages/airflow/example_dags/example_nested_branch_dag.py
[2025-08-11T11:45:14.698+0000] {logging_mixin.py:188} INFO - [2025-08-11T11:45:14.698+0000] {dag.py:3096} INFO - Sync 1 DAGs
[2025-08-11T11:45:14.712+0000] {logging_mixin.py:188} INFO - [2025-08-11T11:45:14.712+0000] {dag.py:3954} INFO - Setting next_dagrun for example_nested_branch_dag to 2025-08-10 00:00:00+00:00, run_after=2025-08-11 00:00:00+00:00
[2025-08-11T11:45:14.723+0000] {processor.py:183} INFO - Processing /home/airflow/.local/lib/python3.12/site-packages/airflow/example_dags/example_nested_branch_dag.py took 0.053 seconds
[2025-08-11T11:45:45.060+0000] {processor.py:161} INFO - Started process (PID=1257) to work on /home/airflow/.local/lib/python3.12/site-packages/airflow/example_dags/example_nested_branch_dag.py
[2025-08-11T11:45:45.061+0000] {processor.py:830} INFO - Processing file /home/airflow/.local/lib/python3.12/site-packages/airflow/example_dags/example_nested_branch_dag.py for tasks to queue
[2025-08-11T11:45:45.066+0000] {logging_mixin.py:188} INFO - [2025-08-11T11:45:45.066+0000] {dagbag.py:545} INFO - Filling up the DagBag from /home/airflow/.local/lib/python3.12/site-packages/airflow/example_dags/example_nested_branch_dag.py
[2025-08-11T11:45:45.074+0000] {processor.py:840} INFO - DAG(s) 'example_nested_branch_dag' retrieved from /home/airflow/.local/lib/python3.12/site-packages/airflow/example_dags/example_nested_branch_dag.py
[2025-08-11T11:45:45.090+0000] {logging_mixin.py:188} INFO - [2025-08-11T11:45:45.090+0000] {dag.py:3096} INFO - Sync 1 DAGs
[2025-08-11T11:45:45.109+0000] {logging_mixin.py:188} INFO - [2025-08-11T11:45:45.108+0000] {dag.py:3954} INFO - Setting next_dagrun for example_nested_branch_dag to 2025-08-10 00:00:00+00:00, run_after=2025-08-11 00:00:00+00:00
[2025-08-11T11:45:45.123+0000] {processor.py:183} INFO - Processing /home/airflow/.local/lib/python3.12/site-packages/airflow/example_dags/example_nested_branch_dag.py took 0.068 seconds
[2025-08-11T11:46:15.262+0000] {processor.py:161} INFO - Started process (PID=1316) to work on /home/airflow/.local/lib/python3.12/site-packages/airflow/example_dags/example_nested_branch_dag.py
[2025-08-11T11:46:15.263+0000] {processor.py:830} INFO - Processing file /home/airflow/.local/lib/python3.12/site-packages/airflow/example_dags/example_nested_branch_dag.py for tasks to queue
[2025-08-11T11:46:15.265+0000] {logging_mixin.py:188} INFO - [2025-08-11T11:46:15.264+0000] {dagbag.py:545} INFO - Filling up the DagBag from /home/airflow/.local/lib/python3.12/site-packages/airflow/example_dags/example_nested_branch_dag.py
[2025-08-11T11:46:15.271+0000] {processor.py:840} INFO - DAG(s) 'example_nested_branch_dag' retrieved from /home/airflow/.local/lib/python3.12/site-packages/airflow/example_dags/example_nested_branch_dag.py
[2025-08-11T11:46:15.284+0000] {logging_mixin.py:188} INFO - [2025-08-11T11:46:15.284+0000] {dag.py:3096} INFO - Sync 1 DAGs
[2025-08-11T11:46:15.297+0000] {logging_mixin.py:188} INFO - [2025-08-11T11:46:15.297+0000] {dag.py:3954} INFO - Setting next_dagrun for example_nested_branch_dag to 2025-08-10 00:00:00+00:00, run_after=2025-08-11 00:00:00+00:00
[2025-08-11T11:46:15.307+0000] {processor.py:183} INFO - Processing /home/airflow/.local/lib/python3.12/site-packages/airflow/example_dags/example_nested_branch_dag.py took 0.048 seconds
