[2025-08-11T11:35:33.364+0000] {processor.py:161} INFO - Started process (PID=92) to work on /home/airflow/.local/lib/python3.12/site-packages/airflow/example_dags/example_dag_decorator.py
[2025-08-11T11:35:33.367+0000] {processor.py:830} INFO - Processing file /home/airflow/.local/lib/python3.12/site-packages/airflow/example_dags/example_dag_decorator.py for tasks to queue
[2025-08-11T11:35:33.369+0000] {logging_mixin.py:188} INFO - [2025-08-11T11:35:33.368+0000] {dagbag.py:545} INFO - Filling up the DagBag from /home/airflow/.local/lib/python3.12/site-packages/airflow/example_dags/example_dag_decorator.py
[2025-08-11T11:35:33.825+0000] {processor.py:840} INFO - DAG(s) 'example_dag_decorator' retrieved from /home/airflow/.local/lib/python3.12/site-packages/airflow/example_dags/example_dag_decorator.py
[2025-08-11T11:35:33.905+0000] {logging_mixin.py:188} INFO - [2025-08-11T11:35:33.905+0000] {override.py:1829} INFO - Created Permission View: can read on DAG:example_dag_decorator
[2025-08-11T11:35:33.911+0000] {logging_mixin.py:188} INFO - [2025-08-11T11:35:33.911+0000] {override.py:1829} INFO - Created Permission View: can delete on DAG:example_dag_decorator
[2025-08-11T11:35:33.914+0000] {logging_mixin.py:188} INFO - [2025-08-11T11:35:33.914+0000] {override.py:1829} INFO - Created Permission View: can edit on DAG:example_dag_decorator
[2025-08-11T11:35:33.915+0000] {logging_mixin.py:188} INFO - [2025-08-11T11:35:33.915+0000] {dag.py:3096} INFO - Sync 1 DAGs
[2025-08-11T11:35:33.923+0000] {logging_mixin.py:188} INFO - [2025-08-11T11:35:33.923+0000] {dag.py:3118} INFO - Creating ORM DAG for example_dag_decorator
[2025-08-11T11:35:33.924+0000] {logging_mixin.py:188} INFO - [2025-08-11T11:35:33.924+0000] {dag.py:3954} INFO - Setting next_dagrun for example_dag_decorator to None, run_after=None
[2025-08-11T11:35:33.934+0000] {processor.py:183} INFO - Processing /home/airflow/.local/lib/python3.12/site-packages/airflow/example_dags/example_dag_decorator.py took 0.578 seconds
[2025-08-11T11:36:04.150+0000] {processor.py:161} INFO - Started process (PID=152) to work on /home/airflow/.local/lib/python3.12/site-packages/airflow/example_dags/example_dag_decorator.py
[2025-08-11T11:36:04.152+0000] {processor.py:830} INFO - Processing file /home/airflow/.local/lib/python3.12/site-packages/airflow/example_dags/example_dag_decorator.py for tasks to queue
[2025-08-11T11:36:04.154+0000] {logging_mixin.py:188} INFO - [2025-08-11T11:36:04.153+0000] {dagbag.py:545} INFO - Filling up the DagBag from /home/airflow/.local/lib/python3.12/site-packages/airflow/example_dags/example_dag_decorator.py
[2025-08-11T11:36:04.404+0000] {processor.py:840} INFO - DAG(s) 'example_dag_decorator' retrieved from /home/airflow/.local/lib/python3.12/site-packages/airflow/example_dags/example_dag_decorator.py
[2025-08-11T11:36:04.666+0000] {logging_mixin.py:188} INFO - [2025-08-11T11:36:04.665+0000] {dag.py:3096} INFO - Sync 1 DAGs
[2025-08-11T11:36:04.677+0000] {logging_mixin.py:188} INFO - [2025-08-11T11:36:04.676+0000] {dag.py:3954} INFO - Setting next_dagrun for example_dag_decorator to None, run_after=None
[2025-08-11T11:36:04.704+0000] {processor.py:183} INFO - Processing /home/airflow/.local/lib/python3.12/site-packages/airflow/example_dags/example_dag_decorator.py took 0.560 seconds
[2025-08-11T11:36:34.833+0000] {processor.py:161} INFO - Started process (PID=210) to work on /home/airflow/.local/lib/python3.12/site-packages/airflow/example_dags/example_dag_decorator.py
[2025-08-11T11:36:34.835+0000] {processor.py:830} INFO - Processing file /home/airflow/.local/lib/python3.12/site-packages/airflow/example_dags/example_dag_decorator.py for tasks to queue
[2025-08-11T11:36:34.837+0000] {logging_mixin.py:188} INFO - [2025-08-11T11:36:34.837+0000] {dagbag.py:545} INFO - Filling up the DagBag from /home/airflow/.local/lib/python3.12/site-packages/airflow/example_dags/example_dag_decorator.py
[2025-08-11T11:36:34.943+0000] {processor.py:840} INFO - DAG(s) 'example_dag_decorator' retrieved from /home/airflow/.local/lib/python3.12/site-packages/airflow/example_dags/example_dag_decorator.py
[2025-08-11T11:36:35.026+0000] {logging_mixin.py:188} INFO - [2025-08-11T11:36:35.026+0000] {dag.py:3096} INFO - Sync 1 DAGs
[2025-08-11T11:36:35.036+0000] {logging_mixin.py:188} INFO - [2025-08-11T11:36:35.036+0000] {dag.py:3954} INFO - Setting next_dagrun for example_dag_decorator to None, run_after=None
[2025-08-11T11:36:35.049+0000] {processor.py:183} INFO - Processing /home/airflow/.local/lib/python3.12/site-packages/airflow/example_dags/example_dag_decorator.py took 0.220 seconds
[2025-08-11T11:37:05.187+0000] {processor.py:161} INFO - Started process (PID=269) to work on /home/airflow/.local/lib/python3.12/site-packages/airflow/example_dags/example_dag_decorator.py
[2025-08-11T11:37:05.188+0000] {processor.py:830} INFO - Processing file /home/airflow/.local/lib/python3.12/site-packages/airflow/example_dags/example_dag_decorator.py for tasks to queue
[2025-08-11T11:37:05.192+0000] {logging_mixin.py:188} INFO - [2025-08-11T11:37:05.192+0000] {dagbag.py:545} INFO - Filling up the DagBag from /home/airflow/.local/lib/python3.12/site-packages/airflow/example_dags/example_dag_decorator.py
[2025-08-11T11:37:05.287+0000] {processor.py:840} INFO - DAG(s) 'example_dag_decorator' retrieved from /home/airflow/.local/lib/python3.12/site-packages/airflow/example_dags/example_dag_decorator.py
[2025-08-11T11:37:05.377+0000] {logging_mixin.py:188} INFO - [2025-08-11T11:37:05.377+0000] {dag.py:3096} INFO - Sync 1 DAGs
[2025-08-11T11:37:05.397+0000] {logging_mixin.py:188} INFO - [2025-08-11T11:37:05.397+0000] {dag.py:3954} INFO - Setting next_dagrun for example_dag_decorator to None, run_after=None
[2025-08-11T11:37:05.420+0000] {processor.py:183} INFO - Processing /home/airflow/.local/lib/python3.12/site-packages/airflow/example_dags/example_dag_decorator.py took 0.238 seconds
[2025-08-11T11:37:35.660+0000] {processor.py:161} INFO - Started process (PID=326) to work on /home/airflow/.local/lib/python3.12/site-packages/airflow/example_dags/example_dag_decorator.py
[2025-08-11T11:37:35.662+0000] {processor.py:830} INFO - Processing file /home/airflow/.local/lib/python3.12/site-packages/airflow/example_dags/example_dag_decorator.py for tasks to queue
[2025-08-11T11:37:35.665+0000] {logging_mixin.py:188} INFO - [2025-08-11T11:37:35.664+0000] {dagbag.py:545} INFO - Filling up the DagBag from /home/airflow/.local/lib/python3.12/site-packages/airflow/example_dags/example_dag_decorator.py
[2025-08-11T11:37:35.771+0000] {processor.py:840} INFO - DAG(s) 'example_dag_decorator' retrieved from /home/airflow/.local/lib/python3.12/site-packages/airflow/example_dags/example_dag_decorator.py
[2025-08-11T11:37:35.861+0000] {logging_mixin.py:188} INFO - [2025-08-11T11:37:35.861+0000] {dag.py:3096} INFO - Sync 1 DAGs
[2025-08-11T11:37:35.867+0000] {logging_mixin.py:188} INFO - [2025-08-11T11:37:35.867+0000] {dag.py:3954} INFO - Setting next_dagrun for example_dag_decorator to None, run_after=None
[2025-08-11T11:37:35.878+0000] {processor.py:183} INFO - Processing /home/airflow/.local/lib/python3.12/site-packages/airflow/example_dags/example_dag_decorator.py took 0.223 seconds
[2025-08-11T11:38:05.944+0000] {processor.py:161} INFO - Started process (PID=381) to work on /home/airflow/.local/lib/python3.12/site-packages/airflow/example_dags/example_dag_decorator.py
[2025-08-11T11:38:05.948+0000] {processor.py:830} INFO - Processing file /home/airflow/.local/lib/python3.12/site-packages/airflow/example_dags/example_dag_decorator.py for tasks to queue
[2025-08-11T11:38:05.951+0000] {logging_mixin.py:188} INFO - [2025-08-11T11:38:05.951+0000] {dagbag.py:545} INFO - Filling up the DagBag from /home/airflow/.local/lib/python3.12/site-packages/airflow/example_dags/example_dag_decorator.py
[2025-08-11T11:38:06.057+0000] {processor.py:840} INFO - DAG(s) 'example_dag_decorator' retrieved from /home/airflow/.local/lib/python3.12/site-packages/airflow/example_dags/example_dag_decorator.py
[2025-08-11T11:38:06.146+0000] {logging_mixin.py:188} INFO - [2025-08-11T11:38:06.146+0000] {dag.py:3096} INFO - Sync 1 DAGs
[2025-08-11T11:38:06.153+0000] {logging_mixin.py:188} INFO - [2025-08-11T11:38:06.153+0000] {dag.py:3954} INFO - Setting next_dagrun for example_dag_decorator to None, run_after=None
[2025-08-11T11:38:06.165+0000] {processor.py:183} INFO - Processing /home/airflow/.local/lib/python3.12/site-packages/airflow/example_dags/example_dag_decorator.py took 0.226 seconds
[2025-08-11T11:38:36.467+0000] {processor.py:161} INFO - Started process (PID=439) to work on /home/airflow/.local/lib/python3.12/site-packages/airflow/example_dags/example_dag_decorator.py
[2025-08-11T11:38:36.469+0000] {processor.py:830} INFO - Processing file /home/airflow/.local/lib/python3.12/site-packages/airflow/example_dags/example_dag_decorator.py for tasks to queue
[2025-08-11T11:38:36.470+0000] {logging_mixin.py:188} INFO - [2025-08-11T11:38:36.470+0000] {dagbag.py:545} INFO - Filling up the DagBag from /home/airflow/.local/lib/python3.12/site-packages/airflow/example_dags/example_dag_decorator.py
[2025-08-11T11:38:36.558+0000] {processor.py:840} INFO - DAG(s) 'example_dag_decorator' retrieved from /home/airflow/.local/lib/python3.12/site-packages/airflow/example_dags/example_dag_decorator.py
[2025-08-11T11:38:36.646+0000] {logging_mixin.py:188} INFO - [2025-08-11T11:38:36.646+0000] {dag.py:3096} INFO - Sync 1 DAGs
[2025-08-11T11:38:36.653+0000] {logging_mixin.py:188} INFO - [2025-08-11T11:38:36.653+0000] {dag.py:3954} INFO - Setting next_dagrun for example_dag_decorator to None, run_after=None
[2025-08-11T11:38:36.664+0000] {processor.py:183} INFO - Processing /home/airflow/.local/lib/python3.12/site-packages/airflow/example_dags/example_dag_decorator.py took 0.203 seconds
[2025-08-11T11:39:06.834+0000] {processor.py:161} INFO - Started process (PID=497) to work on /home/airflow/.local/lib/python3.12/site-packages/airflow/example_dags/example_dag_decorator.py
[2025-08-11T11:39:06.837+0000] {processor.py:830} INFO - Processing file /home/airflow/.local/lib/python3.12/site-packages/airflow/example_dags/example_dag_decorator.py for tasks to queue
[2025-08-11T11:39:06.840+0000] {logging_mixin.py:188} INFO - [2025-08-11T11:39:06.839+0000] {dagbag.py:545} INFO - Filling up the DagBag from /home/airflow/.local/lib/python3.12/site-packages/airflow/example_dags/example_dag_decorator.py
[2025-08-11T11:39:06.928+0000] {processor.py:840} INFO - DAG(s) 'example_dag_decorator' retrieved from /home/airflow/.local/lib/python3.12/site-packages/airflow/example_dags/example_dag_decorator.py
[2025-08-11T11:39:07.009+0000] {logging_mixin.py:188} INFO - [2025-08-11T11:39:07.009+0000] {dag.py:3096} INFO - Sync 1 DAGs
[2025-08-11T11:39:07.017+0000] {logging_mixin.py:188} INFO - [2025-08-11T11:39:07.017+0000] {dag.py:3954} INFO - Setting next_dagrun for example_dag_decorator to None, run_after=None
[2025-08-11T11:39:07.029+0000] {processor.py:183} INFO - Processing /home/airflow/.local/lib/python3.12/site-packages/airflow/example_dags/example_dag_decorator.py took 0.198 seconds
[2025-08-11T11:39:37.106+0000] {processor.py:161} INFO - Started process (PID=556) to work on /home/airflow/.local/lib/python3.12/site-packages/airflow/example_dags/example_dag_decorator.py
[2025-08-11T11:39:37.107+0000] {processor.py:830} INFO - Processing file /home/airflow/.local/lib/python3.12/site-packages/airflow/example_dags/example_dag_decorator.py for tasks to queue
[2025-08-11T11:39:37.109+0000] {logging_mixin.py:188} INFO - [2025-08-11T11:39:37.108+0000] {dagbag.py:545} INFO - Filling up the DagBag from /home/airflow/.local/lib/python3.12/site-packages/airflow/example_dags/example_dag_decorator.py
[2025-08-11T11:39:37.196+0000] {processor.py:840} INFO - DAG(s) 'example_dag_decorator' retrieved from /home/airflow/.local/lib/python3.12/site-packages/airflow/example_dags/example_dag_decorator.py
[2025-08-11T11:39:37.277+0000] {logging_mixin.py:188} INFO - [2025-08-11T11:39:37.277+0000] {dag.py:3096} INFO - Sync 1 DAGs
[2025-08-11T11:39:37.284+0000] {logging_mixin.py:188} INFO - [2025-08-11T11:39:37.284+0000] {dag.py:3954} INFO - Setting next_dagrun for example_dag_decorator to None, run_after=None
[2025-08-11T11:39:37.516+0000] {processor.py:183} INFO - Processing /home/airflow/.local/lib/python3.12/site-packages/airflow/example_dags/example_dag_decorator.py took 0.414 seconds
[2025-08-11T11:40:07.555+0000] {processor.py:161} INFO - Started process (PID=618) to work on /home/airflow/.local/lib/python3.12/site-packages/airflow/example_dags/example_dag_decorator.py
[2025-08-11T11:40:07.558+0000] {processor.py:830} INFO - Processing file /home/airflow/.local/lib/python3.12/site-packages/airflow/example_dags/example_dag_decorator.py for tasks to queue
[2025-08-11T11:40:07.559+0000] {logging_mixin.py:188} INFO - [2025-08-11T11:40:07.559+0000] {dagbag.py:545} INFO - Filling up the DagBag from /home/airflow/.local/lib/python3.12/site-packages/airflow/example_dags/example_dag_decorator.py
[2025-08-11T11:40:07.657+0000] {processor.py:840} INFO - DAG(s) 'example_dag_decorator' retrieved from /home/airflow/.local/lib/python3.12/site-packages/airflow/example_dags/example_dag_decorator.py
[2025-08-11T11:40:07.738+0000] {logging_mixin.py:188} INFO - [2025-08-11T11:40:07.738+0000] {dag.py:3096} INFO - Sync 1 DAGs
[2025-08-11T11:40:07.747+0000] {logging_mixin.py:188} INFO - [2025-08-11T11:40:07.747+0000] {dag.py:3954} INFO - Setting next_dagrun for example_dag_decorator to None, run_after=None
[2025-08-11T11:40:07.761+0000] {processor.py:183} INFO - Processing /home/airflow/.local/lib/python3.12/site-packages/airflow/example_dags/example_dag_decorator.py took 0.213 seconds
[2025-08-11T11:40:38.448+0000] {processor.py:161} INFO - Started process (PID=671) to work on /home/airflow/.local/lib/python3.12/site-packages/airflow/example_dags/example_dag_decorator.py
[2025-08-11T11:40:38.452+0000] {processor.py:830} INFO - Processing file /home/airflow/.local/lib/python3.12/site-packages/airflow/example_dags/example_dag_decorator.py for tasks to queue
[2025-08-11T11:40:38.454+0000] {logging_mixin.py:188} INFO - [2025-08-11T11:40:38.453+0000] {dagbag.py:545} INFO - Filling up the DagBag from /home/airflow/.local/lib/python3.12/site-packages/airflow/example_dags/example_dag_decorator.py
[2025-08-11T11:40:38.553+0000] {processor.py:840} INFO - DAG(s) 'example_dag_decorator' retrieved from /home/airflow/.local/lib/python3.12/site-packages/airflow/example_dags/example_dag_decorator.py
[2025-08-11T11:40:38.638+0000] {logging_mixin.py:188} INFO - [2025-08-11T11:40:38.637+0000] {dag.py:3096} INFO - Sync 1 DAGs
[2025-08-11T11:40:38.645+0000] {logging_mixin.py:188} INFO - [2025-08-11T11:40:38.645+0000] {dag.py:3954} INFO - Setting next_dagrun for example_dag_decorator to None, run_after=None
[2025-08-11T11:40:38.657+0000] {processor.py:183} INFO - Processing /home/airflow/.local/lib/python3.12/site-packages/airflow/example_dags/example_dag_decorator.py took 0.213 seconds
[2025-08-11T11:41:09.489+0000] {processor.py:161} INFO - Started process (PID=729) to work on /home/airflow/.local/lib/python3.12/site-packages/airflow/example_dags/example_dag_decorator.py
[2025-08-11T11:41:09.490+0000] {processor.py:830} INFO - Processing file /home/airflow/.local/lib/python3.12/site-packages/airflow/example_dags/example_dag_decorator.py for tasks to queue
[2025-08-11T11:41:09.491+0000] {logging_mixin.py:188} INFO - [2025-08-11T11:41:09.491+0000] {dagbag.py:545} INFO - Filling up the DagBag from /home/airflow/.local/lib/python3.12/site-packages/airflow/example_dags/example_dag_decorator.py
[2025-08-11T11:41:09.581+0000] {processor.py:840} INFO - DAG(s) 'example_dag_decorator' retrieved from /home/airflow/.local/lib/python3.12/site-packages/airflow/example_dags/example_dag_decorator.py
[2025-08-11T11:41:09.661+0000] {logging_mixin.py:188} INFO - [2025-08-11T11:41:09.661+0000] {dag.py:3096} INFO - Sync 1 DAGs
[2025-08-11T11:41:09.669+0000] {logging_mixin.py:188} INFO - [2025-08-11T11:41:09.669+0000] {dag.py:3954} INFO - Setting next_dagrun for example_dag_decorator to None, run_after=None
[2025-08-11T11:41:09.684+0000] {processor.py:183} INFO - Processing /home/airflow/.local/lib/python3.12/site-packages/airflow/example_dags/example_dag_decorator.py took 0.199 seconds
[2025-08-11T11:41:39.954+0000] {processor.py:161} INFO - Started process (PID=787) to work on /home/airflow/.local/lib/python3.12/site-packages/airflow/example_dags/example_dag_decorator.py
[2025-08-11T11:41:39.956+0000] {processor.py:830} INFO - Processing file /home/airflow/.local/lib/python3.12/site-packages/airflow/example_dags/example_dag_decorator.py for tasks to queue
[2025-08-11T11:41:39.957+0000] {logging_mixin.py:188} INFO - [2025-08-11T11:41:39.957+0000] {dagbag.py:545} INFO - Filling up the DagBag from /home/airflow/.local/lib/python3.12/site-packages/airflow/example_dags/example_dag_decorator.py
[2025-08-11T11:41:40.055+0000] {processor.py:840} INFO - DAG(s) 'example_dag_decorator' retrieved from /home/airflow/.local/lib/python3.12/site-packages/airflow/example_dags/example_dag_decorator.py
[2025-08-11T11:41:40.386+0000] {logging_mixin.py:188} INFO - [2025-08-11T11:41:40.386+0000] {dag.py:3096} INFO - Sync 1 DAGs
[2025-08-11T11:41:40.394+0000] {logging_mixin.py:188} INFO - [2025-08-11T11:41:40.394+0000] {dag.py:3954} INFO - Setting next_dagrun for example_dag_decorator to None, run_after=None
[2025-08-11T11:41:40.412+0000] {processor.py:183} INFO - Processing /home/airflow/.local/lib/python3.12/site-packages/airflow/example_dags/example_dag_decorator.py took 0.466 seconds
[2025-08-11T11:42:11.192+0000] {processor.py:161} INFO - Started process (PID=847) to work on /home/airflow/.local/lib/python3.12/site-packages/airflow/example_dags/example_dag_decorator.py
[2025-08-11T11:42:11.194+0000] {processor.py:830} INFO - Processing file /home/airflow/.local/lib/python3.12/site-packages/airflow/example_dags/example_dag_decorator.py for tasks to queue
[2025-08-11T11:42:11.197+0000] {logging_mixin.py:188} INFO - [2025-08-11T11:42:11.197+0000] {dagbag.py:545} INFO - Filling up the DagBag from /home/airflow/.local/lib/python3.12/site-packages/airflow/example_dags/example_dag_decorator.py
[2025-08-11T11:42:11.299+0000] {processor.py:840} INFO - DAG(s) 'example_dag_decorator' retrieved from /home/airflow/.local/lib/python3.12/site-packages/airflow/example_dags/example_dag_decorator.py
[2025-08-11T11:42:11.582+0000] {logging_mixin.py:188} INFO - [2025-08-11T11:42:11.581+0000] {dag.py:3096} INFO - Sync 1 DAGs
[2025-08-11T11:42:11.592+0000] {logging_mixin.py:188} INFO - [2025-08-11T11:42:11.592+0000] {dag.py:3954} INFO - Setting next_dagrun for example_dag_decorator to None, run_after=None
[2025-08-11T11:42:11.610+0000] {processor.py:183} INFO - Processing /home/airflow/.local/lib/python3.12/site-packages/airflow/example_dags/example_dag_decorator.py took 0.427 seconds
[2025-08-11T11:42:42.032+0000] {processor.py:161} INFO - Started process (PID=905) to work on /home/airflow/.local/lib/python3.12/site-packages/airflow/example_dags/example_dag_decorator.py
[2025-08-11T11:42:42.033+0000] {processor.py:830} INFO - Processing file /home/airflow/.local/lib/python3.12/site-packages/airflow/example_dags/example_dag_decorator.py for tasks to queue
[2025-08-11T11:42:42.035+0000] {logging_mixin.py:188} INFO - [2025-08-11T11:42:42.035+0000] {dagbag.py:545} INFO - Filling up the DagBag from /home/airflow/.local/lib/python3.12/site-packages/airflow/example_dags/example_dag_decorator.py
[2025-08-11T11:42:42.128+0000] {processor.py:840} INFO - DAG(s) 'example_dag_decorator' retrieved from /home/airflow/.local/lib/python3.12/site-packages/airflow/example_dags/example_dag_decorator.py
[2025-08-11T11:42:42.219+0000] {logging_mixin.py:188} INFO - [2025-08-11T11:42:42.218+0000] {dag.py:3096} INFO - Sync 1 DAGs
[2025-08-11T11:42:42.441+0000] {logging_mixin.py:188} INFO - [2025-08-11T11:42:42.441+0000] {dag.py:3954} INFO - Setting next_dagrun for example_dag_decorator to None, run_after=None
[2025-08-11T11:42:42.460+0000] {processor.py:183} INFO - Processing /home/airflow/.local/lib/python3.12/site-packages/airflow/example_dags/example_dag_decorator.py took 0.436 seconds
[2025-08-11T11:43:12.635+0000] {processor.py:161} INFO - Started process (PID=967) to work on /home/airflow/.local/lib/python3.12/site-packages/airflow/example_dags/example_dag_decorator.py
[2025-08-11T11:43:12.636+0000] {processor.py:830} INFO - Processing file /home/airflow/.local/lib/python3.12/site-packages/airflow/example_dags/example_dag_decorator.py for tasks to queue
[2025-08-11T11:43:12.637+0000] {logging_mixin.py:188} INFO - [2025-08-11T11:43:12.637+0000] {dagbag.py:545} INFO - Filling up the DagBag from /home/airflow/.local/lib/python3.12/site-packages/airflow/example_dags/example_dag_decorator.py
[2025-08-11T11:43:12.728+0000] {processor.py:840} INFO - DAG(s) 'example_dag_decorator' retrieved from /home/airflow/.local/lib/python3.12/site-packages/airflow/example_dags/example_dag_decorator.py
[2025-08-11T11:43:12.814+0000] {logging_mixin.py:188} INFO - [2025-08-11T11:43:12.814+0000] {dag.py:3096} INFO - Sync 1 DAGs
[2025-08-11T11:43:13.051+0000] {logging_mixin.py:188} INFO - [2025-08-11T11:43:13.051+0000] {dag.py:3954} INFO - Setting next_dagrun for example_dag_decorator to None, run_after=None
[2025-08-11T11:43:13.066+0000] {processor.py:183} INFO - Processing /home/airflow/.local/lib/python3.12/site-packages/airflow/example_dags/example_dag_decorator.py took 0.435 seconds
[2025-08-11T11:43:44.051+0000] {processor.py:161} INFO - Started process (PID=1030) to work on /home/airflow/.local/lib/python3.12/site-packages/airflow/example_dags/example_dag_decorator.py
[2025-08-11T11:43:44.052+0000] {processor.py:830} INFO - Processing file /home/airflow/.local/lib/python3.12/site-packages/airflow/example_dags/example_dag_decorator.py for tasks to queue
[2025-08-11T11:43:44.053+0000] {logging_mixin.py:188} INFO - [2025-08-11T11:43:44.053+0000] {dagbag.py:545} INFO - Filling up the DagBag from /home/airflow/.local/lib/python3.12/site-packages/airflow/example_dags/example_dag_decorator.py
[2025-08-11T11:43:44.161+0000] {processor.py:840} INFO - DAG(s) 'example_dag_decorator' retrieved from /home/airflow/.local/lib/python3.12/site-packages/airflow/example_dags/example_dag_decorator.py
[2025-08-11T11:43:44.273+0000] {logging_mixin.py:188} INFO - [2025-08-11T11:43:44.273+0000] {dag.py:3096} INFO - Sync 1 DAGs
[2025-08-11T11:43:44.528+0000] {logging_mixin.py:188} INFO - [2025-08-11T11:43:44.527+0000] {dag.py:3954} INFO - Setting next_dagrun for example_dag_decorator to None, run_after=None
[2025-08-11T11:43:44.542+0000] {processor.py:183} INFO - Processing /home/airflow/.local/lib/python3.12/site-packages/airflow/example_dags/example_dag_decorator.py took 0.497 seconds
[2025-08-11T11:44:14.940+0000] {processor.py:161} INFO - Started process (PID=1088) to work on /home/airflow/.local/lib/python3.12/site-packages/airflow/example_dags/example_dag_decorator.py
[2025-08-11T11:44:14.943+0000] {processor.py:830} INFO - Processing file /home/airflow/.local/lib/python3.12/site-packages/airflow/example_dags/example_dag_decorator.py for tasks to queue
[2025-08-11T11:44:14.946+0000] {logging_mixin.py:188} INFO - [2025-08-11T11:44:14.945+0000] {dagbag.py:545} INFO - Filling up the DagBag from /home/airflow/.local/lib/python3.12/site-packages/airflow/example_dags/example_dag_decorator.py
[2025-08-11T11:44:15.033+0000] {processor.py:840} INFO - DAG(s) 'example_dag_decorator' retrieved from /home/airflow/.local/lib/python3.12/site-packages/airflow/example_dags/example_dag_decorator.py
[2025-08-11T11:44:15.287+0000] {logging_mixin.py:188} INFO - [2025-08-11T11:44:15.287+0000] {dag.py:3096} INFO - Sync 1 DAGs
[2025-08-11T11:44:15.294+0000] {logging_mixin.py:188} INFO - [2025-08-11T11:44:15.293+0000] {dag.py:3954} INFO - Setting next_dagrun for example_dag_decorator to None, run_after=None
[2025-08-11T11:44:15.303+0000] {processor.py:183} INFO - Processing /home/airflow/.local/lib/python3.12/site-packages/airflow/example_dags/example_dag_decorator.py took 0.371 seconds
[2025-08-11T11:44:45.457+0000] {processor.py:161} INFO - Started process (PID=1146) to work on /home/airflow/.local/lib/python3.12/site-packages/airflow/example_dags/example_dag_decorator.py
[2025-08-11T11:44:45.458+0000] {processor.py:830} INFO - Processing file /home/airflow/.local/lib/python3.12/site-packages/airflow/example_dags/example_dag_decorator.py for tasks to queue
[2025-08-11T11:44:45.460+0000] {logging_mixin.py:188} INFO - [2025-08-11T11:44:45.460+0000] {dagbag.py:545} INFO - Filling up the DagBag from /home/airflow/.local/lib/python3.12/site-packages/airflow/example_dags/example_dag_decorator.py
[2025-08-11T11:44:45.552+0000] {processor.py:840} INFO - DAG(s) 'example_dag_decorator' retrieved from /home/airflow/.local/lib/python3.12/site-packages/airflow/example_dags/example_dag_decorator.py
[2025-08-11T11:44:45.786+0000] {logging_mixin.py:188} INFO - [2025-08-11T11:44:45.786+0000] {dag.py:3096} INFO - Sync 1 DAGs
[2025-08-11T11:44:45.793+0000] {logging_mixin.py:188} INFO - [2025-08-11T11:44:45.793+0000] {dag.py:3954} INFO - Setting next_dagrun for example_dag_decorator to None, run_after=None
[2025-08-11T11:44:45.804+0000] {processor.py:183} INFO - Processing /home/airflow/.local/lib/python3.12/site-packages/airflow/example_dags/example_dag_decorator.py took 0.353 seconds
[2025-08-11T11:45:15.860+0000] {processor.py:161} INFO - Started process (PID=1204) to work on /home/airflow/.local/lib/python3.12/site-packages/airflow/example_dags/example_dag_decorator.py
[2025-08-11T11:45:15.862+0000] {processor.py:830} INFO - Processing file /home/airflow/.local/lib/python3.12/site-packages/airflow/example_dags/example_dag_decorator.py for tasks to queue
[2025-08-11T11:45:15.864+0000] {logging_mixin.py:188} INFO - [2025-08-11T11:45:15.864+0000] {dagbag.py:545} INFO - Filling up the DagBag from /home/airflow/.local/lib/python3.12/site-packages/airflow/example_dags/example_dag_decorator.py
[2025-08-11T11:45:15.947+0000] {processor.py:840} INFO - DAG(s) 'example_dag_decorator' retrieved from /home/airflow/.local/lib/python3.12/site-packages/airflow/example_dags/example_dag_decorator.py
[2025-08-11T11:45:15.965+0000] {logging_mixin.py:188} INFO - [2025-08-11T11:45:15.965+0000] {dag.py:3096} INFO - Sync 1 DAGs
[2025-08-11T11:45:15.974+0000] {logging_mixin.py:188} INFO - [2025-08-11T11:45:15.973+0000] {dag.py:3954} INFO - Setting next_dagrun for example_dag_decorator to None, run_after=None
[2025-08-11T11:45:15.986+0000] {processor.py:183} INFO - Processing /home/airflow/.local/lib/python3.12/site-packages/airflow/example_dags/example_dag_decorator.py took 0.132 seconds
[2025-08-11T11:45:46.266+0000] {processor.py:161} INFO - Started process (PID=1262) to work on /home/airflow/.local/lib/python3.12/site-packages/airflow/example_dags/example_dag_decorator.py
[2025-08-11T11:45:46.268+0000] {processor.py:830} INFO - Processing file /home/airflow/.local/lib/python3.12/site-packages/airflow/example_dags/example_dag_decorator.py for tasks to queue
[2025-08-11T11:45:46.269+0000] {logging_mixin.py:188} INFO - [2025-08-11T11:45:46.269+0000] {dagbag.py:545} INFO - Filling up the DagBag from /home/airflow/.local/lib/python3.12/site-packages/airflow/example_dags/example_dag_decorator.py
[2025-08-11T11:45:46.360+0000] {processor.py:840} INFO - DAG(s) 'example_dag_decorator' retrieved from /home/airflow/.local/lib/python3.12/site-packages/airflow/example_dags/example_dag_decorator.py
[2025-08-11T11:45:46.386+0000] {logging_mixin.py:188} INFO - [2025-08-11T11:45:46.386+0000] {dag.py:3096} INFO - Sync 1 DAGs
[2025-08-11T11:45:46.398+0000] {logging_mixin.py:188} INFO - [2025-08-11T11:45:46.397+0000] {dag.py:3954} INFO - Setting next_dagrun for example_dag_decorator to None, run_after=None
[2025-08-11T11:45:46.413+0000] {processor.py:183} INFO - Processing /home/airflow/.local/lib/python3.12/site-packages/airflow/example_dags/example_dag_decorator.py took 0.151 seconds
[2025-08-11T11:46:16.468+0000] {processor.py:161} INFO - Started process (PID=1321) to work on /home/airflow/.local/lib/python3.12/site-packages/airflow/example_dags/example_dag_decorator.py
[2025-08-11T11:46:16.470+0000] {processor.py:830} INFO - Processing file /home/airflow/.local/lib/python3.12/site-packages/airflow/example_dags/example_dag_decorator.py for tasks to queue
[2025-08-11T11:46:16.472+0000] {logging_mixin.py:188} INFO - [2025-08-11T11:46:16.472+0000] {dagbag.py:545} INFO - Filling up the DagBag from /home/airflow/.local/lib/python3.12/site-packages/airflow/example_dags/example_dag_decorator.py
[2025-08-11T11:46:16.565+0000] {processor.py:840} INFO - DAG(s) 'example_dag_decorator' retrieved from /home/airflow/.local/lib/python3.12/site-packages/airflow/example_dags/example_dag_decorator.py
[2025-08-11T11:46:16.581+0000] {logging_mixin.py:188} INFO - [2025-08-11T11:46:16.581+0000] {dag.py:3096} INFO - Sync 1 DAGs
[2025-08-11T11:46:16.590+0000] {logging_mixin.py:188} INFO - [2025-08-11T11:46:16.590+0000] {dag.py:3954} INFO - Setting next_dagrun for example_dag_decorator to None, run_after=None
[2025-08-11T11:46:16.603+0000] {processor.py:183} INFO - Processing /home/airflow/.local/lib/python3.12/site-packages/airflow/example_dags/example_dag_decorator.py took 0.141 seconds
