[2025-08-11T11:35:33.642+0000] {processor.py:161} INFO - Started process (PID=94) to work on /home/airflow/.local/lib/python3.12/site-packages/airflow/example_dags/example_task_group.py
[2025-08-11T11:35:33.642+0000] {processor.py:830} INFO - Processing file /home/airflow/.local/lib/python3.12/site-packages/airflow/example_dags/example_task_group.py for tasks to queue
[2025-08-11T11:35:33.644+0000] {logging_mixin.py:188} INFO - [2025-08-11T11:35:33.644+0000] {dagbag.py:545} INFO - Filling up the DagBag from /home/airflow/.local/lib/python3.12/site-packages/airflow/example_dags/example_task_group.py
[2025-08-11T11:35:33.650+0000] {processor.py:840} INFO - DAG(s) 'example_task_group' retrieved from /home/airflow/.local/lib/python3.12/site-packages/airflow/example_dags/example_task_group.py
[2025-08-11T11:35:33.733+0000] {logging_mixin.py:188} INFO - [2025-08-11T11:35:33.733+0000] {override.py:1829} INFO - Created Permission View: can read on DAG:example_task_group
[2025-08-11T11:35:33.747+0000] {logging_mixin.py:188} INFO - [2025-08-11T11:35:33.746+0000] {override.py:1829} INFO - Created Permission View: can delete on DAG:example_task_group
[2025-08-11T11:35:33.759+0000] {logging_mixin.py:188} INFO - [2025-08-11T11:35:33.759+0000] {override.py:1829} INFO - Created Permission View: can edit on DAG:example_task_group
[2025-08-11T11:35:33.760+0000] {logging_mixin.py:188} INFO - [2025-08-11T11:35:33.760+0000] {dag.py:3096} INFO - Sync 1 DAGs
[2025-08-11T11:35:33.769+0000] {logging_mixin.py:188} INFO - [2025-08-11T11:35:33.769+0000] {dag.py:3118} INFO - Creating ORM DAG for example_task_group
[2025-08-11T11:35:33.779+0000] {logging_mixin.py:188} INFO - [2025-08-11T11:35:33.779+0000] {dag.py:3954} INFO - Setting next_dagrun for example_task_group to 2025-08-10 00:00:00+00:00, run_after=2025-08-11 00:00:00+00:00
[2025-08-11T11:35:33.797+0000] {processor.py:183} INFO - Processing /home/airflow/.local/lib/python3.12/site-packages/airflow/example_dags/example_task_group.py took 0.160 seconds
[2025-08-11T11:36:04.120+0000] {processor.py:161} INFO - Started process (PID=151) to work on /home/airflow/.local/lib/python3.12/site-packages/airflow/example_dags/example_task_group.py
[2025-08-11T11:36:04.121+0000] {processor.py:830} INFO - Processing file /home/airflow/.local/lib/python3.12/site-packages/airflow/example_dags/example_task_group.py for tasks to queue
[2025-08-11T11:36:04.123+0000] {logging_mixin.py:188} INFO - [2025-08-11T11:36:04.123+0000] {dagbag.py:545} INFO - Filling up the DagBag from /home/airflow/.local/lib/python3.12/site-packages/airflow/example_dags/example_task_group.py
[2025-08-11T11:36:04.139+0000] {processor.py:840} INFO - DAG(s) 'example_task_group' retrieved from /home/airflow/.local/lib/python3.12/site-packages/airflow/example_dags/example_task_group.py
[2025-08-11T11:36:04.168+0000] {logging_mixin.py:188} INFO - [2025-08-11T11:36:04.167+0000] {dag.py:3096} INFO - Sync 1 DAGs
[2025-08-11T11:36:04.198+0000] {logging_mixin.py:188} INFO - [2025-08-11T11:36:04.198+0000] {dag.py:3954} INFO - Setting next_dagrun for example_task_group to 2025-08-10 00:00:00+00:00, run_after=2025-08-11 00:00:00+00:00
[2025-08-11T11:36:04.236+0000] {processor.py:183} INFO - Processing /home/airflow/.local/lib/python3.12/site-packages/airflow/example_dags/example_task_group.py took 0.124 seconds
[2025-08-11T11:36:34.808+0000] {processor.py:161} INFO - Started process (PID=209) to work on /home/airflow/.local/lib/python3.12/site-packages/airflow/example_dags/example_task_group.py
[2025-08-11T11:36:34.808+0000] {processor.py:830} INFO - Processing file /home/airflow/.local/lib/python3.12/site-packages/airflow/example_dags/example_task_group.py for tasks to queue
[2025-08-11T11:36:34.810+0000] {logging_mixin.py:188} INFO - [2025-08-11T11:36:34.809+0000] {dagbag.py:545} INFO - Filling up the DagBag from /home/airflow/.local/lib/python3.12/site-packages/airflow/example_dags/example_task_group.py
[2025-08-11T11:36:34.814+0000] {processor.py:840} INFO - DAG(s) 'example_task_group' retrieved from /home/airflow/.local/lib/python3.12/site-packages/airflow/example_dags/example_task_group.py
[2025-08-11T11:36:34.831+0000] {logging_mixin.py:188} INFO - [2025-08-11T11:36:34.831+0000] {dag.py:3096} INFO - Sync 1 DAGs
[2025-08-11T11:36:34.851+0000] {logging_mixin.py:188} INFO - [2025-08-11T11:36:34.851+0000] {dag.py:3954} INFO - Setting next_dagrun for example_task_group to 2025-08-10 00:00:00+00:00, run_after=2025-08-11 00:00:00+00:00
[2025-08-11T11:36:34.867+0000] {processor.py:183} INFO - Processing /home/airflow/.local/lib/python3.12/site-packages/airflow/example_dags/example_task_group.py took 0.063 seconds
[2025-08-11T11:37:05.098+0000] {processor.py:161} INFO - Started process (PID=267) to work on /home/airflow/.local/lib/python3.12/site-packages/airflow/example_dags/example_task_group.py
[2025-08-11T11:37:05.102+0000] {processor.py:830} INFO - Processing file /home/airflow/.local/lib/python3.12/site-packages/airflow/example_dags/example_task_group.py for tasks to queue
[2025-08-11T11:37:05.103+0000] {logging_mixin.py:188} INFO - [2025-08-11T11:37:05.102+0000] {dagbag.py:545} INFO - Filling up the DagBag from /home/airflow/.local/lib/python3.12/site-packages/airflow/example_dags/example_task_group.py
[2025-08-11T11:37:05.109+0000] {processor.py:840} INFO - DAG(s) 'example_task_group' retrieved from /home/airflow/.local/lib/python3.12/site-packages/airflow/example_dags/example_task_group.py
[2025-08-11T11:37:05.129+0000] {logging_mixin.py:188} INFO - [2025-08-11T11:37:05.128+0000] {dag.py:3096} INFO - Sync 1 DAGs
[2025-08-11T11:37:05.155+0000] {logging_mixin.py:188} INFO - [2025-08-11T11:37:05.155+0000] {dag.py:3954} INFO - Setting next_dagrun for example_task_group to 2025-08-10 00:00:00+00:00, run_after=2025-08-11 00:00:00+00:00
[2025-08-11T11:37:05.169+0000] {processor.py:183} INFO - Processing /home/airflow/.local/lib/python3.12/site-packages/airflow/example_dags/example_task_group.py took 0.075 seconds
[2025-08-11T11:37:35.596+0000] {processor.py:161} INFO - Started process (PID=325) to work on /home/airflow/.local/lib/python3.12/site-packages/airflow/example_dags/example_task_group.py
[2025-08-11T11:37:35.597+0000] {processor.py:830} INFO - Processing file /home/airflow/.local/lib/python3.12/site-packages/airflow/example_dags/example_task_group.py for tasks to queue
[2025-08-11T11:37:35.601+0000] {logging_mixin.py:188} INFO - [2025-08-11T11:37:35.601+0000] {dagbag.py:545} INFO - Filling up the DagBag from /home/airflow/.local/lib/python3.12/site-packages/airflow/example_dags/example_task_group.py
[2025-08-11T11:37:35.608+0000] {processor.py:840} INFO - DAG(s) 'example_task_group' retrieved from /home/airflow/.local/lib/python3.12/site-packages/airflow/example_dags/example_task_group.py
[2025-08-11T11:37:35.622+0000] {logging_mixin.py:188} INFO - [2025-08-11T11:37:35.621+0000] {dag.py:3096} INFO - Sync 1 DAGs
[2025-08-11T11:37:35.638+0000] {logging_mixin.py:188} INFO - [2025-08-11T11:37:35.638+0000] {dag.py:3954} INFO - Setting next_dagrun for example_task_group to 2025-08-10 00:00:00+00:00, run_after=2025-08-11 00:00:00+00:00
[2025-08-11T11:37:35.650+0000] {processor.py:183} INFO - Processing /home/airflow/.local/lib/python3.12/site-packages/airflow/example_dags/example_task_group.py took 0.058 seconds
[2025-08-11T11:38:06.101+0000] {processor.py:161} INFO - Started process (PID=383) to work on /home/airflow/.local/lib/python3.12/site-packages/airflow/example_dags/example_task_group.py
[2025-08-11T11:38:06.102+0000] {processor.py:830} INFO - Processing file /home/airflow/.local/lib/python3.12/site-packages/airflow/example_dags/example_task_group.py for tasks to queue
[2025-08-11T11:38:06.103+0000] {logging_mixin.py:188} INFO - [2025-08-11T11:38:06.103+0000] {dagbag.py:545} INFO - Filling up the DagBag from /home/airflow/.local/lib/python3.12/site-packages/airflow/example_dags/example_task_group.py
[2025-08-11T11:38:06.110+0000] {processor.py:840} INFO - DAG(s) 'example_task_group' retrieved from /home/airflow/.local/lib/python3.12/site-packages/airflow/example_dags/example_task_group.py
[2025-08-11T11:38:06.128+0000] {logging_mixin.py:188} INFO - [2025-08-11T11:38:06.128+0000] {dag.py:3096} INFO - Sync 1 DAGs
[2025-08-11T11:38:06.147+0000] {logging_mixin.py:188} INFO - [2025-08-11T11:38:06.147+0000] {dag.py:3954} INFO - Setting next_dagrun for example_task_group to 2025-08-10 00:00:00+00:00, run_after=2025-08-11 00:00:00+00:00
[2025-08-11T11:38:06.164+0000] {processor.py:183} INFO - Processing /home/airflow/.local/lib/python3.12/site-packages/airflow/example_dags/example_task_group.py took 0.068 seconds
[2025-08-11T11:38:36.573+0000] {processor.py:161} INFO - Started process (PID=441) to work on /home/airflow/.local/lib/python3.12/site-packages/airflow/example_dags/example_task_group.py
[2025-08-11T11:38:36.576+0000] {processor.py:830} INFO - Processing file /home/airflow/.local/lib/python3.12/site-packages/airflow/example_dags/example_task_group.py for tasks to queue
[2025-08-11T11:38:36.578+0000] {logging_mixin.py:188} INFO - [2025-08-11T11:38:36.577+0000] {dagbag.py:545} INFO - Filling up the DagBag from /home/airflow/.local/lib/python3.12/site-packages/airflow/example_dags/example_task_group.py
[2025-08-11T11:38:36.583+0000] {processor.py:840} INFO - DAG(s) 'example_task_group' retrieved from /home/airflow/.local/lib/python3.12/site-packages/airflow/example_dags/example_task_group.py
[2025-08-11T11:38:36.598+0000] {logging_mixin.py:188} INFO - [2025-08-11T11:38:36.598+0000] {dag.py:3096} INFO - Sync 1 DAGs
[2025-08-11T11:38:36.612+0000] {logging_mixin.py:188} INFO - [2025-08-11T11:38:36.612+0000] {dag.py:3954} INFO - Setting next_dagrun for example_task_group to 2025-08-10 00:00:00+00:00, run_after=2025-08-11 00:00:00+00:00
[2025-08-11T11:38:36.625+0000] {processor.py:183} INFO - Processing /home/airflow/.local/lib/python3.12/site-packages/airflow/example_dags/example_task_group.py took 0.056 seconds
[2025-08-11T11:39:06.961+0000] {processor.py:161} INFO - Started process (PID=499) to work on /home/airflow/.local/lib/python3.12/site-packages/airflow/example_dags/example_task_group.py
[2025-08-11T11:39:06.962+0000] {processor.py:830} INFO - Processing file /home/airflow/.local/lib/python3.12/site-packages/airflow/example_dags/example_task_group.py for tasks to queue
[2025-08-11T11:39:06.963+0000] {logging_mixin.py:188} INFO - [2025-08-11T11:39:06.963+0000] {dagbag.py:545} INFO - Filling up the DagBag from /home/airflow/.local/lib/python3.12/site-packages/airflow/example_dags/example_task_group.py
[2025-08-11T11:39:06.968+0000] {processor.py:840} INFO - DAG(s) 'example_task_group' retrieved from /home/airflow/.local/lib/python3.12/site-packages/airflow/example_dags/example_task_group.py
[2025-08-11T11:39:06.987+0000] {logging_mixin.py:188} INFO - [2025-08-11T11:39:06.987+0000] {dag.py:3096} INFO - Sync 1 DAGs
[2025-08-11T11:39:07.001+0000] {logging_mixin.py:188} INFO - [2025-08-11T11:39:07.001+0000] {dag.py:3954} INFO - Setting next_dagrun for example_task_group to 2025-08-10 00:00:00+00:00, run_after=2025-08-11 00:00:00+00:00
[2025-08-11T11:39:07.012+0000] {processor.py:183} INFO - Processing /home/airflow/.local/lib/python3.12/site-packages/airflow/example_dags/example_task_group.py took 0.055 seconds
[2025-08-11T11:39:37.132+0000] {processor.py:161} INFO - Started process (PID=557) to work on /home/airflow/.local/lib/python3.12/site-packages/airflow/example_dags/example_task_group.py
[2025-08-11T11:39:37.133+0000] {processor.py:830} INFO - Processing file /home/airflow/.local/lib/python3.12/site-packages/airflow/example_dags/example_task_group.py for tasks to queue
[2025-08-11T11:39:37.134+0000] {logging_mixin.py:188} INFO - [2025-08-11T11:39:37.134+0000] {dagbag.py:545} INFO - Filling up the DagBag from /home/airflow/.local/lib/python3.12/site-packages/airflow/example_dags/example_task_group.py
[2025-08-11T11:39:37.139+0000] {processor.py:840} INFO - DAG(s) 'example_task_group' retrieved from /home/airflow/.local/lib/python3.12/site-packages/airflow/example_dags/example_task_group.py
[2025-08-11T11:39:37.153+0000] {logging_mixin.py:188} INFO - [2025-08-11T11:39:37.153+0000] {dag.py:3096} INFO - Sync 1 DAGs
[2025-08-11T11:39:37.170+0000] {logging_mixin.py:188} INFO - [2025-08-11T11:39:37.170+0000] {dag.py:3954} INFO - Setting next_dagrun for example_task_group to 2025-08-10 00:00:00+00:00, run_after=2025-08-11 00:00:00+00:00
[2025-08-11T11:39:37.181+0000] {processor.py:183} INFO - Processing /home/airflow/.local/lib/python3.12/site-packages/airflow/example_dags/example_task_group.py took 0.052 seconds
[2025-08-11T11:40:07.394+0000] {processor.py:161} INFO - Started process (PID=614) to work on /home/airflow/.local/lib/python3.12/site-packages/airflow/example_dags/example_task_group.py
[2025-08-11T11:40:07.396+0000] {processor.py:830} INFO - Processing file /home/airflow/.local/lib/python3.12/site-packages/airflow/example_dags/example_task_group.py for tasks to queue
[2025-08-11T11:40:07.398+0000] {logging_mixin.py:188} INFO - [2025-08-11T11:40:07.398+0000] {dagbag.py:545} INFO - Filling up the DagBag from /home/airflow/.local/lib/python3.12/site-packages/airflow/example_dags/example_task_group.py
[2025-08-11T11:40:07.412+0000] {processor.py:840} INFO - DAG(s) 'example_task_group' retrieved from /home/airflow/.local/lib/python3.12/site-packages/airflow/example_dags/example_task_group.py
[2025-08-11T11:40:07.434+0000] {logging_mixin.py:188} INFO - [2025-08-11T11:40:07.434+0000] {dag.py:3096} INFO - Sync 1 DAGs
[2025-08-11T11:40:07.451+0000] {logging_mixin.py:188} INFO - [2025-08-11T11:40:07.451+0000] {dag.py:3954} INFO - Setting next_dagrun for example_task_group to 2025-08-10 00:00:00+00:00, run_after=2025-08-11 00:00:00+00:00
[2025-08-11T11:40:07.463+0000] {processor.py:183} INFO - Processing /home/airflow/.local/lib/python3.12/site-packages/airflow/example_dags/example_task_group.py took 0.073 seconds
[2025-08-11T11:40:38.584+0000] {processor.py:161} INFO - Started process (PID=673) to work on /home/airflow/.local/lib/python3.12/site-packages/airflow/example_dags/example_task_group.py
[2025-08-11T11:40:38.586+0000] {processor.py:830} INFO - Processing file /home/airflow/.local/lib/python3.12/site-packages/airflow/example_dags/example_task_group.py for tasks to queue
[2025-08-11T11:40:38.590+0000] {logging_mixin.py:188} INFO - [2025-08-11T11:40:38.590+0000] {dagbag.py:545} INFO - Filling up the DagBag from /home/airflow/.local/lib/python3.12/site-packages/airflow/example_dags/example_task_group.py
[2025-08-11T11:40:38.595+0000] {processor.py:840} INFO - DAG(s) 'example_task_group' retrieved from /home/airflow/.local/lib/python3.12/site-packages/airflow/example_dags/example_task_group.py
[2025-08-11T11:40:38.609+0000] {logging_mixin.py:188} INFO - [2025-08-11T11:40:38.609+0000] {dag.py:3096} INFO - Sync 1 DAGs
[2025-08-11T11:40:38.624+0000] {logging_mixin.py:188} INFO - [2025-08-11T11:40:38.624+0000] {dag.py:3954} INFO - Setting next_dagrun for example_task_group to 2025-08-10 00:00:00+00:00, run_after=2025-08-11 00:00:00+00:00
[2025-08-11T11:40:38.635+0000] {processor.py:183} INFO - Processing /home/airflow/.local/lib/python3.12/site-packages/airflow/example_dags/example_task_group.py took 0.055 seconds
[2025-08-11T11:41:09.599+0000] {processor.py:161} INFO - Started process (PID=731) to work on /home/airflow/.local/lib/python3.12/site-packages/airflow/example_dags/example_task_group.py
[2025-08-11T11:41:09.600+0000] {processor.py:830} INFO - Processing file /home/airflow/.local/lib/python3.12/site-packages/airflow/example_dags/example_task_group.py for tasks to queue
[2025-08-11T11:41:09.602+0000] {logging_mixin.py:188} INFO - [2025-08-11T11:41:09.602+0000] {dagbag.py:545} INFO - Filling up the DagBag from /home/airflow/.local/lib/python3.12/site-packages/airflow/example_dags/example_task_group.py
[2025-08-11T11:41:09.608+0000] {processor.py:840} INFO - DAG(s) 'example_task_group' retrieved from /home/airflow/.local/lib/python3.12/site-packages/airflow/example_dags/example_task_group.py
[2025-08-11T11:41:09.623+0000] {logging_mixin.py:188} INFO - [2025-08-11T11:41:09.623+0000] {dag.py:3096} INFO - Sync 1 DAGs
[2025-08-11T11:41:09.639+0000] {logging_mixin.py:188} INFO - [2025-08-11T11:41:09.638+0000] {dag.py:3954} INFO - Setting next_dagrun for example_task_group to 2025-08-10 00:00:00+00:00, run_after=2025-08-11 00:00:00+00:00
[2025-08-11T11:41:09.651+0000] {processor.py:183} INFO - Processing /home/airflow/.local/lib/python3.12/site-packages/airflow/example_dags/example_task_group.py took 0.056 seconds
[2025-08-11T11:41:40.075+0000] {processor.py:161} INFO - Started process (PID=789) to work on /home/airflow/.local/lib/python3.12/site-packages/airflow/example_dags/example_task_group.py
[2025-08-11T11:41:40.075+0000] {processor.py:830} INFO - Processing file /home/airflow/.local/lib/python3.12/site-packages/airflow/example_dags/example_task_group.py for tasks to queue
[2025-08-11T11:41:40.077+0000] {logging_mixin.py:188} INFO - [2025-08-11T11:41:40.077+0000] {dagbag.py:545} INFO - Filling up the DagBag from /home/airflow/.local/lib/python3.12/site-packages/airflow/example_dags/example_task_group.py
[2025-08-11T11:41:40.082+0000] {processor.py:840} INFO - DAG(s) 'example_task_group' retrieved from /home/airflow/.local/lib/python3.12/site-packages/airflow/example_dags/example_task_group.py
[2025-08-11T11:41:40.099+0000] {logging_mixin.py:188} INFO - [2025-08-11T11:41:40.099+0000] {dag.py:3096} INFO - Sync 1 DAGs
[2025-08-11T11:41:40.114+0000] {logging_mixin.py:188} INFO - [2025-08-11T11:41:40.114+0000] {dag.py:3954} INFO - Setting next_dagrun for example_task_group to 2025-08-10 00:00:00+00:00, run_after=2025-08-11 00:00:00+00:00
[2025-08-11T11:41:40.128+0000] {processor.py:183} INFO - Processing /home/airflow/.local/lib/python3.12/site-packages/airflow/example_dags/example_task_group.py took 0.057 seconds
[2025-08-11T11:42:10.151+0000] {processor.py:161} INFO - Started process (PID=846) to work on /home/airflow/.local/lib/python3.12/site-packages/airflow/example_dags/example_task_group.py
[2025-08-11T11:42:10.152+0000] {processor.py:830} INFO - Processing file /home/airflow/.local/lib/python3.12/site-packages/airflow/example_dags/example_task_group.py for tasks to queue
[2025-08-11T11:42:10.153+0000] {logging_mixin.py:188} INFO - [2025-08-11T11:42:10.153+0000] {dagbag.py:545} INFO - Filling up the DagBag from /home/airflow/.local/lib/python3.12/site-packages/airflow/example_dags/example_task_group.py
[2025-08-11T11:42:10.157+0000] {processor.py:840} INFO - DAG(s) 'example_task_group' retrieved from /home/airflow/.local/lib/python3.12/site-packages/airflow/example_dags/example_task_group.py
[2025-08-11T11:42:10.170+0000] {logging_mixin.py:188} INFO - [2025-08-11T11:42:10.170+0000] {dag.py:3096} INFO - Sync 1 DAGs
[2025-08-11T11:42:10.183+0000] {logging_mixin.py:188} INFO - [2025-08-11T11:42:10.183+0000] {dag.py:3954} INFO - Setting next_dagrun for example_task_group to 2025-08-10 00:00:00+00:00, run_after=2025-08-11 00:00:00+00:00
[2025-08-11T11:42:10.192+0000] {processor.py:183} INFO - Processing /home/airflow/.local/lib/python3.12/site-packages/airflow/example_dags/example_task_group.py took 0.045 seconds
[2025-08-11T11:42:40.883+0000] {processor.py:161} INFO - Started process (PID=904) to work on /home/airflow/.local/lib/python3.12/site-packages/airflow/example_dags/example_task_group.py
[2025-08-11T11:42:40.885+0000] {processor.py:830} INFO - Processing file /home/airflow/.local/lib/python3.12/site-packages/airflow/example_dags/example_task_group.py for tasks to queue
[2025-08-11T11:42:40.888+0000] {logging_mixin.py:188} INFO - [2025-08-11T11:42:40.887+0000] {dagbag.py:545} INFO - Filling up the DagBag from /home/airflow/.local/lib/python3.12/site-packages/airflow/example_dags/example_task_group.py
[2025-08-11T11:42:40.903+0000] {processor.py:840} INFO - DAG(s) 'example_task_group' retrieved from /home/airflow/.local/lib/python3.12/site-packages/airflow/example_dags/example_task_group.py
[2025-08-11T11:42:40.945+0000] {logging_mixin.py:188} INFO - [2025-08-11T11:42:40.945+0000] {dag.py:3096} INFO - Sync 1 DAGs
[2025-08-11T11:42:40.972+0000] {logging_mixin.py:188} INFO - [2025-08-11T11:42:40.972+0000] {dag.py:3954} INFO - Setting next_dagrun for example_task_group to 2025-08-10 00:00:00+00:00, run_after=2025-08-11 00:00:00+00:00
[2025-08-11T11:42:40.997+0000] {processor.py:183} INFO - Processing /home/airflow/.local/lib/python3.12/site-packages/airflow/example_dags/example_task_group.py took 0.144 seconds
[2025-08-11T11:43:11.323+0000] {processor.py:161} INFO - Started process (PID=962) to work on /home/airflow/.local/lib/python3.12/site-packages/airflow/example_dags/example_task_group.py
[2025-08-11T11:43:11.324+0000] {processor.py:830} INFO - Processing file /home/airflow/.local/lib/python3.12/site-packages/airflow/example_dags/example_task_group.py for tasks to queue
[2025-08-11T11:43:11.325+0000] {logging_mixin.py:188} INFO - [2025-08-11T11:43:11.325+0000] {dagbag.py:545} INFO - Filling up the DagBag from /home/airflow/.local/lib/python3.12/site-packages/airflow/example_dags/example_task_group.py
[2025-08-11T11:43:11.330+0000] {processor.py:840} INFO - DAG(s) 'example_task_group' retrieved from /home/airflow/.local/lib/python3.12/site-packages/airflow/example_dags/example_task_group.py
[2025-08-11T11:43:11.348+0000] {logging_mixin.py:188} INFO - [2025-08-11T11:43:11.348+0000] {dag.py:3096} INFO - Sync 1 DAGs
[2025-08-11T11:43:11.363+0000] {logging_mixin.py:188} INFO - [2025-08-11T11:43:11.362+0000] {dag.py:3954} INFO - Setting next_dagrun for example_task_group to 2025-08-10 00:00:00+00:00, run_after=2025-08-11 00:00:00+00:00
[2025-08-11T11:43:11.380+0000] {processor.py:183} INFO - Processing /home/airflow/.local/lib/python3.12/site-packages/airflow/example_dags/example_task_group.py took 0.060 seconds
[2025-08-11T11:43:41.521+0000] {processor.py:161} INFO - Started process (PID=1020) to work on /home/airflow/.local/lib/python3.12/site-packages/airflow/example_dags/example_task_group.py
[2025-08-11T11:43:41.522+0000] {processor.py:830} INFO - Processing file /home/airflow/.local/lib/python3.12/site-packages/airflow/example_dags/example_task_group.py for tasks to queue
[2025-08-11T11:43:41.523+0000] {logging_mixin.py:188} INFO - [2025-08-11T11:43:41.523+0000] {dagbag.py:545} INFO - Filling up the DagBag from /home/airflow/.local/lib/python3.12/site-packages/airflow/example_dags/example_task_group.py
[2025-08-11T11:43:41.529+0000] {processor.py:840} INFO - DAG(s) 'example_task_group' retrieved from /home/airflow/.local/lib/python3.12/site-packages/airflow/example_dags/example_task_group.py
[2025-08-11T11:43:41.548+0000] {logging_mixin.py:188} INFO - [2025-08-11T11:43:41.548+0000] {dag.py:3096} INFO - Sync 1 DAGs
[2025-08-11T11:43:41.566+0000] {logging_mixin.py:188} INFO - [2025-08-11T11:43:41.566+0000] {dag.py:3954} INFO - Setting next_dagrun for example_task_group to 2025-08-10 00:00:00+00:00, run_after=2025-08-11 00:00:00+00:00
[2025-08-11T11:43:41.579+0000] {processor.py:183} INFO - Processing /home/airflow/.local/lib/python3.12/site-packages/airflow/example_dags/example_task_group.py took 0.063 seconds
[2025-08-11T11:44:12.521+0000] {processor.py:161} INFO - Started process (PID=1078) to work on /home/airflow/.local/lib/python3.12/site-packages/airflow/example_dags/example_task_group.py
[2025-08-11T11:44:12.522+0000] {processor.py:830} INFO - Processing file /home/airflow/.local/lib/python3.12/site-packages/airflow/example_dags/example_task_group.py for tasks to queue
[2025-08-11T11:44:12.523+0000] {logging_mixin.py:188} INFO - [2025-08-11T11:44:12.523+0000] {dagbag.py:545} INFO - Filling up the DagBag from /home/airflow/.local/lib/python3.12/site-packages/airflow/example_dags/example_task_group.py
[2025-08-11T11:44:12.527+0000] {processor.py:840} INFO - DAG(s) 'example_task_group' retrieved from /home/airflow/.local/lib/python3.12/site-packages/airflow/example_dags/example_task_group.py
[2025-08-11T11:44:12.541+0000] {logging_mixin.py:188} INFO - [2025-08-11T11:44:12.540+0000] {dag.py:3096} INFO - Sync 1 DAGs
[2025-08-11T11:44:12.553+0000] {logging_mixin.py:188} INFO - [2025-08-11T11:44:12.553+0000] {dag.py:3954} INFO - Setting next_dagrun for example_task_group to 2025-08-10 00:00:00+00:00, run_after=2025-08-11 00:00:00+00:00
[2025-08-11T11:44:12.563+0000] {processor.py:183} INFO - Processing /home/airflow/.local/lib/python3.12/site-packages/airflow/example_dags/example_task_group.py took 0.047 seconds
[2025-08-11T11:44:43.002+0000] {processor.py:161} INFO - Started process (PID=1136) to work on /home/airflow/.local/lib/python3.12/site-packages/airflow/example_dags/example_task_group.py
[2025-08-11T11:44:43.003+0000] {processor.py:830} INFO - Processing file /home/airflow/.local/lib/python3.12/site-packages/airflow/example_dags/example_task_group.py for tasks to queue
[2025-08-11T11:44:43.005+0000] {logging_mixin.py:188} INFO - [2025-08-11T11:44:43.004+0000] {dagbag.py:545} INFO - Filling up the DagBag from /home/airflow/.local/lib/python3.12/site-packages/airflow/example_dags/example_task_group.py
[2025-08-11T11:44:43.010+0000] {processor.py:840} INFO - DAG(s) 'example_task_group' retrieved from /home/airflow/.local/lib/python3.12/site-packages/airflow/example_dags/example_task_group.py
[2025-08-11T11:44:43.025+0000] {logging_mixin.py:188} INFO - [2025-08-11T11:44:43.025+0000] {dag.py:3096} INFO - Sync 1 DAGs
[2025-08-11T11:44:43.043+0000] {logging_mixin.py:188} INFO - [2025-08-11T11:44:43.043+0000] {dag.py:3954} INFO - Setting next_dagrun for example_task_group to 2025-08-10 00:00:00+00:00, run_after=2025-08-11 00:00:00+00:00
[2025-08-11T11:44:43.053+0000] {processor.py:183} INFO - Processing /home/airflow/.local/lib/python3.12/site-packages/airflow/example_dags/example_task_group.py took 0.055 seconds
[2025-08-11T11:45:13.470+0000] {processor.py:161} INFO - Started process (PID=1194) to work on /home/airflow/.local/lib/python3.12/site-packages/airflow/example_dags/example_task_group.py
[2025-08-11T11:45:13.474+0000] {processor.py:830} INFO - Processing file /home/airflow/.local/lib/python3.12/site-packages/airflow/example_dags/example_task_group.py for tasks to queue
[2025-08-11T11:45:13.475+0000] {logging_mixin.py:188} INFO - [2025-08-11T11:45:13.475+0000] {dagbag.py:545} INFO - Filling up the DagBag from /home/airflow/.local/lib/python3.12/site-packages/airflow/example_dags/example_task_group.py
[2025-08-11T11:45:13.480+0000] {processor.py:840} INFO - DAG(s) 'example_task_group' retrieved from /home/airflow/.local/lib/python3.12/site-packages/airflow/example_dags/example_task_group.py
[2025-08-11T11:45:13.493+0000] {logging_mixin.py:188} INFO - [2025-08-11T11:45:13.493+0000] {dag.py:3096} INFO - Sync 1 DAGs
[2025-08-11T11:45:13.506+0000] {logging_mixin.py:188} INFO - [2025-08-11T11:45:13.506+0000] {dag.py:3954} INFO - Setting next_dagrun for example_task_group to 2025-08-10 00:00:00+00:00, run_after=2025-08-11 00:00:00+00:00
[2025-08-11T11:45:13.516+0000] {processor.py:183} INFO - Processing /home/airflow/.local/lib/python3.12/site-packages/airflow/example_dags/example_task_group.py took 0.049 seconds
[2025-08-11T11:45:43.821+0000] {processor.py:161} INFO - Started process (PID=1252) to work on /home/airflow/.local/lib/python3.12/site-packages/airflow/example_dags/example_task_group.py
[2025-08-11T11:45:43.823+0000] {processor.py:830} INFO - Processing file /home/airflow/.local/lib/python3.12/site-packages/airflow/example_dags/example_task_group.py for tasks to queue
[2025-08-11T11:45:43.825+0000] {logging_mixin.py:188} INFO - [2025-08-11T11:45:43.825+0000] {dagbag.py:545} INFO - Filling up the DagBag from /home/airflow/.local/lib/python3.12/site-packages/airflow/example_dags/example_task_group.py
[2025-08-11T11:45:43.830+0000] {processor.py:840} INFO - DAG(s) 'example_task_group' retrieved from /home/airflow/.local/lib/python3.12/site-packages/airflow/example_dags/example_task_group.py
[2025-08-11T11:45:43.844+0000] {logging_mixin.py:188} INFO - [2025-08-11T11:45:43.844+0000] {dag.py:3096} INFO - Sync 1 DAGs
[2025-08-11T11:45:43.857+0000] {logging_mixin.py:188} INFO - [2025-08-11T11:45:43.857+0000] {dag.py:3954} INFO - Setting next_dagrun for example_task_group to 2025-08-10 00:00:00+00:00, run_after=2025-08-11 00:00:00+00:00
[2025-08-11T11:45:43.870+0000] {processor.py:183} INFO - Processing /home/airflow/.local/lib/python3.12/site-packages/airflow/example_dags/example_task_group.py took 0.052 seconds
[2025-08-11T11:46:14.081+0000] {processor.py:161} INFO - Started process (PID=1311) to work on /home/airflow/.local/lib/python3.12/site-packages/airflow/example_dags/example_task_group.py
[2025-08-11T11:46:14.082+0000] {processor.py:830} INFO - Processing file /home/airflow/.local/lib/python3.12/site-packages/airflow/example_dags/example_task_group.py for tasks to queue
[2025-08-11T11:46:14.084+0000] {logging_mixin.py:188} INFO - [2025-08-11T11:46:14.083+0000] {dagbag.py:545} INFO - Filling up the DagBag from /home/airflow/.local/lib/python3.12/site-packages/airflow/example_dags/example_task_group.py
[2025-08-11T11:46:14.089+0000] {processor.py:840} INFO - DAG(s) 'example_task_group' retrieved from /home/airflow/.local/lib/python3.12/site-packages/airflow/example_dags/example_task_group.py
[2025-08-11T11:46:14.101+0000] {logging_mixin.py:188} INFO - [2025-08-11T11:46:14.101+0000] {dag.py:3096} INFO - Sync 1 DAGs
[2025-08-11T11:46:14.113+0000] {logging_mixin.py:188} INFO - [2025-08-11T11:46:14.113+0000] {dag.py:3954} INFO - Setting next_dagrun for example_task_group to 2025-08-10 00:00:00+00:00, run_after=2025-08-11 00:00:00+00:00
[2025-08-11T11:46:14.123+0000] {processor.py:183} INFO - Processing /home/airflow/.local/lib/python3.12/site-packages/airflow/example_dags/example_task_group.py took 0.046 seconds
