[2025-08-11T11:35:29.932+0000] {processor.py:161} INFO - Started process (PID=70) to work on /home/airflow/.local/lib/python3.12/site-packages/airflow/example_dags/example_short_circuit_decorator.py
[2025-08-11T11:35:29.934+0000] {processor.py:830} INFO - Processing file /home/airflow/.local/lib/python3.12/site-packages/airflow/example_dags/example_short_circuit_decorator.py for tasks to queue
[2025-08-11T11:35:29.937+0000] {logging_mixin.py:188} INFO - [2025-08-11T11:35:29.936+0000] {dagbag.py:545} INFO - Filling up the DagBag from /home/airflow/.local/lib/python3.12/site-packages/airflow/example_dags/example_short_circuit_decorator.py
[2025-08-11T11:35:29.953+0000] {processor.py:840} INFO - DAG(s) 'example_short_circuit_decorator' retrieved from /home/airflow/.local/lib/python3.12/site-packages/airflow/example_dags/example_short_circuit_decorator.py
[2025-08-11T11:35:30.203+0000] {logging_mixin.py:188} INFO - [2025-08-11T11:35:30.202+0000] {override.py:1829} INFO - Created Permission View: can read on DAG:example_short_circuit_decorator
[2025-08-11T11:35:30.246+0000] {logging_mixin.py:188} INFO - [2025-08-11T11:35:30.245+0000] {override.py:1829} INFO - Created Permission View: can delete on DAG:example_short_circuit_decorator
[2025-08-11T11:35:30.272+0000] {logging_mixin.py:188} INFO - [2025-08-11T11:35:30.272+0000] {override.py:1829} INFO - Created Permission View: can edit on DAG:example_short_circuit_decorator
[2025-08-11T11:35:30.274+0000] {logging_mixin.py:188} INFO - [2025-08-11T11:35:30.273+0000] {dag.py:3096} INFO - Sync 1 DAGs
[2025-08-11T11:35:30.320+0000] {logging_mixin.py:188} INFO - [2025-08-11T11:35:30.319+0000] {dag.py:3118} INFO - Creating ORM DAG for example_short_circuit_decorator
[2025-08-11T11:35:30.341+0000] {logging_mixin.py:188} INFO - [2025-08-11T11:35:30.341+0000] {dag.py:3954} INFO - Setting next_dagrun for example_short_circuit_decorator to 2025-08-10 00:00:00+00:00, run_after=2025-08-11 00:00:00+00:00
[2025-08-11T11:35:30.376+0000] {processor.py:183} INFO - Processing /home/airflow/.local/lib/python3.12/site-packages/airflow/example_dags/example_short_circuit_decorator.py took 0.451 seconds
[2025-08-11T11:36:00.692+0000] {processor.py:161} INFO - Started process (PID=128) to work on /home/airflow/.local/lib/python3.12/site-packages/airflow/example_dags/example_short_circuit_decorator.py
[2025-08-11T11:36:00.693+0000] {processor.py:830} INFO - Processing file /home/airflow/.local/lib/python3.12/site-packages/airflow/example_dags/example_short_circuit_decorator.py for tasks to queue
[2025-08-11T11:36:00.694+0000] {logging_mixin.py:188} INFO - [2025-08-11T11:36:00.694+0000] {dagbag.py:545} INFO - Filling up the DagBag from /home/airflow/.local/lib/python3.12/site-packages/airflow/example_dags/example_short_circuit_decorator.py
[2025-08-11T11:36:00.701+0000] {processor.py:840} INFO - DAG(s) 'example_short_circuit_decorator' retrieved from /home/airflow/.local/lib/python3.12/site-packages/airflow/example_dags/example_short_circuit_decorator.py
[2025-08-11T11:36:00.717+0000] {logging_mixin.py:188} INFO - [2025-08-11T11:36:00.717+0000] {dag.py:3096} INFO - Sync 1 DAGs
[2025-08-11T11:36:00.739+0000] {logging_mixin.py:188} INFO - [2025-08-11T11:36:00.739+0000] {dag.py:3954} INFO - Setting next_dagrun for example_short_circuit_decorator to 2025-08-10 00:00:00+00:00, run_after=2025-08-11 00:00:00+00:00
[2025-08-11T11:36:00.757+0000] {processor.py:183} INFO - Processing /home/airflow/.local/lib/python3.12/site-packages/airflow/example_dags/example_short_circuit_decorator.py took 0.070 seconds
[2025-08-11T11:36:30.876+0000] {processor.py:161} INFO - Started process (PID=186) to work on /home/airflow/.local/lib/python3.12/site-packages/airflow/example_dags/example_short_circuit_decorator.py
[2025-08-11T11:36:30.876+0000] {processor.py:830} INFO - Processing file /home/airflow/.local/lib/python3.12/site-packages/airflow/example_dags/example_short_circuit_decorator.py for tasks to queue
[2025-08-11T11:36:30.877+0000] {logging_mixin.py:188} INFO - [2025-08-11T11:36:30.877+0000] {dagbag.py:545} INFO - Filling up the DagBag from /home/airflow/.local/lib/python3.12/site-packages/airflow/example_dags/example_short_circuit_decorator.py
[2025-08-11T11:36:30.883+0000] {processor.py:840} INFO - DAG(s) 'example_short_circuit_decorator' retrieved from /home/airflow/.local/lib/python3.12/site-packages/airflow/example_dags/example_short_circuit_decorator.py
[2025-08-11T11:36:30.899+0000] {logging_mixin.py:188} INFO - [2025-08-11T11:36:30.899+0000] {dag.py:3096} INFO - Sync 1 DAGs
[2025-08-11T11:36:30.913+0000] {logging_mixin.py:188} INFO - [2025-08-11T11:36:30.913+0000] {dag.py:3954} INFO - Setting next_dagrun for example_short_circuit_decorator to 2025-08-10 00:00:00+00:00, run_after=2025-08-11 00:00:00+00:00
[2025-08-11T11:36:30.932+0000] {processor.py:183} INFO - Processing /home/airflow/.local/lib/python3.12/site-packages/airflow/example_dags/example_short_circuit_decorator.py took 0.061 seconds
[2025-08-11T11:37:01.125+0000] {processor.py:161} INFO - Started process (PID=244) to work on /home/airflow/.local/lib/python3.12/site-packages/airflow/example_dags/example_short_circuit_decorator.py
[2025-08-11T11:37:01.126+0000] {processor.py:830} INFO - Processing file /home/airflow/.local/lib/python3.12/site-packages/airflow/example_dags/example_short_circuit_decorator.py for tasks to queue
[2025-08-11T11:37:01.128+0000] {logging_mixin.py:188} INFO - [2025-08-11T11:37:01.127+0000] {dagbag.py:545} INFO - Filling up the DagBag from /home/airflow/.local/lib/python3.12/site-packages/airflow/example_dags/example_short_circuit_decorator.py
[2025-08-11T11:37:01.134+0000] {processor.py:840} INFO - DAG(s) 'example_short_circuit_decorator' retrieved from /home/airflow/.local/lib/python3.12/site-packages/airflow/example_dags/example_short_circuit_decorator.py
[2025-08-11T11:37:01.150+0000] {logging_mixin.py:188} INFO - [2025-08-11T11:37:01.150+0000] {dag.py:3096} INFO - Sync 1 DAGs
[2025-08-11T11:37:01.165+0000] {logging_mixin.py:188} INFO - [2025-08-11T11:37:01.165+0000] {dag.py:3954} INFO - Setting next_dagrun for example_short_circuit_decorator to 2025-08-10 00:00:00+00:00, run_after=2025-08-11 00:00:00+00:00
[2025-08-11T11:37:01.182+0000] {processor.py:183} INFO - Processing /home/airflow/.local/lib/python3.12/site-packages/airflow/example_dags/example_short_circuit_decorator.py took 0.062 seconds
[2025-08-11T11:37:31.527+0000] {processor.py:161} INFO - Started process (PID=302) to work on /home/airflow/.local/lib/python3.12/site-packages/airflow/example_dags/example_short_circuit_decorator.py
[2025-08-11T11:37:31.528+0000] {processor.py:830} INFO - Processing file /home/airflow/.local/lib/python3.12/site-packages/airflow/example_dags/example_short_circuit_decorator.py for tasks to queue
[2025-08-11T11:37:31.529+0000] {logging_mixin.py:188} INFO - [2025-08-11T11:37:31.529+0000] {dagbag.py:545} INFO - Filling up the DagBag from /home/airflow/.local/lib/python3.12/site-packages/airflow/example_dags/example_short_circuit_decorator.py
[2025-08-11T11:37:31.536+0000] {processor.py:840} INFO - DAG(s) 'example_short_circuit_decorator' retrieved from /home/airflow/.local/lib/python3.12/site-packages/airflow/example_dags/example_short_circuit_decorator.py
[2025-08-11T11:37:31.557+0000] {logging_mixin.py:188} INFO - [2025-08-11T11:37:31.557+0000] {dag.py:3096} INFO - Sync 1 DAGs
[2025-08-11T11:37:31.573+0000] {logging_mixin.py:188} INFO - [2025-08-11T11:37:31.572+0000] {dag.py:3954} INFO - Setting next_dagrun for example_short_circuit_decorator to 2025-08-10 00:00:00+00:00, run_after=2025-08-11 00:00:00+00:00
[2025-08-11T11:37:31.586+0000] {processor.py:183} INFO - Processing /home/airflow/.local/lib/python3.12/site-packages/airflow/example_dags/example_short_circuit_decorator.py took 0.063 seconds
[2025-08-11T11:38:02.080+0000] {processor.py:161} INFO - Started process (PID=359) to work on /home/airflow/.local/lib/python3.12/site-packages/airflow/example_dags/example_short_circuit_decorator.py
[2025-08-11T11:38:02.081+0000] {processor.py:830} INFO - Processing file /home/airflow/.local/lib/python3.12/site-packages/airflow/example_dags/example_short_circuit_decorator.py for tasks to queue
[2025-08-11T11:38:02.082+0000] {logging_mixin.py:188} INFO - [2025-08-11T11:38:02.082+0000] {dagbag.py:545} INFO - Filling up the DagBag from /home/airflow/.local/lib/python3.12/site-packages/airflow/example_dags/example_short_circuit_decorator.py
[2025-08-11T11:38:02.088+0000] {processor.py:840} INFO - DAG(s) 'example_short_circuit_decorator' retrieved from /home/airflow/.local/lib/python3.12/site-packages/airflow/example_dags/example_short_circuit_decorator.py
[2025-08-11T11:38:02.102+0000] {logging_mixin.py:188} INFO - [2025-08-11T11:38:02.102+0000] {dag.py:3096} INFO - Sync 1 DAGs
[2025-08-11T11:38:02.116+0000] {logging_mixin.py:188} INFO - [2025-08-11T11:38:02.116+0000] {dag.py:3954} INFO - Setting next_dagrun for example_short_circuit_decorator to 2025-08-10 00:00:00+00:00, run_after=2025-08-11 00:00:00+00:00
[2025-08-11T11:38:02.127+0000] {processor.py:183} INFO - Processing /home/airflow/.local/lib/python3.12/site-packages/airflow/example_dags/example_short_circuit_decorator.py took 0.051 seconds
[2025-08-11T11:38:32.396+0000] {processor.py:161} INFO - Started process (PID=417) to work on /home/airflow/.local/lib/python3.12/site-packages/airflow/example_dags/example_short_circuit_decorator.py
[2025-08-11T11:38:32.397+0000] {processor.py:830} INFO - Processing file /home/airflow/.local/lib/python3.12/site-packages/airflow/example_dags/example_short_circuit_decorator.py for tasks to queue
[2025-08-11T11:38:32.398+0000] {logging_mixin.py:188} INFO - [2025-08-11T11:38:32.398+0000] {dagbag.py:545} INFO - Filling up the DagBag from /home/airflow/.local/lib/python3.12/site-packages/airflow/example_dags/example_short_circuit_decorator.py
[2025-08-11T11:38:32.404+0000] {processor.py:840} INFO - DAG(s) 'example_short_circuit_decorator' retrieved from /home/airflow/.local/lib/python3.12/site-packages/airflow/example_dags/example_short_circuit_decorator.py
[2025-08-11T11:38:32.420+0000] {logging_mixin.py:188} INFO - [2025-08-11T11:38:32.420+0000] {dag.py:3096} INFO - Sync 1 DAGs
[2025-08-11T11:38:32.434+0000] {logging_mixin.py:188} INFO - [2025-08-11T11:38:32.434+0000] {dag.py:3954} INFO - Setting next_dagrun for example_short_circuit_decorator to 2025-08-10 00:00:00+00:00, run_after=2025-08-11 00:00:00+00:00
[2025-08-11T11:38:32.447+0000] {processor.py:183} INFO - Processing /home/airflow/.local/lib/python3.12/site-packages/airflow/example_dags/example_short_circuit_decorator.py took 0.055 seconds
[2025-08-11T11:39:02.874+0000] {processor.py:161} INFO - Started process (PID=475) to work on /home/airflow/.local/lib/python3.12/site-packages/airflow/example_dags/example_short_circuit_decorator.py
[2025-08-11T11:39:02.876+0000] {processor.py:830} INFO - Processing file /home/airflow/.local/lib/python3.12/site-packages/airflow/example_dags/example_short_circuit_decorator.py for tasks to queue
[2025-08-11T11:39:02.877+0000] {logging_mixin.py:188} INFO - [2025-08-11T11:39:02.877+0000] {dagbag.py:545} INFO - Filling up the DagBag from /home/airflow/.local/lib/python3.12/site-packages/airflow/example_dags/example_short_circuit_decorator.py
[2025-08-11T11:39:02.883+0000] {processor.py:840} INFO - DAG(s) 'example_short_circuit_decorator' retrieved from /home/airflow/.local/lib/python3.12/site-packages/airflow/example_dags/example_short_circuit_decorator.py
[2025-08-11T11:39:02.908+0000] {logging_mixin.py:188} INFO - [2025-08-11T11:39:02.908+0000] {dag.py:3096} INFO - Sync 1 DAGs
[2025-08-11T11:39:02.928+0000] {logging_mixin.py:188} INFO - [2025-08-11T11:39:02.928+0000] {dag.py:3954} INFO - Setting next_dagrun for example_short_circuit_decorator to 2025-08-10 00:00:00+00:00, run_after=2025-08-11 00:00:00+00:00
[2025-08-11T11:39:02.941+0000] {processor.py:183} INFO - Processing /home/airflow/.local/lib/python3.12/site-packages/airflow/example_dags/example_short_circuit_decorator.py took 0.072 seconds
[2025-08-11T11:39:33.239+0000] {processor.py:161} INFO - Started process (PID=533) to work on /home/airflow/.local/lib/python3.12/site-packages/airflow/example_dags/example_short_circuit_decorator.py
[2025-08-11T11:39:33.242+0000] {processor.py:830} INFO - Processing file /home/airflow/.local/lib/python3.12/site-packages/airflow/example_dags/example_short_circuit_decorator.py for tasks to queue
[2025-08-11T11:39:33.243+0000] {logging_mixin.py:188} INFO - [2025-08-11T11:39:33.243+0000] {dagbag.py:545} INFO - Filling up the DagBag from /home/airflow/.local/lib/python3.12/site-packages/airflow/example_dags/example_short_circuit_decorator.py
[2025-08-11T11:39:33.248+0000] {processor.py:840} INFO - DAG(s) 'example_short_circuit_decorator' retrieved from /home/airflow/.local/lib/python3.12/site-packages/airflow/example_dags/example_short_circuit_decorator.py
[2025-08-11T11:39:33.263+0000] {logging_mixin.py:188} INFO - [2025-08-11T11:39:33.263+0000] {dag.py:3096} INFO - Sync 1 DAGs
[2025-08-11T11:39:33.279+0000] {logging_mixin.py:188} INFO - [2025-08-11T11:39:33.279+0000] {dag.py:3954} INFO - Setting next_dagrun for example_short_circuit_decorator to 2025-08-10 00:00:00+00:00, run_after=2025-08-11 00:00:00+00:00
[2025-08-11T11:39:33.290+0000] {processor.py:183} INFO - Processing /home/airflow/.local/lib/python3.12/site-packages/airflow/example_dags/example_short_circuit_decorator.py took 0.057 seconds
[2025-08-11T11:40:03.577+0000] {processor.py:161} INFO - Started process (PID=591) to work on /home/airflow/.local/lib/python3.12/site-packages/airflow/example_dags/example_short_circuit_decorator.py
[2025-08-11T11:40:03.577+0000] {processor.py:830} INFO - Processing file /home/airflow/.local/lib/python3.12/site-packages/airflow/example_dags/example_short_circuit_decorator.py for tasks to queue
[2025-08-11T11:40:03.579+0000] {logging_mixin.py:188} INFO - [2025-08-11T11:40:03.578+0000] {dagbag.py:545} INFO - Filling up the DagBag from /home/airflow/.local/lib/python3.12/site-packages/airflow/example_dags/example_short_circuit_decorator.py
[2025-08-11T11:40:03.584+0000] {processor.py:840} INFO - DAG(s) 'example_short_circuit_decorator' retrieved from /home/airflow/.local/lib/python3.12/site-packages/airflow/example_dags/example_short_circuit_decorator.py
[2025-08-11T11:40:03.600+0000] {logging_mixin.py:188} INFO - [2025-08-11T11:40:03.599+0000] {dag.py:3096} INFO - Sync 1 DAGs
[2025-08-11T11:40:03.614+0000] {logging_mixin.py:188} INFO - [2025-08-11T11:40:03.613+0000] {dag.py:3954} INFO - Setting next_dagrun for example_short_circuit_decorator to 2025-08-10 00:00:00+00:00, run_after=2025-08-11 00:00:00+00:00
[2025-08-11T11:40:03.627+0000] {processor.py:183} INFO - Processing /home/airflow/.local/lib/python3.12/site-packages/airflow/example_dags/example_short_circuit_decorator.py took 0.055 seconds
[2025-08-11T11:40:34.133+0000] {processor.py:161} INFO - Started process (PID=649) to work on /home/airflow/.local/lib/python3.12/site-packages/airflow/example_dags/example_short_circuit_decorator.py
[2025-08-11T11:40:34.134+0000] {processor.py:830} INFO - Processing file /home/airflow/.local/lib/python3.12/site-packages/airflow/example_dags/example_short_circuit_decorator.py for tasks to queue
[2025-08-11T11:40:34.138+0000] {logging_mixin.py:188} INFO - [2025-08-11T11:40:34.138+0000] {dagbag.py:545} INFO - Filling up the DagBag from /home/airflow/.local/lib/python3.12/site-packages/airflow/example_dags/example_short_circuit_decorator.py
[2025-08-11T11:40:34.147+0000] {processor.py:840} INFO - DAG(s) 'example_short_circuit_decorator' retrieved from /home/airflow/.local/lib/python3.12/site-packages/airflow/example_dags/example_short_circuit_decorator.py
[2025-08-11T11:40:34.168+0000] {logging_mixin.py:188} INFO - [2025-08-11T11:40:34.168+0000] {dag.py:3096} INFO - Sync 1 DAGs
[2025-08-11T11:40:34.188+0000] {logging_mixin.py:188} INFO - [2025-08-11T11:40:34.188+0000] {dag.py:3954} INFO - Setting next_dagrun for example_short_circuit_decorator to 2025-08-10 00:00:00+00:00, run_after=2025-08-11 00:00:00+00:00
[2025-08-11T11:40:34.203+0000] {processor.py:183} INFO - Processing /home/airflow/.local/lib/python3.12/site-packages/airflow/example_dags/example_short_circuit_decorator.py took 0.076 seconds
[2025-08-11T11:41:04.526+0000] {processor.py:161} INFO - Started process (PID=707) to work on /home/airflow/.local/lib/python3.12/site-packages/airflow/example_dags/example_short_circuit_decorator.py
[2025-08-11T11:41:04.528+0000] {processor.py:830} INFO - Processing file /home/airflow/.local/lib/python3.12/site-packages/airflow/example_dags/example_short_circuit_decorator.py for tasks to queue
[2025-08-11T11:41:04.530+0000] {logging_mixin.py:188} INFO - [2025-08-11T11:41:04.530+0000] {dagbag.py:545} INFO - Filling up the DagBag from /home/airflow/.local/lib/python3.12/site-packages/airflow/example_dags/example_short_circuit_decorator.py
[2025-08-11T11:41:04.536+0000] {processor.py:840} INFO - DAG(s) 'example_short_circuit_decorator' retrieved from /home/airflow/.local/lib/python3.12/site-packages/airflow/example_dags/example_short_circuit_decorator.py
[2025-08-11T11:41:04.558+0000] {logging_mixin.py:188} INFO - [2025-08-11T11:41:04.558+0000] {dag.py:3096} INFO - Sync 1 DAGs
[2025-08-11T11:41:04.573+0000] {logging_mixin.py:188} INFO - [2025-08-11T11:41:04.573+0000] {dag.py:3954} INFO - Setting next_dagrun for example_short_circuit_decorator to 2025-08-10 00:00:00+00:00, run_after=2025-08-11 00:00:00+00:00
[2025-08-11T11:41:04.586+0000] {processor.py:183} INFO - Processing /home/airflow/.local/lib/python3.12/site-packages/airflow/example_dags/example_short_circuit_decorator.py took 0.064 seconds
[2025-08-11T11:41:34.928+0000] {processor.py:161} INFO - Started process (PID=765) to work on /home/airflow/.local/lib/python3.12/site-packages/airflow/example_dags/example_short_circuit_decorator.py
[2025-08-11T11:41:34.929+0000] {processor.py:830} INFO - Processing file /home/airflow/.local/lib/python3.12/site-packages/airflow/example_dags/example_short_circuit_decorator.py for tasks to queue
[2025-08-11T11:41:34.930+0000] {logging_mixin.py:188} INFO - [2025-08-11T11:41:34.930+0000] {dagbag.py:545} INFO - Filling up the DagBag from /home/airflow/.local/lib/python3.12/site-packages/airflow/example_dags/example_short_circuit_decorator.py
[2025-08-11T11:41:34.937+0000] {processor.py:840} INFO - DAG(s) 'example_short_circuit_decorator' retrieved from /home/airflow/.local/lib/python3.12/site-packages/airflow/example_dags/example_short_circuit_decorator.py
[2025-08-11T11:41:34.956+0000] {logging_mixin.py:188} INFO - [2025-08-11T11:41:34.956+0000] {dag.py:3096} INFO - Sync 1 DAGs
[2025-08-11T11:41:34.975+0000] {logging_mixin.py:188} INFO - [2025-08-11T11:41:34.975+0000] {dag.py:3954} INFO - Setting next_dagrun for example_short_circuit_decorator to 2025-08-10 00:00:00+00:00, run_after=2025-08-11 00:00:00+00:00
[2025-08-11T11:41:34.988+0000] {processor.py:183} INFO - Processing /home/airflow/.local/lib/python3.12/site-packages/airflow/example_dags/example_short_circuit_decorator.py took 0.065 seconds
[2025-08-11T11:42:05.086+0000] {processor.py:161} INFO - Started process (PID=823) to work on /home/airflow/.local/lib/python3.12/site-packages/airflow/example_dags/example_short_circuit_decorator.py
[2025-08-11T11:42:05.088+0000] {processor.py:830} INFO - Processing file /home/airflow/.local/lib/python3.12/site-packages/airflow/example_dags/example_short_circuit_decorator.py for tasks to queue
[2025-08-11T11:42:05.089+0000] {logging_mixin.py:188} INFO - [2025-08-11T11:42:05.089+0000] {dagbag.py:545} INFO - Filling up the DagBag from /home/airflow/.local/lib/python3.12/site-packages/airflow/example_dags/example_short_circuit_decorator.py
[2025-08-11T11:42:05.095+0000] {processor.py:840} INFO - DAG(s) 'example_short_circuit_decorator' retrieved from /home/airflow/.local/lib/python3.12/site-packages/airflow/example_dags/example_short_circuit_decorator.py
[2025-08-11T11:42:05.109+0000] {logging_mixin.py:188} INFO - [2025-08-11T11:42:05.109+0000] {dag.py:3096} INFO - Sync 1 DAGs
[2025-08-11T11:42:05.126+0000] {logging_mixin.py:188} INFO - [2025-08-11T11:42:05.126+0000] {dag.py:3954} INFO - Setting next_dagrun for example_short_circuit_decorator to 2025-08-10 00:00:00+00:00, run_after=2025-08-11 00:00:00+00:00
[2025-08-11T11:42:05.143+0000] {processor.py:183} INFO - Processing /home/airflow/.local/lib/python3.12/site-packages/airflow/example_dags/example_short_circuit_decorator.py took 0.061 seconds
[2025-08-11T11:42:35.569+0000] {processor.py:161} INFO - Started process (PID=881) to work on /home/airflow/.local/lib/python3.12/site-packages/airflow/example_dags/example_short_circuit_decorator.py
[2025-08-11T11:42:35.570+0000] {processor.py:830} INFO - Processing file /home/airflow/.local/lib/python3.12/site-packages/airflow/example_dags/example_short_circuit_decorator.py for tasks to queue
[2025-08-11T11:42:35.571+0000] {logging_mixin.py:188} INFO - [2025-08-11T11:42:35.571+0000] {dagbag.py:545} INFO - Filling up the DagBag from /home/airflow/.local/lib/python3.12/site-packages/airflow/example_dags/example_short_circuit_decorator.py
[2025-08-11T11:42:35.578+0000] {processor.py:840} INFO - DAG(s) 'example_short_circuit_decorator' retrieved from /home/airflow/.local/lib/python3.12/site-packages/airflow/example_dags/example_short_circuit_decorator.py
[2025-08-11T11:42:35.593+0000] {logging_mixin.py:188} INFO - [2025-08-11T11:42:35.593+0000] {dag.py:3096} INFO - Sync 1 DAGs
[2025-08-11T11:42:35.608+0000] {logging_mixin.py:188} INFO - [2025-08-11T11:42:35.608+0000] {dag.py:3954} INFO - Setting next_dagrun for example_short_circuit_decorator to 2025-08-10 00:00:00+00:00, run_after=2025-08-11 00:00:00+00:00
[2025-08-11T11:42:35.628+0000] {processor.py:183} INFO - Processing /home/airflow/.local/lib/python3.12/site-packages/airflow/example_dags/example_short_circuit_decorator.py took 0.063 seconds
[2025-08-11T11:43:06.198+0000] {processor.py:161} INFO - Started process (PID=939) to work on /home/airflow/.local/lib/python3.12/site-packages/airflow/example_dags/example_short_circuit_decorator.py
[2025-08-11T11:43:06.201+0000] {processor.py:830} INFO - Processing file /home/airflow/.local/lib/python3.12/site-packages/airflow/example_dags/example_short_circuit_decorator.py for tasks to queue
[2025-08-11T11:43:06.204+0000] {logging_mixin.py:188} INFO - [2025-08-11T11:43:06.203+0000] {dagbag.py:545} INFO - Filling up the DagBag from /home/airflow/.local/lib/python3.12/site-packages/airflow/example_dags/example_short_circuit_decorator.py
[2025-08-11T11:43:06.216+0000] {processor.py:840} INFO - DAG(s) 'example_short_circuit_decorator' retrieved from /home/airflow/.local/lib/python3.12/site-packages/airflow/example_dags/example_short_circuit_decorator.py
[2025-08-11T11:43:06.237+0000] {logging_mixin.py:188} INFO - [2025-08-11T11:43:06.237+0000] {dag.py:3096} INFO - Sync 1 DAGs
[2025-08-11T11:43:06.256+0000] {logging_mixin.py:188} INFO - [2025-08-11T11:43:06.256+0000] {dag.py:3954} INFO - Setting next_dagrun for example_short_circuit_decorator to 2025-08-10 00:00:00+00:00, run_after=2025-08-11 00:00:00+00:00
[2025-08-11T11:43:06.269+0000] {processor.py:183} INFO - Processing /home/airflow/.local/lib/python3.12/site-packages/airflow/example_dags/example_short_circuit_decorator.py took 0.077 seconds
[2025-08-11T11:43:36.357+0000] {processor.py:161} INFO - Started process (PID=997) to work on /home/airflow/.local/lib/python3.12/site-packages/airflow/example_dags/example_short_circuit_decorator.py
[2025-08-11T11:43:36.359+0000] {processor.py:830} INFO - Processing file /home/airflow/.local/lib/python3.12/site-packages/airflow/example_dags/example_short_circuit_decorator.py for tasks to queue
[2025-08-11T11:43:36.361+0000] {logging_mixin.py:188} INFO - [2025-08-11T11:43:36.361+0000] {dagbag.py:545} INFO - Filling up the DagBag from /home/airflow/.local/lib/python3.12/site-packages/airflow/example_dags/example_short_circuit_decorator.py
[2025-08-11T11:43:36.369+0000] {processor.py:840} INFO - DAG(s) 'example_short_circuit_decorator' retrieved from /home/airflow/.local/lib/python3.12/site-packages/airflow/example_dags/example_short_circuit_decorator.py
[2025-08-11T11:43:36.389+0000] {logging_mixin.py:188} INFO - [2025-08-11T11:43:36.388+0000] {dag.py:3096} INFO - Sync 1 DAGs
[2025-08-11T11:43:36.411+0000] {logging_mixin.py:188} INFO - [2025-08-11T11:43:36.411+0000] {dag.py:3954} INFO - Setting next_dagrun for example_short_circuit_decorator to 2025-08-10 00:00:00+00:00, run_after=2025-08-11 00:00:00+00:00
[2025-08-11T11:43:36.423+0000] {processor.py:183} INFO - Processing /home/airflow/.local/lib/python3.12/site-packages/airflow/example_dags/example_short_circuit_decorator.py took 0.071 seconds
[2025-08-11T11:44:06.591+0000] {processor.py:161} INFO - Started process (PID=1055) to work on /home/airflow/.local/lib/python3.12/site-packages/airflow/example_dags/example_short_circuit_decorator.py
[2025-08-11T11:44:06.594+0000] {processor.py:830} INFO - Processing file /home/airflow/.local/lib/python3.12/site-packages/airflow/example_dags/example_short_circuit_decorator.py for tasks to queue
[2025-08-11T11:44:06.596+0000] {logging_mixin.py:188} INFO - [2025-08-11T11:44:06.596+0000] {dagbag.py:545} INFO - Filling up the DagBag from /home/airflow/.local/lib/python3.12/site-packages/airflow/example_dags/example_short_circuit_decorator.py
[2025-08-11T11:44:06.601+0000] {processor.py:840} INFO - DAG(s) 'example_short_circuit_decorator' retrieved from /home/airflow/.local/lib/python3.12/site-packages/airflow/example_dags/example_short_circuit_decorator.py
[2025-08-11T11:44:06.616+0000] {logging_mixin.py:188} INFO - [2025-08-11T11:44:06.616+0000] {dag.py:3096} INFO - Sync 1 DAGs
[2025-08-11T11:44:06.629+0000] {logging_mixin.py:188} INFO - [2025-08-11T11:44:06.629+0000] {dag.py:3954} INFO - Setting next_dagrun for example_short_circuit_decorator to 2025-08-10 00:00:00+00:00, run_after=2025-08-11 00:00:00+00:00
[2025-08-11T11:44:06.640+0000] {processor.py:183} INFO - Processing /home/airflow/.local/lib/python3.12/site-packages/airflow/example_dags/example_short_circuit_decorator.py took 0.053 seconds
[2025-08-11T11:44:36.909+0000] {processor.py:161} INFO - Started process (PID=1113) to work on /home/airflow/.local/lib/python3.12/site-packages/airflow/example_dags/example_short_circuit_decorator.py
[2025-08-11T11:44:36.912+0000] {processor.py:830} INFO - Processing file /home/airflow/.local/lib/python3.12/site-packages/airflow/example_dags/example_short_circuit_decorator.py for tasks to queue
[2025-08-11T11:44:36.914+0000] {logging_mixin.py:188} INFO - [2025-08-11T11:44:36.914+0000] {dagbag.py:545} INFO - Filling up the DagBag from /home/airflow/.local/lib/python3.12/site-packages/airflow/example_dags/example_short_circuit_decorator.py
[2025-08-11T11:44:36.924+0000] {processor.py:840} INFO - DAG(s) 'example_short_circuit_decorator' retrieved from /home/airflow/.local/lib/python3.12/site-packages/airflow/example_dags/example_short_circuit_decorator.py
[2025-08-11T11:44:36.946+0000] {logging_mixin.py:188} INFO - [2025-08-11T11:44:36.946+0000] {dag.py:3096} INFO - Sync 1 DAGs
[2025-08-11T11:44:36.960+0000] {logging_mixin.py:188} INFO - [2025-08-11T11:44:36.960+0000] {dag.py:3954} INFO - Setting next_dagrun for example_short_circuit_decorator to 2025-08-10 00:00:00+00:00, run_after=2025-08-11 00:00:00+00:00
[2025-08-11T11:44:36.975+0000] {processor.py:183} INFO - Processing /home/airflow/.local/lib/python3.12/site-packages/airflow/example_dags/example_short_circuit_decorator.py took 0.070 seconds
[2025-08-11T11:45:07.545+0000] {processor.py:161} INFO - Started process (PID=1171) to work on /home/airflow/.local/lib/python3.12/site-packages/airflow/example_dags/example_short_circuit_decorator.py
[2025-08-11T11:45:07.547+0000] {processor.py:830} INFO - Processing file /home/airflow/.local/lib/python3.12/site-packages/airflow/example_dags/example_short_circuit_decorator.py for tasks to queue
[2025-08-11T11:45:07.548+0000] {logging_mixin.py:188} INFO - [2025-08-11T11:45:07.548+0000] {dagbag.py:545} INFO - Filling up the DagBag from /home/airflow/.local/lib/python3.12/site-packages/airflow/example_dags/example_short_circuit_decorator.py
[2025-08-11T11:45:07.554+0000] {processor.py:840} INFO - DAG(s) 'example_short_circuit_decorator' retrieved from /home/airflow/.local/lib/python3.12/site-packages/airflow/example_dags/example_short_circuit_decorator.py
[2025-08-11T11:45:07.571+0000] {logging_mixin.py:188} INFO - [2025-08-11T11:45:07.571+0000] {dag.py:3096} INFO - Sync 1 DAGs
[2025-08-11T11:45:07.585+0000] {logging_mixin.py:188} INFO - [2025-08-11T11:45:07.585+0000] {dag.py:3954} INFO - Setting next_dagrun for example_short_circuit_decorator to 2025-08-10 00:00:00+00:00, run_after=2025-08-11 00:00:00+00:00
[2025-08-11T11:45:07.597+0000] {processor.py:183} INFO - Processing /home/airflow/.local/lib/python3.12/site-packages/airflow/example_dags/example_short_circuit_decorator.py took 0.056 seconds
[2025-08-11T11:45:37.800+0000] {processor.py:161} INFO - Started process (PID=1229) to work on /home/airflow/.local/lib/python3.12/site-packages/airflow/example_dags/example_short_circuit_decorator.py
[2025-08-11T11:45:37.802+0000] {processor.py:830} INFO - Processing file /home/airflow/.local/lib/python3.12/site-packages/airflow/example_dags/example_short_circuit_decorator.py for tasks to queue
[2025-08-11T11:45:37.804+0000] {logging_mixin.py:188} INFO - [2025-08-11T11:45:37.804+0000] {dagbag.py:545} INFO - Filling up the DagBag from /home/airflow/.local/lib/python3.12/site-packages/airflow/example_dags/example_short_circuit_decorator.py
[2025-08-11T11:45:37.811+0000] {processor.py:840} INFO - DAG(s) 'example_short_circuit_decorator' retrieved from /home/airflow/.local/lib/python3.12/site-packages/airflow/example_dags/example_short_circuit_decorator.py
[2025-08-11T11:45:37.829+0000] {logging_mixin.py:188} INFO - [2025-08-11T11:45:37.829+0000] {dag.py:3096} INFO - Sync 1 DAGs
[2025-08-11T11:45:37.847+0000] {logging_mixin.py:188} INFO - [2025-08-11T11:45:37.847+0000] {dag.py:3954} INFO - Setting next_dagrun for example_short_circuit_decorator to 2025-08-10 00:00:00+00:00, run_after=2025-08-11 00:00:00+00:00
[2025-08-11T11:45:37.860+0000] {processor.py:183} INFO - Processing /home/airflow/.local/lib/python3.12/site-packages/airflow/example_dags/example_short_circuit_decorator.py took 0.064 seconds
[2025-08-11T11:46:08.138+0000] {processor.py:161} INFO - Started process (PID=1288) to work on /home/airflow/.local/lib/python3.12/site-packages/airflow/example_dags/example_short_circuit_decorator.py
[2025-08-11T11:46:08.139+0000] {processor.py:830} INFO - Processing file /home/airflow/.local/lib/python3.12/site-packages/airflow/example_dags/example_short_circuit_decorator.py for tasks to queue
[2025-08-11T11:46:08.141+0000] {logging_mixin.py:188} INFO - [2025-08-11T11:46:08.141+0000] {dagbag.py:545} INFO - Filling up the DagBag from /home/airflow/.local/lib/python3.12/site-packages/airflow/example_dags/example_short_circuit_decorator.py
[2025-08-11T11:46:08.149+0000] {processor.py:840} INFO - DAG(s) 'example_short_circuit_decorator' retrieved from /home/airflow/.local/lib/python3.12/site-packages/airflow/example_dags/example_short_circuit_decorator.py
[2025-08-11T11:46:08.166+0000] {logging_mixin.py:188} INFO - [2025-08-11T11:46:08.166+0000] {dag.py:3096} INFO - Sync 1 DAGs
[2025-08-11T11:46:08.180+0000] {logging_mixin.py:188} INFO - [2025-08-11T11:46:08.180+0000] {dag.py:3954} INFO - Setting next_dagrun for example_short_circuit_decorator to 2025-08-10 00:00:00+00:00, run_after=2025-08-11 00:00:00+00:00
[2025-08-11T11:46:08.190+0000] {processor.py:183} INFO - Processing /home/airflow/.local/lib/python3.12/site-packages/airflow/example_dags/example_short_circuit_decorator.py took 0.056 seconds
