[2025-08-11T11:35:31.181+0000] {processor.py:161} INFO - Started process (PID=75) to work on /home/airflow/.local/lib/python3.12/site-packages/airflow/example_dags/example_setup_teardown.py
[2025-08-11T11:35:31.184+0000] {processor.py:830} INFO - Processing file /home/airflow/.local/lib/python3.12/site-packages/airflow/example_dags/example_setup_teardown.py for tasks to queue
[2025-08-11T11:35:31.187+0000] {logging_mixin.py:188} INFO - [2025-08-11T11:35:31.187+0000] {dagbag.py:545} INFO - Filling up the DagBag from /home/airflow/.local/lib/python3.12/site-packages/airflow/example_dags/example_setup_teardown.py
[2025-08-11T11:35:31.206+0000] {processor.py:840} INFO - DAG(s) 'example_setup_teardown' retrieved from /home/airflow/.local/lib/python3.12/site-packages/airflow/example_dags/example_setup_teardown.py
[2025-08-11T11:35:31.397+0000] {logging_mixin.py:188} INFO - [2025-08-11T11:35:31.396+0000] {override.py:1829} INFO - Created Permission View: can read on DAG:example_setup_teardown
[2025-08-11T11:35:31.423+0000] {logging_mixin.py:188} INFO - [2025-08-11T11:35:31.422+0000] {override.py:1829} INFO - Created Permission View: can delete on DAG:example_setup_teardown
[2025-08-11T11:35:31.435+0000] {logging_mixin.py:188} INFO - [2025-08-11T11:35:31.434+0000] {override.py:1829} INFO - Created Permission View: can edit on DAG:example_setup_teardown
[2025-08-11T11:35:31.436+0000] {logging_mixin.py:188} INFO - [2025-08-11T11:35:31.436+0000] {dag.py:3096} INFO - Sync 1 DAGs
[2025-08-11T11:35:31.460+0000] {logging_mixin.py:188} INFO - [2025-08-11T11:35:31.460+0000] {dag.py:3118} INFO - Creating ORM DAG for example_setup_teardown
[2025-08-11T11:35:31.480+0000] {logging_mixin.py:188} INFO - [2025-08-11T11:35:31.480+0000] {dag.py:3954} INFO - Setting next_dagrun for example_setup_teardown to 2025-08-10 00:00:00+00:00, run_after=2025-08-11 00:00:00+00:00
[2025-08-11T11:35:31.508+0000] {processor.py:183} INFO - Processing /home/airflow/.local/lib/python3.12/site-packages/airflow/example_dags/example_setup_teardown.py took 0.361 seconds
[2025-08-11T11:36:01.927+0000] {processor.py:161} INFO - Started process (PID=133) to work on /home/airflow/.local/lib/python3.12/site-packages/airflow/example_dags/example_setup_teardown.py
[2025-08-11T11:36:01.928+0000] {processor.py:830} INFO - Processing file /home/airflow/.local/lib/python3.12/site-packages/airflow/example_dags/example_setup_teardown.py for tasks to queue
[2025-08-11T11:36:01.930+0000] {logging_mixin.py:188} INFO - [2025-08-11T11:36:01.930+0000] {dagbag.py:545} INFO - Filling up the DagBag from /home/airflow/.local/lib/python3.12/site-packages/airflow/example_dags/example_setup_teardown.py
[2025-08-11T11:36:01.936+0000] {processor.py:840} INFO - DAG(s) 'example_setup_teardown' retrieved from /home/airflow/.local/lib/python3.12/site-packages/airflow/example_dags/example_setup_teardown.py
[2025-08-11T11:36:01.961+0000] {logging_mixin.py:188} INFO - [2025-08-11T11:36:01.961+0000] {dag.py:3096} INFO - Sync 1 DAGs
[2025-08-11T11:36:01.981+0000] {logging_mixin.py:188} INFO - [2025-08-11T11:36:01.981+0000] {dag.py:3954} INFO - Setting next_dagrun for example_setup_teardown to 2025-08-10 00:00:00+00:00, run_after=2025-08-11 00:00:00+00:00
[2025-08-11T11:36:01.995+0000] {processor.py:183} INFO - Processing /home/airflow/.local/lib/python3.12/site-packages/airflow/example_dags/example_setup_teardown.py took 0.073 seconds
[2025-08-11T11:36:32.077+0000] {processor.py:161} INFO - Started process (PID=191) to work on /home/airflow/.local/lib/python3.12/site-packages/airflow/example_dags/example_setup_teardown.py
[2025-08-11T11:36:32.082+0000] {processor.py:830} INFO - Processing file /home/airflow/.local/lib/python3.12/site-packages/airflow/example_dags/example_setup_teardown.py for tasks to queue
[2025-08-11T11:36:32.084+0000] {logging_mixin.py:188} INFO - [2025-08-11T11:36:32.083+0000] {dagbag.py:545} INFO - Filling up the DagBag from /home/airflow/.local/lib/python3.12/site-packages/airflow/example_dags/example_setup_teardown.py
[2025-08-11T11:36:32.088+0000] {processor.py:840} INFO - DAG(s) 'example_setup_teardown' retrieved from /home/airflow/.local/lib/python3.12/site-packages/airflow/example_dags/example_setup_teardown.py
[2025-08-11T11:36:32.106+0000] {logging_mixin.py:188} INFO - [2025-08-11T11:36:32.106+0000] {dag.py:3096} INFO - Sync 1 DAGs
[2025-08-11T11:36:32.121+0000] {logging_mixin.py:188} INFO - [2025-08-11T11:36:32.120+0000] {dag.py:3954} INFO - Setting next_dagrun for example_setup_teardown to 2025-08-10 00:00:00+00:00, run_after=2025-08-11 00:00:00+00:00
[2025-08-11T11:36:32.134+0000] {processor.py:183} INFO - Processing /home/airflow/.local/lib/python3.12/site-packages/airflow/example_dags/example_setup_teardown.py took 0.060 seconds
[2025-08-11T11:37:02.376+0000] {processor.py:161} INFO - Started process (PID=249) to work on /home/airflow/.local/lib/python3.12/site-packages/airflow/example_dags/example_setup_teardown.py
[2025-08-11T11:37:02.377+0000] {processor.py:830} INFO - Processing file /home/airflow/.local/lib/python3.12/site-packages/airflow/example_dags/example_setup_teardown.py for tasks to queue
[2025-08-11T11:37:02.378+0000] {logging_mixin.py:188} INFO - [2025-08-11T11:37:02.378+0000] {dagbag.py:545} INFO - Filling up the DagBag from /home/airflow/.local/lib/python3.12/site-packages/airflow/example_dags/example_setup_teardown.py
[2025-08-11T11:37:02.385+0000] {processor.py:840} INFO - DAG(s) 'example_setup_teardown' retrieved from /home/airflow/.local/lib/python3.12/site-packages/airflow/example_dags/example_setup_teardown.py
[2025-08-11T11:37:02.401+0000] {logging_mixin.py:188} INFO - [2025-08-11T11:37:02.401+0000] {dag.py:3096} INFO - Sync 1 DAGs
[2025-08-11T11:37:02.422+0000] {logging_mixin.py:188} INFO - [2025-08-11T11:37:02.421+0000] {dag.py:3954} INFO - Setting next_dagrun for example_setup_teardown to 2025-08-10 00:00:00+00:00, run_after=2025-08-11 00:00:00+00:00
[2025-08-11T11:37:02.434+0000] {processor.py:183} INFO - Processing /home/airflow/.local/lib/python3.12/site-packages/airflow/example_dags/example_setup_teardown.py took 0.062 seconds
[2025-08-11T11:37:32.832+0000] {processor.py:161} INFO - Started process (PID=307) to work on /home/airflow/.local/lib/python3.12/site-packages/airflow/example_dags/example_setup_teardown.py
[2025-08-11T11:37:32.839+0000] {processor.py:830} INFO - Processing file /home/airflow/.local/lib/python3.12/site-packages/airflow/example_dags/example_setup_teardown.py for tasks to queue
[2025-08-11T11:37:32.841+0000] {logging_mixin.py:188} INFO - [2025-08-11T11:37:32.840+0000] {dagbag.py:545} INFO - Filling up the DagBag from /home/airflow/.local/lib/python3.12/site-packages/airflow/example_dags/example_setup_teardown.py
[2025-08-11T11:37:32.849+0000] {processor.py:840} INFO - DAG(s) 'example_setup_teardown' retrieved from /home/airflow/.local/lib/python3.12/site-packages/airflow/example_dags/example_setup_teardown.py
[2025-08-11T11:37:32.873+0000] {logging_mixin.py:188} INFO - [2025-08-11T11:37:32.873+0000] {dag.py:3096} INFO - Sync 1 DAGs
[2025-08-11T11:37:32.894+0000] {logging_mixin.py:188} INFO - [2025-08-11T11:37:32.894+0000] {dag.py:3954} INFO - Setting next_dagrun for example_setup_teardown to 2025-08-10 00:00:00+00:00, run_after=2025-08-11 00:00:00+00:00
[2025-08-11T11:37:32.909+0000] {processor.py:183} INFO - Processing /home/airflow/.local/lib/python3.12/site-packages/airflow/example_dags/example_setup_teardown.py took 0.084 seconds
[2025-08-11T11:38:03.284+0000] {processor.py:161} INFO - Started process (PID=364) to work on /home/airflow/.local/lib/python3.12/site-packages/airflow/example_dags/example_setup_teardown.py
[2025-08-11T11:38:03.286+0000] {processor.py:830} INFO - Processing file /home/airflow/.local/lib/python3.12/site-packages/airflow/example_dags/example_setup_teardown.py for tasks to queue
[2025-08-11T11:38:03.287+0000] {logging_mixin.py:188} INFO - [2025-08-11T11:38:03.287+0000] {dagbag.py:545} INFO - Filling up the DagBag from /home/airflow/.local/lib/python3.12/site-packages/airflow/example_dags/example_setup_teardown.py
[2025-08-11T11:38:03.292+0000] {processor.py:840} INFO - DAG(s) 'example_setup_teardown' retrieved from /home/airflow/.local/lib/python3.12/site-packages/airflow/example_dags/example_setup_teardown.py
[2025-08-11T11:38:03.306+0000] {logging_mixin.py:188} INFO - [2025-08-11T11:38:03.306+0000] {dag.py:3096} INFO - Sync 1 DAGs
[2025-08-11T11:38:03.319+0000] {logging_mixin.py:188} INFO - [2025-08-11T11:38:03.319+0000] {dag.py:3954} INFO - Setting next_dagrun for example_setup_teardown to 2025-08-10 00:00:00+00:00, run_after=2025-08-11 00:00:00+00:00
[2025-08-11T11:38:03.330+0000] {processor.py:183} INFO - Processing /home/airflow/.local/lib/python3.12/site-packages/airflow/example_dags/example_setup_teardown.py took 0.049 seconds
[2025-08-11T11:38:33.654+0000] {processor.py:161} INFO - Started process (PID=422) to work on /home/airflow/.local/lib/python3.12/site-packages/airflow/example_dags/example_setup_teardown.py
[2025-08-11T11:38:33.656+0000] {processor.py:830} INFO - Processing file /home/airflow/.local/lib/python3.12/site-packages/airflow/example_dags/example_setup_teardown.py for tasks to queue
[2025-08-11T11:38:33.662+0000] {logging_mixin.py:188} INFO - [2025-08-11T11:38:33.661+0000] {dagbag.py:545} INFO - Filling up the DagBag from /home/airflow/.local/lib/python3.12/site-packages/airflow/example_dags/example_setup_teardown.py
[2025-08-11T11:38:33.670+0000] {processor.py:840} INFO - DAG(s) 'example_setup_teardown' retrieved from /home/airflow/.local/lib/python3.12/site-packages/airflow/example_dags/example_setup_teardown.py
[2025-08-11T11:38:33.695+0000] {logging_mixin.py:188} INFO - [2025-08-11T11:38:33.695+0000] {dag.py:3096} INFO - Sync 1 DAGs
[2025-08-11T11:38:33.719+0000] {logging_mixin.py:188} INFO - [2025-08-11T11:38:33.719+0000] {dag.py:3954} INFO - Setting next_dagrun for example_setup_teardown to 2025-08-10 00:00:00+00:00, run_after=2025-08-11 00:00:00+00:00
[2025-08-11T11:38:33.732+0000] {processor.py:183} INFO - Processing /home/airflow/.local/lib/python3.12/site-packages/airflow/example_dags/example_setup_teardown.py took 0.086 seconds
[2025-08-11T11:39:04.129+0000] {processor.py:161} INFO - Started process (PID=480) to work on /home/airflow/.local/lib/python3.12/site-packages/airflow/example_dags/example_setup_teardown.py
[2025-08-11T11:39:04.130+0000] {processor.py:830} INFO - Processing file /home/airflow/.local/lib/python3.12/site-packages/airflow/example_dags/example_setup_teardown.py for tasks to queue
[2025-08-11T11:39:04.131+0000] {logging_mixin.py:188} INFO - [2025-08-11T11:39:04.131+0000] {dagbag.py:545} INFO - Filling up the DagBag from /home/airflow/.local/lib/python3.12/site-packages/airflow/example_dags/example_setup_teardown.py
[2025-08-11T11:39:04.136+0000] {processor.py:840} INFO - DAG(s) 'example_setup_teardown' retrieved from /home/airflow/.local/lib/python3.12/site-packages/airflow/example_dags/example_setup_teardown.py
[2025-08-11T11:39:04.151+0000] {logging_mixin.py:188} INFO - [2025-08-11T11:39:04.150+0000] {dag.py:3096} INFO - Sync 1 DAGs
[2025-08-11T11:39:04.166+0000] {logging_mixin.py:188} INFO - [2025-08-11T11:39:04.165+0000] {dag.py:3954} INFO - Setting next_dagrun for example_setup_teardown to 2025-08-10 00:00:00+00:00, run_after=2025-08-11 00:00:00+00:00
[2025-08-11T11:39:04.177+0000] {processor.py:183} INFO - Processing /home/airflow/.local/lib/python3.12/site-packages/airflow/example_dags/example_setup_teardown.py took 0.053 seconds
[2025-08-11T11:39:34.464+0000] {processor.py:161} INFO - Started process (PID=538) to work on /home/airflow/.local/lib/python3.12/site-packages/airflow/example_dags/example_setup_teardown.py
[2025-08-11T11:39:34.465+0000] {processor.py:830} INFO - Processing file /home/airflow/.local/lib/python3.12/site-packages/airflow/example_dags/example_setup_teardown.py for tasks to queue
[2025-08-11T11:39:34.467+0000] {logging_mixin.py:188} INFO - [2025-08-11T11:39:34.466+0000] {dagbag.py:545} INFO - Filling up the DagBag from /home/airflow/.local/lib/python3.12/site-packages/airflow/example_dags/example_setup_teardown.py
[2025-08-11T11:39:34.476+0000] {processor.py:840} INFO - DAG(s) 'example_setup_teardown' retrieved from /home/airflow/.local/lib/python3.12/site-packages/airflow/example_dags/example_setup_teardown.py
[2025-08-11T11:39:34.495+0000] {logging_mixin.py:188} INFO - [2025-08-11T11:39:34.494+0000] {dag.py:3096} INFO - Sync 1 DAGs
[2025-08-11T11:39:34.509+0000] {logging_mixin.py:188} INFO - [2025-08-11T11:39:34.509+0000] {dag.py:3954} INFO - Setting next_dagrun for example_setup_teardown to 2025-08-10 00:00:00+00:00, run_after=2025-08-11 00:00:00+00:00
[2025-08-11T11:39:34.521+0000] {processor.py:183} INFO - Processing /home/airflow/.local/lib/python3.12/site-packages/airflow/example_dags/example_setup_teardown.py took 0.061 seconds
[2025-08-11T11:40:04.763+0000] {processor.py:161} INFO - Started process (PID=596) to work on /home/airflow/.local/lib/python3.12/site-packages/airflow/example_dags/example_setup_teardown.py
[2025-08-11T11:40:04.764+0000] {processor.py:830} INFO - Processing file /home/airflow/.local/lib/python3.12/site-packages/airflow/example_dags/example_setup_teardown.py for tasks to queue
[2025-08-11T11:40:04.766+0000] {logging_mixin.py:188} INFO - [2025-08-11T11:40:04.766+0000] {dagbag.py:545} INFO - Filling up the DagBag from /home/airflow/.local/lib/python3.12/site-packages/airflow/example_dags/example_setup_teardown.py
[2025-08-11T11:40:04.770+0000] {processor.py:840} INFO - DAG(s) 'example_setup_teardown' retrieved from /home/airflow/.local/lib/python3.12/site-packages/airflow/example_dags/example_setup_teardown.py
[2025-08-11T11:40:04.785+0000] {logging_mixin.py:188} INFO - [2025-08-11T11:40:04.785+0000] {dag.py:3096} INFO - Sync 1 DAGs
[2025-08-11T11:40:04.799+0000] {logging_mixin.py:188} INFO - [2025-08-11T11:40:04.799+0000] {dag.py:3954} INFO - Setting next_dagrun for example_setup_teardown to 2025-08-10 00:00:00+00:00, run_after=2025-08-11 00:00:00+00:00
[2025-08-11T11:40:04.809+0000] {processor.py:183} INFO - Processing /home/airflow/.local/lib/python3.12/site-packages/airflow/example_dags/example_setup_teardown.py took 0.050 seconds
[2025-08-11T11:40:35.597+0000] {processor.py:161} INFO - Started process (PID=654) to work on /home/airflow/.local/lib/python3.12/site-packages/airflow/example_dags/example_setup_teardown.py
[2025-08-11T11:40:35.598+0000] {processor.py:830} INFO - Processing file /home/airflow/.local/lib/python3.12/site-packages/airflow/example_dags/example_setup_teardown.py for tasks to queue
[2025-08-11T11:40:35.599+0000] {logging_mixin.py:188} INFO - [2025-08-11T11:40:35.599+0000] {dagbag.py:545} INFO - Filling up the DagBag from /home/airflow/.local/lib/python3.12/site-packages/airflow/example_dags/example_setup_teardown.py
[2025-08-11T11:40:35.604+0000] {processor.py:840} INFO - DAG(s) 'example_setup_teardown' retrieved from /home/airflow/.local/lib/python3.12/site-packages/airflow/example_dags/example_setup_teardown.py
[2025-08-11T11:40:35.621+0000] {logging_mixin.py:188} INFO - [2025-08-11T11:40:35.621+0000] {dag.py:3096} INFO - Sync 1 DAGs
[2025-08-11T11:40:35.638+0000] {logging_mixin.py:188} INFO - [2025-08-11T11:40:35.638+0000] {dag.py:3954} INFO - Setting next_dagrun for example_setup_teardown to 2025-08-10 00:00:00+00:00, run_after=2025-08-11 00:00:00+00:00
[2025-08-11T11:40:35.651+0000] {processor.py:183} INFO - Processing /home/airflow/.local/lib/python3.12/site-packages/airflow/example_dags/example_setup_teardown.py took 0.060 seconds
[2025-08-11T11:41:05.775+0000] {processor.py:161} INFO - Started process (PID=712) to work on /home/airflow/.local/lib/python3.12/site-packages/airflow/example_dags/example_setup_teardown.py
[2025-08-11T11:41:05.777+0000] {processor.py:830} INFO - Processing file /home/airflow/.local/lib/python3.12/site-packages/airflow/example_dags/example_setup_teardown.py for tasks to queue
[2025-08-11T11:41:05.780+0000] {logging_mixin.py:188} INFO - [2025-08-11T11:41:05.780+0000] {dagbag.py:545} INFO - Filling up the DagBag from /home/airflow/.local/lib/python3.12/site-packages/airflow/example_dags/example_setup_teardown.py
[2025-08-11T11:41:05.785+0000] {processor.py:840} INFO - DAG(s) 'example_setup_teardown' retrieved from /home/airflow/.local/lib/python3.12/site-packages/airflow/example_dags/example_setup_teardown.py
[2025-08-11T11:41:05.802+0000] {logging_mixin.py:188} INFO - [2025-08-11T11:41:05.802+0000] {dag.py:3096} INFO - Sync 1 DAGs
[2025-08-11T11:41:05.823+0000] {logging_mixin.py:188} INFO - [2025-08-11T11:41:05.823+0000] {dag.py:3954} INFO - Setting next_dagrun for example_setup_teardown to 2025-08-10 00:00:00+00:00, run_after=2025-08-11 00:00:00+00:00
[2025-08-11T11:41:05.840+0000] {processor.py:183} INFO - Processing /home/airflow/.local/lib/python3.12/site-packages/airflow/example_dags/example_setup_teardown.py took 0.073 seconds
[2025-08-11T11:41:36.197+0000] {processor.py:161} INFO - Started process (PID=770) to work on /home/airflow/.local/lib/python3.12/site-packages/airflow/example_dags/example_setup_teardown.py
[2025-08-11T11:41:36.198+0000] {processor.py:830} INFO - Processing file /home/airflow/.local/lib/python3.12/site-packages/airflow/example_dags/example_setup_teardown.py for tasks to queue
[2025-08-11T11:41:36.200+0000] {logging_mixin.py:188} INFO - [2025-08-11T11:41:36.200+0000] {dagbag.py:545} INFO - Filling up the DagBag from /home/airflow/.local/lib/python3.12/site-packages/airflow/example_dags/example_setup_teardown.py
[2025-08-11T11:41:36.205+0000] {processor.py:840} INFO - DAG(s) 'example_setup_teardown' retrieved from /home/airflow/.local/lib/python3.12/site-packages/airflow/example_dags/example_setup_teardown.py
[2025-08-11T11:41:36.223+0000] {logging_mixin.py:188} INFO - [2025-08-11T11:41:36.223+0000] {dag.py:3096} INFO - Sync 1 DAGs
[2025-08-11T11:41:36.239+0000] {logging_mixin.py:188} INFO - [2025-08-11T11:41:36.239+0000] {dag.py:3954} INFO - Setting next_dagrun for example_setup_teardown to 2025-08-10 00:00:00+00:00, run_after=2025-08-11 00:00:00+00:00
[2025-08-11T11:41:36.255+0000] {processor.py:183} INFO - Processing /home/airflow/.local/lib/python3.12/site-packages/airflow/example_dags/example_setup_teardown.py took 0.062 seconds
[2025-08-11T11:42:06.284+0000] {processor.py:161} INFO - Started process (PID=828) to work on /home/airflow/.local/lib/python3.12/site-packages/airflow/example_dags/example_setup_teardown.py
[2025-08-11T11:42:06.285+0000] {processor.py:830} INFO - Processing file /home/airflow/.local/lib/python3.12/site-packages/airflow/example_dags/example_setup_teardown.py for tasks to queue
[2025-08-11T11:42:06.287+0000] {logging_mixin.py:188} INFO - [2025-08-11T11:42:06.286+0000] {dagbag.py:545} INFO - Filling up the DagBag from /home/airflow/.local/lib/python3.12/site-packages/airflow/example_dags/example_setup_teardown.py
[2025-08-11T11:42:06.291+0000] {processor.py:840} INFO - DAG(s) 'example_setup_teardown' retrieved from /home/airflow/.local/lib/python3.12/site-packages/airflow/example_dags/example_setup_teardown.py
[2025-08-11T11:42:06.304+0000] {logging_mixin.py:188} INFO - [2025-08-11T11:42:06.304+0000] {dag.py:3096} INFO - Sync 1 DAGs
[2025-08-11T11:42:06.318+0000] {logging_mixin.py:188} INFO - [2025-08-11T11:42:06.317+0000] {dag.py:3954} INFO - Setting next_dagrun for example_setup_teardown to 2025-08-10 00:00:00+00:00, run_after=2025-08-11 00:00:00+00:00
[2025-08-11T11:42:06.329+0000] {processor.py:183} INFO - Processing /home/airflow/.local/lib/python3.12/site-packages/airflow/example_dags/example_setup_teardown.py took 0.049 seconds
[2025-08-11T11:42:36.769+0000] {processor.py:161} INFO - Started process (PID=886) to work on /home/airflow/.local/lib/python3.12/site-packages/airflow/example_dags/example_setup_teardown.py
[2025-08-11T11:42:36.770+0000] {processor.py:830} INFO - Processing file /home/airflow/.local/lib/python3.12/site-packages/airflow/example_dags/example_setup_teardown.py for tasks to queue
[2025-08-11T11:42:36.772+0000] {logging_mixin.py:188} INFO - [2025-08-11T11:42:36.772+0000] {dagbag.py:545} INFO - Filling up the DagBag from /home/airflow/.local/lib/python3.12/site-packages/airflow/example_dags/example_setup_teardown.py
[2025-08-11T11:42:36.777+0000] {processor.py:840} INFO - DAG(s) 'example_setup_teardown' retrieved from /home/airflow/.local/lib/python3.12/site-packages/airflow/example_dags/example_setup_teardown.py
[2025-08-11T11:42:36.790+0000] {logging_mixin.py:188} INFO - [2025-08-11T11:42:36.790+0000] {dag.py:3096} INFO - Sync 1 DAGs
[2025-08-11T11:42:36.808+0000] {logging_mixin.py:188} INFO - [2025-08-11T11:42:36.808+0000] {dag.py:3954} INFO - Setting next_dagrun for example_setup_teardown to 2025-08-10 00:00:00+00:00, run_after=2025-08-11 00:00:00+00:00
[2025-08-11T11:42:36.820+0000] {processor.py:183} INFO - Processing /home/airflow/.local/lib/python3.12/site-packages/airflow/example_dags/example_setup_teardown.py took 0.056 seconds
[2025-08-11T11:43:07.425+0000] {processor.py:161} INFO - Started process (PID=944) to work on /home/airflow/.local/lib/python3.12/site-packages/airflow/example_dags/example_setup_teardown.py
[2025-08-11T11:43:07.426+0000] {processor.py:830} INFO - Processing file /home/airflow/.local/lib/python3.12/site-packages/airflow/example_dags/example_setup_teardown.py for tasks to queue
[2025-08-11T11:43:07.428+0000] {logging_mixin.py:188} INFO - [2025-08-11T11:43:07.427+0000] {dagbag.py:545} INFO - Filling up the DagBag from /home/airflow/.local/lib/python3.12/site-packages/airflow/example_dags/example_setup_teardown.py
[2025-08-11T11:43:07.432+0000] {processor.py:840} INFO - DAG(s) 'example_setup_teardown' retrieved from /home/airflow/.local/lib/python3.12/site-packages/airflow/example_dags/example_setup_teardown.py
[2025-08-11T11:43:07.446+0000] {logging_mixin.py:188} INFO - [2025-08-11T11:43:07.446+0000] {dag.py:3096} INFO - Sync 1 DAGs
[2025-08-11T11:43:07.460+0000] {logging_mixin.py:188} INFO - [2025-08-11T11:43:07.459+0000] {dag.py:3954} INFO - Setting next_dagrun for example_setup_teardown to 2025-08-10 00:00:00+00:00, run_after=2025-08-11 00:00:00+00:00
[2025-08-11T11:43:07.472+0000] {processor.py:183} INFO - Processing /home/airflow/.local/lib/python3.12/site-packages/airflow/example_dags/example_setup_teardown.py took 0.053 seconds
[2025-08-11T11:43:37.577+0000] {processor.py:161} INFO - Started process (PID=1002) to work on /home/airflow/.local/lib/python3.12/site-packages/airflow/example_dags/example_setup_teardown.py
[2025-08-11T11:43:37.578+0000] {processor.py:830} INFO - Processing file /home/airflow/.local/lib/python3.12/site-packages/airflow/example_dags/example_setup_teardown.py for tasks to queue
[2025-08-11T11:43:37.580+0000] {logging_mixin.py:188} INFO - [2025-08-11T11:43:37.579+0000] {dagbag.py:545} INFO - Filling up the DagBag from /home/airflow/.local/lib/python3.12/site-packages/airflow/example_dags/example_setup_teardown.py
[2025-08-11T11:43:37.585+0000] {processor.py:840} INFO - DAG(s) 'example_setup_teardown' retrieved from /home/airflow/.local/lib/python3.12/site-packages/airflow/example_dags/example_setup_teardown.py
[2025-08-11T11:43:37.602+0000] {logging_mixin.py:188} INFO - [2025-08-11T11:43:37.602+0000] {dag.py:3096} INFO - Sync 1 DAGs
[2025-08-11T11:43:37.618+0000] {logging_mixin.py:188} INFO - [2025-08-11T11:43:37.618+0000] {dag.py:3954} INFO - Setting next_dagrun for example_setup_teardown to 2025-08-10 00:00:00+00:00, run_after=2025-08-11 00:00:00+00:00
[2025-08-11T11:43:37.630+0000] {processor.py:183} INFO - Processing /home/airflow/.local/lib/python3.12/site-packages/airflow/example_dags/example_setup_teardown.py took 0.058 seconds
[2025-08-11T11:44:07.768+0000] {processor.py:161} INFO - Started process (PID=1060) to work on /home/airflow/.local/lib/python3.12/site-packages/airflow/example_dags/example_setup_teardown.py
[2025-08-11T11:44:07.769+0000] {processor.py:830} INFO - Processing file /home/airflow/.local/lib/python3.12/site-packages/airflow/example_dags/example_setup_teardown.py for tasks to queue
[2025-08-11T11:44:07.774+0000] {logging_mixin.py:188} INFO - [2025-08-11T11:44:07.774+0000] {dagbag.py:545} INFO - Filling up the DagBag from /home/airflow/.local/lib/python3.12/site-packages/airflow/example_dags/example_setup_teardown.py
[2025-08-11T11:44:07.779+0000] {processor.py:840} INFO - DAG(s) 'example_setup_teardown' retrieved from /home/airflow/.local/lib/python3.12/site-packages/airflow/example_dags/example_setup_teardown.py
[2025-08-11T11:44:07.792+0000] {logging_mixin.py:188} INFO - [2025-08-11T11:44:07.792+0000] {dag.py:3096} INFO - Sync 1 DAGs
[2025-08-11T11:44:07.806+0000] {logging_mixin.py:188} INFO - [2025-08-11T11:44:07.805+0000] {dag.py:3954} INFO - Setting next_dagrun for example_setup_teardown to 2025-08-10 00:00:00+00:00, run_after=2025-08-11 00:00:00+00:00
[2025-08-11T11:44:07.823+0000] {processor.py:183} INFO - Processing /home/airflow/.local/lib/python3.12/site-packages/airflow/example_dags/example_setup_teardown.py took 0.060 seconds
[2025-08-11T11:44:38.160+0000] {processor.py:161} INFO - Started process (PID=1118) to work on /home/airflow/.local/lib/python3.12/site-packages/airflow/example_dags/example_setup_teardown.py
[2025-08-11T11:44:38.164+0000] {processor.py:830} INFO - Processing file /home/airflow/.local/lib/python3.12/site-packages/airflow/example_dags/example_setup_teardown.py for tasks to queue
[2025-08-11T11:44:38.165+0000] {logging_mixin.py:188} INFO - [2025-08-11T11:44:38.165+0000] {dagbag.py:545} INFO - Filling up the DagBag from /home/airflow/.local/lib/python3.12/site-packages/airflow/example_dags/example_setup_teardown.py
[2025-08-11T11:44:38.170+0000] {processor.py:840} INFO - DAG(s) 'example_setup_teardown' retrieved from /home/airflow/.local/lib/python3.12/site-packages/airflow/example_dags/example_setup_teardown.py
[2025-08-11T11:44:38.184+0000] {logging_mixin.py:188} INFO - [2025-08-11T11:44:38.184+0000] {dag.py:3096} INFO - Sync 1 DAGs
[2025-08-11T11:44:38.199+0000] {logging_mixin.py:188} INFO - [2025-08-11T11:44:38.199+0000] {dag.py:3954} INFO - Setting next_dagrun for example_setup_teardown to 2025-08-10 00:00:00+00:00, run_after=2025-08-11 00:00:00+00:00
[2025-08-11T11:44:38.220+0000] {processor.py:183} INFO - Processing /home/airflow/.local/lib/python3.12/site-packages/airflow/example_dags/example_setup_teardown.py took 0.064 seconds
[2025-08-11T11:45:08.763+0000] {processor.py:161} INFO - Started process (PID=1176) to work on /home/airflow/.local/lib/python3.12/site-packages/airflow/example_dags/example_setup_teardown.py
[2025-08-11T11:45:08.764+0000] {processor.py:830} INFO - Processing file /home/airflow/.local/lib/python3.12/site-packages/airflow/example_dags/example_setup_teardown.py for tasks to queue
[2025-08-11T11:45:08.767+0000] {logging_mixin.py:188} INFO - [2025-08-11T11:45:08.766+0000] {dagbag.py:545} INFO - Filling up the DagBag from /home/airflow/.local/lib/python3.12/site-packages/airflow/example_dags/example_setup_teardown.py
[2025-08-11T11:45:08.772+0000] {processor.py:840} INFO - DAG(s) 'example_setup_teardown' retrieved from /home/airflow/.local/lib/python3.12/site-packages/airflow/example_dags/example_setup_teardown.py
[2025-08-11T11:45:08.785+0000] {logging_mixin.py:188} INFO - [2025-08-11T11:45:08.785+0000] {dag.py:3096} INFO - Sync 1 DAGs
[2025-08-11T11:45:08.802+0000] {logging_mixin.py:188} INFO - [2025-08-11T11:45:08.801+0000] {dag.py:3954} INFO - Setting next_dagrun for example_setup_teardown to 2025-08-10 00:00:00+00:00, run_after=2025-08-11 00:00:00+00:00
[2025-08-11T11:45:08.818+0000] {processor.py:183} INFO - Processing /home/airflow/.local/lib/python3.12/site-packages/airflow/example_dags/example_setup_teardown.py took 0.060 seconds
[2025-08-11T11:45:39.054+0000] {processor.py:161} INFO - Started process (PID=1234) to work on /home/airflow/.local/lib/python3.12/site-packages/airflow/example_dags/example_setup_teardown.py
[2025-08-11T11:45:39.056+0000] {processor.py:830} INFO - Processing file /home/airflow/.local/lib/python3.12/site-packages/airflow/example_dags/example_setup_teardown.py for tasks to queue
[2025-08-11T11:45:39.057+0000] {logging_mixin.py:188} INFO - [2025-08-11T11:45:39.057+0000] {dagbag.py:545} INFO - Filling up the DagBag from /home/airflow/.local/lib/python3.12/site-packages/airflow/example_dags/example_setup_teardown.py
[2025-08-11T11:45:39.062+0000] {processor.py:840} INFO - DAG(s) 'example_setup_teardown' retrieved from /home/airflow/.local/lib/python3.12/site-packages/airflow/example_dags/example_setup_teardown.py
[2025-08-11T11:45:39.077+0000] {logging_mixin.py:188} INFO - [2025-08-11T11:45:39.077+0000] {dag.py:3096} INFO - Sync 1 DAGs
[2025-08-11T11:45:39.098+0000] {logging_mixin.py:188} INFO - [2025-08-11T11:45:39.097+0000] {dag.py:3954} INFO - Setting next_dagrun for example_setup_teardown to 2025-08-10 00:00:00+00:00, run_after=2025-08-11 00:00:00+00:00
[2025-08-11T11:45:39.114+0000] {processor.py:183} INFO - Processing /home/airflow/.local/lib/python3.12/site-packages/airflow/example_dags/example_setup_teardown.py took 0.064 seconds
[2025-08-11T11:46:09.333+0000] {processor.py:161} INFO - Started process (PID=1293) to work on /home/airflow/.local/lib/python3.12/site-packages/airflow/example_dags/example_setup_teardown.py
[2025-08-11T11:46:09.334+0000] {processor.py:830} INFO - Processing file /home/airflow/.local/lib/python3.12/site-packages/airflow/example_dags/example_setup_teardown.py for tasks to queue
[2025-08-11T11:46:09.336+0000] {logging_mixin.py:188} INFO - [2025-08-11T11:46:09.336+0000] {dagbag.py:545} INFO - Filling up the DagBag from /home/airflow/.local/lib/python3.12/site-packages/airflow/example_dags/example_setup_teardown.py
[2025-08-11T11:46:09.341+0000] {processor.py:840} INFO - DAG(s) 'example_setup_teardown' retrieved from /home/airflow/.local/lib/python3.12/site-packages/airflow/example_dags/example_setup_teardown.py
[2025-08-11T11:46:09.357+0000] {logging_mixin.py:188} INFO - [2025-08-11T11:46:09.356+0000] {dag.py:3096} INFO - Sync 1 DAGs
[2025-08-11T11:46:09.375+0000] {logging_mixin.py:188} INFO - [2025-08-11T11:46:09.375+0000] {dag.py:3954} INFO - Setting next_dagrun for example_setup_teardown to 2025-08-10 00:00:00+00:00, run_after=2025-08-11 00:00:00+00:00
[2025-08-11T11:46:09.391+0000] {processor.py:183} INFO - Processing /home/airflow/.local/lib/python3.12/site-packages/airflow/example_dags/example_setup_teardown.py took 0.062 seconds
