[2025-08-11T11:35:34.680+0000] {processor.py:161} INFO - Started process (PID=103) to work on /home/airflow/.local/lib/python3.12/site-packages/airflow/example_dags/example_display_name.py
[2025-08-11T11:35:34.681+0000] {processor.py:830} INFO - Processing file /home/airflow/.local/lib/python3.12/site-packages/airflow/example_dags/example_display_name.py for tasks to queue
[2025-08-11T11:35:34.682+0000] {logging_mixin.py:188} INFO - [2025-08-11T11:35:34.682+0000] {dagbag.py:545} INFO - Filling up the DagBag from /home/airflow/.local/lib/python3.12/site-packages/airflow/example_dags/example_display_name.py
[2025-08-11T11:35:34.687+0000] {processor.py:840} INFO - DAG(s) 'example_display_name' retrieved from /home/airflow/.local/lib/python3.12/site-packages/airflow/example_dags/example_display_name.py
[2025-08-11T11:35:34.756+0000] {logging_mixin.py:188} INFO - [2025-08-11T11:35:34.755+0000] {override.py:1829} INFO - Created Permission View: can read on DAG:example_display_name
[2025-08-11T11:35:34.761+0000] {logging_mixin.py:188} INFO - [2025-08-11T11:35:34.761+0000] {override.py:1829} INFO - Created Permission View: can delete on DAG:example_display_name
[2025-08-11T11:35:34.765+0000] {logging_mixin.py:188} INFO - [2025-08-11T11:35:34.765+0000] {override.py:1829} INFO - Created Permission View: can edit on DAG:example_display_name
[2025-08-11T11:35:34.765+0000] {logging_mixin.py:188} INFO - [2025-08-11T11:35:34.765+0000] {dag.py:3096} INFO - Sync 1 DAGs
[2025-08-11T11:35:34.772+0000] {logging_mixin.py:188} INFO - [2025-08-11T11:35:34.772+0000] {dag.py:3118} INFO - Creating ORM DAG for example_display_name
[2025-08-11T11:35:34.772+0000] {logging_mixin.py:188} INFO - [2025-08-11T11:35:34.772+0000] {dag.py:3954} INFO - Setting next_dagrun for example_display_name to None, run_after=None
[2025-08-11T11:35:34.781+0000] {processor.py:183} INFO - Processing /home/airflow/.local/lib/python3.12/site-packages/airflow/example_dags/example_display_name.py took 0.104 seconds
[2025-08-11T11:36:05.080+0000] {processor.py:161} INFO - Started process (PID=161) to work on /home/airflow/.local/lib/python3.12/site-packages/airflow/example_dags/example_display_name.py
[2025-08-11T11:36:05.081+0000] {processor.py:830} INFO - Processing file /home/airflow/.local/lib/python3.12/site-packages/airflow/example_dags/example_display_name.py for tasks to queue
[2025-08-11T11:36:05.082+0000] {logging_mixin.py:188} INFO - [2025-08-11T11:36:05.082+0000] {dagbag.py:545} INFO - Filling up the DagBag from /home/airflow/.local/lib/python3.12/site-packages/airflow/example_dags/example_display_name.py
[2025-08-11T11:36:05.086+0000] {processor.py:840} INFO - DAG(s) 'example_display_name' retrieved from /home/airflow/.local/lib/python3.12/site-packages/airflow/example_dags/example_display_name.py
[2025-08-11T11:36:05.106+0000] {logging_mixin.py:188} INFO - [2025-08-11T11:36:05.105+0000] {dag.py:3096} INFO - Sync 1 DAGs
[2025-08-11T11:36:05.122+0000] {logging_mixin.py:188} INFO - [2025-08-11T11:36:05.122+0000] {dag.py:3954} INFO - Setting next_dagrun for example_display_name to None, run_after=None
[2025-08-11T11:36:05.154+0000] {processor.py:183} INFO - Processing /home/airflow/.local/lib/python3.12/site-packages/airflow/example_dags/example_display_name.py took 0.079 seconds
[2025-08-11T11:36:35.280+0000] {processor.py:161} INFO - Started process (PID=219) to work on /home/airflow/.local/lib/python3.12/site-packages/airflow/example_dags/example_display_name.py
[2025-08-11T11:36:35.281+0000] {processor.py:830} INFO - Processing file /home/airflow/.local/lib/python3.12/site-packages/airflow/example_dags/example_display_name.py for tasks to queue
[2025-08-11T11:36:35.283+0000] {logging_mixin.py:188} INFO - [2025-08-11T11:36:35.283+0000] {dagbag.py:545} INFO - Filling up the DagBag from /home/airflow/.local/lib/python3.12/site-packages/airflow/example_dags/example_display_name.py
[2025-08-11T11:36:35.287+0000] {processor.py:840} INFO - DAG(s) 'example_display_name' retrieved from /home/airflow/.local/lib/python3.12/site-packages/airflow/example_dags/example_display_name.py
[2025-08-11T11:36:35.304+0000] {logging_mixin.py:188} INFO - [2025-08-11T11:36:35.304+0000] {dag.py:3096} INFO - Sync 1 DAGs
[2025-08-11T11:36:35.315+0000] {logging_mixin.py:188} INFO - [2025-08-11T11:36:35.315+0000] {dag.py:3954} INFO - Setting next_dagrun for example_display_name to None, run_after=None
[2025-08-11T11:36:35.327+0000] {processor.py:183} INFO - Processing /home/airflow/.local/lib/python3.12/site-packages/airflow/example_dags/example_display_name.py took 0.054 seconds
[2025-08-11T11:37:05.680+0000] {processor.py:161} INFO - Started process (PID=277) to work on /home/airflow/.local/lib/python3.12/site-packages/airflow/example_dags/example_display_name.py
[2025-08-11T11:37:05.681+0000] {processor.py:830} INFO - Processing file /home/airflow/.local/lib/python3.12/site-packages/airflow/example_dags/example_display_name.py for tasks to queue
[2025-08-11T11:37:05.682+0000] {logging_mixin.py:188} INFO - [2025-08-11T11:37:05.682+0000] {dagbag.py:545} INFO - Filling up the DagBag from /home/airflow/.local/lib/python3.12/site-packages/airflow/example_dags/example_display_name.py
[2025-08-11T11:37:05.695+0000] {processor.py:840} INFO - DAG(s) 'example_display_name' retrieved from /home/airflow/.local/lib/python3.12/site-packages/airflow/example_dags/example_display_name.py
[2025-08-11T11:37:05.736+0000] {logging_mixin.py:188} INFO - [2025-08-11T11:37:05.736+0000] {dag.py:3096} INFO - Sync 1 DAGs
[2025-08-11T11:37:05.753+0000] {logging_mixin.py:188} INFO - [2025-08-11T11:37:05.753+0000] {dag.py:3954} INFO - Setting next_dagrun for example_display_name to None, run_after=None
[2025-08-11T11:37:05.778+0000] {processor.py:183} INFO - Processing /home/airflow/.local/lib/python3.12/site-packages/airflow/example_dags/example_display_name.py took 0.102 seconds
[2025-08-11T11:37:36.090+0000] {processor.py:161} INFO - Started process (PID=335) to work on /home/airflow/.local/lib/python3.12/site-packages/airflow/example_dags/example_display_name.py
[2025-08-11T11:37:36.091+0000] {processor.py:830} INFO - Processing file /home/airflow/.local/lib/python3.12/site-packages/airflow/example_dags/example_display_name.py for tasks to queue
[2025-08-11T11:37:36.092+0000] {logging_mixin.py:188} INFO - [2025-08-11T11:37:36.092+0000] {dagbag.py:545} INFO - Filling up the DagBag from /home/airflow/.local/lib/python3.12/site-packages/airflow/example_dags/example_display_name.py
[2025-08-11T11:37:36.096+0000] {processor.py:840} INFO - DAG(s) 'example_display_name' retrieved from /home/airflow/.local/lib/python3.12/site-packages/airflow/example_dags/example_display_name.py
[2025-08-11T11:37:36.110+0000] {logging_mixin.py:188} INFO - [2025-08-11T11:37:36.110+0000] {dag.py:3096} INFO - Sync 1 DAGs
[2025-08-11T11:37:36.119+0000] {logging_mixin.py:188} INFO - [2025-08-11T11:37:36.119+0000] {dag.py:3954} INFO - Setting next_dagrun for example_display_name to None, run_after=None
[2025-08-11T11:37:36.130+0000] {processor.py:183} INFO - Processing /home/airflow/.local/lib/python3.12/site-packages/airflow/example_dags/example_display_name.py took 0.044 seconds
[2025-08-11T11:38:06.497+0000] {processor.py:161} INFO - Started process (PID=392) to work on /home/airflow/.local/lib/python3.12/site-packages/airflow/example_dags/example_display_name.py
[2025-08-11T11:38:06.498+0000] {processor.py:830} INFO - Processing file /home/airflow/.local/lib/python3.12/site-packages/airflow/example_dags/example_display_name.py for tasks to queue
[2025-08-11T11:38:06.499+0000] {logging_mixin.py:188} INFO - [2025-08-11T11:38:06.499+0000] {dagbag.py:545} INFO - Filling up the DagBag from /home/airflow/.local/lib/python3.12/site-packages/airflow/example_dags/example_display_name.py
[2025-08-11T11:38:06.503+0000] {processor.py:840} INFO - DAG(s) 'example_display_name' retrieved from /home/airflow/.local/lib/python3.12/site-packages/airflow/example_dags/example_display_name.py
[2025-08-11T11:38:06.525+0000] {logging_mixin.py:188} INFO - [2025-08-11T11:38:06.524+0000] {dag.py:3096} INFO - Sync 1 DAGs
[2025-08-11T11:38:06.535+0000] {logging_mixin.py:188} INFO - [2025-08-11T11:38:06.535+0000] {dag.py:3954} INFO - Setting next_dagrun for example_display_name to None, run_after=None
[2025-08-11T11:38:06.550+0000] {processor.py:183} INFO - Processing /home/airflow/.local/lib/python3.12/site-packages/airflow/example_dags/example_display_name.py took 0.058 seconds
[2025-08-11T11:38:36.986+0000] {processor.py:161} INFO - Started process (PID=450) to work on /home/airflow/.local/lib/python3.12/site-packages/airflow/example_dags/example_display_name.py
[2025-08-11T11:38:36.987+0000] {processor.py:830} INFO - Processing file /home/airflow/.local/lib/python3.12/site-packages/airflow/example_dags/example_display_name.py for tasks to queue
[2025-08-11T11:38:36.988+0000] {logging_mixin.py:188} INFO - [2025-08-11T11:38:36.988+0000] {dagbag.py:545} INFO - Filling up the DagBag from /home/airflow/.local/lib/python3.12/site-packages/airflow/example_dags/example_display_name.py
[2025-08-11T11:38:36.992+0000] {processor.py:840} INFO - DAG(s) 'example_display_name' retrieved from /home/airflow/.local/lib/python3.12/site-packages/airflow/example_dags/example_display_name.py
[2025-08-11T11:38:37.008+0000] {logging_mixin.py:188} INFO - [2025-08-11T11:38:37.008+0000] {dag.py:3096} INFO - Sync 1 DAGs
[2025-08-11T11:38:37.017+0000] {logging_mixin.py:188} INFO - [2025-08-11T11:38:37.016+0000] {dag.py:3954} INFO - Setting next_dagrun for example_display_name to None, run_after=None
[2025-08-11T11:38:37.027+0000] {processor.py:183} INFO - Processing /home/airflow/.local/lib/python3.12/site-packages/airflow/example_dags/example_display_name.py took 0.046 seconds
[2025-08-11T11:39:07.350+0000] {processor.py:161} INFO - Started process (PID=508) to work on /home/airflow/.local/lib/python3.12/site-packages/airflow/example_dags/example_display_name.py
[2025-08-11T11:39:07.351+0000] {processor.py:830} INFO - Processing file /home/airflow/.local/lib/python3.12/site-packages/airflow/example_dags/example_display_name.py for tasks to queue
[2025-08-11T11:39:07.352+0000] {logging_mixin.py:188} INFO - [2025-08-11T11:39:07.352+0000] {dagbag.py:545} INFO - Filling up the DagBag from /home/airflow/.local/lib/python3.12/site-packages/airflow/example_dags/example_display_name.py
[2025-08-11T11:39:07.356+0000] {processor.py:840} INFO - DAG(s) 'example_display_name' retrieved from /home/airflow/.local/lib/python3.12/site-packages/airflow/example_dags/example_display_name.py
[2025-08-11T11:39:07.367+0000] {logging_mixin.py:188} INFO - [2025-08-11T11:39:07.367+0000] {dag.py:3096} INFO - Sync 1 DAGs
[2025-08-11T11:39:07.375+0000] {logging_mixin.py:188} INFO - [2025-08-11T11:39:07.375+0000] {dag.py:3954} INFO - Setting next_dagrun for example_display_name to None, run_after=None
[2025-08-11T11:39:07.387+0000] {processor.py:183} INFO - Processing /home/airflow/.local/lib/python3.12/site-packages/airflow/example_dags/example_display_name.py took 0.041 seconds
[2025-08-11T11:39:37.669+0000] {processor.py:161} INFO - Started process (PID=566) to work on /home/airflow/.local/lib/python3.12/site-packages/airflow/example_dags/example_display_name.py
[2025-08-11T11:39:37.670+0000] {processor.py:830} INFO - Processing file /home/airflow/.local/lib/python3.12/site-packages/airflow/example_dags/example_display_name.py for tasks to queue
[2025-08-11T11:39:37.671+0000] {logging_mixin.py:188} INFO - [2025-08-11T11:39:37.671+0000] {dagbag.py:545} INFO - Filling up the DagBag from /home/airflow/.local/lib/python3.12/site-packages/airflow/example_dags/example_display_name.py
[2025-08-11T11:39:37.675+0000] {processor.py:840} INFO - DAG(s) 'example_display_name' retrieved from /home/airflow/.local/lib/python3.12/site-packages/airflow/example_dags/example_display_name.py
[2025-08-11T11:39:37.688+0000] {logging_mixin.py:188} INFO - [2025-08-11T11:39:37.688+0000] {dag.py:3096} INFO - Sync 1 DAGs
[2025-08-11T11:39:37.695+0000] {logging_mixin.py:188} INFO - [2025-08-11T11:39:37.695+0000] {dag.py:3954} INFO - Setting next_dagrun for example_display_name to None, run_after=None
[2025-08-11T11:39:37.706+0000] {processor.py:183} INFO - Processing /home/airflow/.local/lib/python3.12/site-packages/airflow/example_dags/example_display_name.py took 0.041 seconds
[2025-08-11T11:40:07.848+0000] {processor.py:161} INFO - Started process (PID=624) to work on /home/airflow/.local/lib/python3.12/site-packages/airflow/example_dags/example_display_name.py
[2025-08-11T11:40:07.850+0000] {processor.py:830} INFO - Processing file /home/airflow/.local/lib/python3.12/site-packages/airflow/example_dags/example_display_name.py for tasks to queue
[2025-08-11T11:40:07.851+0000] {logging_mixin.py:188} INFO - [2025-08-11T11:40:07.851+0000] {dagbag.py:545} INFO - Filling up the DagBag from /home/airflow/.local/lib/python3.12/site-packages/airflow/example_dags/example_display_name.py
[2025-08-11T11:40:07.854+0000] {processor.py:840} INFO - DAG(s) 'example_display_name' retrieved from /home/airflow/.local/lib/python3.12/site-packages/airflow/example_dags/example_display_name.py
[2025-08-11T11:40:07.868+0000] {logging_mixin.py:188} INFO - [2025-08-11T11:40:07.868+0000] {dag.py:3096} INFO - Sync 1 DAGs
[2025-08-11T11:40:07.876+0000] {logging_mixin.py:188} INFO - [2025-08-11T11:40:07.876+0000] {dag.py:3954} INFO - Setting next_dagrun for example_display_name to None, run_after=None
[2025-08-11T11:40:07.886+0000] {processor.py:183} INFO - Processing /home/airflow/.local/lib/python3.12/site-packages/airflow/example_dags/example_display_name.py took 0.042 seconds
[2025-08-11T11:40:38.993+0000] {processor.py:161} INFO - Started process (PID=682) to work on /home/airflow/.local/lib/python3.12/site-packages/airflow/example_dags/example_display_name.py
[2025-08-11T11:40:38.994+0000] {processor.py:830} INFO - Processing file /home/airflow/.local/lib/python3.12/site-packages/airflow/example_dags/example_display_name.py for tasks to queue
[2025-08-11T11:40:38.996+0000] {logging_mixin.py:188} INFO - [2025-08-11T11:40:38.996+0000] {dagbag.py:545} INFO - Filling up the DagBag from /home/airflow/.local/lib/python3.12/site-packages/airflow/example_dags/example_display_name.py
[2025-08-11T11:40:39.001+0000] {processor.py:840} INFO - DAG(s) 'example_display_name' retrieved from /home/airflow/.local/lib/python3.12/site-packages/airflow/example_dags/example_display_name.py
[2025-08-11T11:40:39.020+0000] {logging_mixin.py:188} INFO - [2025-08-11T11:40:39.020+0000] {dag.py:3096} INFO - Sync 1 DAGs
[2025-08-11T11:40:39.030+0000] {logging_mixin.py:188} INFO - [2025-08-11T11:40:39.030+0000] {dag.py:3954} INFO - Setting next_dagrun for example_display_name to None, run_after=None
[2025-08-11T11:40:39.050+0000] {processor.py:183} INFO - Processing /home/airflow/.local/lib/python3.12/site-packages/airflow/example_dags/example_display_name.py took 0.062 seconds
[2025-08-11T11:41:10.040+0000] {processor.py:161} INFO - Started process (PID=740) to work on /home/airflow/.local/lib/python3.12/site-packages/airflow/example_dags/example_display_name.py
[2025-08-11T11:41:10.041+0000] {processor.py:830} INFO - Processing file /home/airflow/.local/lib/python3.12/site-packages/airflow/example_dags/example_display_name.py for tasks to queue
[2025-08-11T11:41:10.042+0000] {logging_mixin.py:188} INFO - [2025-08-11T11:41:10.042+0000] {dagbag.py:545} INFO - Filling up the DagBag from /home/airflow/.local/lib/python3.12/site-packages/airflow/example_dags/example_display_name.py
[2025-08-11T11:41:10.046+0000] {processor.py:840} INFO - DAG(s) 'example_display_name' retrieved from /home/airflow/.local/lib/python3.12/site-packages/airflow/example_dags/example_display_name.py
[2025-08-11T11:41:10.066+0000] {logging_mixin.py:188} INFO - [2025-08-11T11:41:10.066+0000] {dag.py:3096} INFO - Sync 1 DAGs
[2025-08-11T11:41:10.077+0000] {logging_mixin.py:188} INFO - [2025-08-11T11:41:10.077+0000] {dag.py:3954} INFO - Setting next_dagrun for example_display_name to None, run_after=None
[2025-08-11T11:41:10.093+0000] {processor.py:183} INFO - Processing /home/airflow/.local/lib/python3.12/site-packages/airflow/example_dags/example_display_name.py took 0.057 seconds
[2025-08-11T11:41:40.622+0000] {processor.py:161} INFO - Started process (PID=798) to work on /home/airflow/.local/lib/python3.12/site-packages/airflow/example_dags/example_display_name.py
[2025-08-11T11:41:40.623+0000] {processor.py:830} INFO - Processing file /home/airflow/.local/lib/python3.12/site-packages/airflow/example_dags/example_display_name.py for tasks to queue
[2025-08-11T11:41:40.625+0000] {logging_mixin.py:188} INFO - [2025-08-11T11:41:40.625+0000] {dagbag.py:545} INFO - Filling up the DagBag from /home/airflow/.local/lib/python3.12/site-packages/airflow/example_dags/example_display_name.py
[2025-08-11T11:41:40.631+0000] {processor.py:840} INFO - DAG(s) 'example_display_name' retrieved from /home/airflow/.local/lib/python3.12/site-packages/airflow/example_dags/example_display_name.py
[2025-08-11T11:41:40.644+0000] {logging_mixin.py:188} INFO - [2025-08-11T11:41:40.643+0000] {dag.py:3096} INFO - Sync 1 DAGs
[2025-08-11T11:41:40.652+0000] {logging_mixin.py:188} INFO - [2025-08-11T11:41:40.651+0000] {dag.py:3954} INFO - Setting next_dagrun for example_display_name to None, run_after=None
[2025-08-11T11:41:40.664+0000] {processor.py:183} INFO - Processing /home/airflow/.local/lib/python3.12/site-packages/airflow/example_dags/example_display_name.py took 0.046 seconds
[2025-08-11T11:42:11.729+0000] {processor.py:161} INFO - Started process (PID=856) to work on /home/airflow/.local/lib/python3.12/site-packages/airflow/example_dags/example_display_name.py
[2025-08-11T11:42:11.730+0000] {processor.py:830} INFO - Processing file /home/airflow/.local/lib/python3.12/site-packages/airflow/example_dags/example_display_name.py for tasks to queue
[2025-08-11T11:42:11.731+0000] {logging_mixin.py:188} INFO - [2025-08-11T11:42:11.731+0000] {dagbag.py:545} INFO - Filling up the DagBag from /home/airflow/.local/lib/python3.12/site-packages/airflow/example_dags/example_display_name.py
[2025-08-11T11:42:11.735+0000] {processor.py:840} INFO - DAG(s) 'example_display_name' retrieved from /home/airflow/.local/lib/python3.12/site-packages/airflow/example_dags/example_display_name.py
[2025-08-11T11:42:11.753+0000] {logging_mixin.py:188} INFO - [2025-08-11T11:42:11.753+0000] {dag.py:3096} INFO - Sync 1 DAGs
[2025-08-11T11:42:11.760+0000] {logging_mixin.py:188} INFO - [2025-08-11T11:42:11.760+0000] {dag.py:3954} INFO - Setting next_dagrun for example_display_name to None, run_after=None
[2025-08-11T11:42:11.773+0000] {processor.py:183} INFO - Processing /home/airflow/.local/lib/python3.12/site-packages/airflow/example_dags/example_display_name.py took 0.049 seconds
[2025-08-11T11:42:42.651+0000] {processor.py:161} INFO - Started process (PID=914) to work on /home/airflow/.local/lib/python3.12/site-packages/airflow/example_dags/example_display_name.py
[2025-08-11T11:42:42.652+0000] {processor.py:830} INFO - Processing file /home/airflow/.local/lib/python3.12/site-packages/airflow/example_dags/example_display_name.py for tasks to queue
[2025-08-11T11:42:42.653+0000] {logging_mixin.py:188} INFO - [2025-08-11T11:42:42.653+0000] {dagbag.py:545} INFO - Filling up the DagBag from /home/airflow/.local/lib/python3.12/site-packages/airflow/example_dags/example_display_name.py
[2025-08-11T11:42:42.657+0000] {processor.py:840} INFO - DAG(s) 'example_display_name' retrieved from /home/airflow/.local/lib/python3.12/site-packages/airflow/example_dags/example_display_name.py
[2025-08-11T11:42:42.669+0000] {logging_mixin.py:188} INFO - [2025-08-11T11:42:42.669+0000] {dag.py:3096} INFO - Sync 1 DAGs
[2025-08-11T11:42:42.677+0000] {logging_mixin.py:188} INFO - [2025-08-11T11:42:42.676+0000] {dag.py:3954} INFO - Setting next_dagrun for example_display_name to None, run_after=None
[2025-08-11T11:42:42.687+0000] {processor.py:183} INFO - Processing /home/airflow/.local/lib/python3.12/site-packages/airflow/example_dags/example_display_name.py took 0.040 seconds
[2025-08-11T11:43:12.937+0000] {processor.py:161} INFO - Started process (PID=972) to work on /home/airflow/.local/lib/python3.12/site-packages/airflow/example_dags/example_display_name.py
[2025-08-11T11:43:12.938+0000] {processor.py:830} INFO - Processing file /home/airflow/.local/lib/python3.12/site-packages/airflow/example_dags/example_display_name.py for tasks to queue
[2025-08-11T11:43:12.940+0000] {logging_mixin.py:188} INFO - [2025-08-11T11:43:12.939+0000] {dagbag.py:545} INFO - Filling up the DagBag from /home/airflow/.local/lib/python3.12/site-packages/airflow/example_dags/example_display_name.py
[2025-08-11T11:43:12.945+0000] {processor.py:840} INFO - DAG(s) 'example_display_name' retrieved from /home/airflow/.local/lib/python3.12/site-packages/airflow/example_dags/example_display_name.py
[2025-08-11T11:43:12.963+0000] {logging_mixin.py:188} INFO - [2025-08-11T11:43:12.963+0000] {dag.py:3096} INFO - Sync 1 DAGs
[2025-08-11T11:43:12.979+0000] {logging_mixin.py:188} INFO - [2025-08-11T11:43:12.979+0000] {dag.py:3954} INFO - Setting next_dagrun for example_display_name to None, run_after=None
[2025-08-11T11:43:12.994+0000] {processor.py:183} INFO - Processing /home/airflow/.local/lib/python3.12/site-packages/airflow/example_dags/example_display_name.py took 0.062 seconds
[2025-08-11T11:43:43.029+0000] {processor.py:161} INFO - Started process (PID=1029) to work on /home/airflow/.local/lib/python3.12/site-packages/airflow/example_dags/example_display_name.py
[2025-08-11T11:43:43.030+0000] {processor.py:830} INFO - Processing file /home/airflow/.local/lib/python3.12/site-packages/airflow/example_dags/example_display_name.py for tasks to queue
[2025-08-11T11:43:43.031+0000] {logging_mixin.py:188} INFO - [2025-08-11T11:43:43.031+0000] {dagbag.py:545} INFO - Filling up the DagBag from /home/airflow/.local/lib/python3.12/site-packages/airflow/example_dags/example_display_name.py
[2025-08-11T11:43:43.035+0000] {processor.py:840} INFO - DAG(s) 'example_display_name' retrieved from /home/airflow/.local/lib/python3.12/site-packages/airflow/example_dags/example_display_name.py
[2025-08-11T11:43:43.047+0000] {logging_mixin.py:188} INFO - [2025-08-11T11:43:43.047+0000] {dag.py:3096} INFO - Sync 1 DAGs
[2025-08-11T11:43:43.055+0000] {logging_mixin.py:188} INFO - [2025-08-11T11:43:43.055+0000] {dag.py:3954} INFO - Setting next_dagrun for example_display_name to None, run_after=None
[2025-08-11T11:43:43.066+0000] {processor.py:183} INFO - Processing /home/airflow/.local/lib/python3.12/site-packages/airflow/example_dags/example_display_name.py took 0.041 seconds
[2025-08-11T11:44:13.909+0000] {processor.py:161} INFO - Started process (PID=1087) to work on /home/airflow/.local/lib/python3.12/site-packages/airflow/example_dags/example_display_name.py
[2025-08-11T11:44:13.910+0000] {processor.py:830} INFO - Processing file /home/airflow/.local/lib/python3.12/site-packages/airflow/example_dags/example_display_name.py for tasks to queue
[2025-08-11T11:44:13.911+0000] {logging_mixin.py:188} INFO - [2025-08-11T11:44:13.911+0000] {dagbag.py:545} INFO - Filling up the DagBag from /home/airflow/.local/lib/python3.12/site-packages/airflow/example_dags/example_display_name.py
[2025-08-11T11:44:13.915+0000] {processor.py:840} INFO - DAG(s) 'example_display_name' retrieved from /home/airflow/.local/lib/python3.12/site-packages/airflow/example_dags/example_display_name.py
[2025-08-11T11:44:13.926+0000] {logging_mixin.py:188} INFO - [2025-08-11T11:44:13.926+0000] {dag.py:3096} INFO - Sync 1 DAGs
[2025-08-11T11:44:13.933+0000] {logging_mixin.py:188} INFO - [2025-08-11T11:44:13.933+0000] {dag.py:3954} INFO - Setting next_dagrun for example_display_name to None, run_after=None
[2025-08-11T11:44:13.943+0000] {processor.py:183} INFO - Processing /home/airflow/.local/lib/python3.12/site-packages/airflow/example_dags/example_display_name.py took 0.038 seconds
[2025-08-11T11:44:44.431+0000] {processor.py:161} INFO - Started process (PID=1145) to work on /home/airflow/.local/lib/python3.12/site-packages/airflow/example_dags/example_display_name.py
[2025-08-11T11:44:44.432+0000] {processor.py:830} INFO - Processing file /home/airflow/.local/lib/python3.12/site-packages/airflow/example_dags/example_display_name.py for tasks to queue
[2025-08-11T11:44:44.433+0000] {logging_mixin.py:188} INFO - [2025-08-11T11:44:44.433+0000] {dagbag.py:545} INFO - Filling up the DagBag from /home/airflow/.local/lib/python3.12/site-packages/airflow/example_dags/example_display_name.py
[2025-08-11T11:44:44.436+0000] {processor.py:840} INFO - DAG(s) 'example_display_name' retrieved from /home/airflow/.local/lib/python3.12/site-packages/airflow/example_dags/example_display_name.py
[2025-08-11T11:44:44.449+0000] {logging_mixin.py:188} INFO - [2025-08-11T11:44:44.448+0000] {dag.py:3096} INFO - Sync 1 DAGs
[2025-08-11T11:44:44.456+0000] {logging_mixin.py:188} INFO - [2025-08-11T11:44:44.456+0000] {dag.py:3954} INFO - Setting next_dagrun for example_display_name to None, run_after=None
[2025-08-11T11:44:44.466+0000] {processor.py:183} INFO - Processing /home/airflow/.local/lib/python3.12/site-packages/airflow/example_dags/example_display_name.py took 0.039 seconds
[2025-08-11T11:45:14.838+0000] {processor.py:161} INFO - Started process (PID=1203) to work on /home/airflow/.local/lib/python3.12/site-packages/airflow/example_dags/example_display_name.py
[2025-08-11T11:45:14.840+0000] {processor.py:830} INFO - Processing file /home/airflow/.local/lib/python3.12/site-packages/airflow/example_dags/example_display_name.py for tasks to queue
[2025-08-11T11:45:14.841+0000] {logging_mixin.py:188} INFO - [2025-08-11T11:45:14.841+0000] {dagbag.py:545} INFO - Filling up the DagBag from /home/airflow/.local/lib/python3.12/site-packages/airflow/example_dags/example_display_name.py
[2025-08-11T11:45:14.846+0000] {processor.py:840} INFO - DAG(s) 'example_display_name' retrieved from /home/airflow/.local/lib/python3.12/site-packages/airflow/example_dags/example_display_name.py
[2025-08-11T11:45:14.861+0000] {logging_mixin.py:188} INFO - [2025-08-11T11:45:14.861+0000] {dag.py:3096} INFO - Sync 1 DAGs
[2025-08-11T11:45:14.869+0000] {logging_mixin.py:188} INFO - [2025-08-11T11:45:14.869+0000] {dag.py:3954} INFO - Setting next_dagrun for example_display_name to None, run_after=None
[2025-08-11T11:45:14.884+0000] {processor.py:183} INFO - Processing /home/airflow/.local/lib/python3.12/site-packages/airflow/example_dags/example_display_name.py took 0.055 seconds
[2025-08-11T11:45:45.202+0000] {processor.py:161} INFO - Started process (PID=1261) to work on /home/airflow/.local/lib/python3.12/site-packages/airflow/example_dags/example_display_name.py
[2025-08-11T11:45:45.203+0000] {processor.py:830} INFO - Processing file /home/airflow/.local/lib/python3.12/site-packages/airflow/example_dags/example_display_name.py for tasks to queue
[2025-08-11T11:45:45.205+0000] {logging_mixin.py:188} INFO - [2025-08-11T11:45:45.205+0000] {dagbag.py:545} INFO - Filling up the DagBag from /home/airflow/.local/lib/python3.12/site-packages/airflow/example_dags/example_display_name.py
[2025-08-11T11:45:45.209+0000] {processor.py:840} INFO - DAG(s) 'example_display_name' retrieved from /home/airflow/.local/lib/python3.12/site-packages/airflow/example_dags/example_display_name.py
[2025-08-11T11:45:45.222+0000] {logging_mixin.py:188} INFO - [2025-08-11T11:45:45.222+0000] {dag.py:3096} INFO - Sync 1 DAGs
[2025-08-11T11:45:45.230+0000] {logging_mixin.py:188} INFO - [2025-08-11T11:45:45.230+0000] {dag.py:3954} INFO - Setting next_dagrun for example_display_name to None, run_after=None
[2025-08-11T11:45:45.244+0000] {processor.py:183} INFO - Processing /home/airflow/.local/lib/python3.12/site-packages/airflow/example_dags/example_display_name.py took 0.046 seconds
[2025-08-11T11:46:15.442+0000] {processor.py:161} INFO - Started process (PID=1320) to work on /home/airflow/.local/lib/python3.12/site-packages/airflow/example_dags/example_display_name.py
[2025-08-11T11:46:15.443+0000] {processor.py:830} INFO - Processing file /home/airflow/.local/lib/python3.12/site-packages/airflow/example_dags/example_display_name.py for tasks to queue
[2025-08-11T11:46:15.444+0000] {logging_mixin.py:188} INFO - [2025-08-11T11:46:15.443+0000] {dagbag.py:545} INFO - Filling up the DagBag from /home/airflow/.local/lib/python3.12/site-packages/airflow/example_dags/example_display_name.py
[2025-08-11T11:46:15.447+0000] {processor.py:840} INFO - DAG(s) 'example_display_name' retrieved from /home/airflow/.local/lib/python3.12/site-packages/airflow/example_dags/example_display_name.py
[2025-08-11T11:46:15.459+0000] {logging_mixin.py:188} INFO - [2025-08-11T11:46:15.459+0000] {dag.py:3096} INFO - Sync 1 DAGs
[2025-08-11T11:46:15.466+0000] {logging_mixin.py:188} INFO - [2025-08-11T11:46:15.466+0000] {dag.py:3954} INFO - Setting next_dagrun for example_display_name to None, run_after=None
[2025-08-11T11:46:15.476+0000] {processor.py:183} INFO - Processing /home/airflow/.local/lib/python3.12/site-packages/airflow/example_dags/example_display_name.py took 0.038 seconds
