[2025-08-11T11:35:34.265+0000] {processor.py:161} INFO - Started process (PID=100) to work on /home/airflow/.local/lib/python3.12/site-packages/airflow/example_dags/example_bash_operator.py
[2025-08-11T11:35:34.266+0000] {processor.py:830} INFO - Processing file /home/airflow/.local/lib/python3.12/site-packages/airflow/example_dags/example_bash_operator.py for tasks to queue
[2025-08-11T11:35:34.267+0000] {logging_mixin.py:188} INFO - [2025-08-11T11:35:34.267+0000] {dagbag.py:545} INFO - Filling up the DagBag from /home/airflow/.local/lib/python3.12/site-packages/airflow/example_dags/example_bash_operator.py
[2025-08-11T11:35:34.276+0000] {processor.py:840} INFO - DAG(s) 'example_bash_operator' retrieved from /home/airflow/.local/lib/python3.12/site-packages/airflow/example_dags/example_bash_operator.py
[2025-08-11T11:35:34.358+0000] {logging_mixin.py:188} INFO - [2025-08-11T11:35:34.357+0000] {override.py:1829} INFO - Created Permission View: can read on DAG:example_bash_operator
[2025-08-11T11:35:34.365+0000] {logging_mixin.py:188} INFO - [2025-08-11T11:35:34.365+0000] {override.py:1829} INFO - Created Permission View: can delete on DAG:example_bash_operator
[2025-08-11T11:35:34.372+0000] {logging_mixin.py:188} INFO - [2025-08-11T11:35:34.372+0000] {override.py:1829} INFO - Created Permission View: can edit on DAG:example_bash_operator
[2025-08-11T11:35:34.373+0000] {logging_mixin.py:188} INFO - [2025-08-11T11:35:34.372+0000] {dag.py:3096} INFO - Sync 1 DAGs
[2025-08-11T11:35:34.380+0000] {logging_mixin.py:188} INFO - [2025-08-11T11:35:34.380+0000] {dag.py:3118} INFO - Creating ORM DAG for example_bash_operator
[2025-08-11T11:35:34.389+0000] {logging_mixin.py:188} INFO - [2025-08-11T11:35:34.389+0000] {dag.py:3954} INFO - Setting next_dagrun for example_bash_operator to 2025-08-10 00:00:00+00:00, run_after=2025-08-11 00:00:00+00:00
[2025-08-11T11:35:34.400+0000] {processor.py:183} INFO - Processing /home/airflow/.local/lib/python3.12/site-packages/airflow/example_dags/example_bash_operator.py took 0.139 seconds
[2025-08-11T11:36:04.901+0000] {processor.py:161} INFO - Started process (PID=158) to work on /home/airflow/.local/lib/python3.12/site-packages/airflow/example_dags/example_bash_operator.py
[2025-08-11T11:36:04.902+0000] {processor.py:830} INFO - Processing file /home/airflow/.local/lib/python3.12/site-packages/airflow/example_dags/example_bash_operator.py for tasks to queue
[2025-08-11T11:36:04.905+0000] {logging_mixin.py:188} INFO - [2025-08-11T11:36:04.904+0000] {dagbag.py:545} INFO - Filling up the DagBag from /home/airflow/.local/lib/python3.12/site-packages/airflow/example_dags/example_bash_operator.py
[2025-08-11T11:36:04.917+0000] {processor.py:840} INFO - DAG(s) 'example_bash_operator' retrieved from /home/airflow/.local/lib/python3.12/site-packages/airflow/example_dags/example_bash_operator.py
[2025-08-11T11:36:04.950+0000] {logging_mixin.py:188} INFO - [2025-08-11T11:36:04.949+0000] {dag.py:3096} INFO - Sync 1 DAGs
[2025-08-11T11:36:04.978+0000] {logging_mixin.py:188} INFO - [2025-08-11T11:36:04.977+0000] {dag.py:3954} INFO - Setting next_dagrun for example_bash_operator to 2025-08-10 00:00:00+00:00, run_after=2025-08-11 00:00:00+00:00
[2025-08-11T11:36:04.997+0000] {processor.py:183} INFO - Processing /home/airflow/.local/lib/python3.12/site-packages/airflow/example_dags/example_bash_operator.py took 0.102 seconds
[2025-08-11T11:36:35.145+0000] {processor.py:161} INFO - Started process (PID=216) to work on /home/airflow/.local/lib/python3.12/site-packages/airflow/example_dags/example_bash_operator.py
[2025-08-11T11:36:35.147+0000] {processor.py:830} INFO - Processing file /home/airflow/.local/lib/python3.12/site-packages/airflow/example_dags/example_bash_operator.py for tasks to queue
[2025-08-11T11:36:35.149+0000] {logging_mixin.py:188} INFO - [2025-08-11T11:36:35.149+0000] {dagbag.py:545} INFO - Filling up the DagBag from /home/airflow/.local/lib/python3.12/site-packages/airflow/example_dags/example_bash_operator.py
[2025-08-11T11:36:35.160+0000] {processor.py:840} INFO - DAG(s) 'example_bash_operator' retrieved from /home/airflow/.local/lib/python3.12/site-packages/airflow/example_dags/example_bash_operator.py
[2025-08-11T11:36:35.180+0000] {logging_mixin.py:188} INFO - [2025-08-11T11:36:35.180+0000] {dag.py:3096} INFO - Sync 1 DAGs
[2025-08-11T11:36:35.196+0000] {logging_mixin.py:188} INFO - [2025-08-11T11:36:35.196+0000] {dag.py:3954} INFO - Setting next_dagrun for example_bash_operator to 2025-08-10 00:00:00+00:00, run_after=2025-08-11 00:00:00+00:00
[2025-08-11T11:36:35.208+0000] {processor.py:183} INFO - Processing /home/airflow/.local/lib/python3.12/site-packages/airflow/example_dags/example_bash_operator.py took 0.068 seconds
[2025-08-11T11:37:05.515+0000] {processor.py:161} INFO - Started process (PID=274) to work on /home/airflow/.local/lib/python3.12/site-packages/airflow/example_dags/example_bash_operator.py
[2025-08-11T11:37:05.517+0000] {processor.py:830} INFO - Processing file /home/airflow/.local/lib/python3.12/site-packages/airflow/example_dags/example_bash_operator.py for tasks to queue
[2025-08-11T11:37:05.519+0000] {logging_mixin.py:188} INFO - [2025-08-11T11:37:05.518+0000] {dagbag.py:545} INFO - Filling up the DagBag from /home/airflow/.local/lib/python3.12/site-packages/airflow/example_dags/example_bash_operator.py
[2025-08-11T11:37:05.532+0000] {processor.py:840} INFO - DAG(s) 'example_bash_operator' retrieved from /home/airflow/.local/lib/python3.12/site-packages/airflow/example_dags/example_bash_operator.py
[2025-08-11T11:37:05.562+0000] {logging_mixin.py:188} INFO - [2025-08-11T11:37:05.562+0000] {dag.py:3096} INFO - Sync 1 DAGs
[2025-08-11T11:37:05.584+0000] {logging_mixin.py:188} INFO - [2025-08-11T11:37:05.583+0000] {dag.py:3954} INFO - Setting next_dagrun for example_bash_operator to 2025-08-10 00:00:00+00:00, run_after=2025-08-11 00:00:00+00:00
[2025-08-11T11:37:05.597+0000] {processor.py:183} INFO - Processing /home/airflow/.local/lib/python3.12/site-packages/airflow/example_dags/example_bash_operator.py took 0.091 seconds
[2025-08-11T11:37:35.952+0000] {processor.py:161} INFO - Started process (PID=332) to work on /home/airflow/.local/lib/python3.12/site-packages/airflow/example_dags/example_bash_operator.py
[2025-08-11T11:37:35.955+0000] {processor.py:830} INFO - Processing file /home/airflow/.local/lib/python3.12/site-packages/airflow/example_dags/example_bash_operator.py for tasks to queue
[2025-08-11T11:37:35.956+0000] {logging_mixin.py:188} INFO - [2025-08-11T11:37:35.956+0000] {dagbag.py:545} INFO - Filling up the DagBag from /home/airflow/.local/lib/python3.12/site-packages/airflow/example_dags/example_bash_operator.py
[2025-08-11T11:37:35.964+0000] {processor.py:840} INFO - DAG(s) 'example_bash_operator' retrieved from /home/airflow/.local/lib/python3.12/site-packages/airflow/example_dags/example_bash_operator.py
[2025-08-11T11:37:35.984+0000] {logging_mixin.py:188} INFO - [2025-08-11T11:37:35.984+0000] {dag.py:3096} INFO - Sync 1 DAGs
[2025-08-11T11:37:36.001+0000] {logging_mixin.py:188} INFO - [2025-08-11T11:37:36.001+0000] {dag.py:3954} INFO - Setting next_dagrun for example_bash_operator to 2025-08-10 00:00:00+00:00, run_after=2025-08-11 00:00:00+00:00
[2025-08-11T11:37:36.015+0000] {processor.py:183} INFO - Processing /home/airflow/.local/lib/python3.12/site-packages/airflow/example_dags/example_bash_operator.py took 0.067 seconds
[2025-08-11T11:38:06.338+0000] {processor.py:161} INFO - Started process (PID=389) to work on /home/airflow/.local/lib/python3.12/site-packages/airflow/example_dags/example_bash_operator.py
[2025-08-11T11:38:06.339+0000] {processor.py:830} INFO - Processing file /home/airflow/.local/lib/python3.12/site-packages/airflow/example_dags/example_bash_operator.py for tasks to queue
[2025-08-11T11:38:06.340+0000] {logging_mixin.py:188} INFO - [2025-08-11T11:38:06.339+0000] {dagbag.py:545} INFO - Filling up the DagBag from /home/airflow/.local/lib/python3.12/site-packages/airflow/example_dags/example_bash_operator.py
[2025-08-11T11:38:06.348+0000] {processor.py:840} INFO - DAG(s) 'example_bash_operator' retrieved from /home/airflow/.local/lib/python3.12/site-packages/airflow/example_dags/example_bash_operator.py
[2025-08-11T11:38:06.373+0000] {logging_mixin.py:188} INFO - [2025-08-11T11:38:06.372+0000] {dag.py:3096} INFO - Sync 1 DAGs
[2025-08-11T11:38:06.399+0000] {logging_mixin.py:188} INFO - [2025-08-11T11:38:06.399+0000] {dag.py:3954} INFO - Setting next_dagrun for example_bash_operator to 2025-08-10 00:00:00+00:00, run_after=2025-08-11 00:00:00+00:00
[2025-08-11T11:38:06.414+0000] {processor.py:183} INFO - Processing /home/airflow/.local/lib/python3.12/site-packages/airflow/example_dags/example_bash_operator.py took 0.081 seconds
[2025-08-11T11:38:36.827+0000] {processor.py:161} INFO - Started process (PID=447) to work on /home/airflow/.local/lib/python3.12/site-packages/airflow/example_dags/example_bash_operator.py
[2025-08-11T11:38:36.828+0000] {processor.py:830} INFO - Processing file /home/airflow/.local/lib/python3.12/site-packages/airflow/example_dags/example_bash_operator.py for tasks to queue
[2025-08-11T11:38:36.833+0000] {logging_mixin.py:188} INFO - [2025-08-11T11:38:36.832+0000] {dagbag.py:545} INFO - Filling up the DagBag from /home/airflow/.local/lib/python3.12/site-packages/airflow/example_dags/example_bash_operator.py
[2025-08-11T11:38:36.844+0000] {processor.py:840} INFO - DAG(s) 'example_bash_operator' retrieved from /home/airflow/.local/lib/python3.12/site-packages/airflow/example_dags/example_bash_operator.py
[2025-08-11T11:38:36.863+0000] {logging_mixin.py:188} INFO - [2025-08-11T11:38:36.863+0000] {dag.py:3096} INFO - Sync 1 DAGs
[2025-08-11T11:38:36.880+0000] {logging_mixin.py:188} INFO - [2025-08-11T11:38:36.880+0000] {dag.py:3954} INFO - Setting next_dagrun for example_bash_operator to 2025-08-10 00:00:00+00:00, run_after=2025-08-11 00:00:00+00:00
[2025-08-11T11:38:36.892+0000] {processor.py:183} INFO - Processing /home/airflow/.local/lib/python3.12/site-packages/airflow/example_dags/example_bash_operator.py took 0.070 seconds
[2025-08-11T11:39:07.229+0000] {processor.py:161} INFO - Started process (PID=505) to work on /home/airflow/.local/lib/python3.12/site-packages/airflow/example_dags/example_bash_operator.py
[2025-08-11T11:39:07.233+0000] {processor.py:830} INFO - Processing file /home/airflow/.local/lib/python3.12/site-packages/airflow/example_dags/example_bash_operator.py for tasks to queue
[2025-08-11T11:39:07.234+0000] {logging_mixin.py:188} INFO - [2025-08-11T11:39:07.234+0000] {dagbag.py:545} INFO - Filling up the DagBag from /home/airflow/.local/lib/python3.12/site-packages/airflow/example_dags/example_bash_operator.py
[2025-08-11T11:39:07.241+0000] {processor.py:840} INFO - DAG(s) 'example_bash_operator' retrieved from /home/airflow/.local/lib/python3.12/site-packages/airflow/example_dags/example_bash_operator.py
[2025-08-11T11:39:07.257+0000] {logging_mixin.py:188} INFO - [2025-08-11T11:39:07.257+0000] {dag.py:3096} INFO - Sync 1 DAGs
[2025-08-11T11:39:07.272+0000] {logging_mixin.py:188} INFO - [2025-08-11T11:39:07.272+0000] {dag.py:3954} INFO - Setting next_dagrun for example_bash_operator to 2025-08-10 00:00:00+00:00, run_after=2025-08-11 00:00:00+00:00
[2025-08-11T11:39:07.282+0000] {processor.py:183} INFO - Processing /home/airflow/.local/lib/python3.12/site-packages/airflow/example_dags/example_bash_operator.py took 0.056 seconds
[2025-08-11T11:39:37.554+0000] {processor.py:161} INFO - Started process (PID=563) to work on /home/airflow/.local/lib/python3.12/site-packages/airflow/example_dags/example_bash_operator.py
[2025-08-11T11:39:37.558+0000] {processor.py:830} INFO - Processing file /home/airflow/.local/lib/python3.12/site-packages/airflow/example_dags/example_bash_operator.py for tasks to queue
[2025-08-11T11:39:37.559+0000] {logging_mixin.py:188} INFO - [2025-08-11T11:39:37.559+0000] {dagbag.py:545} INFO - Filling up the DagBag from /home/airflow/.local/lib/python3.12/site-packages/airflow/example_dags/example_bash_operator.py
[2025-08-11T11:39:37.567+0000] {processor.py:840} INFO - DAG(s) 'example_bash_operator' retrieved from /home/airflow/.local/lib/python3.12/site-packages/airflow/example_dags/example_bash_operator.py
[2025-08-11T11:39:37.584+0000] {logging_mixin.py:188} INFO - [2025-08-11T11:39:37.584+0000] {dag.py:3096} INFO - Sync 1 DAGs
[2025-08-11T11:39:37.599+0000] {logging_mixin.py:188} INFO - [2025-08-11T11:39:37.599+0000] {dag.py:3954} INFO - Setting next_dagrun for example_bash_operator to 2025-08-10 00:00:00+00:00, run_after=2025-08-11 00:00:00+00:00
[2025-08-11T11:39:37.609+0000] {processor.py:183} INFO - Processing /home/airflow/.local/lib/python3.12/site-packages/airflow/example_dags/example_bash_operator.py took 0.059 seconds
[2025-08-11T11:40:07.755+0000] {processor.py:161} INFO - Started process (PID=621) to work on /home/airflow/.local/lib/python3.12/site-packages/airflow/example_dags/example_bash_operator.py
[2025-08-11T11:40:07.756+0000] {processor.py:830} INFO - Processing file /home/airflow/.local/lib/python3.12/site-packages/airflow/example_dags/example_bash_operator.py for tasks to queue
[2025-08-11T11:40:07.757+0000] {logging_mixin.py:188} INFO - [2025-08-11T11:40:07.757+0000] {dagbag.py:545} INFO - Filling up the DagBag from /home/airflow/.local/lib/python3.12/site-packages/airflow/example_dags/example_bash_operator.py
[2025-08-11T11:40:07.764+0000] {processor.py:840} INFO - DAG(s) 'example_bash_operator' retrieved from /home/airflow/.local/lib/python3.12/site-packages/airflow/example_dags/example_bash_operator.py
[2025-08-11T11:40:07.784+0000] {logging_mixin.py:188} INFO - [2025-08-11T11:40:07.783+0000] {dag.py:3096} INFO - Sync 1 DAGs
[2025-08-11T11:40:07.798+0000] {logging_mixin.py:188} INFO - [2025-08-11T11:40:07.798+0000] {dag.py:3954} INFO - Setting next_dagrun for example_bash_operator to 2025-08-10 00:00:00+00:00, run_after=2025-08-11 00:00:00+00:00
[2025-08-11T11:40:07.808+0000] {processor.py:183} INFO - Processing /home/airflow/.local/lib/python3.12/site-packages/airflow/example_dags/example_bash_operator.py took 0.058 seconds
[2025-08-11T11:40:38.870+0000] {processor.py:161} INFO - Started process (PID=679) to work on /home/airflow/.local/lib/python3.12/site-packages/airflow/example_dags/example_bash_operator.py
[2025-08-11T11:40:38.871+0000] {processor.py:830} INFO - Processing file /home/airflow/.local/lib/python3.12/site-packages/airflow/example_dags/example_bash_operator.py for tasks to queue
[2025-08-11T11:40:38.872+0000] {logging_mixin.py:188} INFO - [2025-08-11T11:40:38.872+0000] {dagbag.py:545} INFO - Filling up the DagBag from /home/airflow/.local/lib/python3.12/site-packages/airflow/example_dags/example_bash_operator.py
[2025-08-11T11:40:38.880+0000] {processor.py:840} INFO - DAG(s) 'example_bash_operator' retrieved from /home/airflow/.local/lib/python3.12/site-packages/airflow/example_dags/example_bash_operator.py
[2025-08-11T11:40:38.897+0000] {logging_mixin.py:188} INFO - [2025-08-11T11:40:38.897+0000] {dag.py:3096} INFO - Sync 1 DAGs
[2025-08-11T11:40:38.911+0000] {logging_mixin.py:188} INFO - [2025-08-11T11:40:38.911+0000] {dag.py:3954} INFO - Setting next_dagrun for example_bash_operator to 2025-08-10 00:00:00+00:00, run_after=2025-08-11 00:00:00+00:00
[2025-08-11T11:40:38.925+0000] {processor.py:183} INFO - Processing /home/airflow/.local/lib/python3.12/site-packages/airflow/example_dags/example_bash_operator.py took 0.059 seconds
[2025-08-11T11:41:09.912+0000] {processor.py:161} INFO - Started process (PID=737) to work on /home/airflow/.local/lib/python3.12/site-packages/airflow/example_dags/example_bash_operator.py
[2025-08-11T11:41:09.913+0000] {processor.py:830} INFO - Processing file /home/airflow/.local/lib/python3.12/site-packages/airflow/example_dags/example_bash_operator.py for tasks to queue
[2025-08-11T11:41:09.915+0000] {logging_mixin.py:188} INFO - [2025-08-11T11:41:09.914+0000] {dagbag.py:545} INFO - Filling up the DagBag from /home/airflow/.local/lib/python3.12/site-packages/airflow/example_dags/example_bash_operator.py
[2025-08-11T11:41:09.925+0000] {processor.py:840} INFO - DAG(s) 'example_bash_operator' retrieved from /home/airflow/.local/lib/python3.12/site-packages/airflow/example_dags/example_bash_operator.py
[2025-08-11T11:41:09.945+0000] {logging_mixin.py:188} INFO - [2025-08-11T11:41:09.945+0000] {dag.py:3096} INFO - Sync 1 DAGs
[2025-08-11T11:41:09.961+0000] {logging_mixin.py:188} INFO - [2025-08-11T11:41:09.961+0000] {dag.py:3954} INFO - Setting next_dagrun for example_bash_operator to 2025-08-10 00:00:00+00:00, run_after=2025-08-11 00:00:00+00:00
[2025-08-11T11:41:09.980+0000] {processor.py:183} INFO - Processing /home/airflow/.local/lib/python3.12/site-packages/airflow/example_dags/example_bash_operator.py took 0.071 seconds
[2025-08-11T11:41:40.499+0000] {processor.py:161} INFO - Started process (PID=795) to work on /home/airflow/.local/lib/python3.12/site-packages/airflow/example_dags/example_bash_operator.py
[2025-08-11T11:41:40.500+0000] {processor.py:830} INFO - Processing file /home/airflow/.local/lib/python3.12/site-packages/airflow/example_dags/example_bash_operator.py for tasks to queue
[2025-08-11T11:41:40.502+0000] {logging_mixin.py:188} INFO - [2025-08-11T11:41:40.502+0000] {dagbag.py:545} INFO - Filling up the DagBag from /home/airflow/.local/lib/python3.12/site-packages/airflow/example_dags/example_bash_operator.py
[2025-08-11T11:41:40.509+0000] {processor.py:840} INFO - DAG(s) 'example_bash_operator' retrieved from /home/airflow/.local/lib/python3.12/site-packages/airflow/example_dags/example_bash_operator.py
[2025-08-11T11:41:40.526+0000] {logging_mixin.py:188} INFO - [2025-08-11T11:41:40.525+0000] {dag.py:3096} INFO - Sync 1 DAGs
[2025-08-11T11:41:40.539+0000] {logging_mixin.py:188} INFO - [2025-08-11T11:41:40.539+0000] {dag.py:3954} INFO - Setting next_dagrun for example_bash_operator to 2025-08-10 00:00:00+00:00, run_after=2025-08-11 00:00:00+00:00
[2025-08-11T11:41:40.552+0000] {processor.py:183} INFO - Processing /home/airflow/.local/lib/python3.12/site-packages/airflow/example_dags/example_bash_operator.py took 0.056 seconds
[2025-08-11T11:42:11.633+0000] {processor.py:161} INFO - Started process (PID=853) to work on /home/airflow/.local/lib/python3.12/site-packages/airflow/example_dags/example_bash_operator.py
[2025-08-11T11:42:11.634+0000] {processor.py:830} INFO - Processing file /home/airflow/.local/lib/python3.12/site-packages/airflow/example_dags/example_bash_operator.py for tasks to queue
[2025-08-11T11:42:11.635+0000] {logging_mixin.py:188} INFO - [2025-08-11T11:42:11.635+0000] {dagbag.py:545} INFO - Filling up the DagBag from /home/airflow/.local/lib/python3.12/site-packages/airflow/example_dags/example_bash_operator.py
[2025-08-11T11:42:11.643+0000] {processor.py:840} INFO - DAG(s) 'example_bash_operator' retrieved from /home/airflow/.local/lib/python3.12/site-packages/airflow/example_dags/example_bash_operator.py
[2025-08-11T11:42:11.661+0000] {logging_mixin.py:188} INFO - [2025-08-11T11:42:11.661+0000] {dag.py:3096} INFO - Sync 1 DAGs
[2025-08-11T11:42:11.679+0000] {logging_mixin.py:188} INFO - [2025-08-11T11:42:11.679+0000] {dag.py:3954} INFO - Setting next_dagrun for example_bash_operator to 2025-08-10 00:00:00+00:00, run_after=2025-08-11 00:00:00+00:00
[2025-08-11T11:42:11.692+0000] {processor.py:183} INFO - Processing /home/airflow/.local/lib/python3.12/site-packages/airflow/example_dags/example_bash_operator.py took 0.063 seconds
[2025-08-11T11:42:42.508+0000] {processor.py:161} INFO - Started process (PID=911) to work on /home/airflow/.local/lib/python3.12/site-packages/airflow/example_dags/example_bash_operator.py
[2025-08-11T11:42:42.511+0000] {processor.py:830} INFO - Processing file /home/airflow/.local/lib/python3.12/site-packages/airflow/example_dags/example_bash_operator.py for tasks to queue
[2025-08-11T11:42:42.519+0000] {logging_mixin.py:188} INFO - [2025-08-11T11:42:42.518+0000] {dagbag.py:545} INFO - Filling up the DagBag from /home/airflow/.local/lib/python3.12/site-packages/airflow/example_dags/example_bash_operator.py
[2025-08-11T11:42:42.555+0000] {processor.py:840} INFO - DAG(s) 'example_bash_operator' retrieved from /home/airflow/.local/lib/python3.12/site-packages/airflow/example_dags/example_bash_operator.py
[2025-08-11T11:42:42.579+0000] {logging_mixin.py:188} INFO - [2025-08-11T11:42:42.579+0000] {dag.py:3096} INFO - Sync 1 DAGs
[2025-08-11T11:42:42.597+0000] {logging_mixin.py:188} INFO - [2025-08-11T11:42:42.597+0000] {dag.py:3954} INFO - Setting next_dagrun for example_bash_operator to 2025-08-10 00:00:00+00:00, run_after=2025-08-11 00:00:00+00:00
[2025-08-11T11:42:42.617+0000] {processor.py:183} INFO - Processing /home/airflow/.local/lib/python3.12/site-packages/airflow/example_dags/example_bash_operator.py took 0.127 seconds
[2025-08-11T11:43:12.708+0000] {processor.py:161} INFO - Started process (PID=969) to work on /home/airflow/.local/lib/python3.12/site-packages/airflow/example_dags/example_bash_operator.py
[2025-08-11T11:43:12.708+0000] {processor.py:830} INFO - Processing file /home/airflow/.local/lib/python3.12/site-packages/airflow/example_dags/example_bash_operator.py for tasks to queue
[2025-08-11T11:43:12.710+0000] {logging_mixin.py:188} INFO - [2025-08-11T11:43:12.710+0000] {dagbag.py:545} INFO - Filling up the DagBag from /home/airflow/.local/lib/python3.12/site-packages/airflow/example_dags/example_bash_operator.py
[2025-08-11T11:43:12.720+0000] {processor.py:840} INFO - DAG(s) 'example_bash_operator' retrieved from /home/airflow/.local/lib/python3.12/site-packages/airflow/example_dags/example_bash_operator.py
[2025-08-11T11:43:12.738+0000] {logging_mixin.py:188} INFO - [2025-08-11T11:43:12.738+0000] {dag.py:3096} INFO - Sync 1 DAGs
[2025-08-11T11:43:12.756+0000] {logging_mixin.py:188} INFO - [2025-08-11T11:43:12.756+0000] {dag.py:3954} INFO - Setting next_dagrun for example_bash_operator to 2025-08-10 00:00:00+00:00, run_after=2025-08-11 00:00:00+00:00
[2025-08-11T11:43:12.769+0000] {processor.py:183} INFO - Processing /home/airflow/.local/lib/python3.12/site-packages/airflow/example_dags/example_bash_operator.py took 0.066 seconds
[2025-08-11T11:43:42.839+0000] {processor.py:161} INFO - Started process (PID=1026) to work on /home/airflow/.local/lib/python3.12/site-packages/airflow/example_dags/example_bash_operator.py
[2025-08-11T11:43:42.840+0000] {processor.py:830} INFO - Processing file /home/airflow/.local/lib/python3.12/site-packages/airflow/example_dags/example_bash_operator.py for tasks to queue
[2025-08-11T11:43:42.841+0000] {logging_mixin.py:188} INFO - [2025-08-11T11:43:42.841+0000] {dagbag.py:545} INFO - Filling up the DagBag from /home/airflow/.local/lib/python3.12/site-packages/airflow/example_dags/example_bash_operator.py
[2025-08-11T11:43:42.849+0000] {processor.py:840} INFO - DAG(s) 'example_bash_operator' retrieved from /home/airflow/.local/lib/python3.12/site-packages/airflow/example_dags/example_bash_operator.py
[2025-08-11T11:43:42.868+0000] {logging_mixin.py:188} INFO - [2025-08-11T11:43:42.868+0000] {dag.py:3096} INFO - Sync 1 DAGs
[2025-08-11T11:43:42.881+0000] {logging_mixin.py:188} INFO - [2025-08-11T11:43:42.881+0000] {dag.py:3954} INFO - Setting next_dagrun for example_bash_operator to 2025-08-10 00:00:00+00:00, run_after=2025-08-11 00:00:00+00:00
[2025-08-11T11:43:42.892+0000] {processor.py:183} INFO - Processing /home/airflow/.local/lib/python3.12/site-packages/airflow/example_dags/example_bash_operator.py took 0.058 seconds
[2025-08-11T11:44:13.783+0000] {processor.py:161} INFO - Started process (PID=1084) to work on /home/airflow/.local/lib/python3.12/site-packages/airflow/example_dags/example_bash_operator.py
[2025-08-11T11:44:13.785+0000] {processor.py:830} INFO - Processing file /home/airflow/.local/lib/python3.12/site-packages/airflow/example_dags/example_bash_operator.py for tasks to queue
[2025-08-11T11:44:13.786+0000] {logging_mixin.py:188} INFO - [2025-08-11T11:44:13.786+0000] {dagbag.py:545} INFO - Filling up the DagBag from /home/airflow/.local/lib/python3.12/site-packages/airflow/example_dags/example_bash_operator.py
[2025-08-11T11:44:13.794+0000] {processor.py:840} INFO - DAG(s) 'example_bash_operator' retrieved from /home/airflow/.local/lib/python3.12/site-packages/airflow/example_dags/example_bash_operator.py
[2025-08-11T11:44:13.814+0000] {logging_mixin.py:188} INFO - [2025-08-11T11:44:13.814+0000] {dag.py:3096} INFO - Sync 1 DAGs
[2025-08-11T11:44:13.829+0000] {logging_mixin.py:188} INFO - [2025-08-11T11:44:13.829+0000] {dag.py:3954} INFO - Setting next_dagrun for example_bash_operator to 2025-08-10 00:00:00+00:00, run_after=2025-08-11 00:00:00+00:00
[2025-08-11T11:44:13.843+0000] {processor.py:183} INFO - Processing /home/airflow/.local/lib/python3.12/site-packages/airflow/example_dags/example_bash_operator.py took 0.064 seconds
[2025-08-11T11:44:44.309+0000] {processor.py:161} INFO - Started process (PID=1142) to work on /home/airflow/.local/lib/python3.12/site-packages/airflow/example_dags/example_bash_operator.py
[2025-08-11T11:44:44.310+0000] {processor.py:830} INFO - Processing file /home/airflow/.local/lib/python3.12/site-packages/airflow/example_dags/example_bash_operator.py for tasks to queue
[2025-08-11T11:44:44.311+0000] {logging_mixin.py:188} INFO - [2025-08-11T11:44:44.311+0000] {dagbag.py:545} INFO - Filling up the DagBag from /home/airflow/.local/lib/python3.12/site-packages/airflow/example_dags/example_bash_operator.py
[2025-08-11T11:44:44.319+0000] {processor.py:840} INFO - DAG(s) 'example_bash_operator' retrieved from /home/airflow/.local/lib/python3.12/site-packages/airflow/example_dags/example_bash_operator.py
[2025-08-11T11:44:44.341+0000] {logging_mixin.py:188} INFO - [2025-08-11T11:44:44.341+0000] {dag.py:3096} INFO - Sync 1 DAGs
[2025-08-11T11:44:44.356+0000] {logging_mixin.py:188} INFO - [2025-08-11T11:44:44.356+0000] {dag.py:3954} INFO - Setting next_dagrun for example_bash_operator to 2025-08-10 00:00:00+00:00, run_after=2025-08-11 00:00:00+00:00
[2025-08-11T11:44:44.371+0000] {processor.py:183} INFO - Processing /home/airflow/.local/lib/python3.12/site-packages/airflow/example_dags/example_bash_operator.py took 0.066 seconds
[2025-08-11T11:45:14.741+0000] {processor.py:161} INFO - Started process (PID=1200) to work on /home/airflow/.local/lib/python3.12/site-packages/airflow/example_dags/example_bash_operator.py
[2025-08-11T11:45:14.742+0000] {processor.py:830} INFO - Processing file /home/airflow/.local/lib/python3.12/site-packages/airflow/example_dags/example_bash_operator.py for tasks to queue
[2025-08-11T11:45:14.743+0000] {logging_mixin.py:188} INFO - [2025-08-11T11:45:14.743+0000] {dagbag.py:545} INFO - Filling up the DagBag from /home/airflow/.local/lib/python3.12/site-packages/airflow/example_dags/example_bash_operator.py
[2025-08-11T11:45:14.751+0000] {processor.py:840} INFO - DAG(s) 'example_bash_operator' retrieved from /home/airflow/.local/lib/python3.12/site-packages/airflow/example_dags/example_bash_operator.py
[2025-08-11T11:45:14.771+0000] {logging_mixin.py:188} INFO - [2025-08-11T11:45:14.771+0000] {dag.py:3096} INFO - Sync 1 DAGs
[2025-08-11T11:45:14.788+0000] {logging_mixin.py:188} INFO - [2025-08-11T11:45:14.788+0000] {dag.py:3954} INFO - Setting next_dagrun for example_bash_operator to 2025-08-10 00:00:00+00:00, run_after=2025-08-11 00:00:00+00:00
[2025-08-11T11:45:14.802+0000] {processor.py:183} INFO - Processing /home/airflow/.local/lib/python3.12/site-packages/airflow/example_dags/example_bash_operator.py took 0.066 seconds
[2025-08-11T11:45:45.066+0000] {processor.py:161} INFO - Started process (PID=1258) to work on /home/airflow/.local/lib/python3.12/site-packages/airflow/example_dags/example_bash_operator.py
[2025-08-11T11:45:45.067+0000] {processor.py:830} INFO - Processing file /home/airflow/.local/lib/python3.12/site-packages/airflow/example_dags/example_bash_operator.py for tasks to queue
[2025-08-11T11:45:45.069+0000] {logging_mixin.py:188} INFO - [2025-08-11T11:45:45.069+0000] {dagbag.py:545} INFO - Filling up the DagBag from /home/airflow/.local/lib/python3.12/site-packages/airflow/example_dags/example_bash_operator.py
[2025-08-11T11:45:45.077+0000] {processor.py:840} INFO - DAG(s) 'example_bash_operator' retrieved from /home/airflow/.local/lib/python3.12/site-packages/airflow/example_dags/example_bash_operator.py
[2025-08-11T11:45:45.096+0000] {logging_mixin.py:188} INFO - [2025-08-11T11:45:45.096+0000] {dag.py:3096} INFO - Sync 1 DAGs
[2025-08-11T11:45:45.109+0000] {logging_mixin.py:188} INFO - [2025-08-11T11:45:45.109+0000] {dag.py:3954} INFO - Setting next_dagrun for example_bash_operator to 2025-08-10 00:00:00+00:00, run_after=2025-08-11 00:00:00+00:00
[2025-08-11T11:45:45.123+0000] {processor.py:183} INFO - Processing /home/airflow/.local/lib/python3.12/site-packages/airflow/example_dags/example_bash_operator.py took 0.061 seconds
[2025-08-11T11:46:15.321+0000] {processor.py:161} INFO - Started process (PID=1317) to work on /home/airflow/.local/lib/python3.12/site-packages/airflow/example_dags/example_bash_operator.py
[2025-08-11T11:46:15.324+0000] {processor.py:830} INFO - Processing file /home/airflow/.local/lib/python3.12/site-packages/airflow/example_dags/example_bash_operator.py for tasks to queue
[2025-08-11T11:46:15.326+0000] {logging_mixin.py:188} INFO - [2025-08-11T11:46:15.326+0000] {dagbag.py:545} INFO - Filling up the DagBag from /home/airflow/.local/lib/python3.12/site-packages/airflow/example_dags/example_bash_operator.py
[2025-08-11T11:46:15.333+0000] {processor.py:840} INFO - DAG(s) 'example_bash_operator' retrieved from /home/airflow/.local/lib/python3.12/site-packages/airflow/example_dags/example_bash_operator.py
[2025-08-11T11:46:15.352+0000] {logging_mixin.py:188} INFO - [2025-08-11T11:46:15.352+0000] {dag.py:3096} INFO - Sync 1 DAGs
[2025-08-11T11:46:15.365+0000] {logging_mixin.py:188} INFO - [2025-08-11T11:46:15.365+0000] {dag.py:3954} INFO - Setting next_dagrun for example_bash_operator to 2025-08-10 00:00:00+00:00, run_after=2025-08-11 00:00:00+00:00
[2025-08-11T11:46:15.379+0000] {processor.py:183} INFO - Processing /home/airflow/.local/lib/python3.12/site-packages/airflow/example_dags/example_bash_operator.py took 0.062 seconds
