[2025-08-11T11:35:34.006+0000] {processor.py:161} INFO - Started process (PID=97) to work on /home/airflow/.local/lib/python3.12/site-packages/airflow/example_dags/example_branch_operator_decorator.py
[2025-08-11T11:35:34.006+0000] {processor.py:830} INFO - Processing file /home/airflow/.local/lib/python3.12/site-packages/airflow/example_dags/example_branch_operator_decorator.py for tasks to queue
[2025-08-11T11:35:34.008+0000] {logging_mixin.py:188} INFO - [2025-08-11T11:35:34.007+0000] {dagbag.py:545} INFO - Filling up the DagBag from /home/airflow/.local/lib/python3.12/site-packages/airflow/example_dags/example_branch_operator_decorator.py
[2025-08-11T11:35:34.023+0000] {processor.py:840} INFO - DAG(s) 'example_branch_python_operator_decorator' retrieved from /home/airflow/.local/lib/python3.12/site-packages/airflow/example_dags/example_branch_operator_decorator.py
[2025-08-11T11:35:34.121+0000] {logging_mixin.py:188} INFO - [2025-08-11T11:35:34.120+0000] {override.py:1829} INFO - Created Permission View: can read on DAG:example_branch_python_operator_decorator
[2025-08-11T11:35:34.128+0000] {logging_mixin.py:188} INFO - [2025-08-11T11:35:34.128+0000] {override.py:1829} INFO - Created Permission View: can delete on DAG:example_branch_python_operator_decorator
[2025-08-11T11:35:34.132+0000] {logging_mixin.py:188} INFO - [2025-08-11T11:35:34.132+0000] {override.py:1829} INFO - Created Permission View: can edit on DAG:example_branch_python_operator_decorator
[2025-08-11T11:35:34.133+0000] {logging_mixin.py:188} INFO - [2025-08-11T11:35:34.132+0000] {dag.py:3096} INFO - Sync 1 DAGs
[2025-08-11T11:35:34.141+0000] {logging_mixin.py:188} INFO - [2025-08-11T11:35:34.141+0000] {dag.py:3118} INFO - Creating ORM DAG for example_branch_python_operator_decorator
[2025-08-11T11:35:34.149+0000] {logging_mixin.py:188} INFO - [2025-08-11T11:35:34.149+0000] {dag.py:3954} INFO - Setting next_dagrun for example_branch_python_operator_decorator to 2025-08-10 00:00:00+00:00, run_after=2025-08-11 00:00:00+00:00
[2025-08-11T11:35:34.163+0000] {processor.py:183} INFO - Processing /home/airflow/.local/lib/python3.12/site-packages/airflow/example_dags/example_branch_operator_decorator.py took 0.162 seconds
[2025-08-11T11:36:04.716+0000] {processor.py:161} INFO - Started process (PID=155) to work on /home/airflow/.local/lib/python3.12/site-packages/airflow/example_dags/example_branch_operator_decorator.py
[2025-08-11T11:36:04.718+0000] {processor.py:830} INFO - Processing file /home/airflow/.local/lib/python3.12/site-packages/airflow/example_dags/example_branch_operator_decorator.py for tasks to queue
[2025-08-11T11:36:04.720+0000] {logging_mixin.py:188} INFO - [2025-08-11T11:36:04.720+0000] {dagbag.py:545} INFO - Filling up the DagBag from /home/airflow/.local/lib/python3.12/site-packages/airflow/example_dags/example_branch_operator_decorator.py
[2025-08-11T11:36:04.746+0000] {processor.py:840} INFO - DAG(s) 'example_branch_python_operator_decorator' retrieved from /home/airflow/.local/lib/python3.12/site-packages/airflow/example_dags/example_branch_operator_decorator.py
[2025-08-11T11:36:04.769+0000] {logging_mixin.py:188} INFO - [2025-08-11T11:36:04.769+0000] {dag.py:3096} INFO - Sync 1 DAGs
[2025-08-11T11:36:04.791+0000] {logging_mixin.py:188} INFO - [2025-08-11T11:36:04.791+0000] {dag.py:3954} INFO - Setting next_dagrun for example_branch_python_operator_decorator to 2025-08-10 00:00:00+00:00, run_after=2025-08-11 00:00:00+00:00
[2025-08-11T11:36:04.805+0000] {processor.py:183} INFO - Processing /home/airflow/.local/lib/python3.12/site-packages/airflow/example_dags/example_branch_operator_decorator.py took 0.096 seconds
[2025-08-11T11:36:35.026+0000] {processor.py:161} INFO - Started process (PID=213) to work on /home/airflow/.local/lib/python3.12/site-packages/airflow/example_dags/example_branch_operator_decorator.py
[2025-08-11T11:36:35.030+0000] {processor.py:830} INFO - Processing file /home/airflow/.local/lib/python3.12/site-packages/airflow/example_dags/example_branch_operator_decorator.py for tasks to queue
[2025-08-11T11:36:35.033+0000] {logging_mixin.py:188} INFO - [2025-08-11T11:36:35.033+0000] {dagbag.py:545} INFO - Filling up the DagBag from /home/airflow/.local/lib/python3.12/site-packages/airflow/example_dags/example_branch_operator_decorator.py
[2025-08-11T11:36:35.049+0000] {processor.py:840} INFO - DAG(s) 'example_branch_python_operator_decorator' retrieved from /home/airflow/.local/lib/python3.12/site-packages/airflow/example_dags/example_branch_operator_decorator.py
[2025-08-11T11:36:35.073+0000] {logging_mixin.py:188} INFO - [2025-08-11T11:36:35.073+0000] {dag.py:3096} INFO - Sync 1 DAGs
[2025-08-11T11:36:35.090+0000] {logging_mixin.py:188} INFO - [2025-08-11T11:36:35.090+0000] {dag.py:3954} INFO - Setting next_dagrun for example_branch_python_operator_decorator to 2025-08-10 00:00:00+00:00, run_after=2025-08-11 00:00:00+00:00
[2025-08-11T11:36:35.102+0000] {processor.py:183} INFO - Processing /home/airflow/.local/lib/python3.12/site-packages/airflow/example_dags/example_branch_operator_decorator.py took 0.080 seconds
[2025-08-11T11:37:05.305+0000] {processor.py:161} INFO - Started process (PID=271) to work on /home/airflow/.local/lib/python3.12/site-packages/airflow/example_dags/example_branch_operator_decorator.py
[2025-08-11T11:37:05.306+0000] {processor.py:830} INFO - Processing file /home/airflow/.local/lib/python3.12/site-packages/airflow/example_dags/example_branch_operator_decorator.py for tasks to queue
[2025-08-11T11:37:05.308+0000] {logging_mixin.py:188} INFO - [2025-08-11T11:37:05.307+0000] {dagbag.py:545} INFO - Filling up the DagBag from /home/airflow/.local/lib/python3.12/site-packages/airflow/example_dags/example_branch_operator_decorator.py
[2025-08-11T11:37:05.324+0000] {processor.py:840} INFO - DAG(s) 'example_branch_python_operator_decorator' retrieved from /home/airflow/.local/lib/python3.12/site-packages/airflow/example_dags/example_branch_operator_decorator.py
[2025-08-11T11:37:05.347+0000] {logging_mixin.py:188} INFO - [2025-08-11T11:37:05.347+0000] {dag.py:3096} INFO - Sync 1 DAGs
[2025-08-11T11:37:05.366+0000] {logging_mixin.py:188} INFO - [2025-08-11T11:37:05.365+0000] {dag.py:3954} INFO - Setting next_dagrun for example_branch_python_operator_decorator to 2025-08-10 00:00:00+00:00, run_after=2025-08-11 00:00:00+00:00
[2025-08-11T11:37:05.381+0000] {processor.py:183} INFO - Processing /home/airflow/.local/lib/python3.12/site-packages/airflow/example_dags/example_branch_operator_decorator.py took 0.081 seconds
[2025-08-11T11:37:35.821+0000] {processor.py:161} INFO - Started process (PID=329) to work on /home/airflow/.local/lib/python3.12/site-packages/airflow/example_dags/example_branch_operator_decorator.py
[2025-08-11T11:37:35.822+0000] {processor.py:830} INFO - Processing file /home/airflow/.local/lib/python3.12/site-packages/airflow/example_dags/example_branch_operator_decorator.py for tasks to queue
[2025-08-11T11:37:35.823+0000] {logging_mixin.py:188} INFO - [2025-08-11T11:37:35.823+0000] {dagbag.py:545} INFO - Filling up the DagBag from /home/airflow/.local/lib/python3.12/site-packages/airflow/example_dags/example_branch_operator_decorator.py
[2025-08-11T11:37:35.837+0000] {processor.py:840} INFO - DAG(s) 'example_branch_python_operator_decorator' retrieved from /home/airflow/.local/lib/python3.12/site-packages/airflow/example_dags/example_branch_operator_decorator.py
[2025-08-11T11:37:35.855+0000] {logging_mixin.py:188} INFO - [2025-08-11T11:37:35.855+0000] {dag.py:3096} INFO - Sync 1 DAGs
[2025-08-11T11:37:35.870+0000] {logging_mixin.py:188} INFO - [2025-08-11T11:37:35.869+0000] {dag.py:3954} INFO - Setting next_dagrun for example_branch_python_operator_decorator to 2025-08-10 00:00:00+00:00, run_after=2025-08-11 00:00:00+00:00
[2025-08-11T11:37:35.880+0000] {processor.py:183} INFO - Processing /home/airflow/.local/lib/python3.12/site-packages/airflow/example_dags/example_branch_operator_decorator.py took 0.063 seconds
[2025-08-11T11:38:06.252+0000] {processor.py:161} INFO - Started process (PID=386) to work on /home/airflow/.local/lib/python3.12/site-packages/airflow/example_dags/example_branch_operator_decorator.py
[2025-08-11T11:38:06.253+0000] {processor.py:830} INFO - Processing file /home/airflow/.local/lib/python3.12/site-packages/airflow/example_dags/example_branch_operator_decorator.py for tasks to queue
[2025-08-11T11:38:06.254+0000] {logging_mixin.py:188} INFO - [2025-08-11T11:38:06.254+0000] {dagbag.py:545} INFO - Filling up the DagBag from /home/airflow/.local/lib/python3.12/site-packages/airflow/example_dags/example_branch_operator_decorator.py
[2025-08-11T11:38:06.269+0000] {processor.py:840} INFO - DAG(s) 'example_branch_python_operator_decorator' retrieved from /home/airflow/.local/lib/python3.12/site-packages/airflow/example_dags/example_branch_operator_decorator.py
[2025-08-11T11:38:06.287+0000] {logging_mixin.py:188} INFO - [2025-08-11T11:38:06.286+0000] {dag.py:3096} INFO - Sync 1 DAGs
[2025-08-11T11:38:06.301+0000] {logging_mixin.py:188} INFO - [2025-08-11T11:38:06.301+0000] {dag.py:3954} INFO - Setting next_dagrun for example_branch_python_operator_decorator to 2025-08-10 00:00:00+00:00, run_after=2025-08-11 00:00:00+00:00
[2025-08-11T11:38:06.311+0000] {processor.py:183} INFO - Processing /home/airflow/.local/lib/python3.12/site-packages/airflow/example_dags/example_branch_operator_decorator.py took 0.063 seconds
[2025-08-11T11:38:36.733+0000] {processor.py:161} INFO - Started process (PID=444) to work on /home/airflow/.local/lib/python3.12/site-packages/airflow/example_dags/example_branch_operator_decorator.py
[2025-08-11T11:38:36.734+0000] {processor.py:830} INFO - Processing file /home/airflow/.local/lib/python3.12/site-packages/airflow/example_dags/example_branch_operator_decorator.py for tasks to queue
[2025-08-11T11:38:36.736+0000] {logging_mixin.py:188} INFO - [2025-08-11T11:38:36.736+0000] {dagbag.py:545} INFO - Filling up the DagBag from /home/airflow/.local/lib/python3.12/site-packages/airflow/example_dags/example_branch_operator_decorator.py
[2025-08-11T11:38:36.755+0000] {processor.py:840} INFO - DAG(s) 'example_branch_python_operator_decorator' retrieved from /home/airflow/.local/lib/python3.12/site-packages/airflow/example_dags/example_branch_operator_decorator.py
[2025-08-11T11:38:36.777+0000] {logging_mixin.py:188} INFO - [2025-08-11T11:38:36.777+0000] {dag.py:3096} INFO - Sync 1 DAGs
[2025-08-11T11:38:36.791+0000] {logging_mixin.py:188} INFO - [2025-08-11T11:38:36.791+0000] {dag.py:3954} INFO - Setting next_dagrun for example_branch_python_operator_decorator to 2025-08-10 00:00:00+00:00, run_after=2025-08-11 00:00:00+00:00
[2025-08-11T11:38:36.806+0000] {processor.py:183} INFO - Processing /home/airflow/.local/lib/python3.12/site-packages/airflow/example_dags/example_branch_operator_decorator.py took 0.077 seconds
[2025-08-11T11:39:07.102+0000] {processor.py:161} INFO - Started process (PID=502) to work on /home/airflow/.local/lib/python3.12/site-packages/airflow/example_dags/example_branch_operator_decorator.py
[2025-08-11T11:39:07.103+0000] {processor.py:830} INFO - Processing file /home/airflow/.local/lib/python3.12/site-packages/airflow/example_dags/example_branch_operator_decorator.py for tasks to queue
[2025-08-11T11:39:07.104+0000] {logging_mixin.py:188} INFO - [2025-08-11T11:39:07.104+0000] {dagbag.py:545} INFO - Filling up the DagBag from /home/airflow/.local/lib/python3.12/site-packages/airflow/example_dags/example_branch_operator_decorator.py
[2025-08-11T11:39:07.116+0000] {processor.py:840} INFO - DAG(s) 'example_branch_python_operator_decorator' retrieved from /home/airflow/.local/lib/python3.12/site-packages/airflow/example_dags/example_branch_operator_decorator.py
[2025-08-11T11:39:07.134+0000] {logging_mixin.py:188} INFO - [2025-08-11T11:39:07.134+0000] {dag.py:3096} INFO - Sync 1 DAGs
[2025-08-11T11:39:07.146+0000] {logging_mixin.py:188} INFO - [2025-08-11T11:39:07.146+0000] {dag.py:3954} INFO - Setting next_dagrun for example_branch_python_operator_decorator to 2025-08-10 00:00:00+00:00, run_after=2025-08-11 00:00:00+00:00
[2025-08-11T11:39:07.157+0000] {processor.py:183} INFO - Processing /home/airflow/.local/lib/python3.12/site-packages/airflow/example_dags/example_branch_operator_decorator.py took 0.059 seconds
[2025-08-11T11:39:37.340+0000] {processor.py:161} INFO - Started process (PID=560) to work on /home/airflow/.local/lib/python3.12/site-packages/airflow/example_dags/example_branch_operator_decorator.py
[2025-08-11T11:39:37.341+0000] {processor.py:830} INFO - Processing file /home/airflow/.local/lib/python3.12/site-packages/airflow/example_dags/example_branch_operator_decorator.py for tasks to queue
[2025-08-11T11:39:37.343+0000] {logging_mixin.py:188} INFO - [2025-08-11T11:39:37.342+0000] {dagbag.py:545} INFO - Filling up the DagBag from /home/airflow/.local/lib/python3.12/site-packages/airflow/example_dags/example_branch_operator_decorator.py
[2025-08-11T11:39:37.363+0000] {processor.py:840} INFO - DAG(s) 'example_branch_python_operator_decorator' retrieved from /home/airflow/.local/lib/python3.12/site-packages/airflow/example_dags/example_branch_operator_decorator.py
[2025-08-11T11:39:37.390+0000] {logging_mixin.py:188} INFO - [2025-08-11T11:39:37.389+0000] {dag.py:3096} INFO - Sync 1 DAGs
[2025-08-11T11:39:37.416+0000] {logging_mixin.py:188} INFO - [2025-08-11T11:39:37.416+0000] {dag.py:3954} INFO - Setting next_dagrun for example_branch_python_operator_decorator to 2025-08-10 00:00:00+00:00, run_after=2025-08-11 00:00:00+00:00
[2025-08-11T11:39:37.437+0000] {processor.py:183} INFO - Processing /home/airflow/.local/lib/python3.12/site-packages/airflow/example_dags/example_branch_operator_decorator.py took 0.102 seconds
[2025-08-11T11:40:07.511+0000] {processor.py:161} INFO - Started process (PID=617) to work on /home/airflow/.local/lib/python3.12/site-packages/airflow/example_dags/example_branch_operator_decorator.py
[2025-08-11T11:40:07.512+0000] {processor.py:830} INFO - Processing file /home/airflow/.local/lib/python3.12/site-packages/airflow/example_dags/example_branch_operator_decorator.py for tasks to queue
[2025-08-11T11:40:07.513+0000] {logging_mixin.py:188} INFO - [2025-08-11T11:40:07.513+0000] {dagbag.py:545} INFO - Filling up the DagBag from /home/airflow/.local/lib/python3.12/site-packages/airflow/example_dags/example_branch_operator_decorator.py
[2025-08-11T11:40:07.534+0000] {processor.py:840} INFO - DAG(s) 'example_branch_python_operator_decorator' retrieved from /home/airflow/.local/lib/python3.12/site-packages/airflow/example_dags/example_branch_operator_decorator.py
[2025-08-11T11:40:07.564+0000] {logging_mixin.py:188} INFO - [2025-08-11T11:40:07.564+0000] {dag.py:3096} INFO - Sync 1 DAGs
[2025-08-11T11:40:07.583+0000] {logging_mixin.py:188} INFO - [2025-08-11T11:40:07.583+0000] {dag.py:3954} INFO - Setting next_dagrun for example_branch_python_operator_decorator to 2025-08-10 00:00:00+00:00, run_after=2025-08-11 00:00:00+00:00
[2025-08-11T11:40:07.596+0000] {processor.py:183} INFO - Processing /home/airflow/.local/lib/python3.12/site-packages/airflow/example_dags/example_branch_operator_decorator.py took 0.089 seconds
[2025-08-11T11:40:38.733+0000] {processor.py:161} INFO - Started process (PID=676) to work on /home/airflow/.local/lib/python3.12/site-packages/airflow/example_dags/example_branch_operator_decorator.py
[2025-08-11T11:40:38.734+0000] {processor.py:830} INFO - Processing file /home/airflow/.local/lib/python3.12/site-packages/airflow/example_dags/example_branch_operator_decorator.py for tasks to queue
[2025-08-11T11:40:38.735+0000] {logging_mixin.py:188} INFO - [2025-08-11T11:40:38.735+0000] {dagbag.py:545} INFO - Filling up the DagBag from /home/airflow/.local/lib/python3.12/site-packages/airflow/example_dags/example_branch_operator_decorator.py
[2025-08-11T11:40:38.748+0000] {processor.py:840} INFO - DAG(s) 'example_branch_python_operator_decorator' retrieved from /home/airflow/.local/lib/python3.12/site-packages/airflow/example_dags/example_branch_operator_decorator.py
[2025-08-11T11:40:38.769+0000] {logging_mixin.py:188} INFO - [2025-08-11T11:40:38.769+0000] {dag.py:3096} INFO - Sync 1 DAGs
[2025-08-11T11:40:38.784+0000] {logging_mixin.py:188} INFO - [2025-08-11T11:40:38.784+0000] {dag.py:3954} INFO - Setting next_dagrun for example_branch_python_operator_decorator to 2025-08-10 00:00:00+00:00, run_after=2025-08-11 00:00:00+00:00
[2025-08-11T11:40:38.800+0000] {processor.py:183} INFO - Processing /home/airflow/.local/lib/python3.12/site-packages/airflow/example_dags/example_branch_operator_decorator.py took 0.072 seconds
[2025-08-11T11:41:09.758+0000] {processor.py:161} INFO - Started process (PID=734) to work on /home/airflow/.local/lib/python3.12/site-packages/airflow/example_dags/example_branch_operator_decorator.py
[2025-08-11T11:41:09.760+0000] {processor.py:830} INFO - Processing file /home/airflow/.local/lib/python3.12/site-packages/airflow/example_dags/example_branch_operator_decorator.py for tasks to queue
[2025-08-11T11:41:09.762+0000] {logging_mixin.py:188} INFO - [2025-08-11T11:41:09.762+0000] {dagbag.py:545} INFO - Filling up the DagBag from /home/airflow/.local/lib/python3.12/site-packages/airflow/example_dags/example_branch_operator_decorator.py
[2025-08-11T11:41:09.779+0000] {processor.py:840} INFO - DAG(s) 'example_branch_python_operator_decorator' retrieved from /home/airflow/.local/lib/python3.12/site-packages/airflow/example_dags/example_branch_operator_decorator.py
[2025-08-11T11:41:09.806+0000] {logging_mixin.py:188} INFO - [2025-08-11T11:41:09.806+0000] {dag.py:3096} INFO - Sync 1 DAGs
[2025-08-11T11:41:09.823+0000] {logging_mixin.py:188} INFO - [2025-08-11T11:41:09.822+0000] {dag.py:3954} INFO - Setting next_dagrun for example_branch_python_operator_decorator to 2025-08-10 00:00:00+00:00, run_after=2025-08-11 00:00:00+00:00
[2025-08-11T11:41:09.838+0000] {processor.py:183} INFO - Processing /home/airflow/.local/lib/python3.12/site-packages/airflow/example_dags/example_branch_operator_decorator.py took 0.086 seconds
[2025-08-11T11:41:40.358+0000] {processor.py:161} INFO - Started process (PID=792) to work on /home/airflow/.local/lib/python3.12/site-packages/airflow/example_dags/example_branch_operator_decorator.py
[2025-08-11T11:41:40.361+0000] {processor.py:830} INFO - Processing file /home/airflow/.local/lib/python3.12/site-packages/airflow/example_dags/example_branch_operator_decorator.py for tasks to queue
[2025-08-11T11:41:40.364+0000] {logging_mixin.py:188} INFO - [2025-08-11T11:41:40.364+0000] {dagbag.py:545} INFO - Filling up the DagBag from /home/airflow/.local/lib/python3.12/site-packages/airflow/example_dags/example_branch_operator_decorator.py
[2025-08-11T11:41:40.394+0000] {processor.py:840} INFO - DAG(s) 'example_branch_python_operator_decorator' retrieved from /home/airflow/.local/lib/python3.12/site-packages/airflow/example_dags/example_branch_operator_decorator.py
[2025-08-11T11:41:40.424+0000] {logging_mixin.py:188} INFO - [2025-08-11T11:41:40.424+0000] {dag.py:3096} INFO - Sync 1 DAGs
[2025-08-11T11:41:40.439+0000] {logging_mixin.py:188} INFO - [2025-08-11T11:41:40.438+0000] {dag.py:3954} INFO - Setting next_dagrun for example_branch_python_operator_decorator to 2025-08-10 00:00:00+00:00, run_after=2025-08-11 00:00:00+00:00
[2025-08-11T11:41:40.452+0000] {processor.py:183} INFO - Processing /home/airflow/.local/lib/python3.12/site-packages/airflow/example_dags/example_branch_operator_decorator.py took 0.105 seconds
[2025-08-11T11:42:11.381+0000] {processor.py:161} INFO - Started process (PID=850) to work on /home/airflow/.local/lib/python3.12/site-packages/airflow/example_dags/example_branch_operator_decorator.py
[2025-08-11T11:42:11.381+0000] {processor.py:830} INFO - Processing file /home/airflow/.local/lib/python3.12/site-packages/airflow/example_dags/example_branch_operator_decorator.py for tasks to queue
[2025-08-11T11:42:11.383+0000] {logging_mixin.py:188} INFO - [2025-08-11T11:42:11.382+0000] {dagbag.py:545} INFO - Filling up the DagBag from /home/airflow/.local/lib/python3.12/site-packages/airflow/example_dags/example_branch_operator_decorator.py
[2025-08-11T11:42:11.401+0000] {processor.py:840} INFO - DAG(s) 'example_branch_python_operator_decorator' retrieved from /home/airflow/.local/lib/python3.12/site-packages/airflow/example_dags/example_branch_operator_decorator.py
[2025-08-11T11:42:11.436+0000] {logging_mixin.py:188} INFO - [2025-08-11T11:42:11.436+0000] {dag.py:3096} INFO - Sync 1 DAGs
[2025-08-11T11:42:11.457+0000] {logging_mixin.py:188} INFO - [2025-08-11T11:42:11.457+0000] {dag.py:3954} INFO - Setting next_dagrun for example_branch_python_operator_decorator to 2025-08-10 00:00:00+00:00, run_after=2025-08-11 00:00:00+00:00
[2025-08-11T11:42:11.475+0000] {processor.py:183} INFO - Processing /home/airflow/.local/lib/python3.12/site-packages/airflow/example_dags/example_branch_operator_decorator.py took 0.098 seconds
[2025-08-11T11:42:42.188+0000] {processor.py:161} INFO - Started process (PID=908) to work on /home/airflow/.local/lib/python3.12/site-packages/airflow/example_dags/example_branch_operator_decorator.py
[2025-08-11T11:42:42.189+0000] {processor.py:830} INFO - Processing file /home/airflow/.local/lib/python3.12/site-packages/airflow/example_dags/example_branch_operator_decorator.py for tasks to queue
[2025-08-11T11:42:42.191+0000] {logging_mixin.py:188} INFO - [2025-08-11T11:42:42.191+0000] {dagbag.py:545} INFO - Filling up the DagBag from /home/airflow/.local/lib/python3.12/site-packages/airflow/example_dags/example_branch_operator_decorator.py
[2025-08-11T11:42:42.205+0000] {processor.py:840} INFO - DAG(s) 'example_branch_python_operator_decorator' retrieved from /home/airflow/.local/lib/python3.12/site-packages/airflow/example_dags/example_branch_operator_decorator.py
[2025-08-11T11:42:42.225+0000] {logging_mixin.py:188} INFO - [2025-08-11T11:42:42.224+0000] {dag.py:3096} INFO - Sync 1 DAGs
[2025-08-11T11:42:42.244+0000] {logging_mixin.py:188} INFO - [2025-08-11T11:42:42.244+0000] {dag.py:3954} INFO - Setting next_dagrun for example_branch_python_operator_decorator to 2025-08-10 00:00:00+00:00, run_after=2025-08-11 00:00:00+00:00
[2025-08-11T11:42:42.260+0000] {processor.py:183} INFO - Processing /home/airflow/.local/lib/python3.12/site-packages/airflow/example_dags/example_branch_operator_decorator.py took 0.076 seconds
[2025-08-11T11:43:12.507+0000] {processor.py:161} INFO - Started process (PID=965) to work on /home/airflow/.local/lib/python3.12/site-packages/airflow/example_dags/example_branch_operator_decorator.py
[2025-08-11T11:43:12.508+0000] {processor.py:830} INFO - Processing file /home/airflow/.local/lib/python3.12/site-packages/airflow/example_dags/example_branch_operator_decorator.py for tasks to queue
[2025-08-11T11:43:12.509+0000] {logging_mixin.py:188} INFO - [2025-08-11T11:43:12.509+0000] {dagbag.py:545} INFO - Filling up the DagBag from /home/airflow/.local/lib/python3.12/site-packages/airflow/example_dags/example_branch_operator_decorator.py
[2025-08-11T11:43:12.521+0000] {processor.py:840} INFO - DAG(s) 'example_branch_python_operator_decorator' retrieved from /home/airflow/.local/lib/python3.12/site-packages/airflow/example_dags/example_branch_operator_decorator.py
[2025-08-11T11:43:12.539+0000] {logging_mixin.py:188} INFO - [2025-08-11T11:43:12.539+0000] {dag.py:3096} INFO - Sync 1 DAGs
[2025-08-11T11:43:12.553+0000] {logging_mixin.py:188} INFO - [2025-08-11T11:43:12.553+0000] {dag.py:3954} INFO - Setting next_dagrun for example_branch_python_operator_decorator to 2025-08-10 00:00:00+00:00, run_after=2025-08-11 00:00:00+00:00
[2025-08-11T11:43:12.563+0000] {processor.py:183} INFO - Processing /home/airflow/.local/lib/python3.12/site-packages/airflow/example_dags/example_branch_operator_decorator.py took 0.060 seconds
[2025-08-11T11:43:42.615+0000] {processor.py:161} INFO - Started process (PID=1023) to work on /home/airflow/.local/lib/python3.12/site-packages/airflow/example_dags/example_branch_operator_decorator.py
[2025-08-11T11:43:42.616+0000] {processor.py:830} INFO - Processing file /home/airflow/.local/lib/python3.12/site-packages/airflow/example_dags/example_branch_operator_decorator.py for tasks to queue
[2025-08-11T11:43:42.617+0000] {logging_mixin.py:188} INFO - [2025-08-11T11:43:42.617+0000] {dagbag.py:545} INFO - Filling up the DagBag from /home/airflow/.local/lib/python3.12/site-packages/airflow/example_dags/example_branch_operator_decorator.py
[2025-08-11T11:43:42.630+0000] {processor.py:840} INFO - DAG(s) 'example_branch_python_operator_decorator' retrieved from /home/airflow/.local/lib/python3.12/site-packages/airflow/example_dags/example_branch_operator_decorator.py
[2025-08-11T11:43:42.648+0000] {logging_mixin.py:188} INFO - [2025-08-11T11:43:42.648+0000] {dag.py:3096} INFO - Sync 1 DAGs
[2025-08-11T11:43:42.664+0000] {logging_mixin.py:188} INFO - [2025-08-11T11:43:42.664+0000] {dag.py:3954} INFO - Setting next_dagrun for example_branch_python_operator_decorator to 2025-08-10 00:00:00+00:00, run_after=2025-08-11 00:00:00+00:00
[2025-08-11T11:43:42.678+0000] {processor.py:183} INFO - Processing /home/airflow/.local/lib/python3.12/site-packages/airflow/example_dags/example_branch_operator_decorator.py took 0.067 seconds
[2025-08-11T11:44:13.630+0000] {processor.py:161} INFO - Started process (PID=1081) to work on /home/airflow/.local/lib/python3.12/site-packages/airflow/example_dags/example_branch_operator_decorator.py
[2025-08-11T11:44:13.631+0000] {processor.py:830} INFO - Processing file /home/airflow/.local/lib/python3.12/site-packages/airflow/example_dags/example_branch_operator_decorator.py for tasks to queue
[2025-08-11T11:44:13.633+0000] {logging_mixin.py:188} INFO - [2025-08-11T11:44:13.632+0000] {dagbag.py:545} INFO - Filling up the DagBag from /home/airflow/.local/lib/python3.12/site-packages/airflow/example_dags/example_branch_operator_decorator.py
[2025-08-11T11:44:13.649+0000] {processor.py:840} INFO - DAG(s) 'example_branch_python_operator_decorator' retrieved from /home/airflow/.local/lib/python3.12/site-packages/airflow/example_dags/example_branch_operator_decorator.py
[2025-08-11T11:44:13.670+0000] {logging_mixin.py:188} INFO - [2025-08-11T11:44:13.670+0000] {dag.py:3096} INFO - Sync 1 DAGs
[2025-08-11T11:44:13.691+0000] {logging_mixin.py:188} INFO - [2025-08-11T11:44:13.691+0000] {dag.py:3954} INFO - Setting next_dagrun for example_branch_python_operator_decorator to 2025-08-10 00:00:00+00:00, run_after=2025-08-11 00:00:00+00:00
[2025-08-11T11:44:13.708+0000] {processor.py:183} INFO - Processing /home/airflow/.local/lib/python3.12/site-packages/airflow/example_dags/example_branch_operator_decorator.py took 0.083 seconds
[2025-08-11T11:44:44.154+0000] {processor.py:161} INFO - Started process (PID=1139) to work on /home/airflow/.local/lib/python3.12/site-packages/airflow/example_dags/example_branch_operator_decorator.py
[2025-08-11T11:44:44.155+0000] {processor.py:830} INFO - Processing file /home/airflow/.local/lib/python3.12/site-packages/airflow/example_dags/example_branch_operator_decorator.py for tasks to queue
[2025-08-11T11:44:44.157+0000] {logging_mixin.py:188} INFO - [2025-08-11T11:44:44.157+0000] {dagbag.py:545} INFO - Filling up the DagBag from /home/airflow/.local/lib/python3.12/site-packages/airflow/example_dags/example_branch_operator_decorator.py
[2025-08-11T11:44:44.173+0000] {processor.py:840} INFO - DAG(s) 'example_branch_python_operator_decorator' retrieved from /home/airflow/.local/lib/python3.12/site-packages/airflow/example_dags/example_branch_operator_decorator.py
[2025-08-11T11:44:44.199+0000] {logging_mixin.py:188} INFO - [2025-08-11T11:44:44.199+0000] {dag.py:3096} INFO - Sync 1 DAGs
[2025-08-11T11:44:44.217+0000] {logging_mixin.py:188} INFO - [2025-08-11T11:44:44.216+0000] {dag.py:3954} INFO - Setting next_dagrun for example_branch_python_operator_decorator to 2025-08-10 00:00:00+00:00, run_after=2025-08-11 00:00:00+00:00
[2025-08-11T11:44:44.230+0000] {processor.py:183} INFO - Processing /home/airflow/.local/lib/python3.12/site-packages/airflow/example_dags/example_branch_operator_decorator.py took 0.080 seconds
[2025-08-11T11:45:14.578+0000] {processor.py:161} INFO - Started process (PID=1197) to work on /home/airflow/.local/lib/python3.12/site-packages/airflow/example_dags/example_branch_operator_decorator.py
[2025-08-11T11:45:14.579+0000] {processor.py:830} INFO - Processing file /home/airflow/.local/lib/python3.12/site-packages/airflow/example_dags/example_branch_operator_decorator.py for tasks to queue
[2025-08-11T11:45:14.580+0000] {logging_mixin.py:188} INFO - [2025-08-11T11:45:14.580+0000] {dagbag.py:545} INFO - Filling up the DagBag from /home/airflow/.local/lib/python3.12/site-packages/airflow/example_dags/example_branch_operator_decorator.py
[2025-08-11T11:45:14.598+0000] {processor.py:840} INFO - DAG(s) 'example_branch_python_operator_decorator' retrieved from /home/airflow/.local/lib/python3.12/site-packages/airflow/example_dags/example_branch_operator_decorator.py
[2025-08-11T11:45:14.623+0000] {logging_mixin.py:188} INFO - [2025-08-11T11:45:14.623+0000] {dag.py:3096} INFO - Sync 1 DAGs
[2025-08-11T11:45:14.644+0000] {logging_mixin.py:188} INFO - [2025-08-11T11:45:14.644+0000] {dag.py:3954} INFO - Setting next_dagrun for example_branch_python_operator_decorator to 2025-08-10 00:00:00+00:00, run_after=2025-08-11 00:00:00+00:00
[2025-08-11T11:45:14.661+0000] {processor.py:183} INFO - Processing /home/airflow/.local/lib/python3.12/site-packages/airflow/example_dags/example_branch_operator_decorator.py took 0.092 seconds
[2025-08-11T11:45:44.969+0000] {processor.py:161} INFO - Started process (PID=1255) to work on /home/airflow/.local/lib/python3.12/site-packages/airflow/example_dags/example_branch_operator_decorator.py
[2025-08-11T11:45:44.971+0000] {processor.py:830} INFO - Processing file /home/airflow/.local/lib/python3.12/site-packages/airflow/example_dags/example_branch_operator_decorator.py for tasks to queue
[2025-08-11T11:45:44.973+0000] {logging_mixin.py:188} INFO - [2025-08-11T11:45:44.973+0000] {dagbag.py:545} INFO - Filling up the DagBag from /home/airflow/.local/lib/python3.12/site-packages/airflow/example_dags/example_branch_operator_decorator.py
[2025-08-11T11:45:44.989+0000] {processor.py:840} INFO - DAG(s) 'example_branch_python_operator_decorator' retrieved from /home/airflow/.local/lib/python3.12/site-packages/airflow/example_dags/example_branch_operator_decorator.py
[2025-08-11T11:45:45.011+0000] {logging_mixin.py:188} INFO - [2025-08-11T11:45:45.011+0000] {dag.py:3096} INFO - Sync 1 DAGs
[2025-08-11T11:45:45.029+0000] {logging_mixin.py:188} INFO - [2025-08-11T11:45:45.029+0000] {dag.py:3954} INFO - Setting next_dagrun for example_branch_python_operator_decorator to 2025-08-10 00:00:00+00:00, run_after=2025-08-11 00:00:00+00:00
[2025-08-11T11:45:45.042+0000] {processor.py:183} INFO - Processing /home/airflow/.local/lib/python3.12/site-packages/airflow/example_dags/example_branch_operator_decorator.py took 0.080 seconds
[2025-08-11T11:46:15.188+0000] {processor.py:161} INFO - Started process (PID=1314) to work on /home/airflow/.local/lib/python3.12/site-packages/airflow/example_dags/example_branch_operator_decorator.py
[2025-08-11T11:46:15.189+0000] {processor.py:830} INFO - Processing file /home/airflow/.local/lib/python3.12/site-packages/airflow/example_dags/example_branch_operator_decorator.py for tasks to queue
[2025-08-11T11:46:15.190+0000] {logging_mixin.py:188} INFO - [2025-08-11T11:46:15.190+0000] {dagbag.py:545} INFO - Filling up the DagBag from /home/airflow/.local/lib/python3.12/site-packages/airflow/example_dags/example_branch_operator_decorator.py
[2025-08-11T11:46:15.204+0000] {processor.py:840} INFO - DAG(s) 'example_branch_python_operator_decorator' retrieved from /home/airflow/.local/lib/python3.12/site-packages/airflow/example_dags/example_branch_operator_decorator.py
[2025-08-11T11:46:15.222+0000] {logging_mixin.py:188} INFO - [2025-08-11T11:46:15.222+0000] {dag.py:3096} INFO - Sync 1 DAGs
[2025-08-11T11:46:15.237+0000] {logging_mixin.py:188} INFO - [2025-08-11T11:46:15.237+0000] {dag.py:3954} INFO - Setting next_dagrun for example_branch_python_operator_decorator to 2025-08-10 00:00:00+00:00, run_after=2025-08-11 00:00:00+00:00
[2025-08-11T11:46:15.248+0000] {processor.py:183} INFO - Processing /home/airflow/.local/lib/python3.12/site-packages/airflow/example_dags/example_branch_operator_decorator.py took 0.064 seconds
