[2025-08-11T11:35:34.684+0000] {processor.py:161} INFO - Started process (PID=104) to work on /home/airflow/.local/lib/python3.12/site-packages/airflow/example_dags/example_python_decorator.py
[2025-08-11T11:35:34.686+0000] {processor.py:830} INFO - Processing file /home/airflow/.local/lib/python3.12/site-packages/airflow/example_dags/example_python_decorator.py for tasks to queue
[2025-08-11T11:35:34.687+0000] {logging_mixin.py:188} INFO - [2025-08-11T11:35:34.687+0000] {dagbag.py:545} INFO - Filling up the DagBag from /home/airflow/.local/lib/python3.12/site-packages/airflow/example_dags/example_python_decorator.py
[2025-08-11T11:35:34.698+0000] {processor.py:840} INFO - DAG(s) 'example_python_decorator' retrieved from /home/airflow/.local/lib/python3.12/site-packages/airflow/example_dags/example_python_decorator.py
[2025-08-11T11:35:34.767+0000] {logging_mixin.py:188} INFO - [2025-08-11T11:35:34.766+0000] {override.py:1829} INFO - Created Permission View: can read on DAG:example_python_decorator
[2025-08-11T11:35:34.775+0000] {logging_mixin.py:188} INFO - [2025-08-11T11:35:34.775+0000] {override.py:1829} INFO - Created Permission View: can delete on DAG:example_python_decorator
[2025-08-11T11:35:34.778+0000] {logging_mixin.py:188} INFO - [2025-08-11T11:35:34.778+0000] {override.py:1829} INFO - Created Permission View: can edit on DAG:example_python_decorator
[2025-08-11T11:35:34.778+0000] {logging_mixin.py:188} INFO - [2025-08-11T11:35:34.778+0000] {dag.py:3096} INFO - Sync 1 DAGs
[2025-08-11T11:35:34.785+0000] {logging_mixin.py:188} INFO - [2025-08-11T11:35:34.785+0000] {dag.py:3118} INFO - Creating ORM DAG for example_python_decorator
[2025-08-11T11:35:34.788+0000] {logging_mixin.py:188} INFO - [2025-08-11T11:35:34.788+0000] {dag.py:3954} INFO - Setting next_dagrun for example_python_decorator to None, run_after=None
[2025-08-11T11:35:34.801+0000] {processor.py:183} INFO - Processing /home/airflow/.local/lib/python3.12/site-packages/airflow/example_dags/example_python_decorator.py took 0.121 seconds
[2025-08-11T11:36:05.085+0000] {processor.py:161} INFO - Started process (PID=162) to work on /home/airflow/.local/lib/python3.12/site-packages/airflow/example_dags/example_python_decorator.py
[2025-08-11T11:36:05.086+0000] {processor.py:830} INFO - Processing file /home/airflow/.local/lib/python3.12/site-packages/airflow/example_dags/example_python_decorator.py for tasks to queue
[2025-08-11T11:36:05.088+0000] {logging_mixin.py:188} INFO - [2025-08-11T11:36:05.088+0000] {dagbag.py:545} INFO - Filling up the DagBag from /home/airflow/.local/lib/python3.12/site-packages/airflow/example_dags/example_python_decorator.py
[2025-08-11T11:36:05.101+0000] {processor.py:840} INFO - DAG(s) 'example_python_decorator' retrieved from /home/airflow/.local/lib/python3.12/site-packages/airflow/example_dags/example_python_decorator.py
[2025-08-11T11:36:05.133+0000] {logging_mixin.py:188} INFO - [2025-08-11T11:36:05.133+0000] {dag.py:3096} INFO - Sync 1 DAGs
[2025-08-11T11:36:05.146+0000] {logging_mixin.py:188} INFO - [2025-08-11T11:36:05.146+0000] {dag.py:3954} INFO - Setting next_dagrun for example_python_decorator to None, run_after=None
[2025-08-11T11:36:05.166+0000] {processor.py:183} INFO - Processing /home/airflow/.local/lib/python3.12/site-packages/airflow/example_dags/example_python_decorator.py took 0.086 seconds
[2025-08-11T11:36:35.307+0000] {processor.py:161} INFO - Started process (PID=220) to work on /home/airflow/.local/lib/python3.12/site-packages/airflow/example_dags/example_python_decorator.py
[2025-08-11T11:36:35.311+0000] {processor.py:830} INFO - Processing file /home/airflow/.local/lib/python3.12/site-packages/airflow/example_dags/example_python_decorator.py for tasks to queue
[2025-08-11T11:36:35.313+0000] {logging_mixin.py:188} INFO - [2025-08-11T11:36:35.312+0000] {dagbag.py:545} INFO - Filling up the DagBag from /home/airflow/.local/lib/python3.12/site-packages/airflow/example_dags/example_python_decorator.py
[2025-08-11T11:36:35.322+0000] {processor.py:840} INFO - DAG(s) 'example_python_decorator' retrieved from /home/airflow/.local/lib/python3.12/site-packages/airflow/example_dags/example_python_decorator.py
[2025-08-11T11:36:35.339+0000] {logging_mixin.py:188} INFO - [2025-08-11T11:36:35.338+0000] {dag.py:3096} INFO - Sync 1 DAGs
[2025-08-11T11:36:35.347+0000] {logging_mixin.py:188} INFO - [2025-08-11T11:36:35.347+0000] {dag.py:3954} INFO - Setting next_dagrun for example_python_decorator to None, run_after=None
[2025-08-11T11:36:35.358+0000] {processor.py:183} INFO - Processing /home/airflow/.local/lib/python3.12/site-packages/airflow/example_dags/example_python_decorator.py took 0.055 seconds
[2025-08-11T11:37:05.757+0000] {processor.py:161} INFO - Started process (PID=278) to work on /home/airflow/.local/lib/python3.12/site-packages/airflow/example_dags/example_python_decorator.py
[2025-08-11T11:37:05.760+0000] {processor.py:830} INFO - Processing file /home/airflow/.local/lib/python3.12/site-packages/airflow/example_dags/example_python_decorator.py for tasks to queue
[2025-08-11T11:37:05.764+0000] {logging_mixin.py:188} INFO - [2025-08-11T11:37:05.763+0000] {dagbag.py:545} INFO - Filling up the DagBag from /home/airflow/.local/lib/python3.12/site-packages/airflow/example_dags/example_python_decorator.py
[2025-08-11T11:37:05.782+0000] {processor.py:840} INFO - DAG(s) 'example_python_decorator' retrieved from /home/airflow/.local/lib/python3.12/site-packages/airflow/example_dags/example_python_decorator.py
[2025-08-11T11:37:05.807+0000] {logging_mixin.py:188} INFO - [2025-08-11T11:37:05.807+0000] {dag.py:3096} INFO - Sync 1 DAGs
[2025-08-11T11:37:05.816+0000] {logging_mixin.py:188} INFO - [2025-08-11T11:37:05.816+0000] {dag.py:3954} INFO - Setting next_dagrun for example_python_decorator to None, run_after=None
[2025-08-11T11:37:05.829+0000] {processor.py:183} INFO - Processing /home/airflow/.local/lib/python3.12/site-packages/airflow/example_dags/example_python_decorator.py took 0.078 seconds
[2025-08-11T11:37:36.094+0000] {processor.py:161} INFO - Started process (PID=336) to work on /home/airflow/.local/lib/python3.12/site-packages/airflow/example_dags/example_python_decorator.py
[2025-08-11T11:37:36.097+0000] {processor.py:830} INFO - Processing file /home/airflow/.local/lib/python3.12/site-packages/airflow/example_dags/example_python_decorator.py for tasks to queue
[2025-08-11T11:37:36.098+0000] {logging_mixin.py:188} INFO - [2025-08-11T11:37:36.098+0000] {dagbag.py:545} INFO - Filling up the DagBag from /home/airflow/.local/lib/python3.12/site-packages/airflow/example_dags/example_python_decorator.py
[2025-08-11T11:37:36.107+0000] {processor.py:840} INFO - DAG(s) 'example_python_decorator' retrieved from /home/airflow/.local/lib/python3.12/site-packages/airflow/example_dags/example_python_decorator.py
[2025-08-11T11:37:36.122+0000] {logging_mixin.py:188} INFO - [2025-08-11T11:37:36.121+0000] {dag.py:3096} INFO - Sync 1 DAGs
[2025-08-11T11:37:36.132+0000] {logging_mixin.py:188} INFO - [2025-08-11T11:37:36.132+0000] {dag.py:3954} INFO - Setting next_dagrun for example_python_decorator to None, run_after=None
[2025-08-11T11:37:36.147+0000] {processor.py:183} INFO - Processing /home/airflow/.local/lib/python3.12/site-packages/airflow/example_dags/example_python_decorator.py took 0.057 seconds
[2025-08-11T11:38:06.527+0000] {processor.py:161} INFO - Started process (PID=393) to work on /home/airflow/.local/lib/python3.12/site-packages/airflow/example_dags/example_python_decorator.py
[2025-08-11T11:38:06.529+0000] {processor.py:830} INFO - Processing file /home/airflow/.local/lib/python3.12/site-packages/airflow/example_dags/example_python_decorator.py for tasks to queue
[2025-08-11T11:38:06.530+0000] {logging_mixin.py:188} INFO - [2025-08-11T11:38:06.530+0000] {dagbag.py:545} INFO - Filling up the DagBag from /home/airflow/.local/lib/python3.12/site-packages/airflow/example_dags/example_python_decorator.py
[2025-08-11T11:38:06.541+0000] {processor.py:840} INFO - DAG(s) 'example_python_decorator' retrieved from /home/airflow/.local/lib/python3.12/site-packages/airflow/example_dags/example_python_decorator.py
[2025-08-11T11:38:06.561+0000] {logging_mixin.py:188} INFO - [2025-08-11T11:38:06.561+0000] {dag.py:3096} INFO - Sync 1 DAGs
[2025-08-11T11:38:06.572+0000] {logging_mixin.py:188} INFO - [2025-08-11T11:38:06.572+0000] {dag.py:3954} INFO - Setting next_dagrun for example_python_decorator to None, run_after=None
[2025-08-11T11:38:06.585+0000] {processor.py:183} INFO - Processing /home/airflow/.local/lib/python3.12/site-packages/airflow/example_dags/example_python_decorator.py took 0.064 seconds
[2025-08-11T11:38:37.046+0000] {processor.py:161} INFO - Started process (PID=451) to work on /home/airflow/.local/lib/python3.12/site-packages/airflow/example_dags/example_python_decorator.py
[2025-08-11T11:38:37.047+0000] {processor.py:830} INFO - Processing file /home/airflow/.local/lib/python3.12/site-packages/airflow/example_dags/example_python_decorator.py for tasks to queue
[2025-08-11T11:38:37.049+0000] {logging_mixin.py:188} INFO - [2025-08-11T11:38:37.048+0000] {dagbag.py:545} INFO - Filling up the DagBag from /home/airflow/.local/lib/python3.12/site-packages/airflow/example_dags/example_python_decorator.py
[2025-08-11T11:38:37.060+0000] {processor.py:840} INFO - DAG(s) 'example_python_decorator' retrieved from /home/airflow/.local/lib/python3.12/site-packages/airflow/example_dags/example_python_decorator.py
[2025-08-11T11:38:37.084+0000] {logging_mixin.py:188} INFO - [2025-08-11T11:38:37.083+0000] {dag.py:3096} INFO - Sync 1 DAGs
[2025-08-11T11:38:37.107+0000] {logging_mixin.py:188} INFO - [2025-08-11T11:38:37.107+0000] {dag.py:3954} INFO - Setting next_dagrun for example_python_decorator to None, run_after=None
[2025-08-11T11:38:37.154+0000] {processor.py:183} INFO - Processing /home/airflow/.local/lib/python3.12/site-packages/airflow/example_dags/example_python_decorator.py took 0.113 seconds
[2025-08-11T11:39:07.405+0000] {processor.py:161} INFO - Started process (PID=509) to work on /home/airflow/.local/lib/python3.12/site-packages/airflow/example_dags/example_python_decorator.py
[2025-08-11T11:39:07.405+0000] {processor.py:830} INFO - Processing file /home/airflow/.local/lib/python3.12/site-packages/airflow/example_dags/example_python_decorator.py for tasks to queue
[2025-08-11T11:39:07.407+0000] {logging_mixin.py:188} INFO - [2025-08-11T11:39:07.407+0000] {dagbag.py:545} INFO - Filling up the DagBag from /home/airflow/.local/lib/python3.12/site-packages/airflow/example_dags/example_python_decorator.py
[2025-08-11T11:39:07.416+0000] {processor.py:840} INFO - DAG(s) 'example_python_decorator' retrieved from /home/airflow/.local/lib/python3.12/site-packages/airflow/example_dags/example_python_decorator.py
[2025-08-11T11:39:07.430+0000] {logging_mixin.py:188} INFO - [2025-08-11T11:39:07.430+0000] {dag.py:3096} INFO - Sync 1 DAGs
[2025-08-11T11:39:07.439+0000] {logging_mixin.py:188} INFO - [2025-08-11T11:39:07.438+0000] {dag.py:3954} INFO - Setting next_dagrun for example_python_decorator to None, run_after=None
[2025-08-11T11:39:07.450+0000] {processor.py:183} INFO - Processing /home/airflow/.local/lib/python3.12/site-packages/airflow/example_dags/example_python_decorator.py took 0.050 seconds
[2025-08-11T11:39:37.684+0000] {processor.py:161} INFO - Started process (PID=567) to work on /home/airflow/.local/lib/python3.12/site-packages/airflow/example_dags/example_python_decorator.py
[2025-08-11T11:39:37.686+0000] {processor.py:830} INFO - Processing file /home/airflow/.local/lib/python3.12/site-packages/airflow/example_dags/example_python_decorator.py for tasks to queue
[2025-08-11T11:39:37.687+0000] {logging_mixin.py:188} INFO - [2025-08-11T11:39:37.687+0000] {dagbag.py:545} INFO - Filling up the DagBag from /home/airflow/.local/lib/python3.12/site-packages/airflow/example_dags/example_python_decorator.py
[2025-08-11T11:39:37.696+0000] {processor.py:840} INFO - DAG(s) 'example_python_decorator' retrieved from /home/airflow/.local/lib/python3.12/site-packages/airflow/example_dags/example_python_decorator.py
[2025-08-11T11:39:37.711+0000] {logging_mixin.py:188} INFO - [2025-08-11T11:39:37.711+0000] {dag.py:3096} INFO - Sync 1 DAGs
[2025-08-11T11:39:37.719+0000] {logging_mixin.py:188} INFO - [2025-08-11T11:39:37.718+0000] {dag.py:3954} INFO - Setting next_dagrun for example_python_decorator to None, run_after=None
[2025-08-11T11:39:37.729+0000] {processor.py:183} INFO - Processing /home/airflow/.local/lib/python3.12/site-packages/airflow/example_dags/example_python_decorator.py took 0.049 seconds
[2025-08-11T11:40:07.880+0000] {processor.py:161} INFO - Started process (PID=625) to work on /home/airflow/.local/lib/python3.12/site-packages/airflow/example_dags/example_python_decorator.py
[2025-08-11T11:40:07.881+0000] {processor.py:830} INFO - Processing file /home/airflow/.local/lib/python3.12/site-packages/airflow/example_dags/example_python_decorator.py for tasks to queue
[2025-08-11T11:40:07.882+0000] {logging_mixin.py:188} INFO - [2025-08-11T11:40:07.882+0000] {dagbag.py:545} INFO - Filling up the DagBag from /home/airflow/.local/lib/python3.12/site-packages/airflow/example_dags/example_python_decorator.py
[2025-08-11T11:40:07.890+0000] {processor.py:840} INFO - DAG(s) 'example_python_decorator' retrieved from /home/airflow/.local/lib/python3.12/site-packages/airflow/example_dags/example_python_decorator.py
[2025-08-11T11:40:07.908+0000] {logging_mixin.py:188} INFO - [2025-08-11T11:40:07.907+0000] {dag.py:3096} INFO - Sync 1 DAGs
[2025-08-11T11:40:07.916+0000] {logging_mixin.py:188} INFO - [2025-08-11T11:40:07.916+0000] {dag.py:3954} INFO - Setting next_dagrun for example_python_decorator to None, run_after=None
[2025-08-11T11:40:07.930+0000] {processor.py:183} INFO - Processing /home/airflow/.local/lib/python3.12/site-packages/airflow/example_dags/example_python_decorator.py took 0.054 seconds
[2025-08-11T11:40:38.998+0000] {processor.py:161} INFO - Started process (PID=683) to work on /home/airflow/.local/lib/python3.12/site-packages/airflow/example_dags/example_python_decorator.py
[2025-08-11T11:40:39.000+0000] {processor.py:830} INFO - Processing file /home/airflow/.local/lib/python3.12/site-packages/airflow/example_dags/example_python_decorator.py for tasks to queue
[2025-08-11T11:40:39.001+0000] {logging_mixin.py:188} INFO - [2025-08-11T11:40:39.001+0000] {dagbag.py:545} INFO - Filling up the DagBag from /home/airflow/.local/lib/python3.12/site-packages/airflow/example_dags/example_python_decorator.py
[2025-08-11T11:40:39.017+0000] {processor.py:840} INFO - DAG(s) 'example_python_decorator' retrieved from /home/airflow/.local/lib/python3.12/site-packages/airflow/example_dags/example_python_decorator.py
[2025-08-11T11:40:39.035+0000] {logging_mixin.py:188} INFO - [2025-08-11T11:40:39.035+0000] {dag.py:3096} INFO - Sync 1 DAGs
[2025-08-11T11:40:39.045+0000] {logging_mixin.py:188} INFO - [2025-08-11T11:40:39.045+0000] {dag.py:3954} INFO - Setting next_dagrun for example_python_decorator to None, run_after=None
[2025-08-11T11:40:39.059+0000] {processor.py:183} INFO - Processing /home/airflow/.local/lib/python3.12/site-packages/airflow/example_dags/example_python_decorator.py took 0.067 seconds
[2025-08-11T11:41:10.045+0000] {processor.py:161} INFO - Started process (PID=741) to work on /home/airflow/.local/lib/python3.12/site-packages/airflow/example_dags/example_python_decorator.py
[2025-08-11T11:41:10.046+0000] {processor.py:830} INFO - Processing file /home/airflow/.local/lib/python3.12/site-packages/airflow/example_dags/example_python_decorator.py for tasks to queue
[2025-08-11T11:41:10.049+0000] {logging_mixin.py:188} INFO - [2025-08-11T11:41:10.049+0000] {dagbag.py:545} INFO - Filling up the DagBag from /home/airflow/.local/lib/python3.12/site-packages/airflow/example_dags/example_python_decorator.py
[2025-08-11T11:41:10.057+0000] {processor.py:840} INFO - DAG(s) 'example_python_decorator' retrieved from /home/airflow/.local/lib/python3.12/site-packages/airflow/example_dags/example_python_decorator.py
[2025-08-11T11:41:10.079+0000] {logging_mixin.py:188} INFO - [2025-08-11T11:41:10.079+0000] {dag.py:3096} INFO - Sync 1 DAGs
[2025-08-11T11:41:10.086+0000] {logging_mixin.py:188} INFO - [2025-08-11T11:41:10.086+0000] {dag.py:3954} INFO - Setting next_dagrun for example_python_decorator to None, run_after=None
[2025-08-11T11:41:10.100+0000] {processor.py:183} INFO - Processing /home/airflow/.local/lib/python3.12/site-packages/airflow/example_dags/example_python_decorator.py took 0.059 seconds
[2025-08-11T11:41:40.647+0000] {processor.py:161} INFO - Started process (PID=799) to work on /home/airflow/.local/lib/python3.12/site-packages/airflow/example_dags/example_python_decorator.py
[2025-08-11T11:41:40.648+0000] {processor.py:830} INFO - Processing file /home/airflow/.local/lib/python3.12/site-packages/airflow/example_dags/example_python_decorator.py for tasks to queue
[2025-08-11T11:41:40.649+0000] {logging_mixin.py:188} INFO - [2025-08-11T11:41:40.649+0000] {dagbag.py:545} INFO - Filling up the DagBag from /home/airflow/.local/lib/python3.12/site-packages/airflow/example_dags/example_python_decorator.py
[2025-08-11T11:41:40.658+0000] {processor.py:840} INFO - DAG(s) 'example_python_decorator' retrieved from /home/airflow/.local/lib/python3.12/site-packages/airflow/example_dags/example_python_decorator.py
[2025-08-11T11:41:40.676+0000] {logging_mixin.py:188} INFO - [2025-08-11T11:41:40.676+0000] {dag.py:3096} INFO - Sync 1 DAGs
[2025-08-11T11:41:40.684+0000] {logging_mixin.py:188} INFO - [2025-08-11T11:41:40.684+0000] {dag.py:3954} INFO - Setting next_dagrun for example_python_decorator to None, run_after=None
[2025-08-11T11:41:40.700+0000] {processor.py:183} INFO - Processing /home/airflow/.local/lib/python3.12/site-packages/airflow/example_dags/example_python_decorator.py took 0.058 seconds
[2025-08-11T11:42:11.775+0000] {processor.py:161} INFO - Started process (PID=857) to work on /home/airflow/.local/lib/python3.12/site-packages/airflow/example_dags/example_python_decorator.py
[2025-08-11T11:42:11.776+0000] {processor.py:830} INFO - Processing file /home/airflow/.local/lib/python3.12/site-packages/airflow/example_dags/example_python_decorator.py for tasks to queue
[2025-08-11T11:42:11.777+0000] {logging_mixin.py:188} INFO - [2025-08-11T11:42:11.777+0000] {dagbag.py:545} INFO - Filling up the DagBag from /home/airflow/.local/lib/python3.12/site-packages/airflow/example_dags/example_python_decorator.py
[2025-08-11T11:42:11.786+0000] {processor.py:840} INFO - DAG(s) 'example_python_decorator' retrieved from /home/airflow/.local/lib/python3.12/site-packages/airflow/example_dags/example_python_decorator.py
[2025-08-11T11:42:11.800+0000] {logging_mixin.py:188} INFO - [2025-08-11T11:42:11.800+0000] {dag.py:3096} INFO - Sync 1 DAGs
[2025-08-11T11:42:11.810+0000] {logging_mixin.py:188} INFO - [2025-08-11T11:42:11.810+0000] {dag.py:3954} INFO - Setting next_dagrun for example_python_decorator to None, run_after=None
[2025-08-11T11:42:11.821+0000] {processor.py:183} INFO - Processing /home/airflow/.local/lib/python3.12/site-packages/airflow/example_dags/example_python_decorator.py took 0.050 seconds
[2025-08-11T11:42:42.694+0000] {processor.py:161} INFO - Started process (PID=915) to work on /home/airflow/.local/lib/python3.12/site-packages/airflow/example_dags/example_python_decorator.py
[2025-08-11T11:42:42.695+0000] {processor.py:830} INFO - Processing file /home/airflow/.local/lib/python3.12/site-packages/airflow/example_dags/example_python_decorator.py for tasks to queue
[2025-08-11T11:42:42.696+0000] {logging_mixin.py:188} INFO - [2025-08-11T11:42:42.696+0000] {dagbag.py:545} INFO - Filling up the DagBag from /home/airflow/.local/lib/python3.12/site-packages/airflow/example_dags/example_python_decorator.py
[2025-08-11T11:42:42.705+0000] {processor.py:840} INFO - DAG(s) 'example_python_decorator' retrieved from /home/airflow/.local/lib/python3.12/site-packages/airflow/example_dags/example_python_decorator.py
[2025-08-11T11:42:42.723+0000] {logging_mixin.py:188} INFO - [2025-08-11T11:42:42.723+0000] {dag.py:3096} INFO - Sync 1 DAGs
[2025-08-11T11:42:42.733+0000] {logging_mixin.py:188} INFO - [2025-08-11T11:42:42.733+0000] {dag.py:3954} INFO - Setting next_dagrun for example_python_decorator to None, run_after=None
[2025-08-11T11:42:42.745+0000] {processor.py:183} INFO - Processing /home/airflow/.local/lib/python3.12/site-packages/airflow/example_dags/example_python_decorator.py took 0.055 seconds
[2025-08-11T11:43:13.015+0000] {processor.py:161} INFO - Started process (PID=973) to work on /home/airflow/.local/lib/python3.12/site-packages/airflow/example_dags/example_python_decorator.py
[2025-08-11T11:43:13.016+0000] {processor.py:830} INFO - Processing file /home/airflow/.local/lib/python3.12/site-packages/airflow/example_dags/example_python_decorator.py for tasks to queue
[2025-08-11T11:43:13.017+0000] {logging_mixin.py:188} INFO - [2025-08-11T11:43:13.017+0000] {dagbag.py:545} INFO - Filling up the DagBag from /home/airflow/.local/lib/python3.12/site-packages/airflow/example_dags/example_python_decorator.py
[2025-08-11T11:43:13.027+0000] {processor.py:840} INFO - DAG(s) 'example_python_decorator' retrieved from /home/airflow/.local/lib/python3.12/site-packages/airflow/example_dags/example_python_decorator.py
[2025-08-11T11:43:13.047+0000] {logging_mixin.py:188} INFO - [2025-08-11T11:43:13.047+0000] {dag.py:3096} INFO - Sync 1 DAGs
[2025-08-11T11:43:13.058+0000] {logging_mixin.py:188} INFO - [2025-08-11T11:43:13.058+0000] {dag.py:3954} INFO - Setting next_dagrun for example_python_decorator to None, run_after=None
[2025-08-11T11:43:13.075+0000] {processor.py:183} INFO - Processing /home/airflow/.local/lib/python3.12/site-packages/airflow/example_dags/example_python_decorator.py took 0.066 seconds
[2025-08-11T11:43:44.058+0000] {processor.py:161} INFO - Started process (PID=1031) to work on /home/airflow/.local/lib/python3.12/site-packages/airflow/example_dags/example_python_decorator.py
[2025-08-11T11:43:44.065+0000] {processor.py:830} INFO - Processing file /home/airflow/.local/lib/python3.12/site-packages/airflow/example_dags/example_python_decorator.py for tasks to queue
[2025-08-11T11:43:44.066+0000] {logging_mixin.py:188} INFO - [2025-08-11T11:43:44.066+0000] {dagbag.py:545} INFO - Filling up the DagBag from /home/airflow/.local/lib/python3.12/site-packages/airflow/example_dags/example_python_decorator.py
[2025-08-11T11:43:44.078+0000] {processor.py:840} INFO - DAG(s) 'example_python_decorator' retrieved from /home/airflow/.local/lib/python3.12/site-packages/airflow/example_dags/example_python_decorator.py
[2025-08-11T11:43:44.095+0000] {logging_mixin.py:188} INFO - [2025-08-11T11:43:44.094+0000] {dag.py:3096} INFO - Sync 1 DAGs
[2025-08-11T11:43:44.105+0000] {logging_mixin.py:188} INFO - [2025-08-11T11:43:44.105+0000] {dag.py:3954} INFO - Setting next_dagrun for example_python_decorator to None, run_after=None
[2025-08-11T11:43:44.119+0000] {processor.py:183} INFO - Processing /home/airflow/.local/lib/python3.12/site-packages/airflow/example_dags/example_python_decorator.py took 0.066 seconds
[2025-08-11T11:44:14.945+0000] {processor.py:161} INFO - Started process (PID=1089) to work on /home/airflow/.local/lib/python3.12/site-packages/airflow/example_dags/example_python_decorator.py
[2025-08-11T11:44:14.950+0000] {processor.py:830} INFO - Processing file /home/airflow/.local/lib/python3.12/site-packages/airflow/example_dags/example_python_decorator.py for tasks to queue
[2025-08-11T11:44:14.951+0000] {logging_mixin.py:188} INFO - [2025-08-11T11:44:14.951+0000] {dagbag.py:545} INFO - Filling up the DagBag from /home/airflow/.local/lib/python3.12/site-packages/airflow/example_dags/example_python_decorator.py
[2025-08-11T11:44:14.961+0000] {processor.py:840} INFO - DAG(s) 'example_python_decorator' retrieved from /home/airflow/.local/lib/python3.12/site-packages/airflow/example_dags/example_python_decorator.py
[2025-08-11T11:44:14.976+0000] {logging_mixin.py:188} INFO - [2025-08-11T11:44:14.976+0000] {dag.py:3096} INFO - Sync 1 DAGs
[2025-08-11T11:44:14.984+0000] {logging_mixin.py:188} INFO - [2025-08-11T11:44:14.984+0000] {dag.py:3954} INFO - Setting next_dagrun for example_python_decorator to None, run_after=None
[2025-08-11T11:44:14.996+0000] {processor.py:183} INFO - Processing /home/airflow/.local/lib/python3.12/site-packages/airflow/example_dags/example_python_decorator.py took 0.056 seconds
[2025-08-11T11:44:45.464+0000] {processor.py:161} INFO - Started process (PID=1147) to work on /home/airflow/.local/lib/python3.12/site-packages/airflow/example_dags/example_python_decorator.py
[2025-08-11T11:44:45.469+0000] {processor.py:830} INFO - Processing file /home/airflow/.local/lib/python3.12/site-packages/airflow/example_dags/example_python_decorator.py for tasks to queue
[2025-08-11T11:44:45.472+0000] {logging_mixin.py:188} INFO - [2025-08-11T11:44:45.472+0000] {dagbag.py:545} INFO - Filling up the DagBag from /home/airflow/.local/lib/python3.12/site-packages/airflow/example_dags/example_python_decorator.py
[2025-08-11T11:44:45.482+0000] {processor.py:840} INFO - DAG(s) 'example_python_decorator' retrieved from /home/airflow/.local/lib/python3.12/site-packages/airflow/example_dags/example_python_decorator.py
[2025-08-11T11:44:45.499+0000] {logging_mixin.py:188} INFO - [2025-08-11T11:44:45.499+0000] {dag.py:3096} INFO - Sync 1 DAGs
[2025-08-11T11:44:45.508+0000] {logging_mixin.py:188} INFO - [2025-08-11T11:44:45.508+0000] {dag.py:3954} INFO - Setting next_dagrun for example_python_decorator to None, run_after=None
[2025-08-11T11:44:45.519+0000] {processor.py:183} INFO - Processing /home/airflow/.local/lib/python3.12/site-packages/airflow/example_dags/example_python_decorator.py took 0.061 seconds
[2025-08-11T11:45:15.865+0000] {processor.py:161} INFO - Started process (PID=1205) to work on /home/airflow/.local/lib/python3.12/site-packages/airflow/example_dags/example_python_decorator.py
[2025-08-11T11:45:15.868+0000] {processor.py:830} INFO - Processing file /home/airflow/.local/lib/python3.12/site-packages/airflow/example_dags/example_python_decorator.py for tasks to queue
[2025-08-11T11:45:15.871+0000] {logging_mixin.py:188} INFO - [2025-08-11T11:45:15.870+0000] {dagbag.py:545} INFO - Filling up the DagBag from /home/airflow/.local/lib/python3.12/site-packages/airflow/example_dags/example_python_decorator.py
[2025-08-11T11:45:15.883+0000] {processor.py:840} INFO - DAG(s) 'example_python_decorator' retrieved from /home/airflow/.local/lib/python3.12/site-packages/airflow/example_dags/example_python_decorator.py
[2025-08-11T11:45:15.900+0000] {logging_mixin.py:188} INFO - [2025-08-11T11:45:15.900+0000] {dag.py:3096} INFO - Sync 1 DAGs
[2025-08-11T11:45:15.908+0000] {logging_mixin.py:188} INFO - [2025-08-11T11:45:15.908+0000] {dag.py:3954} INFO - Setting next_dagrun for example_python_decorator to None, run_after=None
[2025-08-11T11:45:15.919+0000] {processor.py:183} INFO - Processing /home/airflow/.local/lib/python3.12/site-packages/airflow/example_dags/example_python_decorator.py took 0.059 seconds
[2025-08-11T11:45:46.269+0000] {processor.py:161} INFO - Started process (PID=1263) to work on /home/airflow/.local/lib/python3.12/site-packages/airflow/example_dags/example_python_decorator.py
[2025-08-11T11:45:46.273+0000] {processor.py:830} INFO - Processing file /home/airflow/.local/lib/python3.12/site-packages/airflow/example_dags/example_python_decorator.py for tasks to queue
[2025-08-11T11:45:46.275+0000] {logging_mixin.py:188} INFO - [2025-08-11T11:45:46.275+0000] {dagbag.py:545} INFO - Filling up the DagBag from /home/airflow/.local/lib/python3.12/site-packages/airflow/example_dags/example_python_decorator.py
[2025-08-11T11:45:46.285+0000] {processor.py:840} INFO - DAG(s) 'example_python_decorator' retrieved from /home/airflow/.local/lib/python3.12/site-packages/airflow/example_dags/example_python_decorator.py
[2025-08-11T11:45:46.301+0000] {logging_mixin.py:188} INFO - [2025-08-11T11:45:46.301+0000] {dag.py:3096} INFO - Sync 1 DAGs
[2025-08-11T11:45:46.310+0000] {logging_mixin.py:188} INFO - [2025-08-11T11:45:46.310+0000] {dag.py:3954} INFO - Setting next_dagrun for example_python_decorator to None, run_after=None
[2025-08-11T11:45:46.325+0000] {processor.py:183} INFO - Processing /home/airflow/.local/lib/python3.12/site-packages/airflow/example_dags/example_python_decorator.py took 0.060 seconds
[2025-08-11T11:46:16.473+0000] {processor.py:161} INFO - Started process (PID=1322) to work on /home/airflow/.local/lib/python3.12/site-packages/airflow/example_dags/example_python_decorator.py
[2025-08-11T11:46:16.480+0000] {processor.py:830} INFO - Processing file /home/airflow/.local/lib/python3.12/site-packages/airflow/example_dags/example_python_decorator.py for tasks to queue
[2025-08-11T11:46:16.482+0000] {logging_mixin.py:188} INFO - [2025-08-11T11:46:16.481+0000] {dagbag.py:545} INFO - Filling up the DagBag from /home/airflow/.local/lib/python3.12/site-packages/airflow/example_dags/example_python_decorator.py
[2025-08-11T11:46:16.492+0000] {processor.py:840} INFO - DAG(s) 'example_python_decorator' retrieved from /home/airflow/.local/lib/python3.12/site-packages/airflow/example_dags/example_python_decorator.py
[2025-08-11T11:46:16.507+0000] {logging_mixin.py:188} INFO - [2025-08-11T11:46:16.507+0000] {dag.py:3096} INFO - Sync 1 DAGs
[2025-08-11T11:46:16.515+0000] {logging_mixin.py:188} INFO - [2025-08-11T11:46:16.515+0000] {dag.py:3954} INFO - Setting next_dagrun for example_python_decorator to None, run_after=None
[2025-08-11T11:46:16.527+0000] {processor.py:183} INFO - Processing /home/airflow/.local/lib/python3.12/site-packages/airflow/example_dags/example_python_decorator.py took 0.059 seconds
