[2025-08-11T11:35:32.248+0000] {processor.py:161} INFO - Started process (PID=84) to work on /home/airflow/.local/lib/python3.12/site-packages/airflow/example_dags/example_short_circuit_operator.py
[2025-08-11T11:35:32.249+0000] {processor.py:830} INFO - Processing file /home/airflow/.local/lib/python3.12/site-packages/airflow/example_dags/example_short_circuit_operator.py for tasks to queue
[2025-08-11T11:35:32.251+0000] {logging_mixin.py:188} INFO - [2025-08-11T11:35:32.251+0000] {dagbag.py:545} INFO - Filling up the DagBag from /home/airflow/.local/lib/python3.12/site-packages/airflow/example_dags/example_short_circuit_operator.py
[2025-08-11T11:35:32.266+0000] {processor.py:840} INFO - DAG(s) 'example_short_circuit_operator' retrieved from /home/airflow/.local/lib/python3.12/site-packages/airflow/example_dags/example_short_circuit_operator.py
[2025-08-11T11:35:32.413+0000] {logging_mixin.py:188} INFO - [2025-08-11T11:35:32.412+0000] {override.py:1829} INFO - Created Permission View: can read on DAG:example_short_circuit_operator
[2025-08-11T11:35:32.422+0000] {logging_mixin.py:188} INFO - [2025-08-11T11:35:32.422+0000] {override.py:1829} INFO - Created Permission View: can delete on DAG:example_short_circuit_operator
[2025-08-11T11:35:32.429+0000] {logging_mixin.py:188} INFO - [2025-08-11T11:35:32.429+0000] {override.py:1829} INFO - Created Permission View: can edit on DAG:example_short_circuit_operator
[2025-08-11T11:35:32.430+0000] {logging_mixin.py:188} INFO - [2025-08-11T11:35:32.429+0000] {dag.py:3096} INFO - Sync 1 DAGs
[2025-08-11T11:35:32.447+0000] {logging_mixin.py:188} INFO - [2025-08-11T11:35:32.446+0000] {dag.py:3118} INFO - Creating ORM DAG for example_short_circuit_operator
[2025-08-11T11:35:32.468+0000] {logging_mixin.py:188} INFO - [2025-08-11T11:35:32.467+0000] {dag.py:3954} INFO - Setting next_dagrun for example_short_circuit_operator to 2025-08-10 00:00:00+00:00, run_after=2025-08-11 00:00:00+00:00
[2025-08-11T11:35:32.486+0000] {processor.py:183} INFO - Processing /home/airflow/.local/lib/python3.12/site-packages/airflow/example_dags/example_short_circuit_operator.py took 0.243 seconds
[2025-08-11T11:36:03.334+0000] {processor.py:161} INFO - Started process (PID=142) to work on /home/airflow/.local/lib/python3.12/site-packages/airflow/example_dags/example_short_circuit_operator.py
[2025-08-11T11:36:03.336+0000] {processor.py:830} INFO - Processing file /home/airflow/.local/lib/python3.12/site-packages/airflow/example_dags/example_short_circuit_operator.py for tasks to queue
[2025-08-11T11:36:03.337+0000] {logging_mixin.py:188} INFO - [2025-08-11T11:36:03.337+0000] {dagbag.py:545} INFO - Filling up the DagBag from /home/airflow/.local/lib/python3.12/site-packages/airflow/example_dags/example_short_circuit_operator.py
[2025-08-11T11:36:03.349+0000] {processor.py:840} INFO - DAG(s) 'example_short_circuit_operator' retrieved from /home/airflow/.local/lib/python3.12/site-packages/airflow/example_dags/example_short_circuit_operator.py
[2025-08-11T11:36:03.382+0000] {logging_mixin.py:188} INFO - [2025-08-11T11:36:03.380+0000] {dag.py:3096} INFO - Sync 1 DAGs
[2025-08-11T11:36:03.401+0000] {logging_mixin.py:188} INFO - [2025-08-11T11:36:03.401+0000] {dag.py:3954} INFO - Setting next_dagrun for example_short_circuit_operator to 2025-08-10 00:00:00+00:00, run_after=2025-08-11 00:00:00+00:00
[2025-08-11T11:36:03.415+0000] {processor.py:183} INFO - Processing /home/airflow/.local/lib/python3.12/site-packages/airflow/example_dags/example_short_circuit_operator.py took 0.089 seconds
[2025-08-11T11:36:34.451+0000] {processor.py:161} INFO - Started process (PID=200) to work on /home/airflow/.local/lib/python3.12/site-packages/airflow/example_dags/example_short_circuit_operator.py
[2025-08-11T11:36:34.453+0000] {processor.py:830} INFO - Processing file /home/airflow/.local/lib/python3.12/site-packages/airflow/example_dags/example_short_circuit_operator.py for tasks to queue
[2025-08-11T11:36:34.455+0000] {logging_mixin.py:188} INFO - [2025-08-11T11:36:34.455+0000] {dagbag.py:545} INFO - Filling up the DagBag from /home/airflow/.local/lib/python3.12/site-packages/airflow/example_dags/example_short_circuit_operator.py
[2025-08-11T11:36:34.464+0000] {processor.py:840} INFO - DAG(s) 'example_short_circuit_operator' retrieved from /home/airflow/.local/lib/python3.12/site-packages/airflow/example_dags/example_short_circuit_operator.py
[2025-08-11T11:36:34.492+0000] {logging_mixin.py:188} INFO - [2025-08-11T11:36:34.492+0000] {dag.py:3096} INFO - Sync 1 DAGs
[2025-08-11T11:36:34.511+0000] {logging_mixin.py:188} INFO - [2025-08-11T11:36:34.511+0000] {dag.py:3954} INFO - Setting next_dagrun for example_short_circuit_operator to 2025-08-10 00:00:00+00:00, run_after=2025-08-11 00:00:00+00:00
[2025-08-11T11:36:34.526+0000] {processor.py:183} INFO - Processing /home/airflow/.local/lib/python3.12/site-packages/airflow/example_dags/example_short_circuit_operator.py took 0.083 seconds
[2025-08-11T11:37:04.750+0000] {processor.py:161} INFO - Started process (PID=258) to work on /home/airflow/.local/lib/python3.12/site-packages/airflow/example_dags/example_short_circuit_operator.py
[2025-08-11T11:37:04.751+0000] {processor.py:830} INFO - Processing file /home/airflow/.local/lib/python3.12/site-packages/airflow/example_dags/example_short_circuit_operator.py for tasks to queue
[2025-08-11T11:37:04.753+0000] {logging_mixin.py:188} INFO - [2025-08-11T11:37:04.753+0000] {dagbag.py:545} INFO - Filling up the DagBag from /home/airflow/.local/lib/python3.12/site-packages/airflow/example_dags/example_short_circuit_operator.py
[2025-08-11T11:37:04.759+0000] {processor.py:840} INFO - DAG(s) 'example_short_circuit_operator' retrieved from /home/airflow/.local/lib/python3.12/site-packages/airflow/example_dags/example_short_circuit_operator.py
[2025-08-11T11:37:04.780+0000] {logging_mixin.py:188} INFO - [2025-08-11T11:37:04.780+0000] {dag.py:3096} INFO - Sync 1 DAGs
[2025-08-11T11:37:04.799+0000] {logging_mixin.py:188} INFO - [2025-08-11T11:37:04.799+0000] {dag.py:3954} INFO - Setting next_dagrun for example_short_circuit_operator to 2025-08-10 00:00:00+00:00, run_after=2025-08-11 00:00:00+00:00
[2025-08-11T11:37:04.814+0000] {processor.py:183} INFO - Processing /home/airflow/.local/lib/python3.12/site-packages/airflow/example_dags/example_short_circuit_operator.py took 0.069 seconds
[2025-08-11T11:37:35.210+0000] {processor.py:161} INFO - Started process (PID=316) to work on /home/airflow/.local/lib/python3.12/site-packages/airflow/example_dags/example_short_circuit_operator.py
[2025-08-11T11:37:35.212+0000] {processor.py:830} INFO - Processing file /home/airflow/.local/lib/python3.12/site-packages/airflow/example_dags/example_short_circuit_operator.py for tasks to queue
[2025-08-11T11:37:35.214+0000] {logging_mixin.py:188} INFO - [2025-08-11T11:37:35.213+0000] {dagbag.py:545} INFO - Filling up the DagBag from /home/airflow/.local/lib/python3.12/site-packages/airflow/example_dags/example_short_circuit_operator.py
[2025-08-11T11:37:35.229+0000] {processor.py:840} INFO - DAG(s) 'example_short_circuit_operator' retrieved from /home/airflow/.local/lib/python3.12/site-packages/airflow/example_dags/example_short_circuit_operator.py
[2025-08-11T11:37:35.254+0000] {logging_mixin.py:188} INFO - [2025-08-11T11:37:35.254+0000] {dag.py:3096} INFO - Sync 1 DAGs
[2025-08-11T11:37:35.276+0000] {logging_mixin.py:188} INFO - [2025-08-11T11:37:35.276+0000] {dag.py:3954} INFO - Setting next_dagrun for example_short_circuit_operator to 2025-08-10 00:00:00+00:00, run_after=2025-08-11 00:00:00+00:00
[2025-08-11T11:37:35.292+0000] {processor.py:183} INFO - Processing /home/airflow/.local/lib/python3.12/site-packages/airflow/example_dags/example_short_circuit_operator.py took 0.090 seconds
[2025-08-11T11:38:05.596+0000] {processor.py:161} INFO - Started process (PID=373) to work on /home/airflow/.local/lib/python3.12/site-packages/airflow/example_dags/example_short_circuit_operator.py
[2025-08-11T11:38:05.602+0000] {processor.py:830} INFO - Processing file /home/airflow/.local/lib/python3.12/site-packages/airflow/example_dags/example_short_circuit_operator.py for tasks to queue
[2025-08-11T11:38:05.605+0000] {logging_mixin.py:188} INFO - [2025-08-11T11:38:05.605+0000] {dagbag.py:545} INFO - Filling up the DagBag from /home/airflow/.local/lib/python3.12/site-packages/airflow/example_dags/example_short_circuit_operator.py
[2025-08-11T11:38:05.622+0000] {processor.py:840} INFO - DAG(s) 'example_short_circuit_operator' retrieved from /home/airflow/.local/lib/python3.12/site-packages/airflow/example_dags/example_short_circuit_operator.py
[2025-08-11T11:38:05.652+0000] {logging_mixin.py:188} INFO - [2025-08-11T11:38:05.651+0000] {dag.py:3096} INFO - Sync 1 DAGs
[2025-08-11T11:38:05.676+0000] {logging_mixin.py:188} INFO - [2025-08-11T11:38:05.675+0000] {dag.py:3954} INFO - Setting next_dagrun for example_short_circuit_operator to 2025-08-10 00:00:00+00:00, run_after=2025-08-11 00:00:00+00:00
[2025-08-11T11:38:05.690+0000] {processor.py:183} INFO - Processing /home/airflow/.local/lib/python3.12/site-packages/airflow/example_dags/example_short_circuit_operator.py took 0.103 seconds
[2025-08-11T11:38:36.095+0000] {processor.py:161} INFO - Started process (PID=431) to work on /home/airflow/.local/lib/python3.12/site-packages/airflow/example_dags/example_short_circuit_operator.py
[2025-08-11T11:38:36.097+0000] {processor.py:830} INFO - Processing file /home/airflow/.local/lib/python3.12/site-packages/airflow/example_dags/example_short_circuit_operator.py for tasks to queue
[2025-08-11T11:38:36.099+0000] {logging_mixin.py:188} INFO - [2025-08-11T11:38:36.098+0000] {dagbag.py:545} INFO - Filling up the DagBag from /home/airflow/.local/lib/python3.12/site-packages/airflow/example_dags/example_short_circuit_operator.py
[2025-08-11T11:38:36.106+0000] {processor.py:840} INFO - DAG(s) 'example_short_circuit_operator' retrieved from /home/airflow/.local/lib/python3.12/site-packages/airflow/example_dags/example_short_circuit_operator.py
[2025-08-11T11:38:36.127+0000] {logging_mixin.py:188} INFO - [2025-08-11T11:38:36.127+0000] {dag.py:3096} INFO - Sync 1 DAGs
[2025-08-11T11:38:36.146+0000] {logging_mixin.py:188} INFO - [2025-08-11T11:38:36.146+0000] {dag.py:3954} INFO - Setting next_dagrun for example_short_circuit_operator to 2025-08-10 00:00:00+00:00, run_after=2025-08-11 00:00:00+00:00
[2025-08-11T11:38:36.160+0000] {processor.py:183} INFO - Processing /home/airflow/.local/lib/python3.12/site-packages/airflow/example_dags/example_short_circuit_operator.py took 0.072 seconds
[2025-08-11T11:39:06.493+0000] {processor.py:161} INFO - Started process (PID=489) to work on /home/airflow/.local/lib/python3.12/site-packages/airflow/example_dags/example_short_circuit_operator.py
[2025-08-11T11:39:06.494+0000] {processor.py:830} INFO - Processing file /home/airflow/.local/lib/python3.12/site-packages/airflow/example_dags/example_short_circuit_operator.py for tasks to queue
[2025-08-11T11:39:06.498+0000] {logging_mixin.py:188} INFO - [2025-08-11T11:39:06.498+0000] {dagbag.py:545} INFO - Filling up the DagBag from /home/airflow/.local/lib/python3.12/site-packages/airflow/example_dags/example_short_circuit_operator.py
[2025-08-11T11:39:06.504+0000] {processor.py:840} INFO - DAG(s) 'example_short_circuit_operator' retrieved from /home/airflow/.local/lib/python3.12/site-packages/airflow/example_dags/example_short_circuit_operator.py
[2025-08-11T11:39:06.520+0000] {logging_mixin.py:188} INFO - [2025-08-11T11:39:06.519+0000] {dag.py:3096} INFO - Sync 1 DAGs
[2025-08-11T11:39:06.537+0000] {logging_mixin.py:188} INFO - [2025-08-11T11:39:06.537+0000] {dag.py:3954} INFO - Setting next_dagrun for example_short_circuit_operator to 2025-08-10 00:00:00+00:00, run_after=2025-08-11 00:00:00+00:00
[2025-08-11T11:39:06.553+0000] {processor.py:183} INFO - Processing /home/airflow/.local/lib/python3.12/site-packages/airflow/example_dags/example_short_circuit_operator.py took 0.066 seconds
[2025-08-11T11:39:36.797+0000] {processor.py:161} INFO - Started process (PID=547) to work on /home/airflow/.local/lib/python3.12/site-packages/airflow/example_dags/example_short_circuit_operator.py
[2025-08-11T11:39:36.799+0000] {processor.py:830} INFO - Processing file /home/airflow/.local/lib/python3.12/site-packages/airflow/example_dags/example_short_circuit_operator.py for tasks to queue
[2025-08-11T11:39:36.801+0000] {logging_mixin.py:188} INFO - [2025-08-11T11:39:36.801+0000] {dagbag.py:545} INFO - Filling up the DagBag from /home/airflow/.local/lib/python3.12/site-packages/airflow/example_dags/example_short_circuit_operator.py
[2025-08-11T11:39:36.806+0000] {processor.py:840} INFO - DAG(s) 'example_short_circuit_operator' retrieved from /home/airflow/.local/lib/python3.12/site-packages/airflow/example_dags/example_short_circuit_operator.py
[2025-08-11T11:39:36.820+0000] {logging_mixin.py:188} INFO - [2025-08-11T11:39:36.820+0000] {dag.py:3096} INFO - Sync 1 DAGs
[2025-08-11T11:39:36.835+0000] {logging_mixin.py:188} INFO - [2025-08-11T11:39:36.835+0000] {dag.py:3954} INFO - Setting next_dagrun for example_short_circuit_operator to 2025-08-10 00:00:00+00:00, run_after=2025-08-11 00:00:00+00:00
[2025-08-11T11:39:36.846+0000] {processor.py:183} INFO - Processing /home/airflow/.local/lib/python3.12/site-packages/airflow/example_dags/example_short_circuit_operator.py took 0.055 seconds
[2025-08-11T11:40:07.084+0000] {processor.py:161} INFO - Started process (PID=605) to work on /home/airflow/.local/lib/python3.12/site-packages/airflow/example_dags/example_short_circuit_operator.py
[2025-08-11T11:40:07.086+0000] {processor.py:830} INFO - Processing file /home/airflow/.local/lib/python3.12/site-packages/airflow/example_dags/example_short_circuit_operator.py for tasks to queue
[2025-08-11T11:40:07.088+0000] {logging_mixin.py:188} INFO - [2025-08-11T11:40:07.088+0000] {dagbag.py:545} INFO - Filling up the DagBag from /home/airflow/.local/lib/python3.12/site-packages/airflow/example_dags/example_short_circuit_operator.py
[2025-08-11T11:40:07.093+0000] {processor.py:840} INFO - DAG(s) 'example_short_circuit_operator' retrieved from /home/airflow/.local/lib/python3.12/site-packages/airflow/example_dags/example_short_circuit_operator.py
[2025-08-11T11:40:07.109+0000] {logging_mixin.py:188} INFO - [2025-08-11T11:40:07.109+0000] {dag.py:3096} INFO - Sync 1 DAGs
[2025-08-11T11:40:07.123+0000] {logging_mixin.py:188} INFO - [2025-08-11T11:40:07.123+0000] {dag.py:3954} INFO - Setting next_dagrun for example_short_circuit_operator to 2025-08-10 00:00:00+00:00, run_after=2025-08-11 00:00:00+00:00
[2025-08-11T11:40:07.134+0000] {processor.py:183} INFO - Processing /home/airflow/.local/lib/python3.12/site-packages/airflow/example_dags/example_short_circuit_operator.py took 0.056 seconds
[2025-08-11T11:40:38.135+0000] {processor.py:161} INFO - Started process (PID=663) to work on /home/airflow/.local/lib/python3.12/site-packages/airflow/example_dags/example_short_circuit_operator.py
[2025-08-11T11:40:38.138+0000] {processor.py:830} INFO - Processing file /home/airflow/.local/lib/python3.12/site-packages/airflow/example_dags/example_short_circuit_operator.py for tasks to queue
[2025-08-11T11:40:38.141+0000] {logging_mixin.py:188} INFO - [2025-08-11T11:40:38.140+0000] {dagbag.py:545} INFO - Filling up the DagBag from /home/airflow/.local/lib/python3.12/site-packages/airflow/example_dags/example_short_circuit_operator.py
[2025-08-11T11:40:38.149+0000] {processor.py:840} INFO - DAG(s) 'example_short_circuit_operator' retrieved from /home/airflow/.local/lib/python3.12/site-packages/airflow/example_dags/example_short_circuit_operator.py
[2025-08-11T11:40:38.168+0000] {logging_mixin.py:188} INFO - [2025-08-11T11:40:38.168+0000] {dag.py:3096} INFO - Sync 1 DAGs
[2025-08-11T11:40:38.190+0000] {logging_mixin.py:188} INFO - [2025-08-11T11:40:38.189+0000] {dag.py:3954} INFO - Setting next_dagrun for example_short_circuit_operator to 2025-08-10 00:00:00+00:00, run_after=2025-08-11 00:00:00+00:00
[2025-08-11T11:40:38.205+0000] {processor.py:183} INFO - Processing /home/airflow/.local/lib/python3.12/site-packages/airflow/example_dags/example_short_circuit_operator.py took 0.080 seconds
[2025-08-11T11:41:09.188+0000] {processor.py:161} INFO - Started process (PID=721) to work on /home/airflow/.local/lib/python3.12/site-packages/airflow/example_dags/example_short_circuit_operator.py
[2025-08-11T11:41:09.190+0000] {processor.py:830} INFO - Processing file /home/airflow/.local/lib/python3.12/site-packages/airflow/example_dags/example_short_circuit_operator.py for tasks to queue
[2025-08-11T11:41:09.191+0000] {logging_mixin.py:188} INFO - [2025-08-11T11:41:09.191+0000] {dagbag.py:545} INFO - Filling up the DagBag from /home/airflow/.local/lib/python3.12/site-packages/airflow/example_dags/example_short_circuit_operator.py
[2025-08-11T11:41:09.198+0000] {processor.py:840} INFO - DAG(s) 'example_short_circuit_operator' retrieved from /home/airflow/.local/lib/python3.12/site-packages/airflow/example_dags/example_short_circuit_operator.py
[2025-08-11T11:41:09.222+0000] {logging_mixin.py:188} INFO - [2025-08-11T11:41:09.221+0000] {dag.py:3096} INFO - Sync 1 DAGs
[2025-08-11T11:41:09.237+0000] {logging_mixin.py:188} INFO - [2025-08-11T11:41:09.237+0000] {dag.py:3954} INFO - Setting next_dagrun for example_short_circuit_operator to 2025-08-10 00:00:00+00:00, run_after=2025-08-11 00:00:00+00:00
[2025-08-11T11:41:09.257+0000] {processor.py:183} INFO - Processing /home/airflow/.local/lib/python3.12/site-packages/airflow/example_dags/example_short_circuit_operator.py took 0.076 seconds
[2025-08-11T11:41:39.605+0000] {processor.py:161} INFO - Started process (PID=779) to work on /home/airflow/.local/lib/python3.12/site-packages/airflow/example_dags/example_short_circuit_operator.py
[2025-08-11T11:41:39.608+0000] {processor.py:830} INFO - Processing file /home/airflow/.local/lib/python3.12/site-packages/airflow/example_dags/example_short_circuit_operator.py for tasks to queue
[2025-08-11T11:41:39.611+0000] {logging_mixin.py:188} INFO - [2025-08-11T11:41:39.611+0000] {dagbag.py:545} INFO - Filling up the DagBag from /home/airflow/.local/lib/python3.12/site-packages/airflow/example_dags/example_short_circuit_operator.py
[2025-08-11T11:41:39.621+0000] {processor.py:840} INFO - DAG(s) 'example_short_circuit_operator' retrieved from /home/airflow/.local/lib/python3.12/site-packages/airflow/example_dags/example_short_circuit_operator.py
[2025-08-11T11:41:39.646+0000] {logging_mixin.py:188} INFO - [2025-08-11T11:41:39.646+0000] {dag.py:3096} INFO - Sync 1 DAGs
[2025-08-11T11:41:39.668+0000] {logging_mixin.py:188} INFO - [2025-08-11T11:41:39.668+0000] {dag.py:3954} INFO - Setting next_dagrun for example_short_circuit_operator to 2025-08-10 00:00:00+00:00, run_after=2025-08-11 00:00:00+00:00
[2025-08-11T11:41:39.687+0000] {processor.py:183} INFO - Processing /home/airflow/.local/lib/python3.12/site-packages/airflow/example_dags/example_short_circuit_operator.py took 0.096 seconds
[2025-08-11T11:42:09.717+0000] {processor.py:161} INFO - Started process (PID=837) to work on /home/airflow/.local/lib/python3.12/site-packages/airflow/example_dags/example_short_circuit_operator.py
[2025-08-11T11:42:09.718+0000] {processor.py:830} INFO - Processing file /home/airflow/.local/lib/python3.12/site-packages/airflow/example_dags/example_short_circuit_operator.py for tasks to queue
[2025-08-11T11:42:09.719+0000] {logging_mixin.py:188} INFO - [2025-08-11T11:42:09.719+0000] {dagbag.py:545} INFO - Filling up the DagBag from /home/airflow/.local/lib/python3.12/site-packages/airflow/example_dags/example_short_circuit_operator.py
[2025-08-11T11:42:09.724+0000] {processor.py:840} INFO - DAG(s) 'example_short_circuit_operator' retrieved from /home/airflow/.local/lib/python3.12/site-packages/airflow/example_dags/example_short_circuit_operator.py
[2025-08-11T11:42:09.738+0000] {logging_mixin.py:188} INFO - [2025-08-11T11:42:09.738+0000] {dag.py:3096} INFO - Sync 1 DAGs
[2025-08-11T11:42:09.750+0000] {logging_mixin.py:188} INFO - [2025-08-11T11:42:09.750+0000] {dag.py:3954} INFO - Setting next_dagrun for example_short_circuit_operator to 2025-08-10 00:00:00+00:00, run_after=2025-08-11 00:00:00+00:00
[2025-08-11T11:42:09.761+0000] {processor.py:183} INFO - Processing /home/airflow/.local/lib/python3.12/site-packages/airflow/example_dags/example_short_circuit_operator.py took 0.047 seconds
[2025-08-11T11:42:40.128+0000] {processor.py:161} INFO - Started process (PID=895) to work on /home/airflow/.local/lib/python3.12/site-packages/airflow/example_dags/example_short_circuit_operator.py
[2025-08-11T11:42:40.129+0000] {processor.py:830} INFO - Processing file /home/airflow/.local/lib/python3.12/site-packages/airflow/example_dags/example_short_circuit_operator.py for tasks to queue
[2025-08-11T11:42:40.131+0000] {logging_mixin.py:188} INFO - [2025-08-11T11:42:40.130+0000] {dagbag.py:545} INFO - Filling up the DagBag from /home/airflow/.local/lib/python3.12/site-packages/airflow/example_dags/example_short_circuit_operator.py
[2025-08-11T11:42:40.136+0000] {processor.py:840} INFO - DAG(s) 'example_short_circuit_operator' retrieved from /home/airflow/.local/lib/python3.12/site-packages/airflow/example_dags/example_short_circuit_operator.py
[2025-08-11T11:42:40.152+0000] {logging_mixin.py:188} INFO - [2025-08-11T11:42:40.151+0000] {dag.py:3096} INFO - Sync 1 DAGs
[2025-08-11T11:42:40.167+0000] {logging_mixin.py:188} INFO - [2025-08-11T11:42:40.167+0000] {dag.py:3954} INFO - Setting next_dagrun for example_short_circuit_operator to 2025-08-10 00:00:00+00:00, run_after=2025-08-11 00:00:00+00:00
[2025-08-11T11:42:40.180+0000] {processor.py:183} INFO - Processing /home/airflow/.local/lib/python3.12/site-packages/airflow/example_dags/example_short_circuit_operator.py took 0.057 seconds
[2025-08-11T11:43:10.893+0000] {processor.py:161} INFO - Started process (PID=953) to work on /home/airflow/.local/lib/python3.12/site-packages/airflow/example_dags/example_short_circuit_operator.py
[2025-08-11T11:43:10.894+0000] {processor.py:830} INFO - Processing file /home/airflow/.local/lib/python3.12/site-packages/airflow/example_dags/example_short_circuit_operator.py for tasks to queue
[2025-08-11T11:43:10.895+0000] {logging_mixin.py:188} INFO - [2025-08-11T11:43:10.895+0000] {dagbag.py:545} INFO - Filling up the DagBag from /home/airflow/.local/lib/python3.12/site-packages/airflow/example_dags/example_short_circuit_operator.py
[2025-08-11T11:43:10.902+0000] {processor.py:840} INFO - DAG(s) 'example_short_circuit_operator' retrieved from /home/airflow/.local/lib/python3.12/site-packages/airflow/example_dags/example_short_circuit_operator.py
[2025-08-11T11:43:10.921+0000] {logging_mixin.py:188} INFO - [2025-08-11T11:43:10.921+0000] {dag.py:3096} INFO - Sync 1 DAGs
[2025-08-11T11:43:10.935+0000] {logging_mixin.py:188} INFO - [2025-08-11T11:43:10.935+0000] {dag.py:3954} INFO - Setting next_dagrun for example_short_circuit_operator to 2025-08-10 00:00:00+00:00, run_after=2025-08-11 00:00:00+00:00
[2025-08-11T11:43:10.947+0000] {processor.py:183} INFO - Processing /home/airflow/.local/lib/python3.12/site-packages/airflow/example_dags/example_short_circuit_operator.py took 0.060 seconds
[2025-08-11T11:43:41.064+0000] {processor.py:161} INFO - Started process (PID=1011) to work on /home/airflow/.local/lib/python3.12/site-packages/airflow/example_dags/example_short_circuit_operator.py
[2025-08-11T11:43:41.065+0000] {processor.py:830} INFO - Processing file /home/airflow/.local/lib/python3.12/site-packages/airflow/example_dags/example_short_circuit_operator.py for tasks to queue
[2025-08-11T11:43:41.067+0000] {logging_mixin.py:188} INFO - [2025-08-11T11:43:41.067+0000] {dagbag.py:545} INFO - Filling up the DagBag from /home/airflow/.local/lib/python3.12/site-packages/airflow/example_dags/example_short_circuit_operator.py
[2025-08-11T11:43:41.073+0000] {processor.py:840} INFO - DAG(s) 'example_short_circuit_operator' retrieved from /home/airflow/.local/lib/python3.12/site-packages/airflow/example_dags/example_short_circuit_operator.py
[2025-08-11T11:43:41.096+0000] {logging_mixin.py:188} INFO - [2025-08-11T11:43:41.096+0000] {dag.py:3096} INFO - Sync 1 DAGs
[2025-08-11T11:43:41.111+0000] {logging_mixin.py:188} INFO - [2025-08-11T11:43:41.110+0000] {dag.py:3954} INFO - Setting next_dagrun for example_short_circuit_operator to 2025-08-10 00:00:00+00:00, run_after=2025-08-11 00:00:00+00:00
[2025-08-11T11:43:41.123+0000] {processor.py:183} INFO - Processing /home/airflow/.local/lib/python3.12/site-packages/airflow/example_dags/example_short_circuit_operator.py took 0.067 seconds
[2025-08-11T11:44:12.137+0000] {processor.py:161} INFO - Started process (PID=1069) to work on /home/airflow/.local/lib/python3.12/site-packages/airflow/example_dags/example_short_circuit_operator.py
[2025-08-11T11:44:12.138+0000] {processor.py:830} INFO - Processing file /home/airflow/.local/lib/python3.12/site-packages/airflow/example_dags/example_short_circuit_operator.py for tasks to queue
[2025-08-11T11:44:12.140+0000] {logging_mixin.py:188} INFO - [2025-08-11T11:44:12.140+0000] {dagbag.py:545} INFO - Filling up the DagBag from /home/airflow/.local/lib/python3.12/site-packages/airflow/example_dags/example_short_circuit_operator.py
[2025-08-11T11:44:12.145+0000] {processor.py:840} INFO - DAG(s) 'example_short_circuit_operator' retrieved from /home/airflow/.local/lib/python3.12/site-packages/airflow/example_dags/example_short_circuit_operator.py
[2025-08-11T11:44:12.161+0000] {logging_mixin.py:188} INFO - [2025-08-11T11:44:12.161+0000] {dag.py:3096} INFO - Sync 1 DAGs
[2025-08-11T11:44:12.176+0000] {logging_mixin.py:188} INFO - [2025-08-11T11:44:12.176+0000] {dag.py:3954} INFO - Setting next_dagrun for example_short_circuit_operator to 2025-08-10 00:00:00+00:00, run_after=2025-08-11 00:00:00+00:00
[2025-08-11T11:44:12.190+0000] {processor.py:183} INFO - Processing /home/airflow/.local/lib/python3.12/site-packages/airflow/example_dags/example_short_circuit_operator.py took 0.058 seconds
[2025-08-11T11:44:42.568+0000] {processor.py:161} INFO - Started process (PID=1127) to work on /home/airflow/.local/lib/python3.12/site-packages/airflow/example_dags/example_short_circuit_operator.py
[2025-08-11T11:44:42.569+0000] {processor.py:830} INFO - Processing file /home/airflow/.local/lib/python3.12/site-packages/airflow/example_dags/example_short_circuit_operator.py for tasks to queue
[2025-08-11T11:44:42.571+0000] {logging_mixin.py:188} INFO - [2025-08-11T11:44:42.571+0000] {dagbag.py:545} INFO - Filling up the DagBag from /home/airflow/.local/lib/python3.12/site-packages/airflow/example_dags/example_short_circuit_operator.py
[2025-08-11T11:44:42.576+0000] {processor.py:840} INFO - DAG(s) 'example_short_circuit_operator' retrieved from /home/airflow/.local/lib/python3.12/site-packages/airflow/example_dags/example_short_circuit_operator.py
[2025-08-11T11:44:42.591+0000] {logging_mixin.py:188} INFO - [2025-08-11T11:44:42.591+0000] {dag.py:3096} INFO - Sync 1 DAGs
[2025-08-11T11:44:42.607+0000] {logging_mixin.py:188} INFO - [2025-08-11T11:44:42.607+0000] {dag.py:3954} INFO - Setting next_dagrun for example_short_circuit_operator to 2025-08-10 00:00:00+00:00, run_after=2025-08-11 00:00:00+00:00
[2025-08-11T11:44:42.619+0000] {processor.py:183} INFO - Processing /home/airflow/.local/lib/python3.12/site-packages/airflow/example_dags/example_short_circuit_operator.py took 0.054 seconds
[2025-08-11T11:45:13.098+0000] {processor.py:161} INFO - Started process (PID=1185) to work on /home/airflow/.local/lib/python3.12/site-packages/airflow/example_dags/example_short_circuit_operator.py
[2025-08-11T11:45:13.099+0000] {processor.py:830} INFO - Processing file /home/airflow/.local/lib/python3.12/site-packages/airflow/example_dags/example_short_circuit_operator.py for tasks to queue
[2025-08-11T11:45:13.100+0000] {logging_mixin.py:188} INFO - [2025-08-11T11:45:13.100+0000] {dagbag.py:545} INFO - Filling up the DagBag from /home/airflow/.local/lib/python3.12/site-packages/airflow/example_dags/example_short_circuit_operator.py
[2025-08-11T11:45:13.105+0000] {processor.py:840} INFO - DAG(s) 'example_short_circuit_operator' retrieved from /home/airflow/.local/lib/python3.12/site-packages/airflow/example_dags/example_short_circuit_operator.py
[2025-08-11T11:45:13.119+0000] {logging_mixin.py:188} INFO - [2025-08-11T11:45:13.119+0000] {dag.py:3096} INFO - Sync 1 DAGs
[2025-08-11T11:45:13.132+0000] {logging_mixin.py:188} INFO - [2025-08-11T11:45:13.132+0000] {dag.py:3954} INFO - Setting next_dagrun for example_short_circuit_operator to 2025-08-10 00:00:00+00:00, run_after=2025-08-11 00:00:00+00:00
[2025-08-11T11:45:13.142+0000] {processor.py:183} INFO - Processing /home/airflow/.local/lib/python3.12/site-packages/airflow/example_dags/example_short_circuit_operator.py took 0.048 seconds
[2025-08-11T11:45:43.459+0000] {processor.py:161} INFO - Started process (PID=1243) to work on /home/airflow/.local/lib/python3.12/site-packages/airflow/example_dags/example_short_circuit_operator.py
[2025-08-11T11:45:43.460+0000] {processor.py:830} INFO - Processing file /home/airflow/.local/lib/python3.12/site-packages/airflow/example_dags/example_short_circuit_operator.py for tasks to queue
[2025-08-11T11:45:43.462+0000] {logging_mixin.py:188} INFO - [2025-08-11T11:45:43.461+0000] {dagbag.py:545} INFO - Filling up the DagBag from /home/airflow/.local/lib/python3.12/site-packages/airflow/example_dags/example_short_circuit_operator.py
[2025-08-11T11:45:43.466+0000] {processor.py:840} INFO - DAG(s) 'example_short_circuit_operator' retrieved from /home/airflow/.local/lib/python3.12/site-packages/airflow/example_dags/example_short_circuit_operator.py
[2025-08-11T11:45:43.481+0000] {logging_mixin.py:188} INFO - [2025-08-11T11:45:43.481+0000] {dag.py:3096} INFO - Sync 1 DAGs
[2025-08-11T11:45:43.495+0000] {logging_mixin.py:188} INFO - [2025-08-11T11:45:43.495+0000] {dag.py:3954} INFO - Setting next_dagrun for example_short_circuit_operator to 2025-08-10 00:00:00+00:00, run_after=2025-08-11 00:00:00+00:00
[2025-08-11T11:45:43.505+0000] {processor.py:183} INFO - Processing /home/airflow/.local/lib/python3.12/site-packages/airflow/example_dags/example_short_circuit_operator.py took 0.050 seconds
[2025-08-11T11:46:13.733+0000] {processor.py:161} INFO - Started process (PID=1302) to work on /home/airflow/.local/lib/python3.12/site-packages/airflow/example_dags/example_short_circuit_operator.py
[2025-08-11T11:46:13.734+0000] {processor.py:830} INFO - Processing file /home/airflow/.local/lib/python3.12/site-packages/airflow/example_dags/example_short_circuit_operator.py for tasks to queue
[2025-08-11T11:46:13.735+0000] {logging_mixin.py:188} INFO - [2025-08-11T11:46:13.735+0000] {dagbag.py:545} INFO - Filling up the DagBag from /home/airflow/.local/lib/python3.12/site-packages/airflow/example_dags/example_short_circuit_operator.py
[2025-08-11T11:46:13.741+0000] {processor.py:840} INFO - DAG(s) 'example_short_circuit_operator' retrieved from /home/airflow/.local/lib/python3.12/site-packages/airflow/example_dags/example_short_circuit_operator.py
[2025-08-11T11:46:13.756+0000] {logging_mixin.py:188} INFO - [2025-08-11T11:46:13.756+0000] {dag.py:3096} INFO - Sync 1 DAGs
[2025-08-11T11:46:13.769+0000] {logging_mixin.py:188} INFO - [2025-08-11T11:46:13.769+0000] {dag.py:3954} INFO - Setting next_dagrun for example_short_circuit_operator to 2025-08-10 00:00:00+00:00, run_after=2025-08-11 00:00:00+00:00
[2025-08-11T11:46:13.779+0000] {processor.py:183} INFO - Processing /home/airflow/.local/lib/python3.12/site-packages/airflow/example_dags/example_short_circuit_operator.py took 0.050 seconds
