[2025-08-11T11:35:27.300+0000] {processor.py:161} INFO - Started process (PID=54) to work on /home/airflow/.local/lib/python3.12/site-packages/airflow/example_dags/example_external_task_marker_dag.py
[2025-08-11T11:35:27.302+0000] {processor.py:830} INFO - Processing file /home/airflow/.local/lib/python3.12/site-packages/airflow/example_dags/example_external_task_marker_dag.py for tasks to queue
[2025-08-11T11:35:27.307+0000] {logging_mixin.py:188} INFO - [2025-08-11T11:35:27.306+0000] {dagbag.py:545} INFO - Filling up the DagBag from /home/airflow/.local/lib/python3.12/site-packages/airflow/example_dags/example_external_task_marker_dag.py
[2025-08-11T11:35:27.347+0000] {processor.py:840} INFO - DAG(s) 'example_external_task_marker_parent', 'example_external_task_marker_child' retrieved from /home/airflow/.local/lib/python3.12/site-packages/airflow/example_dags/example_external_task_marker_dag.py
[2025-08-11T11:35:27.824+0000] {logging_mixin.py:188} INFO - [2025-08-11T11:35:27.823+0000] {override.py:1829} INFO - Created Permission View: can read on DAG:example_external_task_marker_parent
[2025-08-11T11:35:27.839+0000] {logging_mixin.py:188} INFO - [2025-08-11T11:35:27.838+0000] {override.py:1829} INFO - Created Permission View: can delete on DAG:example_external_task_marker_parent
[2025-08-11T11:35:27.845+0000] {logging_mixin.py:188} INFO - [2025-08-11T11:35:27.845+0000] {override.py:1829} INFO - Created Permission View: can edit on DAG:example_external_task_marker_parent
[2025-08-11T11:35:27.862+0000] {logging_mixin.py:188} INFO - [2025-08-11T11:35:27.862+0000] {override.py:1829} INFO - Created Permission View: can read on DAG:example_external_task_marker_child
[2025-08-11T11:35:27.872+0000] {logging_mixin.py:188} INFO - [2025-08-11T11:35:27.872+0000] {override.py:1829} INFO - Created Permission View: can delete on DAG:example_external_task_marker_child
[2025-08-11T11:35:27.880+0000] {logging_mixin.py:188} INFO - [2025-08-11T11:35:27.880+0000] {override.py:1829} INFO - Created Permission View: can edit on DAG:example_external_task_marker_child
[2025-08-11T11:35:27.881+0000] {logging_mixin.py:188} INFO - [2025-08-11T11:35:27.881+0000] {dag.py:3096} INFO - Sync 2 DAGs
[2025-08-11T11:35:27.897+0000] {logging_mixin.py:188} INFO - [2025-08-11T11:35:27.897+0000] {dag.py:3118} INFO - Creating ORM DAG for example_external_task_marker_parent
[2025-08-11T11:35:27.898+0000] {logging_mixin.py:188} INFO - [2025-08-11T11:35:27.898+0000] {dag.py:3118} INFO - Creating ORM DAG for example_external_task_marker_child
[2025-08-11T11:35:27.899+0000] {logging_mixin.py:188} INFO - [2025-08-11T11:35:27.899+0000] {dag.py:3954} INFO - Setting next_dagrun for example_external_task_marker_child to None, run_after=None
[2025-08-11T11:35:27.900+0000] {logging_mixin.py:188} INFO - [2025-08-11T11:35:27.900+0000] {dag.py:3954} INFO - Setting next_dagrun for example_external_task_marker_parent to None, run_after=None
[2025-08-11T11:35:27.932+0000] {processor.py:183} INFO - Processing /home/airflow/.local/lib/python3.12/site-packages/airflow/example_dags/example_external_task_marker_dag.py took 0.642 seconds
[2025-08-11T11:35:58.201+0000] {processor.py:161} INFO - Started process (PID=111) to work on /home/airflow/.local/lib/python3.12/site-packages/airflow/example_dags/example_external_task_marker_dag.py
[2025-08-11T11:35:58.202+0000] {processor.py:830} INFO - Processing file /home/airflow/.local/lib/python3.12/site-packages/airflow/example_dags/example_external_task_marker_dag.py for tasks to queue
[2025-08-11T11:35:58.207+0000] {logging_mixin.py:188} INFO - [2025-08-11T11:35:58.206+0000] {dagbag.py:545} INFO - Filling up the DagBag from /home/airflow/.local/lib/python3.12/site-packages/airflow/example_dags/example_external_task_marker_dag.py
[2025-08-11T11:35:58.225+0000] {processor.py:840} INFO - DAG(s) 'example_external_task_marker_child', 'example_external_task_marker_parent' retrieved from /home/airflow/.local/lib/python3.12/site-packages/airflow/example_dags/example_external_task_marker_dag.py
[2025-08-11T11:35:58.266+0000] {logging_mixin.py:188} INFO - [2025-08-11T11:35:58.266+0000] {dag.py:3096} INFO - Sync 2 DAGs
[2025-08-11T11:35:58.293+0000] {logging_mixin.py:188} INFO - [2025-08-11T11:35:58.293+0000] {dag.py:3954} INFO - Setting next_dagrun for example_external_task_marker_child to None, run_after=None
[2025-08-11T11:35:58.297+0000] {logging_mixin.py:188} INFO - [2025-08-11T11:35:58.297+0000] {dag.py:3954} INFO - Setting next_dagrun for example_external_task_marker_parent to None, run_after=None
[2025-08-11T11:35:58.315+0000] {processor.py:183} INFO - Processing /home/airflow/.local/lib/python3.12/site-packages/airflow/example_dags/example_external_task_marker_dag.py took 0.127 seconds
[2025-08-11T11:36:28.462+0000] {processor.py:161} INFO - Started process (PID=169) to work on /home/airflow/.local/lib/python3.12/site-packages/airflow/example_dags/example_external_task_marker_dag.py
[2025-08-11T11:36:28.465+0000] {processor.py:830} INFO - Processing file /home/airflow/.local/lib/python3.12/site-packages/airflow/example_dags/example_external_task_marker_dag.py for tasks to queue
[2025-08-11T11:36:28.468+0000] {logging_mixin.py:188} INFO - [2025-08-11T11:36:28.467+0000] {dagbag.py:545} INFO - Filling up the DagBag from /home/airflow/.local/lib/python3.12/site-packages/airflow/example_dags/example_external_task_marker_dag.py
[2025-08-11T11:36:28.480+0000] {processor.py:840} INFO - DAG(s) 'example_external_task_marker_parent', 'example_external_task_marker_child' retrieved from /home/airflow/.local/lib/python3.12/site-packages/airflow/example_dags/example_external_task_marker_dag.py
[2025-08-11T11:36:28.527+0000] {logging_mixin.py:188} INFO - [2025-08-11T11:36:28.526+0000] {dag.py:3096} INFO - Sync 2 DAGs
[2025-08-11T11:36:28.536+0000] {logging_mixin.py:188} INFO - [2025-08-11T11:36:28.536+0000] {dag.py:3954} INFO - Setting next_dagrun for example_external_task_marker_child to None, run_after=None
[2025-08-11T11:36:28.540+0000] {logging_mixin.py:188} INFO - [2025-08-11T11:36:28.540+0000] {dag.py:3954} INFO - Setting next_dagrun for example_external_task_marker_parent to None, run_after=None
[2025-08-11T11:36:28.553+0000] {processor.py:183} INFO - Processing /home/airflow/.local/lib/python3.12/site-packages/airflow/example_dags/example_external_task_marker_dag.py took 0.107 seconds
[2025-08-11T11:36:58.645+0000] {processor.py:161} INFO - Started process (PID=227) to work on /home/airflow/.local/lib/python3.12/site-packages/airflow/example_dags/example_external_task_marker_dag.py
[2025-08-11T11:36:58.646+0000] {processor.py:830} INFO - Processing file /home/airflow/.local/lib/python3.12/site-packages/airflow/example_dags/example_external_task_marker_dag.py for tasks to queue
[2025-08-11T11:36:58.650+0000] {logging_mixin.py:188} INFO - [2025-08-11T11:36:58.650+0000] {dagbag.py:545} INFO - Filling up the DagBag from /home/airflow/.local/lib/python3.12/site-packages/airflow/example_dags/example_external_task_marker_dag.py
[2025-08-11T11:36:58.662+0000] {processor.py:840} INFO - DAG(s) 'example_external_task_marker_child', 'example_external_task_marker_parent' retrieved from /home/airflow/.local/lib/python3.12/site-packages/airflow/example_dags/example_external_task_marker_dag.py
[2025-08-11T11:36:58.702+0000] {logging_mixin.py:188} INFO - [2025-08-11T11:36:58.702+0000] {dag.py:3096} INFO - Sync 2 DAGs
[2025-08-11T11:36:58.725+0000] {logging_mixin.py:188} INFO - [2025-08-11T11:36:58.725+0000] {dag.py:3954} INFO - Setting next_dagrun for example_external_task_marker_child to None, run_after=None
[2025-08-11T11:36:58.731+0000] {logging_mixin.py:188} INFO - [2025-08-11T11:36:58.731+0000] {dag.py:3954} INFO - Setting next_dagrun for example_external_task_marker_parent to None, run_after=None
[2025-08-11T11:36:58.748+0000] {processor.py:183} INFO - Processing /home/airflow/.local/lib/python3.12/site-packages/airflow/example_dags/example_external_task_marker_dag.py took 0.121 seconds
[2025-08-11T11:37:28.905+0000] {processor.py:161} INFO - Started process (PID=285) to work on /home/airflow/.local/lib/python3.12/site-packages/airflow/example_dags/example_external_task_marker_dag.py
[2025-08-11T11:37:28.906+0000] {processor.py:830} INFO - Processing file /home/airflow/.local/lib/python3.12/site-packages/airflow/example_dags/example_external_task_marker_dag.py for tasks to queue
[2025-08-11T11:37:28.912+0000] {logging_mixin.py:188} INFO - [2025-08-11T11:37:28.910+0000] {dagbag.py:545} INFO - Filling up the DagBag from /home/airflow/.local/lib/python3.12/site-packages/airflow/example_dags/example_external_task_marker_dag.py
[2025-08-11T11:37:28.931+0000] {processor.py:840} INFO - DAG(s) 'example_external_task_marker_child', 'example_external_task_marker_parent' retrieved from /home/airflow/.local/lib/python3.12/site-packages/airflow/example_dags/example_external_task_marker_dag.py
[2025-08-11T11:37:28.990+0000] {logging_mixin.py:188} INFO - [2025-08-11T11:37:28.990+0000] {dag.py:3096} INFO - Sync 2 DAGs
[2025-08-11T11:37:29.013+0000] {logging_mixin.py:188} INFO - [2025-08-11T11:37:29.013+0000] {dag.py:3954} INFO - Setting next_dagrun for example_external_task_marker_child to None, run_after=None
[2025-08-11T11:37:29.018+0000] {logging_mixin.py:188} INFO - [2025-08-11T11:37:29.018+0000] {dag.py:3954} INFO - Setting next_dagrun for example_external_task_marker_parent to None, run_after=None
[2025-08-11T11:37:29.041+0000] {processor.py:183} INFO - Processing /home/airflow/.local/lib/python3.12/site-packages/airflow/example_dags/example_external_task_marker_dag.py took 0.152 seconds
[2025-08-11T11:37:59.615+0000] {processor.py:161} INFO - Started process (PID=343) to work on /home/airflow/.local/lib/python3.12/site-packages/airflow/example_dags/example_external_task_marker_dag.py
[2025-08-11T11:37:59.618+0000] {processor.py:830} INFO - Processing file /home/airflow/.local/lib/python3.12/site-packages/airflow/example_dags/example_external_task_marker_dag.py for tasks to queue
[2025-08-11T11:37:59.623+0000] {logging_mixin.py:188} INFO - [2025-08-11T11:37:59.622+0000] {dagbag.py:545} INFO - Filling up the DagBag from /home/airflow/.local/lib/python3.12/site-packages/airflow/example_dags/example_external_task_marker_dag.py
[2025-08-11T11:37:59.642+0000] {processor.py:840} INFO - DAG(s) 'example_external_task_marker_parent', 'example_external_task_marker_child' retrieved from /home/airflow/.local/lib/python3.12/site-packages/airflow/example_dags/example_external_task_marker_dag.py
[2025-08-11T11:37:59.685+0000] {logging_mixin.py:188} INFO - [2025-08-11T11:37:59.685+0000] {dag.py:3096} INFO - Sync 2 DAGs
[2025-08-11T11:37:59.701+0000] {logging_mixin.py:188} INFO - [2025-08-11T11:37:59.700+0000] {dag.py:3954} INFO - Setting next_dagrun for example_external_task_marker_child to None, run_after=None
[2025-08-11T11:37:59.704+0000] {logging_mixin.py:188} INFO - [2025-08-11T11:37:59.704+0000] {dag.py:3954} INFO - Setting next_dagrun for example_external_task_marker_parent to None, run_after=None
[2025-08-11T11:37:59.717+0000] {processor.py:183} INFO - Processing /home/airflow/.local/lib/python3.12/site-packages/airflow/example_dags/example_external_task_marker_dag.py took 0.129 seconds
[2025-08-11T11:38:29.914+0000] {processor.py:161} INFO - Started process (PID=406) to work on /home/airflow/.local/lib/python3.12/site-packages/airflow/example_dags/example_external_task_marker_dag.py
[2025-08-11T11:38:29.916+0000] {processor.py:830} INFO - Processing file /home/airflow/.local/lib/python3.12/site-packages/airflow/example_dags/example_external_task_marker_dag.py for tasks to queue
[2025-08-11T11:38:29.921+0000] {logging_mixin.py:188} INFO - [2025-08-11T11:38:29.921+0000] {dagbag.py:545} INFO - Filling up the DagBag from /home/airflow/.local/lib/python3.12/site-packages/airflow/example_dags/example_external_task_marker_dag.py
[2025-08-11T11:38:29.937+0000] {processor.py:840} INFO - DAG(s) 'example_external_task_marker_child', 'example_external_task_marker_parent' retrieved from /home/airflow/.local/lib/python3.12/site-packages/airflow/example_dags/example_external_task_marker_dag.py
[2025-08-11T11:38:29.986+0000] {logging_mixin.py:188} INFO - [2025-08-11T11:38:29.986+0000] {dag.py:3096} INFO - Sync 2 DAGs
[2025-08-11T11:38:30.003+0000] {logging_mixin.py:188} INFO - [2025-08-11T11:38:30.003+0000] {dag.py:3954} INFO - Setting next_dagrun for example_external_task_marker_child to None, run_after=None
[2025-08-11T11:38:30.008+0000] {logging_mixin.py:188} INFO - [2025-08-11T11:38:30.008+0000] {dag.py:3954} INFO - Setting next_dagrun for example_external_task_marker_parent to None, run_after=None
[2025-08-11T11:38:30.020+0000] {processor.py:183} INFO - Processing /home/airflow/.local/lib/python3.12/site-packages/airflow/example_dags/example_external_task_marker_dag.py took 0.119 seconds
[2025-08-11T11:39:00.369+0000] {processor.py:161} INFO - Started process (PID=464) to work on /home/airflow/.local/lib/python3.12/site-packages/airflow/example_dags/example_external_task_marker_dag.py
[2025-08-11T11:39:00.371+0000] {processor.py:830} INFO - Processing file /home/airflow/.local/lib/python3.12/site-packages/airflow/example_dags/example_external_task_marker_dag.py for tasks to queue
[2025-08-11T11:39:00.376+0000] {logging_mixin.py:188} INFO - [2025-08-11T11:39:00.375+0000] {dagbag.py:545} INFO - Filling up the DagBag from /home/airflow/.local/lib/python3.12/site-packages/airflow/example_dags/example_external_task_marker_dag.py
[2025-08-11T11:39:00.389+0000] {processor.py:840} INFO - DAG(s) 'example_external_task_marker_parent', 'example_external_task_marker_child' retrieved from /home/airflow/.local/lib/python3.12/site-packages/airflow/example_dags/example_external_task_marker_dag.py
[2025-08-11T11:39:00.432+0000] {logging_mixin.py:188} INFO - [2025-08-11T11:39:00.431+0000] {dag.py:3096} INFO - Sync 2 DAGs
[2025-08-11T11:39:00.449+0000] {logging_mixin.py:188} INFO - [2025-08-11T11:39:00.449+0000] {dag.py:3954} INFO - Setting next_dagrun for example_external_task_marker_child to None, run_after=None
[2025-08-11T11:39:00.452+0000] {logging_mixin.py:188} INFO - [2025-08-11T11:39:00.452+0000] {dag.py:3954} INFO - Setting next_dagrun for example_external_task_marker_parent to None, run_after=None
[2025-08-11T11:39:00.467+0000] {processor.py:183} INFO - Processing /home/airflow/.local/lib/python3.12/site-packages/airflow/example_dags/example_external_task_marker_dag.py took 0.116 seconds
[2025-08-11T11:39:30.779+0000] {processor.py:161} INFO - Started process (PID=522) to work on /home/airflow/.local/lib/python3.12/site-packages/airflow/example_dags/example_external_task_marker_dag.py
[2025-08-11T11:39:30.784+0000] {processor.py:830} INFO - Processing file /home/airflow/.local/lib/python3.12/site-packages/airflow/example_dags/example_external_task_marker_dag.py for tasks to queue
[2025-08-11T11:39:30.790+0000] {logging_mixin.py:188} INFO - [2025-08-11T11:39:30.789+0000] {dagbag.py:545} INFO - Filling up the DagBag from /home/airflow/.local/lib/python3.12/site-packages/airflow/example_dags/example_external_task_marker_dag.py
[2025-08-11T11:39:30.815+0000] {processor.py:840} INFO - DAG(s) 'example_external_task_marker_child', 'example_external_task_marker_parent' retrieved from /home/airflow/.local/lib/python3.12/site-packages/airflow/example_dags/example_external_task_marker_dag.py
[2025-08-11T11:39:30.860+0000] {logging_mixin.py:188} INFO - [2025-08-11T11:39:30.859+0000] {dag.py:3096} INFO - Sync 2 DAGs
[2025-08-11T11:39:30.875+0000] {logging_mixin.py:188} INFO - [2025-08-11T11:39:30.875+0000] {dag.py:3954} INFO - Setting next_dagrun for example_external_task_marker_child to None, run_after=None
[2025-08-11T11:39:30.879+0000] {logging_mixin.py:188} INFO - [2025-08-11T11:39:30.879+0000] {dag.py:3954} INFO - Setting next_dagrun for example_external_task_marker_parent to None, run_after=None
[2025-08-11T11:39:30.891+0000] {processor.py:183} INFO - Processing /home/airflow/.local/lib/python3.12/site-packages/airflow/example_dags/example_external_task_marker_dag.py took 0.124 seconds
[2025-08-11T11:40:01.050+0000] {processor.py:161} INFO - Started process (PID=580) to work on /home/airflow/.local/lib/python3.12/site-packages/airflow/example_dags/example_external_task_marker_dag.py
[2025-08-11T11:40:01.052+0000] {processor.py:830} INFO - Processing file /home/airflow/.local/lib/python3.12/site-packages/airflow/example_dags/example_external_task_marker_dag.py for tasks to queue
[2025-08-11T11:40:01.055+0000] {logging_mixin.py:188} INFO - [2025-08-11T11:40:01.055+0000] {dagbag.py:545} INFO - Filling up the DagBag from /home/airflow/.local/lib/python3.12/site-packages/airflow/example_dags/example_external_task_marker_dag.py
[2025-08-11T11:40:01.069+0000] {processor.py:840} INFO - DAG(s) 'example_external_task_marker_parent', 'example_external_task_marker_child' retrieved from /home/airflow/.local/lib/python3.12/site-packages/airflow/example_dags/example_external_task_marker_dag.py
[2025-08-11T11:40:01.125+0000] {logging_mixin.py:188} INFO - [2025-08-11T11:40:01.125+0000] {dag.py:3096} INFO - Sync 2 DAGs
[2025-08-11T11:40:01.146+0000] {logging_mixin.py:188} INFO - [2025-08-11T11:40:01.146+0000] {dag.py:3954} INFO - Setting next_dagrun for example_external_task_marker_child to None, run_after=None
[2025-08-11T11:40:01.150+0000] {logging_mixin.py:188} INFO - [2025-08-11T11:40:01.150+0000] {dag.py:3954} INFO - Setting next_dagrun for example_external_task_marker_parent to None, run_after=None
[2025-08-11T11:40:01.168+0000] {processor.py:183} INFO - Processing /home/airflow/.local/lib/python3.12/site-packages/airflow/example_dags/example_external_task_marker_dag.py took 0.134 seconds
[2025-08-11T11:40:31.391+0000] {processor.py:161} INFO - Started process (PID=638) to work on /home/airflow/.local/lib/python3.12/site-packages/airflow/example_dags/example_external_task_marker_dag.py
[2025-08-11T11:40:31.393+0000] {processor.py:830} INFO - Processing file /home/airflow/.local/lib/python3.12/site-packages/airflow/example_dags/example_external_task_marker_dag.py for tasks to queue
[2025-08-11T11:40:31.401+0000] {logging_mixin.py:188} INFO - [2025-08-11T11:40:31.400+0000] {dagbag.py:545} INFO - Filling up the DagBag from /home/airflow/.local/lib/python3.12/site-packages/airflow/example_dags/example_external_task_marker_dag.py
[2025-08-11T11:40:31.425+0000] {processor.py:840} INFO - DAG(s) 'example_external_task_marker_child', 'example_external_task_marker_parent' retrieved from /home/airflow/.local/lib/python3.12/site-packages/airflow/example_dags/example_external_task_marker_dag.py
[2025-08-11T11:40:31.494+0000] {logging_mixin.py:188} INFO - [2025-08-11T11:40:31.494+0000] {dag.py:3096} INFO - Sync 2 DAGs
[2025-08-11T11:40:31.522+0000] {logging_mixin.py:188} INFO - [2025-08-11T11:40:31.521+0000] {dag.py:3954} INFO - Setting next_dagrun for example_external_task_marker_child to None, run_after=None
[2025-08-11T11:40:31.527+0000] {logging_mixin.py:188} INFO - [2025-08-11T11:40:31.527+0000] {dag.py:3954} INFO - Setting next_dagrun for example_external_task_marker_parent to None, run_after=None
[2025-08-11T11:40:31.547+0000] {processor.py:183} INFO - Processing /home/airflow/.local/lib/python3.12/site-packages/airflow/example_dags/example_external_task_marker_dag.py took 0.180 seconds
[2025-08-11T11:41:02.008+0000] {processor.py:161} INFO - Started process (PID=696) to work on /home/airflow/.local/lib/python3.12/site-packages/airflow/example_dags/example_external_task_marker_dag.py
[2025-08-11T11:41:02.010+0000] {processor.py:830} INFO - Processing file /home/airflow/.local/lib/python3.12/site-packages/airflow/example_dags/example_external_task_marker_dag.py for tasks to queue
[2025-08-11T11:41:02.014+0000] {logging_mixin.py:188} INFO - [2025-08-11T11:41:02.013+0000] {dagbag.py:545} INFO - Filling up the DagBag from /home/airflow/.local/lib/python3.12/site-packages/airflow/example_dags/example_external_task_marker_dag.py
[2025-08-11T11:41:02.033+0000] {processor.py:840} INFO - DAG(s) 'example_external_task_marker_parent', 'example_external_task_marker_child' retrieved from /home/airflow/.local/lib/python3.12/site-packages/airflow/example_dags/example_external_task_marker_dag.py
[2025-08-11T11:41:02.071+0000] {logging_mixin.py:188} INFO - [2025-08-11T11:41:02.071+0000] {dag.py:3096} INFO - Sync 2 DAGs
[2025-08-11T11:41:02.088+0000] {logging_mixin.py:188} INFO - [2025-08-11T11:41:02.088+0000] {dag.py:3954} INFO - Setting next_dagrun for example_external_task_marker_child to None, run_after=None
[2025-08-11T11:41:02.091+0000] {logging_mixin.py:188} INFO - [2025-08-11T11:41:02.091+0000] {dag.py:3954} INFO - Setting next_dagrun for example_external_task_marker_parent to None, run_after=None
[2025-08-11T11:41:02.110+0000] {processor.py:183} INFO - Processing /home/airflow/.local/lib/python3.12/site-packages/airflow/example_dags/example_external_task_marker_dag.py took 0.116 seconds
[2025-08-11T11:41:32.398+0000] {processor.py:161} INFO - Started process (PID=754) to work on /home/airflow/.local/lib/python3.12/site-packages/airflow/example_dags/example_external_task_marker_dag.py
[2025-08-11T11:41:32.399+0000] {processor.py:830} INFO - Processing file /home/airflow/.local/lib/python3.12/site-packages/airflow/example_dags/example_external_task_marker_dag.py for tasks to queue
[2025-08-11T11:41:32.406+0000] {logging_mixin.py:188} INFO - [2025-08-11T11:41:32.405+0000] {dagbag.py:545} INFO - Filling up the DagBag from /home/airflow/.local/lib/python3.12/site-packages/airflow/example_dags/example_external_task_marker_dag.py
[2025-08-11T11:41:32.419+0000] {processor.py:840} INFO - DAG(s) 'example_external_task_marker_parent', 'example_external_task_marker_child' retrieved from /home/airflow/.local/lib/python3.12/site-packages/airflow/example_dags/example_external_task_marker_dag.py
[2025-08-11T11:41:32.469+0000] {logging_mixin.py:188} INFO - [2025-08-11T11:41:32.469+0000] {dag.py:3096} INFO - Sync 2 DAGs
[2025-08-11T11:41:32.487+0000] {logging_mixin.py:188} INFO - [2025-08-11T11:41:32.487+0000] {dag.py:3954} INFO - Setting next_dagrun for example_external_task_marker_child to None, run_after=None
[2025-08-11T11:41:32.490+0000] {logging_mixin.py:188} INFO - [2025-08-11T11:41:32.490+0000] {dag.py:3954} INFO - Setting next_dagrun for example_external_task_marker_parent to None, run_after=None
[2025-08-11T11:41:32.506+0000] {processor.py:183} INFO - Processing /home/airflow/.local/lib/python3.12/site-packages/airflow/example_dags/example_external_task_marker_dag.py took 0.123 seconds
[2025-08-11T11:42:02.581+0000] {processor.py:161} INFO - Started process (PID=812) to work on /home/airflow/.local/lib/python3.12/site-packages/airflow/example_dags/example_external_task_marker_dag.py
[2025-08-11T11:42:02.583+0000] {processor.py:830} INFO - Processing file /home/airflow/.local/lib/python3.12/site-packages/airflow/example_dags/example_external_task_marker_dag.py for tasks to queue
[2025-08-11T11:42:02.587+0000] {logging_mixin.py:188} INFO - [2025-08-11T11:42:02.587+0000] {dagbag.py:545} INFO - Filling up the DagBag from /home/airflow/.local/lib/python3.12/site-packages/airflow/example_dags/example_external_task_marker_dag.py
[2025-08-11T11:42:02.600+0000] {processor.py:840} INFO - DAG(s) 'example_external_task_marker_parent', 'example_external_task_marker_child' retrieved from /home/airflow/.local/lib/python3.12/site-packages/airflow/example_dags/example_external_task_marker_dag.py
[2025-08-11T11:42:02.621+0000] {logging_mixin.py:188} INFO - [2025-08-11T11:42:02.621+0000] {dag.py:3096} INFO - Sync 2 DAGs
[2025-08-11T11:42:02.630+0000] {logging_mixin.py:188} INFO - [2025-08-11T11:42:02.630+0000] {dag.py:3954} INFO - Setting next_dagrun for example_external_task_marker_child to None, run_after=None
[2025-08-11T11:42:02.634+0000] {logging_mixin.py:188} INFO - [2025-08-11T11:42:02.634+0000] {dag.py:3954} INFO - Setting next_dagrun for example_external_task_marker_parent to None, run_after=None
[2025-08-11T11:42:02.646+0000] {processor.py:183} INFO - Processing /home/airflow/.local/lib/python3.12/site-packages/airflow/example_dags/example_external_task_marker_dag.py took 0.078 seconds
[2025-08-11T11:42:33.129+0000] {processor.py:161} INFO - Started process (PID=870) to work on /home/airflow/.local/lib/python3.12/site-packages/airflow/example_dags/example_external_task_marker_dag.py
[2025-08-11T11:42:33.131+0000] {processor.py:830} INFO - Processing file /home/airflow/.local/lib/python3.12/site-packages/airflow/example_dags/example_external_task_marker_dag.py for tasks to queue
[2025-08-11T11:42:33.135+0000] {logging_mixin.py:188} INFO - [2025-08-11T11:42:33.134+0000] {dagbag.py:545} INFO - Filling up the DagBag from /home/airflow/.local/lib/python3.12/site-packages/airflow/example_dags/example_external_task_marker_dag.py
[2025-08-11T11:42:33.141+0000] {processor.py:840} INFO - DAG(s) 'example_external_task_marker_parent', 'example_external_task_marker_child' retrieved from /home/airflow/.local/lib/python3.12/site-packages/airflow/example_dags/example_external_task_marker_dag.py
[2025-08-11T11:42:33.173+0000] {logging_mixin.py:188} INFO - [2025-08-11T11:42:33.172+0000] {dag.py:3096} INFO - Sync 2 DAGs
[2025-08-11T11:42:33.186+0000] {logging_mixin.py:188} INFO - [2025-08-11T11:42:33.186+0000] {dag.py:3954} INFO - Setting next_dagrun for example_external_task_marker_child to None, run_after=None
[2025-08-11T11:42:33.190+0000] {logging_mixin.py:188} INFO - [2025-08-11T11:42:33.190+0000] {dag.py:3954} INFO - Setting next_dagrun for example_external_task_marker_parent to None, run_after=None
[2025-08-11T11:42:33.208+0000] {processor.py:183} INFO - Processing /home/airflow/.local/lib/python3.12/site-packages/airflow/example_dags/example_external_task_marker_dag.py took 0.087 seconds
[2025-08-11T11:43:03.683+0000] {processor.py:161} INFO - Started process (PID=928) to work on /home/airflow/.local/lib/python3.12/site-packages/airflow/example_dags/example_external_task_marker_dag.py
[2025-08-11T11:43:03.685+0000] {processor.py:830} INFO - Processing file /home/airflow/.local/lib/python3.12/site-packages/airflow/example_dags/example_external_task_marker_dag.py for tasks to queue
[2025-08-11T11:43:03.689+0000] {logging_mixin.py:188} INFO - [2025-08-11T11:43:03.689+0000] {dagbag.py:545} INFO - Filling up the DagBag from /home/airflow/.local/lib/python3.12/site-packages/airflow/example_dags/example_external_task_marker_dag.py
[2025-08-11T11:43:03.698+0000] {processor.py:840} INFO - DAG(s) 'example_external_task_marker_parent', 'example_external_task_marker_child' retrieved from /home/airflow/.local/lib/python3.12/site-packages/airflow/example_dags/example_external_task_marker_dag.py
[2025-08-11T11:43:03.727+0000] {logging_mixin.py:188} INFO - [2025-08-11T11:43:03.727+0000] {dag.py:3096} INFO - Sync 2 DAGs
[2025-08-11T11:43:03.742+0000] {logging_mixin.py:188} INFO - [2025-08-11T11:43:03.742+0000] {dag.py:3954} INFO - Setting next_dagrun for example_external_task_marker_child to None, run_after=None
[2025-08-11T11:43:03.746+0000] {logging_mixin.py:188} INFO - [2025-08-11T11:43:03.746+0000] {dag.py:3954} INFO - Setting next_dagrun for example_external_task_marker_parent to None, run_after=None
[2025-08-11T11:43:03.762+0000] {processor.py:183} INFO - Processing /home/airflow/.local/lib/python3.12/site-packages/airflow/example_dags/example_external_task_marker_dag.py took 0.097 seconds
[2025-08-11T11:43:33.819+0000] {processor.py:161} INFO - Started process (PID=986) to work on /home/airflow/.local/lib/python3.12/site-packages/airflow/example_dags/example_external_task_marker_dag.py
[2025-08-11T11:43:33.821+0000] {processor.py:830} INFO - Processing file /home/airflow/.local/lib/python3.12/site-packages/airflow/example_dags/example_external_task_marker_dag.py for tasks to queue
[2025-08-11T11:43:33.826+0000] {logging_mixin.py:188} INFO - [2025-08-11T11:43:33.825+0000] {dagbag.py:545} INFO - Filling up the DagBag from /home/airflow/.local/lib/python3.12/site-packages/airflow/example_dags/example_external_task_marker_dag.py
[2025-08-11T11:43:33.840+0000] {processor.py:840} INFO - DAG(s) 'example_external_task_marker_parent', 'example_external_task_marker_child' retrieved from /home/airflow/.local/lib/python3.12/site-packages/airflow/example_dags/example_external_task_marker_dag.py
[2025-08-11T11:43:33.872+0000] {logging_mixin.py:188} INFO - [2025-08-11T11:43:33.872+0000] {dag.py:3096} INFO - Sync 2 DAGs
[2025-08-11T11:43:33.884+0000] {logging_mixin.py:188} INFO - [2025-08-11T11:43:33.884+0000] {dag.py:3954} INFO - Setting next_dagrun for example_external_task_marker_child to None, run_after=None
[2025-08-11T11:43:33.889+0000] {logging_mixin.py:188} INFO - [2025-08-11T11:43:33.889+0000] {dag.py:3954} INFO - Setting next_dagrun for example_external_task_marker_parent to None, run_after=None
[2025-08-11T11:43:33.905+0000] {processor.py:183} INFO - Processing /home/airflow/.local/lib/python3.12/site-packages/airflow/example_dags/example_external_task_marker_dag.py took 0.102 seconds
[2025-08-11T11:44:04.160+0000] {processor.py:161} INFO - Started process (PID=1044) to work on /home/airflow/.local/lib/python3.12/site-packages/airflow/example_dags/example_external_task_marker_dag.py
[2025-08-11T11:44:04.164+0000] {processor.py:830} INFO - Processing file /home/airflow/.local/lib/python3.12/site-packages/airflow/example_dags/example_external_task_marker_dag.py for tasks to queue
[2025-08-11T11:44:04.170+0000] {logging_mixin.py:188} INFO - [2025-08-11T11:44:04.169+0000] {dagbag.py:545} INFO - Filling up the DagBag from /home/airflow/.local/lib/python3.12/site-packages/airflow/example_dags/example_external_task_marker_dag.py
[2025-08-11T11:44:04.183+0000] {processor.py:840} INFO - DAG(s) 'example_external_task_marker_parent', 'example_external_task_marker_child' retrieved from /home/airflow/.local/lib/python3.12/site-packages/airflow/example_dags/example_external_task_marker_dag.py
[2025-08-11T11:44:04.215+0000] {logging_mixin.py:188} INFO - [2025-08-11T11:44:04.214+0000] {dag.py:3096} INFO - Sync 2 DAGs
[2025-08-11T11:44:04.228+0000] {logging_mixin.py:188} INFO - [2025-08-11T11:44:04.228+0000] {dag.py:3954} INFO - Setting next_dagrun for example_external_task_marker_child to None, run_after=None
[2025-08-11T11:44:04.231+0000] {logging_mixin.py:188} INFO - [2025-08-11T11:44:04.231+0000] {dag.py:3954} INFO - Setting next_dagrun for example_external_task_marker_parent to None, run_after=None
[2025-08-11T11:44:04.245+0000] {processor.py:183} INFO - Processing /home/airflow/.local/lib/python3.12/site-packages/airflow/example_dags/example_external_task_marker_dag.py took 0.102 seconds
[2025-08-11T11:44:34.477+0000] {processor.py:161} INFO - Started process (PID=1102) to work on /home/airflow/.local/lib/python3.12/site-packages/airflow/example_dags/example_external_task_marker_dag.py
[2025-08-11T11:44:34.483+0000] {processor.py:830} INFO - Processing file /home/airflow/.local/lib/python3.12/site-packages/airflow/example_dags/example_external_task_marker_dag.py for tasks to queue
[2025-08-11T11:44:34.485+0000] {logging_mixin.py:188} INFO - [2025-08-11T11:44:34.484+0000] {dagbag.py:545} INFO - Filling up the DagBag from /home/airflow/.local/lib/python3.12/site-packages/airflow/example_dags/example_external_task_marker_dag.py
[2025-08-11T11:44:34.492+0000] {processor.py:840} INFO - DAG(s) 'example_external_task_marker_parent', 'example_external_task_marker_child' retrieved from /home/airflow/.local/lib/python3.12/site-packages/airflow/example_dags/example_external_task_marker_dag.py
[2025-08-11T11:44:34.518+0000] {logging_mixin.py:188} INFO - [2025-08-11T11:44:34.517+0000] {dag.py:3096} INFO - Sync 2 DAGs
[2025-08-11T11:44:34.529+0000] {logging_mixin.py:188} INFO - [2025-08-11T11:44:34.529+0000] {dag.py:3954} INFO - Setting next_dagrun for example_external_task_marker_child to None, run_after=None
[2025-08-11T11:44:34.533+0000] {logging_mixin.py:188} INFO - [2025-08-11T11:44:34.532+0000] {dag.py:3954} INFO - Setting next_dagrun for example_external_task_marker_parent to None, run_after=None
[2025-08-11T11:44:34.549+0000] {processor.py:183} INFO - Processing /home/airflow/.local/lib/python3.12/site-packages/airflow/example_dags/example_external_task_marker_dag.py took 0.080 seconds
[2025-08-11T11:45:05.026+0000] {processor.py:161} INFO - Started process (PID=1160) to work on /home/airflow/.local/lib/python3.12/site-packages/airflow/example_dags/example_external_task_marker_dag.py
[2025-08-11T11:45:05.029+0000] {processor.py:830} INFO - Processing file /home/airflow/.local/lib/python3.12/site-packages/airflow/example_dags/example_external_task_marker_dag.py for tasks to queue
[2025-08-11T11:45:05.032+0000] {logging_mixin.py:188} INFO - [2025-08-11T11:45:05.032+0000] {dagbag.py:545} INFO - Filling up the DagBag from /home/airflow/.local/lib/python3.12/site-packages/airflow/example_dags/example_external_task_marker_dag.py
[2025-08-11T11:45:05.043+0000] {processor.py:840} INFO - DAG(s) 'example_external_task_marker_parent', 'example_external_task_marker_child' retrieved from /home/airflow/.local/lib/python3.12/site-packages/airflow/example_dags/example_external_task_marker_dag.py
[2025-08-11T11:45:05.089+0000] {logging_mixin.py:188} INFO - [2025-08-11T11:45:05.089+0000] {dag.py:3096} INFO - Sync 2 DAGs
[2025-08-11T11:45:05.102+0000] {logging_mixin.py:188} INFO - [2025-08-11T11:45:05.102+0000] {dag.py:3954} INFO - Setting next_dagrun for example_external_task_marker_child to None, run_after=None
[2025-08-11T11:45:05.105+0000] {logging_mixin.py:188} INFO - [2025-08-11T11:45:05.105+0000] {dag.py:3954} INFO - Setting next_dagrun for example_external_task_marker_parent to None, run_after=None
[2025-08-11T11:45:05.127+0000] {processor.py:183} INFO - Processing /home/airflow/.local/lib/python3.12/site-packages/airflow/example_dags/example_external_task_marker_dag.py took 0.117 seconds
[2025-08-11T11:45:35.301+0000] {processor.py:161} INFO - Started process (PID=1218) to work on /home/airflow/.local/lib/python3.12/site-packages/airflow/example_dags/example_external_task_marker_dag.py
[2025-08-11T11:45:35.303+0000] {processor.py:830} INFO - Processing file /home/airflow/.local/lib/python3.12/site-packages/airflow/example_dags/example_external_task_marker_dag.py for tasks to queue
[2025-08-11T11:45:35.309+0000] {logging_mixin.py:188} INFO - [2025-08-11T11:45:35.308+0000] {dagbag.py:545} INFO - Filling up the DagBag from /home/airflow/.local/lib/python3.12/site-packages/airflow/example_dags/example_external_task_marker_dag.py
[2025-08-11T11:45:35.323+0000] {processor.py:840} INFO - DAG(s) 'example_external_task_marker_child', 'example_external_task_marker_parent' retrieved from /home/airflow/.local/lib/python3.12/site-packages/airflow/example_dags/example_external_task_marker_dag.py
[2025-08-11T11:45:35.369+0000] {logging_mixin.py:188} INFO - [2025-08-11T11:45:35.369+0000] {dag.py:3096} INFO - Sync 2 DAGs
[2025-08-11T11:45:35.386+0000] {logging_mixin.py:188} INFO - [2025-08-11T11:45:35.386+0000] {dag.py:3954} INFO - Setting next_dagrun for example_external_task_marker_child to None, run_after=None
[2025-08-11T11:45:35.391+0000] {logging_mixin.py:188} INFO - [2025-08-11T11:45:35.391+0000] {dag.py:3954} INFO - Setting next_dagrun for example_external_task_marker_parent to None, run_after=None
[2025-08-11T11:45:35.411+0000] {processor.py:183} INFO - Processing /home/airflow/.local/lib/python3.12/site-packages/airflow/example_dags/example_external_task_marker_dag.py took 0.124 seconds
[2025-08-11T11:46:05.726+0000] {processor.py:161} INFO - Started process (PID=1277) to work on /home/airflow/.local/lib/python3.12/site-packages/airflow/example_dags/example_external_task_marker_dag.py
[2025-08-11T11:46:05.727+0000] {processor.py:830} INFO - Processing file /home/airflow/.local/lib/python3.12/site-packages/airflow/example_dags/example_external_task_marker_dag.py for tasks to queue
[2025-08-11T11:46:05.730+0000] {logging_mixin.py:188} INFO - [2025-08-11T11:46:05.730+0000] {dagbag.py:545} INFO - Filling up the DagBag from /home/airflow/.local/lib/python3.12/site-packages/airflow/example_dags/example_external_task_marker_dag.py
[2025-08-11T11:46:05.737+0000] {processor.py:840} INFO - DAG(s) 'example_external_task_marker_parent', 'example_external_task_marker_child' retrieved from /home/airflow/.local/lib/python3.12/site-packages/airflow/example_dags/example_external_task_marker_dag.py
[2025-08-11T11:46:05.761+0000] {logging_mixin.py:188} INFO - [2025-08-11T11:46:05.761+0000] {dag.py:3096} INFO - Sync 2 DAGs
[2025-08-11T11:46:05.770+0000] {logging_mixin.py:188} INFO - [2025-08-11T11:46:05.770+0000] {dag.py:3954} INFO - Setting next_dagrun for example_external_task_marker_child to None, run_after=None
[2025-08-11T11:46:05.773+0000] {logging_mixin.py:188} INFO - [2025-08-11T11:46:05.773+0000] {dag.py:3954} INFO - Setting next_dagrun for example_external_task_marker_parent to None, run_after=None
[2025-08-11T11:46:05.789+0000] {processor.py:183} INFO - Processing /home/airflow/.local/lib/python3.12/site-packages/airflow/example_dags/example_external_task_marker_dag.py took 0.069 seconds
