[2025-08-11T11:35:31.678+0000] {processor.py:161} INFO - Started process (PID=78) to work on /home/airflow/.local/lib/python3.12/site-packages/airflow/example_dags/example_sensor_decorator.py
[2025-08-11T11:35:31.679+0000] {processor.py:830} INFO - Processing file /home/airflow/.local/lib/python3.12/site-packages/airflow/example_dags/example_sensor_decorator.py for tasks to queue
[2025-08-11T11:35:31.681+0000] {logging_mixin.py:188} INFO - [2025-08-11T11:35:31.680+0000] {dagbag.py:545} INFO - Filling up the DagBag from /home/airflow/.local/lib/python3.12/site-packages/airflow/example_dags/example_sensor_decorator.py
[2025-08-11T11:35:31.696+0000] {processor.py:840} INFO - DAG(s) 'example_sensor_decorator' retrieved from /home/airflow/.local/lib/python3.12/site-packages/airflow/example_dags/example_sensor_decorator.py
[2025-08-11T11:35:31.809+0000] {logging_mixin.py:188} INFO - [2025-08-11T11:35:31.809+0000] {override.py:1829} INFO - Created Permission View: can read on DAG:example_sensor_decorator
[2025-08-11T11:35:31.818+0000] {logging_mixin.py:188} INFO - [2025-08-11T11:35:31.818+0000] {override.py:1829} INFO - Created Permission View: can delete on DAG:example_sensor_decorator
[2025-08-11T11:35:31.825+0000] {logging_mixin.py:188} INFO - [2025-08-11T11:35:31.825+0000] {override.py:1829} INFO - Created Permission View: can edit on DAG:example_sensor_decorator
[2025-08-11T11:35:31.825+0000] {logging_mixin.py:188} INFO - [2025-08-11T11:35:31.825+0000] {dag.py:3096} INFO - Sync 1 DAGs
[2025-08-11T11:35:31.836+0000] {logging_mixin.py:188} INFO - [2025-08-11T11:35:31.835+0000] {dag.py:3118} INFO - Creating ORM DAG for example_sensor_decorator
[2025-08-11T11:35:31.836+0000] {logging_mixin.py:188} INFO - [2025-08-11T11:35:31.836+0000] {dag.py:3954} INFO - Setting next_dagrun for example_sensor_decorator to None, run_after=None
[2025-08-11T11:35:31.851+0000] {processor.py:183} INFO - Processing /home/airflow/.local/lib/python3.12/site-packages/airflow/example_dags/example_sensor_decorator.py took 0.179 seconds
[2025-08-11T11:36:02.043+0000] {processor.py:161} INFO - Started process (PID=136) to work on /home/airflow/.local/lib/python3.12/site-packages/airflow/example_dags/example_sensor_decorator.py
[2025-08-11T11:36:02.044+0000] {processor.py:830} INFO - Processing file /home/airflow/.local/lib/python3.12/site-packages/airflow/example_dags/example_sensor_decorator.py for tasks to queue
[2025-08-11T11:36:02.048+0000] {logging_mixin.py:188} INFO - [2025-08-11T11:36:02.048+0000] {dagbag.py:545} INFO - Filling up the DagBag from /home/airflow/.local/lib/python3.12/site-packages/airflow/example_dags/example_sensor_decorator.py
[2025-08-11T11:36:02.052+0000] {processor.py:840} INFO - DAG(s) 'example_sensor_decorator' retrieved from /home/airflow/.local/lib/python3.12/site-packages/airflow/example_dags/example_sensor_decorator.py
[2025-08-11T11:36:02.065+0000] {logging_mixin.py:188} INFO - [2025-08-11T11:36:02.064+0000] {dag.py:3096} INFO - Sync 1 DAGs
[2025-08-11T11:36:02.073+0000] {logging_mixin.py:188} INFO - [2025-08-11T11:36:02.072+0000] {dag.py:3954} INFO - Setting next_dagrun for example_sensor_decorator to None, run_after=None
[2025-08-11T11:36:02.086+0000] {processor.py:183} INFO - Processing /home/airflow/.local/lib/python3.12/site-packages/airflow/example_dags/example_sensor_decorator.py took 0.047 seconds
[2025-08-11T11:36:32.180+0000] {processor.py:161} INFO - Started process (PID=194) to work on /home/airflow/.local/lib/python3.12/site-packages/airflow/example_dags/example_sensor_decorator.py
[2025-08-11T11:36:32.184+0000] {processor.py:830} INFO - Processing file /home/airflow/.local/lib/python3.12/site-packages/airflow/example_dags/example_sensor_decorator.py for tasks to queue
[2025-08-11T11:36:32.185+0000] {logging_mixin.py:188} INFO - [2025-08-11T11:36:32.185+0000] {dagbag.py:545} INFO - Filling up the DagBag from /home/airflow/.local/lib/python3.12/site-packages/airflow/example_dags/example_sensor_decorator.py
[2025-08-11T11:36:32.190+0000] {processor.py:840} INFO - DAG(s) 'example_sensor_decorator' retrieved from /home/airflow/.local/lib/python3.12/site-packages/airflow/example_dags/example_sensor_decorator.py
[2025-08-11T11:36:32.203+0000] {logging_mixin.py:188} INFO - [2025-08-11T11:36:32.203+0000] {dag.py:3096} INFO - Sync 1 DAGs
[2025-08-11T11:36:32.212+0000] {logging_mixin.py:188} INFO - [2025-08-11T11:36:32.212+0000] {dag.py:3954} INFO - Setting next_dagrun for example_sensor_decorator to None, run_after=None
[2025-08-11T11:36:32.227+0000] {processor.py:183} INFO - Processing /home/airflow/.local/lib/python3.12/site-packages/airflow/example_dags/example_sensor_decorator.py took 0.051 seconds
[2025-08-11T11:37:02.481+0000] {processor.py:161} INFO - Started process (PID=252) to work on /home/airflow/.local/lib/python3.12/site-packages/airflow/example_dags/example_sensor_decorator.py
[2025-08-11T11:37:02.484+0000] {processor.py:830} INFO - Processing file /home/airflow/.local/lib/python3.12/site-packages/airflow/example_dags/example_sensor_decorator.py for tasks to queue
[2025-08-11T11:37:02.487+0000] {logging_mixin.py:188} INFO - [2025-08-11T11:37:02.486+0000] {dagbag.py:545} INFO - Filling up the DagBag from /home/airflow/.local/lib/python3.12/site-packages/airflow/example_dags/example_sensor_decorator.py
[2025-08-11T11:37:02.491+0000] {processor.py:840} INFO - DAG(s) 'example_sensor_decorator' retrieved from /home/airflow/.local/lib/python3.12/site-packages/airflow/example_dags/example_sensor_decorator.py
[2025-08-11T11:37:02.503+0000] {logging_mixin.py:188} INFO - [2025-08-11T11:37:02.503+0000] {dag.py:3096} INFO - Sync 1 DAGs
[2025-08-11T11:37:02.510+0000] {logging_mixin.py:188} INFO - [2025-08-11T11:37:02.510+0000] {dag.py:3954} INFO - Setting next_dagrun for example_sensor_decorator to None, run_after=None
[2025-08-11T11:37:02.525+0000] {processor.py:183} INFO - Processing /home/airflow/.local/lib/python3.12/site-packages/airflow/example_dags/example_sensor_decorator.py took 0.048 seconds
[2025-08-11T11:37:32.963+0000] {processor.py:161} INFO - Started process (PID=310) to work on /home/airflow/.local/lib/python3.12/site-packages/airflow/example_dags/example_sensor_decorator.py
[2025-08-11T11:37:32.965+0000] {processor.py:830} INFO - Processing file /home/airflow/.local/lib/python3.12/site-packages/airflow/example_dags/example_sensor_decorator.py for tasks to queue
[2025-08-11T11:37:32.969+0000] {logging_mixin.py:188} INFO - [2025-08-11T11:37:32.969+0000] {dagbag.py:545} INFO - Filling up the DagBag from /home/airflow/.local/lib/python3.12/site-packages/airflow/example_dags/example_sensor_decorator.py
[2025-08-11T11:37:32.977+0000] {processor.py:840} INFO - DAG(s) 'example_sensor_decorator' retrieved from /home/airflow/.local/lib/python3.12/site-packages/airflow/example_dags/example_sensor_decorator.py
[2025-08-11T11:37:32.997+0000] {logging_mixin.py:188} INFO - [2025-08-11T11:37:32.996+0000] {dag.py:3096} INFO - Sync 1 DAGs
[2025-08-11T11:37:33.006+0000] {logging_mixin.py:188} INFO - [2025-08-11T11:37:33.006+0000] {dag.py:3954} INFO - Setting next_dagrun for example_sensor_decorator to None, run_after=None
[2025-08-11T11:37:33.033+0000] {processor.py:183} INFO - Processing /home/airflow/.local/lib/python3.12/site-packages/airflow/example_dags/example_sensor_decorator.py took 0.075 seconds
[2025-08-11T11:38:03.366+0000] {processor.py:161} INFO - Started process (PID=367) to work on /home/airflow/.local/lib/python3.12/site-packages/airflow/example_dags/example_sensor_decorator.py
[2025-08-11T11:38:03.367+0000] {processor.py:830} INFO - Processing file /home/airflow/.local/lib/python3.12/site-packages/airflow/example_dags/example_sensor_decorator.py for tasks to queue
[2025-08-11T11:38:03.372+0000] {logging_mixin.py:188} INFO - [2025-08-11T11:38:03.372+0000] {dagbag.py:545} INFO - Filling up the DagBag from /home/airflow/.local/lib/python3.12/site-packages/airflow/example_dags/example_sensor_decorator.py
[2025-08-11T11:38:03.376+0000] {processor.py:840} INFO - DAG(s) 'example_sensor_decorator' retrieved from /home/airflow/.local/lib/python3.12/site-packages/airflow/example_dags/example_sensor_decorator.py
[2025-08-11T11:38:03.389+0000] {logging_mixin.py:188} INFO - [2025-08-11T11:38:03.389+0000] {dag.py:3096} INFO - Sync 1 DAGs
[2025-08-11T11:38:03.397+0000] {logging_mixin.py:188} INFO - [2025-08-11T11:38:03.397+0000] {dag.py:3954} INFO - Setting next_dagrun for example_sensor_decorator to None, run_after=None
[2025-08-11T11:38:03.410+0000] {processor.py:183} INFO - Processing /home/airflow/.local/lib/python3.12/site-packages/airflow/example_dags/example_sensor_decorator.py took 0.048 seconds
[2025-08-11T11:38:33.775+0000] {processor.py:161} INFO - Started process (PID=425) to work on /home/airflow/.local/lib/python3.12/site-packages/airflow/example_dags/example_sensor_decorator.py
[2025-08-11T11:38:33.776+0000] {processor.py:830} INFO - Processing file /home/airflow/.local/lib/python3.12/site-packages/airflow/example_dags/example_sensor_decorator.py for tasks to queue
[2025-08-11T11:38:33.777+0000] {logging_mixin.py:188} INFO - [2025-08-11T11:38:33.777+0000] {dagbag.py:545} INFO - Filling up the DagBag from /home/airflow/.local/lib/python3.12/site-packages/airflow/example_dags/example_sensor_decorator.py
[2025-08-11T11:38:33.784+0000] {processor.py:840} INFO - DAG(s) 'example_sensor_decorator' retrieved from /home/airflow/.local/lib/python3.12/site-packages/airflow/example_dags/example_sensor_decorator.py
[2025-08-11T11:38:33.802+0000] {logging_mixin.py:188} INFO - [2025-08-11T11:38:33.802+0000] {dag.py:3096} INFO - Sync 1 DAGs
[2025-08-11T11:38:33.813+0000] {logging_mixin.py:188} INFO - [2025-08-11T11:38:33.813+0000] {dag.py:3954} INFO - Setting next_dagrun for example_sensor_decorator to None, run_after=None
[2025-08-11T11:38:33.833+0000] {processor.py:183} INFO - Processing /home/airflow/.local/lib/python3.12/site-packages/airflow/example_dags/example_sensor_decorator.py took 0.062 seconds
[2025-08-11T11:39:04.226+0000] {processor.py:161} INFO - Started process (PID=483) to work on /home/airflow/.local/lib/python3.12/site-packages/airflow/example_dags/example_sensor_decorator.py
[2025-08-11T11:39:04.229+0000] {processor.py:830} INFO - Processing file /home/airflow/.local/lib/python3.12/site-packages/airflow/example_dags/example_sensor_decorator.py for tasks to queue
[2025-08-11T11:39:04.231+0000] {logging_mixin.py:188} INFO - [2025-08-11T11:39:04.231+0000] {dagbag.py:545} INFO - Filling up the DagBag from /home/airflow/.local/lib/python3.12/site-packages/airflow/example_dags/example_sensor_decorator.py
[2025-08-11T11:39:04.236+0000] {processor.py:840} INFO - DAG(s) 'example_sensor_decorator' retrieved from /home/airflow/.local/lib/python3.12/site-packages/airflow/example_dags/example_sensor_decorator.py
[2025-08-11T11:39:04.250+0000] {logging_mixin.py:188} INFO - [2025-08-11T11:39:04.250+0000] {dag.py:3096} INFO - Sync 1 DAGs
[2025-08-11T11:39:04.259+0000] {logging_mixin.py:188} INFO - [2025-08-11T11:39:04.259+0000] {dag.py:3954} INFO - Setting next_dagrun for example_sensor_decorator to None, run_after=None
[2025-08-11T11:39:04.276+0000] {processor.py:183} INFO - Processing /home/airflow/.local/lib/python3.12/site-packages/airflow/example_dags/example_sensor_decorator.py took 0.056 seconds
[2025-08-11T11:39:34.564+0000] {processor.py:161} INFO - Started process (PID=541) to work on /home/airflow/.local/lib/python3.12/site-packages/airflow/example_dags/example_sensor_decorator.py
[2025-08-11T11:39:34.567+0000] {processor.py:830} INFO - Processing file /home/airflow/.local/lib/python3.12/site-packages/airflow/example_dags/example_sensor_decorator.py for tasks to queue
[2025-08-11T11:39:34.568+0000] {logging_mixin.py:188} INFO - [2025-08-11T11:39:34.568+0000] {dagbag.py:545} INFO - Filling up the DagBag from /home/airflow/.local/lib/python3.12/site-packages/airflow/example_dags/example_sensor_decorator.py
[2025-08-11T11:39:34.572+0000] {processor.py:840} INFO - DAG(s) 'example_sensor_decorator' retrieved from /home/airflow/.local/lib/python3.12/site-packages/airflow/example_dags/example_sensor_decorator.py
[2025-08-11T11:39:34.584+0000] {logging_mixin.py:188} INFO - [2025-08-11T11:39:34.584+0000] {dag.py:3096} INFO - Sync 1 DAGs
[2025-08-11T11:39:34.592+0000] {logging_mixin.py:188} INFO - [2025-08-11T11:39:34.592+0000] {dag.py:3954} INFO - Setting next_dagrun for example_sensor_decorator to None, run_after=None
[2025-08-11T11:39:34.606+0000] {processor.py:183} INFO - Processing /home/airflow/.local/lib/python3.12/site-packages/airflow/example_dags/example_sensor_decorator.py took 0.046 seconds
[2025-08-11T11:40:04.855+0000] {processor.py:161} INFO - Started process (PID=599) to work on /home/airflow/.local/lib/python3.12/site-packages/airflow/example_dags/example_sensor_decorator.py
[2025-08-11T11:40:04.857+0000] {processor.py:830} INFO - Processing file /home/airflow/.local/lib/python3.12/site-packages/airflow/example_dags/example_sensor_decorator.py for tasks to queue
[2025-08-11T11:40:04.858+0000] {logging_mixin.py:188} INFO - [2025-08-11T11:40:04.858+0000] {dagbag.py:545} INFO - Filling up the DagBag from /home/airflow/.local/lib/python3.12/site-packages/airflow/example_dags/example_sensor_decorator.py
[2025-08-11T11:40:04.862+0000] {processor.py:840} INFO - DAG(s) 'example_sensor_decorator' retrieved from /home/airflow/.local/lib/python3.12/site-packages/airflow/example_dags/example_sensor_decorator.py
[2025-08-11T11:40:04.874+0000] {logging_mixin.py:188} INFO - [2025-08-11T11:40:04.874+0000] {dag.py:3096} INFO - Sync 1 DAGs
[2025-08-11T11:40:04.883+0000] {logging_mixin.py:188} INFO - [2025-08-11T11:40:04.883+0000] {dag.py:3954} INFO - Setting next_dagrun for example_sensor_decorator to None, run_after=None
[2025-08-11T11:40:04.894+0000] {processor.py:183} INFO - Processing /home/airflow/.local/lib/python3.12/site-packages/airflow/example_dags/example_sensor_decorator.py took 0.043 seconds
[2025-08-11T11:40:35.750+0000] {processor.py:161} INFO - Started process (PID=657) to work on /home/airflow/.local/lib/python3.12/site-packages/airflow/example_dags/example_sensor_decorator.py
[2025-08-11T11:40:35.752+0000] {processor.py:830} INFO - Processing file /home/airflow/.local/lib/python3.12/site-packages/airflow/example_dags/example_sensor_decorator.py for tasks to queue
[2025-08-11T11:40:35.753+0000] {logging_mixin.py:188} INFO - [2025-08-11T11:40:35.753+0000] {dagbag.py:545} INFO - Filling up the DagBag from /home/airflow/.local/lib/python3.12/site-packages/airflow/example_dags/example_sensor_decorator.py
[2025-08-11T11:40:35.758+0000] {processor.py:840} INFO - DAG(s) 'example_sensor_decorator' retrieved from /home/airflow/.local/lib/python3.12/site-packages/airflow/example_dags/example_sensor_decorator.py
[2025-08-11T11:40:35.771+0000] {logging_mixin.py:188} INFO - [2025-08-11T11:40:35.771+0000] {dag.py:3096} INFO - Sync 1 DAGs
[2025-08-11T11:40:35.781+0000] {logging_mixin.py:188} INFO - [2025-08-11T11:40:35.781+0000] {dag.py:3954} INFO - Setting next_dagrun for example_sensor_decorator to None, run_after=None
[2025-08-11T11:40:35.792+0000] {processor.py:183} INFO - Processing /home/airflow/.local/lib/python3.12/site-packages/airflow/example_dags/example_sensor_decorator.py took 0.047 seconds
[2025-08-11T11:41:05.871+0000] {processor.py:161} INFO - Started process (PID=715) to work on /home/airflow/.local/lib/python3.12/site-packages/airflow/example_dags/example_sensor_decorator.py
[2025-08-11T11:41:05.872+0000] {processor.py:830} INFO - Processing file /home/airflow/.local/lib/python3.12/site-packages/airflow/example_dags/example_sensor_decorator.py for tasks to queue
[2025-08-11T11:41:05.873+0000] {logging_mixin.py:188} INFO - [2025-08-11T11:41:05.873+0000] {dagbag.py:545} INFO - Filling up the DagBag from /home/airflow/.local/lib/python3.12/site-packages/airflow/example_dags/example_sensor_decorator.py
[2025-08-11T11:41:05.877+0000] {processor.py:840} INFO - DAG(s) 'example_sensor_decorator' retrieved from /home/airflow/.local/lib/python3.12/site-packages/airflow/example_dags/example_sensor_decorator.py
[2025-08-11T11:41:05.889+0000] {logging_mixin.py:188} INFO - [2025-08-11T11:41:05.889+0000] {dag.py:3096} INFO - Sync 1 DAGs
[2025-08-11T11:41:05.897+0000] {logging_mixin.py:188} INFO - [2025-08-11T11:41:05.897+0000] {dag.py:3954} INFO - Setting next_dagrun for example_sensor_decorator to None, run_after=None
[2025-08-11T11:41:05.914+0000] {processor.py:183} INFO - Processing /home/airflow/.local/lib/python3.12/site-packages/airflow/example_dags/example_sensor_decorator.py took 0.046 seconds
[2025-08-11T11:41:36.306+0000] {processor.py:161} INFO - Started process (PID=773) to work on /home/airflow/.local/lib/python3.12/site-packages/airflow/example_dags/example_sensor_decorator.py
[2025-08-11T11:41:36.308+0000] {processor.py:830} INFO - Processing file /home/airflow/.local/lib/python3.12/site-packages/airflow/example_dags/example_sensor_decorator.py for tasks to queue
[2025-08-11T11:41:36.310+0000] {logging_mixin.py:188} INFO - [2025-08-11T11:41:36.310+0000] {dagbag.py:545} INFO - Filling up the DagBag from /home/airflow/.local/lib/python3.12/site-packages/airflow/example_dags/example_sensor_decorator.py
[2025-08-11T11:41:36.314+0000] {processor.py:840} INFO - DAG(s) 'example_sensor_decorator' retrieved from /home/airflow/.local/lib/python3.12/site-packages/airflow/example_dags/example_sensor_decorator.py
[2025-08-11T11:41:36.331+0000] {logging_mixin.py:188} INFO - [2025-08-11T11:41:36.331+0000] {dag.py:3096} INFO - Sync 1 DAGs
[2025-08-11T11:41:36.341+0000] {logging_mixin.py:188} INFO - [2025-08-11T11:41:36.341+0000] {dag.py:3954} INFO - Setting next_dagrun for example_sensor_decorator to None, run_after=None
[2025-08-11T11:41:36.360+0000] {processor.py:183} INFO - Processing /home/airflow/.local/lib/python3.12/site-packages/airflow/example_dags/example_sensor_decorator.py took 0.058 seconds
[2025-08-11T11:42:06.435+0000] {processor.py:161} INFO - Started process (PID=831) to work on /home/airflow/.local/lib/python3.12/site-packages/airflow/example_dags/example_sensor_decorator.py
[2025-08-11T11:42:06.436+0000] {processor.py:830} INFO - Processing file /home/airflow/.local/lib/python3.12/site-packages/airflow/example_dags/example_sensor_decorator.py for tasks to queue
[2025-08-11T11:42:06.437+0000] {logging_mixin.py:188} INFO - [2025-08-11T11:42:06.437+0000] {dagbag.py:545} INFO - Filling up the DagBag from /home/airflow/.local/lib/python3.12/site-packages/airflow/example_dags/example_sensor_decorator.py
[2025-08-11T11:42:06.442+0000] {processor.py:840} INFO - DAG(s) 'example_sensor_decorator' retrieved from /home/airflow/.local/lib/python3.12/site-packages/airflow/example_dags/example_sensor_decorator.py
[2025-08-11T11:42:06.465+0000] {logging_mixin.py:188} INFO - [2025-08-11T11:42:06.464+0000] {dag.py:3096} INFO - Sync 1 DAGs
[2025-08-11T11:42:06.477+0000] {logging_mixin.py:188} INFO - [2025-08-11T11:42:06.477+0000] {dag.py:3954} INFO - Setting next_dagrun for example_sensor_decorator to None, run_after=None
[2025-08-11T11:42:06.495+0000] {processor.py:183} INFO - Processing /home/airflow/.local/lib/python3.12/site-packages/airflow/example_dags/example_sensor_decorator.py took 0.064 seconds
[2025-08-11T11:42:36.852+0000] {processor.py:161} INFO - Started process (PID=889) to work on /home/airflow/.local/lib/python3.12/site-packages/airflow/example_dags/example_sensor_decorator.py
[2025-08-11T11:42:36.852+0000] {processor.py:830} INFO - Processing file /home/airflow/.local/lib/python3.12/site-packages/airflow/example_dags/example_sensor_decorator.py for tasks to queue
[2025-08-11T11:42:36.854+0000] {logging_mixin.py:188} INFO - [2025-08-11T11:42:36.853+0000] {dagbag.py:545} INFO - Filling up the DagBag from /home/airflow/.local/lib/python3.12/site-packages/airflow/example_dags/example_sensor_decorator.py
[2025-08-11T11:42:36.858+0000] {processor.py:840} INFO - DAG(s) 'example_sensor_decorator' retrieved from /home/airflow/.local/lib/python3.12/site-packages/airflow/example_dags/example_sensor_decorator.py
[2025-08-11T11:42:36.870+0000] {logging_mixin.py:188} INFO - [2025-08-11T11:42:36.869+0000] {dag.py:3096} INFO - Sync 1 DAGs
[2025-08-11T11:42:36.879+0000] {logging_mixin.py:188} INFO - [2025-08-11T11:42:36.879+0000] {dag.py:3954} INFO - Setting next_dagrun for example_sensor_decorator to None, run_after=None
[2025-08-11T11:42:36.894+0000] {processor.py:183} INFO - Processing /home/airflow/.local/lib/python3.12/site-packages/airflow/example_dags/example_sensor_decorator.py took 0.047 seconds
[2025-08-11T11:43:07.526+0000] {processor.py:161} INFO - Started process (PID=947) to work on /home/airflow/.local/lib/python3.12/site-packages/airflow/example_dags/example_sensor_decorator.py
[2025-08-11T11:43:07.527+0000] {processor.py:830} INFO - Processing file /home/airflow/.local/lib/python3.12/site-packages/airflow/example_dags/example_sensor_decorator.py for tasks to queue
[2025-08-11T11:43:07.528+0000] {logging_mixin.py:188} INFO - [2025-08-11T11:43:07.528+0000] {dagbag.py:545} INFO - Filling up the DagBag from /home/airflow/.local/lib/python3.12/site-packages/airflow/example_dags/example_sensor_decorator.py
[2025-08-11T11:43:07.533+0000] {processor.py:840} INFO - DAG(s) 'example_sensor_decorator' retrieved from /home/airflow/.local/lib/python3.12/site-packages/airflow/example_dags/example_sensor_decorator.py
[2025-08-11T11:43:07.546+0000] {logging_mixin.py:188} INFO - [2025-08-11T11:43:07.545+0000] {dag.py:3096} INFO - Sync 1 DAGs
[2025-08-11T11:43:07.557+0000] {logging_mixin.py:188} INFO - [2025-08-11T11:43:07.557+0000] {dag.py:3954} INFO - Setting next_dagrun for example_sensor_decorator to None, run_after=None
[2025-08-11T11:43:07.577+0000] {processor.py:183} INFO - Processing /home/airflow/.local/lib/python3.12/site-packages/airflow/example_dags/example_sensor_decorator.py took 0.054 seconds
[2025-08-11T11:43:37.683+0000] {processor.py:161} INFO - Started process (PID=1005) to work on /home/airflow/.local/lib/python3.12/site-packages/airflow/example_dags/example_sensor_decorator.py
[2025-08-11T11:43:37.686+0000] {processor.py:830} INFO - Processing file /home/airflow/.local/lib/python3.12/site-packages/airflow/example_dags/example_sensor_decorator.py for tasks to queue
[2025-08-11T11:43:37.688+0000] {logging_mixin.py:188} INFO - [2025-08-11T11:43:37.687+0000] {dagbag.py:545} INFO - Filling up the DagBag from /home/airflow/.local/lib/python3.12/site-packages/airflow/example_dags/example_sensor_decorator.py
[2025-08-11T11:43:37.692+0000] {processor.py:840} INFO - DAG(s) 'example_sensor_decorator' retrieved from /home/airflow/.local/lib/python3.12/site-packages/airflow/example_dags/example_sensor_decorator.py
[2025-08-11T11:43:37.708+0000] {logging_mixin.py:188} INFO - [2025-08-11T11:43:37.708+0000] {dag.py:3096} INFO - Sync 1 DAGs
[2025-08-11T11:43:37.720+0000] {logging_mixin.py:188} INFO - [2025-08-11T11:43:37.720+0000] {dag.py:3954} INFO - Setting next_dagrun for example_sensor_decorator to None, run_after=None
[2025-08-11T11:43:37.734+0000] {processor.py:183} INFO - Processing /home/airflow/.local/lib/python3.12/site-packages/airflow/example_dags/example_sensor_decorator.py took 0.055 seconds
[2025-08-11T11:44:07.864+0000] {processor.py:161} INFO - Started process (PID=1063) to work on /home/airflow/.local/lib/python3.12/site-packages/airflow/example_dags/example_sensor_decorator.py
[2025-08-11T11:44:07.867+0000] {processor.py:830} INFO - Processing file /home/airflow/.local/lib/python3.12/site-packages/airflow/example_dags/example_sensor_decorator.py for tasks to queue
[2025-08-11T11:44:07.868+0000] {logging_mixin.py:188} INFO - [2025-08-11T11:44:07.868+0000] {dagbag.py:545} INFO - Filling up the DagBag from /home/airflow/.local/lib/python3.12/site-packages/airflow/example_dags/example_sensor_decorator.py
[2025-08-11T11:44:07.873+0000] {processor.py:840} INFO - DAG(s) 'example_sensor_decorator' retrieved from /home/airflow/.local/lib/python3.12/site-packages/airflow/example_dags/example_sensor_decorator.py
[2025-08-11T11:44:07.890+0000] {logging_mixin.py:188} INFO - [2025-08-11T11:44:07.889+0000] {dag.py:3096} INFO - Sync 1 DAGs
[2025-08-11T11:44:07.898+0000] {logging_mixin.py:188} INFO - [2025-08-11T11:44:07.898+0000] {dag.py:3954} INFO - Setting next_dagrun for example_sensor_decorator to None, run_after=None
[2025-08-11T11:44:07.909+0000] {processor.py:183} INFO - Processing /home/airflow/.local/lib/python3.12/site-packages/airflow/example_dags/example_sensor_decorator.py took 0.048 seconds
[2025-08-11T11:44:38.261+0000] {processor.py:161} INFO - Started process (PID=1121) to work on /home/airflow/.local/lib/python3.12/site-packages/airflow/example_dags/example_sensor_decorator.py
[2025-08-11T11:44:38.263+0000] {processor.py:830} INFO - Processing file /home/airflow/.local/lib/python3.12/site-packages/airflow/example_dags/example_sensor_decorator.py for tasks to queue
[2025-08-11T11:44:38.265+0000] {logging_mixin.py:188} INFO - [2025-08-11T11:44:38.264+0000] {dagbag.py:545} INFO - Filling up the DagBag from /home/airflow/.local/lib/python3.12/site-packages/airflow/example_dags/example_sensor_decorator.py
[2025-08-11T11:44:38.269+0000] {processor.py:840} INFO - DAG(s) 'example_sensor_decorator' retrieved from /home/airflow/.local/lib/python3.12/site-packages/airflow/example_dags/example_sensor_decorator.py
[2025-08-11T11:44:38.284+0000] {logging_mixin.py:188} INFO - [2025-08-11T11:44:38.284+0000] {dag.py:3096} INFO - Sync 1 DAGs
[2025-08-11T11:44:38.293+0000] {logging_mixin.py:188} INFO - [2025-08-11T11:44:38.293+0000] {dag.py:3954} INFO - Setting next_dagrun for example_sensor_decorator to None, run_after=None
[2025-08-11T11:44:38.304+0000] {processor.py:183} INFO - Processing /home/airflow/.local/lib/python3.12/site-packages/airflow/example_dags/example_sensor_decorator.py took 0.047 seconds
[2025-08-11T11:45:08.852+0000] {processor.py:161} INFO - Started process (PID=1179) to work on /home/airflow/.local/lib/python3.12/site-packages/airflow/example_dags/example_sensor_decorator.py
[2025-08-11T11:45:08.856+0000] {processor.py:830} INFO - Processing file /home/airflow/.local/lib/python3.12/site-packages/airflow/example_dags/example_sensor_decorator.py for tasks to queue
[2025-08-11T11:45:08.857+0000] {logging_mixin.py:188} INFO - [2025-08-11T11:45:08.857+0000] {dagbag.py:545} INFO - Filling up the DagBag from /home/airflow/.local/lib/python3.12/site-packages/airflow/example_dags/example_sensor_decorator.py
[2025-08-11T11:45:08.862+0000] {processor.py:840} INFO - DAG(s) 'example_sensor_decorator' retrieved from /home/airflow/.local/lib/python3.12/site-packages/airflow/example_dags/example_sensor_decorator.py
[2025-08-11T11:45:08.875+0000] {logging_mixin.py:188} INFO - [2025-08-11T11:45:08.874+0000] {dag.py:3096} INFO - Sync 1 DAGs
[2025-08-11T11:45:08.882+0000] {logging_mixin.py:188} INFO - [2025-08-11T11:45:08.882+0000] {dag.py:3954} INFO - Setting next_dagrun for example_sensor_decorator to None, run_after=None
[2025-08-11T11:45:08.895+0000] {processor.py:183} INFO - Processing /home/airflow/.local/lib/python3.12/site-packages/airflow/example_dags/example_sensor_decorator.py took 0.047 seconds
[2025-08-11T11:45:39.161+0000] {processor.py:161} INFO - Started process (PID=1237) to work on /home/airflow/.local/lib/python3.12/site-packages/airflow/example_dags/example_sensor_decorator.py
[2025-08-11T11:45:39.162+0000] {processor.py:830} INFO - Processing file /home/airflow/.local/lib/python3.12/site-packages/airflow/example_dags/example_sensor_decorator.py for tasks to queue
[2025-08-11T11:45:39.164+0000] {logging_mixin.py:188} INFO - [2025-08-11T11:45:39.163+0000] {dagbag.py:545} INFO - Filling up the DagBag from /home/airflow/.local/lib/python3.12/site-packages/airflow/example_dags/example_sensor_decorator.py
[2025-08-11T11:45:39.169+0000] {processor.py:840} INFO - DAG(s) 'example_sensor_decorator' retrieved from /home/airflow/.local/lib/python3.12/site-packages/airflow/example_dags/example_sensor_decorator.py
[2025-08-11T11:45:39.189+0000] {logging_mixin.py:188} INFO - [2025-08-11T11:45:39.189+0000] {dag.py:3096} INFO - Sync 1 DAGs
[2025-08-11T11:45:39.197+0000] {logging_mixin.py:188} INFO - [2025-08-11T11:45:39.197+0000] {dag.py:3954} INFO - Setting next_dagrun for example_sensor_decorator to None, run_after=None
[2025-08-11T11:45:39.209+0000] {processor.py:183} INFO - Processing /home/airflow/.local/lib/python3.12/site-packages/airflow/example_dags/example_sensor_decorator.py took 0.053 seconds
[2025-08-11T11:46:09.424+0000] {processor.py:161} INFO - Started process (PID=1296) to work on /home/airflow/.local/lib/python3.12/site-packages/airflow/example_dags/example_sensor_decorator.py
[2025-08-11T11:46:09.426+0000] {processor.py:830} INFO - Processing file /home/airflow/.local/lib/python3.12/site-packages/airflow/example_dags/example_sensor_decorator.py for tasks to queue
[2025-08-11T11:46:09.427+0000] {logging_mixin.py:188} INFO - [2025-08-11T11:46:09.427+0000] {dagbag.py:545} INFO - Filling up the DagBag from /home/airflow/.local/lib/python3.12/site-packages/airflow/example_dags/example_sensor_decorator.py
[2025-08-11T11:46:09.435+0000] {processor.py:840} INFO - DAG(s) 'example_sensor_decorator' retrieved from /home/airflow/.local/lib/python3.12/site-packages/airflow/example_dags/example_sensor_decorator.py
[2025-08-11T11:46:09.452+0000] {logging_mixin.py:188} INFO - [2025-08-11T11:46:09.452+0000] {dag.py:3096} INFO - Sync 1 DAGs
[2025-08-11T11:46:09.461+0000] {logging_mixin.py:188} INFO - [2025-08-11T11:46:09.461+0000] {dag.py:3954} INFO - Setting next_dagrun for example_sensor_decorator to None, run_after=None
[2025-08-11T11:46:09.474+0000] {processor.py:183} INFO - Processing /home/airflow/.local/lib/python3.12/site-packages/airflow/example_dags/example_sensor_decorator.py took 0.054 seconds
