[2025-08-11T11:35:31.798+0000] {processor.py:161} INFO - Started process (PID=79) to work on /home/airflow/.local/lib/python3.12/site-packages/airflow/example_dags/example_sensors.py
[2025-08-11T11:35:31.798+0000] {processor.py:830} INFO - Processing file /home/airflow/.local/lib/python3.12/site-packages/airflow/example_dags/example_sensors.py for tasks to queue
[2025-08-11T11:35:31.800+0000] {logging_mixin.py:188} INFO - [2025-08-11T11:35:31.800+0000] {dagbag.py:545} INFO - Filling up the DagBag from /home/airflow/.local/lib/python3.12/site-packages/airflow/example_dags/example_sensors.py
[2025-08-11T11:35:31.811+0000] {processor.py:840} INFO - DAG(s) 'example_sensors' retrieved from /home/airflow/.local/lib/python3.12/site-packages/airflow/example_dags/example_sensors.py
[2025-08-11T11:35:31.916+0000] {logging_mixin.py:188} INFO - [2025-08-11T11:35:31.916+0000] {override.py:1829} INFO - Created Permission View: can read on DAG:example_sensors
[2025-08-11T11:35:31.930+0000] {logging_mixin.py:188} INFO - [2025-08-11T11:35:31.929+0000] {override.py:1829} INFO - Created Permission View: can delete on DAG:example_sensors
[2025-08-11T11:35:31.937+0000] {logging_mixin.py:188} INFO - [2025-08-11T11:35:31.937+0000] {override.py:1829} INFO - Created Permission View: can edit on DAG:example_sensors
[2025-08-11T11:35:31.938+0000] {logging_mixin.py:188} INFO - [2025-08-11T11:35:31.937+0000] {dag.py:3096} INFO - Sync 1 DAGs
[2025-08-11T11:35:31.948+0000] {logging_mixin.py:188} INFO - [2025-08-11T11:35:31.947+0000] {dag.py:3118} INFO - Creating ORM DAG for example_sensors
[2025-08-11T11:35:31.948+0000] {logging_mixin.py:188} INFO - [2025-08-11T11:35:31.948+0000] {dag.py:3954} INFO - Setting next_dagrun for example_sensors to None, run_after=None
[2025-08-11T11:35:31.964+0000] {processor.py:183} INFO - Processing /home/airflow/.local/lib/python3.12/site-packages/airflow/example_dags/example_sensors.py took 0.171 seconds
[2025-08-11T11:36:02.085+0000] {processor.py:161} INFO - Started process (PID=137) to work on /home/airflow/.local/lib/python3.12/site-packages/airflow/example_dags/example_sensors.py
[2025-08-11T11:36:02.086+0000] {processor.py:830} INFO - Processing file /home/airflow/.local/lib/python3.12/site-packages/airflow/example_dags/example_sensors.py for tasks to queue
[2025-08-11T11:36:02.087+0000] {logging_mixin.py:188} INFO - [2025-08-11T11:36:02.087+0000] {dagbag.py:545} INFO - Filling up the DagBag from /home/airflow/.local/lib/python3.12/site-packages/airflow/example_dags/example_sensors.py
[2025-08-11T11:36:02.095+0000] {processor.py:840} INFO - DAG(s) 'example_sensors' retrieved from /home/airflow/.local/lib/python3.12/site-packages/airflow/example_dags/example_sensors.py
[2025-08-11T11:36:02.111+0000] {logging_mixin.py:188} INFO - [2025-08-11T11:36:02.111+0000] {dag.py:3096} INFO - Sync 1 DAGs
[2025-08-11T11:36:02.119+0000] {logging_mixin.py:188} INFO - [2025-08-11T11:36:02.119+0000] {dag.py:3954} INFO - Setting next_dagrun for example_sensors to None, run_after=None
[2025-08-11T11:36:02.130+0000] {processor.py:183} INFO - Processing /home/airflow/.local/lib/python3.12/site-packages/airflow/example_dags/example_sensors.py took 0.048 seconds
[2025-08-11T11:36:32.227+0000] {processor.py:161} INFO - Started process (PID=195) to work on /home/airflow/.local/lib/python3.12/site-packages/airflow/example_dags/example_sensors.py
[2025-08-11T11:36:32.230+0000] {processor.py:830} INFO - Processing file /home/airflow/.local/lib/python3.12/site-packages/airflow/example_dags/example_sensors.py for tasks to queue
[2025-08-11T11:36:32.232+0000] {logging_mixin.py:188} INFO - [2025-08-11T11:36:32.232+0000] {dagbag.py:545} INFO - Filling up the DagBag from /home/airflow/.local/lib/python3.12/site-packages/airflow/example_dags/example_sensors.py
[2025-08-11T11:36:32.240+0000] {processor.py:840} INFO - DAG(s) 'example_sensors' retrieved from /home/airflow/.local/lib/python3.12/site-packages/airflow/example_dags/example_sensors.py
[2025-08-11T11:36:32.258+0000] {logging_mixin.py:188} INFO - [2025-08-11T11:36:32.257+0000] {dag.py:3096} INFO - Sync 1 DAGs
[2025-08-11T11:36:32.277+0000] {logging_mixin.py:188} INFO - [2025-08-11T11:36:32.277+0000] {dag.py:3954} INFO - Setting next_dagrun for example_sensors to None, run_after=None
[2025-08-11T11:36:32.291+0000] {processor.py:183} INFO - Processing /home/airflow/.local/lib/python3.12/site-packages/airflow/example_dags/example_sensors.py took 0.069 seconds
[2025-08-11T11:37:02.523+0000] {processor.py:161} INFO - Started process (PID=253) to work on /home/airflow/.local/lib/python3.12/site-packages/airflow/example_dags/example_sensors.py
[2025-08-11T11:37:02.524+0000] {processor.py:830} INFO - Processing file /home/airflow/.local/lib/python3.12/site-packages/airflow/example_dags/example_sensors.py for tasks to queue
[2025-08-11T11:37:02.525+0000] {logging_mixin.py:188} INFO - [2025-08-11T11:37:02.525+0000] {dagbag.py:545} INFO - Filling up the DagBag from /home/airflow/.local/lib/python3.12/site-packages/airflow/example_dags/example_sensors.py
[2025-08-11T11:37:02.534+0000] {processor.py:840} INFO - DAG(s) 'example_sensors' retrieved from /home/airflow/.local/lib/python3.12/site-packages/airflow/example_dags/example_sensors.py
[2025-08-11T11:37:02.550+0000] {logging_mixin.py:188} INFO - [2025-08-11T11:37:02.550+0000] {dag.py:3096} INFO - Sync 1 DAGs
[2025-08-11T11:37:02.557+0000] {logging_mixin.py:188} INFO - [2025-08-11T11:37:02.557+0000] {dag.py:3954} INFO - Setting next_dagrun for example_sensors to None, run_after=None
[2025-08-11T11:37:02.568+0000] {processor.py:183} INFO - Processing /home/airflow/.local/lib/python3.12/site-packages/airflow/example_dags/example_sensors.py took 0.048 seconds
[2025-08-11T11:37:33.038+0000] {processor.py:161} INFO - Started process (PID=311) to work on /home/airflow/.local/lib/python3.12/site-packages/airflow/example_dags/example_sensors.py
[2025-08-11T11:37:33.039+0000] {processor.py:830} INFO - Processing file /home/airflow/.local/lib/python3.12/site-packages/airflow/example_dags/example_sensors.py for tasks to queue
[2025-08-11T11:37:33.044+0000] {logging_mixin.py:188} INFO - [2025-08-11T11:37:33.041+0000] {dagbag.py:545} INFO - Filling up the DagBag from /home/airflow/.local/lib/python3.12/site-packages/airflow/example_dags/example_sensors.py
[2025-08-11T11:37:33.052+0000] {processor.py:840} INFO - DAG(s) 'example_sensors' retrieved from /home/airflow/.local/lib/python3.12/site-packages/airflow/example_dags/example_sensors.py
[2025-08-11T11:37:33.070+0000] {logging_mixin.py:188} INFO - [2025-08-11T11:37:33.070+0000] {dag.py:3096} INFO - Sync 1 DAGs
[2025-08-11T11:37:33.079+0000] {logging_mixin.py:188} INFO - [2025-08-11T11:37:33.079+0000] {dag.py:3954} INFO - Setting next_dagrun for example_sensors to None, run_after=None
[2025-08-11T11:37:33.090+0000] {processor.py:183} INFO - Processing /home/airflow/.local/lib/python3.12/site-packages/airflow/example_dags/example_sensors.py took 0.057 seconds
[2025-08-11T11:38:03.419+0000] {processor.py:161} INFO - Started process (PID=368) to work on /home/airflow/.local/lib/python3.12/site-packages/airflow/example_dags/example_sensors.py
[2025-08-11T11:38:03.420+0000] {processor.py:830} INFO - Processing file /home/airflow/.local/lib/python3.12/site-packages/airflow/example_dags/example_sensors.py for tasks to queue
[2025-08-11T11:38:03.421+0000] {logging_mixin.py:188} INFO - [2025-08-11T11:38:03.421+0000] {dagbag.py:545} INFO - Filling up the DagBag from /home/airflow/.local/lib/python3.12/site-packages/airflow/example_dags/example_sensors.py
[2025-08-11T11:38:03.427+0000] {processor.py:840} INFO - DAG(s) 'example_sensors' retrieved from /home/airflow/.local/lib/python3.12/site-packages/airflow/example_dags/example_sensors.py
[2025-08-11T11:38:03.443+0000] {logging_mixin.py:188} INFO - [2025-08-11T11:38:03.443+0000] {dag.py:3096} INFO - Sync 1 DAGs
[2025-08-11T11:38:03.451+0000] {logging_mixin.py:188} INFO - [2025-08-11T11:38:03.451+0000] {dag.py:3954} INFO - Setting next_dagrun for example_sensors to None, run_after=None
[2025-08-11T11:38:03.461+0000] {processor.py:183} INFO - Processing /home/airflow/.local/lib/python3.12/site-packages/airflow/example_dags/example_sensors.py took 0.047 seconds
[2025-08-11T11:38:33.837+0000] {processor.py:161} INFO - Started process (PID=426) to work on /home/airflow/.local/lib/python3.12/site-packages/airflow/example_dags/example_sensors.py
[2025-08-11T11:38:33.839+0000] {processor.py:830} INFO - Processing file /home/airflow/.local/lib/python3.12/site-packages/airflow/example_dags/example_sensors.py for tasks to queue
[2025-08-11T11:38:33.841+0000] {logging_mixin.py:188} INFO - [2025-08-11T11:38:33.840+0000] {dagbag.py:545} INFO - Filling up the DagBag from /home/airflow/.local/lib/python3.12/site-packages/airflow/example_dags/example_sensors.py
[2025-08-11T11:38:33.849+0000] {processor.py:840} INFO - DAG(s) 'example_sensors' retrieved from /home/airflow/.local/lib/python3.12/site-packages/airflow/example_dags/example_sensors.py
[2025-08-11T11:38:33.866+0000] {logging_mixin.py:188} INFO - [2025-08-11T11:38:33.866+0000] {dag.py:3096} INFO - Sync 1 DAGs
[2025-08-11T11:38:33.874+0000] {logging_mixin.py:188} INFO - [2025-08-11T11:38:33.874+0000] {dag.py:3954} INFO - Setting next_dagrun for example_sensors to None, run_after=None
[2025-08-11T11:38:33.885+0000] {processor.py:183} INFO - Processing /home/airflow/.local/lib/python3.12/site-packages/airflow/example_dags/example_sensors.py took 0.053 seconds
[2025-08-11T11:39:04.275+0000] {processor.py:161} INFO - Started process (PID=484) to work on /home/airflow/.local/lib/python3.12/site-packages/airflow/example_dags/example_sensors.py
[2025-08-11T11:39:04.276+0000] {processor.py:830} INFO - Processing file /home/airflow/.local/lib/python3.12/site-packages/airflow/example_dags/example_sensors.py for tasks to queue
[2025-08-11T11:39:04.280+0000] {logging_mixin.py:188} INFO - [2025-08-11T11:39:04.280+0000] {dagbag.py:545} INFO - Filling up the DagBag from /home/airflow/.local/lib/python3.12/site-packages/airflow/example_dags/example_sensors.py
[2025-08-11T11:39:04.287+0000] {processor.py:840} INFO - DAG(s) 'example_sensors' retrieved from /home/airflow/.local/lib/python3.12/site-packages/airflow/example_dags/example_sensors.py
[2025-08-11T11:39:04.303+0000] {logging_mixin.py:188} INFO - [2025-08-11T11:39:04.303+0000] {dag.py:3096} INFO - Sync 1 DAGs
[2025-08-11T11:39:04.311+0000] {logging_mixin.py:188} INFO - [2025-08-11T11:39:04.310+0000] {dag.py:3954} INFO - Setting next_dagrun for example_sensors to None, run_after=None
[2025-08-11T11:39:04.321+0000] {processor.py:183} INFO - Processing /home/airflow/.local/lib/python3.12/site-packages/airflow/example_dags/example_sensors.py took 0.053 seconds
[2025-08-11T11:39:34.603+0000] {processor.py:161} INFO - Started process (PID=542) to work on /home/airflow/.local/lib/python3.12/site-packages/airflow/example_dags/example_sensors.py
[2025-08-11T11:39:34.604+0000] {processor.py:830} INFO - Processing file /home/airflow/.local/lib/python3.12/site-packages/airflow/example_dags/example_sensors.py for tasks to queue
[2025-08-11T11:39:34.605+0000] {logging_mixin.py:188} INFO - [2025-08-11T11:39:34.605+0000] {dagbag.py:545} INFO - Filling up the DagBag from /home/airflow/.local/lib/python3.12/site-packages/airflow/example_dags/example_sensors.py
[2025-08-11T11:39:34.612+0000] {processor.py:840} INFO - DAG(s) 'example_sensors' retrieved from /home/airflow/.local/lib/python3.12/site-packages/airflow/example_dags/example_sensors.py
[2025-08-11T11:39:34.627+0000] {logging_mixin.py:188} INFO - [2025-08-11T11:39:34.627+0000] {dag.py:3096} INFO - Sync 1 DAGs
[2025-08-11T11:39:34.635+0000] {logging_mixin.py:188} INFO - [2025-08-11T11:39:34.634+0000] {dag.py:3954} INFO - Setting next_dagrun for example_sensors to None, run_after=None
[2025-08-11T11:39:34.645+0000] {processor.py:183} INFO - Processing /home/airflow/.local/lib/python3.12/site-packages/airflow/example_dags/example_sensors.py took 0.046 seconds
[2025-08-11T11:40:04.892+0000] {processor.py:161} INFO - Started process (PID=600) to work on /home/airflow/.local/lib/python3.12/site-packages/airflow/example_dags/example_sensors.py
[2025-08-11T11:40:04.894+0000] {processor.py:830} INFO - Processing file /home/airflow/.local/lib/python3.12/site-packages/airflow/example_dags/example_sensors.py for tasks to queue
[2025-08-11T11:40:04.898+0000] {logging_mixin.py:188} INFO - [2025-08-11T11:40:04.897+0000] {dagbag.py:545} INFO - Filling up the DagBag from /home/airflow/.local/lib/python3.12/site-packages/airflow/example_dags/example_sensors.py
[2025-08-11T11:40:04.904+0000] {processor.py:840} INFO - DAG(s) 'example_sensors' retrieved from /home/airflow/.local/lib/python3.12/site-packages/airflow/example_dags/example_sensors.py
[2025-08-11T11:40:04.921+0000] {logging_mixin.py:188} INFO - [2025-08-11T11:40:04.920+0000] {dag.py:3096} INFO - Sync 1 DAGs
[2025-08-11T11:40:04.928+0000] {logging_mixin.py:188} INFO - [2025-08-11T11:40:04.928+0000] {dag.py:3954} INFO - Setting next_dagrun for example_sensors to None, run_after=None
[2025-08-11T11:40:04.939+0000] {processor.py:183} INFO - Processing /home/airflow/.local/lib/python3.12/site-packages/airflow/example_dags/example_sensors.py took 0.050 seconds
[2025-08-11T11:40:35.787+0000] {processor.py:161} INFO - Started process (PID=658) to work on /home/airflow/.local/lib/python3.12/site-packages/airflow/example_dags/example_sensors.py
[2025-08-11T11:40:35.788+0000] {processor.py:830} INFO - Processing file /home/airflow/.local/lib/python3.12/site-packages/airflow/example_dags/example_sensors.py for tasks to queue
[2025-08-11T11:40:35.789+0000] {logging_mixin.py:188} INFO - [2025-08-11T11:40:35.789+0000] {dagbag.py:545} INFO - Filling up the DagBag from /home/airflow/.local/lib/python3.12/site-packages/airflow/example_dags/example_sensors.py
[2025-08-11T11:40:35.796+0000] {processor.py:840} INFO - DAG(s) 'example_sensors' retrieved from /home/airflow/.local/lib/python3.12/site-packages/airflow/example_dags/example_sensors.py
[2025-08-11T11:40:35.813+0000] {logging_mixin.py:188} INFO - [2025-08-11T11:40:35.813+0000] {dag.py:3096} INFO - Sync 1 DAGs
[2025-08-11T11:40:35.827+0000] {logging_mixin.py:188} INFO - [2025-08-11T11:40:35.826+0000] {dag.py:3954} INFO - Setting next_dagrun for example_sensors to None, run_after=None
[2025-08-11T11:40:35.848+0000] {processor.py:183} INFO - Processing /home/airflow/.local/lib/python3.12/site-packages/airflow/example_dags/example_sensors.py took 0.065 seconds
[2025-08-11T11:41:05.924+0000] {processor.py:161} INFO - Started process (PID=716) to work on /home/airflow/.local/lib/python3.12/site-packages/airflow/example_dags/example_sensors.py
[2025-08-11T11:41:05.925+0000] {processor.py:830} INFO - Processing file /home/airflow/.local/lib/python3.12/site-packages/airflow/example_dags/example_sensors.py for tasks to queue
[2025-08-11T11:41:05.926+0000] {logging_mixin.py:188} INFO - [2025-08-11T11:41:05.926+0000] {dagbag.py:545} INFO - Filling up the DagBag from /home/airflow/.local/lib/python3.12/site-packages/airflow/example_dags/example_sensors.py
[2025-08-11T11:41:05.931+0000] {processor.py:840} INFO - DAG(s) 'example_sensors' retrieved from /home/airflow/.local/lib/python3.12/site-packages/airflow/example_dags/example_sensors.py
[2025-08-11T11:41:05.946+0000] {logging_mixin.py:188} INFO - [2025-08-11T11:41:05.946+0000] {dag.py:3096} INFO - Sync 1 DAGs
[2025-08-11T11:41:05.954+0000] {logging_mixin.py:188} INFO - [2025-08-11T11:41:05.954+0000] {dag.py:3954} INFO - Setting next_dagrun for example_sensors to None, run_after=None
[2025-08-11T11:41:05.964+0000] {processor.py:183} INFO - Processing /home/airflow/.local/lib/python3.12/site-packages/airflow/example_dags/example_sensors.py took 0.043 seconds
[2025-08-11T11:41:36.359+0000] {processor.py:161} INFO - Started process (PID=774) to work on /home/airflow/.local/lib/python3.12/site-packages/airflow/example_dags/example_sensors.py
[2025-08-11T11:41:36.360+0000] {processor.py:830} INFO - Processing file /home/airflow/.local/lib/python3.12/site-packages/airflow/example_dags/example_sensors.py for tasks to queue
[2025-08-11T11:41:36.363+0000] {logging_mixin.py:188} INFO - [2025-08-11T11:41:36.363+0000] {dagbag.py:545} INFO - Filling up the DagBag from /home/airflow/.local/lib/python3.12/site-packages/airflow/example_dags/example_sensors.py
[2025-08-11T11:41:36.378+0000] {processor.py:840} INFO - DAG(s) 'example_sensors' retrieved from /home/airflow/.local/lib/python3.12/site-packages/airflow/example_dags/example_sensors.py
[2025-08-11T11:41:36.416+0000] {logging_mixin.py:188} INFO - [2025-08-11T11:41:36.416+0000] {dag.py:3096} INFO - Sync 1 DAGs
[2025-08-11T11:41:36.432+0000] {logging_mixin.py:188} INFO - [2025-08-11T11:41:36.432+0000] {dag.py:3954} INFO - Setting next_dagrun for example_sensors to None, run_after=None
[2025-08-11T11:41:36.450+0000] {processor.py:183} INFO - Processing /home/airflow/.local/lib/python3.12/site-packages/airflow/example_dags/example_sensors.py took 0.099 seconds
[2025-08-11T11:42:06.519+0000] {processor.py:161} INFO - Started process (PID=832) to work on /home/airflow/.local/lib/python3.12/site-packages/airflow/example_dags/example_sensors.py
[2025-08-11T11:42:06.520+0000] {processor.py:830} INFO - Processing file /home/airflow/.local/lib/python3.12/site-packages/airflow/example_dags/example_sensors.py for tasks to queue
[2025-08-11T11:42:06.522+0000] {logging_mixin.py:188} INFO - [2025-08-11T11:42:06.521+0000] {dagbag.py:545} INFO - Filling up the DagBag from /home/airflow/.local/lib/python3.12/site-packages/airflow/example_dags/example_sensors.py
[2025-08-11T11:42:06.529+0000] {processor.py:840} INFO - DAG(s) 'example_sensors' retrieved from /home/airflow/.local/lib/python3.12/site-packages/airflow/example_dags/example_sensors.py
[2025-08-11T11:42:06.551+0000] {logging_mixin.py:188} INFO - [2025-08-11T11:42:06.551+0000] {dag.py:3096} INFO - Sync 1 DAGs
[2025-08-11T11:42:06.563+0000] {logging_mixin.py:188} INFO - [2025-08-11T11:42:06.563+0000] {dag.py:3954} INFO - Setting next_dagrun for example_sensors to None, run_after=None
[2025-08-11T11:42:06.577+0000] {processor.py:183} INFO - Processing /home/airflow/.local/lib/python3.12/site-packages/airflow/example_dags/example_sensors.py took 0.064 seconds
[2025-08-11T11:42:36.904+0000] {processor.py:161} INFO - Started process (PID=890) to work on /home/airflow/.local/lib/python3.12/site-packages/airflow/example_dags/example_sensors.py
[2025-08-11T11:42:36.906+0000] {processor.py:830} INFO - Processing file /home/airflow/.local/lib/python3.12/site-packages/airflow/example_dags/example_sensors.py for tasks to queue
[2025-08-11T11:42:36.908+0000] {logging_mixin.py:188} INFO - [2025-08-11T11:42:36.907+0000] {dagbag.py:545} INFO - Filling up the DagBag from /home/airflow/.local/lib/python3.12/site-packages/airflow/example_dags/example_sensors.py
[2025-08-11T11:42:36.914+0000] {processor.py:840} INFO - DAG(s) 'example_sensors' retrieved from /home/airflow/.local/lib/python3.12/site-packages/airflow/example_dags/example_sensors.py
[2025-08-11T11:42:36.934+0000] {logging_mixin.py:188} INFO - [2025-08-11T11:42:36.934+0000] {dag.py:3096} INFO - Sync 1 DAGs
[2025-08-11T11:42:36.944+0000] {logging_mixin.py:188} INFO - [2025-08-11T11:42:36.944+0000] {dag.py:3954} INFO - Setting next_dagrun for example_sensors to None, run_after=None
[2025-08-11T11:42:36.958+0000] {processor.py:183} INFO - Processing /home/airflow/.local/lib/python3.12/site-packages/airflow/example_dags/example_sensors.py took 0.058 seconds
[2025-08-11T11:43:07.554+0000] {processor.py:161} INFO - Started process (PID=948) to work on /home/airflow/.local/lib/python3.12/site-packages/airflow/example_dags/example_sensors.py
[2025-08-11T11:43:07.555+0000] {processor.py:830} INFO - Processing file /home/airflow/.local/lib/python3.12/site-packages/airflow/example_dags/example_sensors.py for tasks to queue
[2025-08-11T11:43:07.557+0000] {logging_mixin.py:188} INFO - [2025-08-11T11:43:07.557+0000] {dagbag.py:545} INFO - Filling up the DagBag from /home/airflow/.local/lib/python3.12/site-packages/airflow/example_dags/example_sensors.py
[2025-08-11T11:43:07.564+0000] {processor.py:840} INFO - DAG(s) 'example_sensors' retrieved from /home/airflow/.local/lib/python3.12/site-packages/airflow/example_dags/example_sensors.py
[2025-08-11T11:43:07.610+0000] {logging_mixin.py:188} INFO - [2025-08-11T11:43:07.609+0000] {dag.py:3096} INFO - Sync 1 DAGs
[2025-08-11T11:43:07.637+0000] {logging_mixin.py:188} INFO - [2025-08-11T11:43:07.637+0000] {dag.py:3954} INFO - Setting next_dagrun for example_sensors to None, run_after=None
[2025-08-11T11:43:07.657+0000] {processor.py:183} INFO - Processing /home/airflow/.local/lib/python3.12/site-packages/airflow/example_dags/example_sensors.py took 0.108 seconds
[2025-08-11T11:43:37.739+0000] {processor.py:161} INFO - Started process (PID=1006) to work on /home/airflow/.local/lib/python3.12/site-packages/airflow/example_dags/example_sensors.py
[2025-08-11T11:43:37.740+0000] {processor.py:830} INFO - Processing file /home/airflow/.local/lib/python3.12/site-packages/airflow/example_dags/example_sensors.py for tasks to queue
[2025-08-11T11:43:37.741+0000] {logging_mixin.py:188} INFO - [2025-08-11T11:43:37.741+0000] {dagbag.py:545} INFO - Filling up the DagBag from /home/airflow/.local/lib/python3.12/site-packages/airflow/example_dags/example_sensors.py
[2025-08-11T11:43:37.748+0000] {processor.py:840} INFO - DAG(s) 'example_sensors' retrieved from /home/airflow/.local/lib/python3.12/site-packages/airflow/example_dags/example_sensors.py
[2025-08-11T11:43:37.766+0000] {logging_mixin.py:188} INFO - [2025-08-11T11:43:37.766+0000] {dag.py:3096} INFO - Sync 1 DAGs
[2025-08-11T11:43:37.775+0000] {logging_mixin.py:188} INFO - [2025-08-11T11:43:37.775+0000] {dag.py:3954} INFO - Setting next_dagrun for example_sensors to None, run_after=None
[2025-08-11T11:43:37.788+0000] {processor.py:183} INFO - Processing /home/airflow/.local/lib/python3.12/site-packages/airflow/example_dags/example_sensors.py took 0.054 seconds
[2025-08-11T11:44:07.909+0000] {processor.py:161} INFO - Started process (PID=1064) to work on /home/airflow/.local/lib/python3.12/site-packages/airflow/example_dags/example_sensors.py
[2025-08-11T11:44:07.912+0000] {processor.py:830} INFO - Processing file /home/airflow/.local/lib/python3.12/site-packages/airflow/example_dags/example_sensors.py for tasks to queue
[2025-08-11T11:44:07.914+0000] {logging_mixin.py:188} INFO - [2025-08-11T11:44:07.914+0000] {dagbag.py:545} INFO - Filling up the DagBag from /home/airflow/.local/lib/python3.12/site-packages/airflow/example_dags/example_sensors.py
[2025-08-11T11:44:07.920+0000] {processor.py:840} INFO - DAG(s) 'example_sensors' retrieved from /home/airflow/.local/lib/python3.12/site-packages/airflow/example_dags/example_sensors.py
[2025-08-11T11:44:07.935+0000] {logging_mixin.py:188} INFO - [2025-08-11T11:44:07.935+0000] {dag.py:3096} INFO - Sync 1 DAGs
[2025-08-11T11:44:07.944+0000] {logging_mixin.py:188} INFO - [2025-08-11T11:44:07.943+0000] {dag.py:3954} INFO - Setting next_dagrun for example_sensors to None, run_after=None
[2025-08-11T11:44:07.957+0000] {processor.py:183} INFO - Processing /home/airflow/.local/lib/python3.12/site-packages/airflow/example_dags/example_sensors.py took 0.052 seconds
[2025-08-11T11:44:38.304+0000] {processor.py:161} INFO - Started process (PID=1122) to work on /home/airflow/.local/lib/python3.12/site-packages/airflow/example_dags/example_sensors.py
[2025-08-11T11:44:38.304+0000] {processor.py:830} INFO - Processing file /home/airflow/.local/lib/python3.12/site-packages/airflow/example_dags/example_sensors.py for tasks to queue
[2025-08-11T11:44:38.306+0000] {logging_mixin.py:188} INFO - [2025-08-11T11:44:38.306+0000] {dagbag.py:545} INFO - Filling up the DagBag from /home/airflow/.local/lib/python3.12/site-packages/airflow/example_dags/example_sensors.py
[2025-08-11T11:44:38.313+0000] {processor.py:840} INFO - DAG(s) 'example_sensors' retrieved from /home/airflow/.local/lib/python3.12/site-packages/airflow/example_dags/example_sensors.py
[2025-08-11T11:44:38.332+0000] {logging_mixin.py:188} INFO - [2025-08-11T11:44:38.332+0000] {dag.py:3096} INFO - Sync 1 DAGs
[2025-08-11T11:44:38.341+0000] {logging_mixin.py:188} INFO - [2025-08-11T11:44:38.341+0000] {dag.py:3954} INFO - Setting next_dagrun for example_sensors to None, run_after=None
[2025-08-11T11:44:38.353+0000] {processor.py:183} INFO - Processing /home/airflow/.local/lib/python3.12/site-packages/airflow/example_dags/example_sensors.py took 0.053 seconds
[2025-08-11T11:45:08.904+0000] {processor.py:161} INFO - Started process (PID=1180) to work on /home/airflow/.local/lib/python3.12/site-packages/airflow/example_dags/example_sensors.py
[2025-08-11T11:45:08.906+0000] {processor.py:830} INFO - Processing file /home/airflow/.local/lib/python3.12/site-packages/airflow/example_dags/example_sensors.py for tasks to queue
[2025-08-11T11:45:08.907+0000] {logging_mixin.py:188} INFO - [2025-08-11T11:45:08.907+0000] {dagbag.py:545} INFO - Filling up the DagBag from /home/airflow/.local/lib/python3.12/site-packages/airflow/example_dags/example_sensors.py
[2025-08-11T11:45:08.913+0000] {processor.py:840} INFO - DAG(s) 'example_sensors' retrieved from /home/airflow/.local/lib/python3.12/site-packages/airflow/example_dags/example_sensors.py
[2025-08-11T11:45:08.930+0000] {logging_mixin.py:188} INFO - [2025-08-11T11:45:08.929+0000] {dag.py:3096} INFO - Sync 1 DAGs
[2025-08-11T11:45:08.938+0000] {logging_mixin.py:188} INFO - [2025-08-11T11:45:08.938+0000] {dag.py:3954} INFO - Setting next_dagrun for example_sensors to None, run_after=None
[2025-08-11T11:45:08.953+0000] {processor.py:183} INFO - Processing /home/airflow/.local/lib/python3.12/site-packages/airflow/example_dags/example_sensors.py took 0.054 seconds
[2025-08-11T11:45:39.219+0000] {processor.py:161} INFO - Started process (PID=1238) to work on /home/airflow/.local/lib/python3.12/site-packages/airflow/example_dags/example_sensors.py
[2025-08-11T11:45:39.221+0000] {processor.py:830} INFO - Processing file /home/airflow/.local/lib/python3.12/site-packages/airflow/example_dags/example_sensors.py for tasks to queue
[2025-08-11T11:45:39.222+0000] {logging_mixin.py:188} INFO - [2025-08-11T11:45:39.222+0000] {dagbag.py:545} INFO - Filling up the DagBag from /home/airflow/.local/lib/python3.12/site-packages/airflow/example_dags/example_sensors.py
[2025-08-11T11:45:39.228+0000] {processor.py:840} INFO - DAG(s) 'example_sensors' retrieved from /home/airflow/.local/lib/python3.12/site-packages/airflow/example_dags/example_sensors.py
[2025-08-11T11:45:39.250+0000] {logging_mixin.py:188} INFO - [2025-08-11T11:45:39.249+0000] {dag.py:3096} INFO - Sync 1 DAGs
[2025-08-11T11:45:39.260+0000] {logging_mixin.py:188} INFO - [2025-08-11T11:45:39.260+0000] {dag.py:3954} INFO - Setting next_dagrun for example_sensors to None, run_after=None
[2025-08-11T11:45:39.275+0000] {processor.py:183} INFO - Processing /home/airflow/.local/lib/python3.12/site-packages/airflow/example_dags/example_sensors.py took 0.060 seconds
[2025-08-11T11:46:09.483+0000] {processor.py:161} INFO - Started process (PID=1297) to work on /home/airflow/.local/lib/python3.12/site-packages/airflow/example_dags/example_sensors.py
[2025-08-11T11:46:09.485+0000] {processor.py:830} INFO - Processing file /home/airflow/.local/lib/python3.12/site-packages/airflow/example_dags/example_sensors.py for tasks to queue
[2025-08-11T11:46:09.487+0000] {logging_mixin.py:188} INFO - [2025-08-11T11:46:09.486+0000] {dagbag.py:545} INFO - Filling up the DagBag from /home/airflow/.local/lib/python3.12/site-packages/airflow/example_dags/example_sensors.py
[2025-08-11T11:46:09.493+0000] {processor.py:840} INFO - DAG(s) 'example_sensors' retrieved from /home/airflow/.local/lib/python3.12/site-packages/airflow/example_dags/example_sensors.py
[2025-08-11T11:46:09.513+0000] {logging_mixin.py:188} INFO - [2025-08-11T11:46:09.513+0000] {dag.py:3096} INFO - Sync 1 DAGs
[2025-08-11T11:46:09.523+0000] {logging_mixin.py:188} INFO - [2025-08-11T11:46:09.522+0000] {dag.py:3954} INFO - Setting next_dagrun for example_sensors to None, run_after=None
[2025-08-11T11:46:09.541+0000] {processor.py:183} INFO - Processing /home/airflow/.local/lib/python3.12/site-packages/airflow/example_dags/example_sensors.py took 0.062 seconds
