[2025-08-11T11:35:30.715+0000] {processor.py:161} INFO - Started process (PID=73) to work on /home/airflow/.local/lib/python3.12/site-packages/airflow/example_dags/example_latest_only.py
[2025-08-11T11:35:30.716+0000] {processor.py:830} INFO - Processing file /home/airflow/.local/lib/python3.12/site-packages/airflow/example_dags/example_latest_only.py for tasks to queue
[2025-08-11T11:35:30.719+0000] {logging_mixin.py:188} INFO - [2025-08-11T11:35:30.718+0000] {dagbag.py:545} INFO - Filling up the DagBag from /home/airflow/.local/lib/python3.12/site-packages/airflow/example_dags/example_latest_only.py
[2025-08-11T11:35:30.727+0000] {processor.py:840} INFO - DAG(s) 'latest_only' retrieved from /home/airflow/.local/lib/python3.12/site-packages/airflow/example_dags/example_latest_only.py
[2025-08-11T11:35:30.992+0000] {logging_mixin.py:188} INFO - [2025-08-11T11:35:30.991+0000] {override.py:1829} INFO - Created Permission View: can read on DAG:latest_only
[2025-08-11T11:35:31.004+0000] {logging_mixin.py:188} INFO - [2025-08-11T11:35:31.004+0000] {override.py:1829} INFO - Created Permission View: can delete on DAG:latest_only
[2025-08-11T11:35:31.013+0000] {logging_mixin.py:188} INFO - [2025-08-11T11:35:31.012+0000] {override.py:1829} INFO - Created Permission View: can edit on DAG:latest_only
[2025-08-11T11:35:31.014+0000] {logging_mixin.py:188} INFO - [2025-08-11T11:35:31.014+0000] {dag.py:3096} INFO - Sync 1 DAGs
[2025-08-11T11:35:31.035+0000] {logging_mixin.py:188} INFO - [2025-08-11T11:35:31.035+0000] {dag.py:3118} INFO - Creating ORM DAG for latest_only
[2025-08-11T11:35:31.061+0000] {logging_mixin.py:188} INFO - [2025-08-11T11:35:31.060+0000] {dag.py:3954} INFO - Setting next_dagrun for latest_only to 2025-08-11 04:00:00+00:00, run_after=2025-08-11 08:00:00+00:00
[2025-08-11T11:35:31.103+0000] {processor.py:183} INFO - Processing /home/airflow/.local/lib/python3.12/site-packages/airflow/example_dags/example_latest_only.py took 0.394 seconds
[2025-08-11T11:36:01.851+0000] {processor.py:161} INFO - Started process (PID=131) to work on /home/airflow/.local/lib/python3.12/site-packages/airflow/example_dags/example_latest_only.py
[2025-08-11T11:36:01.853+0000] {processor.py:830} INFO - Processing file /home/airflow/.local/lib/python3.12/site-packages/airflow/example_dags/example_latest_only.py for tasks to queue
[2025-08-11T11:36:01.855+0000] {logging_mixin.py:188} INFO - [2025-08-11T11:36:01.854+0000] {dagbag.py:545} INFO - Filling up the DagBag from /home/airflow/.local/lib/python3.12/site-packages/airflow/example_dags/example_latest_only.py
[2025-08-11T11:36:01.861+0000] {processor.py:840} INFO - DAG(s) 'latest_only' retrieved from /home/airflow/.local/lib/python3.12/site-packages/airflow/example_dags/example_latest_only.py
[2025-08-11T11:36:01.882+0000] {logging_mixin.py:188} INFO - [2025-08-11T11:36:01.881+0000] {dag.py:3096} INFO - Sync 1 DAGs
[2025-08-11T11:36:01.898+0000] {logging_mixin.py:188} INFO - [2025-08-11T11:36:01.898+0000] {dag.py:3954} INFO - Setting next_dagrun for latest_only to 2025-08-11 04:00:00+00:00, run_after=2025-08-11 08:00:00+00:00
[2025-08-11T11:36:01.910+0000] {processor.py:183} INFO - Processing /home/airflow/.local/lib/python3.12/site-packages/airflow/example_dags/example_latest_only.py took 0.065 seconds
[2025-08-11T11:36:32.015+0000] {processor.py:161} INFO - Started process (PID=189) to work on /home/airflow/.local/lib/python3.12/site-packages/airflow/example_dags/example_latest_only.py
[2025-08-11T11:36:32.016+0000] {processor.py:830} INFO - Processing file /home/airflow/.local/lib/python3.12/site-packages/airflow/example_dags/example_latest_only.py for tasks to queue
[2025-08-11T11:36:32.017+0000] {logging_mixin.py:188} INFO - [2025-08-11T11:36:32.017+0000] {dagbag.py:545} INFO - Filling up the DagBag from /home/airflow/.local/lib/python3.12/site-packages/airflow/example_dags/example_latest_only.py
[2025-08-11T11:36:32.021+0000] {processor.py:840} INFO - DAG(s) 'latest_only' retrieved from /home/airflow/.local/lib/python3.12/site-packages/airflow/example_dags/example_latest_only.py
[2025-08-11T11:36:32.035+0000] {logging_mixin.py:188} INFO - [2025-08-11T11:36:32.035+0000] {dag.py:3096} INFO - Sync 1 DAGs
[2025-08-11T11:36:32.049+0000] {logging_mixin.py:188} INFO - [2025-08-11T11:36:32.048+0000] {dag.py:3954} INFO - Setting next_dagrun for latest_only to 2025-08-11 04:00:00+00:00, run_after=2025-08-11 08:00:00+00:00
[2025-08-11T11:36:32.060+0000] {processor.py:183} INFO - Processing /home/airflow/.local/lib/python3.12/site-packages/airflow/example_dags/example_latest_only.py took 0.050 seconds
[2025-08-11T11:37:02.305+0000] {processor.py:161} INFO - Started process (PID=247) to work on /home/airflow/.local/lib/python3.12/site-packages/airflow/example_dags/example_latest_only.py
[2025-08-11T11:37:02.306+0000] {processor.py:830} INFO - Processing file /home/airflow/.local/lib/python3.12/site-packages/airflow/example_dags/example_latest_only.py for tasks to queue
[2025-08-11T11:37:02.307+0000] {logging_mixin.py:188} INFO - [2025-08-11T11:37:02.307+0000] {dagbag.py:545} INFO - Filling up the DagBag from /home/airflow/.local/lib/python3.12/site-packages/airflow/example_dags/example_latest_only.py
[2025-08-11T11:37:02.311+0000] {processor.py:840} INFO - DAG(s) 'latest_only' retrieved from /home/airflow/.local/lib/python3.12/site-packages/airflow/example_dags/example_latest_only.py
[2025-08-11T11:37:02.325+0000] {logging_mixin.py:188} INFO - [2025-08-11T11:37:02.325+0000] {dag.py:3096} INFO - Sync 1 DAGs
[2025-08-11T11:37:02.339+0000] {logging_mixin.py:188} INFO - [2025-08-11T11:37:02.339+0000] {dag.py:3954} INFO - Setting next_dagrun for latest_only to 2025-08-11 04:00:00+00:00, run_after=2025-08-11 08:00:00+00:00
[2025-08-11T11:37:02.353+0000] {processor.py:183} INFO - Processing /home/airflow/.local/lib/python3.12/site-packages/airflow/example_dags/example_latest_only.py took 0.054 seconds
[2025-08-11T11:37:32.690+0000] {processor.py:161} INFO - Started process (PID=305) to work on /home/airflow/.local/lib/python3.12/site-packages/airflow/example_dags/example_latest_only.py
[2025-08-11T11:37:32.691+0000] {processor.py:830} INFO - Processing file /home/airflow/.local/lib/python3.12/site-packages/airflow/example_dags/example_latest_only.py for tasks to queue
[2025-08-11T11:37:32.692+0000] {logging_mixin.py:188} INFO - [2025-08-11T11:37:32.692+0000] {dagbag.py:545} INFO - Filling up the DagBag from /home/airflow/.local/lib/python3.12/site-packages/airflow/example_dags/example_latest_only.py
[2025-08-11T11:37:32.698+0000] {processor.py:840} INFO - DAG(s) 'latest_only' retrieved from /home/airflow/.local/lib/python3.12/site-packages/airflow/example_dags/example_latest_only.py
[2025-08-11T11:37:32.725+0000] {logging_mixin.py:188} INFO - [2025-08-11T11:37:32.725+0000] {dag.py:3096} INFO - Sync 1 DAGs
[2025-08-11T11:37:32.759+0000] {logging_mixin.py:188} INFO - [2025-08-11T11:37:32.759+0000] {dag.py:3954} INFO - Setting next_dagrun for latest_only to 2025-08-11 04:00:00+00:00, run_after=2025-08-11 08:00:00+00:00
[2025-08-11T11:37:32.809+0000] {processor.py:183} INFO - Processing /home/airflow/.local/lib/python3.12/site-packages/airflow/example_dags/example_latest_only.py took 0.124 seconds
[2025-08-11T11:38:03.215+0000] {processor.py:161} INFO - Started process (PID=362) to work on /home/airflow/.local/lib/python3.12/site-packages/airflow/example_dags/example_latest_only.py
[2025-08-11T11:38:03.216+0000] {processor.py:830} INFO - Processing file /home/airflow/.local/lib/python3.12/site-packages/airflow/example_dags/example_latest_only.py for tasks to queue
[2025-08-11T11:38:03.218+0000] {logging_mixin.py:188} INFO - [2025-08-11T11:38:03.218+0000] {dagbag.py:545} INFO - Filling up the DagBag from /home/airflow/.local/lib/python3.12/site-packages/airflow/example_dags/example_latest_only.py
[2025-08-11T11:38:03.221+0000] {processor.py:840} INFO - DAG(s) 'latest_only' retrieved from /home/airflow/.local/lib/python3.12/site-packages/airflow/example_dags/example_latest_only.py
[2025-08-11T11:38:03.240+0000] {logging_mixin.py:188} INFO - [2025-08-11T11:38:03.240+0000] {dag.py:3096} INFO - Sync 1 DAGs
[2025-08-11T11:38:03.254+0000] {logging_mixin.py:188} INFO - [2025-08-11T11:38:03.254+0000] {dag.py:3954} INFO - Setting next_dagrun for latest_only to 2025-08-11 04:00:00+00:00, run_after=2025-08-11 08:00:00+00:00
[2025-08-11T11:38:03.266+0000] {processor.py:183} INFO - Processing /home/airflow/.local/lib/python3.12/site-packages/airflow/example_dags/example_latest_only.py took 0.056 seconds
[2025-08-11T11:38:33.549+0000] {processor.py:161} INFO - Started process (PID=420) to work on /home/airflow/.local/lib/python3.12/site-packages/airflow/example_dags/example_latest_only.py
[2025-08-11T11:38:33.551+0000] {processor.py:830} INFO - Processing file /home/airflow/.local/lib/python3.12/site-packages/airflow/example_dags/example_latest_only.py for tasks to queue
[2025-08-11T11:38:33.553+0000] {logging_mixin.py:188} INFO - [2025-08-11T11:38:33.552+0000] {dagbag.py:545} INFO - Filling up the DagBag from /home/airflow/.local/lib/python3.12/site-packages/airflow/example_dags/example_latest_only.py
[2025-08-11T11:38:33.557+0000] {processor.py:840} INFO - DAG(s) 'latest_only' retrieved from /home/airflow/.local/lib/python3.12/site-packages/airflow/example_dags/example_latest_only.py
[2025-08-11T11:38:33.579+0000] {logging_mixin.py:188} INFO - [2025-08-11T11:38:33.579+0000] {dag.py:3096} INFO - Sync 1 DAGs
[2025-08-11T11:38:33.607+0000] {logging_mixin.py:188} INFO - [2025-08-11T11:38:33.607+0000] {dag.py:3954} INFO - Setting next_dagrun for latest_only to 2025-08-11 04:00:00+00:00, run_after=2025-08-11 08:00:00+00:00
[2025-08-11T11:38:33.630+0000] {processor.py:183} INFO - Processing /home/airflow/.local/lib/python3.12/site-packages/airflow/example_dags/example_latest_only.py took 0.088 seconds
[2025-08-11T11:39:04.056+0000] {processor.py:161} INFO - Started process (PID=478) to work on /home/airflow/.local/lib/python3.12/site-packages/airflow/example_dags/example_latest_only.py
[2025-08-11T11:39:04.058+0000] {processor.py:830} INFO - Processing file /home/airflow/.local/lib/python3.12/site-packages/airflow/example_dags/example_latest_only.py for tasks to queue
[2025-08-11T11:39:04.061+0000] {logging_mixin.py:188} INFO - [2025-08-11T11:39:04.060+0000] {dagbag.py:545} INFO - Filling up the DagBag from /home/airflow/.local/lib/python3.12/site-packages/airflow/example_dags/example_latest_only.py
[2025-08-11T11:39:04.067+0000] {processor.py:840} INFO - DAG(s) 'latest_only' retrieved from /home/airflow/.local/lib/python3.12/site-packages/airflow/example_dags/example_latest_only.py
[2025-08-11T11:39:04.085+0000] {logging_mixin.py:188} INFO - [2025-08-11T11:39:04.085+0000] {dag.py:3096} INFO - Sync 1 DAGs
[2025-08-11T11:39:04.100+0000] {logging_mixin.py:188} INFO - [2025-08-11T11:39:04.100+0000] {dag.py:3954} INFO - Setting next_dagrun for latest_only to 2025-08-11 04:00:00+00:00, run_after=2025-08-11 08:00:00+00:00
[2025-08-11T11:39:04.112+0000] {processor.py:183} INFO - Processing /home/airflow/.local/lib/python3.12/site-packages/airflow/example_dags/example_latest_only.py took 0.065 seconds
[2025-08-11T11:39:34.389+0000] {processor.py:161} INFO - Started process (PID=536) to work on /home/airflow/.local/lib/python3.12/site-packages/airflow/example_dags/example_latest_only.py
[2025-08-11T11:39:34.390+0000] {processor.py:830} INFO - Processing file /home/airflow/.local/lib/python3.12/site-packages/airflow/example_dags/example_latest_only.py for tasks to queue
[2025-08-11T11:39:34.392+0000] {logging_mixin.py:188} INFO - [2025-08-11T11:39:34.392+0000] {dagbag.py:545} INFO - Filling up the DagBag from /home/airflow/.local/lib/python3.12/site-packages/airflow/example_dags/example_latest_only.py
[2025-08-11T11:39:34.397+0000] {processor.py:840} INFO - DAG(s) 'latest_only' retrieved from /home/airflow/.local/lib/python3.12/site-packages/airflow/example_dags/example_latest_only.py
[2025-08-11T11:39:34.416+0000] {logging_mixin.py:188} INFO - [2025-08-11T11:39:34.416+0000] {dag.py:3096} INFO - Sync 1 DAGs
[2025-08-11T11:39:34.433+0000] {logging_mixin.py:188} INFO - [2025-08-11T11:39:34.433+0000] {dag.py:3954} INFO - Setting next_dagrun for latest_only to 2025-08-11 04:00:00+00:00, run_after=2025-08-11 08:00:00+00:00
[2025-08-11T11:39:34.446+0000] {processor.py:183} INFO - Processing /home/airflow/.local/lib/python3.12/site-packages/airflow/example_dags/example_latest_only.py took 0.065 seconds
[2025-08-11T11:40:04.706+0000] {processor.py:161} INFO - Started process (PID=594) to work on /home/airflow/.local/lib/python3.12/site-packages/airflow/example_dags/example_latest_only.py
[2025-08-11T11:40:04.707+0000] {processor.py:830} INFO - Processing file /home/airflow/.local/lib/python3.12/site-packages/airflow/example_dags/example_latest_only.py for tasks to queue
[2025-08-11T11:40:04.709+0000] {logging_mixin.py:188} INFO - [2025-08-11T11:40:04.708+0000] {dagbag.py:545} INFO - Filling up the DagBag from /home/airflow/.local/lib/python3.12/site-packages/airflow/example_dags/example_latest_only.py
[2025-08-11T11:40:04.712+0000] {processor.py:840} INFO - DAG(s) 'latest_only' retrieved from /home/airflow/.local/lib/python3.12/site-packages/airflow/example_dags/example_latest_only.py
[2025-08-11T11:40:04.726+0000] {logging_mixin.py:188} INFO - [2025-08-11T11:40:04.725+0000] {dag.py:3096} INFO - Sync 1 DAGs
[2025-08-11T11:40:04.739+0000] {logging_mixin.py:188} INFO - [2025-08-11T11:40:04.739+0000] {dag.py:3954} INFO - Setting next_dagrun for latest_only to 2025-08-11 04:00:00+00:00, run_after=2025-08-11 08:00:00+00:00
[2025-08-11T11:40:04.750+0000] {processor.py:183} INFO - Processing /home/airflow/.local/lib/python3.12/site-packages/airflow/example_dags/example_latest_only.py took 0.049 seconds
[2025-08-11T11:40:35.385+0000] {processor.py:161} INFO - Started process (PID=652) to work on /home/airflow/.local/lib/python3.12/site-packages/airflow/example_dags/example_latest_only.py
[2025-08-11T11:40:35.390+0000] {processor.py:830} INFO - Processing file /home/airflow/.local/lib/python3.12/site-packages/airflow/example_dags/example_latest_only.py for tasks to queue
[2025-08-11T11:40:35.402+0000] {logging_mixin.py:188} INFO - [2025-08-11T11:40:35.401+0000] {dagbag.py:545} INFO - Filling up the DagBag from /home/airflow/.local/lib/python3.12/site-packages/airflow/example_dags/example_latest_only.py
[2025-08-11T11:40:35.429+0000] {processor.py:840} INFO - DAG(s) 'latest_only' retrieved from /home/airflow/.local/lib/python3.12/site-packages/airflow/example_dags/example_latest_only.py
[2025-08-11T11:40:35.503+0000] {logging_mixin.py:188} INFO - [2025-08-11T11:40:35.502+0000] {dag.py:3096} INFO - Sync 1 DAGs
[2025-08-11T11:40:35.554+0000] {logging_mixin.py:188} INFO - [2025-08-11T11:40:35.554+0000] {dag.py:3954} INFO - Setting next_dagrun for latest_only to 2025-08-11 04:00:00+00:00, run_after=2025-08-11 08:00:00+00:00
[2025-08-11T11:40:35.572+0000] {processor.py:183} INFO - Processing /home/airflow/.local/lib/python3.12/site-packages/airflow/example_dags/example_latest_only.py took 0.217 seconds
[2025-08-11T11:41:05.689+0000] {processor.py:161} INFO - Started process (PID=710) to work on /home/airflow/.local/lib/python3.12/site-packages/airflow/example_dags/example_latest_only.py
[2025-08-11T11:41:05.690+0000] {processor.py:830} INFO - Processing file /home/airflow/.local/lib/python3.12/site-packages/airflow/example_dags/example_latest_only.py for tasks to queue
[2025-08-11T11:41:05.691+0000] {logging_mixin.py:188} INFO - [2025-08-11T11:41:05.691+0000] {dagbag.py:545} INFO - Filling up the DagBag from /home/airflow/.local/lib/python3.12/site-packages/airflow/example_dags/example_latest_only.py
[2025-08-11T11:41:05.695+0000] {processor.py:840} INFO - DAG(s) 'latest_only' retrieved from /home/airflow/.local/lib/python3.12/site-packages/airflow/example_dags/example_latest_only.py
[2025-08-11T11:41:05.711+0000] {logging_mixin.py:188} INFO - [2025-08-11T11:41:05.711+0000] {dag.py:3096} INFO - Sync 1 DAGs
[2025-08-11T11:41:05.729+0000] {logging_mixin.py:188} INFO - [2025-08-11T11:41:05.729+0000] {dag.py:3954} INFO - Setting next_dagrun for latest_only to 2025-08-11 04:00:00+00:00, run_after=2025-08-11 08:00:00+00:00
[2025-08-11T11:41:05.752+0000] {processor.py:183} INFO - Processing /home/airflow/.local/lib/python3.12/site-packages/airflow/example_dags/example_latest_only.py took 0.070 seconds
[2025-08-11T11:41:36.128+0000] {processor.py:161} INFO - Started process (PID=768) to work on /home/airflow/.local/lib/python3.12/site-packages/airflow/example_dags/example_latest_only.py
[2025-08-11T11:41:36.129+0000] {processor.py:830} INFO - Processing file /home/airflow/.local/lib/python3.12/site-packages/airflow/example_dags/example_latest_only.py for tasks to queue
[2025-08-11T11:41:36.131+0000] {logging_mixin.py:188} INFO - [2025-08-11T11:41:36.131+0000] {dagbag.py:545} INFO - Filling up the DagBag from /home/airflow/.local/lib/python3.12/site-packages/airflow/example_dags/example_latest_only.py
[2025-08-11T11:41:36.135+0000] {processor.py:840} INFO - DAG(s) 'latest_only' retrieved from /home/airflow/.local/lib/python3.12/site-packages/airflow/example_dags/example_latest_only.py
[2025-08-11T11:41:36.149+0000] {logging_mixin.py:188} INFO - [2025-08-11T11:41:36.149+0000] {dag.py:3096} INFO - Sync 1 DAGs
[2025-08-11T11:41:36.164+0000] {logging_mixin.py:188} INFO - [2025-08-11T11:41:36.164+0000] {dag.py:3954} INFO - Setting next_dagrun for latest_only to 2025-08-11 04:00:00+00:00, run_after=2025-08-11 08:00:00+00:00
[2025-08-11T11:41:36.179+0000] {processor.py:183} INFO - Processing /home/airflow/.local/lib/python3.12/site-packages/airflow/example_dags/example_latest_only.py took 0.058 seconds
[2025-08-11T11:42:06.216+0000] {processor.py:161} INFO - Started process (PID=826) to work on /home/airflow/.local/lib/python3.12/site-packages/airflow/example_dags/example_latest_only.py
[2025-08-11T11:42:06.218+0000] {processor.py:830} INFO - Processing file /home/airflow/.local/lib/python3.12/site-packages/airflow/example_dags/example_latest_only.py for tasks to queue
[2025-08-11T11:42:06.220+0000] {logging_mixin.py:188} INFO - [2025-08-11T11:42:06.219+0000] {dagbag.py:545} INFO - Filling up the DagBag from /home/airflow/.local/lib/python3.12/site-packages/airflow/example_dags/example_latest_only.py
[2025-08-11T11:42:06.224+0000] {processor.py:840} INFO - DAG(s) 'latest_only' retrieved from /home/airflow/.local/lib/python3.12/site-packages/airflow/example_dags/example_latest_only.py
[2025-08-11T11:42:06.238+0000] {logging_mixin.py:188} INFO - [2025-08-11T11:42:06.238+0000] {dag.py:3096} INFO - Sync 1 DAGs
[2025-08-11T11:42:06.251+0000] {logging_mixin.py:188} INFO - [2025-08-11T11:42:06.251+0000] {dag.py:3954} INFO - Setting next_dagrun for latest_only to 2025-08-11 04:00:00+00:00, run_after=2025-08-11 08:00:00+00:00
[2025-08-11T11:42:06.265+0000] {processor.py:183} INFO - Processing /home/airflow/.local/lib/python3.12/site-packages/airflow/example_dags/example_latest_only.py took 0.055 seconds
[2025-08-11T11:42:36.699+0000] {processor.py:161} INFO - Started process (PID=884) to work on /home/airflow/.local/lib/python3.12/site-packages/airflow/example_dags/example_latest_only.py
[2025-08-11T11:42:36.700+0000] {processor.py:830} INFO - Processing file /home/airflow/.local/lib/python3.12/site-packages/airflow/example_dags/example_latest_only.py for tasks to queue
[2025-08-11T11:42:36.702+0000] {logging_mixin.py:188} INFO - [2025-08-11T11:42:36.702+0000] {dagbag.py:545} INFO - Filling up the DagBag from /home/airflow/.local/lib/python3.12/site-packages/airflow/example_dags/example_latest_only.py
[2025-08-11T11:42:36.709+0000] {processor.py:840} INFO - DAG(s) 'latest_only' retrieved from /home/airflow/.local/lib/python3.12/site-packages/airflow/example_dags/example_latest_only.py
[2025-08-11T11:42:36.725+0000] {logging_mixin.py:188} INFO - [2025-08-11T11:42:36.725+0000] {dag.py:3096} INFO - Sync 1 DAGs
[2025-08-11T11:42:36.739+0000] {logging_mixin.py:188} INFO - [2025-08-11T11:42:36.739+0000] {dag.py:3954} INFO - Setting next_dagrun for latest_only to 2025-08-11 04:00:00+00:00, run_after=2025-08-11 08:00:00+00:00
[2025-08-11T11:42:36.752+0000] {processor.py:183} INFO - Processing /home/airflow/.local/lib/python3.12/site-packages/airflow/example_dags/example_latest_only.py took 0.060 seconds
[2025-08-11T11:43:07.350+0000] {processor.py:161} INFO - Started process (PID=942) to work on /home/airflow/.local/lib/python3.12/site-packages/airflow/example_dags/example_latest_only.py
[2025-08-11T11:43:07.352+0000] {processor.py:830} INFO - Processing file /home/airflow/.local/lib/python3.12/site-packages/airflow/example_dags/example_latest_only.py for tasks to queue
[2025-08-11T11:43:07.353+0000] {logging_mixin.py:188} INFO - [2025-08-11T11:43:07.353+0000] {dagbag.py:545} INFO - Filling up the DagBag from /home/airflow/.local/lib/python3.12/site-packages/airflow/example_dags/example_latest_only.py
[2025-08-11T11:43:07.356+0000] {processor.py:840} INFO - DAG(s) 'latest_only' retrieved from /home/airflow/.local/lib/python3.12/site-packages/airflow/example_dags/example_latest_only.py
[2025-08-11T11:43:07.374+0000] {logging_mixin.py:188} INFO - [2025-08-11T11:43:07.374+0000] {dag.py:3096} INFO - Sync 1 DAGs
[2025-08-11T11:43:07.390+0000] {logging_mixin.py:188} INFO - [2025-08-11T11:43:07.390+0000] {dag.py:3954} INFO - Setting next_dagrun for latest_only to 2025-08-11 04:00:00+00:00, run_after=2025-08-11 08:00:00+00:00
[2025-08-11T11:43:07.408+0000] {processor.py:183} INFO - Processing /home/airflow/.local/lib/python3.12/site-packages/airflow/example_dags/example_latest_only.py took 0.063 seconds
[2025-08-11T11:43:37.494+0000] {processor.py:161} INFO - Started process (PID=1000) to work on /home/airflow/.local/lib/python3.12/site-packages/airflow/example_dags/example_latest_only.py
[2025-08-11T11:43:37.495+0000] {processor.py:830} INFO - Processing file /home/airflow/.local/lib/python3.12/site-packages/airflow/example_dags/example_latest_only.py for tasks to queue
[2025-08-11T11:43:37.497+0000] {logging_mixin.py:188} INFO - [2025-08-11T11:43:37.497+0000] {dagbag.py:545} INFO - Filling up the DagBag from /home/airflow/.local/lib/python3.12/site-packages/airflow/example_dags/example_latest_only.py
[2025-08-11T11:43:37.502+0000] {processor.py:840} INFO - DAG(s) 'latest_only' retrieved from /home/airflow/.local/lib/python3.12/site-packages/airflow/example_dags/example_latest_only.py
[2025-08-11T11:43:37.524+0000] {logging_mixin.py:188} INFO - [2025-08-11T11:43:37.524+0000] {dag.py:3096} INFO - Sync 1 DAGs
[2025-08-11T11:43:37.541+0000] {logging_mixin.py:188} INFO - [2025-08-11T11:43:37.541+0000] {dag.py:3954} INFO - Setting next_dagrun for latest_only to 2025-08-11 04:00:00+00:00, run_after=2025-08-11 08:00:00+00:00
[2025-08-11T11:43:37.557+0000] {processor.py:183} INFO - Processing /home/airflow/.local/lib/python3.12/site-packages/airflow/example_dags/example_latest_only.py took 0.071 seconds
[2025-08-11T11:44:07.689+0000] {processor.py:161} INFO - Started process (PID=1058) to work on /home/airflow/.local/lib/python3.12/site-packages/airflow/example_dags/example_latest_only.py
[2025-08-11T11:44:07.692+0000] {processor.py:830} INFO - Processing file /home/airflow/.local/lib/python3.12/site-packages/airflow/example_dags/example_latest_only.py for tasks to queue
[2025-08-11T11:44:07.695+0000] {logging_mixin.py:188} INFO - [2025-08-11T11:44:07.694+0000] {dagbag.py:545} INFO - Filling up the DagBag from /home/airflow/.local/lib/python3.12/site-packages/airflow/example_dags/example_latest_only.py
[2025-08-11T11:44:07.701+0000] {processor.py:840} INFO - DAG(s) 'latest_only' retrieved from /home/airflow/.local/lib/python3.12/site-packages/airflow/example_dags/example_latest_only.py
[2025-08-11T11:44:07.719+0000] {logging_mixin.py:188} INFO - [2025-08-11T11:44:07.719+0000] {dag.py:3096} INFO - Sync 1 DAGs
[2025-08-11T11:44:07.735+0000] {logging_mixin.py:188} INFO - [2025-08-11T11:44:07.735+0000] {dag.py:3954} INFO - Setting next_dagrun for latest_only to 2025-08-11 04:00:00+00:00, run_after=2025-08-11 08:00:00+00:00
[2025-08-11T11:44:07.750+0000] {processor.py:183} INFO - Processing /home/airflow/.local/lib/python3.12/site-packages/airflow/example_dags/example_latest_only.py took 0.069 seconds
[2025-08-11T11:44:38.080+0000] {processor.py:161} INFO - Started process (PID=1116) to work on /home/airflow/.local/lib/python3.12/site-packages/airflow/example_dags/example_latest_only.py
[2025-08-11T11:44:38.081+0000] {processor.py:830} INFO - Processing file /home/airflow/.local/lib/python3.12/site-packages/airflow/example_dags/example_latest_only.py for tasks to queue
[2025-08-11T11:44:38.083+0000] {logging_mixin.py:188} INFO - [2025-08-11T11:44:38.083+0000] {dagbag.py:545} INFO - Filling up the DagBag from /home/airflow/.local/lib/python3.12/site-packages/airflow/example_dags/example_latest_only.py
[2025-08-11T11:44:38.089+0000] {processor.py:840} INFO - DAG(s) 'latest_only' retrieved from /home/airflow/.local/lib/python3.12/site-packages/airflow/example_dags/example_latest_only.py
[2025-08-11T11:44:38.111+0000] {logging_mixin.py:188} INFO - [2025-08-11T11:44:38.111+0000] {dag.py:3096} INFO - Sync 1 DAGs
[2025-08-11T11:44:38.130+0000] {logging_mixin.py:188} INFO - [2025-08-11T11:44:38.130+0000] {dag.py:3954} INFO - Setting next_dagrun for latest_only to 2025-08-11 04:00:00+00:00, run_after=2025-08-11 08:00:00+00:00
[2025-08-11T11:44:38.142+0000] {processor.py:183} INFO - Processing /home/airflow/.local/lib/python3.12/site-packages/airflow/example_dags/example_latest_only.py took 0.068 seconds
[2025-08-11T11:45:08.684+0000] {processor.py:161} INFO - Started process (PID=1174) to work on /home/airflow/.local/lib/python3.12/site-packages/airflow/example_dags/example_latest_only.py
[2025-08-11T11:45:08.686+0000] {processor.py:830} INFO - Processing file /home/airflow/.local/lib/python3.12/site-packages/airflow/example_dags/example_latest_only.py for tasks to queue
[2025-08-11T11:45:08.687+0000] {logging_mixin.py:188} INFO - [2025-08-11T11:45:08.687+0000] {dagbag.py:545} INFO - Filling up the DagBag from /home/airflow/.local/lib/python3.12/site-packages/airflow/example_dags/example_latest_only.py
[2025-08-11T11:45:08.691+0000] {processor.py:840} INFO - DAG(s) 'latest_only' retrieved from /home/airflow/.local/lib/python3.12/site-packages/airflow/example_dags/example_latest_only.py
[2025-08-11T11:45:08.711+0000] {logging_mixin.py:188} INFO - [2025-08-11T11:45:08.711+0000] {dag.py:3096} INFO - Sync 1 DAGs
[2025-08-11T11:45:08.727+0000] {logging_mixin.py:188} INFO - [2025-08-11T11:45:08.727+0000] {dag.py:3954} INFO - Setting next_dagrun for latest_only to 2025-08-11 04:00:00+00:00, run_after=2025-08-11 08:00:00+00:00
[2025-08-11T11:45:08.744+0000] {processor.py:183} INFO - Processing /home/airflow/.local/lib/python3.12/site-packages/airflow/example_dags/example_latest_only.py took 0.067 seconds
[2025-08-11T11:45:38.969+0000] {processor.py:161} INFO - Started process (PID=1232) to work on /home/airflow/.local/lib/python3.12/site-packages/airflow/example_dags/example_latest_only.py
[2025-08-11T11:45:38.971+0000] {processor.py:830} INFO - Processing file /home/airflow/.local/lib/python3.12/site-packages/airflow/example_dags/example_latest_only.py for tasks to queue
[2025-08-11T11:45:38.973+0000] {logging_mixin.py:188} INFO - [2025-08-11T11:45:38.973+0000] {dagbag.py:545} INFO - Filling up the DagBag from /home/airflow/.local/lib/python3.12/site-packages/airflow/example_dags/example_latest_only.py
[2025-08-11T11:45:38.977+0000] {processor.py:840} INFO - DAG(s) 'latest_only' retrieved from /home/airflow/.local/lib/python3.12/site-packages/airflow/example_dags/example_latest_only.py
[2025-08-11T11:45:39.000+0000] {logging_mixin.py:188} INFO - [2025-08-11T11:45:38.999+0000] {dag.py:3096} INFO - Sync 1 DAGs
[2025-08-11T11:45:39.025+0000] {logging_mixin.py:188} INFO - [2025-08-11T11:45:39.025+0000] {dag.py:3954} INFO - Setting next_dagrun for latest_only to 2025-08-11 04:00:00+00:00, run_after=2025-08-11 08:00:00+00:00
[2025-08-11T11:45:39.040+0000] {processor.py:183} INFO - Processing /home/airflow/.local/lib/python3.12/site-packages/airflow/example_dags/example_latest_only.py took 0.078 seconds
[2025-08-11T11:46:09.267+0000] {processor.py:161} INFO - Started process (PID=1291) to work on /home/airflow/.local/lib/python3.12/site-packages/airflow/example_dags/example_latest_only.py
[2025-08-11T11:46:09.269+0000] {processor.py:830} INFO - Processing file /home/airflow/.local/lib/python3.12/site-packages/airflow/example_dags/example_latest_only.py for tasks to queue
[2025-08-11T11:46:09.270+0000] {logging_mixin.py:188} INFO - [2025-08-11T11:46:09.270+0000] {dagbag.py:545} INFO - Filling up the DagBag from /home/airflow/.local/lib/python3.12/site-packages/airflow/example_dags/example_latest_only.py
[2025-08-11T11:46:09.274+0000] {processor.py:840} INFO - DAG(s) 'latest_only' retrieved from /home/airflow/.local/lib/python3.12/site-packages/airflow/example_dags/example_latest_only.py
[2025-08-11T11:46:09.290+0000] {logging_mixin.py:188} INFO - [2025-08-11T11:46:09.290+0000] {dag.py:3096} INFO - Sync 1 DAGs
[2025-08-11T11:46:09.304+0000] {logging_mixin.py:188} INFO - [2025-08-11T11:46:09.304+0000] {dag.py:3954} INFO - Setting next_dagrun for latest_only to 2025-08-11 04:00:00+00:00, run_after=2025-08-11 08:00:00+00:00
[2025-08-11T11:46:09.317+0000] {processor.py:183} INFO - Processing /home/airflow/.local/lib/python3.12/site-packages/airflow/example_dags/example_latest_only.py took 0.055 seconds
