[2025-08-11T11:35:34.344+0000] {processor.py:161} INFO - Started process (PID=101) to work on /home/airflow/.local/lib/python3.12/site-packages/airflow/example_dags/example_complex.py
[2025-08-11T11:35:34.345+0000] {processor.py:830} INFO - Processing file /home/airflow/.local/lib/python3.12/site-packages/airflow/example_dags/example_complex.py for tasks to queue
[2025-08-11T11:35:34.346+0000] {logging_mixin.py:188} INFO - [2025-08-11T11:35:34.346+0000] {dagbag.py:545} INFO - Filling up the DagBag from /home/airflow/.local/lib/python3.12/site-packages/airflow/example_dags/example_complex.py
[2025-08-11T11:35:34.357+0000] {processor.py:840} INFO - DAG(s) 'example_complex' retrieved from /home/airflow/.local/lib/python3.12/site-packages/airflow/example_dags/example_complex.py
[2025-08-11T11:35:34.447+0000] {logging_mixin.py:188} INFO - [2025-08-11T11:35:34.447+0000] {override.py:1829} INFO - Created Permission View: can read on DAG:example_complex
[2025-08-11T11:35:34.460+0000] {logging_mixin.py:188} INFO - [2025-08-11T11:35:34.459+0000] {override.py:1829} INFO - Created Permission View: can delete on DAG:example_complex
[2025-08-11T11:35:34.467+0000] {logging_mixin.py:188} INFO - [2025-08-11T11:35:34.467+0000] {override.py:1829} INFO - Created Permission View: can edit on DAG:example_complex
[2025-08-11T11:35:34.467+0000] {logging_mixin.py:188} INFO - [2025-08-11T11:35:34.467+0000] {dag.py:3096} INFO - Sync 1 DAGs
[2025-08-11T11:35:34.478+0000] {logging_mixin.py:188} INFO - [2025-08-11T11:35:34.478+0000] {dag.py:3118} INFO - Creating ORM DAG for example_complex
[2025-08-11T11:35:34.479+0000] {logging_mixin.py:188} INFO - [2025-08-11T11:35:34.479+0000] {dag.py:3954} INFO - Setting next_dagrun for example_complex to None, run_after=None
[2025-08-11T11:35:34.494+0000] {processor.py:183} INFO - Processing /home/airflow/.local/lib/python3.12/site-packages/airflow/example_dags/example_complex.py took 0.155 seconds
[2025-08-11T11:36:04.908+0000] {processor.py:161} INFO - Started process (PID=159) to work on /home/airflow/.local/lib/python3.12/site-packages/airflow/example_dags/example_complex.py
[2025-08-11T11:36:04.913+0000] {processor.py:830} INFO - Processing file /home/airflow/.local/lib/python3.12/site-packages/airflow/example_dags/example_complex.py for tasks to queue
[2025-08-11T11:36:04.915+0000] {logging_mixin.py:188} INFO - [2025-08-11T11:36:04.915+0000] {dagbag.py:545} INFO - Filling up the DagBag from /home/airflow/.local/lib/python3.12/site-packages/airflow/example_dags/example_complex.py
[2025-08-11T11:36:04.926+0000] {processor.py:840} INFO - DAG(s) 'example_complex' retrieved from /home/airflow/.local/lib/python3.12/site-packages/airflow/example_dags/example_complex.py
[2025-08-11T11:36:04.966+0000] {logging_mixin.py:188} INFO - [2025-08-11T11:36:04.965+0000] {dag.py:3096} INFO - Sync 1 DAGs
[2025-08-11T11:36:04.985+0000] {logging_mixin.py:188} INFO - [2025-08-11T11:36:04.985+0000] {dag.py:3954} INFO - Setting next_dagrun for example_complex to None, run_after=None
[2025-08-11T11:36:05.002+0000] {processor.py:183} INFO - Processing /home/airflow/.local/lib/python3.12/site-packages/airflow/example_dags/example_complex.py took 0.101 seconds
[2025-08-11T11:36:35.199+0000] {processor.py:161} INFO - Started process (PID=217) to work on /home/airflow/.local/lib/python3.12/site-packages/airflow/example_dags/example_complex.py
[2025-08-11T11:36:35.200+0000] {processor.py:830} INFO - Processing file /home/airflow/.local/lib/python3.12/site-packages/airflow/example_dags/example_complex.py for tasks to queue
[2025-08-11T11:36:35.202+0000] {logging_mixin.py:188} INFO - [2025-08-11T11:36:35.202+0000] {dagbag.py:545} INFO - Filling up the DagBag from /home/airflow/.local/lib/python3.12/site-packages/airflow/example_dags/example_complex.py
[2025-08-11T11:36:35.209+0000] {processor.py:840} INFO - DAG(s) 'example_complex' retrieved from /home/airflow/.local/lib/python3.12/site-packages/airflow/example_dags/example_complex.py
[2025-08-11T11:36:35.235+0000] {logging_mixin.py:188} INFO - [2025-08-11T11:36:35.235+0000] {dag.py:3096} INFO - Sync 1 DAGs
[2025-08-11T11:36:35.245+0000] {logging_mixin.py:188} INFO - [2025-08-11T11:36:35.245+0000] {dag.py:3954} INFO - Setting next_dagrun for example_complex to None, run_after=None
[2025-08-11T11:36:35.260+0000] {processor.py:183} INFO - Processing /home/airflow/.local/lib/python3.12/site-packages/airflow/example_dags/example_complex.py took 0.065 seconds
[2025-08-11T11:37:05.554+0000] {processor.py:161} INFO - Started process (PID=275) to work on /home/airflow/.local/lib/python3.12/site-packages/airflow/example_dags/example_complex.py
[2025-08-11T11:37:05.557+0000] {processor.py:830} INFO - Processing file /home/airflow/.local/lib/python3.12/site-packages/airflow/example_dags/example_complex.py for tasks to queue
[2025-08-11T11:37:05.559+0000] {logging_mixin.py:188} INFO - [2025-08-11T11:37:05.559+0000] {dagbag.py:545} INFO - Filling up the DagBag from /home/airflow/.local/lib/python3.12/site-packages/airflow/example_dags/example_complex.py
[2025-08-11T11:37:05.569+0000] {processor.py:840} INFO - DAG(s) 'example_complex' retrieved from /home/airflow/.local/lib/python3.12/site-packages/airflow/example_dags/example_complex.py
[2025-08-11T11:37:05.602+0000] {logging_mixin.py:188} INFO - [2025-08-11T11:37:05.601+0000] {dag.py:3096} INFO - Sync 1 DAGs
[2025-08-11T11:37:05.632+0000] {logging_mixin.py:188} INFO - [2025-08-11T11:37:05.631+0000] {dag.py:3954} INFO - Setting next_dagrun for example_complex to None, run_after=None
[2025-08-11T11:37:05.650+0000] {processor.py:183} INFO - Processing /home/airflow/.local/lib/python3.12/site-packages/airflow/example_dags/example_complex.py took 0.101 seconds
[2025-08-11T11:37:36.024+0000] {processor.py:161} INFO - Started process (PID=333) to work on /home/airflow/.local/lib/python3.12/site-packages/airflow/example_dags/example_complex.py
[2025-08-11T11:37:36.026+0000] {processor.py:830} INFO - Processing file /home/airflow/.local/lib/python3.12/site-packages/airflow/example_dags/example_complex.py for tasks to queue
[2025-08-11T11:37:36.027+0000] {logging_mixin.py:188} INFO - [2025-08-11T11:37:36.027+0000] {dagbag.py:545} INFO - Filling up the DagBag from /home/airflow/.local/lib/python3.12/site-packages/airflow/example_dags/example_complex.py
[2025-08-11T11:37:36.035+0000] {processor.py:840} INFO - DAG(s) 'example_complex' retrieved from /home/airflow/.local/lib/python3.12/site-packages/airflow/example_dags/example_complex.py
[2025-08-11T11:37:36.055+0000] {logging_mixin.py:188} INFO - [2025-08-11T11:37:36.055+0000] {dag.py:3096} INFO - Sync 1 DAGs
[2025-08-11T11:37:36.063+0000] {logging_mixin.py:188} INFO - [2025-08-11T11:37:36.063+0000] {dag.py:3954} INFO - Setting next_dagrun for example_complex to None, run_after=None
[2025-08-11T11:37:36.073+0000] {processor.py:183} INFO - Processing /home/airflow/.local/lib/python3.12/site-packages/airflow/example_dags/example_complex.py took 0.053 seconds
[2025-08-11T11:38:06.411+0000] {processor.py:161} INFO - Started process (PID=390) to work on /home/airflow/.local/lib/python3.12/site-packages/airflow/example_dags/example_complex.py
[2025-08-11T11:38:06.412+0000] {processor.py:830} INFO - Processing file /home/airflow/.local/lib/python3.12/site-packages/airflow/example_dags/example_complex.py for tasks to queue
[2025-08-11T11:38:06.414+0000] {logging_mixin.py:188} INFO - [2025-08-11T11:38:06.414+0000] {dagbag.py:545} INFO - Filling up the DagBag from /home/airflow/.local/lib/python3.12/site-packages/airflow/example_dags/example_complex.py
[2025-08-11T11:38:06.422+0000] {processor.py:840} INFO - DAG(s) 'example_complex' retrieved from /home/airflow/.local/lib/python3.12/site-packages/airflow/example_dags/example_complex.py
[2025-08-11T11:38:06.453+0000] {logging_mixin.py:188} INFO - [2025-08-11T11:38:06.452+0000] {dag.py:3096} INFO - Sync 1 DAGs
[2025-08-11T11:38:06.464+0000] {logging_mixin.py:188} INFO - [2025-08-11T11:38:06.464+0000] {dag.py:3954} INFO - Setting next_dagrun for example_complex to None, run_after=None
[2025-08-11T11:38:06.478+0000] {processor.py:183} INFO - Processing /home/airflow/.local/lib/python3.12/site-packages/airflow/example_dags/example_complex.py took 0.072 seconds
[2025-08-11T11:38:36.900+0000] {processor.py:161} INFO - Started process (PID=448) to work on /home/airflow/.local/lib/python3.12/site-packages/airflow/example_dags/example_complex.py
[2025-08-11T11:38:36.903+0000] {processor.py:830} INFO - Processing file /home/airflow/.local/lib/python3.12/site-packages/airflow/example_dags/example_complex.py for tasks to queue
[2025-08-11T11:38:36.904+0000] {logging_mixin.py:188} INFO - [2025-08-11T11:38:36.904+0000] {dagbag.py:545} INFO - Filling up the DagBag from /home/airflow/.local/lib/python3.12/site-packages/airflow/example_dags/example_complex.py
[2025-08-11T11:38:36.910+0000] {processor.py:840} INFO - DAG(s) 'example_complex' retrieved from /home/airflow/.local/lib/python3.12/site-packages/airflow/example_dags/example_complex.py
[2025-08-11T11:38:36.936+0000] {logging_mixin.py:188} INFO - [2025-08-11T11:38:36.936+0000] {dag.py:3096} INFO - Sync 1 DAGs
[2025-08-11T11:38:36.949+0000] {logging_mixin.py:188} INFO - [2025-08-11T11:38:36.949+0000] {dag.py:3954} INFO - Setting next_dagrun for example_complex to None, run_after=None
[2025-08-11T11:38:36.967+0000] {processor.py:183} INFO - Processing /home/airflow/.local/lib/python3.12/site-packages/airflow/example_dags/example_complex.py took 0.070 seconds
[2025-08-11T11:39:07.291+0000] {processor.py:161} INFO - Started process (PID=506) to work on /home/airflow/.local/lib/python3.12/site-packages/airflow/example_dags/example_complex.py
[2025-08-11T11:39:07.292+0000] {processor.py:830} INFO - Processing file /home/airflow/.local/lib/python3.12/site-packages/airflow/example_dags/example_complex.py for tasks to queue
[2025-08-11T11:39:07.293+0000] {logging_mixin.py:188} INFO - [2025-08-11T11:39:07.293+0000] {dagbag.py:545} INFO - Filling up the DagBag from /home/airflow/.local/lib/python3.12/site-packages/airflow/example_dags/example_complex.py
[2025-08-11T11:39:07.300+0000] {processor.py:840} INFO - DAG(s) 'example_complex' retrieved from /home/airflow/.local/lib/python3.12/site-packages/airflow/example_dags/example_complex.py
[2025-08-11T11:39:07.320+0000] {logging_mixin.py:188} INFO - [2025-08-11T11:39:07.320+0000] {dag.py:3096} INFO - Sync 1 DAGs
[2025-08-11T11:39:07.327+0000] {logging_mixin.py:188} INFO - [2025-08-11T11:39:07.327+0000] {dag.py:3954} INFO - Setting next_dagrun for example_complex to None, run_after=None
[2025-08-11T11:39:07.337+0000] {processor.py:183} INFO - Processing /home/airflow/.local/lib/python3.12/site-packages/airflow/example_dags/example_complex.py took 0.050 seconds
[2025-08-11T11:39:37.602+0000] {processor.py:161} INFO - Started process (PID=564) to work on /home/airflow/.local/lib/python3.12/site-packages/airflow/example_dags/example_complex.py
[2025-08-11T11:39:37.604+0000] {processor.py:830} INFO - Processing file /home/airflow/.local/lib/python3.12/site-packages/airflow/example_dags/example_complex.py for tasks to queue
[2025-08-11T11:39:37.605+0000] {logging_mixin.py:188} INFO - [2025-08-11T11:39:37.605+0000] {dagbag.py:545} INFO - Filling up the DagBag from /home/airflow/.local/lib/python3.12/site-packages/airflow/example_dags/example_complex.py
[2025-08-11T11:39:37.611+0000] {processor.py:840} INFO - DAG(s) 'example_complex' retrieved from /home/airflow/.local/lib/python3.12/site-packages/airflow/example_dags/example_complex.py
[2025-08-11T11:39:37.634+0000] {logging_mixin.py:188} INFO - [2025-08-11T11:39:37.634+0000] {dag.py:3096} INFO - Sync 1 DAGs
[2025-08-11T11:39:37.642+0000] {logging_mixin.py:188} INFO - [2025-08-11T11:39:37.642+0000] {dag.py:3954} INFO - Setting next_dagrun for example_complex to None, run_after=None
[2025-08-11T11:39:37.653+0000] {processor.py:183} INFO - Processing /home/airflow/.local/lib/python3.12/site-packages/airflow/example_dags/example_complex.py took 0.054 seconds
[2025-08-11T11:40:07.781+0000] {processor.py:161} INFO - Started process (PID=622) to work on /home/airflow/.local/lib/python3.12/site-packages/airflow/example_dags/example_complex.py
[2025-08-11T11:40:07.782+0000] {processor.py:830} INFO - Processing file /home/airflow/.local/lib/python3.12/site-packages/airflow/example_dags/example_complex.py for tasks to queue
[2025-08-11T11:40:07.783+0000] {logging_mixin.py:188} INFO - [2025-08-11T11:40:07.783+0000] {dagbag.py:545} INFO - Filling up the DagBag from /home/airflow/.local/lib/python3.12/site-packages/airflow/example_dags/example_complex.py
[2025-08-11T11:40:07.789+0000] {processor.py:840} INFO - DAG(s) 'example_complex' retrieved from /home/airflow/.local/lib/python3.12/site-packages/airflow/example_dags/example_complex.py
[2025-08-11T11:40:07.809+0000] {logging_mixin.py:188} INFO - [2025-08-11T11:40:07.809+0000] {dag.py:3096} INFO - Sync 1 DAGs
[2025-08-11T11:40:07.820+0000] {logging_mixin.py:188} INFO - [2025-08-11T11:40:07.819+0000] {dag.py:3954} INFO - Setting next_dagrun for example_complex to None, run_after=None
[2025-08-11T11:40:07.832+0000] {processor.py:183} INFO - Processing /home/airflow/.local/lib/python3.12/site-packages/airflow/example_dags/example_complex.py took 0.055 seconds
[2025-08-11T11:40:38.878+0000] {processor.py:161} INFO - Started process (PID=680) to work on /home/airflow/.local/lib/python3.12/site-packages/airflow/example_dags/example_complex.py
[2025-08-11T11:40:38.879+0000] {processor.py:830} INFO - Processing file /home/airflow/.local/lib/python3.12/site-packages/airflow/example_dags/example_complex.py for tasks to queue
[2025-08-11T11:40:38.880+0000] {logging_mixin.py:188} INFO - [2025-08-11T11:40:38.880+0000] {dagbag.py:545} INFO - Filling up the DagBag from /home/airflow/.local/lib/python3.12/site-packages/airflow/example_dags/example_complex.py
[2025-08-11T11:40:38.887+0000] {processor.py:840} INFO - DAG(s) 'example_complex' retrieved from /home/airflow/.local/lib/python3.12/site-packages/airflow/example_dags/example_complex.py
[2025-08-11T11:40:38.907+0000] {logging_mixin.py:188} INFO - [2025-08-11T11:40:38.907+0000] {dag.py:3096} INFO - Sync 1 DAGs
[2025-08-11T11:40:38.914+0000] {logging_mixin.py:188} INFO - [2025-08-11T11:40:38.914+0000] {dag.py:3954} INFO - Setting next_dagrun for example_complex to None, run_after=None
[2025-08-11T11:40:38.926+0000] {processor.py:183} INFO - Processing /home/airflow/.local/lib/python3.12/site-packages/airflow/example_dags/example_complex.py took 0.052 seconds
[2025-08-11T11:41:09.921+0000] {processor.py:161} INFO - Started process (PID=738) to work on /home/airflow/.local/lib/python3.12/site-packages/airflow/example_dags/example_complex.py
[2025-08-11T11:41:09.922+0000] {processor.py:830} INFO - Processing file /home/airflow/.local/lib/python3.12/site-packages/airflow/example_dags/example_complex.py for tasks to queue
[2025-08-11T11:41:09.924+0000] {logging_mixin.py:188} INFO - [2025-08-11T11:41:09.924+0000] {dagbag.py:545} INFO - Filling up the DagBag from /home/airflow/.local/lib/python3.12/site-packages/airflow/example_dags/example_complex.py
[2025-08-11T11:41:09.931+0000] {processor.py:840} INFO - DAG(s) 'example_complex' retrieved from /home/airflow/.local/lib/python3.12/site-packages/airflow/example_dags/example_complex.py
[2025-08-11T11:41:09.953+0000] {logging_mixin.py:188} INFO - [2025-08-11T11:41:09.953+0000] {dag.py:3096} INFO - Sync 1 DAGs
[2025-08-11T11:41:09.960+0000] {logging_mixin.py:188} INFO - [2025-08-11T11:41:09.960+0000] {dag.py:3954} INFO - Setting next_dagrun for example_complex to None, run_after=None
[2025-08-11T11:41:09.976+0000] {processor.py:183} INFO - Processing /home/airflow/.local/lib/python3.12/site-packages/airflow/example_dags/example_complex.py took 0.059 seconds
[2025-08-11T11:41:40.542+0000] {processor.py:161} INFO - Started process (PID=796) to work on /home/airflow/.local/lib/python3.12/site-packages/airflow/example_dags/example_complex.py
[2025-08-11T11:41:40.544+0000] {processor.py:830} INFO - Processing file /home/airflow/.local/lib/python3.12/site-packages/airflow/example_dags/example_complex.py for tasks to queue
[2025-08-11T11:41:40.545+0000] {logging_mixin.py:188} INFO - [2025-08-11T11:41:40.545+0000] {dagbag.py:545} INFO - Filling up the DagBag from /home/airflow/.local/lib/python3.12/site-packages/airflow/example_dags/example_complex.py
[2025-08-11T11:41:40.552+0000] {processor.py:840} INFO - DAG(s) 'example_complex' retrieved from /home/airflow/.local/lib/python3.12/site-packages/airflow/example_dags/example_complex.py
[2025-08-11T11:41:40.574+0000] {logging_mixin.py:188} INFO - [2025-08-11T11:41:40.574+0000] {dag.py:3096} INFO - Sync 1 DAGs
[2025-08-11T11:41:40.583+0000] {logging_mixin.py:188} INFO - [2025-08-11T11:41:40.582+0000] {dag.py:3954} INFO - Setting next_dagrun for example_complex to None, run_after=None
[2025-08-11T11:41:40.601+0000] {processor.py:183} INFO - Processing /home/airflow/.local/lib/python3.12/site-packages/airflow/example_dags/example_complex.py took 0.063 seconds
[2025-08-11T11:42:11.659+0000] {processor.py:161} INFO - Started process (PID=854) to work on /home/airflow/.local/lib/python3.12/site-packages/airflow/example_dags/example_complex.py
[2025-08-11T11:42:11.660+0000] {processor.py:830} INFO - Processing file /home/airflow/.local/lib/python3.12/site-packages/airflow/example_dags/example_complex.py for tasks to queue
[2025-08-11T11:42:11.661+0000] {logging_mixin.py:188} INFO - [2025-08-11T11:42:11.661+0000] {dagbag.py:545} INFO - Filling up the DagBag from /home/airflow/.local/lib/python3.12/site-packages/airflow/example_dags/example_complex.py
[2025-08-11T11:42:11.669+0000] {processor.py:840} INFO - DAG(s) 'example_complex' retrieved from /home/airflow/.local/lib/python3.12/site-packages/airflow/example_dags/example_complex.py
[2025-08-11T11:42:11.692+0000] {logging_mixin.py:188} INFO - [2025-08-11T11:42:11.692+0000] {dag.py:3096} INFO - Sync 1 DAGs
[2025-08-11T11:42:11.701+0000] {logging_mixin.py:188} INFO - [2025-08-11T11:42:11.701+0000] {dag.py:3954} INFO - Setting next_dagrun for example_complex to None, run_after=None
[2025-08-11T11:42:11.711+0000] {processor.py:183} INFO - Processing /home/airflow/.local/lib/python3.12/site-packages/airflow/example_dags/example_complex.py took 0.056 seconds
[2025-08-11T11:42:42.567+0000] {processor.py:161} INFO - Started process (PID=912) to work on /home/airflow/.local/lib/python3.12/site-packages/airflow/example_dags/example_complex.py
[2025-08-11T11:42:42.571+0000] {processor.py:830} INFO - Processing file /home/airflow/.local/lib/python3.12/site-packages/airflow/example_dags/example_complex.py for tasks to queue
[2025-08-11T11:42:42.574+0000] {logging_mixin.py:188} INFO - [2025-08-11T11:42:42.574+0000] {dagbag.py:545} INFO - Filling up the DagBag from /home/airflow/.local/lib/python3.12/site-packages/airflow/example_dags/example_complex.py
[2025-08-11T11:42:42.583+0000] {processor.py:840} INFO - DAG(s) 'example_complex' retrieved from /home/airflow/.local/lib/python3.12/site-packages/airflow/example_dags/example_complex.py
[2025-08-11T11:42:42.613+0000] {logging_mixin.py:188} INFO - [2025-08-11T11:42:42.612+0000] {dag.py:3096} INFO - Sync 1 DAGs
[2025-08-11T11:42:42.623+0000] {logging_mixin.py:188} INFO - [2025-08-11T11:42:42.623+0000] {dag.py:3954} INFO - Setting next_dagrun for example_complex to None, run_after=None
[2025-08-11T11:42:42.635+0000] {processor.py:183} INFO - Processing /home/airflow/.local/lib/python3.12/site-packages/airflow/example_dags/example_complex.py took 0.074 seconds
[2025-08-11T11:43:12.787+0000] {processor.py:161} INFO - Started process (PID=970) to work on /home/airflow/.local/lib/python3.12/site-packages/airflow/example_dags/example_complex.py
[2025-08-11T11:43:12.788+0000] {processor.py:830} INFO - Processing file /home/airflow/.local/lib/python3.12/site-packages/airflow/example_dags/example_complex.py for tasks to queue
[2025-08-11T11:43:12.789+0000] {logging_mixin.py:188} INFO - [2025-08-11T11:43:12.789+0000] {dagbag.py:545} INFO - Filling up the DagBag from /home/airflow/.local/lib/python3.12/site-packages/airflow/example_dags/example_complex.py
[2025-08-11T11:43:12.796+0000] {processor.py:840} INFO - DAG(s) 'example_complex' retrieved from /home/airflow/.local/lib/python3.12/site-packages/airflow/example_dags/example_complex.py
[2025-08-11T11:43:12.820+0000] {logging_mixin.py:188} INFO - [2025-08-11T11:43:12.820+0000] {dag.py:3096} INFO - Sync 1 DAGs
[2025-08-11T11:43:12.832+0000] {logging_mixin.py:188} INFO - [2025-08-11T11:43:12.832+0000] {dag.py:3954} INFO - Setting next_dagrun for example_complex to None, run_after=None
[2025-08-11T11:43:12.846+0000] {processor.py:183} INFO - Processing /home/airflow/.local/lib/python3.12/site-packages/airflow/example_dags/example_complex.py took 0.063 seconds
[2025-08-11T11:43:42.908+0000] {processor.py:161} INFO - Started process (PID=1027) to work on /home/airflow/.local/lib/python3.12/site-packages/airflow/example_dags/example_complex.py
[2025-08-11T11:43:42.908+0000] {processor.py:830} INFO - Processing file /home/airflow/.local/lib/python3.12/site-packages/airflow/example_dags/example_complex.py for tasks to queue
[2025-08-11T11:43:42.910+0000] {logging_mixin.py:188} INFO - [2025-08-11T11:43:42.909+0000] {dagbag.py:545} INFO - Filling up the DagBag from /home/airflow/.local/lib/python3.12/site-packages/airflow/example_dags/example_complex.py
[2025-08-11T11:43:42.916+0000] {processor.py:840} INFO - DAG(s) 'example_complex' retrieved from /home/airflow/.local/lib/python3.12/site-packages/airflow/example_dags/example_complex.py
[2025-08-11T11:43:42.936+0000] {logging_mixin.py:188} INFO - [2025-08-11T11:43:42.936+0000] {dag.py:3096} INFO - Sync 1 DAGs
[2025-08-11T11:43:42.944+0000] {logging_mixin.py:188} INFO - [2025-08-11T11:43:42.944+0000] {dag.py:3954} INFO - Setting next_dagrun for example_complex to None, run_after=None
[2025-08-11T11:43:42.955+0000] {processor.py:183} INFO - Processing /home/airflow/.local/lib/python3.12/site-packages/airflow/example_dags/example_complex.py took 0.052 seconds
[2025-08-11T11:44:13.787+0000] {processor.py:161} INFO - Started process (PID=1085) to work on /home/airflow/.local/lib/python3.12/site-packages/airflow/example_dags/example_complex.py
[2025-08-11T11:44:13.788+0000] {processor.py:830} INFO - Processing file /home/airflow/.local/lib/python3.12/site-packages/airflow/example_dags/example_complex.py for tasks to queue
[2025-08-11T11:44:13.789+0000] {logging_mixin.py:188} INFO - [2025-08-11T11:44:13.789+0000] {dagbag.py:545} INFO - Filling up the DagBag from /home/airflow/.local/lib/python3.12/site-packages/airflow/example_dags/example_complex.py
[2025-08-11T11:44:13.796+0000] {processor.py:840} INFO - DAG(s) 'example_complex' retrieved from /home/airflow/.local/lib/python3.12/site-packages/airflow/example_dags/example_complex.py
[2025-08-11T11:44:13.818+0000] {logging_mixin.py:188} INFO - [2025-08-11T11:44:13.817+0000] {dag.py:3096} INFO - Sync 1 DAGs
[2025-08-11T11:44:13.829+0000] {logging_mixin.py:188} INFO - [2025-08-11T11:44:13.828+0000] {dag.py:3954} INFO - Setting next_dagrun for example_complex to None, run_after=None
[2025-08-11T11:44:13.844+0000] {processor.py:183} INFO - Processing /home/airflow/.local/lib/python3.12/site-packages/airflow/example_dags/example_complex.py took 0.060 seconds
[2025-08-11T11:44:44.315+0000] {processor.py:161} INFO - Started process (PID=1143) to work on /home/airflow/.local/lib/python3.12/site-packages/airflow/example_dags/example_complex.py
[2025-08-11T11:44:44.316+0000] {processor.py:830} INFO - Processing file /home/airflow/.local/lib/python3.12/site-packages/airflow/example_dags/example_complex.py for tasks to queue
[2025-08-11T11:44:44.317+0000] {logging_mixin.py:188} INFO - [2025-08-11T11:44:44.317+0000] {dagbag.py:545} INFO - Filling up the DagBag from /home/airflow/.local/lib/python3.12/site-packages/airflow/example_dags/example_complex.py
[2025-08-11T11:44:44.323+0000] {processor.py:840} INFO - DAG(s) 'example_complex' retrieved from /home/airflow/.local/lib/python3.12/site-packages/airflow/example_dags/example_complex.py
[2025-08-11T11:44:44.344+0000] {logging_mixin.py:188} INFO - [2025-08-11T11:44:44.344+0000] {dag.py:3096} INFO - Sync 1 DAGs
[2025-08-11T11:44:44.352+0000] {logging_mixin.py:188} INFO - [2025-08-11T11:44:44.352+0000] {dag.py:3954} INFO - Setting next_dagrun for example_complex to None, run_after=None
[2025-08-11T11:44:44.366+0000] {processor.py:183} INFO - Processing /home/airflow/.local/lib/python3.12/site-packages/airflow/example_dags/example_complex.py took 0.055 seconds
[2025-08-11T11:45:14.747+0000] {processor.py:161} INFO - Started process (PID=1201) to work on /home/airflow/.local/lib/python3.12/site-packages/airflow/example_dags/example_complex.py
[2025-08-11T11:45:14.751+0000] {processor.py:830} INFO - Processing file /home/airflow/.local/lib/python3.12/site-packages/airflow/example_dags/example_complex.py for tasks to queue
[2025-08-11T11:45:14.754+0000] {logging_mixin.py:188} INFO - [2025-08-11T11:45:14.754+0000] {dagbag.py:545} INFO - Filling up the DagBag from /home/airflow/.local/lib/python3.12/site-packages/airflow/example_dags/example_complex.py
[2025-08-11T11:45:14.762+0000] {processor.py:840} INFO - DAG(s) 'example_complex' retrieved from /home/airflow/.local/lib/python3.12/site-packages/airflow/example_dags/example_complex.py
[2025-08-11T11:45:14.791+0000] {logging_mixin.py:188} INFO - [2025-08-11T11:45:14.791+0000] {dag.py:3096} INFO - Sync 1 DAGs
[2025-08-11T11:45:14.799+0000] {logging_mixin.py:188} INFO - [2025-08-11T11:45:14.799+0000] {dag.py:3954} INFO - Setting next_dagrun for example_complex to None, run_after=None
[2025-08-11T11:45:14.814+0000] {processor.py:183} INFO - Processing /home/airflow/.local/lib/python3.12/site-packages/airflow/example_dags/example_complex.py took 0.071 seconds
[2025-08-11T11:45:45.139+0000] {processor.py:161} INFO - Started process (PID=1259) to work on /home/airflow/.local/lib/python3.12/site-packages/airflow/example_dags/example_complex.py
[2025-08-11T11:45:45.140+0000] {processor.py:830} INFO - Processing file /home/airflow/.local/lib/python3.12/site-packages/airflow/example_dags/example_complex.py for tasks to queue
[2025-08-11T11:45:45.141+0000] {logging_mixin.py:188} INFO - [2025-08-11T11:45:45.141+0000] {dagbag.py:545} INFO - Filling up the DagBag from /home/airflow/.local/lib/python3.12/site-packages/airflow/example_dags/example_complex.py
[2025-08-11T11:45:45.147+0000] {processor.py:840} INFO - DAG(s) 'example_complex' retrieved from /home/airflow/.local/lib/python3.12/site-packages/airflow/example_dags/example_complex.py
[2025-08-11T11:45:45.166+0000] {logging_mixin.py:188} INFO - [2025-08-11T11:45:45.166+0000] {dag.py:3096} INFO - Sync 1 DAGs
[2025-08-11T11:45:45.174+0000] {logging_mixin.py:188} INFO - [2025-08-11T11:45:45.174+0000] {dag.py:3954} INFO - Setting next_dagrun for example_complex to None, run_after=None
[2025-08-11T11:45:45.184+0000] {processor.py:183} INFO - Processing /home/airflow/.local/lib/python3.12/site-packages/airflow/example_dags/example_complex.py took 0.050 seconds
[2025-08-11T11:46:15.325+0000] {processor.py:161} INFO - Started process (PID=1318) to work on /home/airflow/.local/lib/python3.12/site-packages/airflow/example_dags/example_complex.py
[2025-08-11T11:46:15.325+0000] {processor.py:830} INFO - Processing file /home/airflow/.local/lib/python3.12/site-packages/airflow/example_dags/example_complex.py for tasks to queue
[2025-08-11T11:46:15.327+0000] {logging_mixin.py:188} INFO - [2025-08-11T11:46:15.326+0000] {dagbag.py:545} INFO - Filling up the DagBag from /home/airflow/.local/lib/python3.12/site-packages/airflow/example_dags/example_complex.py
[2025-08-11T11:46:15.334+0000] {processor.py:840} INFO - DAG(s) 'example_complex' retrieved from /home/airflow/.local/lib/python3.12/site-packages/airflow/example_dags/example_complex.py
[2025-08-11T11:46:15.354+0000] {logging_mixin.py:188} INFO - [2025-08-11T11:46:15.354+0000] {dag.py:3096} INFO - Sync 1 DAGs
[2025-08-11T11:46:15.361+0000] {logging_mixin.py:188} INFO - [2025-08-11T11:46:15.361+0000] {dag.py:3954} INFO - Setting next_dagrun for example_complex to None, run_after=None
[2025-08-11T11:46:15.375+0000] {processor.py:183} INFO - Processing /home/airflow/.local/lib/python3.12/site-packages/airflow/example_dags/example_complex.py took 0.054 seconds
