[2025-08-11T11:35:28.666+0000] {processor.py:161} INFO - Started process (PID=60) to work on /home/airflow/.local/lib/python3.12/site-packages/airflow/example_dags/example_task_group_decorator.py
[2025-08-11T11:35:28.670+0000] {processor.py:830} INFO - Processing file /home/airflow/.local/lib/python3.12/site-packages/airflow/example_dags/example_task_group_decorator.py for tasks to queue
[2025-08-11T11:35:28.673+0000] {logging_mixin.py:188} INFO - [2025-08-11T11:35:28.672+0000] {dagbag.py:545} INFO - Filling up the DagBag from /home/airflow/.local/lib/python3.12/site-packages/airflow/example_dags/example_task_group_decorator.py
[2025-08-11T11:35:28.701+0000] {processor.py:840} INFO - DAG(s) 'example_task_group_decorator' retrieved from /home/airflow/.local/lib/python3.12/site-packages/airflow/example_dags/example_task_group_decorator.py
[2025-08-11T11:35:28.923+0000] {logging_mixin.py:188} INFO - [2025-08-11T11:35:28.922+0000] {override.py:1829} INFO - Created Permission View: can read on DAG:example_task_group_decorator
[2025-08-11T11:35:28.962+0000] {logging_mixin.py:188} INFO - [2025-08-11T11:35:28.962+0000] {override.py:1829} INFO - Created Permission View: can delete on DAG:example_task_group_decorator
[2025-08-11T11:35:28.973+0000] {logging_mixin.py:188} INFO - [2025-08-11T11:35:28.973+0000] {override.py:1829} INFO - Created Permission View: can edit on DAG:example_task_group_decorator
[2025-08-11T11:35:28.975+0000] {logging_mixin.py:188} INFO - [2025-08-11T11:35:28.974+0000] {dag.py:3096} INFO - Sync 1 DAGs
[2025-08-11T11:35:28.996+0000] {logging_mixin.py:188} INFO - [2025-08-11T11:35:28.995+0000] {dag.py:3118} INFO - Creating ORM DAG for example_task_group_decorator
[2025-08-11T11:35:29.011+0000] {logging_mixin.py:188} INFO - [2025-08-11T11:35:29.011+0000] {dag.py:3954} INFO - Setting next_dagrun for example_task_group_decorator to 2025-08-10 00:00:00+00:00, run_after=2025-08-11 00:00:00+00:00
[2025-08-11T11:35:29.051+0000] {processor.py:183} INFO - Processing /home/airflow/.local/lib/python3.12/site-packages/airflow/example_dags/example_task_group_decorator.py took 0.399 seconds
[2025-08-11T11:35:59.494+0000] {processor.py:161} INFO - Started process (PID=123) to work on /home/airflow/.local/lib/python3.12/site-packages/airflow/example_dags/example_task_group_decorator.py
[2025-08-11T11:35:59.495+0000] {processor.py:830} INFO - Processing file /home/airflow/.local/lib/python3.12/site-packages/airflow/example_dags/example_task_group_decorator.py for tasks to queue
[2025-08-11T11:35:59.496+0000] {logging_mixin.py:188} INFO - [2025-08-11T11:35:59.496+0000] {dagbag.py:545} INFO - Filling up the DagBag from /home/airflow/.local/lib/python3.12/site-packages/airflow/example_dags/example_task_group_decorator.py
[2025-08-11T11:35:59.505+0000] {processor.py:840} INFO - DAG(s) 'example_task_group_decorator' retrieved from /home/airflow/.local/lib/python3.12/site-packages/airflow/example_dags/example_task_group_decorator.py
[2025-08-11T11:35:59.519+0000] {logging_mixin.py:188} INFO - [2025-08-11T11:35:59.519+0000] {dag.py:3096} INFO - Sync 1 DAGs
[2025-08-11T11:35:59.532+0000] {logging_mixin.py:188} INFO - [2025-08-11T11:35:59.532+0000] {dag.py:3954} INFO - Setting next_dagrun for example_task_group_decorator to 2025-08-10 00:00:00+00:00, run_after=2025-08-11 00:00:00+00:00
[2025-08-11T11:35:59.543+0000] {processor.py:183} INFO - Processing /home/airflow/.local/lib/python3.12/site-packages/airflow/example_dags/example_task_group_decorator.py took 0.054 seconds
[2025-08-11T11:36:29.699+0000] {processor.py:161} INFO - Started process (PID=181) to work on /home/airflow/.local/lib/python3.12/site-packages/airflow/example_dags/example_task_group_decorator.py
[2025-08-11T11:36:29.700+0000] {processor.py:830} INFO - Processing file /home/airflow/.local/lib/python3.12/site-packages/airflow/example_dags/example_task_group_decorator.py for tasks to queue
[2025-08-11T11:36:29.702+0000] {logging_mixin.py:188} INFO - [2025-08-11T11:36:29.701+0000] {dagbag.py:545} INFO - Filling up the DagBag from /home/airflow/.local/lib/python3.12/site-packages/airflow/example_dags/example_task_group_decorator.py
[2025-08-11T11:36:29.711+0000] {processor.py:840} INFO - DAG(s) 'example_task_group_decorator' retrieved from /home/airflow/.local/lib/python3.12/site-packages/airflow/example_dags/example_task_group_decorator.py
[2025-08-11T11:36:29.726+0000] {logging_mixin.py:188} INFO - [2025-08-11T11:36:29.726+0000] {dag.py:3096} INFO - Sync 1 DAGs
[2025-08-11T11:36:29.738+0000] {logging_mixin.py:188} INFO - [2025-08-11T11:36:29.738+0000] {dag.py:3954} INFO - Setting next_dagrun for example_task_group_decorator to 2025-08-10 00:00:00+00:00, run_after=2025-08-11 00:00:00+00:00
[2025-08-11T11:36:29.748+0000] {processor.py:183} INFO - Processing /home/airflow/.local/lib/python3.12/site-packages/airflow/example_dags/example_task_group_decorator.py took 0.055 seconds
[2025-08-11T11:36:59.941+0000] {processor.py:161} INFO - Started process (PID=239) to work on /home/airflow/.local/lib/python3.12/site-packages/airflow/example_dags/example_task_group_decorator.py
[2025-08-11T11:36:59.942+0000] {processor.py:830} INFO - Processing file /home/airflow/.local/lib/python3.12/site-packages/airflow/example_dags/example_task_group_decorator.py for tasks to queue
[2025-08-11T11:36:59.944+0000] {logging_mixin.py:188} INFO - [2025-08-11T11:36:59.944+0000] {dagbag.py:545} INFO - Filling up the DagBag from /home/airflow/.local/lib/python3.12/site-packages/airflow/example_dags/example_task_group_decorator.py
[2025-08-11T11:36:59.953+0000] {processor.py:840} INFO - DAG(s) 'example_task_group_decorator' retrieved from /home/airflow/.local/lib/python3.12/site-packages/airflow/example_dags/example_task_group_decorator.py
[2025-08-11T11:36:59.971+0000] {logging_mixin.py:188} INFO - [2025-08-11T11:36:59.971+0000] {dag.py:3096} INFO - Sync 1 DAGs
[2025-08-11T11:36:59.984+0000] {logging_mixin.py:188} INFO - [2025-08-11T11:36:59.984+0000] {dag.py:3954} INFO - Setting next_dagrun for example_task_group_decorator to 2025-08-10 00:00:00+00:00, run_after=2025-08-11 00:00:00+00:00
[2025-08-11T11:36:59.994+0000] {processor.py:183} INFO - Processing /home/airflow/.local/lib/python3.12/site-packages/airflow/example_dags/example_task_group_decorator.py took 0.058 seconds
[2025-08-11T11:37:30.286+0000] {processor.py:161} INFO - Started process (PID=297) to work on /home/airflow/.local/lib/python3.12/site-packages/airflow/example_dags/example_task_group_decorator.py
[2025-08-11T11:37:30.289+0000] {processor.py:830} INFO - Processing file /home/airflow/.local/lib/python3.12/site-packages/airflow/example_dags/example_task_group_decorator.py for tasks to queue
[2025-08-11T11:37:30.292+0000] {logging_mixin.py:188} INFO - [2025-08-11T11:37:30.292+0000] {dagbag.py:545} INFO - Filling up the DagBag from /home/airflow/.local/lib/python3.12/site-packages/airflow/example_dags/example_task_group_decorator.py
[2025-08-11T11:37:30.307+0000] {processor.py:840} INFO - DAG(s) 'example_task_group_decorator' retrieved from /home/airflow/.local/lib/python3.12/site-packages/airflow/example_dags/example_task_group_decorator.py
[2025-08-11T11:37:30.324+0000] {logging_mixin.py:188} INFO - [2025-08-11T11:37:30.324+0000] {dag.py:3096} INFO - Sync 1 DAGs
[2025-08-11T11:37:30.344+0000] {logging_mixin.py:188} INFO - [2025-08-11T11:37:30.344+0000] {dag.py:3954} INFO - Setting next_dagrun for example_task_group_decorator to 2025-08-10 00:00:00+00:00, run_after=2025-08-11 00:00:00+00:00
[2025-08-11T11:37:30.357+0000] {processor.py:183} INFO - Processing /home/airflow/.local/lib/python3.12/site-packages/airflow/example_dags/example_task_group_decorator.py took 0.078 seconds
[2025-08-11T11:38:00.893+0000] {processor.py:161} INFO - Started process (PID=354) to work on /home/airflow/.local/lib/python3.12/site-packages/airflow/example_dags/example_task_group_decorator.py
[2025-08-11T11:38:00.894+0000] {processor.py:830} INFO - Processing file /home/airflow/.local/lib/python3.12/site-packages/airflow/example_dags/example_task_group_decorator.py for tasks to queue
[2025-08-11T11:38:00.895+0000] {logging_mixin.py:188} INFO - [2025-08-11T11:38:00.895+0000] {dagbag.py:545} INFO - Filling up the DagBag from /home/airflow/.local/lib/python3.12/site-packages/airflow/example_dags/example_task_group_decorator.py
[2025-08-11T11:38:00.911+0000] {processor.py:840} INFO - DAG(s) 'example_task_group_decorator' retrieved from /home/airflow/.local/lib/python3.12/site-packages/airflow/example_dags/example_task_group_decorator.py
[2025-08-11T11:38:00.928+0000] {logging_mixin.py:188} INFO - [2025-08-11T11:38:00.928+0000] {dag.py:3096} INFO - Sync 1 DAGs
[2025-08-11T11:38:00.940+0000] {logging_mixin.py:188} INFO - [2025-08-11T11:38:00.940+0000] {dag.py:3954} INFO - Setting next_dagrun for example_task_group_decorator to 2025-08-10 00:00:00+00:00, run_after=2025-08-11 00:00:00+00:00
[2025-08-11T11:38:00.950+0000] {processor.py:183} INFO - Processing /home/airflow/.local/lib/python3.12/site-packages/airflow/example_dags/example_task_group_decorator.py took 0.061 seconds
[2025-08-11T11:38:31.213+0000] {processor.py:161} INFO - Started process (PID=412) to work on /home/airflow/.local/lib/python3.12/site-packages/airflow/example_dags/example_task_group_decorator.py
[2025-08-11T11:38:31.214+0000] {processor.py:830} INFO - Processing file /home/airflow/.local/lib/python3.12/site-packages/airflow/example_dags/example_task_group_decorator.py for tasks to queue
[2025-08-11T11:38:31.216+0000] {logging_mixin.py:188} INFO - [2025-08-11T11:38:31.215+0000] {dagbag.py:545} INFO - Filling up the DagBag from /home/airflow/.local/lib/python3.12/site-packages/airflow/example_dags/example_task_group_decorator.py
[2025-08-11T11:38:31.225+0000] {processor.py:840} INFO - DAG(s) 'example_task_group_decorator' retrieved from /home/airflow/.local/lib/python3.12/site-packages/airflow/example_dags/example_task_group_decorator.py
[2025-08-11T11:38:31.240+0000] {logging_mixin.py:188} INFO - [2025-08-11T11:38:31.240+0000] {dag.py:3096} INFO - Sync 1 DAGs
[2025-08-11T11:38:31.253+0000] {logging_mixin.py:188} INFO - [2025-08-11T11:38:31.253+0000] {dag.py:3954} INFO - Setting next_dagrun for example_task_group_decorator to 2025-08-10 00:00:00+00:00, run_after=2025-08-11 00:00:00+00:00
[2025-08-11T11:38:31.269+0000] {processor.py:183} INFO - Processing /home/airflow/.local/lib/python3.12/site-packages/airflow/example_dags/example_task_group_decorator.py took 0.060 seconds
[2025-08-11T11:39:01.673+0000] {processor.py:161} INFO - Started process (PID=470) to work on /home/airflow/.local/lib/python3.12/site-packages/airflow/example_dags/example_task_group_decorator.py
[2025-08-11T11:39:01.674+0000] {processor.py:830} INFO - Processing file /home/airflow/.local/lib/python3.12/site-packages/airflow/example_dags/example_task_group_decorator.py for tasks to queue
[2025-08-11T11:39:01.675+0000] {logging_mixin.py:188} INFO - [2025-08-11T11:39:01.675+0000] {dagbag.py:545} INFO - Filling up the DagBag from /home/airflow/.local/lib/python3.12/site-packages/airflow/example_dags/example_task_group_decorator.py
[2025-08-11T11:39:01.684+0000] {processor.py:840} INFO - DAG(s) 'example_task_group_decorator' retrieved from /home/airflow/.local/lib/python3.12/site-packages/airflow/example_dags/example_task_group_decorator.py
[2025-08-11T11:39:01.701+0000] {logging_mixin.py:188} INFO - [2025-08-11T11:39:01.700+0000] {dag.py:3096} INFO - Sync 1 DAGs
[2025-08-11T11:39:01.716+0000] {logging_mixin.py:188} INFO - [2025-08-11T11:39:01.715+0000] {dag.py:3954} INFO - Setting next_dagrun for example_task_group_decorator to 2025-08-10 00:00:00+00:00, run_after=2025-08-11 00:00:00+00:00
[2025-08-11T11:39:01.729+0000] {processor.py:183} INFO - Processing /home/airflow/.local/lib/python3.12/site-packages/airflow/example_dags/example_task_group_decorator.py took 0.061 seconds
[2025-08-11T11:39:32.071+0000] {processor.py:161} INFO - Started process (PID=528) to work on /home/airflow/.local/lib/python3.12/site-packages/airflow/example_dags/example_task_group_decorator.py
[2025-08-11T11:39:32.073+0000] {processor.py:830} INFO - Processing file /home/airflow/.local/lib/python3.12/site-packages/airflow/example_dags/example_task_group_decorator.py for tasks to queue
[2025-08-11T11:39:32.074+0000] {logging_mixin.py:188} INFO - [2025-08-11T11:39:32.074+0000] {dagbag.py:545} INFO - Filling up the DagBag from /home/airflow/.local/lib/python3.12/site-packages/airflow/example_dags/example_task_group_decorator.py
[2025-08-11T11:39:32.086+0000] {processor.py:840} INFO - DAG(s) 'example_task_group_decorator' retrieved from /home/airflow/.local/lib/python3.12/site-packages/airflow/example_dags/example_task_group_decorator.py
[2025-08-11T11:39:32.100+0000] {logging_mixin.py:188} INFO - [2025-08-11T11:39:32.100+0000] {dag.py:3096} INFO - Sync 1 DAGs
[2025-08-11T11:39:32.113+0000] {logging_mixin.py:188} INFO - [2025-08-11T11:39:32.113+0000] {dag.py:3954} INFO - Setting next_dagrun for example_task_group_decorator to 2025-08-10 00:00:00+00:00, run_after=2025-08-11 00:00:00+00:00
[2025-08-11T11:39:32.122+0000] {processor.py:183} INFO - Processing /home/airflow/.local/lib/python3.12/site-packages/airflow/example_dags/example_task_group_decorator.py took 0.057 seconds
[2025-08-11T11:40:02.380+0000] {processor.py:161} INFO - Started process (PID=586) to work on /home/airflow/.local/lib/python3.12/site-packages/airflow/example_dags/example_task_group_decorator.py
[2025-08-11T11:40:02.382+0000] {processor.py:830} INFO - Processing file /home/airflow/.local/lib/python3.12/site-packages/airflow/example_dags/example_task_group_decorator.py for tasks to queue
[2025-08-11T11:40:02.384+0000] {logging_mixin.py:188} INFO - [2025-08-11T11:40:02.384+0000] {dagbag.py:545} INFO - Filling up the DagBag from /home/airflow/.local/lib/python3.12/site-packages/airflow/example_dags/example_task_group_decorator.py
[2025-08-11T11:40:02.395+0000] {processor.py:840} INFO - DAG(s) 'example_task_group_decorator' retrieved from /home/airflow/.local/lib/python3.12/site-packages/airflow/example_dags/example_task_group_decorator.py
[2025-08-11T11:40:02.415+0000] {logging_mixin.py:188} INFO - [2025-08-11T11:40:02.414+0000] {dag.py:3096} INFO - Sync 1 DAGs
[2025-08-11T11:40:02.433+0000] {logging_mixin.py:188} INFO - [2025-08-11T11:40:02.433+0000] {dag.py:3954} INFO - Setting next_dagrun for example_task_group_decorator to 2025-08-10 00:00:00+00:00, run_after=2025-08-11 00:00:00+00:00
[2025-08-11T11:40:02.445+0000] {processor.py:183} INFO - Processing /home/airflow/.local/lib/python3.12/site-packages/airflow/example_dags/example_task_group_decorator.py took 0.073 seconds
[2025-08-11T11:40:32.768+0000] {processor.py:161} INFO - Started process (PID=644) to work on /home/airflow/.local/lib/python3.12/site-packages/airflow/example_dags/example_task_group_decorator.py
[2025-08-11T11:40:32.770+0000] {processor.py:830} INFO - Processing file /home/airflow/.local/lib/python3.12/site-packages/airflow/example_dags/example_task_group_decorator.py for tasks to queue
[2025-08-11T11:40:32.773+0000] {logging_mixin.py:188} INFO - [2025-08-11T11:40:32.772+0000] {dagbag.py:545} INFO - Filling up the DagBag from /home/airflow/.local/lib/python3.12/site-packages/airflow/example_dags/example_task_group_decorator.py
[2025-08-11T11:40:32.784+0000] {processor.py:840} INFO - DAG(s) 'example_task_group_decorator' retrieved from /home/airflow/.local/lib/python3.12/site-packages/airflow/example_dags/example_task_group_decorator.py
[2025-08-11T11:40:32.801+0000] {logging_mixin.py:188} INFO - [2025-08-11T11:40:32.801+0000] {dag.py:3096} INFO - Sync 1 DAGs
[2025-08-11T11:40:32.815+0000] {logging_mixin.py:188} INFO - [2025-08-11T11:40:32.815+0000] {dag.py:3954} INFO - Setting next_dagrun for example_task_group_decorator to 2025-08-10 00:00:00+00:00, run_after=2025-08-11 00:00:00+00:00
[2025-08-11T11:40:32.827+0000] {processor.py:183} INFO - Processing /home/airflow/.local/lib/python3.12/site-packages/airflow/example_dags/example_task_group_decorator.py took 0.065 seconds
[2025-08-11T11:41:03.293+0000] {processor.py:161} INFO - Started process (PID=702) to work on /home/airflow/.local/lib/python3.12/site-packages/airflow/example_dags/example_task_group_decorator.py
[2025-08-11T11:41:03.294+0000] {processor.py:830} INFO - Processing file /home/airflow/.local/lib/python3.12/site-packages/airflow/example_dags/example_task_group_decorator.py for tasks to queue
[2025-08-11T11:41:03.295+0000] {logging_mixin.py:188} INFO - [2025-08-11T11:41:03.295+0000] {dagbag.py:545} INFO - Filling up the DagBag from /home/airflow/.local/lib/python3.12/site-packages/airflow/example_dags/example_task_group_decorator.py
[2025-08-11T11:41:03.305+0000] {processor.py:840} INFO - DAG(s) 'example_task_group_decorator' retrieved from /home/airflow/.local/lib/python3.12/site-packages/airflow/example_dags/example_task_group_decorator.py
[2025-08-11T11:41:03.320+0000] {logging_mixin.py:188} INFO - [2025-08-11T11:41:03.320+0000] {dag.py:3096} INFO - Sync 1 DAGs
[2025-08-11T11:41:03.333+0000] {logging_mixin.py:188} INFO - [2025-08-11T11:41:03.333+0000] {dag.py:3954} INFO - Setting next_dagrun for example_task_group_decorator to 2025-08-10 00:00:00+00:00, run_after=2025-08-11 00:00:00+00:00
[2025-08-11T11:41:03.343+0000] {processor.py:183} INFO - Processing /home/airflow/.local/lib/python3.12/site-packages/airflow/example_dags/example_task_group_decorator.py took 0.054 seconds
[2025-08-11T11:41:33.703+0000] {processor.py:161} INFO - Started process (PID=760) to work on /home/airflow/.local/lib/python3.12/site-packages/airflow/example_dags/example_task_group_decorator.py
[2025-08-11T11:41:33.704+0000] {processor.py:830} INFO - Processing file /home/airflow/.local/lib/python3.12/site-packages/airflow/example_dags/example_task_group_decorator.py for tasks to queue
[2025-08-11T11:41:33.706+0000] {logging_mixin.py:188} INFO - [2025-08-11T11:41:33.705+0000] {dagbag.py:545} INFO - Filling up the DagBag from /home/airflow/.local/lib/python3.12/site-packages/airflow/example_dags/example_task_group_decorator.py
[2025-08-11T11:41:33.715+0000] {processor.py:840} INFO - DAG(s) 'example_task_group_decorator' retrieved from /home/airflow/.local/lib/python3.12/site-packages/airflow/example_dags/example_task_group_decorator.py
[2025-08-11T11:41:33.731+0000] {logging_mixin.py:188} INFO - [2025-08-11T11:41:33.731+0000] {dag.py:3096} INFO - Sync 1 DAGs
[2025-08-11T11:41:33.744+0000] {logging_mixin.py:188} INFO - [2025-08-11T11:41:33.744+0000] {dag.py:3954} INFO - Setting next_dagrun for example_task_group_decorator to 2025-08-10 00:00:00+00:00, run_after=2025-08-11 00:00:00+00:00
[2025-08-11T11:41:33.754+0000] {processor.py:183} INFO - Processing /home/airflow/.local/lib/python3.12/site-packages/airflow/example_dags/example_task_group_decorator.py took 0.055 seconds
[2025-08-11T11:42:03.826+0000] {processor.py:161} INFO - Started process (PID=818) to work on /home/airflow/.local/lib/python3.12/site-packages/airflow/example_dags/example_task_group_decorator.py
[2025-08-11T11:42:03.827+0000] {processor.py:830} INFO - Processing file /home/airflow/.local/lib/python3.12/site-packages/airflow/example_dags/example_task_group_decorator.py for tasks to queue
[2025-08-11T11:42:03.828+0000] {logging_mixin.py:188} INFO - [2025-08-11T11:42:03.828+0000] {dagbag.py:545} INFO - Filling up the DagBag from /home/airflow/.local/lib/python3.12/site-packages/airflow/example_dags/example_task_group_decorator.py
[2025-08-11T11:42:03.836+0000] {processor.py:840} INFO - DAG(s) 'example_task_group_decorator' retrieved from /home/airflow/.local/lib/python3.12/site-packages/airflow/example_dags/example_task_group_decorator.py
[2025-08-11T11:42:03.851+0000] {logging_mixin.py:188} INFO - [2025-08-11T11:42:03.851+0000] {dag.py:3096} INFO - Sync 1 DAGs
[2025-08-11T11:42:03.863+0000] {logging_mixin.py:188} INFO - [2025-08-11T11:42:03.863+0000] {dag.py:3954} INFO - Setting next_dagrun for example_task_group_decorator to 2025-08-10 00:00:00+00:00, run_after=2025-08-11 00:00:00+00:00
[2025-08-11T11:42:03.873+0000] {processor.py:183} INFO - Processing /home/airflow/.local/lib/python3.12/site-packages/airflow/example_dags/example_task_group_decorator.py took 0.050 seconds
[2025-08-11T11:42:34.373+0000] {processor.py:161} INFO - Started process (PID=876) to work on /home/airflow/.local/lib/python3.12/site-packages/airflow/example_dags/example_task_group_decorator.py
[2025-08-11T11:42:34.376+0000] {processor.py:830} INFO - Processing file /home/airflow/.local/lib/python3.12/site-packages/airflow/example_dags/example_task_group_decorator.py for tasks to queue
[2025-08-11T11:42:34.377+0000] {logging_mixin.py:188} INFO - [2025-08-11T11:42:34.377+0000] {dagbag.py:545} INFO - Filling up the DagBag from /home/airflow/.local/lib/python3.12/site-packages/airflow/example_dags/example_task_group_decorator.py
[2025-08-11T11:42:34.386+0000] {processor.py:840} INFO - DAG(s) 'example_task_group_decorator' retrieved from /home/airflow/.local/lib/python3.12/site-packages/airflow/example_dags/example_task_group_decorator.py
[2025-08-11T11:42:34.404+0000] {logging_mixin.py:188} INFO - [2025-08-11T11:42:34.404+0000] {dag.py:3096} INFO - Sync 1 DAGs
[2025-08-11T11:42:34.417+0000] {logging_mixin.py:188} INFO - [2025-08-11T11:42:34.417+0000] {dag.py:3954} INFO - Setting next_dagrun for example_task_group_decorator to 2025-08-10 00:00:00+00:00, run_after=2025-08-11 00:00:00+00:00
[2025-08-11T11:42:34.427+0000] {processor.py:183} INFO - Processing /home/airflow/.local/lib/python3.12/site-packages/airflow/example_dags/example_task_group_decorator.py took 0.059 seconds
[2025-08-11T11:43:04.954+0000] {processor.py:161} INFO - Started process (PID=934) to work on /home/airflow/.local/lib/python3.12/site-packages/airflow/example_dags/example_task_group_decorator.py
[2025-08-11T11:43:04.955+0000] {processor.py:830} INFO - Processing file /home/airflow/.local/lib/python3.12/site-packages/airflow/example_dags/example_task_group_decorator.py for tasks to queue
[2025-08-11T11:43:04.956+0000] {logging_mixin.py:188} INFO - [2025-08-11T11:43:04.956+0000] {dagbag.py:545} INFO - Filling up the DagBag from /home/airflow/.local/lib/python3.12/site-packages/airflow/example_dags/example_task_group_decorator.py
[2025-08-11T11:43:04.969+0000] {processor.py:840} INFO - DAG(s) 'example_task_group_decorator' retrieved from /home/airflow/.local/lib/python3.12/site-packages/airflow/example_dags/example_task_group_decorator.py
[2025-08-11T11:43:04.991+0000] {logging_mixin.py:188} INFO - [2025-08-11T11:43:04.990+0000] {dag.py:3096} INFO - Sync 1 DAGs
[2025-08-11T11:43:05.006+0000] {logging_mixin.py:188} INFO - [2025-08-11T11:43:05.006+0000] {dag.py:3954} INFO - Setting next_dagrun for example_task_group_decorator to 2025-08-10 00:00:00+00:00, run_after=2025-08-11 00:00:00+00:00
[2025-08-11T11:43:05.021+0000] {processor.py:183} INFO - Processing /home/airflow/.local/lib/python3.12/site-packages/airflow/example_dags/example_task_group_decorator.py took 0.073 seconds
[2025-08-11T11:43:35.080+0000] {processor.py:161} INFO - Started process (PID=992) to work on /home/airflow/.local/lib/python3.12/site-packages/airflow/example_dags/example_task_group_decorator.py
[2025-08-11T11:43:35.081+0000] {processor.py:830} INFO - Processing file /home/airflow/.local/lib/python3.12/site-packages/airflow/example_dags/example_task_group_decorator.py for tasks to queue
[2025-08-11T11:43:35.083+0000] {logging_mixin.py:188} INFO - [2025-08-11T11:43:35.083+0000] {dagbag.py:545} INFO - Filling up the DagBag from /home/airflow/.local/lib/python3.12/site-packages/airflow/example_dags/example_task_group_decorator.py
[2025-08-11T11:43:35.092+0000] {processor.py:840} INFO - DAG(s) 'example_task_group_decorator' retrieved from /home/airflow/.local/lib/python3.12/site-packages/airflow/example_dags/example_task_group_decorator.py
[2025-08-11T11:43:35.107+0000] {logging_mixin.py:188} INFO - [2025-08-11T11:43:35.107+0000] {dag.py:3096} INFO - Sync 1 DAGs
[2025-08-11T11:43:35.120+0000] {logging_mixin.py:188} INFO - [2025-08-11T11:43:35.120+0000] {dag.py:3954} INFO - Setting next_dagrun for example_task_group_decorator to 2025-08-10 00:00:00+00:00, run_after=2025-08-11 00:00:00+00:00
[2025-08-11T11:43:35.130+0000] {processor.py:183} INFO - Processing /home/airflow/.local/lib/python3.12/site-packages/airflow/example_dags/example_task_group_decorator.py took 0.055 seconds
[2025-08-11T11:44:05.426+0000] {processor.py:161} INFO - Started process (PID=1050) to work on /home/airflow/.local/lib/python3.12/site-packages/airflow/example_dags/example_task_group_decorator.py
[2025-08-11T11:44:05.428+0000] {processor.py:830} INFO - Processing file /home/airflow/.local/lib/python3.12/site-packages/airflow/example_dags/example_task_group_decorator.py for tasks to queue
[2025-08-11T11:44:05.429+0000] {logging_mixin.py:188} INFO - [2025-08-11T11:44:05.429+0000] {dagbag.py:545} INFO - Filling up the DagBag from /home/airflow/.local/lib/python3.12/site-packages/airflow/example_dags/example_task_group_decorator.py
[2025-08-11T11:44:05.438+0000] {processor.py:840} INFO - DAG(s) 'example_task_group_decorator' retrieved from /home/airflow/.local/lib/python3.12/site-packages/airflow/example_dags/example_task_group_decorator.py
[2025-08-11T11:44:05.454+0000] {logging_mixin.py:188} INFO - [2025-08-11T11:44:05.454+0000] {dag.py:3096} INFO - Sync 1 DAGs
[2025-08-11T11:44:05.466+0000] {logging_mixin.py:188} INFO - [2025-08-11T11:44:05.466+0000] {dag.py:3954} INFO - Setting next_dagrun for example_task_group_decorator to 2025-08-10 00:00:00+00:00, run_after=2025-08-11 00:00:00+00:00
[2025-08-11T11:44:05.476+0000] {processor.py:183} INFO - Processing /home/airflow/.local/lib/python3.12/site-packages/airflow/example_dags/example_task_group_decorator.py took 0.058 seconds
[2025-08-11T11:44:35.718+0000] {processor.py:161} INFO - Started process (PID=1108) to work on /home/airflow/.local/lib/python3.12/site-packages/airflow/example_dags/example_task_group_decorator.py
[2025-08-11T11:44:35.721+0000] {processor.py:830} INFO - Processing file /home/airflow/.local/lib/python3.12/site-packages/airflow/example_dags/example_task_group_decorator.py for tasks to queue
[2025-08-11T11:44:35.722+0000] {logging_mixin.py:188} INFO - [2025-08-11T11:44:35.722+0000] {dagbag.py:545} INFO - Filling up the DagBag from /home/airflow/.local/lib/python3.12/site-packages/airflow/example_dags/example_task_group_decorator.py
[2025-08-11T11:44:35.731+0000] {processor.py:840} INFO - DAG(s) 'example_task_group_decorator' retrieved from /home/airflow/.local/lib/python3.12/site-packages/airflow/example_dags/example_task_group_decorator.py
[2025-08-11T11:44:35.745+0000] {logging_mixin.py:188} INFO - [2025-08-11T11:44:35.745+0000] {dag.py:3096} INFO - Sync 1 DAGs
[2025-08-11T11:44:35.758+0000] {logging_mixin.py:188} INFO - [2025-08-11T11:44:35.757+0000] {dag.py:3954} INFO - Setting next_dagrun for example_task_group_decorator to 2025-08-10 00:00:00+00:00, run_after=2025-08-11 00:00:00+00:00
[2025-08-11T11:44:35.767+0000] {processor.py:183} INFO - Processing /home/airflow/.local/lib/python3.12/site-packages/airflow/example_dags/example_task_group_decorator.py took 0.053 seconds
[2025-08-11T11:45:06.355+0000] {processor.py:161} INFO - Started process (PID=1166) to work on /home/airflow/.local/lib/python3.12/site-packages/airflow/example_dags/example_task_group_decorator.py
[2025-08-11T11:45:06.359+0000] {processor.py:830} INFO - Processing file /home/airflow/.local/lib/python3.12/site-packages/airflow/example_dags/example_task_group_decorator.py for tasks to queue
[2025-08-11T11:45:06.361+0000] {logging_mixin.py:188} INFO - [2025-08-11T11:45:06.361+0000] {dagbag.py:545} INFO - Filling up the DagBag from /home/airflow/.local/lib/python3.12/site-packages/airflow/example_dags/example_task_group_decorator.py
[2025-08-11T11:45:06.370+0000] {processor.py:840} INFO - DAG(s) 'example_task_group_decorator' retrieved from /home/airflow/.local/lib/python3.12/site-packages/airflow/example_dags/example_task_group_decorator.py
[2025-08-11T11:45:06.387+0000] {logging_mixin.py:188} INFO - [2025-08-11T11:45:06.387+0000] {dag.py:3096} INFO - Sync 1 DAGs
[2025-08-11T11:45:06.404+0000] {logging_mixin.py:188} INFO - [2025-08-11T11:45:06.404+0000] {dag.py:3954} INFO - Setting next_dagrun for example_task_group_decorator to 2025-08-10 00:00:00+00:00, run_after=2025-08-11 00:00:00+00:00
[2025-08-11T11:45:06.416+0000] {processor.py:183} INFO - Processing /home/airflow/.local/lib/python3.12/site-packages/airflow/example_dags/example_task_group_decorator.py took 0.069 seconds
[2025-08-11T11:45:36.605+0000] {processor.py:161} INFO - Started process (PID=1224) to work on /home/airflow/.local/lib/python3.12/site-packages/airflow/example_dags/example_task_group_decorator.py
[2025-08-11T11:45:36.606+0000] {processor.py:830} INFO - Processing file /home/airflow/.local/lib/python3.12/site-packages/airflow/example_dags/example_task_group_decorator.py for tasks to queue
[2025-08-11T11:45:36.607+0000] {logging_mixin.py:188} INFO - [2025-08-11T11:45:36.607+0000] {dagbag.py:545} INFO - Filling up the DagBag from /home/airflow/.local/lib/python3.12/site-packages/airflow/example_dags/example_task_group_decorator.py
[2025-08-11T11:45:36.618+0000] {processor.py:840} INFO - DAG(s) 'example_task_group_decorator' retrieved from /home/airflow/.local/lib/python3.12/site-packages/airflow/example_dags/example_task_group_decorator.py
[2025-08-11T11:45:36.634+0000] {logging_mixin.py:188} INFO - [2025-08-11T11:45:36.634+0000] {dag.py:3096} INFO - Sync 1 DAGs
[2025-08-11T11:45:36.659+0000] {logging_mixin.py:188} INFO - [2025-08-11T11:45:36.658+0000] {dag.py:3954} INFO - Setting next_dagrun for example_task_group_decorator to 2025-08-10 00:00:00+00:00, run_after=2025-08-11 00:00:00+00:00
[2025-08-11T11:45:36.672+0000] {processor.py:183} INFO - Processing /home/airflow/.local/lib/python3.12/site-packages/airflow/example_dags/example_task_group_decorator.py took 0.072 seconds
[2025-08-11T11:46:06.954+0000] {processor.py:161} INFO - Started process (PID=1283) to work on /home/airflow/.local/lib/python3.12/site-packages/airflow/example_dags/example_task_group_decorator.py
[2025-08-11T11:46:06.956+0000] {processor.py:830} INFO - Processing file /home/airflow/.local/lib/python3.12/site-packages/airflow/example_dags/example_task_group_decorator.py for tasks to queue
[2025-08-11T11:46:06.957+0000] {logging_mixin.py:188} INFO - [2025-08-11T11:46:06.957+0000] {dagbag.py:545} INFO - Filling up the DagBag from /home/airflow/.local/lib/python3.12/site-packages/airflow/example_dags/example_task_group_decorator.py
[2025-08-11T11:46:06.967+0000] {processor.py:840} INFO - DAG(s) 'example_task_group_decorator' retrieved from /home/airflow/.local/lib/python3.12/site-packages/airflow/example_dags/example_task_group_decorator.py
[2025-08-11T11:46:06.982+0000] {logging_mixin.py:188} INFO - [2025-08-11T11:46:06.982+0000] {dag.py:3096} INFO - Sync 1 DAGs
[2025-08-11T11:46:06.997+0000] {logging_mixin.py:188} INFO - [2025-08-11T11:46:06.997+0000] {dag.py:3954} INFO - Setting next_dagrun for example_task_group_decorator to 2025-08-10 00:00:00+00:00, run_after=2025-08-11 00:00:00+00:00
[2025-08-11T11:46:07.007+0000] {processor.py:183} INFO - Processing /home/airflow/.local/lib/python3.12/site-packages/airflow/example_dags/example_task_group_decorator.py took 0.057 seconds
