[2025-08-11T11:35:32.163+0000] {processor.py:161} INFO - Started process (PID=83) to work on /home/airflow/.local/lib/python3.12/site-packages/airflow/example_dags/example_skip_dag.py
[2025-08-11T11:35:32.164+0000] {processor.py:830} INFO - Processing file /home/airflow/.local/lib/python3.12/site-packages/airflow/example_dags/example_skip_dag.py for tasks to queue
[2025-08-11T11:35:32.166+0000] {logging_mixin.py:188} INFO - [2025-08-11T11:35:32.165+0000] {dagbag.py:545} INFO - Filling up the DagBag from /home/airflow/.local/lib/python3.12/site-packages/airflow/example_dags/example_skip_dag.py
[2025-08-11T11:35:32.174+0000] {processor.py:840} INFO - DAG(s) 'example_skip_dag' retrieved from /home/airflow/.local/lib/python3.12/site-packages/airflow/example_dags/example_skip_dag.py
[2025-08-11T11:35:32.275+0000] {logging_mixin.py:188} INFO - [2025-08-11T11:35:32.274+0000] {override.py:1829} INFO - Created Permission View: can read on DAG:example_skip_dag
[2025-08-11T11:35:32.288+0000] {logging_mixin.py:188} INFO - [2025-08-11T11:35:32.288+0000] {override.py:1829} INFO - Created Permission View: can delete on DAG:example_skip_dag
[2025-08-11T11:35:32.295+0000] {logging_mixin.py:188} INFO - [2025-08-11T11:35:32.295+0000] {override.py:1829} INFO - Created Permission View: can edit on DAG:example_skip_dag
[2025-08-11T11:35:32.298+0000] {logging_mixin.py:188} INFO - [2025-08-11T11:35:32.298+0000] {dag.py:3096} INFO - Sync 1 DAGs
[2025-08-11T11:35:32.315+0000] {logging_mixin.py:188} INFO - [2025-08-11T11:35:32.314+0000] {dag.py:3118} INFO - Creating ORM DAG for example_skip_dag
[2025-08-11T11:35:32.328+0000] {logging_mixin.py:188} INFO - [2025-08-11T11:35:32.328+0000] {dag.py:3954} INFO - Setting next_dagrun for example_skip_dag to 2025-08-10 00:00:00+00:00, run_after=2025-08-11 00:00:00+00:00
[2025-08-11T11:35:32.352+0000] {processor.py:183} INFO - Processing /home/airflow/.local/lib/python3.12/site-packages/airflow/example_dags/example_skip_dag.py took 0.193 seconds
[2025-08-11T11:36:03.191+0000] {processor.py:161} INFO - Started process (PID=141) to work on /home/airflow/.local/lib/python3.12/site-packages/airflow/example_dags/example_skip_dag.py
[2025-08-11T11:36:03.195+0000] {processor.py:830} INFO - Processing file /home/airflow/.local/lib/python3.12/site-packages/airflow/example_dags/example_skip_dag.py for tasks to queue
[2025-08-11T11:36:03.197+0000] {logging_mixin.py:188} INFO - [2025-08-11T11:36:03.197+0000] {dagbag.py:545} INFO - Filling up the DagBag from /home/airflow/.local/lib/python3.12/site-packages/airflow/example_dags/example_skip_dag.py
[2025-08-11T11:36:03.203+0000] {processor.py:840} INFO - DAG(s) 'example_skip_dag' retrieved from /home/airflow/.local/lib/python3.12/site-packages/airflow/example_dags/example_skip_dag.py
[2025-08-11T11:36:03.242+0000] {logging_mixin.py:188} INFO - [2025-08-11T11:36:03.242+0000] {dag.py:3096} INFO - Sync 1 DAGs
[2025-08-11T11:36:03.271+0000] {logging_mixin.py:188} INFO - [2025-08-11T11:36:03.270+0000] {dag.py:3954} INFO - Setting next_dagrun for example_skip_dag to 2025-08-10 00:00:00+00:00, run_after=2025-08-11 00:00:00+00:00
[2025-08-11T11:36:03.306+0000] {processor.py:183} INFO - Processing /home/airflow/.local/lib/python3.12/site-packages/airflow/example_dags/example_skip_dag.py took 0.124 seconds
[2025-08-11T11:36:33.357+0000] {processor.py:161} INFO - Started process (PID=199) to work on /home/airflow/.local/lib/python3.12/site-packages/airflow/example_dags/example_skip_dag.py
[2025-08-11T11:36:33.359+0000] {processor.py:830} INFO - Processing file /home/airflow/.local/lib/python3.12/site-packages/airflow/example_dags/example_skip_dag.py for tasks to queue
[2025-08-11T11:36:33.360+0000] {logging_mixin.py:188} INFO - [2025-08-11T11:36:33.360+0000] {dagbag.py:545} INFO - Filling up the DagBag from /home/airflow/.local/lib/python3.12/site-packages/airflow/example_dags/example_skip_dag.py
[2025-08-11T11:36:33.367+0000] {processor.py:840} INFO - DAG(s) 'example_skip_dag' retrieved from /home/airflow/.local/lib/python3.12/site-packages/airflow/example_dags/example_skip_dag.py
[2025-08-11T11:36:33.380+0000] {logging_mixin.py:188} INFO - [2025-08-11T11:36:33.380+0000] {dag.py:3096} INFO - Sync 1 DAGs
[2025-08-11T11:36:33.393+0000] {logging_mixin.py:188} INFO - [2025-08-11T11:36:33.393+0000] {dag.py:3954} INFO - Setting next_dagrun for example_skip_dag to 2025-08-10 00:00:00+00:00, run_after=2025-08-11 00:00:00+00:00
[2025-08-11T11:36:33.407+0000] {processor.py:183} INFO - Processing /home/airflow/.local/lib/python3.12/site-packages/airflow/example_dags/example_skip_dag.py took 0.054 seconds
[2025-08-11T11:37:03.646+0000] {processor.py:161} INFO - Started process (PID=257) to work on /home/airflow/.local/lib/python3.12/site-packages/airflow/example_dags/example_skip_dag.py
[2025-08-11T11:37:03.649+0000] {processor.py:830} INFO - Processing file /home/airflow/.local/lib/python3.12/site-packages/airflow/example_dags/example_skip_dag.py for tasks to queue
[2025-08-11T11:37:03.654+0000] {logging_mixin.py:188} INFO - [2025-08-11T11:37:03.654+0000] {dagbag.py:545} INFO - Filling up the DagBag from /home/airflow/.local/lib/python3.12/site-packages/airflow/example_dags/example_skip_dag.py
[2025-08-11T11:37:03.661+0000] {processor.py:840} INFO - DAG(s) 'example_skip_dag' retrieved from /home/airflow/.local/lib/python3.12/site-packages/airflow/example_dags/example_skip_dag.py
[2025-08-11T11:37:03.685+0000] {logging_mixin.py:188} INFO - [2025-08-11T11:37:03.685+0000] {dag.py:3096} INFO - Sync 1 DAGs
[2025-08-11T11:37:03.704+0000] {logging_mixin.py:188} INFO - [2025-08-11T11:37:03.704+0000] {dag.py:3954} INFO - Setting next_dagrun for example_skip_dag to 2025-08-10 00:00:00+00:00, run_after=2025-08-11 00:00:00+00:00
[2025-08-11T11:37:03.722+0000] {processor.py:183} INFO - Processing /home/airflow/.local/lib/python3.12/site-packages/airflow/example_dags/example_skip_dag.py took 0.083 seconds
[2025-08-11T11:37:34.151+0000] {processor.py:161} INFO - Started process (PID=315) to work on /home/airflow/.local/lib/python3.12/site-packages/airflow/example_dags/example_skip_dag.py
[2025-08-11T11:37:34.153+0000] {processor.py:830} INFO - Processing file /home/airflow/.local/lib/python3.12/site-packages/airflow/example_dags/example_skip_dag.py for tasks to queue
[2025-08-11T11:37:34.156+0000] {logging_mixin.py:188} INFO - [2025-08-11T11:37:34.155+0000] {dagbag.py:545} INFO - Filling up the DagBag from /home/airflow/.local/lib/python3.12/site-packages/airflow/example_dags/example_skip_dag.py
[2025-08-11T11:37:34.164+0000] {processor.py:840} INFO - DAG(s) 'example_skip_dag' retrieved from /home/airflow/.local/lib/python3.12/site-packages/airflow/example_dags/example_skip_dag.py
[2025-08-11T11:37:34.182+0000] {logging_mixin.py:188} INFO - [2025-08-11T11:37:34.182+0000] {dag.py:3096} INFO - Sync 1 DAGs
[2025-08-11T11:37:34.200+0000] {logging_mixin.py:188} INFO - [2025-08-11T11:37:34.200+0000] {dag.py:3954} INFO - Setting next_dagrun for example_skip_dag to 2025-08-10 00:00:00+00:00, run_after=2025-08-11 00:00:00+00:00
[2025-08-11T11:37:34.213+0000] {processor.py:183} INFO - Processing /home/airflow/.local/lib/python3.12/site-packages/airflow/example_dags/example_skip_dag.py took 0.068 seconds
[2025-08-11T11:38:04.507+0000] {processor.py:161} INFO - Started process (PID=372) to work on /home/airflow/.local/lib/python3.12/site-packages/airflow/example_dags/example_skip_dag.py
[2025-08-11T11:38:04.508+0000] {processor.py:830} INFO - Processing file /home/airflow/.local/lib/python3.12/site-packages/airflow/example_dags/example_skip_dag.py for tasks to queue
[2025-08-11T11:38:04.510+0000] {logging_mixin.py:188} INFO - [2025-08-11T11:38:04.510+0000] {dagbag.py:545} INFO - Filling up the DagBag from /home/airflow/.local/lib/python3.12/site-packages/airflow/example_dags/example_skip_dag.py
[2025-08-11T11:38:04.515+0000] {processor.py:840} INFO - DAG(s) 'example_skip_dag' retrieved from /home/airflow/.local/lib/python3.12/site-packages/airflow/example_dags/example_skip_dag.py
[2025-08-11T11:38:04.535+0000] {logging_mixin.py:188} INFO - [2025-08-11T11:38:04.534+0000] {dag.py:3096} INFO - Sync 1 DAGs
[2025-08-11T11:38:04.551+0000] {logging_mixin.py:188} INFO - [2025-08-11T11:38:04.551+0000] {dag.py:3954} INFO - Setting next_dagrun for example_skip_dag to 2025-08-10 00:00:00+00:00, run_after=2025-08-11 00:00:00+00:00
[2025-08-11T11:38:04.566+0000] {processor.py:183} INFO - Processing /home/airflow/.local/lib/python3.12/site-packages/airflow/example_dags/example_skip_dag.py took 0.064 seconds
[2025-08-11T11:38:34.955+0000] {processor.py:161} INFO - Started process (PID=430) to work on /home/airflow/.local/lib/python3.12/site-packages/airflow/example_dags/example_skip_dag.py
[2025-08-11T11:38:34.958+0000] {processor.py:830} INFO - Processing file /home/airflow/.local/lib/python3.12/site-packages/airflow/example_dags/example_skip_dag.py for tasks to queue
[2025-08-11T11:38:34.962+0000] {logging_mixin.py:188} INFO - [2025-08-11T11:38:34.962+0000] {dagbag.py:545} INFO - Filling up the DagBag from /home/airflow/.local/lib/python3.12/site-packages/airflow/example_dags/example_skip_dag.py
[2025-08-11T11:38:34.972+0000] {processor.py:840} INFO - DAG(s) 'example_skip_dag' retrieved from /home/airflow/.local/lib/python3.12/site-packages/airflow/example_dags/example_skip_dag.py
[2025-08-11T11:38:35.000+0000] {logging_mixin.py:188} INFO - [2025-08-11T11:38:34.999+0000] {dag.py:3096} INFO - Sync 1 DAGs
[2025-08-11T11:38:35.029+0000] {logging_mixin.py:188} INFO - [2025-08-11T11:38:35.029+0000] {dag.py:3954} INFO - Setting next_dagrun for example_skip_dag to 2025-08-10 00:00:00+00:00, run_after=2025-08-11 00:00:00+00:00
[2025-08-11T11:38:35.061+0000] {processor.py:183} INFO - Processing /home/airflow/.local/lib/python3.12/site-packages/airflow/example_dags/example_skip_dag.py took 0.112 seconds
[2025-08-11T11:39:05.390+0000] {processor.py:161} INFO - Started process (PID=488) to work on /home/airflow/.local/lib/python3.12/site-packages/airflow/example_dags/example_skip_dag.py
[2025-08-11T11:39:05.392+0000] {processor.py:830} INFO - Processing file /home/airflow/.local/lib/python3.12/site-packages/airflow/example_dags/example_skip_dag.py for tasks to queue
[2025-08-11T11:39:05.393+0000] {logging_mixin.py:188} INFO - [2025-08-11T11:39:05.393+0000] {dagbag.py:545} INFO - Filling up the DagBag from /home/airflow/.local/lib/python3.12/site-packages/airflow/example_dags/example_skip_dag.py
[2025-08-11T11:39:05.399+0000] {processor.py:840} INFO - DAG(s) 'example_skip_dag' retrieved from /home/airflow/.local/lib/python3.12/site-packages/airflow/example_dags/example_skip_dag.py
[2025-08-11T11:39:05.421+0000] {logging_mixin.py:188} INFO - [2025-08-11T11:39:05.421+0000] {dag.py:3096} INFO - Sync 1 DAGs
[2025-08-11T11:39:05.440+0000] {logging_mixin.py:188} INFO - [2025-08-11T11:39:05.440+0000] {dag.py:3954} INFO - Setting next_dagrun for example_skip_dag to 2025-08-10 00:00:00+00:00, run_after=2025-08-11 00:00:00+00:00
[2025-08-11T11:39:05.453+0000] {processor.py:183} INFO - Processing /home/airflow/.local/lib/python3.12/site-packages/airflow/example_dags/example_skip_dag.py took 0.068 seconds
[2025-08-11T11:39:35.715+0000] {processor.py:161} INFO - Started process (PID=546) to work on /home/airflow/.local/lib/python3.12/site-packages/airflow/example_dags/example_skip_dag.py
[2025-08-11T11:39:35.716+0000] {processor.py:830} INFO - Processing file /home/airflow/.local/lib/python3.12/site-packages/airflow/example_dags/example_skip_dag.py for tasks to queue
[2025-08-11T11:39:35.718+0000] {logging_mixin.py:188} INFO - [2025-08-11T11:39:35.717+0000] {dagbag.py:545} INFO - Filling up the DagBag from /home/airflow/.local/lib/python3.12/site-packages/airflow/example_dags/example_skip_dag.py
[2025-08-11T11:39:35.723+0000] {processor.py:840} INFO - DAG(s) 'example_skip_dag' retrieved from /home/airflow/.local/lib/python3.12/site-packages/airflow/example_dags/example_skip_dag.py
[2025-08-11T11:39:35.737+0000] {logging_mixin.py:188} INFO - [2025-08-11T11:39:35.736+0000] {dag.py:3096} INFO - Sync 1 DAGs
[2025-08-11T11:39:35.753+0000] {logging_mixin.py:188} INFO - [2025-08-11T11:39:35.753+0000] {dag.py:3954} INFO - Setting next_dagrun for example_skip_dag to 2025-08-10 00:00:00+00:00, run_after=2025-08-11 00:00:00+00:00
[2025-08-11T11:39:35.765+0000] {processor.py:183} INFO - Processing /home/airflow/.local/lib/python3.12/site-packages/airflow/example_dags/example_skip_dag.py took 0.054 seconds
[2025-08-11T11:40:06.000+0000] {processor.py:161} INFO - Started process (PID=604) to work on /home/airflow/.local/lib/python3.12/site-packages/airflow/example_dags/example_skip_dag.py
[2025-08-11T11:40:06.001+0000] {processor.py:830} INFO - Processing file /home/airflow/.local/lib/python3.12/site-packages/airflow/example_dags/example_skip_dag.py for tasks to queue
[2025-08-11T11:40:06.002+0000] {logging_mixin.py:188} INFO - [2025-08-11T11:40:06.002+0000] {dagbag.py:545} INFO - Filling up the DagBag from /home/airflow/.local/lib/python3.12/site-packages/airflow/example_dags/example_skip_dag.py
[2025-08-11T11:40:06.006+0000] {processor.py:840} INFO - DAG(s) 'example_skip_dag' retrieved from /home/airflow/.local/lib/python3.12/site-packages/airflow/example_dags/example_skip_dag.py
[2025-08-11T11:40:06.020+0000] {logging_mixin.py:188} INFO - [2025-08-11T11:40:06.020+0000] {dag.py:3096} INFO - Sync 1 DAGs
[2025-08-11T11:40:06.034+0000] {logging_mixin.py:188} INFO - [2025-08-11T11:40:06.034+0000] {dag.py:3954} INFO - Setting next_dagrun for example_skip_dag to 2025-08-10 00:00:00+00:00, run_after=2025-08-11 00:00:00+00:00
[2025-08-11T11:40:06.044+0000] {processor.py:183} INFO - Processing /home/airflow/.local/lib/python3.12/site-packages/airflow/example_dags/example_skip_dag.py took 0.050 seconds
[2025-08-11T11:40:37.012+0000] {processor.py:161} INFO - Started process (PID=662) to work on /home/airflow/.local/lib/python3.12/site-packages/airflow/example_dags/example_skip_dag.py
[2025-08-11T11:40:37.015+0000] {processor.py:830} INFO - Processing file /home/airflow/.local/lib/python3.12/site-packages/airflow/example_dags/example_skip_dag.py for tasks to queue
[2025-08-11T11:40:37.019+0000] {logging_mixin.py:188} INFO - [2025-08-11T11:40:37.018+0000] {dagbag.py:545} INFO - Filling up the DagBag from /home/airflow/.local/lib/python3.12/site-packages/airflow/example_dags/example_skip_dag.py
[2025-08-11T11:40:37.031+0000] {processor.py:840} INFO - DAG(s) 'example_skip_dag' retrieved from /home/airflow/.local/lib/python3.12/site-packages/airflow/example_dags/example_skip_dag.py
[2025-08-11T11:40:37.064+0000] {logging_mixin.py:188} INFO - [2025-08-11T11:40:37.063+0000] {dag.py:3096} INFO - Sync 1 DAGs
[2025-08-11T11:40:37.085+0000] {logging_mixin.py:188} INFO - [2025-08-11T11:40:37.084+0000] {dag.py:3954} INFO - Setting next_dagrun for example_skip_dag to 2025-08-10 00:00:00+00:00, run_after=2025-08-11 00:00:00+00:00
[2025-08-11T11:40:37.098+0000] {processor.py:183} INFO - Processing /home/airflow/.local/lib/python3.12/site-packages/airflow/example_dags/example_skip_dag.py took 0.101 seconds
[2025-08-11T11:41:08.086+0000] {processor.py:161} INFO - Started process (PID=720) to work on /home/airflow/.local/lib/python3.12/site-packages/airflow/example_dags/example_skip_dag.py
[2025-08-11T11:41:08.090+0000] {processor.py:830} INFO - Processing file /home/airflow/.local/lib/python3.12/site-packages/airflow/example_dags/example_skip_dag.py for tasks to queue
[2025-08-11T11:41:08.094+0000] {logging_mixin.py:188} INFO - [2025-08-11T11:41:08.094+0000] {dagbag.py:545} INFO - Filling up the DagBag from /home/airflow/.local/lib/python3.12/site-packages/airflow/example_dags/example_skip_dag.py
[2025-08-11T11:41:08.103+0000] {processor.py:840} INFO - DAG(s) 'example_skip_dag' retrieved from /home/airflow/.local/lib/python3.12/site-packages/airflow/example_dags/example_skip_dag.py
[2025-08-11T11:41:08.127+0000] {logging_mixin.py:188} INFO - [2025-08-11T11:41:08.127+0000] {dag.py:3096} INFO - Sync 1 DAGs
[2025-08-11T11:41:08.142+0000] {logging_mixin.py:188} INFO - [2025-08-11T11:41:08.142+0000] {dag.py:3954} INFO - Setting next_dagrun for example_skip_dag to 2025-08-10 00:00:00+00:00, run_after=2025-08-11 00:00:00+00:00
[2025-08-11T11:41:08.157+0000] {processor.py:183} INFO - Processing /home/airflow/.local/lib/python3.12/site-packages/airflow/example_dags/example_skip_dag.py took 0.077 seconds
[2025-08-11T11:41:38.563+0000] {processor.py:161} INFO - Started process (PID=778) to work on /home/airflow/.local/lib/python3.12/site-packages/airflow/example_dags/example_skip_dag.py
[2025-08-11T11:41:38.565+0000] {processor.py:830} INFO - Processing file /home/airflow/.local/lib/python3.12/site-packages/airflow/example_dags/example_skip_dag.py for tasks to queue
[2025-08-11T11:41:38.570+0000] {logging_mixin.py:188} INFO - [2025-08-11T11:41:38.570+0000] {dagbag.py:545} INFO - Filling up the DagBag from /home/airflow/.local/lib/python3.12/site-packages/airflow/example_dags/example_skip_dag.py
[2025-08-11T11:41:38.587+0000] {processor.py:840} INFO - DAG(s) 'example_skip_dag' retrieved from /home/airflow/.local/lib/python3.12/site-packages/airflow/example_dags/example_skip_dag.py
[2025-08-11T11:41:38.621+0000] {logging_mixin.py:188} INFO - [2025-08-11T11:41:38.620+0000] {dag.py:3096} INFO - Sync 1 DAGs
[2025-08-11T11:41:38.663+0000] {logging_mixin.py:188} INFO - [2025-08-11T11:41:38.663+0000] {dag.py:3954} INFO - Setting next_dagrun for example_skip_dag to 2025-08-10 00:00:00+00:00, run_after=2025-08-11 00:00:00+00:00
[2025-08-11T11:41:38.680+0000] {processor.py:183} INFO - Processing /home/airflow/.local/lib/python3.12/site-packages/airflow/example_dags/example_skip_dag.py took 0.128 seconds
[2025-08-11T11:42:09.646+0000] {processor.py:161} INFO - Started process (PID=836) to work on /home/airflow/.local/lib/python3.12/site-packages/airflow/example_dags/example_skip_dag.py
[2025-08-11T11:42:09.647+0000] {processor.py:830} INFO - Processing file /home/airflow/.local/lib/python3.12/site-packages/airflow/example_dags/example_skip_dag.py for tasks to queue
[2025-08-11T11:42:09.651+0000] {logging_mixin.py:188} INFO - [2025-08-11T11:42:09.651+0000] {dagbag.py:545} INFO - Filling up the DagBag from /home/airflow/.local/lib/python3.12/site-packages/airflow/example_dags/example_skip_dag.py
[2025-08-11T11:42:09.658+0000] {processor.py:840} INFO - DAG(s) 'example_skip_dag' retrieved from /home/airflow/.local/lib/python3.12/site-packages/airflow/example_dags/example_skip_dag.py
[2025-08-11T11:42:09.674+0000] {logging_mixin.py:188} INFO - [2025-08-11T11:42:09.674+0000] {dag.py:3096} INFO - Sync 1 DAGs
[2025-08-11T11:42:09.688+0000] {logging_mixin.py:188} INFO - [2025-08-11T11:42:09.688+0000] {dag.py:3954} INFO - Setting next_dagrun for example_skip_dag to 2025-08-10 00:00:00+00:00, run_after=2025-08-11 00:00:00+00:00
[2025-08-11T11:42:09.703+0000] {processor.py:183} INFO - Processing /home/airflow/.local/lib/python3.12/site-packages/airflow/example_dags/example_skip_dag.py took 0.063 seconds
[2025-08-11T11:42:40.038+0000] {processor.py:161} INFO - Started process (PID=894) to work on /home/airflow/.local/lib/python3.12/site-packages/airflow/example_dags/example_skip_dag.py
[2025-08-11T11:42:40.039+0000] {processor.py:830} INFO - Processing file /home/airflow/.local/lib/python3.12/site-packages/airflow/example_dags/example_skip_dag.py for tasks to queue
[2025-08-11T11:42:40.041+0000] {logging_mixin.py:188} INFO - [2025-08-11T11:42:40.040+0000] {dagbag.py:545} INFO - Filling up the DagBag from /home/airflow/.local/lib/python3.12/site-packages/airflow/example_dags/example_skip_dag.py
[2025-08-11T11:42:40.051+0000] {processor.py:840} INFO - DAG(s) 'example_skip_dag' retrieved from /home/airflow/.local/lib/python3.12/site-packages/airflow/example_dags/example_skip_dag.py
[2025-08-11T11:42:40.075+0000] {logging_mixin.py:188} INFO - [2025-08-11T11:42:40.075+0000] {dag.py:3096} INFO - Sync 1 DAGs
[2025-08-11T11:42:40.094+0000] {logging_mixin.py:188} INFO - [2025-08-11T11:42:40.094+0000] {dag.py:3954} INFO - Setting next_dagrun for example_skip_dag to 2025-08-10 00:00:00+00:00, run_after=2025-08-11 00:00:00+00:00
[2025-08-11T11:42:40.115+0000] {processor.py:183} INFO - Processing /home/airflow/.local/lib/python3.12/site-packages/airflow/example_dags/example_skip_dag.py took 0.083 seconds
[2025-08-11T11:43:10.766+0000] {processor.py:161} INFO - Started process (PID=952) to work on /home/airflow/.local/lib/python3.12/site-packages/airflow/example_dags/example_skip_dag.py
[2025-08-11T11:43:10.770+0000] {processor.py:830} INFO - Processing file /home/airflow/.local/lib/python3.12/site-packages/airflow/example_dags/example_skip_dag.py for tasks to queue
[2025-08-11T11:43:10.776+0000] {logging_mixin.py:188} INFO - [2025-08-11T11:43:10.776+0000] {dagbag.py:545} INFO - Filling up the DagBag from /home/airflow/.local/lib/python3.12/site-packages/airflow/example_dags/example_skip_dag.py
[2025-08-11T11:43:10.790+0000] {processor.py:840} INFO - DAG(s) 'example_skip_dag' retrieved from /home/airflow/.local/lib/python3.12/site-packages/airflow/example_dags/example_skip_dag.py
[2025-08-11T11:43:10.820+0000] {logging_mixin.py:188} INFO - [2025-08-11T11:43:10.819+0000] {dag.py:3096} INFO - Sync 1 DAGs
[2025-08-11T11:43:10.852+0000] {logging_mixin.py:188} INFO - [2025-08-11T11:43:10.852+0000] {dag.py:3954} INFO - Setting next_dagrun for example_skip_dag to 2025-08-10 00:00:00+00:00, run_after=2025-08-11 00:00:00+00:00
[2025-08-11T11:43:10.870+0000] {processor.py:183} INFO - Processing /home/airflow/.local/lib/python3.12/site-packages/airflow/example_dags/example_skip_dag.py took 0.113 seconds
[2025-08-11T11:43:40.946+0000] {processor.py:161} INFO - Started process (PID=1010) to work on /home/airflow/.local/lib/python3.12/site-packages/airflow/example_dags/example_skip_dag.py
[2025-08-11T11:43:40.949+0000] {processor.py:830} INFO - Processing file /home/airflow/.local/lib/python3.12/site-packages/airflow/example_dags/example_skip_dag.py for tasks to queue
[2025-08-11T11:43:40.951+0000] {logging_mixin.py:188} INFO - [2025-08-11T11:43:40.951+0000] {dagbag.py:545} INFO - Filling up the DagBag from /home/airflow/.local/lib/python3.12/site-packages/airflow/example_dags/example_skip_dag.py
[2025-08-11T11:43:40.966+0000] {processor.py:840} INFO - DAG(s) 'example_skip_dag' retrieved from /home/airflow/.local/lib/python3.12/site-packages/airflow/example_dags/example_skip_dag.py
[2025-08-11T11:43:40.996+0000] {logging_mixin.py:188} INFO - [2025-08-11T11:43:40.996+0000] {dag.py:3096} INFO - Sync 1 DAGs
[2025-08-11T11:43:41.018+0000] {logging_mixin.py:188} INFO - [2025-08-11T11:43:41.018+0000] {dag.py:3954} INFO - Setting next_dagrun for example_skip_dag to 2025-08-10 00:00:00+00:00, run_after=2025-08-11 00:00:00+00:00
[2025-08-11T11:43:41.038+0000] {processor.py:183} INFO - Processing /home/airflow/.local/lib/python3.12/site-packages/airflow/example_dags/example_skip_dag.py took 0.100 seconds
[2025-08-11T11:44:12.064+0000] {processor.py:161} INFO - Started process (PID=1068) to work on /home/airflow/.local/lib/python3.12/site-packages/airflow/example_dags/example_skip_dag.py
[2025-08-11T11:44:12.070+0000] {processor.py:830} INFO - Processing file /home/airflow/.local/lib/python3.12/site-packages/airflow/example_dags/example_skip_dag.py for tasks to queue
[2025-08-11T11:44:12.072+0000] {logging_mixin.py:188} INFO - [2025-08-11T11:44:12.072+0000] {dagbag.py:545} INFO - Filling up the DagBag from /home/airflow/.local/lib/python3.12/site-packages/airflow/example_dags/example_skip_dag.py
[2025-08-11T11:44:12.080+0000] {processor.py:840} INFO - DAG(s) 'example_skip_dag' retrieved from /home/airflow/.local/lib/python3.12/site-packages/airflow/example_dags/example_skip_dag.py
[2025-08-11T11:44:12.098+0000] {logging_mixin.py:188} INFO - [2025-08-11T11:44:12.098+0000] {dag.py:3096} INFO - Sync 1 DAGs
[2025-08-11T11:44:12.114+0000] {logging_mixin.py:188} INFO - [2025-08-11T11:44:12.114+0000] {dag.py:3954} INFO - Setting next_dagrun for example_skip_dag to 2025-08-10 00:00:00+00:00, run_after=2025-08-11 00:00:00+00:00
[2025-08-11T11:44:12.126+0000] {processor.py:183} INFO - Processing /home/airflow/.local/lib/python3.12/site-packages/airflow/example_dags/example_skip_dag.py took 0.068 seconds
[2025-08-11T11:44:42.455+0000] {processor.py:161} INFO - Started process (PID=1126) to work on /home/airflow/.local/lib/python3.12/site-packages/airflow/example_dags/example_skip_dag.py
[2025-08-11T11:44:42.463+0000] {processor.py:830} INFO - Processing file /home/airflow/.local/lib/python3.12/site-packages/airflow/example_dags/example_skip_dag.py for tasks to queue
[2025-08-11T11:44:42.472+0000] {logging_mixin.py:188} INFO - [2025-08-11T11:44:42.471+0000] {dagbag.py:545} INFO - Filling up the DagBag from /home/airflow/.local/lib/python3.12/site-packages/airflow/example_dags/example_skip_dag.py
[2025-08-11T11:44:42.484+0000] {processor.py:840} INFO - DAG(s) 'example_skip_dag' retrieved from /home/airflow/.local/lib/python3.12/site-packages/airflow/example_dags/example_skip_dag.py
[2025-08-11T11:44:42.513+0000] {logging_mixin.py:188} INFO - [2025-08-11T11:44:42.513+0000] {dag.py:3096} INFO - Sync 1 DAGs
[2025-08-11T11:44:42.535+0000] {logging_mixin.py:188} INFO - [2025-08-11T11:44:42.535+0000] {dag.py:3954} INFO - Setting next_dagrun for example_skip_dag to 2025-08-10 00:00:00+00:00, run_after=2025-08-11 00:00:00+00:00
[2025-08-11T11:44:42.552+0000] {processor.py:183} INFO - Processing /home/airflow/.local/lib/python3.12/site-packages/airflow/example_dags/example_skip_dag.py took 0.110 seconds
[2025-08-11T11:45:13.025+0000] {processor.py:161} INFO - Started process (PID=1184) to work on /home/airflow/.local/lib/python3.12/site-packages/airflow/example_dags/example_skip_dag.py
[2025-08-11T11:45:13.026+0000] {processor.py:830} INFO - Processing file /home/airflow/.local/lib/python3.12/site-packages/airflow/example_dags/example_skip_dag.py for tasks to queue
[2025-08-11T11:45:13.028+0000] {logging_mixin.py:188} INFO - [2025-08-11T11:45:13.028+0000] {dagbag.py:545} INFO - Filling up the DagBag from /home/airflow/.local/lib/python3.12/site-packages/airflow/example_dags/example_skip_dag.py
[2025-08-11T11:45:13.034+0000] {processor.py:840} INFO - DAG(s) 'example_skip_dag' retrieved from /home/airflow/.local/lib/python3.12/site-packages/airflow/example_dags/example_skip_dag.py
[2025-08-11T11:45:13.051+0000] {logging_mixin.py:188} INFO - [2025-08-11T11:45:13.051+0000] {dag.py:3096} INFO - Sync 1 DAGs
[2025-08-11T11:45:13.066+0000] {logging_mixin.py:188} INFO - [2025-08-11T11:45:13.066+0000] {dag.py:3954} INFO - Setting next_dagrun for example_skip_dag to 2025-08-10 00:00:00+00:00, run_after=2025-08-11 00:00:00+00:00
[2025-08-11T11:45:13.086+0000] {processor.py:183} INFO - Processing /home/airflow/.local/lib/python3.12/site-packages/airflow/example_dags/example_skip_dag.py took 0.066 seconds
[2025-08-11T11:45:43.364+0000] {processor.py:161} INFO - Started process (PID=1242) to work on /home/airflow/.local/lib/python3.12/site-packages/airflow/example_dags/example_skip_dag.py
[2025-08-11T11:45:43.366+0000] {processor.py:830} INFO - Processing file /home/airflow/.local/lib/python3.12/site-packages/airflow/example_dags/example_skip_dag.py for tasks to queue
[2025-08-11T11:45:43.368+0000] {logging_mixin.py:188} INFO - [2025-08-11T11:45:43.368+0000] {dagbag.py:545} INFO - Filling up the DagBag from /home/airflow/.local/lib/python3.12/site-packages/airflow/example_dags/example_skip_dag.py
[2025-08-11T11:45:43.379+0000] {processor.py:840} INFO - DAG(s) 'example_skip_dag' retrieved from /home/airflow/.local/lib/python3.12/site-packages/airflow/example_dags/example_skip_dag.py
[2025-08-11T11:45:43.404+0000] {logging_mixin.py:188} INFO - [2025-08-11T11:45:43.404+0000] {dag.py:3096} INFO - Sync 1 DAGs
[2025-08-11T11:45:43.425+0000] {logging_mixin.py:188} INFO - [2025-08-11T11:45:43.425+0000] {dag.py:3954} INFO - Setting next_dagrun for example_skip_dag to 2025-08-10 00:00:00+00:00, run_after=2025-08-11 00:00:00+00:00
[2025-08-11T11:45:43.442+0000] {processor.py:183} INFO - Processing /home/airflow/.local/lib/python3.12/site-packages/airflow/example_dags/example_skip_dag.py took 0.084 seconds
[2025-08-11T11:46:13.619+0000] {processor.py:161} INFO - Started process (PID=1301) to work on /home/airflow/.local/lib/python3.12/site-packages/airflow/example_dags/example_skip_dag.py
[2025-08-11T11:46:13.621+0000] {processor.py:830} INFO - Processing file /home/airflow/.local/lib/python3.12/site-packages/airflow/example_dags/example_skip_dag.py for tasks to queue
[2025-08-11T11:46:13.625+0000] {logging_mixin.py:188} INFO - [2025-08-11T11:46:13.624+0000] {dagbag.py:545} INFO - Filling up the DagBag from /home/airflow/.local/lib/python3.12/site-packages/airflow/example_dags/example_skip_dag.py
[2025-08-11T11:46:13.644+0000] {processor.py:840} INFO - DAG(s) 'example_skip_dag' retrieved from /home/airflow/.local/lib/python3.12/site-packages/airflow/example_dags/example_skip_dag.py
[2025-08-11T11:46:13.676+0000] {logging_mixin.py:188} INFO - [2025-08-11T11:46:13.676+0000] {dag.py:3096} INFO - Sync 1 DAGs
[2025-08-11T11:46:13.698+0000] {logging_mixin.py:188} INFO - [2025-08-11T11:46:13.698+0000] {dag.py:3954} INFO - Setting next_dagrun for example_skip_dag to 2025-08-10 00:00:00+00:00, run_after=2025-08-11 00:00:00+00:00
[2025-08-11T11:46:13.717+0000] {processor.py:183} INFO - Processing /home/airflow/.local/lib/python3.12/site-packages/airflow/example_dags/example_skip_dag.py took 0.106 seconds
