[2025-08-11T11:35:31.874+0000] {processor.py:161} INFO - Started process (PID=80) to work on /home/airflow/.local/lib/python3.12/site-packages/airflow/example_dags/example_bash_decorator.py
[2025-08-11T11:35:31.875+0000] {processor.py:830} INFO - Processing file /home/airflow/.local/lib/python3.12/site-packages/airflow/example_dags/example_bash_decorator.py for tasks to queue
[2025-08-11T11:35:31.876+0000] {logging_mixin.py:188} INFO - [2025-08-11T11:35:31.876+0000] {dagbag.py:545} INFO - Filling up the DagBag from /home/airflow/.local/lib/python3.12/site-packages/airflow/example_dags/example_bash_decorator.py
[2025-08-11T11:35:31.891+0000] {processor.py:840} INFO - DAG(s) 'example_bash_decorator' retrieved from /home/airflow/.local/lib/python3.12/site-packages/airflow/example_dags/example_bash_decorator.py
[2025-08-11T11:35:31.999+0000] {logging_mixin.py:188} INFO - [2025-08-11T11:35:31.998+0000] {override.py:1829} INFO - Created Permission View: can read on DAG:example_bash_decorator
[2025-08-11T11:35:32.009+0000] {logging_mixin.py:188} INFO - [2025-08-11T11:35:32.009+0000] {override.py:1829} INFO - Created Permission View: can delete on DAG:example_bash_decorator
[2025-08-11T11:35:32.019+0000] {logging_mixin.py:188} INFO - [2025-08-11T11:35:32.018+0000] {override.py:1829} INFO - Created Permission View: can edit on DAG:example_bash_decorator
[2025-08-11T11:35:32.019+0000] {logging_mixin.py:188} INFO - [2025-08-11T11:35:32.019+0000] {dag.py:3096} INFO - Sync 1 DAGs
[2025-08-11T11:35:32.030+0000] {logging_mixin.py:188} INFO - [2025-08-11T11:35:32.030+0000] {dag.py:3118} INFO - Creating ORM DAG for example_bash_decorator
[2025-08-11T11:35:32.031+0000] {logging_mixin.py:188} INFO - [2025-08-11T11:35:32.031+0000] {dag.py:3954} INFO - Setting next_dagrun for example_bash_decorator to None, run_after=None
[2025-08-11T11:35:32.045+0000] {processor.py:183} INFO - Processing /home/airflow/.local/lib/python3.12/site-packages/airflow/example_dags/example_bash_decorator.py took 0.177 seconds
[2025-08-11T11:36:02.103+0000] {processor.py:161} INFO - Started process (PID=138) to work on /home/airflow/.local/lib/python3.12/site-packages/airflow/example_dags/example_bash_decorator.py
[2025-08-11T11:36:02.106+0000] {processor.py:830} INFO - Processing file /home/airflow/.local/lib/python3.12/site-packages/airflow/example_dags/example_bash_decorator.py for tasks to queue
[2025-08-11T11:36:02.107+0000] {logging_mixin.py:188} INFO - [2025-08-11T11:36:02.107+0000] {dagbag.py:545} INFO - Filling up the DagBag from /home/airflow/.local/lib/python3.12/site-packages/airflow/example_dags/example_bash_decorator.py
[2025-08-11T11:36:02.116+0000] {processor.py:840} INFO - DAG(s) 'example_bash_decorator' retrieved from /home/airflow/.local/lib/python3.12/site-packages/airflow/example_dags/example_bash_decorator.py
[2025-08-11T11:36:02.131+0000] {logging_mixin.py:188} INFO - [2025-08-11T11:36:02.131+0000] {dag.py:3096} INFO - Sync 1 DAGs
[2025-08-11T11:36:02.142+0000] {logging_mixin.py:188} INFO - [2025-08-11T11:36:02.141+0000] {dag.py:3954} INFO - Setting next_dagrun for example_bash_decorator to None, run_after=None
[2025-08-11T11:36:02.152+0000] {processor.py:183} INFO - Processing /home/airflow/.local/lib/python3.12/site-packages/airflow/example_dags/example_bash_decorator.py took 0.053 seconds
[2025-08-11T11:36:32.248+0000] {processor.py:161} INFO - Started process (PID=196) to work on /home/airflow/.local/lib/python3.12/site-packages/airflow/example_dags/example_bash_decorator.py
[2025-08-11T11:36:32.252+0000] {processor.py:830} INFO - Processing file /home/airflow/.local/lib/python3.12/site-packages/airflow/example_dags/example_bash_decorator.py for tasks to queue
[2025-08-11T11:36:32.253+0000] {logging_mixin.py:188} INFO - [2025-08-11T11:36:32.253+0000] {dagbag.py:545} INFO - Filling up the DagBag from /home/airflow/.local/lib/python3.12/site-packages/airflow/example_dags/example_bash_decorator.py
[2025-08-11T11:36:32.266+0000] {processor.py:840} INFO - DAG(s) 'example_bash_decorator' retrieved from /home/airflow/.local/lib/python3.12/site-packages/airflow/example_dags/example_bash_decorator.py
[2025-08-11T11:36:32.287+0000] {logging_mixin.py:188} INFO - [2025-08-11T11:36:32.287+0000] {dag.py:3096} INFO - Sync 1 DAGs
[2025-08-11T11:36:32.298+0000] {logging_mixin.py:188} INFO - [2025-08-11T11:36:32.298+0000] {dag.py:3954} INFO - Setting next_dagrun for example_bash_decorator to None, run_after=None
[2025-08-11T11:36:32.315+0000] {processor.py:183} INFO - Processing /home/airflow/.local/lib/python3.12/site-packages/airflow/example_dags/example_bash_decorator.py took 0.072 seconds
[2025-08-11T11:37:02.541+0000] {processor.py:161} INFO - Started process (PID=254) to work on /home/airflow/.local/lib/python3.12/site-packages/airflow/example_dags/example_bash_decorator.py
[2025-08-11T11:37:02.545+0000] {processor.py:830} INFO - Processing file /home/airflow/.local/lib/python3.12/site-packages/airflow/example_dags/example_bash_decorator.py for tasks to queue
[2025-08-11T11:37:02.546+0000] {logging_mixin.py:188} INFO - [2025-08-11T11:37:02.545+0000] {dagbag.py:545} INFO - Filling up the DagBag from /home/airflow/.local/lib/python3.12/site-packages/airflow/example_dags/example_bash_decorator.py
[2025-08-11T11:37:02.554+0000] {processor.py:840} INFO - DAG(s) 'example_bash_decorator' retrieved from /home/airflow/.local/lib/python3.12/site-packages/airflow/example_dags/example_bash_decorator.py
[2025-08-11T11:37:02.569+0000] {logging_mixin.py:188} INFO - [2025-08-11T11:37:02.569+0000] {dag.py:3096} INFO - Sync 1 DAGs
[2025-08-11T11:37:02.579+0000] {logging_mixin.py:188} INFO - [2025-08-11T11:37:02.579+0000] {dag.py:3954} INFO - Setting next_dagrun for example_bash_decorator to None, run_after=None
[2025-08-11T11:37:02.590+0000] {processor.py:183} INFO - Processing /home/airflow/.local/lib/python3.12/site-packages/airflow/example_dags/example_bash_decorator.py took 0.053 seconds
[2025-08-11T11:37:33.060+0000] {processor.py:161} INFO - Started process (PID=312) to work on /home/airflow/.local/lib/python3.12/site-packages/airflow/example_dags/example_bash_decorator.py
[2025-08-11T11:37:33.060+0000] {processor.py:830} INFO - Processing file /home/airflow/.local/lib/python3.12/site-packages/airflow/example_dags/example_bash_decorator.py for tasks to queue
[2025-08-11T11:37:33.064+0000] {logging_mixin.py:188} INFO - [2025-08-11T11:37:33.064+0000] {dagbag.py:545} INFO - Filling up the DagBag from /home/airflow/.local/lib/python3.12/site-packages/airflow/example_dags/example_bash_decorator.py
[2025-08-11T11:37:33.074+0000] {processor.py:840} INFO - DAG(s) 'example_bash_decorator' retrieved from /home/airflow/.local/lib/python3.12/site-packages/airflow/example_dags/example_bash_decorator.py
[2025-08-11T11:37:33.092+0000] {logging_mixin.py:188} INFO - [2025-08-11T11:37:33.092+0000] {dag.py:3096} INFO - Sync 1 DAGs
[2025-08-11T11:37:33.104+0000] {logging_mixin.py:188} INFO - [2025-08-11T11:37:33.103+0000] {dag.py:3954} INFO - Setting next_dagrun for example_bash_decorator to None, run_after=None
[2025-08-11T11:37:33.116+0000] {processor.py:183} INFO - Processing /home/airflow/.local/lib/python3.12/site-packages/airflow/example_dags/example_bash_decorator.py took 0.062 seconds
[2025-08-11T11:38:03.429+0000] {processor.py:161} INFO - Started process (PID=369) to work on /home/airflow/.local/lib/python3.12/site-packages/airflow/example_dags/example_bash_decorator.py
[2025-08-11T11:38:03.430+0000] {processor.py:830} INFO - Processing file /home/airflow/.local/lib/python3.12/site-packages/airflow/example_dags/example_bash_decorator.py for tasks to queue
[2025-08-11T11:38:03.431+0000] {logging_mixin.py:188} INFO - [2025-08-11T11:38:03.431+0000] {dagbag.py:545} INFO - Filling up the DagBag from /home/airflow/.local/lib/python3.12/site-packages/airflow/example_dags/example_bash_decorator.py
[2025-08-11T11:38:03.440+0000] {processor.py:840} INFO - DAG(s) 'example_bash_decorator' retrieved from /home/airflow/.local/lib/python3.12/site-packages/airflow/example_dags/example_bash_decorator.py
[2025-08-11T11:38:03.455+0000] {logging_mixin.py:188} INFO - [2025-08-11T11:38:03.455+0000] {dag.py:3096} INFO - Sync 1 DAGs
[2025-08-11T11:38:03.463+0000] {logging_mixin.py:188} INFO - [2025-08-11T11:38:03.463+0000] {dag.py:3954} INFO - Setting next_dagrun for example_bash_decorator to None, run_after=None
[2025-08-11T11:38:03.475+0000] {processor.py:183} INFO - Processing /home/airflow/.local/lib/python3.12/site-packages/airflow/example_dags/example_bash_decorator.py took 0.050 seconds
[2025-08-11T11:38:33.852+0000] {processor.py:161} INFO - Started process (PID=427) to work on /home/airflow/.local/lib/python3.12/site-packages/airflow/example_dags/example_bash_decorator.py
[2025-08-11T11:38:33.853+0000] {processor.py:830} INFO - Processing file /home/airflow/.local/lib/python3.12/site-packages/airflow/example_dags/example_bash_decorator.py for tasks to queue
[2025-08-11T11:38:33.854+0000] {logging_mixin.py:188} INFO - [2025-08-11T11:38:33.854+0000] {dagbag.py:545} INFO - Filling up the DagBag from /home/airflow/.local/lib/python3.12/site-packages/airflow/example_dags/example_bash_decorator.py
[2025-08-11T11:38:33.864+0000] {processor.py:840} INFO - DAG(s) 'example_bash_decorator' retrieved from /home/airflow/.local/lib/python3.12/site-packages/airflow/example_dags/example_bash_decorator.py
[2025-08-11T11:38:33.878+0000] {logging_mixin.py:188} INFO - [2025-08-11T11:38:33.878+0000] {dag.py:3096} INFO - Sync 1 DAGs
[2025-08-11T11:38:33.887+0000] {logging_mixin.py:188} INFO - [2025-08-11T11:38:33.887+0000] {dag.py:3954} INFO - Setting next_dagrun for example_bash_decorator to None, run_after=None
[2025-08-11T11:38:33.901+0000] {processor.py:183} INFO - Processing /home/airflow/.local/lib/python3.12/site-packages/airflow/example_dags/example_bash_decorator.py took 0.054 seconds
[2025-08-11T11:39:04.295+0000] {processor.py:161} INFO - Started process (PID=485) to work on /home/airflow/.local/lib/python3.12/site-packages/airflow/example_dags/example_bash_decorator.py
[2025-08-11T11:39:04.296+0000] {processor.py:830} INFO - Processing file /home/airflow/.local/lib/python3.12/site-packages/airflow/example_dags/example_bash_decorator.py for tasks to queue
[2025-08-11T11:39:04.298+0000] {logging_mixin.py:188} INFO - [2025-08-11T11:39:04.298+0000] {dagbag.py:545} INFO - Filling up the DagBag from /home/airflow/.local/lib/python3.12/site-packages/airflow/example_dags/example_bash_decorator.py
[2025-08-11T11:39:04.307+0000] {processor.py:840} INFO - DAG(s) 'example_bash_decorator' retrieved from /home/airflow/.local/lib/python3.12/site-packages/airflow/example_dags/example_bash_decorator.py
[2025-08-11T11:39:04.322+0000] {logging_mixin.py:188} INFO - [2025-08-11T11:39:04.322+0000] {dag.py:3096} INFO - Sync 1 DAGs
[2025-08-11T11:39:04.332+0000] {logging_mixin.py:188} INFO - [2025-08-11T11:39:04.332+0000] {dag.py:3954} INFO - Setting next_dagrun for example_bash_decorator to None, run_after=None
[2025-08-11T11:39:04.343+0000] {processor.py:183} INFO - Processing /home/airflow/.local/lib/python3.12/site-packages/airflow/example_dags/example_bash_decorator.py took 0.052 seconds
[2025-08-11T11:39:34.626+0000] {processor.py:161} INFO - Started process (PID=543) to work on /home/airflow/.local/lib/python3.12/site-packages/airflow/example_dags/example_bash_decorator.py
[2025-08-11T11:39:34.627+0000] {processor.py:830} INFO - Processing file /home/airflow/.local/lib/python3.12/site-packages/airflow/example_dags/example_bash_decorator.py for tasks to queue
[2025-08-11T11:39:34.631+0000] {logging_mixin.py:188} INFO - [2025-08-11T11:39:34.631+0000] {dagbag.py:545} INFO - Filling up the DagBag from /home/airflow/.local/lib/python3.12/site-packages/airflow/example_dags/example_bash_decorator.py
[2025-08-11T11:39:34.639+0000] {processor.py:840} INFO - DAG(s) 'example_bash_decorator' retrieved from /home/airflow/.local/lib/python3.12/site-packages/airflow/example_dags/example_bash_decorator.py
[2025-08-11T11:39:34.654+0000] {logging_mixin.py:188} INFO - [2025-08-11T11:39:34.654+0000] {dag.py:3096} INFO - Sync 1 DAGs
[2025-08-11T11:39:34.662+0000] {logging_mixin.py:188} INFO - [2025-08-11T11:39:34.662+0000] {dag.py:3954} INFO - Setting next_dagrun for example_bash_decorator to None, run_after=None
[2025-08-11T11:39:34.672+0000] {processor.py:183} INFO - Processing /home/airflow/.local/lib/python3.12/site-packages/airflow/example_dags/example_bash_decorator.py took 0.050 seconds
[2025-08-11T11:40:04.911+0000] {processor.py:161} INFO - Started process (PID=601) to work on /home/airflow/.local/lib/python3.12/site-packages/airflow/example_dags/example_bash_decorator.py
[2025-08-11T11:40:04.912+0000] {processor.py:830} INFO - Processing file /home/airflow/.local/lib/python3.12/site-packages/airflow/example_dags/example_bash_decorator.py for tasks to queue
[2025-08-11T11:40:04.916+0000] {logging_mixin.py:188} INFO - [2025-08-11T11:40:04.916+0000] {dagbag.py:545} INFO - Filling up the DagBag from /home/airflow/.local/lib/python3.12/site-packages/airflow/example_dags/example_bash_decorator.py
[2025-08-11T11:40:04.924+0000] {processor.py:840} INFO - DAG(s) 'example_bash_decorator' retrieved from /home/airflow/.local/lib/python3.12/site-packages/airflow/example_dags/example_bash_decorator.py
[2025-08-11T11:40:04.940+0000] {logging_mixin.py:188} INFO - [2025-08-11T11:40:04.940+0000] {dag.py:3096} INFO - Sync 1 DAGs
[2025-08-11T11:40:04.950+0000] {logging_mixin.py:188} INFO - [2025-08-11T11:40:04.950+0000] {dag.py:3954} INFO - Setting next_dagrun for example_bash_decorator to None, run_after=None
[2025-08-11T11:40:04.960+0000] {processor.py:183} INFO - Processing /home/airflow/.local/lib/python3.12/site-packages/airflow/example_dags/example_bash_decorator.py took 0.053 seconds
[2025-08-11T11:40:35.809+0000] {processor.py:161} INFO - Started process (PID=659) to work on /home/airflow/.local/lib/python3.12/site-packages/airflow/example_dags/example_bash_decorator.py
[2025-08-11T11:40:35.810+0000] {processor.py:830} INFO - Processing file /home/airflow/.local/lib/python3.12/site-packages/airflow/example_dags/example_bash_decorator.py for tasks to queue
[2025-08-11T11:40:35.811+0000] {logging_mixin.py:188} INFO - [2025-08-11T11:40:35.811+0000] {dagbag.py:545} INFO - Filling up the DagBag from /home/airflow/.local/lib/python3.12/site-packages/airflow/example_dags/example_bash_decorator.py
[2025-08-11T11:40:35.820+0000] {processor.py:840} INFO - DAG(s) 'example_bash_decorator' retrieved from /home/airflow/.local/lib/python3.12/site-packages/airflow/example_dags/example_bash_decorator.py
[2025-08-11T11:40:35.850+0000] {logging_mixin.py:188} INFO - [2025-08-11T11:40:35.850+0000] {dag.py:3096} INFO - Sync 1 DAGs
[2025-08-11T11:40:35.870+0000] {logging_mixin.py:188} INFO - [2025-08-11T11:40:35.870+0000] {dag.py:3954} INFO - Setting next_dagrun for example_bash_decorator to None, run_after=None
[2025-08-11T11:40:35.889+0000] {processor.py:183} INFO - Processing /home/airflow/.local/lib/python3.12/site-packages/airflow/example_dags/example_bash_decorator.py took 0.084 seconds
[2025-08-11T11:41:05.978+0000] {processor.py:161} INFO - Started process (PID=717) to work on /home/airflow/.local/lib/python3.12/site-packages/airflow/example_dags/example_bash_decorator.py
[2025-08-11T11:41:05.979+0000] {processor.py:830} INFO - Processing file /home/airflow/.local/lib/python3.12/site-packages/airflow/example_dags/example_bash_decorator.py for tasks to queue
[2025-08-11T11:41:05.980+0000] {logging_mixin.py:188} INFO - [2025-08-11T11:41:05.980+0000] {dagbag.py:545} INFO - Filling up the DagBag from /home/airflow/.local/lib/python3.12/site-packages/airflow/example_dags/example_bash_decorator.py
[2025-08-11T11:41:05.988+0000] {processor.py:840} INFO - DAG(s) 'example_bash_decorator' retrieved from /home/airflow/.local/lib/python3.12/site-packages/airflow/example_dags/example_bash_decorator.py
[2025-08-11T11:41:06.007+0000] {logging_mixin.py:188} INFO - [2025-08-11T11:41:06.006+0000] {dag.py:3096} INFO - Sync 1 DAGs
[2025-08-11T11:41:06.016+0000] {logging_mixin.py:188} INFO - [2025-08-11T11:41:06.015+0000] {dag.py:3954} INFO - Setting next_dagrun for example_bash_decorator to None, run_after=None
[2025-08-11T11:41:06.029+0000] {processor.py:183} INFO - Processing /home/airflow/.local/lib/python3.12/site-packages/airflow/example_dags/example_bash_decorator.py took 0.055 seconds
[2025-08-11T11:41:36.395+0000] {processor.py:161} INFO - Started process (PID=775) to work on /home/airflow/.local/lib/python3.12/site-packages/airflow/example_dags/example_bash_decorator.py
[2025-08-11T11:41:36.398+0000] {processor.py:830} INFO - Processing file /home/airflow/.local/lib/python3.12/site-packages/airflow/example_dags/example_bash_decorator.py for tasks to queue
[2025-08-11T11:41:36.401+0000] {logging_mixin.py:188} INFO - [2025-08-11T11:41:36.400+0000] {dagbag.py:545} INFO - Filling up the DagBag from /home/airflow/.local/lib/python3.12/site-packages/airflow/example_dags/example_bash_decorator.py
[2025-08-11T11:41:36.418+0000] {processor.py:840} INFO - DAG(s) 'example_bash_decorator' retrieved from /home/airflow/.local/lib/python3.12/site-packages/airflow/example_dags/example_bash_decorator.py
[2025-08-11T11:41:36.446+0000] {logging_mixin.py:188} INFO - [2025-08-11T11:41:36.446+0000] {dag.py:3096} INFO - Sync 1 DAGs
[2025-08-11T11:41:36.456+0000] {logging_mixin.py:188} INFO - [2025-08-11T11:41:36.456+0000] {dag.py:3954} INFO - Setting next_dagrun for example_bash_decorator to None, run_after=None
[2025-08-11T11:41:36.470+0000] {processor.py:183} INFO - Processing /home/airflow/.local/lib/python3.12/site-packages/airflow/example_dags/example_bash_decorator.py took 0.085 seconds
[2025-08-11T11:42:06.522+0000] {processor.py:161} INFO - Started process (PID=833) to work on /home/airflow/.local/lib/python3.12/site-packages/airflow/example_dags/example_bash_decorator.py
[2025-08-11T11:42:06.526+0000] {processor.py:830} INFO - Processing file /home/airflow/.local/lib/python3.12/site-packages/airflow/example_dags/example_bash_decorator.py for tasks to queue
[2025-08-11T11:42:06.528+0000] {logging_mixin.py:188} INFO - [2025-08-11T11:42:06.528+0000] {dagbag.py:545} INFO - Filling up the DagBag from /home/airflow/.local/lib/python3.12/site-packages/airflow/example_dags/example_bash_decorator.py
[2025-08-11T11:42:06.539+0000] {processor.py:840} INFO - DAG(s) 'example_bash_decorator' retrieved from /home/airflow/.local/lib/python3.12/site-packages/airflow/example_dags/example_bash_decorator.py
[2025-08-11T11:42:06.555+0000] {logging_mixin.py:188} INFO - [2025-08-11T11:42:06.555+0000] {dag.py:3096} INFO - Sync 1 DAGs
[2025-08-11T11:42:06.564+0000] {logging_mixin.py:188} INFO - [2025-08-11T11:42:06.564+0000] {dag.py:3954} INFO - Setting next_dagrun for example_bash_decorator to None, run_after=None
[2025-08-11T11:42:06.580+0000] {processor.py:183} INFO - Processing /home/airflow/.local/lib/python3.12/site-packages/airflow/example_dags/example_bash_decorator.py took 0.063 seconds
[2025-08-11T11:42:36.912+0000] {processor.py:161} INFO - Started process (PID=891) to work on /home/airflow/.local/lib/python3.12/site-packages/airflow/example_dags/example_bash_decorator.py
[2025-08-11T11:42:36.914+0000] {processor.py:830} INFO - Processing file /home/airflow/.local/lib/python3.12/site-packages/airflow/example_dags/example_bash_decorator.py for tasks to queue
[2025-08-11T11:42:36.915+0000] {logging_mixin.py:188} INFO - [2025-08-11T11:42:36.915+0000] {dagbag.py:545} INFO - Filling up the DagBag from /home/airflow/.local/lib/python3.12/site-packages/airflow/example_dags/example_bash_decorator.py
[2025-08-11T11:42:36.926+0000] {processor.py:840} INFO - DAG(s) 'example_bash_decorator' retrieved from /home/airflow/.local/lib/python3.12/site-packages/airflow/example_dags/example_bash_decorator.py
[2025-08-11T11:42:36.946+0000] {logging_mixin.py:188} INFO - [2025-08-11T11:42:36.946+0000] {dag.py:3096} INFO - Sync 1 DAGs
[2025-08-11T11:42:36.955+0000] {logging_mixin.py:188} INFO - [2025-08-11T11:42:36.955+0000] {dag.py:3954} INFO - Setting next_dagrun for example_bash_decorator to None, run_after=None
[2025-08-11T11:42:36.970+0000] {processor.py:183} INFO - Processing /home/airflow/.local/lib/python3.12/site-packages/airflow/example_dags/example_bash_decorator.py took 0.062 seconds
[2025-08-11T11:43:07.631+0000] {processor.py:161} INFO - Started process (PID=949) to work on /home/airflow/.local/lib/python3.12/site-packages/airflow/example_dags/example_bash_decorator.py
[2025-08-11T11:43:07.633+0000] {processor.py:830} INFO - Processing file /home/airflow/.local/lib/python3.12/site-packages/airflow/example_dags/example_bash_decorator.py for tasks to queue
[2025-08-11T11:43:07.635+0000] {logging_mixin.py:188} INFO - [2025-08-11T11:43:07.635+0000] {dagbag.py:545} INFO - Filling up the DagBag from /home/airflow/.local/lib/python3.12/site-packages/airflow/example_dags/example_bash_decorator.py
[2025-08-11T11:43:07.649+0000] {processor.py:840} INFO - DAG(s) 'example_bash_decorator' retrieved from /home/airflow/.local/lib/python3.12/site-packages/airflow/example_dags/example_bash_decorator.py
[2025-08-11T11:43:07.671+0000] {logging_mixin.py:188} INFO - [2025-08-11T11:43:07.670+0000] {dag.py:3096} INFO - Sync 1 DAGs
[2025-08-11T11:43:07.681+0000] {logging_mixin.py:188} INFO - [2025-08-11T11:43:07.681+0000] {dag.py:3954} INFO - Setting next_dagrun for example_bash_decorator to None, run_after=None
[2025-08-11T11:43:07.698+0000] {processor.py:183} INFO - Processing /home/airflow/.local/lib/python3.12/site-packages/airflow/example_dags/example_bash_decorator.py took 0.082 seconds
[2025-08-11T11:43:37.755+0000] {processor.py:161} INFO - Started process (PID=1007) to work on /home/airflow/.local/lib/python3.12/site-packages/airflow/example_dags/example_bash_decorator.py
[2025-08-11T11:43:37.756+0000] {processor.py:830} INFO - Processing file /home/airflow/.local/lib/python3.12/site-packages/airflow/example_dags/example_bash_decorator.py for tasks to queue
[2025-08-11T11:43:37.757+0000] {logging_mixin.py:188} INFO - [2025-08-11T11:43:37.757+0000] {dagbag.py:545} INFO - Filling up the DagBag from /home/airflow/.local/lib/python3.12/site-packages/airflow/example_dags/example_bash_decorator.py
[2025-08-11T11:43:37.766+0000] {processor.py:840} INFO - DAG(s) 'example_bash_decorator' retrieved from /home/airflow/.local/lib/python3.12/site-packages/airflow/example_dags/example_bash_decorator.py
[2025-08-11T11:43:37.795+0000] {logging_mixin.py:188} INFO - [2025-08-11T11:43:37.795+0000] {dag.py:3096} INFO - Sync 1 DAGs
[2025-08-11T11:43:37.806+0000] {logging_mixin.py:188} INFO - [2025-08-11T11:43:37.806+0000] {dag.py:3954} INFO - Setting next_dagrun for example_bash_decorator to None, run_after=None
[2025-08-11T11:43:37.821+0000] {processor.py:183} INFO - Processing /home/airflow/.local/lib/python3.12/site-packages/airflow/example_dags/example_bash_decorator.py took 0.072 seconds
[2025-08-11T11:44:07.925+0000] {processor.py:161} INFO - Started process (PID=1065) to work on /home/airflow/.local/lib/python3.12/site-packages/airflow/example_dags/example_bash_decorator.py
[2025-08-11T11:44:07.927+0000] {processor.py:830} INFO - Processing file /home/airflow/.local/lib/python3.12/site-packages/airflow/example_dags/example_bash_decorator.py for tasks to queue
[2025-08-11T11:44:07.928+0000] {logging_mixin.py:188} INFO - [2025-08-11T11:44:07.928+0000] {dagbag.py:545} INFO - Filling up the DagBag from /home/airflow/.local/lib/python3.12/site-packages/airflow/example_dags/example_bash_decorator.py
[2025-08-11T11:44:07.936+0000] {processor.py:840} INFO - DAG(s) 'example_bash_decorator' retrieved from /home/airflow/.local/lib/python3.12/site-packages/airflow/example_dags/example_bash_decorator.py
[2025-08-11T11:44:07.958+0000] {logging_mixin.py:188} INFO - [2025-08-11T11:44:07.958+0000] {dag.py:3096} INFO - Sync 1 DAGs
[2025-08-11T11:44:07.968+0000] {logging_mixin.py:188} INFO - [2025-08-11T11:44:07.968+0000] {dag.py:3954} INFO - Setting next_dagrun for example_bash_decorator to None, run_after=None
[2025-08-11T11:44:07.982+0000] {processor.py:183} INFO - Processing /home/airflow/.local/lib/python3.12/site-packages/airflow/example_dags/example_bash_decorator.py took 0.061 seconds
[2025-08-11T11:44:38.321+0000] {processor.py:161} INFO - Started process (PID=1123) to work on /home/airflow/.local/lib/python3.12/site-packages/airflow/example_dags/example_bash_decorator.py
[2025-08-11T11:44:38.324+0000] {processor.py:830} INFO - Processing file /home/airflow/.local/lib/python3.12/site-packages/airflow/example_dags/example_bash_decorator.py for tasks to queue
[2025-08-11T11:44:38.325+0000] {logging_mixin.py:188} INFO - [2025-08-11T11:44:38.325+0000] {dagbag.py:545} INFO - Filling up the DagBag from /home/airflow/.local/lib/python3.12/site-packages/airflow/example_dags/example_bash_decorator.py
[2025-08-11T11:44:38.336+0000] {processor.py:840} INFO - DAG(s) 'example_bash_decorator' retrieved from /home/airflow/.local/lib/python3.12/site-packages/airflow/example_dags/example_bash_decorator.py
[2025-08-11T11:44:38.355+0000] {logging_mixin.py:188} INFO - [2025-08-11T11:44:38.355+0000] {dag.py:3096} INFO - Sync 1 DAGs
[2025-08-11T11:44:38.364+0000] {logging_mixin.py:188} INFO - [2025-08-11T11:44:38.364+0000] {dag.py:3954} INFO - Setting next_dagrun for example_bash_decorator to None, run_after=None
[2025-08-11T11:44:38.378+0000] {processor.py:183} INFO - Processing /home/airflow/.local/lib/python3.12/site-packages/airflow/example_dags/example_bash_decorator.py took 0.061 seconds
[2025-08-11T11:45:08.911+0000] {processor.py:161} INFO - Started process (PID=1181) to work on /home/airflow/.local/lib/python3.12/site-packages/airflow/example_dags/example_bash_decorator.py
[2025-08-11T11:45:08.913+0000] {processor.py:830} INFO - Processing file /home/airflow/.local/lib/python3.12/site-packages/airflow/example_dags/example_bash_decorator.py for tasks to queue
[2025-08-11T11:45:08.915+0000] {logging_mixin.py:188} INFO - [2025-08-11T11:45:08.915+0000] {dagbag.py:545} INFO - Filling up the DagBag from /home/airflow/.local/lib/python3.12/site-packages/airflow/example_dags/example_bash_decorator.py
[2025-08-11T11:45:08.925+0000] {processor.py:840} INFO - DAG(s) 'example_bash_decorator' retrieved from /home/airflow/.local/lib/python3.12/site-packages/airflow/example_dags/example_bash_decorator.py
[2025-08-11T11:45:08.942+0000] {logging_mixin.py:188} INFO - [2025-08-11T11:45:08.942+0000] {dag.py:3096} INFO - Sync 1 DAGs
[2025-08-11T11:45:08.949+0000] {logging_mixin.py:188} INFO - [2025-08-11T11:45:08.949+0000] {dag.py:3954} INFO - Setting next_dagrun for example_bash_decorator to None, run_after=None
[2025-08-11T11:45:08.961+0000] {processor.py:183} INFO - Processing /home/airflow/.local/lib/python3.12/site-packages/airflow/example_dags/example_bash_decorator.py took 0.054 seconds
[2025-08-11T11:45:39.225+0000] {processor.py:161} INFO - Started process (PID=1239) to work on /home/airflow/.local/lib/python3.12/site-packages/airflow/example_dags/example_bash_decorator.py
[2025-08-11T11:45:39.228+0000] {processor.py:830} INFO - Processing file /home/airflow/.local/lib/python3.12/site-packages/airflow/example_dags/example_bash_decorator.py for tasks to queue
[2025-08-11T11:45:39.229+0000] {logging_mixin.py:188} INFO - [2025-08-11T11:45:39.229+0000] {dagbag.py:545} INFO - Filling up the DagBag from /home/airflow/.local/lib/python3.12/site-packages/airflow/example_dags/example_bash_decorator.py
[2025-08-11T11:45:39.240+0000] {processor.py:840} INFO - DAG(s) 'example_bash_decorator' retrieved from /home/airflow/.local/lib/python3.12/site-packages/airflow/example_dags/example_bash_decorator.py
[2025-08-11T11:45:39.255+0000] {logging_mixin.py:188} INFO - [2025-08-11T11:45:39.255+0000] {dag.py:3096} INFO - Sync 1 DAGs
[2025-08-11T11:45:39.264+0000] {logging_mixin.py:188} INFO - [2025-08-11T11:45:39.264+0000] {dag.py:3954} INFO - Setting next_dagrun for example_bash_decorator to None, run_after=None
[2025-08-11T11:45:39.279+0000] {processor.py:183} INFO - Processing /home/airflow/.local/lib/python3.12/site-packages/airflow/example_dags/example_bash_decorator.py took 0.057 seconds
[2025-08-11T11:46:09.490+0000] {processor.py:161} INFO - Started process (PID=1298) to work on /home/airflow/.local/lib/python3.12/site-packages/airflow/example_dags/example_bash_decorator.py
[2025-08-11T11:46:09.493+0000] {processor.py:830} INFO - Processing file /home/airflow/.local/lib/python3.12/site-packages/airflow/example_dags/example_bash_decorator.py for tasks to queue
[2025-08-11T11:46:09.494+0000] {logging_mixin.py:188} INFO - [2025-08-11T11:46:09.494+0000] {dagbag.py:545} INFO - Filling up the DagBag from /home/airflow/.local/lib/python3.12/site-packages/airflow/example_dags/example_bash_decorator.py
[2025-08-11T11:46:09.504+0000] {processor.py:840} INFO - DAG(s) 'example_bash_decorator' retrieved from /home/airflow/.local/lib/python3.12/site-packages/airflow/example_dags/example_bash_decorator.py
[2025-08-11T11:46:09.521+0000] {logging_mixin.py:188} INFO - [2025-08-11T11:46:09.521+0000] {dag.py:3096} INFO - Sync 1 DAGs
[2025-08-11T11:46:09.531+0000] {logging_mixin.py:188} INFO - [2025-08-11T11:46:09.530+0000] {dag.py:3954} INFO - Setting next_dagrun for example_bash_decorator to None, run_after=None
[2025-08-11T11:46:09.544+0000] {processor.py:183} INFO - Processing /home/airflow/.local/lib/python3.12/site-packages/airflow/example_dags/example_bash_decorator.py took 0.058 seconds
