[2025-08-11T11:35:34.562+0000] {processor.py:161} INFO - Started process (PID=102) to work on /home/airflow/.local/lib/python3.12/site-packages/airflow/example_dags/tutorial_objectstorage.py
[2025-08-11T11:35:34.562+0000] {processor.py:830} INFO - Processing file /home/airflow/.local/lib/python3.12/site-packages/airflow/example_dags/tutorial_objectstorage.py for tasks to queue
[2025-08-11T11:35:34.564+0000] {logging_mixin.py:188} INFO - [2025-08-11T11:35:34.563+0000] {dagbag.py:545} INFO - Filling up the DagBag from /home/airflow/.local/lib/python3.12/site-packages/airflow/example_dags/tutorial_objectstorage.py
[2025-08-11T11:35:34.570+0000] {processor.py:840} INFO - DAG(s) 'tutorial_objectstorage' retrieved from /home/airflow/.local/lib/python3.12/site-packages/airflow/example_dags/tutorial_objectstorage.py
[2025-08-11T11:35:34.640+0000] {logging_mixin.py:188} INFO - [2025-08-11T11:35:34.640+0000] {override.py:1829} INFO - Created Permission View: can read on DAG:tutorial_objectstorage
[2025-08-11T11:35:34.646+0000] {logging_mixin.py:188} INFO - [2025-08-11T11:35:34.646+0000] {override.py:1829} INFO - Created Permission View: can delete on DAG:tutorial_objectstorage
[2025-08-11T11:35:34.649+0000] {logging_mixin.py:188} INFO - [2025-08-11T11:35:34.649+0000] {override.py:1829} INFO - Created Permission View: can edit on DAG:tutorial_objectstorage
[2025-08-11T11:35:34.649+0000] {logging_mixin.py:188} INFO - [2025-08-11T11:35:34.649+0000] {dag.py:3096} INFO - Sync 1 DAGs
[2025-08-11T11:35:34.656+0000] {logging_mixin.py:188} INFO - [2025-08-11T11:35:34.656+0000] {dag.py:3118} INFO - Creating ORM DAG for tutorial_objectstorage
[2025-08-11T11:35:34.657+0000] {logging_mixin.py:188} INFO - [2025-08-11T11:35:34.656+0000] {dag.py:3954} INFO - Setting next_dagrun for tutorial_objectstorage to None, run_after=None
[2025-08-11T11:35:34.665+0000] {processor.py:183} INFO - Processing /home/airflow/.local/lib/python3.12/site-packages/airflow/example_dags/tutorial_objectstorage.py took 0.108 seconds
[2025-08-11T11:36:05.018+0000] {processor.py:161} INFO - Started process (PID=160) to work on /home/airflow/.local/lib/python3.12/site-packages/airflow/example_dags/tutorial_objectstorage.py
[2025-08-11T11:36:05.019+0000] {processor.py:830} INFO - Processing file /home/airflow/.local/lib/python3.12/site-packages/airflow/example_dags/tutorial_objectstorage.py for tasks to queue
[2025-08-11T11:36:05.020+0000] {logging_mixin.py:188} INFO - [2025-08-11T11:36:05.020+0000] {dagbag.py:545} INFO - Filling up the DagBag from /home/airflow/.local/lib/python3.12/site-packages/airflow/example_dags/tutorial_objectstorage.py
[2025-08-11T11:36:05.027+0000] {processor.py:840} INFO - DAG(s) 'tutorial_objectstorage' retrieved from /home/airflow/.local/lib/python3.12/site-packages/airflow/example_dags/tutorial_objectstorage.py
[2025-08-11T11:36:05.040+0000] {logging_mixin.py:188} INFO - [2025-08-11T11:36:05.040+0000] {dag.py:3096} INFO - Sync 1 DAGs
[2025-08-11T11:36:05.049+0000] {logging_mixin.py:188} INFO - [2025-08-11T11:36:05.049+0000] {dag.py:3954} INFO - Setting next_dagrun for tutorial_objectstorage to None, run_after=None
[2025-08-11T11:36:05.062+0000] {processor.py:183} INFO - Processing /home/airflow/.local/lib/python3.12/site-packages/airflow/example_dags/tutorial_objectstorage.py took 0.049 seconds
[2025-08-11T11:36:35.230+0000] {processor.py:161} INFO - Started process (PID=218) to work on /home/airflow/.local/lib/python3.12/site-packages/airflow/example_dags/tutorial_objectstorage.py
[2025-08-11T11:36:35.231+0000] {processor.py:830} INFO - Processing file /home/airflow/.local/lib/python3.12/site-packages/airflow/example_dags/tutorial_objectstorage.py for tasks to queue
[2025-08-11T11:36:35.232+0000] {logging_mixin.py:188} INFO - [2025-08-11T11:36:35.232+0000] {dagbag.py:545} INFO - Filling up the DagBag from /home/airflow/.local/lib/python3.12/site-packages/airflow/example_dags/tutorial_objectstorage.py
[2025-08-11T11:36:35.239+0000] {processor.py:840} INFO - DAG(s) 'tutorial_objectstorage' retrieved from /home/airflow/.local/lib/python3.12/site-packages/airflow/example_dags/tutorial_objectstorage.py
[2025-08-11T11:36:35.259+0000] {logging_mixin.py:188} INFO - [2025-08-11T11:36:35.258+0000] {dag.py:3096} INFO - Sync 1 DAGs
[2025-08-11T11:36:35.268+0000] {logging_mixin.py:188} INFO - [2025-08-11T11:36:35.268+0000] {dag.py:3954} INFO - Setting next_dagrun for tutorial_objectstorage to None, run_after=None
[2025-08-11T11:36:35.284+0000] {processor.py:183} INFO - Processing /home/airflow/.local/lib/python3.12/site-packages/airflow/example_dags/tutorial_objectstorage.py took 0.058 seconds
[2025-08-11T11:37:05.643+0000] {processor.py:161} INFO - Started process (PID=276) to work on /home/airflow/.local/lib/python3.12/site-packages/airflow/example_dags/tutorial_objectstorage.py
[2025-08-11T11:37:05.645+0000] {processor.py:830} INFO - Processing file /home/airflow/.local/lib/python3.12/site-packages/airflow/example_dags/tutorial_objectstorage.py for tasks to queue
[2025-08-11T11:37:05.646+0000] {logging_mixin.py:188} INFO - [2025-08-11T11:37:05.646+0000] {dagbag.py:545} INFO - Filling up the DagBag from /home/airflow/.local/lib/python3.12/site-packages/airflow/example_dags/tutorial_objectstorage.py
[2025-08-11T11:37:05.653+0000] {processor.py:840} INFO - DAG(s) 'tutorial_objectstorage' retrieved from /home/airflow/.local/lib/python3.12/site-packages/airflow/example_dags/tutorial_objectstorage.py
[2025-08-11T11:37:05.675+0000] {logging_mixin.py:188} INFO - [2025-08-11T11:37:05.675+0000] {dag.py:3096} INFO - Sync 1 DAGs
[2025-08-11T11:37:05.684+0000] {logging_mixin.py:188} INFO - [2025-08-11T11:37:05.684+0000] {dag.py:3954} INFO - Setting next_dagrun for tutorial_objectstorage to None, run_after=None
[2025-08-11T11:37:05.728+0000] {processor.py:183} INFO - Processing /home/airflow/.local/lib/python3.12/site-packages/airflow/example_dags/tutorial_objectstorage.py took 0.092 seconds
[2025-08-11T11:37:36.032+0000] {processor.py:161} INFO - Started process (PID=334) to work on /home/airflow/.local/lib/python3.12/site-packages/airflow/example_dags/tutorial_objectstorage.py
[2025-08-11T11:37:36.033+0000] {processor.py:830} INFO - Processing file /home/airflow/.local/lib/python3.12/site-packages/airflow/example_dags/tutorial_objectstorage.py for tasks to queue
[2025-08-11T11:37:36.034+0000] {logging_mixin.py:188} INFO - [2025-08-11T11:37:36.034+0000] {dagbag.py:545} INFO - Filling up the DagBag from /home/airflow/.local/lib/python3.12/site-packages/airflow/example_dags/tutorial_objectstorage.py
[2025-08-11T11:37:36.040+0000] {processor.py:840} INFO - DAG(s) 'tutorial_objectstorage' retrieved from /home/airflow/.local/lib/python3.12/site-packages/airflow/example_dags/tutorial_objectstorage.py
[2025-08-11T11:37:36.053+0000] {logging_mixin.py:188} INFO - [2025-08-11T11:37:36.053+0000] {dag.py:3096} INFO - Sync 1 DAGs
[2025-08-11T11:37:36.061+0000] {logging_mixin.py:188} INFO - [2025-08-11T11:37:36.061+0000] {dag.py:3954} INFO - Setting next_dagrun for tutorial_objectstorage to None, run_after=None
[2025-08-11T11:37:36.072+0000] {processor.py:183} INFO - Processing /home/airflow/.local/lib/python3.12/site-packages/airflow/example_dags/tutorial_objectstorage.py took 0.044 seconds
[2025-08-11T11:38:06.443+0000] {processor.py:161} INFO - Started process (PID=391) to work on /home/airflow/.local/lib/python3.12/site-packages/airflow/example_dags/tutorial_objectstorage.py
[2025-08-11T11:38:06.444+0000] {processor.py:830} INFO - Processing file /home/airflow/.local/lib/python3.12/site-packages/airflow/example_dags/tutorial_objectstorage.py for tasks to queue
[2025-08-11T11:38:06.448+0000] {logging_mixin.py:188} INFO - [2025-08-11T11:38:06.448+0000] {dagbag.py:545} INFO - Filling up the DagBag from /home/airflow/.local/lib/python3.12/site-packages/airflow/example_dags/tutorial_objectstorage.py
[2025-08-11T11:38:06.454+0000] {processor.py:840} INFO - DAG(s) 'tutorial_objectstorage' retrieved from /home/airflow/.local/lib/python3.12/site-packages/airflow/example_dags/tutorial_objectstorage.py
[2025-08-11T11:38:06.472+0000] {logging_mixin.py:188} INFO - [2025-08-11T11:38:06.472+0000] {dag.py:3096} INFO - Sync 1 DAGs
[2025-08-11T11:38:06.483+0000] {logging_mixin.py:188} INFO - [2025-08-11T11:38:06.483+0000] {dag.py:3954} INFO - Setting next_dagrun for tutorial_objectstorage to None, run_after=None
[2025-08-11T11:38:06.499+0000] {processor.py:183} INFO - Processing /home/airflow/.local/lib/python3.12/site-packages/airflow/example_dags/tutorial_objectstorage.py took 0.062 seconds
[2025-08-11T11:38:36.909+0000] {processor.py:161} INFO - Started process (PID=449) to work on /home/airflow/.local/lib/python3.12/site-packages/airflow/example_dags/tutorial_objectstorage.py
[2025-08-11T11:38:36.909+0000] {processor.py:830} INFO - Processing file /home/airflow/.local/lib/python3.12/site-packages/airflow/example_dags/tutorial_objectstorage.py for tasks to queue
[2025-08-11T11:38:36.911+0000] {logging_mixin.py:188} INFO - [2025-08-11T11:38:36.910+0000] {dagbag.py:545} INFO - Filling up the DagBag from /home/airflow/.local/lib/python3.12/site-packages/airflow/example_dags/tutorial_objectstorage.py
[2025-08-11T11:38:36.918+0000] {processor.py:840} INFO - DAG(s) 'tutorial_objectstorage' retrieved from /home/airflow/.local/lib/python3.12/site-packages/airflow/example_dags/tutorial_objectstorage.py
[2025-08-11T11:38:36.937+0000] {logging_mixin.py:188} INFO - [2025-08-11T11:38:36.937+0000] {dag.py:3096} INFO - Sync 1 DAGs
[2025-08-11T11:38:36.951+0000] {logging_mixin.py:188} INFO - [2025-08-11T11:38:36.951+0000] {dag.py:3954} INFO - Setting next_dagrun for tutorial_objectstorage to None, run_after=None
[2025-08-11T11:38:36.971+0000] {processor.py:183} INFO - Processing /home/airflow/.local/lib/python3.12/site-packages/airflow/example_dags/tutorial_objectstorage.py took 0.066 seconds
[2025-08-11T11:39:07.298+0000] {processor.py:161} INFO - Started process (PID=507) to work on /home/airflow/.local/lib/python3.12/site-packages/airflow/example_dags/tutorial_objectstorage.py
[2025-08-11T11:39:07.299+0000] {processor.py:830} INFO - Processing file /home/airflow/.local/lib/python3.12/site-packages/airflow/example_dags/tutorial_objectstorage.py for tasks to queue
[2025-08-11T11:39:07.300+0000] {logging_mixin.py:188} INFO - [2025-08-11T11:39:07.300+0000] {dagbag.py:545} INFO - Filling up the DagBag from /home/airflow/.local/lib/python3.12/site-packages/airflow/example_dags/tutorial_objectstorage.py
[2025-08-11T11:39:07.305+0000] {processor.py:840} INFO - DAG(s) 'tutorial_objectstorage' retrieved from /home/airflow/.local/lib/python3.12/site-packages/airflow/example_dags/tutorial_objectstorage.py
[2025-08-11T11:39:07.317+0000] {logging_mixin.py:188} INFO - [2025-08-11T11:39:07.317+0000] {dag.py:3096} INFO - Sync 1 DAGs
[2025-08-11T11:39:07.325+0000] {logging_mixin.py:188} INFO - [2025-08-11T11:39:07.325+0000] {dag.py:3954} INFO - Setting next_dagrun for tutorial_objectstorage to None, run_after=None
[2025-08-11T11:39:07.335+0000] {processor.py:183} INFO - Processing /home/airflow/.local/lib/python3.12/site-packages/airflow/example_dags/tutorial_objectstorage.py took 0.041 seconds
[2025-08-11T11:39:37.628+0000] {processor.py:161} INFO - Started process (PID=565) to work on /home/airflow/.local/lib/python3.12/site-packages/airflow/example_dags/tutorial_objectstorage.py
[2025-08-11T11:39:37.629+0000] {processor.py:830} INFO - Processing file /home/airflow/.local/lib/python3.12/site-packages/airflow/example_dags/tutorial_objectstorage.py for tasks to queue
[2025-08-11T11:39:37.630+0000] {logging_mixin.py:188} INFO - [2025-08-11T11:39:37.630+0000] {dagbag.py:545} INFO - Filling up the DagBag from /home/airflow/.local/lib/python3.12/site-packages/airflow/example_dags/tutorial_objectstorage.py
[2025-08-11T11:39:37.635+0000] {processor.py:840} INFO - DAG(s) 'tutorial_objectstorage' retrieved from /home/airflow/.local/lib/python3.12/site-packages/airflow/example_dags/tutorial_objectstorage.py
[2025-08-11T11:39:37.650+0000] {logging_mixin.py:188} INFO - [2025-08-11T11:39:37.649+0000] {dag.py:3096} INFO - Sync 1 DAGs
[2025-08-11T11:39:37.658+0000] {logging_mixin.py:188} INFO - [2025-08-11T11:39:37.657+0000] {dag.py:3954} INFO - Setting next_dagrun for tutorial_objectstorage to None, run_after=None
[2025-08-11T11:39:37.668+0000] {processor.py:183} INFO - Processing /home/airflow/.local/lib/python3.12/site-packages/airflow/example_dags/tutorial_objectstorage.py took 0.044 seconds
[2025-08-11T11:40:07.824+0000] {processor.py:161} INFO - Started process (PID=623) to work on /home/airflow/.local/lib/python3.12/site-packages/airflow/example_dags/tutorial_objectstorage.py
[2025-08-11T11:40:07.825+0000] {processor.py:830} INFO - Processing file /home/airflow/.local/lib/python3.12/site-packages/airflow/example_dags/tutorial_objectstorage.py for tasks to queue
[2025-08-11T11:40:07.826+0000] {logging_mixin.py:188} INFO - [2025-08-11T11:40:07.826+0000] {dagbag.py:545} INFO - Filling up the DagBag from /home/airflow/.local/lib/python3.12/site-packages/airflow/example_dags/tutorial_objectstorage.py
[2025-08-11T11:40:07.833+0000] {processor.py:840} INFO - DAG(s) 'tutorial_objectstorage' retrieved from /home/airflow/.local/lib/python3.12/site-packages/airflow/example_dags/tutorial_objectstorage.py
[2025-08-11T11:40:07.846+0000] {logging_mixin.py:188} INFO - [2025-08-11T11:40:07.846+0000] {dag.py:3096} INFO - Sync 1 DAGs
[2025-08-11T11:40:07.854+0000] {logging_mixin.py:188} INFO - [2025-08-11T11:40:07.854+0000] {dag.py:3954} INFO - Setting next_dagrun for tutorial_objectstorage to None, run_after=None
[2025-08-11T11:40:07.865+0000] {processor.py:183} INFO - Processing /home/airflow/.local/lib/python3.12/site-packages/airflow/example_dags/tutorial_objectstorage.py took 0.045 seconds
[2025-08-11T11:40:38.940+0000] {processor.py:161} INFO - Started process (PID=681) to work on /home/airflow/.local/lib/python3.12/site-packages/airflow/example_dags/tutorial_objectstorage.py
[2025-08-11T11:40:38.941+0000] {processor.py:830} INFO - Processing file /home/airflow/.local/lib/python3.12/site-packages/airflow/example_dags/tutorial_objectstorage.py for tasks to queue
[2025-08-11T11:40:38.942+0000] {logging_mixin.py:188} INFO - [2025-08-11T11:40:38.942+0000] {dagbag.py:545} INFO - Filling up the DagBag from /home/airflow/.local/lib/python3.12/site-packages/airflow/example_dags/tutorial_objectstorage.py
[2025-08-11T11:40:38.947+0000] {processor.py:840} INFO - DAG(s) 'tutorial_objectstorage' retrieved from /home/airflow/.local/lib/python3.12/site-packages/airflow/example_dags/tutorial_objectstorage.py
[2025-08-11T11:40:38.959+0000] {logging_mixin.py:188} INFO - [2025-08-11T11:40:38.959+0000] {dag.py:3096} INFO - Sync 1 DAGs
[2025-08-11T11:40:38.968+0000] {logging_mixin.py:188} INFO - [2025-08-11T11:40:38.967+0000] {dag.py:3954} INFO - Setting next_dagrun for tutorial_objectstorage to None, run_after=None
[2025-08-11T11:40:38.978+0000] {processor.py:183} INFO - Processing /home/airflow/.local/lib/python3.12/site-packages/airflow/example_dags/tutorial_objectstorage.py took 0.041 seconds
[2025-08-11T11:41:09.990+0000] {processor.py:161} INFO - Started process (PID=739) to work on /home/airflow/.local/lib/python3.12/site-packages/airflow/example_dags/tutorial_objectstorage.py
[2025-08-11T11:41:09.991+0000] {processor.py:830} INFO - Processing file /home/airflow/.local/lib/python3.12/site-packages/airflow/example_dags/tutorial_objectstorage.py for tasks to queue
[2025-08-11T11:41:09.992+0000] {logging_mixin.py:188} INFO - [2025-08-11T11:41:09.992+0000] {dagbag.py:545} INFO - Filling up the DagBag from /home/airflow/.local/lib/python3.12/site-packages/airflow/example_dags/tutorial_objectstorage.py
[2025-08-11T11:41:09.997+0000] {processor.py:840} INFO - DAG(s) 'tutorial_objectstorage' retrieved from /home/airflow/.local/lib/python3.12/site-packages/airflow/example_dags/tutorial_objectstorage.py
[2025-08-11T11:41:10.008+0000] {logging_mixin.py:188} INFO - [2025-08-11T11:41:10.008+0000] {dag.py:3096} INFO - Sync 1 DAGs
[2025-08-11T11:41:10.016+0000] {logging_mixin.py:188} INFO - [2025-08-11T11:41:10.016+0000] {dag.py:3954} INFO - Setting next_dagrun for tutorial_objectstorage to None, run_after=None
[2025-08-11T11:41:10.026+0000] {processor.py:183} INFO - Processing /home/airflow/.local/lib/python3.12/site-packages/airflow/example_dags/tutorial_objectstorage.py took 0.040 seconds
[2025-08-11T11:41:40.575+0000] {processor.py:161} INFO - Started process (PID=797) to work on /home/airflow/.local/lib/python3.12/site-packages/airflow/example_dags/tutorial_objectstorage.py
[2025-08-11T11:41:40.579+0000] {processor.py:830} INFO - Processing file /home/airflow/.local/lib/python3.12/site-packages/airflow/example_dags/tutorial_objectstorage.py for tasks to queue
[2025-08-11T11:41:40.581+0000] {logging_mixin.py:188} INFO - [2025-08-11T11:41:40.581+0000] {dagbag.py:545} INFO - Filling up the DagBag from /home/airflow/.local/lib/python3.12/site-packages/airflow/example_dags/tutorial_objectstorage.py
[2025-08-11T11:41:40.586+0000] {processor.py:840} INFO - DAG(s) 'tutorial_objectstorage' retrieved from /home/airflow/.local/lib/python3.12/site-packages/airflow/example_dags/tutorial_objectstorage.py
[2025-08-11T11:41:40.601+0000] {logging_mixin.py:188} INFO - [2025-08-11T11:41:40.601+0000] {dag.py:3096} INFO - Sync 1 DAGs
[2025-08-11T11:41:40.612+0000] {logging_mixin.py:188} INFO - [2025-08-11T11:41:40.612+0000] {dag.py:3954} INFO - Setting next_dagrun for tutorial_objectstorage to None, run_after=None
[2025-08-11T11:41:40.626+0000] {processor.py:183} INFO - Processing /home/airflow/.local/lib/python3.12/site-packages/airflow/example_dags/tutorial_objectstorage.py took 0.055 seconds
[2025-08-11T11:42:11.713+0000] {processor.py:161} INFO - Started process (PID=855) to work on /home/airflow/.local/lib/python3.12/site-packages/airflow/example_dags/tutorial_objectstorage.py
[2025-08-11T11:42:11.714+0000] {processor.py:830} INFO - Processing file /home/airflow/.local/lib/python3.12/site-packages/airflow/example_dags/tutorial_objectstorage.py for tasks to queue
[2025-08-11T11:42:11.715+0000] {logging_mixin.py:188} INFO - [2025-08-11T11:42:11.715+0000] {dagbag.py:545} INFO - Filling up the DagBag from /home/airflow/.local/lib/python3.12/site-packages/airflow/example_dags/tutorial_objectstorage.py
[2025-08-11T11:42:11.720+0000] {processor.py:840} INFO - DAG(s) 'tutorial_objectstorage' retrieved from /home/airflow/.local/lib/python3.12/site-packages/airflow/example_dags/tutorial_objectstorage.py
[2025-08-11T11:42:11.734+0000] {logging_mixin.py:188} INFO - [2025-08-11T11:42:11.734+0000] {dag.py:3096} INFO - Sync 1 DAGs
[2025-08-11T11:42:11.743+0000] {logging_mixin.py:188} INFO - [2025-08-11T11:42:11.743+0000] {dag.py:3954} INFO - Setting next_dagrun for tutorial_objectstorage to None, run_after=None
[2025-08-11T11:42:11.758+0000] {processor.py:183} INFO - Processing /home/airflow/.local/lib/python3.12/site-packages/airflow/example_dags/tutorial_objectstorage.py took 0.049 seconds
[2025-08-11T11:42:42.638+0000] {processor.py:161} INFO - Started process (PID=913) to work on /home/airflow/.local/lib/python3.12/site-packages/airflow/example_dags/tutorial_objectstorage.py
[2025-08-11T11:42:42.639+0000] {processor.py:830} INFO - Processing file /home/airflow/.local/lib/python3.12/site-packages/airflow/example_dags/tutorial_objectstorage.py for tasks to queue
[2025-08-11T11:42:42.641+0000] {logging_mixin.py:188} INFO - [2025-08-11T11:42:42.640+0000] {dagbag.py:545} INFO - Filling up the DagBag from /home/airflow/.local/lib/python3.12/site-packages/airflow/example_dags/tutorial_objectstorage.py
[2025-08-11T11:42:42.646+0000] {processor.py:840} INFO - DAG(s) 'tutorial_objectstorage' retrieved from /home/airflow/.local/lib/python3.12/site-packages/airflow/example_dags/tutorial_objectstorage.py
[2025-08-11T11:42:42.659+0000] {logging_mixin.py:188} INFO - [2025-08-11T11:42:42.659+0000] {dag.py:3096} INFO - Sync 1 DAGs
[2025-08-11T11:42:42.667+0000] {logging_mixin.py:188} INFO - [2025-08-11T11:42:42.667+0000] {dag.py:3954} INFO - Setting next_dagrun for tutorial_objectstorage to None, run_after=None
[2025-08-11T11:42:42.678+0000] {processor.py:183} INFO - Processing /home/airflow/.local/lib/python3.12/site-packages/airflow/example_dags/tutorial_objectstorage.py took 0.044 seconds
[2025-08-11T11:43:12.867+0000] {processor.py:161} INFO - Started process (PID=971) to work on /home/airflow/.local/lib/python3.12/site-packages/airflow/example_dags/tutorial_objectstorage.py
[2025-08-11T11:43:12.868+0000] {processor.py:830} INFO - Processing file /home/airflow/.local/lib/python3.12/site-packages/airflow/example_dags/tutorial_objectstorage.py for tasks to queue
[2025-08-11T11:43:12.870+0000] {logging_mixin.py:188} INFO - [2025-08-11T11:43:12.870+0000] {dagbag.py:545} INFO - Filling up the DagBag from /home/airflow/.local/lib/python3.12/site-packages/airflow/example_dags/tutorial_objectstorage.py
[2025-08-11T11:43:12.877+0000] {processor.py:840} INFO - DAG(s) 'tutorial_objectstorage' retrieved from /home/airflow/.local/lib/python3.12/site-packages/airflow/example_dags/tutorial_objectstorage.py
[2025-08-11T11:43:12.893+0000] {logging_mixin.py:188} INFO - [2025-08-11T11:43:12.893+0000] {dag.py:3096} INFO - Sync 1 DAGs
[2025-08-11T11:43:12.904+0000] {logging_mixin.py:188} INFO - [2025-08-11T11:43:12.904+0000] {dag.py:3954} INFO - Setting next_dagrun for tutorial_objectstorage to None, run_after=None
[2025-08-11T11:43:12.917+0000] {processor.py:183} INFO - Processing /home/airflow/.local/lib/python3.12/site-packages/airflow/example_dags/tutorial_objectstorage.py took 0.056 seconds
[2025-08-11T11:43:42.972+0000] {processor.py:161} INFO - Started process (PID=1028) to work on /home/airflow/.local/lib/python3.12/site-packages/airflow/example_dags/tutorial_objectstorage.py
[2025-08-11T11:43:42.973+0000] {processor.py:830} INFO - Processing file /home/airflow/.local/lib/python3.12/site-packages/airflow/example_dags/tutorial_objectstorage.py for tasks to queue
[2025-08-11T11:43:42.974+0000] {logging_mixin.py:188} INFO - [2025-08-11T11:43:42.974+0000] {dagbag.py:545} INFO - Filling up the DagBag from /home/airflow/.local/lib/python3.12/site-packages/airflow/example_dags/tutorial_objectstorage.py
[2025-08-11T11:43:42.979+0000] {processor.py:840} INFO - DAG(s) 'tutorial_objectstorage' retrieved from /home/airflow/.local/lib/python3.12/site-packages/airflow/example_dags/tutorial_objectstorage.py
[2025-08-11T11:43:42.991+0000] {logging_mixin.py:188} INFO - [2025-08-11T11:43:42.991+0000] {dag.py:3096} INFO - Sync 1 DAGs
[2025-08-11T11:43:43.002+0000] {logging_mixin.py:188} INFO - [2025-08-11T11:43:43.002+0000] {dag.py:3954} INFO - Setting next_dagrun for tutorial_objectstorage to None, run_after=None
[2025-08-11T11:43:43.013+0000] {processor.py:183} INFO - Processing /home/airflow/.local/lib/python3.12/site-packages/airflow/example_dags/tutorial_objectstorage.py took 0.045 seconds
[2025-08-11T11:44:13.859+0000] {processor.py:161} INFO - Started process (PID=1086) to work on /home/airflow/.local/lib/python3.12/site-packages/airflow/example_dags/tutorial_objectstorage.py
[2025-08-11T11:44:13.860+0000] {processor.py:830} INFO - Processing file /home/airflow/.local/lib/python3.12/site-packages/airflow/example_dags/tutorial_objectstorage.py for tasks to queue
[2025-08-11T11:44:13.861+0000] {logging_mixin.py:188} INFO - [2025-08-11T11:44:13.861+0000] {dagbag.py:545} INFO - Filling up the DagBag from /home/airflow/.local/lib/python3.12/site-packages/airflow/example_dags/tutorial_objectstorage.py
[2025-08-11T11:44:13.866+0000] {processor.py:840} INFO - DAG(s) 'tutorial_objectstorage' retrieved from /home/airflow/.local/lib/python3.12/site-packages/airflow/example_dags/tutorial_objectstorage.py
[2025-08-11T11:44:13.878+0000] {logging_mixin.py:188} INFO - [2025-08-11T11:44:13.878+0000] {dag.py:3096} INFO - Sync 1 DAGs
[2025-08-11T11:44:13.885+0000] {logging_mixin.py:188} INFO - [2025-08-11T11:44:13.885+0000] {dag.py:3954} INFO - Setting next_dagrun for tutorial_objectstorage to None, run_after=None
[2025-08-11T11:44:13.896+0000] {processor.py:183} INFO - Processing /home/airflow/.local/lib/python3.12/site-packages/airflow/example_dags/tutorial_objectstorage.py took 0.041 seconds
[2025-08-11T11:44:44.381+0000] {processor.py:161} INFO - Started process (PID=1144) to work on /home/airflow/.local/lib/python3.12/site-packages/airflow/example_dags/tutorial_objectstorage.py
[2025-08-11T11:44:44.382+0000] {processor.py:830} INFO - Processing file /home/airflow/.local/lib/python3.12/site-packages/airflow/example_dags/tutorial_objectstorage.py for tasks to queue
[2025-08-11T11:44:44.383+0000] {logging_mixin.py:188} INFO - [2025-08-11T11:44:44.383+0000] {dagbag.py:545} INFO - Filling up the DagBag from /home/airflow/.local/lib/python3.12/site-packages/airflow/example_dags/tutorial_objectstorage.py
[2025-08-11T11:44:44.388+0000] {processor.py:840} INFO - DAG(s) 'tutorial_objectstorage' retrieved from /home/airflow/.local/lib/python3.12/site-packages/airflow/example_dags/tutorial_objectstorage.py
[2025-08-11T11:44:44.399+0000] {logging_mixin.py:188} INFO - [2025-08-11T11:44:44.399+0000] {dag.py:3096} INFO - Sync 1 DAGs
[2025-08-11T11:44:44.407+0000] {logging_mixin.py:188} INFO - [2025-08-11T11:44:44.406+0000] {dag.py:3954} INFO - Setting next_dagrun for tutorial_objectstorage to None, run_after=None
[2025-08-11T11:44:44.417+0000] {processor.py:183} INFO - Processing /home/airflow/.local/lib/python3.12/site-packages/airflow/example_dags/tutorial_objectstorage.py took 0.040 seconds
[2025-08-11T11:45:14.825+0000] {processor.py:161} INFO - Started process (PID=1202) to work on /home/airflow/.local/lib/python3.12/site-packages/airflow/example_dags/tutorial_objectstorage.py
[2025-08-11T11:45:14.826+0000] {processor.py:830} INFO - Processing file /home/airflow/.local/lib/python3.12/site-packages/airflow/example_dags/tutorial_objectstorage.py for tasks to queue
[2025-08-11T11:45:14.827+0000] {logging_mixin.py:188} INFO - [2025-08-11T11:45:14.827+0000] {dagbag.py:545} INFO - Filling up the DagBag from /home/airflow/.local/lib/python3.12/site-packages/airflow/example_dags/tutorial_objectstorage.py
[2025-08-11T11:45:14.836+0000] {processor.py:840} INFO - DAG(s) 'tutorial_objectstorage' retrieved from /home/airflow/.local/lib/python3.12/site-packages/airflow/example_dags/tutorial_objectstorage.py
[2025-08-11T11:45:14.857+0000] {logging_mixin.py:188} INFO - [2025-08-11T11:45:14.857+0000] {dag.py:3096} INFO - Sync 1 DAGs
[2025-08-11T11:45:14.866+0000] {logging_mixin.py:188} INFO - [2025-08-11T11:45:14.866+0000] {dag.py:3954} INFO - Setting next_dagrun for tutorial_objectstorage to None, run_after=None
[2025-08-11T11:45:14.881+0000] {processor.py:183} INFO - Processing /home/airflow/.local/lib/python3.12/site-packages/airflow/example_dags/tutorial_objectstorage.py took 0.061 seconds
[2025-08-11T11:45:45.200+0000] {processor.py:161} INFO - Started process (PID=1260) to work on /home/airflow/.local/lib/python3.12/site-packages/airflow/example_dags/tutorial_objectstorage.py
[2025-08-11T11:45:45.202+0000] {processor.py:830} INFO - Processing file /home/airflow/.local/lib/python3.12/site-packages/airflow/example_dags/tutorial_objectstorage.py for tasks to queue
[2025-08-11T11:45:45.203+0000] {logging_mixin.py:188} INFO - [2025-08-11T11:45:45.203+0000] {dagbag.py:545} INFO - Filling up the DagBag from /home/airflow/.local/lib/python3.12/site-packages/airflow/example_dags/tutorial_objectstorage.py
[2025-08-11T11:45:45.209+0000] {processor.py:840} INFO - DAG(s) 'tutorial_objectstorage' retrieved from /home/airflow/.local/lib/python3.12/site-packages/airflow/example_dags/tutorial_objectstorage.py
[2025-08-11T11:45:45.224+0000] {logging_mixin.py:188} INFO - [2025-08-11T11:45:45.223+0000] {dag.py:3096} INFO - Sync 1 DAGs
[2025-08-11T11:45:45.234+0000] {logging_mixin.py:188} INFO - [2025-08-11T11:45:45.234+0000] {dag.py:3954} INFO - Setting next_dagrun for tutorial_objectstorage to None, run_after=None
[2025-08-11T11:45:45.250+0000] {processor.py:183} INFO - Processing /home/airflow/.local/lib/python3.12/site-packages/airflow/example_dags/tutorial_objectstorage.py took 0.054 seconds
[2025-08-11T11:46:15.390+0000] {processor.py:161} INFO - Started process (PID=1319) to work on /home/airflow/.local/lib/python3.12/site-packages/airflow/example_dags/tutorial_objectstorage.py
[2025-08-11T11:46:15.390+0000] {processor.py:830} INFO - Processing file /home/airflow/.local/lib/python3.12/site-packages/airflow/example_dags/tutorial_objectstorage.py for tasks to queue
[2025-08-11T11:46:15.392+0000] {logging_mixin.py:188} INFO - [2025-08-11T11:46:15.392+0000] {dagbag.py:545} INFO - Filling up the DagBag from /home/airflow/.local/lib/python3.12/site-packages/airflow/example_dags/tutorial_objectstorage.py
[2025-08-11T11:46:15.399+0000] {processor.py:840} INFO - DAG(s) 'tutorial_objectstorage' retrieved from /home/airflow/.local/lib/python3.12/site-packages/airflow/example_dags/tutorial_objectstorage.py
[2025-08-11T11:46:15.411+0000] {logging_mixin.py:188} INFO - [2025-08-11T11:46:15.411+0000] {dag.py:3096} INFO - Sync 1 DAGs
[2025-08-11T11:46:15.419+0000] {logging_mixin.py:188} INFO - [2025-08-11T11:46:15.419+0000] {dag.py:3954} INFO - Setting next_dagrun for tutorial_objectstorage to None, run_after=None
[2025-08-11T11:46:15.429+0000] {processor.py:183} INFO - Processing /home/airflow/.local/lib/python3.12/site-packages/airflow/example_dags/tutorial_objectstorage.py took 0.043 seconds
