[2025-08-11T11:35:33.954+0000] {processor.py:161} INFO - Started process (PID=96) to work on /home/airflow/.local/lib/python3.12/site-packages/airflow/example_dags/tutorial_taskflow_api.py
[2025-08-11T11:35:33.957+0000] {processor.py:830} INFO - Processing file /home/airflow/.local/lib/python3.12/site-packages/airflow/example_dags/tutorial_taskflow_api.py for tasks to queue
[2025-08-11T11:35:33.959+0000] {logging_mixin.py:188} INFO - [2025-08-11T11:35:33.959+0000] {dagbag.py:545} INFO - Filling up the DagBag from /home/airflow/.local/lib/python3.12/site-packages/airflow/example_dags/tutorial_taskflow_api.py
[2025-08-11T11:35:33.964+0000] {processor.py:840} INFO - DAG(s) 'tutorial_taskflow_api' retrieved from /home/airflow/.local/lib/python3.12/site-packages/airflow/example_dags/tutorial_taskflow_api.py
[2025-08-11T11:35:34.039+0000] {logging_mixin.py:188} INFO - [2025-08-11T11:35:34.039+0000] {override.py:1829} INFO - Created Permission View: can read on DAG:tutorial_taskflow_api
[2025-08-11T11:35:34.048+0000] {logging_mixin.py:188} INFO - [2025-08-11T11:35:34.048+0000] {override.py:1829} INFO - Created Permission View: can delete on DAG:tutorial_taskflow_api
[2025-08-11T11:35:34.052+0000] {logging_mixin.py:188} INFO - [2025-08-11T11:35:34.052+0000] {override.py:1829} INFO - Created Permission View: can edit on DAG:tutorial_taskflow_api
[2025-08-11T11:35:34.053+0000] {logging_mixin.py:188} INFO - [2025-08-11T11:35:34.052+0000] {dag.py:3096} INFO - Sync 1 DAGs
[2025-08-11T11:35:34.060+0000] {logging_mixin.py:188} INFO - [2025-08-11T11:35:34.060+0000] {dag.py:3118} INFO - Creating ORM DAG for tutorial_taskflow_api
[2025-08-11T11:35:34.060+0000] {logging_mixin.py:188} INFO - [2025-08-11T11:35:34.060+0000] {dag.py:3954} INFO - Setting next_dagrun for tutorial_taskflow_api to None, run_after=None
[2025-08-11T11:35:34.070+0000] {processor.py:183} INFO - Processing /home/airflow/.local/lib/python3.12/site-packages/airflow/example_dags/tutorial_taskflow_api.py took 0.121 seconds
[2025-08-11T11:36:04.555+0000] {processor.py:161} INFO - Started process (PID=154) to work on /home/airflow/.local/lib/python3.12/site-packages/airflow/example_dags/tutorial_taskflow_api.py
[2025-08-11T11:36:04.556+0000] {processor.py:830} INFO - Processing file /home/airflow/.local/lib/python3.12/site-packages/airflow/example_dags/tutorial_taskflow_api.py for tasks to queue
[2025-08-11T11:36:04.558+0000] {logging_mixin.py:188} INFO - [2025-08-11T11:36:04.558+0000] {dagbag.py:545} INFO - Filling up the DagBag from /home/airflow/.local/lib/python3.12/site-packages/airflow/example_dags/tutorial_taskflow_api.py
[2025-08-11T11:36:04.572+0000] {processor.py:840} INFO - DAG(s) 'tutorial_taskflow_api' retrieved from /home/airflow/.local/lib/python3.12/site-packages/airflow/example_dags/tutorial_taskflow_api.py
[2025-08-11T11:36:04.618+0000] {logging_mixin.py:188} INFO - [2025-08-11T11:36:04.617+0000] {dag.py:3096} INFO - Sync 1 DAGs
[2025-08-11T11:36:04.646+0000] {logging_mixin.py:188} INFO - [2025-08-11T11:36:04.646+0000] {dag.py:3954} INFO - Setting next_dagrun for tutorial_taskflow_api to None, run_after=None
[2025-08-11T11:36:04.678+0000] {processor.py:183} INFO - Processing /home/airflow/.local/lib/python3.12/site-packages/airflow/example_dags/tutorial_taskflow_api.py took 0.130 seconds
[2025-08-11T11:36:34.966+0000] {processor.py:161} INFO - Started process (PID=212) to work on /home/airflow/.local/lib/python3.12/site-packages/airflow/example_dags/tutorial_taskflow_api.py
[2025-08-11T11:36:34.967+0000] {processor.py:830} INFO - Processing file /home/airflow/.local/lib/python3.12/site-packages/airflow/example_dags/tutorial_taskflow_api.py for tasks to queue
[2025-08-11T11:36:34.969+0000] {logging_mixin.py:188} INFO - [2025-08-11T11:36:34.968+0000] {dagbag.py:545} INFO - Filling up the DagBag from /home/airflow/.local/lib/python3.12/site-packages/airflow/example_dags/tutorial_taskflow_api.py
[2025-08-11T11:36:34.975+0000] {processor.py:840} INFO - DAG(s) 'tutorial_taskflow_api' retrieved from /home/airflow/.local/lib/python3.12/site-packages/airflow/example_dags/tutorial_taskflow_api.py
[2025-08-11T11:36:34.990+0000] {logging_mixin.py:188} INFO - [2025-08-11T11:36:34.989+0000] {dag.py:3096} INFO - Sync 1 DAGs
[2025-08-11T11:36:34.998+0000] {logging_mixin.py:188} INFO - [2025-08-11T11:36:34.998+0000] {dag.py:3954} INFO - Setting next_dagrun for tutorial_taskflow_api to None, run_after=None
[2025-08-11T11:36:35.010+0000] {processor.py:183} INFO - Processing /home/airflow/.local/lib/python3.12/site-packages/airflow/example_dags/tutorial_taskflow_api.py took 0.049 seconds
[2025-08-11T11:37:05.245+0000] {processor.py:161} INFO - Started process (PID=270) to work on /home/airflow/.local/lib/python3.12/site-packages/airflow/example_dags/tutorial_taskflow_api.py
[2025-08-11T11:37:05.246+0000] {processor.py:830} INFO - Processing file /home/airflow/.local/lib/python3.12/site-packages/airflow/example_dags/tutorial_taskflow_api.py for tasks to queue
[2025-08-11T11:37:05.247+0000] {logging_mixin.py:188} INFO - [2025-08-11T11:37:05.247+0000] {dagbag.py:545} INFO - Filling up the DagBag from /home/airflow/.local/lib/python3.12/site-packages/airflow/example_dags/tutorial_taskflow_api.py
[2025-08-11T11:37:05.251+0000] {processor.py:840} INFO - DAG(s) 'tutorial_taskflow_api' retrieved from /home/airflow/.local/lib/python3.12/site-packages/airflow/example_dags/tutorial_taskflow_api.py
[2025-08-11T11:37:05.267+0000] {logging_mixin.py:188} INFO - [2025-08-11T11:37:05.267+0000] {dag.py:3096} INFO - Sync 1 DAGs
[2025-08-11T11:37:05.276+0000] {logging_mixin.py:188} INFO - [2025-08-11T11:37:05.276+0000] {dag.py:3954} INFO - Setting next_dagrun for tutorial_taskflow_api to None, run_after=None
[2025-08-11T11:37:05.288+0000] {processor.py:183} INFO - Processing /home/airflow/.local/lib/python3.12/site-packages/airflow/example_dags/tutorial_taskflow_api.py took 0.047 seconds
[2025-08-11T11:37:35.755+0000] {processor.py:161} INFO - Started process (PID=328) to work on /home/airflow/.local/lib/python3.12/site-packages/airflow/example_dags/tutorial_taskflow_api.py
[2025-08-11T11:37:35.756+0000] {processor.py:830} INFO - Processing file /home/airflow/.local/lib/python3.12/site-packages/airflow/example_dags/tutorial_taskflow_api.py for tasks to queue
[2025-08-11T11:37:35.758+0000] {logging_mixin.py:188} INFO - [2025-08-11T11:37:35.757+0000] {dagbag.py:545} INFO - Filling up the DagBag from /home/airflow/.local/lib/python3.12/site-packages/airflow/example_dags/tutorial_taskflow_api.py
[2025-08-11T11:37:35.764+0000] {processor.py:840} INFO - DAG(s) 'tutorial_taskflow_api' retrieved from /home/airflow/.local/lib/python3.12/site-packages/airflow/example_dags/tutorial_taskflow_api.py
[2025-08-11T11:37:35.782+0000] {logging_mixin.py:188} INFO - [2025-08-11T11:37:35.781+0000] {dag.py:3096} INFO - Sync 1 DAGs
[2025-08-11T11:37:35.792+0000] {logging_mixin.py:188} INFO - [2025-08-11T11:37:35.791+0000] {dag.py:3954} INFO - Setting next_dagrun for tutorial_taskflow_api to None, run_after=None
[2025-08-11T11:37:35.804+0000] {processor.py:183} INFO - Processing /home/airflow/.local/lib/python3.12/site-packages/airflow/example_dags/tutorial_taskflow_api.py took 0.055 seconds
[2025-08-11T11:38:06.184+0000] {processor.py:161} INFO - Started process (PID=385) to work on /home/airflow/.local/lib/python3.12/site-packages/airflow/example_dags/tutorial_taskflow_api.py
[2025-08-11T11:38:06.188+0000] {processor.py:830} INFO - Processing file /home/airflow/.local/lib/python3.12/site-packages/airflow/example_dags/tutorial_taskflow_api.py for tasks to queue
[2025-08-11T11:38:06.189+0000] {logging_mixin.py:188} INFO - [2025-08-11T11:38:06.189+0000] {dagbag.py:545} INFO - Filling up the DagBag from /home/airflow/.local/lib/python3.12/site-packages/airflow/example_dags/tutorial_taskflow_api.py
[2025-08-11T11:38:06.194+0000] {processor.py:840} INFO - DAG(s) 'tutorial_taskflow_api' retrieved from /home/airflow/.local/lib/python3.12/site-packages/airflow/example_dags/tutorial_taskflow_api.py
[2025-08-11T11:38:06.208+0000] {logging_mixin.py:188} INFO - [2025-08-11T11:38:06.208+0000] {dag.py:3096} INFO - Sync 1 DAGs
[2025-08-11T11:38:06.218+0000] {logging_mixin.py:188} INFO - [2025-08-11T11:38:06.218+0000] {dag.py:3954} INFO - Setting next_dagrun for tutorial_taskflow_api to None, run_after=None
[2025-08-11T11:38:06.233+0000] {processor.py:183} INFO - Processing /home/airflow/.local/lib/python3.12/site-packages/airflow/example_dags/tutorial_taskflow_api.py took 0.053 seconds
[2025-08-11T11:38:36.684+0000] {processor.py:161} INFO - Started process (PID=443) to work on /home/airflow/.local/lib/python3.12/site-packages/airflow/example_dags/tutorial_taskflow_api.py
[2025-08-11T11:38:36.686+0000] {processor.py:830} INFO - Processing file /home/airflow/.local/lib/python3.12/site-packages/airflow/example_dags/tutorial_taskflow_api.py for tasks to queue
[2025-08-11T11:38:36.687+0000] {logging_mixin.py:188} INFO - [2025-08-11T11:38:36.687+0000] {dagbag.py:545} INFO - Filling up the DagBag from /home/airflow/.local/lib/python3.12/site-packages/airflow/example_dags/tutorial_taskflow_api.py
[2025-08-11T11:38:36.692+0000] {processor.py:840} INFO - DAG(s) 'tutorial_taskflow_api' retrieved from /home/airflow/.local/lib/python3.12/site-packages/airflow/example_dags/tutorial_taskflow_api.py
[2025-08-11T11:38:36.705+0000] {logging_mixin.py:188} INFO - [2025-08-11T11:38:36.705+0000] {dag.py:3096} INFO - Sync 1 DAGs
[2025-08-11T11:38:36.713+0000] {logging_mixin.py:188} INFO - [2025-08-11T11:38:36.713+0000] {dag.py:3954} INFO - Setting next_dagrun for tutorial_taskflow_api to None, run_after=None
[2025-08-11T11:38:36.729+0000] {processor.py:183} INFO - Processing /home/airflow/.local/lib/python3.12/site-packages/airflow/example_dags/tutorial_taskflow_api.py took 0.049 seconds
[2025-08-11T11:39:07.049+0000] {processor.py:161} INFO - Started process (PID=501) to work on /home/airflow/.local/lib/python3.12/site-packages/airflow/example_dags/tutorial_taskflow_api.py
[2025-08-11T11:39:07.050+0000] {processor.py:830} INFO - Processing file /home/airflow/.local/lib/python3.12/site-packages/airflow/example_dags/tutorial_taskflow_api.py for tasks to queue
[2025-08-11T11:39:07.051+0000] {logging_mixin.py:188} INFO - [2025-08-11T11:39:07.051+0000] {dagbag.py:545} INFO - Filling up the DagBag from /home/airflow/.local/lib/python3.12/site-packages/airflow/example_dags/tutorial_taskflow_api.py
[2025-08-11T11:39:07.059+0000] {processor.py:840} INFO - DAG(s) 'tutorial_taskflow_api' retrieved from /home/airflow/.local/lib/python3.12/site-packages/airflow/example_dags/tutorial_taskflow_api.py
[2025-08-11T11:39:07.071+0000] {logging_mixin.py:188} INFO - [2025-08-11T11:39:07.071+0000] {dag.py:3096} INFO - Sync 1 DAGs
[2025-08-11T11:39:07.079+0000] {logging_mixin.py:188} INFO - [2025-08-11T11:39:07.079+0000] {dag.py:3954} INFO - Setting next_dagrun for tutorial_taskflow_api to None, run_after=None
[2025-08-11T11:39:07.091+0000] {processor.py:183} INFO - Processing /home/airflow/.local/lib/python3.12/site-packages/airflow/example_dags/tutorial_taskflow_api.py took 0.046 seconds
[2025-08-11T11:39:37.274+0000] {processor.py:161} INFO - Started process (PID=559) to work on /home/airflow/.local/lib/python3.12/site-packages/airflow/example_dags/tutorial_taskflow_api.py
[2025-08-11T11:39:37.275+0000] {processor.py:830} INFO - Processing file /home/airflow/.local/lib/python3.12/site-packages/airflow/example_dags/tutorial_taskflow_api.py for tasks to queue
[2025-08-11T11:39:37.276+0000] {logging_mixin.py:188} INFO - [2025-08-11T11:39:37.275+0000] {dagbag.py:545} INFO - Filling up the DagBag from /home/airflow/.local/lib/python3.12/site-packages/airflow/example_dags/tutorial_taskflow_api.py
[2025-08-11T11:39:37.280+0000] {processor.py:840} INFO - DAG(s) 'tutorial_taskflow_api' retrieved from /home/airflow/.local/lib/python3.12/site-packages/airflow/example_dags/tutorial_taskflow_api.py
[2025-08-11T11:39:37.294+0000] {logging_mixin.py:188} INFO - [2025-08-11T11:39:37.294+0000] {dag.py:3096} INFO - Sync 1 DAGs
[2025-08-11T11:39:37.303+0000] {logging_mixin.py:188} INFO - [2025-08-11T11:39:37.303+0000] {dag.py:3954} INFO - Setting next_dagrun for tutorial_taskflow_api to None, run_after=None
[2025-08-11T11:39:37.319+0000] {processor.py:183} INFO - Processing /home/airflow/.local/lib/python3.12/site-packages/airflow/example_dags/tutorial_taskflow_api.py took 0.049 seconds
[2025-08-11T11:40:07.480+0000] {processor.py:161} INFO - Started process (PID=616) to work on /home/airflow/.local/lib/python3.12/site-packages/airflow/example_dags/tutorial_taskflow_api.py
[2025-08-11T11:40:07.481+0000] {processor.py:830} INFO - Processing file /home/airflow/.local/lib/python3.12/site-packages/airflow/example_dags/tutorial_taskflow_api.py for tasks to queue
[2025-08-11T11:40:07.483+0000] {logging_mixin.py:188} INFO - [2025-08-11T11:40:07.483+0000] {dagbag.py:545} INFO - Filling up the DagBag from /home/airflow/.local/lib/python3.12/site-packages/airflow/example_dags/tutorial_taskflow_api.py
[2025-08-11T11:40:07.488+0000] {processor.py:840} INFO - DAG(s) 'tutorial_taskflow_api' retrieved from /home/airflow/.local/lib/python3.12/site-packages/airflow/example_dags/tutorial_taskflow_api.py
[2025-08-11T11:40:07.502+0000] {logging_mixin.py:188} INFO - [2025-08-11T11:40:07.502+0000] {dag.py:3096} INFO - Sync 1 DAGs
[2025-08-11T11:40:07.513+0000] {logging_mixin.py:188} INFO - [2025-08-11T11:40:07.513+0000] {dag.py:3954} INFO - Setting next_dagrun for tutorial_taskflow_api to None, run_after=None
[2025-08-11T11:40:07.527+0000] {processor.py:183} INFO - Processing /home/airflow/.local/lib/python3.12/site-packages/airflow/example_dags/tutorial_taskflow_api.py took 0.052 seconds
[2025-08-11T11:40:38.680+0000] {processor.py:161} INFO - Started process (PID=675) to work on /home/airflow/.local/lib/python3.12/site-packages/airflow/example_dags/tutorial_taskflow_api.py
[2025-08-11T11:40:38.681+0000] {processor.py:830} INFO - Processing file /home/airflow/.local/lib/python3.12/site-packages/airflow/example_dags/tutorial_taskflow_api.py for tasks to queue
[2025-08-11T11:40:38.685+0000] {logging_mixin.py:188} INFO - [2025-08-11T11:40:38.685+0000] {dagbag.py:545} INFO - Filling up the DagBag from /home/airflow/.local/lib/python3.12/site-packages/airflow/example_dags/tutorial_taskflow_api.py
[2025-08-11T11:40:38.690+0000] {processor.py:840} INFO - DAG(s) 'tutorial_taskflow_api' retrieved from /home/airflow/.local/lib/python3.12/site-packages/airflow/example_dags/tutorial_taskflow_api.py
[2025-08-11T11:40:38.705+0000] {logging_mixin.py:188} INFO - [2025-08-11T11:40:38.705+0000] {dag.py:3096} INFO - Sync 1 DAGs
[2025-08-11T11:40:38.713+0000] {logging_mixin.py:188} INFO - [2025-08-11T11:40:38.713+0000] {dag.py:3954} INFO - Setting next_dagrun for tutorial_taskflow_api to None, run_after=None
[2025-08-11T11:40:38.724+0000] {processor.py:183} INFO - Processing /home/airflow/.local/lib/python3.12/site-packages/airflow/example_dags/tutorial_taskflow_api.py took 0.049 seconds
[2025-08-11T11:41:09.707+0000] {processor.py:161} INFO - Started process (PID=733) to work on /home/airflow/.local/lib/python3.12/site-packages/airflow/example_dags/tutorial_taskflow_api.py
[2025-08-11T11:41:09.710+0000] {processor.py:830} INFO - Processing file /home/airflow/.local/lib/python3.12/site-packages/airflow/example_dags/tutorial_taskflow_api.py for tasks to queue
[2025-08-11T11:41:09.711+0000] {logging_mixin.py:188} INFO - [2025-08-11T11:41:09.711+0000] {dagbag.py:545} INFO - Filling up the DagBag from /home/airflow/.local/lib/python3.12/site-packages/airflow/example_dags/tutorial_taskflow_api.py
[2025-08-11T11:41:09.715+0000] {processor.py:840} INFO - DAG(s) 'tutorial_taskflow_api' retrieved from /home/airflow/.local/lib/python3.12/site-packages/airflow/example_dags/tutorial_taskflow_api.py
[2025-08-11T11:41:09.730+0000] {logging_mixin.py:188} INFO - [2025-08-11T11:41:09.730+0000] {dag.py:3096} INFO - Sync 1 DAGs
[2025-08-11T11:41:09.739+0000] {logging_mixin.py:188} INFO - [2025-08-11T11:41:09.739+0000] {dag.py:3954} INFO - Setting next_dagrun for tutorial_taskflow_api to None, run_after=None
[2025-08-11T11:41:09.756+0000] {processor.py:183} INFO - Processing /home/airflow/.local/lib/python3.12/site-packages/airflow/example_dags/tutorial_taskflow_api.py took 0.053 seconds
[2025-08-11T11:41:40.259+0000] {processor.py:161} INFO - Started process (PID=791) to work on /home/airflow/.local/lib/python3.12/site-packages/airflow/example_dags/tutorial_taskflow_api.py
[2025-08-11T11:41:40.261+0000] {processor.py:830} INFO - Processing file /home/airflow/.local/lib/python3.12/site-packages/airflow/example_dags/tutorial_taskflow_api.py for tasks to queue
[2025-08-11T11:41:40.263+0000] {logging_mixin.py:188} INFO - [2025-08-11T11:41:40.263+0000] {dagbag.py:545} INFO - Filling up the DagBag from /home/airflow/.local/lib/python3.12/site-packages/airflow/example_dags/tutorial_taskflow_api.py
[2025-08-11T11:41:40.270+0000] {processor.py:840} INFO - DAG(s) 'tutorial_taskflow_api' retrieved from /home/airflow/.local/lib/python3.12/site-packages/airflow/example_dags/tutorial_taskflow_api.py
[2025-08-11T11:41:40.291+0000] {logging_mixin.py:188} INFO - [2025-08-11T11:41:40.291+0000] {dag.py:3096} INFO - Sync 1 DAGs
[2025-08-11T11:41:40.309+0000] {logging_mixin.py:188} INFO - [2025-08-11T11:41:40.308+0000] {dag.py:3954} INFO - Setting next_dagrun for tutorial_taskflow_api to None, run_after=None
[2025-08-11T11:41:40.326+0000] {processor.py:183} INFO - Processing /home/airflow/.local/lib/python3.12/site-packages/airflow/example_dags/tutorial_taskflow_api.py took 0.075 seconds
[2025-08-11T11:42:11.297+0000] {processor.py:161} INFO - Started process (PID=849) to work on /home/airflow/.local/lib/python3.12/site-packages/airflow/example_dags/tutorial_taskflow_api.py
[2025-08-11T11:42:11.298+0000] {processor.py:830} INFO - Processing file /home/airflow/.local/lib/python3.12/site-packages/airflow/example_dags/tutorial_taskflow_api.py for tasks to queue
[2025-08-11T11:42:11.300+0000] {logging_mixin.py:188} INFO - [2025-08-11T11:42:11.299+0000] {dagbag.py:545} INFO - Filling up the DagBag from /home/airflow/.local/lib/python3.12/site-packages/airflow/example_dags/tutorial_taskflow_api.py
[2025-08-11T11:42:11.307+0000] {processor.py:840} INFO - DAG(s) 'tutorial_taskflow_api' retrieved from /home/airflow/.local/lib/python3.12/site-packages/airflow/example_dags/tutorial_taskflow_api.py
[2025-08-11T11:42:11.325+0000] {logging_mixin.py:188} INFO - [2025-08-11T11:42:11.324+0000] {dag.py:3096} INFO - Sync 1 DAGs
[2025-08-11T11:42:11.341+0000] {logging_mixin.py:188} INFO - [2025-08-11T11:42:11.341+0000] {dag.py:3954} INFO - Setting next_dagrun for tutorial_taskflow_api to None, run_after=None
[2025-08-11T11:42:11.362+0000] {processor.py:183} INFO - Processing /home/airflow/.local/lib/python3.12/site-packages/airflow/example_dags/tutorial_taskflow_api.py took 0.070 seconds
[2025-08-11T11:42:42.126+0000] {processor.py:161} INFO - Started process (PID=907) to work on /home/airflow/.local/lib/python3.12/site-packages/airflow/example_dags/tutorial_taskflow_api.py
[2025-08-11T11:42:42.127+0000] {processor.py:830} INFO - Processing file /home/airflow/.local/lib/python3.12/site-packages/airflow/example_dags/tutorial_taskflow_api.py for tasks to queue
[2025-08-11T11:42:42.128+0000] {logging_mixin.py:188} INFO - [2025-08-11T11:42:42.128+0000] {dagbag.py:545} INFO - Filling up the DagBag from /home/airflow/.local/lib/python3.12/site-packages/airflow/example_dags/tutorial_taskflow_api.py
[2025-08-11T11:42:42.133+0000] {processor.py:840} INFO - DAG(s) 'tutorial_taskflow_api' retrieved from /home/airflow/.local/lib/python3.12/site-packages/airflow/example_dags/tutorial_taskflow_api.py
[2025-08-11T11:42:42.148+0000] {logging_mixin.py:188} INFO - [2025-08-11T11:42:42.148+0000] {dag.py:3096} INFO - Sync 1 DAGs
[2025-08-11T11:42:42.158+0000] {logging_mixin.py:188} INFO - [2025-08-11T11:42:42.158+0000] {dag.py:3954} INFO - Setting next_dagrun for tutorial_taskflow_api to None, run_after=None
[2025-08-11T11:42:42.171+0000] {processor.py:183} INFO - Processing /home/airflow/.local/lib/python3.12/site-packages/airflow/example_dags/tutorial_taskflow_api.py took 0.050 seconds
[2025-08-11T11:43:12.415+0000] {processor.py:161} INFO - Started process (PID=964) to work on /home/airflow/.local/lib/python3.12/site-packages/airflow/example_dags/tutorial_taskflow_api.py
[2025-08-11T11:43:12.419+0000] {processor.py:830} INFO - Processing file /home/airflow/.local/lib/python3.12/site-packages/airflow/example_dags/tutorial_taskflow_api.py for tasks to queue
[2025-08-11T11:43:12.421+0000] {logging_mixin.py:188} INFO - [2025-08-11T11:43:12.421+0000] {dagbag.py:545} INFO - Filling up the DagBag from /home/airflow/.local/lib/python3.12/site-packages/airflow/example_dags/tutorial_taskflow_api.py
[2025-08-11T11:43:12.425+0000] {processor.py:840} INFO - DAG(s) 'tutorial_taskflow_api' retrieved from /home/airflow/.local/lib/python3.12/site-packages/airflow/example_dags/tutorial_taskflow_api.py
[2025-08-11T11:43:12.447+0000] {logging_mixin.py:188} INFO - [2025-08-11T11:43:12.447+0000] {dag.py:3096} INFO - Sync 1 DAGs
[2025-08-11T11:43:12.471+0000] {logging_mixin.py:188} INFO - [2025-08-11T11:43:12.471+0000] {dag.py:3954} INFO - Setting next_dagrun for tutorial_taskflow_api to None, run_after=None
[2025-08-11T11:43:12.490+0000] {processor.py:183} INFO - Processing /home/airflow/.local/lib/python3.12/site-packages/airflow/example_dags/tutorial_taskflow_api.py took 0.080 seconds
[2025-08-11T11:43:42.541+0000] {processor.py:161} INFO - Started process (PID=1022) to work on /home/airflow/.local/lib/python3.12/site-packages/airflow/example_dags/tutorial_taskflow_api.py
[2025-08-11T11:43:42.544+0000] {processor.py:830} INFO - Processing file /home/airflow/.local/lib/python3.12/site-packages/airflow/example_dags/tutorial_taskflow_api.py for tasks to queue
[2025-08-11T11:43:42.547+0000] {logging_mixin.py:188} INFO - [2025-08-11T11:43:42.547+0000] {dagbag.py:545} INFO - Filling up the DagBag from /home/airflow/.local/lib/python3.12/site-packages/airflow/example_dags/tutorial_taskflow_api.py
[2025-08-11T11:43:42.552+0000] {processor.py:840} INFO - DAG(s) 'tutorial_taskflow_api' retrieved from /home/airflow/.local/lib/python3.12/site-packages/airflow/example_dags/tutorial_taskflow_api.py
[2025-08-11T11:43:42.569+0000] {logging_mixin.py:188} INFO - [2025-08-11T11:43:42.569+0000] {dag.py:3096} INFO - Sync 1 DAGs
[2025-08-11T11:43:42.581+0000] {logging_mixin.py:188} INFO - [2025-08-11T11:43:42.581+0000] {dag.py:3954} INFO - Setting next_dagrun for tutorial_taskflow_api to None, run_after=None
[2025-08-11T11:43:42.597+0000] {processor.py:183} INFO - Processing /home/airflow/.local/lib/python3.12/site-packages/airflow/example_dags/tutorial_taskflow_api.py took 0.061 seconds
[2025-08-11T11:44:13.560+0000] {processor.py:161} INFO - Started process (PID=1080) to work on /home/airflow/.local/lib/python3.12/site-packages/airflow/example_dags/tutorial_taskflow_api.py
[2025-08-11T11:44:13.565+0000] {processor.py:830} INFO - Processing file /home/airflow/.local/lib/python3.12/site-packages/airflow/example_dags/tutorial_taskflow_api.py for tasks to queue
[2025-08-11T11:44:13.567+0000] {logging_mixin.py:188} INFO - [2025-08-11T11:44:13.567+0000] {dagbag.py:545} INFO - Filling up the DagBag from /home/airflow/.local/lib/python3.12/site-packages/airflow/example_dags/tutorial_taskflow_api.py
[2025-08-11T11:44:13.576+0000] {processor.py:840} INFO - DAG(s) 'tutorial_taskflow_api' retrieved from /home/airflow/.local/lib/python3.12/site-packages/airflow/example_dags/tutorial_taskflow_api.py
[2025-08-11T11:44:13.589+0000] {logging_mixin.py:188} INFO - [2025-08-11T11:44:13.589+0000] {dag.py:3096} INFO - Sync 1 DAGs
[2025-08-11T11:44:13.598+0000] {logging_mixin.py:188} INFO - [2025-08-11T11:44:13.598+0000] {dag.py:3954} INFO - Setting next_dagrun for tutorial_taskflow_api to None, run_after=None
[2025-08-11T11:44:13.613+0000] {processor.py:183} INFO - Processing /home/airflow/.local/lib/python3.12/site-packages/airflow/example_dags/tutorial_taskflow_api.py took 0.059 seconds
[2025-08-11T11:44:44.080+0000] {processor.py:161} INFO - Started process (PID=1138) to work on /home/airflow/.local/lib/python3.12/site-packages/airflow/example_dags/tutorial_taskflow_api.py
[2025-08-11T11:44:44.081+0000] {processor.py:830} INFO - Processing file /home/airflow/.local/lib/python3.12/site-packages/airflow/example_dags/tutorial_taskflow_api.py for tasks to queue
[2025-08-11T11:44:44.083+0000] {logging_mixin.py:188} INFO - [2025-08-11T11:44:44.082+0000] {dagbag.py:545} INFO - Filling up the DagBag from /home/airflow/.local/lib/python3.12/site-packages/airflow/example_dags/tutorial_taskflow_api.py
[2025-08-11T11:44:44.089+0000] {processor.py:840} INFO - DAG(s) 'tutorial_taskflow_api' retrieved from /home/airflow/.local/lib/python3.12/site-packages/airflow/example_dags/tutorial_taskflow_api.py
[2025-08-11T11:44:44.110+0000] {logging_mixin.py:188} INFO - [2025-08-11T11:44:44.110+0000] {dag.py:3096} INFO - Sync 1 DAGs
[2025-08-11T11:44:44.121+0000] {logging_mixin.py:188} INFO - [2025-08-11T11:44:44.121+0000] {dag.py:3954} INFO - Setting next_dagrun for tutorial_taskflow_api to None, run_after=None
[2025-08-11T11:44:44.136+0000] {processor.py:183} INFO - Processing /home/airflow/.local/lib/python3.12/site-packages/airflow/example_dags/tutorial_taskflow_api.py took 0.062 seconds
[2025-08-11T11:45:14.507+0000] {processor.py:161} INFO - Started process (PID=1196) to work on /home/airflow/.local/lib/python3.12/site-packages/airflow/example_dags/tutorial_taskflow_api.py
[2025-08-11T11:45:14.507+0000] {processor.py:830} INFO - Processing file /home/airflow/.local/lib/python3.12/site-packages/airflow/example_dags/tutorial_taskflow_api.py for tasks to queue
[2025-08-11T11:45:14.508+0000] {logging_mixin.py:188} INFO - [2025-08-11T11:45:14.508+0000] {dagbag.py:545} INFO - Filling up the DagBag from /home/airflow/.local/lib/python3.12/site-packages/airflow/example_dags/tutorial_taskflow_api.py
[2025-08-11T11:45:14.514+0000] {processor.py:840} INFO - DAG(s) 'tutorial_taskflow_api' retrieved from /home/airflow/.local/lib/python3.12/site-packages/airflow/example_dags/tutorial_taskflow_api.py
[2025-08-11T11:45:14.530+0000] {logging_mixin.py:188} INFO - [2025-08-11T11:45:14.529+0000] {dag.py:3096} INFO - Sync 1 DAGs
[2025-08-11T11:45:14.539+0000] {logging_mixin.py:188} INFO - [2025-08-11T11:45:14.539+0000] {dag.py:3954} INFO - Setting next_dagrun for tutorial_taskflow_api to None, run_after=None
[2025-08-11T11:45:14.554+0000] {processor.py:183} INFO - Processing /home/airflow/.local/lib/python3.12/site-packages/airflow/example_dags/tutorial_taskflow_api.py took 0.057 seconds
[2025-08-11T11:45:44.902+0000] {processor.py:161} INFO - Started process (PID=1254) to work on /home/airflow/.local/lib/python3.12/site-packages/airflow/example_dags/tutorial_taskflow_api.py
[2025-08-11T11:45:44.905+0000] {processor.py:830} INFO - Processing file /home/airflow/.local/lib/python3.12/site-packages/airflow/example_dags/tutorial_taskflow_api.py for tasks to queue
[2025-08-11T11:45:44.908+0000] {logging_mixin.py:188} INFO - [2025-08-11T11:45:44.908+0000] {dagbag.py:545} INFO - Filling up the DagBag from /home/airflow/.local/lib/python3.12/site-packages/airflow/example_dags/tutorial_taskflow_api.py
[2025-08-11T11:45:44.913+0000] {processor.py:840} INFO - DAG(s) 'tutorial_taskflow_api' retrieved from /home/airflow/.local/lib/python3.12/site-packages/airflow/example_dags/tutorial_taskflow_api.py
[2025-08-11T11:45:44.927+0000] {logging_mixin.py:188} INFO - [2025-08-11T11:45:44.927+0000] {dag.py:3096} INFO - Sync 1 DAGs
[2025-08-11T11:45:44.936+0000] {logging_mixin.py:188} INFO - [2025-08-11T11:45:44.935+0000] {dag.py:3954} INFO - Setting next_dagrun for tutorial_taskflow_api to None, run_after=None
[2025-08-11T11:45:44.949+0000] {processor.py:183} INFO - Processing /home/airflow/.local/lib/python3.12/site-packages/airflow/example_dags/tutorial_taskflow_api.py took 0.051 seconds
[2025-08-11T11:46:15.127+0000] {processor.py:161} INFO - Started process (PID=1313) to work on /home/airflow/.local/lib/python3.12/site-packages/airflow/example_dags/tutorial_taskflow_api.py
[2025-08-11T11:46:15.130+0000] {processor.py:830} INFO - Processing file /home/airflow/.local/lib/python3.12/site-packages/airflow/example_dags/tutorial_taskflow_api.py for tasks to queue
[2025-08-11T11:46:15.132+0000] {logging_mixin.py:188} INFO - [2025-08-11T11:46:15.132+0000] {dagbag.py:545} INFO - Filling up the DagBag from /home/airflow/.local/lib/python3.12/site-packages/airflow/example_dags/tutorial_taskflow_api.py
[2025-08-11T11:46:15.138+0000] {processor.py:840} INFO - DAG(s) 'tutorial_taskflow_api' retrieved from /home/airflow/.local/lib/python3.12/site-packages/airflow/example_dags/tutorial_taskflow_api.py
[2025-08-11T11:46:15.153+0000] {logging_mixin.py:188} INFO - [2025-08-11T11:46:15.153+0000] {dag.py:3096} INFO - Sync 1 DAGs
[2025-08-11T11:46:15.162+0000] {logging_mixin.py:188} INFO - [2025-08-11T11:46:15.162+0000] {dag.py:3954} INFO - Setting next_dagrun for tutorial_taskflow_api to None, run_after=None
[2025-08-11T11:46:15.172+0000] {processor.py:183} INFO - Processing /home/airflow/.local/lib/python3.12/site-packages/airflow/example_dags/tutorial_taskflow_api.py took 0.050 seconds
