[2025-08-11T11:35:30.442+0000] {processor.py:161} INFO - Started process (PID=72) to work on /home/airflow/.local/lib/python3.12/site-packages/airflow/example_dags/tutorial_dag.py
[2025-08-11T11:35:30.444+0000] {processor.py:830} INFO - Processing file /home/airflow/.local/lib/python3.12/site-packages/airflow/example_dags/tutorial_dag.py for tasks to queue
[2025-08-11T11:35:30.446+0000] {logging_mixin.py:188} INFO - [2025-08-11T11:35:30.446+0000] {dagbag.py:545} INFO - Filling up the DagBag from /home/airflow/.local/lib/python3.12/site-packages/airflow/example_dags/tutorial_dag.py
[2025-08-11T11:35:30.460+0000] {processor.py:840} INFO - DAG(s) 'tutorial_dag' retrieved from /home/airflow/.local/lib/python3.12/site-packages/airflow/example_dags/tutorial_dag.py
[2025-08-11T11:35:30.707+0000] {logging_mixin.py:188} INFO - [2025-08-11T11:35:30.707+0000] {override.py:1829} INFO - Created Permission View: can read on DAG:tutorial_dag
[2025-08-11T11:35:30.720+0000] {logging_mixin.py:188} INFO - [2025-08-11T11:35:30.720+0000] {override.py:1829} INFO - Created Permission View: can delete on DAG:tutorial_dag
[2025-08-11T11:35:30.729+0000] {logging_mixin.py:188} INFO - [2025-08-11T11:35:30.729+0000] {override.py:1829} INFO - Created Permission View: can edit on DAG:tutorial_dag
[2025-08-11T11:35:30.730+0000] {logging_mixin.py:188} INFO - [2025-08-11T11:35:30.730+0000] {dag.py:3096} INFO - Sync 1 DAGs
[2025-08-11T11:35:30.743+0000] {logging_mixin.py:188} INFO - [2025-08-11T11:35:30.743+0000] {dag.py:3118} INFO - Creating ORM DAG for tutorial_dag
[2025-08-11T11:35:30.744+0000] {logging_mixin.py:188} INFO - [2025-08-11T11:35:30.744+0000] {dag.py:3954} INFO - Setting next_dagrun for tutorial_dag to None, run_after=None
[2025-08-11T11:35:30.766+0000] {processor.py:183} INFO - Processing /home/airflow/.local/lib/python3.12/site-packages/airflow/example_dags/tutorial_dag.py took 0.337 seconds
[2025-08-11T11:36:00.825+0000] {processor.py:161} INFO - Started process (PID=130) to work on /home/airflow/.local/lib/python3.12/site-packages/airflow/example_dags/tutorial_dag.py
[2025-08-11T11:36:00.825+0000] {processor.py:830} INFO - Processing file /home/airflow/.local/lib/python3.12/site-packages/airflow/example_dags/tutorial_dag.py for tasks to queue
[2025-08-11T11:36:00.827+0000] {logging_mixin.py:188} INFO - [2025-08-11T11:36:00.827+0000] {dagbag.py:545} INFO - Filling up the DagBag from /home/airflow/.local/lib/python3.12/site-packages/airflow/example_dags/tutorial_dag.py
[2025-08-11T11:36:00.830+0000] {processor.py:840} INFO - DAG(s) 'tutorial_dag' retrieved from /home/airflow/.local/lib/python3.12/site-packages/airflow/example_dags/tutorial_dag.py
[2025-08-11T11:36:00.848+0000] {logging_mixin.py:188} INFO - [2025-08-11T11:36:00.847+0000] {dag.py:3096} INFO - Sync 1 DAGs
[2025-08-11T11:36:00.857+0000] {logging_mixin.py:188} INFO - [2025-08-11T11:36:00.857+0000] {dag.py:3954} INFO - Setting next_dagrun for tutorial_dag to None, run_after=None
[2025-08-11T11:36:00.869+0000] {processor.py:183} INFO - Processing /home/airflow/.local/lib/python3.12/site-packages/airflow/example_dags/tutorial_dag.py took 0.050 seconds
[2025-08-11T11:36:30.951+0000] {processor.py:161} INFO - Started process (PID=188) to work on /home/airflow/.local/lib/python3.12/site-packages/airflow/example_dags/tutorial_dag.py
[2025-08-11T11:36:30.952+0000] {processor.py:830} INFO - Processing file /home/airflow/.local/lib/python3.12/site-packages/airflow/example_dags/tutorial_dag.py for tasks to queue
[2025-08-11T11:36:30.953+0000] {logging_mixin.py:188} INFO - [2025-08-11T11:36:30.953+0000] {dagbag.py:545} INFO - Filling up the DagBag from /home/airflow/.local/lib/python3.12/site-packages/airflow/example_dags/tutorial_dag.py
[2025-08-11T11:36:30.957+0000] {processor.py:840} INFO - DAG(s) 'tutorial_dag' retrieved from /home/airflow/.local/lib/python3.12/site-packages/airflow/example_dags/tutorial_dag.py
[2025-08-11T11:36:30.970+0000] {logging_mixin.py:188} INFO - [2025-08-11T11:36:30.970+0000] {dag.py:3096} INFO - Sync 1 DAGs
[2025-08-11T11:36:30.978+0000] {logging_mixin.py:188} INFO - [2025-08-11T11:36:30.978+0000] {dag.py:3954} INFO - Setting next_dagrun for tutorial_dag to None, run_after=None
[2025-08-11T11:36:30.992+0000] {processor.py:183} INFO - Processing /home/airflow/.local/lib/python3.12/site-packages/airflow/example_dags/tutorial_dag.py took 0.045 seconds
[2025-08-11T11:37:01.208+0000] {processor.py:161} INFO - Started process (PID=246) to work on /home/airflow/.local/lib/python3.12/site-packages/airflow/example_dags/tutorial_dag.py
[2025-08-11T11:37:01.209+0000] {processor.py:830} INFO - Processing file /home/airflow/.local/lib/python3.12/site-packages/airflow/example_dags/tutorial_dag.py for tasks to queue
[2025-08-11T11:37:01.211+0000] {logging_mixin.py:188} INFO - [2025-08-11T11:37:01.211+0000] {dagbag.py:545} INFO - Filling up the DagBag from /home/airflow/.local/lib/python3.12/site-packages/airflow/example_dags/tutorial_dag.py
[2025-08-11T11:37:01.215+0000] {processor.py:840} INFO - DAG(s) 'tutorial_dag' retrieved from /home/airflow/.local/lib/python3.12/site-packages/airflow/example_dags/tutorial_dag.py
[2025-08-11T11:37:01.231+0000] {logging_mixin.py:188} INFO - [2025-08-11T11:37:01.231+0000] {dag.py:3096} INFO - Sync 1 DAGs
[2025-08-11T11:37:01.239+0000] {logging_mixin.py:188} INFO - [2025-08-11T11:37:01.239+0000] {dag.py:3954} INFO - Setting next_dagrun for tutorial_dag to None, run_after=None
[2025-08-11T11:37:01.255+0000] {processor.py:183} INFO - Processing /home/airflow/.local/lib/python3.12/site-packages/airflow/example_dags/tutorial_dag.py took 0.052 seconds
[2025-08-11T11:37:31.613+0000] {processor.py:161} INFO - Started process (PID=304) to work on /home/airflow/.local/lib/python3.12/site-packages/airflow/example_dags/tutorial_dag.py
[2025-08-11T11:37:31.614+0000] {processor.py:830} INFO - Processing file /home/airflow/.local/lib/python3.12/site-packages/airflow/example_dags/tutorial_dag.py for tasks to queue
[2025-08-11T11:37:31.617+0000] {logging_mixin.py:188} INFO - [2025-08-11T11:37:31.617+0000] {dagbag.py:545} INFO - Filling up the DagBag from /home/airflow/.local/lib/python3.12/site-packages/airflow/example_dags/tutorial_dag.py
[2025-08-11T11:37:31.623+0000] {processor.py:840} INFO - DAG(s) 'tutorial_dag' retrieved from /home/airflow/.local/lib/python3.12/site-packages/airflow/example_dags/tutorial_dag.py
[2025-08-11T11:37:31.641+0000] {logging_mixin.py:188} INFO - [2025-08-11T11:37:31.641+0000] {dag.py:3096} INFO - Sync 1 DAGs
[2025-08-11T11:37:31.652+0000] {logging_mixin.py:188} INFO - [2025-08-11T11:37:31.652+0000] {dag.py:3954} INFO - Setting next_dagrun for tutorial_dag to None, run_after=None
[2025-08-11T11:37:31.664+0000] {processor.py:183} INFO - Processing /home/airflow/.local/lib/python3.12/site-packages/airflow/example_dags/tutorial_dag.py took 0.057 seconds
[2025-08-11T11:38:02.148+0000] {processor.py:161} INFO - Started process (PID=361) to work on /home/airflow/.local/lib/python3.12/site-packages/airflow/example_dags/tutorial_dag.py
[2025-08-11T11:38:02.149+0000] {processor.py:830} INFO - Processing file /home/airflow/.local/lib/python3.12/site-packages/airflow/example_dags/tutorial_dag.py for tasks to queue
[2025-08-11T11:38:02.150+0000] {logging_mixin.py:188} INFO - [2025-08-11T11:38:02.150+0000] {dagbag.py:545} INFO - Filling up the DagBag from /home/airflow/.local/lib/python3.12/site-packages/airflow/example_dags/tutorial_dag.py
[2025-08-11T11:38:02.154+0000] {processor.py:840} INFO - DAG(s) 'tutorial_dag' retrieved from /home/airflow/.local/lib/python3.12/site-packages/airflow/example_dags/tutorial_dag.py
[2025-08-11T11:38:02.167+0000] {logging_mixin.py:188} INFO - [2025-08-11T11:38:02.167+0000] {dag.py:3096} INFO - Sync 1 DAGs
[2025-08-11T11:38:02.175+0000] {logging_mixin.py:188} INFO - [2025-08-11T11:38:02.175+0000] {dag.py:3954} INFO - Setting next_dagrun for tutorial_dag to None, run_after=None
[2025-08-11T11:38:02.187+0000] {processor.py:183} INFO - Processing /home/airflow/.local/lib/python3.12/site-packages/airflow/example_dags/tutorial_dag.py took 0.043 seconds
[2025-08-11T11:38:32.471+0000] {processor.py:161} INFO - Started process (PID=419) to work on /home/airflow/.local/lib/python3.12/site-packages/airflow/example_dags/tutorial_dag.py
[2025-08-11T11:38:32.472+0000] {processor.py:830} INFO - Processing file /home/airflow/.local/lib/python3.12/site-packages/airflow/example_dags/tutorial_dag.py for tasks to queue
[2025-08-11T11:38:32.474+0000] {logging_mixin.py:188} INFO - [2025-08-11T11:38:32.473+0000] {dagbag.py:545} INFO - Filling up the DagBag from /home/airflow/.local/lib/python3.12/site-packages/airflow/example_dags/tutorial_dag.py
[2025-08-11T11:38:32.477+0000] {processor.py:840} INFO - DAG(s) 'tutorial_dag' retrieved from /home/airflow/.local/lib/python3.12/site-packages/airflow/example_dags/tutorial_dag.py
[2025-08-11T11:38:32.490+0000] {logging_mixin.py:188} INFO - [2025-08-11T11:38:32.490+0000] {dag.py:3096} INFO - Sync 1 DAGs
[2025-08-11T11:38:32.498+0000] {logging_mixin.py:188} INFO - [2025-08-11T11:38:32.498+0000] {dag.py:3954} INFO - Setting next_dagrun for tutorial_dag to None, run_after=None
[2025-08-11T11:38:32.513+0000] {processor.py:183} INFO - Processing /home/airflow/.local/lib/python3.12/site-packages/airflow/example_dags/tutorial_dag.py took 0.047 seconds
[2025-08-11T11:39:02.965+0000] {processor.py:161} INFO - Started process (PID=477) to work on /home/airflow/.local/lib/python3.12/site-packages/airflow/example_dags/tutorial_dag.py
[2025-08-11T11:39:02.968+0000] {processor.py:830} INFO - Processing file /home/airflow/.local/lib/python3.12/site-packages/airflow/example_dags/tutorial_dag.py for tasks to queue
[2025-08-11T11:39:02.970+0000] {logging_mixin.py:188} INFO - [2025-08-11T11:39:02.969+0000] {dagbag.py:545} INFO - Filling up the DagBag from /home/airflow/.local/lib/python3.12/site-packages/airflow/example_dags/tutorial_dag.py
[2025-08-11T11:39:02.974+0000] {processor.py:840} INFO - DAG(s) 'tutorial_dag' retrieved from /home/airflow/.local/lib/python3.12/site-packages/airflow/example_dags/tutorial_dag.py
[2025-08-11T11:39:02.990+0000] {logging_mixin.py:188} INFO - [2025-08-11T11:39:02.989+0000] {dag.py:3096} INFO - Sync 1 DAGs
[2025-08-11T11:39:03.000+0000] {logging_mixin.py:188} INFO - [2025-08-11T11:39:03.000+0000] {dag.py:3954} INFO - Setting next_dagrun for tutorial_dag to None, run_after=None
[2025-08-11T11:39:03.013+0000] {processor.py:183} INFO - Processing /home/airflow/.local/lib/python3.12/site-packages/airflow/example_dags/tutorial_dag.py took 0.054 seconds
[2025-08-11T11:39:33.309+0000] {processor.py:161} INFO - Started process (PID=535) to work on /home/airflow/.local/lib/python3.12/site-packages/airflow/example_dags/tutorial_dag.py
[2025-08-11T11:39:33.310+0000] {processor.py:830} INFO - Processing file /home/airflow/.local/lib/python3.12/site-packages/airflow/example_dags/tutorial_dag.py for tasks to queue
[2025-08-11T11:39:33.311+0000] {logging_mixin.py:188} INFO - [2025-08-11T11:39:33.311+0000] {dagbag.py:545} INFO - Filling up the DagBag from /home/airflow/.local/lib/python3.12/site-packages/airflow/example_dags/tutorial_dag.py
[2025-08-11T11:39:33.314+0000] {processor.py:840} INFO - DAG(s) 'tutorial_dag' retrieved from /home/airflow/.local/lib/python3.12/site-packages/airflow/example_dags/tutorial_dag.py
[2025-08-11T11:39:33.328+0000] {logging_mixin.py:188} INFO - [2025-08-11T11:39:33.328+0000] {dag.py:3096} INFO - Sync 1 DAGs
[2025-08-11T11:39:33.336+0000] {logging_mixin.py:188} INFO - [2025-08-11T11:39:33.336+0000] {dag.py:3954} INFO - Setting next_dagrun for tutorial_dag to None, run_after=None
[2025-08-11T11:39:33.347+0000] {processor.py:183} INFO - Processing /home/airflow/.local/lib/python3.12/site-packages/airflow/example_dags/tutorial_dag.py took 0.043 seconds
[2025-08-11T11:40:03.646+0000] {processor.py:161} INFO - Started process (PID=593) to work on /home/airflow/.local/lib/python3.12/site-packages/airflow/example_dags/tutorial_dag.py
[2025-08-11T11:40:03.647+0000] {processor.py:830} INFO - Processing file /home/airflow/.local/lib/python3.12/site-packages/airflow/example_dags/tutorial_dag.py for tasks to queue
[2025-08-11T11:40:03.649+0000] {logging_mixin.py:188} INFO - [2025-08-11T11:40:03.648+0000] {dagbag.py:545} INFO - Filling up the DagBag from /home/airflow/.local/lib/python3.12/site-packages/airflow/example_dags/tutorial_dag.py
[2025-08-11T11:40:03.653+0000] {processor.py:840} INFO - DAG(s) 'tutorial_dag' retrieved from /home/airflow/.local/lib/python3.12/site-packages/airflow/example_dags/tutorial_dag.py
[2025-08-11T11:40:03.668+0000] {logging_mixin.py:188} INFO - [2025-08-11T11:40:03.668+0000] {dag.py:3096} INFO - Sync 1 DAGs
[2025-08-11T11:40:03.677+0000] {logging_mixin.py:188} INFO - [2025-08-11T11:40:03.677+0000] {dag.py:3954} INFO - Setting next_dagrun for tutorial_dag to None, run_after=None
[2025-08-11T11:40:03.689+0000] {processor.py:183} INFO - Processing /home/airflow/.local/lib/python3.12/site-packages/airflow/example_dags/tutorial_dag.py took 0.048 seconds
[2025-08-11T11:40:34.229+0000] {processor.py:161} INFO - Started process (PID=651) to work on /home/airflow/.local/lib/python3.12/site-packages/airflow/example_dags/tutorial_dag.py
[2025-08-11T11:40:34.230+0000] {processor.py:830} INFO - Processing file /home/airflow/.local/lib/python3.12/site-packages/airflow/example_dags/tutorial_dag.py for tasks to queue
[2025-08-11T11:40:34.232+0000] {logging_mixin.py:188} INFO - [2025-08-11T11:40:34.232+0000] {dagbag.py:545} INFO - Filling up the DagBag from /home/airflow/.local/lib/python3.12/site-packages/airflow/example_dags/tutorial_dag.py
[2025-08-11T11:40:34.236+0000] {processor.py:840} INFO - DAG(s) 'tutorial_dag' retrieved from /home/airflow/.local/lib/python3.12/site-packages/airflow/example_dags/tutorial_dag.py
[2025-08-11T11:40:34.253+0000] {logging_mixin.py:188} INFO - [2025-08-11T11:40:34.253+0000] {dag.py:3096} INFO - Sync 1 DAGs
[2025-08-11T11:40:34.263+0000] {logging_mixin.py:188} INFO - [2025-08-11T11:40:34.262+0000] {dag.py:3954} INFO - Setting next_dagrun for tutorial_dag to None, run_after=None
[2025-08-11T11:40:34.275+0000] {processor.py:183} INFO - Processing /home/airflow/.local/lib/python3.12/site-packages/airflow/example_dags/tutorial_dag.py took 0.052 seconds
[2025-08-11T11:41:04.609+0000] {processor.py:161} INFO - Started process (PID=709) to work on /home/airflow/.local/lib/python3.12/site-packages/airflow/example_dags/tutorial_dag.py
[2025-08-11T11:41:04.610+0000] {processor.py:830} INFO - Processing file /home/airflow/.local/lib/python3.12/site-packages/airflow/example_dags/tutorial_dag.py for tasks to queue
[2025-08-11T11:41:04.611+0000] {logging_mixin.py:188} INFO - [2025-08-11T11:41:04.611+0000] {dagbag.py:545} INFO - Filling up the DagBag from /home/airflow/.local/lib/python3.12/site-packages/airflow/example_dags/tutorial_dag.py
[2025-08-11T11:41:04.615+0000] {processor.py:840} INFO - DAG(s) 'tutorial_dag' retrieved from /home/airflow/.local/lib/python3.12/site-packages/airflow/example_dags/tutorial_dag.py
[2025-08-11T11:41:04.634+0000] {logging_mixin.py:188} INFO - [2025-08-11T11:41:04.634+0000] {dag.py:3096} INFO - Sync 1 DAGs
[2025-08-11T11:41:04.645+0000] {logging_mixin.py:188} INFO - [2025-08-11T11:41:04.645+0000] {dag.py:3954} INFO - Setting next_dagrun for tutorial_dag to None, run_after=None
[2025-08-11T11:41:04.660+0000] {processor.py:183} INFO - Processing /home/airflow/.local/lib/python3.12/site-packages/airflow/example_dags/tutorial_dag.py took 0.056 seconds
[2025-08-11T11:41:35.011+0000] {processor.py:161} INFO - Started process (PID=767) to work on /home/airflow/.local/lib/python3.12/site-packages/airflow/example_dags/tutorial_dag.py
[2025-08-11T11:41:35.012+0000] {processor.py:830} INFO - Processing file /home/airflow/.local/lib/python3.12/site-packages/airflow/example_dags/tutorial_dag.py for tasks to queue
[2025-08-11T11:41:35.013+0000] {logging_mixin.py:188} INFO - [2025-08-11T11:41:35.013+0000] {dagbag.py:545} INFO - Filling up the DagBag from /home/airflow/.local/lib/python3.12/site-packages/airflow/example_dags/tutorial_dag.py
[2025-08-11T11:41:35.019+0000] {processor.py:840} INFO - DAG(s) 'tutorial_dag' retrieved from /home/airflow/.local/lib/python3.12/site-packages/airflow/example_dags/tutorial_dag.py
[2025-08-11T11:41:35.042+0000] {logging_mixin.py:188} INFO - [2025-08-11T11:41:35.041+0000] {dag.py:3096} INFO - Sync 1 DAGs
[2025-08-11T11:41:35.058+0000] {logging_mixin.py:188} INFO - [2025-08-11T11:41:35.058+0000] {dag.py:3954} INFO - Setting next_dagrun for tutorial_dag to None, run_after=None
[2025-08-11T11:41:35.081+0000] {processor.py:183} INFO - Processing /home/airflow/.local/lib/python3.12/site-packages/airflow/example_dags/tutorial_dag.py took 0.075 seconds
[2025-08-11T11:42:05.163+0000] {processor.py:161} INFO - Started process (PID=825) to work on /home/airflow/.local/lib/python3.12/site-packages/airflow/example_dags/tutorial_dag.py
[2025-08-11T11:42:05.165+0000] {processor.py:830} INFO - Processing file /home/airflow/.local/lib/python3.12/site-packages/airflow/example_dags/tutorial_dag.py for tasks to queue
[2025-08-11T11:42:05.166+0000] {logging_mixin.py:188} INFO - [2025-08-11T11:42:05.165+0000] {dagbag.py:545} INFO - Filling up the DagBag from /home/airflow/.local/lib/python3.12/site-packages/airflow/example_dags/tutorial_dag.py
[2025-08-11T11:42:05.169+0000] {processor.py:840} INFO - DAG(s) 'tutorial_dag' retrieved from /home/airflow/.local/lib/python3.12/site-packages/airflow/example_dags/tutorial_dag.py
[2025-08-11T11:42:05.181+0000] {logging_mixin.py:188} INFO - [2025-08-11T11:42:05.181+0000] {dag.py:3096} INFO - Sync 1 DAGs
[2025-08-11T11:42:05.189+0000] {logging_mixin.py:188} INFO - [2025-08-11T11:42:05.188+0000] {dag.py:3954} INFO - Setting next_dagrun for tutorial_dag to None, run_after=None
[2025-08-11T11:42:05.199+0000] {processor.py:183} INFO - Processing /home/airflow/.local/lib/python3.12/site-packages/airflow/example_dags/tutorial_dag.py took 0.040 seconds
[2025-08-11T11:42:35.651+0000] {processor.py:161} INFO - Started process (PID=883) to work on /home/airflow/.local/lib/python3.12/site-packages/airflow/example_dags/tutorial_dag.py
[2025-08-11T11:42:35.652+0000] {processor.py:830} INFO - Processing file /home/airflow/.local/lib/python3.12/site-packages/airflow/example_dags/tutorial_dag.py for tasks to queue
[2025-08-11T11:42:35.654+0000] {logging_mixin.py:188} INFO - [2025-08-11T11:42:35.654+0000] {dagbag.py:545} INFO - Filling up the DagBag from /home/airflow/.local/lib/python3.12/site-packages/airflow/example_dags/tutorial_dag.py
[2025-08-11T11:42:35.658+0000] {processor.py:840} INFO - DAG(s) 'tutorial_dag' retrieved from /home/airflow/.local/lib/python3.12/site-packages/airflow/example_dags/tutorial_dag.py
[2025-08-11T11:42:35.674+0000] {logging_mixin.py:188} INFO - [2025-08-11T11:42:35.673+0000] {dag.py:3096} INFO - Sync 1 DAGs
[2025-08-11T11:42:35.681+0000] {logging_mixin.py:188} INFO - [2025-08-11T11:42:35.681+0000] {dag.py:3954} INFO - Setting next_dagrun for tutorial_dag to None, run_after=None
[2025-08-11T11:42:35.692+0000] {processor.py:183} INFO - Processing /home/airflow/.local/lib/python3.12/site-packages/airflow/example_dags/tutorial_dag.py took 0.045 seconds
[2025-08-11T11:43:06.293+0000] {processor.py:161} INFO - Started process (PID=941) to work on /home/airflow/.local/lib/python3.12/site-packages/airflow/example_dags/tutorial_dag.py
[2025-08-11T11:43:06.294+0000] {processor.py:830} INFO - Processing file /home/airflow/.local/lib/python3.12/site-packages/airflow/example_dags/tutorial_dag.py for tasks to queue
[2025-08-11T11:43:06.296+0000] {logging_mixin.py:188} INFO - [2025-08-11T11:43:06.295+0000] {dagbag.py:545} INFO - Filling up the DagBag from /home/airflow/.local/lib/python3.12/site-packages/airflow/example_dags/tutorial_dag.py
[2025-08-11T11:43:06.299+0000] {processor.py:840} INFO - DAG(s) 'tutorial_dag' retrieved from /home/airflow/.local/lib/python3.12/site-packages/airflow/example_dags/tutorial_dag.py
[2025-08-11T11:43:06.319+0000] {logging_mixin.py:188} INFO - [2025-08-11T11:43:06.318+0000] {dag.py:3096} INFO - Sync 1 DAGs
[2025-08-11T11:43:06.327+0000] {logging_mixin.py:188} INFO - [2025-08-11T11:43:06.327+0000] {dag.py:3954} INFO - Setting next_dagrun for tutorial_dag to None, run_after=None
[2025-08-11T11:43:06.339+0000] {processor.py:183} INFO - Processing /home/airflow/.local/lib/python3.12/site-packages/airflow/example_dags/tutorial_dag.py took 0.050 seconds
[2025-08-11T11:43:36.440+0000] {processor.py:161} INFO - Started process (PID=999) to work on /home/airflow/.local/lib/python3.12/site-packages/airflow/example_dags/tutorial_dag.py
[2025-08-11T11:43:36.441+0000] {processor.py:830} INFO - Processing file /home/airflow/.local/lib/python3.12/site-packages/airflow/example_dags/tutorial_dag.py for tasks to queue
[2025-08-11T11:43:36.443+0000] {logging_mixin.py:188} INFO - [2025-08-11T11:43:36.443+0000] {dagbag.py:545} INFO - Filling up the DagBag from /home/airflow/.local/lib/python3.12/site-packages/airflow/example_dags/tutorial_dag.py
[2025-08-11T11:43:36.446+0000] {processor.py:840} INFO - DAG(s) 'tutorial_dag' retrieved from /home/airflow/.local/lib/python3.12/site-packages/airflow/example_dags/tutorial_dag.py
[2025-08-11T11:43:36.464+0000] {logging_mixin.py:188} INFO - [2025-08-11T11:43:36.464+0000] {dag.py:3096} INFO - Sync 1 DAGs
[2025-08-11T11:43:36.473+0000] {logging_mixin.py:188} INFO - [2025-08-11T11:43:36.473+0000] {dag.py:3954} INFO - Setting next_dagrun for tutorial_dag to None, run_after=None
[2025-08-11T11:43:36.483+0000] {processor.py:183} INFO - Processing /home/airflow/.local/lib/python3.12/site-packages/airflow/example_dags/tutorial_dag.py took 0.046 seconds
[2025-08-11T11:44:06.663+0000] {processor.py:161} INFO - Started process (PID=1057) to work on /home/airflow/.local/lib/python3.12/site-packages/airflow/example_dags/tutorial_dag.py
[2025-08-11T11:44:06.667+0000] {processor.py:830} INFO - Processing file /home/airflow/.local/lib/python3.12/site-packages/airflow/example_dags/tutorial_dag.py for tasks to queue
[2025-08-11T11:44:06.669+0000] {logging_mixin.py:188} INFO - [2025-08-11T11:44:06.669+0000] {dagbag.py:545} INFO - Filling up the DagBag from /home/airflow/.local/lib/python3.12/site-packages/airflow/example_dags/tutorial_dag.py
[2025-08-11T11:44:06.673+0000] {processor.py:840} INFO - DAG(s) 'tutorial_dag' retrieved from /home/airflow/.local/lib/python3.12/site-packages/airflow/example_dags/tutorial_dag.py
[2025-08-11T11:44:06.687+0000] {logging_mixin.py:188} INFO - [2025-08-11T11:44:06.687+0000] {dag.py:3096} INFO - Sync 1 DAGs
[2025-08-11T11:44:06.695+0000] {logging_mixin.py:188} INFO - [2025-08-11T11:44:06.695+0000] {dag.py:3954} INFO - Setting next_dagrun for tutorial_dag to None, run_after=None
[2025-08-11T11:44:06.709+0000] {processor.py:183} INFO - Processing /home/airflow/.local/lib/python3.12/site-packages/airflow/example_dags/tutorial_dag.py took 0.050 seconds
[2025-08-11T11:44:36.995+0000] {processor.py:161} INFO - Started process (PID=1115) to work on /home/airflow/.local/lib/python3.12/site-packages/airflow/example_dags/tutorial_dag.py
[2025-08-11T11:44:36.997+0000] {processor.py:830} INFO - Processing file /home/airflow/.local/lib/python3.12/site-packages/airflow/example_dags/tutorial_dag.py for tasks to queue
[2025-08-11T11:44:36.999+0000] {logging_mixin.py:188} INFO - [2025-08-11T11:44:36.998+0000] {dagbag.py:545} INFO - Filling up the DagBag from /home/airflow/.local/lib/python3.12/site-packages/airflow/example_dags/tutorial_dag.py
[2025-08-11T11:44:37.002+0000] {processor.py:840} INFO - DAG(s) 'tutorial_dag' retrieved from /home/airflow/.local/lib/python3.12/site-packages/airflow/example_dags/tutorial_dag.py
[2025-08-11T11:44:37.017+0000] {logging_mixin.py:188} INFO - [2025-08-11T11:44:37.017+0000] {dag.py:3096} INFO - Sync 1 DAGs
[2025-08-11T11:44:37.027+0000] {logging_mixin.py:188} INFO - [2025-08-11T11:44:37.027+0000] {dag.py:3954} INFO - Setting next_dagrun for tutorial_dag to None, run_after=None
[2025-08-11T11:44:37.051+0000] {processor.py:183} INFO - Processing /home/airflow/.local/lib/python3.12/site-packages/airflow/example_dags/tutorial_dag.py took 0.060 seconds
[2025-08-11T11:45:07.618+0000] {processor.py:161} INFO - Started process (PID=1173) to work on /home/airflow/.local/lib/python3.12/site-packages/airflow/example_dags/tutorial_dag.py
[2025-08-11T11:45:07.619+0000] {processor.py:830} INFO - Processing file /home/airflow/.local/lib/python3.12/site-packages/airflow/example_dags/tutorial_dag.py for tasks to queue
[2025-08-11T11:45:07.622+0000] {logging_mixin.py:188} INFO - [2025-08-11T11:45:07.622+0000] {dagbag.py:545} INFO - Filling up the DagBag from /home/airflow/.local/lib/python3.12/site-packages/airflow/example_dags/tutorial_dag.py
[2025-08-11T11:45:07.626+0000] {processor.py:840} INFO - DAG(s) 'tutorial_dag' retrieved from /home/airflow/.local/lib/python3.12/site-packages/airflow/example_dags/tutorial_dag.py
[2025-08-11T11:45:07.639+0000] {logging_mixin.py:188} INFO - [2025-08-11T11:45:07.639+0000] {dag.py:3096} INFO - Sync 1 DAGs
[2025-08-11T11:45:07.647+0000] {logging_mixin.py:188} INFO - [2025-08-11T11:45:07.647+0000] {dag.py:3954} INFO - Setting next_dagrun for tutorial_dag to None, run_after=None
[2025-08-11T11:45:07.659+0000] {processor.py:183} INFO - Processing /home/airflow/.local/lib/python3.12/site-packages/airflow/example_dags/tutorial_dag.py took 0.045 seconds
[2025-08-11T11:45:37.892+0000] {processor.py:161} INFO - Started process (PID=1231) to work on /home/airflow/.local/lib/python3.12/site-packages/airflow/example_dags/tutorial_dag.py
[2025-08-11T11:45:37.895+0000] {processor.py:830} INFO - Processing file /home/airflow/.local/lib/python3.12/site-packages/airflow/example_dags/tutorial_dag.py for tasks to queue
[2025-08-11T11:45:37.897+0000] {logging_mixin.py:188} INFO - [2025-08-11T11:45:37.897+0000] {dagbag.py:545} INFO - Filling up the DagBag from /home/airflow/.local/lib/python3.12/site-packages/airflow/example_dags/tutorial_dag.py
[2025-08-11T11:45:37.901+0000] {processor.py:840} INFO - DAG(s) 'tutorial_dag' retrieved from /home/airflow/.local/lib/python3.12/site-packages/airflow/example_dags/tutorial_dag.py
[2025-08-11T11:45:37.921+0000] {logging_mixin.py:188} INFO - [2025-08-11T11:45:37.920+0000] {dag.py:3096} INFO - Sync 1 DAGs
[2025-08-11T11:45:37.937+0000] {logging_mixin.py:188} INFO - [2025-08-11T11:45:37.937+0000] {dag.py:3954} INFO - Setting next_dagrun for tutorial_dag to None, run_after=None
[2025-08-11T11:45:37.951+0000] {processor.py:183} INFO - Processing /home/airflow/.local/lib/python3.12/site-packages/airflow/example_dags/tutorial_dag.py took 0.070 seconds
[2025-08-11T11:46:08.209+0000] {processor.py:161} INFO - Started process (PID=1290) to work on /home/airflow/.local/lib/python3.12/site-packages/airflow/example_dags/tutorial_dag.py
[2025-08-11T11:46:08.210+0000] {processor.py:830} INFO - Processing file /home/airflow/.local/lib/python3.12/site-packages/airflow/example_dags/tutorial_dag.py for tasks to queue
[2025-08-11T11:46:08.211+0000] {logging_mixin.py:188} INFO - [2025-08-11T11:46:08.211+0000] {dagbag.py:545} INFO - Filling up the DagBag from /home/airflow/.local/lib/python3.12/site-packages/airflow/example_dags/tutorial_dag.py
[2025-08-11T11:46:08.215+0000] {processor.py:840} INFO - DAG(s) 'tutorial_dag' retrieved from /home/airflow/.local/lib/python3.12/site-packages/airflow/example_dags/tutorial_dag.py
[2025-08-11T11:46:08.231+0000] {logging_mixin.py:188} INFO - [2025-08-11T11:46:08.231+0000] {dag.py:3096} INFO - Sync 1 DAGs
[2025-08-11T11:46:08.239+0000] {logging_mixin.py:188} INFO - [2025-08-11T11:46:08.238+0000] {dag.py:3954} INFO - Setting next_dagrun for tutorial_dag to None, run_after=None
[2025-08-11T11:46:08.249+0000] {processor.py:183} INFO - Processing /home/airflow/.local/lib/python3.12/site-packages/airflow/example_dags/tutorial_dag.py took 0.044 seconds
