[2025-08-11T11:35:32.070+0000] {processor.py:161} INFO - Started process (PID=82) to work on /home/airflow/.local/lib/python3.12/site-packages/airflow/example_dags/tutorial.py
[2025-08-11T11:35:32.072+0000] {processor.py:830} INFO - Processing file /home/airflow/.local/lib/python3.12/site-packages/airflow/example_dags/tutorial.py for tasks to queue
[2025-08-11T11:35:32.074+0000] {logging_mixin.py:188} INFO - [2025-08-11T11:35:32.073+0000] {dagbag.py:545} INFO - Filling up the DagBag from /home/airflow/.local/lib/python3.12/site-packages/airflow/example_dags/tutorial.py
[2025-08-11T11:35:32.083+0000] {processor.py:840} INFO - DAG(s) 'tutorial' retrieved from /home/airflow/.local/lib/python3.12/site-packages/airflow/example_dags/tutorial.py
[2025-08-11T11:35:32.178+0000] {logging_mixin.py:188} INFO - [2025-08-11T11:35:32.177+0000] {override.py:1829} INFO - Created Permission View: can read on DAG:tutorial
[2025-08-11T11:35:32.188+0000] {logging_mixin.py:188} INFO - [2025-08-11T11:35:32.187+0000] {override.py:1829} INFO - Created Permission View: can delete on DAG:tutorial
[2025-08-11T11:35:32.193+0000] {logging_mixin.py:188} INFO - [2025-08-11T11:35:32.193+0000] {override.py:1829} INFO - Created Permission View: can edit on DAG:tutorial
[2025-08-11T11:35:32.194+0000] {logging_mixin.py:188} INFO - [2025-08-11T11:35:32.194+0000] {dag.py:3096} INFO - Sync 1 DAGs
[2025-08-11T11:35:32.204+0000] {logging_mixin.py:188} INFO - [2025-08-11T11:35:32.204+0000] {dag.py:3118} INFO - Creating ORM DAG for tutorial
[2025-08-11T11:35:32.214+0000] {logging_mixin.py:188} INFO - [2025-08-11T11:35:32.214+0000] {dag.py:3954} INFO - Setting next_dagrun for tutorial to 2025-08-10 00:00:00+00:00, run_after=2025-08-11 00:00:00+00:00
[2025-08-11T11:35:32.228+0000] {processor.py:183} INFO - Processing /home/airflow/.local/lib/python3.12/site-packages/airflow/example_dags/tutorial.py took 0.165 seconds
[2025-08-11T11:36:03.185+0000] {processor.py:161} INFO - Started process (PID=140) to work on /home/airflow/.local/lib/python3.12/site-packages/airflow/example_dags/tutorial.py
[2025-08-11T11:36:03.186+0000] {processor.py:830} INFO - Processing file /home/airflow/.local/lib/python3.12/site-packages/airflow/example_dags/tutorial.py for tasks to queue
[2025-08-11T11:36:03.191+0000] {logging_mixin.py:188} INFO - [2025-08-11T11:36:03.190+0000] {dagbag.py:545} INFO - Filling up the DagBag from /home/airflow/.local/lib/python3.12/site-packages/airflow/example_dags/tutorial.py
[2025-08-11T11:36:03.198+0000] {processor.py:840} INFO - DAG(s) 'tutorial' retrieved from /home/airflow/.local/lib/python3.12/site-packages/airflow/example_dags/tutorial.py
[2025-08-11T11:36:03.234+0000] {logging_mixin.py:188} INFO - [2025-08-11T11:36:03.234+0000] {dag.py:3096} INFO - Sync 1 DAGs
[2025-08-11T11:36:03.267+0000] {logging_mixin.py:188} INFO - [2025-08-11T11:36:03.266+0000] {dag.py:3954} INFO - Setting next_dagrun for tutorial to 2025-08-10 00:00:00+00:00, run_after=2025-08-11 00:00:00+00:00
[2025-08-11T11:36:03.302+0000] {processor.py:183} INFO - Processing /home/airflow/.local/lib/python3.12/site-packages/airflow/example_dags/tutorial.py took 0.122 seconds
[2025-08-11T11:36:33.357+0000] {processor.py:161} INFO - Started process (PID=198) to work on /home/airflow/.local/lib/python3.12/site-packages/airflow/example_dags/tutorial.py
[2025-08-11T11:36:33.359+0000] {processor.py:830} INFO - Processing file /home/airflow/.local/lib/python3.12/site-packages/airflow/example_dags/tutorial.py for tasks to queue
[2025-08-11T11:36:33.360+0000] {logging_mixin.py:188} INFO - [2025-08-11T11:36:33.360+0000] {dagbag.py:545} INFO - Filling up the DagBag from /home/airflow/.local/lib/python3.12/site-packages/airflow/example_dags/tutorial.py
[2025-08-11T11:36:33.364+0000] {processor.py:840} INFO - DAG(s) 'tutorial' retrieved from /home/airflow/.local/lib/python3.12/site-packages/airflow/example_dags/tutorial.py
[2025-08-11T11:36:33.378+0000] {logging_mixin.py:188} INFO - [2025-08-11T11:36:33.378+0000] {dag.py:3096} INFO - Sync 1 DAGs
[2025-08-11T11:36:33.394+0000] {logging_mixin.py:188} INFO - [2025-08-11T11:36:33.394+0000] {dag.py:3954} INFO - Setting next_dagrun for tutorial to 2025-08-10 00:00:00+00:00, run_after=2025-08-11 00:00:00+00:00
[2025-08-11T11:36:33.408+0000] {processor.py:183} INFO - Processing /home/airflow/.local/lib/python3.12/site-packages/airflow/example_dags/tutorial.py took 0.056 seconds
[2025-08-11T11:37:03.645+0000] {processor.py:161} INFO - Started process (PID=256) to work on /home/airflow/.local/lib/python3.12/site-packages/airflow/example_dags/tutorial.py
[2025-08-11T11:37:03.647+0000] {processor.py:830} INFO - Processing file /home/airflow/.local/lib/python3.12/site-packages/airflow/example_dags/tutorial.py for tasks to queue
[2025-08-11T11:37:03.649+0000] {logging_mixin.py:188} INFO - [2025-08-11T11:37:03.649+0000] {dagbag.py:545} INFO - Filling up the DagBag from /home/airflow/.local/lib/python3.12/site-packages/airflow/example_dags/tutorial.py
[2025-08-11T11:37:03.658+0000] {processor.py:840} INFO - DAG(s) 'tutorial' retrieved from /home/airflow/.local/lib/python3.12/site-packages/airflow/example_dags/tutorial.py
[2025-08-11T11:37:03.685+0000] {logging_mixin.py:188} INFO - [2025-08-11T11:37:03.685+0000] {dag.py:3096} INFO - Sync 1 DAGs
[2025-08-11T11:37:03.704+0000] {logging_mixin.py:188} INFO - [2025-08-11T11:37:03.704+0000] {dag.py:3954} INFO - Setting next_dagrun for tutorial to 2025-08-10 00:00:00+00:00, run_after=2025-08-11 00:00:00+00:00
[2025-08-11T11:37:03.721+0000] {processor.py:183} INFO - Processing /home/airflow/.local/lib/python3.12/site-packages/airflow/example_dags/tutorial.py took 0.085 seconds
[2025-08-11T11:37:34.151+0000] {processor.py:161} INFO - Started process (PID=314) to work on /home/airflow/.local/lib/python3.12/site-packages/airflow/example_dags/tutorial.py
[2025-08-11T11:37:34.153+0000] {processor.py:830} INFO - Processing file /home/airflow/.local/lib/python3.12/site-packages/airflow/example_dags/tutorial.py for tasks to queue
[2025-08-11T11:37:34.156+0000] {logging_mixin.py:188} INFO - [2025-08-11T11:37:34.155+0000] {dagbag.py:545} INFO - Filling up the DagBag from /home/airflow/.local/lib/python3.12/site-packages/airflow/example_dags/tutorial.py
[2025-08-11T11:37:34.163+0000] {processor.py:840} INFO - DAG(s) 'tutorial' retrieved from /home/airflow/.local/lib/python3.12/site-packages/airflow/example_dags/tutorial.py
[2025-08-11T11:37:34.181+0000] {logging_mixin.py:188} INFO - [2025-08-11T11:37:34.181+0000] {dag.py:3096} INFO - Sync 1 DAGs
[2025-08-11T11:37:34.198+0000] {logging_mixin.py:188} INFO - [2025-08-11T11:37:34.198+0000] {dag.py:3954} INFO - Setting next_dagrun for tutorial to 2025-08-10 00:00:00+00:00, run_after=2025-08-11 00:00:00+00:00
[2025-08-11T11:37:34.212+0000] {processor.py:183} INFO - Processing /home/airflow/.local/lib/python3.12/site-packages/airflow/example_dags/tutorial.py took 0.068 seconds
[2025-08-11T11:38:04.507+0000] {processor.py:161} INFO - Started process (PID=371) to work on /home/airflow/.local/lib/python3.12/site-packages/airflow/example_dags/tutorial.py
[2025-08-11T11:38:04.508+0000] {processor.py:830} INFO - Processing file /home/airflow/.local/lib/python3.12/site-packages/airflow/example_dags/tutorial.py for tasks to queue
[2025-08-11T11:38:04.510+0000] {logging_mixin.py:188} INFO - [2025-08-11T11:38:04.510+0000] {dagbag.py:545} INFO - Filling up the DagBag from /home/airflow/.local/lib/python3.12/site-packages/airflow/example_dags/tutorial.py
[2025-08-11T11:38:04.514+0000] {processor.py:840} INFO - DAG(s) 'tutorial' retrieved from /home/airflow/.local/lib/python3.12/site-packages/airflow/example_dags/tutorial.py
[2025-08-11T11:38:04.532+0000] {logging_mixin.py:188} INFO - [2025-08-11T11:38:04.532+0000] {dag.py:3096} INFO - Sync 1 DAGs
[2025-08-11T11:38:04.547+0000] {logging_mixin.py:188} INFO - [2025-08-11T11:38:04.547+0000] {dag.py:3954} INFO - Setting next_dagrun for tutorial to 2025-08-10 00:00:00+00:00, run_after=2025-08-11 00:00:00+00:00
[2025-08-11T11:38:04.559+0000] {processor.py:183} INFO - Processing /home/airflow/.local/lib/python3.12/site-packages/airflow/example_dags/tutorial.py took 0.057 seconds
[2025-08-11T11:38:34.951+0000] {processor.py:161} INFO - Started process (PID=429) to work on /home/airflow/.local/lib/python3.12/site-packages/airflow/example_dags/tutorial.py
[2025-08-11T11:38:34.952+0000] {processor.py:830} INFO - Processing file /home/airflow/.local/lib/python3.12/site-packages/airflow/example_dags/tutorial.py for tasks to queue
[2025-08-11T11:38:34.954+0000] {logging_mixin.py:188} INFO - [2025-08-11T11:38:34.954+0000] {dagbag.py:545} INFO - Filling up the DagBag from /home/airflow/.local/lib/python3.12/site-packages/airflow/example_dags/tutorial.py
[2025-08-11T11:38:34.963+0000] {processor.py:840} INFO - DAG(s) 'tutorial' retrieved from /home/airflow/.local/lib/python3.12/site-packages/airflow/example_dags/tutorial.py
[2025-08-11T11:38:34.995+0000] {logging_mixin.py:188} INFO - [2025-08-11T11:38:34.995+0000] {dag.py:3096} INFO - Sync 1 DAGs
[2025-08-11T11:38:35.024+0000] {logging_mixin.py:188} INFO - [2025-08-11T11:38:35.023+0000] {dag.py:3954} INFO - Setting next_dagrun for tutorial to 2025-08-10 00:00:00+00:00, run_after=2025-08-11 00:00:00+00:00
[2025-08-11T11:38:35.046+0000] {processor.py:183} INFO - Processing /home/airflow/.local/lib/python3.12/site-packages/airflow/example_dags/tutorial.py took 0.106 seconds
[2025-08-11T11:39:05.390+0000] {processor.py:161} INFO - Started process (PID=487) to work on /home/airflow/.local/lib/python3.12/site-packages/airflow/example_dags/tutorial.py
[2025-08-11T11:39:05.392+0000] {processor.py:830} INFO - Processing file /home/airflow/.local/lib/python3.12/site-packages/airflow/example_dags/tutorial.py for tasks to queue
[2025-08-11T11:39:05.393+0000] {logging_mixin.py:188} INFO - [2025-08-11T11:39:05.393+0000] {dagbag.py:545} INFO - Filling up the DagBag from /home/airflow/.local/lib/python3.12/site-packages/airflow/example_dags/tutorial.py
[2025-08-11T11:39:05.399+0000] {processor.py:840} INFO - DAG(s) 'tutorial' retrieved from /home/airflow/.local/lib/python3.12/site-packages/airflow/example_dags/tutorial.py
[2025-08-11T11:39:05.420+0000] {logging_mixin.py:188} INFO - [2025-08-11T11:39:05.420+0000] {dag.py:3096} INFO - Sync 1 DAGs
[2025-08-11T11:39:05.439+0000] {logging_mixin.py:188} INFO - [2025-08-11T11:39:05.439+0000] {dag.py:3954} INFO - Setting next_dagrun for tutorial to 2025-08-10 00:00:00+00:00, run_after=2025-08-11 00:00:00+00:00
[2025-08-11T11:39:05.452+0000] {processor.py:183} INFO - Processing /home/airflow/.local/lib/python3.12/site-packages/airflow/example_dags/tutorial.py took 0.069 seconds
[2025-08-11T11:39:35.715+0000] {processor.py:161} INFO - Started process (PID=545) to work on /home/airflow/.local/lib/python3.12/site-packages/airflow/example_dags/tutorial.py
[2025-08-11T11:39:35.716+0000] {processor.py:830} INFO - Processing file /home/airflow/.local/lib/python3.12/site-packages/airflow/example_dags/tutorial.py for tasks to queue
[2025-08-11T11:39:35.718+0000] {logging_mixin.py:188} INFO - [2025-08-11T11:39:35.717+0000] {dagbag.py:545} INFO - Filling up the DagBag from /home/airflow/.local/lib/python3.12/site-packages/airflow/example_dags/tutorial.py
[2025-08-11T11:39:35.722+0000] {processor.py:840} INFO - DAG(s) 'tutorial' retrieved from /home/airflow/.local/lib/python3.12/site-packages/airflow/example_dags/tutorial.py
[2025-08-11T11:39:35.736+0000] {logging_mixin.py:188} INFO - [2025-08-11T11:39:35.736+0000] {dag.py:3096} INFO - Sync 1 DAGs
[2025-08-11T11:39:35.750+0000] {logging_mixin.py:188} INFO - [2025-08-11T11:39:35.750+0000] {dag.py:3954} INFO - Setting next_dagrun for tutorial to 2025-08-10 00:00:00+00:00, run_after=2025-08-11 00:00:00+00:00
[2025-08-11T11:39:35.760+0000] {processor.py:183} INFO - Processing /home/airflow/.local/lib/python3.12/site-packages/airflow/example_dags/tutorial.py took 0.051 seconds
[2025-08-11T11:40:05.999+0000] {processor.py:161} INFO - Started process (PID=603) to work on /home/airflow/.local/lib/python3.12/site-packages/airflow/example_dags/tutorial.py
[2025-08-11T11:40:06.000+0000] {processor.py:830} INFO - Processing file /home/airflow/.local/lib/python3.12/site-packages/airflow/example_dags/tutorial.py for tasks to queue
[2025-08-11T11:40:06.002+0000] {logging_mixin.py:188} INFO - [2025-08-11T11:40:06.002+0000] {dagbag.py:545} INFO - Filling up the DagBag from /home/airflow/.local/lib/python3.12/site-packages/airflow/example_dags/tutorial.py
[2025-08-11T11:40:06.006+0000] {processor.py:840} INFO - DAG(s) 'tutorial' retrieved from /home/airflow/.local/lib/python3.12/site-packages/airflow/example_dags/tutorial.py
[2025-08-11T11:40:06.019+0000] {logging_mixin.py:188} INFO - [2025-08-11T11:40:06.019+0000] {dag.py:3096} INFO - Sync 1 DAGs
[2025-08-11T11:40:06.032+0000] {logging_mixin.py:188} INFO - [2025-08-11T11:40:06.032+0000] {dag.py:3954} INFO - Setting next_dagrun for tutorial to 2025-08-10 00:00:00+00:00, run_after=2025-08-11 00:00:00+00:00
[2025-08-11T11:40:06.042+0000] {processor.py:183} INFO - Processing /home/airflow/.local/lib/python3.12/site-packages/airflow/example_dags/tutorial.py took 0.049 seconds
[2025-08-11T11:40:37.012+0000] {processor.py:161} INFO - Started process (PID=661) to work on /home/airflow/.local/lib/python3.12/site-packages/airflow/example_dags/tutorial.py
[2025-08-11T11:40:37.015+0000] {processor.py:830} INFO - Processing file /home/airflow/.local/lib/python3.12/site-packages/airflow/example_dags/tutorial.py for tasks to queue
[2025-08-11T11:40:37.019+0000] {logging_mixin.py:188} INFO - [2025-08-11T11:40:37.018+0000] {dagbag.py:545} INFO - Filling up the DagBag from /home/airflow/.local/lib/python3.12/site-packages/airflow/example_dags/tutorial.py
[2025-08-11T11:40:37.033+0000] {processor.py:840} INFO - DAG(s) 'tutorial' retrieved from /home/airflow/.local/lib/python3.12/site-packages/airflow/example_dags/tutorial.py
[2025-08-11T11:40:37.063+0000] {logging_mixin.py:188} INFO - [2025-08-11T11:40:37.063+0000] {dag.py:3096} INFO - Sync 1 DAGs
[2025-08-11T11:40:37.082+0000] {logging_mixin.py:188} INFO - [2025-08-11T11:40:37.082+0000] {dag.py:3954} INFO - Setting next_dagrun for tutorial to 2025-08-10 00:00:00+00:00, run_after=2025-08-11 00:00:00+00:00
[2025-08-11T11:40:37.095+0000] {processor.py:183} INFO - Processing /home/airflow/.local/lib/python3.12/site-packages/airflow/example_dags/tutorial.py took 0.100 seconds
[2025-08-11T11:41:08.079+0000] {processor.py:161} INFO - Started process (PID=719) to work on /home/airflow/.local/lib/python3.12/site-packages/airflow/example_dags/tutorial.py
[2025-08-11T11:41:08.080+0000] {processor.py:830} INFO - Processing file /home/airflow/.local/lib/python3.12/site-packages/airflow/example_dags/tutorial.py for tasks to queue
[2025-08-11T11:41:08.082+0000] {logging_mixin.py:188} INFO - [2025-08-11T11:41:08.082+0000] {dagbag.py:545} INFO - Filling up the DagBag from /home/airflow/.local/lib/python3.12/site-packages/airflow/example_dags/tutorial.py
[2025-08-11T11:41:08.090+0000] {processor.py:840} INFO - DAG(s) 'tutorial' retrieved from /home/airflow/.local/lib/python3.12/site-packages/airflow/example_dags/tutorial.py
[2025-08-11T11:41:08.120+0000] {logging_mixin.py:188} INFO - [2025-08-11T11:41:08.120+0000] {dag.py:3096} INFO - Sync 1 DAGs
[2025-08-11T11:41:08.139+0000] {logging_mixin.py:188} INFO - [2025-08-11T11:41:08.139+0000] {dag.py:3954} INFO - Setting next_dagrun for tutorial to 2025-08-10 00:00:00+00:00, run_after=2025-08-11 00:00:00+00:00
[2025-08-11T11:41:08.155+0000] {processor.py:183} INFO - Processing /home/airflow/.local/lib/python3.12/site-packages/airflow/example_dags/tutorial.py took 0.083 seconds
[2025-08-11T11:41:38.557+0000] {processor.py:161} INFO - Started process (PID=777) to work on /home/airflow/.local/lib/python3.12/site-packages/airflow/example_dags/tutorial.py
[2025-08-11T11:41:38.565+0000] {processor.py:830} INFO - Processing file /home/airflow/.local/lib/python3.12/site-packages/airflow/example_dags/tutorial.py for tasks to queue
[2025-08-11T11:41:38.571+0000] {logging_mixin.py:188} INFO - [2025-08-11T11:41:38.571+0000] {dagbag.py:545} INFO - Filling up the DagBag from /home/airflow/.local/lib/python3.12/site-packages/airflow/example_dags/tutorial.py
[2025-08-11T11:41:38.586+0000] {processor.py:840} INFO - DAG(s) 'tutorial' retrieved from /home/airflow/.local/lib/python3.12/site-packages/airflow/example_dags/tutorial.py
[2025-08-11T11:41:38.618+0000] {logging_mixin.py:188} INFO - [2025-08-11T11:41:38.617+0000] {dag.py:3096} INFO - Sync 1 DAGs
[2025-08-11T11:41:38.662+0000] {logging_mixin.py:188} INFO - [2025-08-11T11:41:38.662+0000] {dag.py:3954} INFO - Setting next_dagrun for tutorial to 2025-08-10 00:00:00+00:00, run_after=2025-08-11 00:00:00+00:00
[2025-08-11T11:41:38.680+0000] {processor.py:183} INFO - Processing /home/airflow/.local/lib/python3.12/site-packages/airflow/example_dags/tutorial.py took 0.138 seconds
[2025-08-11T11:42:09.644+0000] {processor.py:161} INFO - Started process (PID=835) to work on /home/airflow/.local/lib/python3.12/site-packages/airflow/example_dags/tutorial.py
[2025-08-11T11:42:09.646+0000] {processor.py:830} INFO - Processing file /home/airflow/.local/lib/python3.12/site-packages/airflow/example_dags/tutorial.py for tasks to queue
[2025-08-11T11:42:09.649+0000] {logging_mixin.py:188} INFO - [2025-08-11T11:42:09.648+0000] {dagbag.py:545} INFO - Filling up the DagBag from /home/airflow/.local/lib/python3.12/site-packages/airflow/example_dags/tutorial.py
[2025-08-11T11:42:09.656+0000] {processor.py:840} INFO - DAG(s) 'tutorial' retrieved from /home/airflow/.local/lib/python3.12/site-packages/airflow/example_dags/tutorial.py
[2025-08-11T11:42:09.674+0000] {logging_mixin.py:188} INFO - [2025-08-11T11:42:09.674+0000] {dag.py:3096} INFO - Sync 1 DAGs
[2025-08-11T11:42:09.689+0000] {logging_mixin.py:188} INFO - [2025-08-11T11:42:09.689+0000] {dag.py:3954} INFO - Setting next_dagrun for tutorial to 2025-08-10 00:00:00+00:00, run_after=2025-08-11 00:00:00+00:00
[2025-08-11T11:42:09.703+0000] {processor.py:183} INFO - Processing /home/airflow/.local/lib/python3.12/site-packages/airflow/example_dags/tutorial.py took 0.066 seconds
[2025-08-11T11:42:40.028+0000] {processor.py:161} INFO - Started process (PID=893) to work on /home/airflow/.local/lib/python3.12/site-packages/airflow/example_dags/tutorial.py
[2025-08-11T11:42:40.030+0000] {processor.py:830} INFO - Processing file /home/airflow/.local/lib/python3.12/site-packages/airflow/example_dags/tutorial.py for tasks to queue
[2025-08-11T11:42:40.032+0000] {logging_mixin.py:188} INFO - [2025-08-11T11:42:40.031+0000] {dagbag.py:545} INFO - Filling up the DagBag from /home/airflow/.local/lib/python3.12/site-packages/airflow/example_dags/tutorial.py
[2025-08-11T11:42:40.039+0000] {processor.py:840} INFO - DAG(s) 'tutorial' retrieved from /home/airflow/.local/lib/python3.12/site-packages/airflow/example_dags/tutorial.py
[2025-08-11T11:42:40.069+0000] {logging_mixin.py:188} INFO - [2025-08-11T11:42:40.068+0000] {dag.py:3096} INFO - Sync 1 DAGs
[2025-08-11T11:42:40.091+0000] {logging_mixin.py:188} INFO - [2025-08-11T11:42:40.091+0000] {dag.py:3954} INFO - Setting next_dagrun for tutorial to 2025-08-10 00:00:00+00:00, run_after=2025-08-11 00:00:00+00:00
[2025-08-11T11:42:40.109+0000] {processor.py:183} INFO - Processing /home/airflow/.local/lib/python3.12/site-packages/airflow/example_dags/tutorial.py took 0.087 seconds
[2025-08-11T11:43:10.766+0000] {processor.py:161} INFO - Started process (PID=951) to work on /home/airflow/.local/lib/python3.12/site-packages/airflow/example_dags/tutorial.py
[2025-08-11T11:43:10.770+0000] {processor.py:830} INFO - Processing file /home/airflow/.local/lib/python3.12/site-packages/airflow/example_dags/tutorial.py for tasks to queue
[2025-08-11T11:43:10.777+0000] {logging_mixin.py:188} INFO - [2025-08-11T11:43:10.777+0000] {dagbag.py:545} INFO - Filling up the DagBag from /home/airflow/.local/lib/python3.12/site-packages/airflow/example_dags/tutorial.py
[2025-08-11T11:43:10.790+0000] {processor.py:840} INFO - DAG(s) 'tutorial' retrieved from /home/airflow/.local/lib/python3.12/site-packages/airflow/example_dags/tutorial.py
[2025-08-11T11:43:10.820+0000] {logging_mixin.py:188} INFO - [2025-08-11T11:43:10.819+0000] {dag.py:3096} INFO - Sync 1 DAGs
[2025-08-11T11:43:10.852+0000] {logging_mixin.py:188} INFO - [2025-08-11T11:43:10.852+0000] {dag.py:3954} INFO - Setting next_dagrun for tutorial to 2025-08-10 00:00:00+00:00, run_after=2025-08-11 00:00:00+00:00
[2025-08-11T11:43:10.870+0000] {processor.py:183} INFO - Processing /home/airflow/.local/lib/python3.12/site-packages/airflow/example_dags/tutorial.py took 0.117 seconds
[2025-08-11T11:43:40.944+0000] {processor.py:161} INFO - Started process (PID=1009) to work on /home/airflow/.local/lib/python3.12/site-packages/airflow/example_dags/tutorial.py
[2025-08-11T11:43:40.947+0000] {processor.py:830} INFO - Processing file /home/airflow/.local/lib/python3.12/site-packages/airflow/example_dags/tutorial.py for tasks to queue
[2025-08-11T11:43:40.951+0000] {logging_mixin.py:188} INFO - [2025-08-11T11:43:40.950+0000] {dagbag.py:545} INFO - Filling up the DagBag from /home/airflow/.local/lib/python3.12/site-packages/airflow/example_dags/tutorial.py
[2025-08-11T11:43:40.965+0000] {processor.py:840} INFO - DAG(s) 'tutorial' retrieved from /home/airflow/.local/lib/python3.12/site-packages/airflow/example_dags/tutorial.py
[2025-08-11T11:43:40.995+0000] {logging_mixin.py:188} INFO - [2025-08-11T11:43:40.995+0000] {dag.py:3096} INFO - Sync 1 DAGs
[2025-08-11T11:43:41.018+0000] {logging_mixin.py:188} INFO - [2025-08-11T11:43:41.018+0000] {dag.py:3954} INFO - Setting next_dagrun for tutorial to 2025-08-10 00:00:00+00:00, run_after=2025-08-11 00:00:00+00:00
[2025-08-11T11:43:41.036+0000] {processor.py:183} INFO - Processing /home/airflow/.local/lib/python3.12/site-packages/airflow/example_dags/tutorial.py took 0.107 seconds
[2025-08-11T11:44:12.060+0000] {processor.py:161} INFO - Started process (PID=1067) to work on /home/airflow/.local/lib/python3.12/site-packages/airflow/example_dags/tutorial.py
[2025-08-11T11:44:12.062+0000] {processor.py:830} INFO - Processing file /home/airflow/.local/lib/python3.12/site-packages/airflow/example_dags/tutorial.py for tasks to queue
[2025-08-11T11:44:12.064+0000] {logging_mixin.py:188} INFO - [2025-08-11T11:44:12.063+0000] {dagbag.py:545} INFO - Filling up the DagBag from /home/airflow/.local/lib/python3.12/site-packages/airflow/example_dags/tutorial.py
[2025-08-11T11:44:12.069+0000] {processor.py:840} INFO - DAG(s) 'tutorial' retrieved from /home/airflow/.local/lib/python3.12/site-packages/airflow/example_dags/tutorial.py
[2025-08-11T11:44:12.091+0000] {logging_mixin.py:188} INFO - [2025-08-11T11:44:12.090+0000] {dag.py:3096} INFO - Sync 1 DAGs
[2025-08-11T11:44:12.109+0000] {logging_mixin.py:188} INFO - [2025-08-11T11:44:12.109+0000] {dag.py:3954} INFO - Setting next_dagrun for tutorial to 2025-08-10 00:00:00+00:00, run_after=2025-08-11 00:00:00+00:00
[2025-08-11T11:44:12.121+0000] {processor.py:183} INFO - Processing /home/airflow/.local/lib/python3.12/site-packages/airflow/example_dags/tutorial.py took 0.070 seconds
[2025-08-11T11:44:42.445+0000] {processor.py:161} INFO - Started process (PID=1125) to work on /home/airflow/.local/lib/python3.12/site-packages/airflow/example_dags/tutorial.py
[2025-08-11T11:44:42.447+0000] {processor.py:830} INFO - Processing file /home/airflow/.local/lib/python3.12/site-packages/airflow/example_dags/tutorial.py for tasks to queue
[2025-08-11T11:44:42.452+0000] {logging_mixin.py:188} INFO - [2025-08-11T11:44:42.451+0000] {dagbag.py:545} INFO - Filling up the DagBag from /home/airflow/.local/lib/python3.12/site-packages/airflow/example_dags/tutorial.py
[2025-08-11T11:44:42.467+0000] {processor.py:840} INFO - DAG(s) 'tutorial' retrieved from /home/airflow/.local/lib/python3.12/site-packages/airflow/example_dags/tutorial.py
[2025-08-11T11:44:42.509+0000] {logging_mixin.py:188} INFO - [2025-08-11T11:44:42.509+0000] {dag.py:3096} INFO - Sync 1 DAGs
[2025-08-11T11:44:42.536+0000] {logging_mixin.py:188} INFO - [2025-08-11T11:44:42.535+0000] {dag.py:3954} INFO - Setting next_dagrun for tutorial to 2025-08-10 00:00:00+00:00, run_after=2025-08-11 00:00:00+00:00
[2025-08-11T11:44:42.552+0000] {processor.py:183} INFO - Processing /home/airflow/.local/lib/python3.12/site-packages/airflow/example_dags/tutorial.py took 0.117 seconds
[2025-08-11T11:45:13.016+0000] {processor.py:161} INFO - Started process (PID=1183) to work on /home/airflow/.local/lib/python3.12/site-packages/airflow/example_dags/tutorial.py
[2025-08-11T11:45:13.017+0000] {processor.py:830} INFO - Processing file /home/airflow/.local/lib/python3.12/site-packages/airflow/example_dags/tutorial.py for tasks to queue
[2025-08-11T11:45:13.019+0000] {logging_mixin.py:188} INFO - [2025-08-11T11:45:13.019+0000] {dagbag.py:545} INFO - Filling up the DagBag from /home/airflow/.local/lib/python3.12/site-packages/airflow/example_dags/tutorial.py
[2025-08-11T11:45:13.025+0000] {processor.py:840} INFO - DAG(s) 'tutorial' retrieved from /home/airflow/.local/lib/python3.12/site-packages/airflow/example_dags/tutorial.py
[2025-08-11T11:45:13.043+0000] {logging_mixin.py:188} INFO - [2025-08-11T11:45:13.043+0000] {dag.py:3096} INFO - Sync 1 DAGs
[2025-08-11T11:45:13.063+0000] {logging_mixin.py:188} INFO - [2025-08-11T11:45:13.063+0000] {dag.py:3954} INFO - Setting next_dagrun for tutorial to 2025-08-10 00:00:00+00:00, run_after=2025-08-11 00:00:00+00:00
[2025-08-11T11:45:13.082+0000] {processor.py:183} INFO - Processing /home/airflow/.local/lib/python3.12/site-packages/airflow/example_dags/tutorial.py took 0.071 seconds
[2025-08-11T11:45:43.362+0000] {processor.py:161} INFO - Started process (PID=1241) to work on /home/airflow/.local/lib/python3.12/site-packages/airflow/example_dags/tutorial.py
[2025-08-11T11:45:43.364+0000] {processor.py:830} INFO - Processing file /home/airflow/.local/lib/python3.12/site-packages/airflow/example_dags/tutorial.py for tasks to queue
[2025-08-11T11:45:43.367+0000] {logging_mixin.py:188} INFO - [2025-08-11T11:45:43.367+0000] {dagbag.py:545} INFO - Filling up the DagBag from /home/airflow/.local/lib/python3.12/site-packages/airflow/example_dags/tutorial.py
[2025-08-11T11:45:43.379+0000] {processor.py:840} INFO - DAG(s) 'tutorial' retrieved from /home/airflow/.local/lib/python3.12/site-packages/airflow/example_dags/tutorial.py
[2025-08-11T11:45:43.404+0000] {logging_mixin.py:188} INFO - [2025-08-11T11:45:43.404+0000] {dag.py:3096} INFO - Sync 1 DAGs
[2025-08-11T11:45:43.426+0000] {logging_mixin.py:188} INFO - [2025-08-11T11:45:43.426+0000] {dag.py:3954} INFO - Setting next_dagrun for tutorial to 2025-08-10 00:00:00+00:00, run_after=2025-08-11 00:00:00+00:00
[2025-08-11T11:45:43.445+0000] {processor.py:183} INFO - Processing /home/airflow/.local/lib/python3.12/site-packages/airflow/example_dags/tutorial.py took 0.095 seconds
[2025-08-11T11:46:13.619+0000] {processor.py:161} INFO - Started process (PID=1300) to work on /home/airflow/.local/lib/python3.12/site-packages/airflow/example_dags/tutorial.py
[2025-08-11T11:46:13.621+0000] {processor.py:830} INFO - Processing file /home/airflow/.local/lib/python3.12/site-packages/airflow/example_dags/tutorial.py for tasks to queue
[2025-08-11T11:46:13.625+0000] {logging_mixin.py:188} INFO - [2025-08-11T11:46:13.624+0000] {dagbag.py:545} INFO - Filling up the DagBag from /home/airflow/.local/lib/python3.12/site-packages/airflow/example_dags/tutorial.py
[2025-08-11T11:46:13.645+0000] {processor.py:840} INFO - DAG(s) 'tutorial' retrieved from /home/airflow/.local/lib/python3.12/site-packages/airflow/example_dags/tutorial.py
[2025-08-11T11:46:13.676+0000] {logging_mixin.py:188} INFO - [2025-08-11T11:46:13.676+0000] {dag.py:3096} INFO - Sync 1 DAGs
[2025-08-11T11:46:13.698+0000] {logging_mixin.py:188} INFO - [2025-08-11T11:46:13.698+0000] {dag.py:3954} INFO - Setting next_dagrun for tutorial to 2025-08-10 00:00:00+00:00, run_after=2025-08-11 00:00:00+00:00
[2025-08-11T11:46:13.718+0000] {processor.py:183} INFO - Processing /home/airflow/.local/lib/python3.12/site-packages/airflow/example_dags/tutorial.py took 0.109 seconds
